[2023-11-05T18:36:09.983+0000] {processor.py:157} INFO - Started process (PID=81) to work on /home/airflow/.local/lib/python3.8/site-packages/airflow/example_dags/example_short_circuit_operator.py
[2023-11-05T18:36:10.007+0000] {processor.py:829} INFO - Processing file /home/airflow/.local/lib/python3.8/site-packages/airflow/example_dags/example_short_circuit_operator.py for tasks to queue
[2023-11-05T18:36:10.040+0000] {logging_mixin.py:151} INFO - [2023-11-05T18:36:10.040+0000] {dagbag.py:536} INFO - Filling up the DagBag from /home/airflow/.local/lib/python3.8/site-packages/airflow/example_dags/example_short_circuit_operator.py
[2023-11-05T18:36:10.048+0000] {processor.py:839} INFO - DAG(s) dict_keys(['example_short_circuit_operator']) retrieved from /home/airflow/.local/lib/python3.8/site-packages/airflow/example_dags/example_short_circuit_operator.py
[2023-11-05T18:36:10.268+0000] {logging_mixin.py:151} INFO - [2023-11-05T18:36:10.268+0000] {dag.py:2941} INFO - Sync 1 DAGs
[2023-11-05T18:36:10.292+0000] {logging_mixin.py:151} INFO - [2023-11-05T18:36:10.291+0000] {dag.py:3722} INFO - Setting next_dagrun for example_short_circuit_operator to 2023-11-04T18:36:10.290806+00:00, run_after=2023-11-05T18:36:10.290806+00:00
[2023-11-05T18:36:10.402+0000] {processor.py:179} INFO - Processing /home/airflow/.local/lib/python3.8/site-packages/airflow/example_dags/example_short_circuit_operator.py took 0.432 seconds
[2023-11-05T18:36:40.832+0000] {processor.py:157} INFO - Started process (PID=134) to work on /home/airflow/.local/lib/python3.8/site-packages/airflow/example_dags/example_short_circuit_operator.py
[2023-11-05T18:36:40.844+0000] {processor.py:829} INFO - Processing file /home/airflow/.local/lib/python3.8/site-packages/airflow/example_dags/example_short_circuit_operator.py for tasks to queue
[2023-11-05T18:36:40.854+0000] {logging_mixin.py:151} INFO - [2023-11-05T18:36:40.853+0000] {dagbag.py:536} INFO - Filling up the DagBag from /home/airflow/.local/lib/python3.8/site-packages/airflow/example_dags/example_short_circuit_operator.py
[2023-11-05T18:36:40.876+0000] {processor.py:839} INFO - DAG(s) dict_keys(['example_short_circuit_operator']) retrieved from /home/airflow/.local/lib/python3.8/site-packages/airflow/example_dags/example_short_circuit_operator.py
[2023-11-05T18:36:40.959+0000] {logging_mixin.py:151} INFO - [2023-11-05T18:36:40.959+0000] {dag.py:2941} INFO - Sync 1 DAGs
[2023-11-05T18:36:40.999+0000] {logging_mixin.py:151} INFO - [2023-11-05T18:36:40.999+0000] {dag.py:3722} INFO - Setting next_dagrun for example_short_circuit_operator to 2023-11-04T18:36:40.999140+00:00, run_after=2023-11-05T18:36:40.999140+00:00
[2023-11-05T18:36:41.085+0000] {processor.py:179} INFO - Processing /home/airflow/.local/lib/python3.8/site-packages/airflow/example_dags/example_short_circuit_operator.py took 0.260 seconds
[2023-11-05T18:37:11.739+0000] {processor.py:157} INFO - Started process (PID=188) to work on /home/airflow/.local/lib/python3.8/site-packages/airflow/example_dags/example_short_circuit_operator.py
[2023-11-05T18:37:11.743+0000] {processor.py:829} INFO - Processing file /home/airflow/.local/lib/python3.8/site-packages/airflow/example_dags/example_short_circuit_operator.py for tasks to queue
[2023-11-05T18:37:11.751+0000] {logging_mixin.py:151} INFO - [2023-11-05T18:37:11.751+0000] {dagbag.py:536} INFO - Filling up the DagBag from /home/airflow/.local/lib/python3.8/site-packages/airflow/example_dags/example_short_circuit_operator.py
[2023-11-05T18:37:11.773+0000] {processor.py:839} INFO - DAG(s) dict_keys(['example_short_circuit_operator']) retrieved from /home/airflow/.local/lib/python3.8/site-packages/airflow/example_dags/example_short_circuit_operator.py
[2023-11-05T18:37:11.826+0000] {logging_mixin.py:151} INFO - [2023-11-05T18:37:11.825+0000] {dag.py:2941} INFO - Sync 1 DAGs
[2023-11-05T18:37:11.855+0000] {logging_mixin.py:151} INFO - [2023-11-05T18:37:11.855+0000] {dag.py:3722} INFO - Setting next_dagrun for example_short_circuit_operator to 2023-11-04T18:37:11.855059+00:00, run_after=2023-11-05T18:37:11.855059+00:00
[2023-11-05T18:37:11.908+0000] {processor.py:179} INFO - Processing /home/airflow/.local/lib/python3.8/site-packages/airflow/example_dags/example_short_circuit_operator.py took 0.182 seconds
[2023-11-05T18:37:42.538+0000] {processor.py:157} INFO - Started process (PID=242) to work on /home/airflow/.local/lib/python3.8/site-packages/airflow/example_dags/example_short_circuit_operator.py
[2023-11-05T18:37:42.552+0000] {processor.py:829} INFO - Processing file /home/airflow/.local/lib/python3.8/site-packages/airflow/example_dags/example_short_circuit_operator.py for tasks to queue
[2023-11-05T18:37:42.562+0000] {logging_mixin.py:151} INFO - [2023-11-05T18:37:42.562+0000] {dagbag.py:536} INFO - Filling up the DagBag from /home/airflow/.local/lib/python3.8/site-packages/airflow/example_dags/example_short_circuit_operator.py
[2023-11-05T18:37:42.586+0000] {processor.py:839} INFO - DAG(s) dict_keys(['example_short_circuit_operator']) retrieved from /home/airflow/.local/lib/python3.8/site-packages/airflow/example_dags/example_short_circuit_operator.py
[2023-11-05T18:37:42.631+0000] {logging_mixin.py:151} INFO - [2023-11-05T18:37:42.631+0000] {dag.py:2941} INFO - Sync 1 DAGs
[2023-11-05T18:37:42.675+0000] {logging_mixin.py:151} INFO - [2023-11-05T18:37:42.675+0000] {dag.py:3722} INFO - Setting next_dagrun for example_short_circuit_operator to 2023-11-04T18:37:42.675204+00:00, run_after=2023-11-05T18:37:42.675204+00:00
[2023-11-05T18:37:42.718+0000] {processor.py:179} INFO - Processing /home/airflow/.local/lib/python3.8/site-packages/airflow/example_dags/example_short_circuit_operator.py took 0.185 seconds
[2023-11-05T18:38:13.239+0000] {processor.py:157} INFO - Started process (PID=295) to work on /home/airflow/.local/lib/python3.8/site-packages/airflow/example_dags/example_short_circuit_operator.py
[2023-11-05T18:38:13.244+0000] {processor.py:829} INFO - Processing file /home/airflow/.local/lib/python3.8/site-packages/airflow/example_dags/example_short_circuit_operator.py for tasks to queue
[2023-11-05T18:38:13.252+0000] {logging_mixin.py:151} INFO - [2023-11-05T18:38:13.251+0000] {dagbag.py:536} INFO - Filling up the DagBag from /home/airflow/.local/lib/python3.8/site-packages/airflow/example_dags/example_short_circuit_operator.py
[2023-11-05T18:38:13.267+0000] {processor.py:839} INFO - DAG(s) dict_keys(['example_short_circuit_operator']) retrieved from /home/airflow/.local/lib/python3.8/site-packages/airflow/example_dags/example_short_circuit_operator.py
[2023-11-05T18:38:13.342+0000] {logging_mixin.py:151} INFO - [2023-11-05T18:38:13.342+0000] {dag.py:2941} INFO - Sync 1 DAGs
[2023-11-05T18:38:13.380+0000] {logging_mixin.py:151} INFO - [2023-11-05T18:38:13.380+0000] {dag.py:3722} INFO - Setting next_dagrun for example_short_circuit_operator to 2023-11-04T18:38:13.380613+00:00, run_after=2023-11-05T18:38:13.380613+00:00
[2023-11-05T18:38:13.797+0000] {processor.py:179} INFO - Processing /home/airflow/.local/lib/python3.8/site-packages/airflow/example_dags/example_short_circuit_operator.py took 0.560 seconds
[2023-11-05T18:38:43.928+0000] {processor.py:157} INFO - Started process (PID=349) to work on /home/airflow/.local/lib/python3.8/site-packages/airflow/example_dags/example_short_circuit_operator.py
[2023-11-05T18:38:43.930+0000] {processor.py:829} INFO - Processing file /home/airflow/.local/lib/python3.8/site-packages/airflow/example_dags/example_short_circuit_operator.py for tasks to queue
[2023-11-05T18:38:43.945+0000] {logging_mixin.py:151} INFO - [2023-11-05T18:38:43.945+0000] {dagbag.py:536} INFO - Filling up the DagBag from /home/airflow/.local/lib/python3.8/site-packages/airflow/example_dags/example_short_circuit_operator.py
[2023-11-05T18:38:43.971+0000] {processor.py:839} INFO - DAG(s) dict_keys(['example_short_circuit_operator']) retrieved from /home/airflow/.local/lib/python3.8/site-packages/airflow/example_dags/example_short_circuit_operator.py
[2023-11-05T18:38:44.043+0000] {logging_mixin.py:151} INFO - [2023-11-05T18:38:44.043+0000] {dag.py:2941} INFO - Sync 1 DAGs
[2023-11-05T18:38:44.079+0000] {logging_mixin.py:151} INFO - [2023-11-05T18:38:44.079+0000] {dag.py:3722} INFO - Setting next_dagrun for example_short_circuit_operator to 2023-11-04T18:38:44.079391+00:00, run_after=2023-11-05T18:38:44.079391+00:00
[2023-11-05T18:38:44.171+0000] {processor.py:179} INFO - Processing /home/airflow/.local/lib/python3.8/site-packages/airflow/example_dags/example_short_circuit_operator.py took 0.246 seconds
[2023-11-05T18:39:14.266+0000] {processor.py:157} INFO - Started process (PID=402) to work on /home/airflow/.local/lib/python3.8/site-packages/airflow/example_dags/example_short_circuit_operator.py
[2023-11-05T18:39:14.273+0000] {processor.py:829} INFO - Processing file /home/airflow/.local/lib/python3.8/site-packages/airflow/example_dags/example_short_circuit_operator.py for tasks to queue
[2023-11-05T18:39:14.291+0000] {logging_mixin.py:151} INFO - [2023-11-05T18:39:14.288+0000] {dagbag.py:536} INFO - Filling up the DagBag from /home/airflow/.local/lib/python3.8/site-packages/airflow/example_dags/example_short_circuit_operator.py
[2023-11-05T18:39:14.309+0000] {processor.py:839} INFO - DAG(s) dict_keys(['example_short_circuit_operator']) retrieved from /home/airflow/.local/lib/python3.8/site-packages/airflow/example_dags/example_short_circuit_operator.py
[2023-11-05T18:39:14.384+0000] {logging_mixin.py:151} INFO - [2023-11-05T18:39:14.384+0000] {dag.py:2941} INFO - Sync 1 DAGs
[2023-11-05T18:39:14.422+0000] {logging_mixin.py:151} INFO - [2023-11-05T18:39:14.422+0000] {dag.py:3722} INFO - Setting next_dagrun for example_short_circuit_operator to 2023-11-04T18:39:14.422511+00:00, run_after=2023-11-05T18:39:14.422511+00:00
[2023-11-05T18:39:14.500+0000] {processor.py:179} INFO - Processing /home/airflow/.local/lib/python3.8/site-packages/airflow/example_dags/example_short_circuit_operator.py took 0.239 seconds
[2023-11-05T18:39:45.054+0000] {processor.py:157} INFO - Started process (PID=457) to work on /home/airflow/.local/lib/python3.8/site-packages/airflow/example_dags/example_short_circuit_operator.py
[2023-11-05T18:39:45.064+0000] {processor.py:829} INFO - Processing file /home/airflow/.local/lib/python3.8/site-packages/airflow/example_dags/example_short_circuit_operator.py for tasks to queue
[2023-11-05T18:39:45.077+0000] {logging_mixin.py:151} INFO - [2023-11-05T18:39:45.077+0000] {dagbag.py:536} INFO - Filling up the DagBag from /home/airflow/.local/lib/python3.8/site-packages/airflow/example_dags/example_short_circuit_operator.py
[2023-11-05T18:39:45.093+0000] {processor.py:839} INFO - DAG(s) dict_keys(['example_short_circuit_operator']) retrieved from /home/airflow/.local/lib/python3.8/site-packages/airflow/example_dags/example_short_circuit_operator.py
[2023-11-05T18:39:45.198+0000] {logging_mixin.py:151} INFO - [2023-11-05T18:39:45.198+0000] {dag.py:2941} INFO - Sync 1 DAGs
[2023-11-05T18:39:45.237+0000] {logging_mixin.py:151} INFO - [2023-11-05T18:39:45.237+0000] {dag.py:3722} INFO - Setting next_dagrun for example_short_circuit_operator to 2023-11-04T18:39:45.237236+00:00, run_after=2023-11-05T18:39:45.237236+00:00
[2023-11-05T18:39:45.315+0000] {processor.py:179} INFO - Processing /home/airflow/.local/lib/python3.8/site-packages/airflow/example_dags/example_short_circuit_operator.py took 0.265 seconds
[2023-11-05T18:40:15.491+0000] {processor.py:157} INFO - Started process (PID=511) to work on /home/airflow/.local/lib/python3.8/site-packages/airflow/example_dags/example_short_circuit_operator.py
[2023-11-05T18:40:15.492+0000] {processor.py:829} INFO - Processing file /home/airflow/.local/lib/python3.8/site-packages/airflow/example_dags/example_short_circuit_operator.py for tasks to queue
[2023-11-05T18:40:15.496+0000] {logging_mixin.py:151} INFO - [2023-11-05T18:40:15.495+0000] {dagbag.py:536} INFO - Filling up the DagBag from /home/airflow/.local/lib/python3.8/site-packages/airflow/example_dags/example_short_circuit_operator.py
[2023-11-05T18:40:15.501+0000] {processor.py:839} INFO - DAG(s) dict_keys(['example_short_circuit_operator']) retrieved from /home/airflow/.local/lib/python3.8/site-packages/airflow/example_dags/example_short_circuit_operator.py
[2023-11-05T18:40:15.524+0000] {logging_mixin.py:151} INFO - [2023-11-05T18:40:15.523+0000] {dag.py:2941} INFO - Sync 1 DAGs
[2023-11-05T18:40:15.539+0000] {logging_mixin.py:151} INFO - [2023-11-05T18:40:15.539+0000] {dag.py:3722} INFO - Setting next_dagrun for example_short_circuit_operator to 2023-11-04T18:40:15.539181+00:00, run_after=2023-11-05T18:40:15.539181+00:00
[2023-11-05T18:40:15.558+0000] {processor.py:179} INFO - Processing /home/airflow/.local/lib/python3.8/site-packages/airflow/example_dags/example_short_circuit_operator.py took 0.072 seconds
[2023-11-05T18:40:46.298+0000] {processor.py:157} INFO - Started process (PID=565) to work on /home/airflow/.local/lib/python3.8/site-packages/airflow/example_dags/example_short_circuit_operator.py
[2023-11-05T18:40:46.300+0000] {processor.py:829} INFO - Processing file /home/airflow/.local/lib/python3.8/site-packages/airflow/example_dags/example_short_circuit_operator.py for tasks to queue
[2023-11-05T18:40:46.303+0000] {logging_mixin.py:151} INFO - [2023-11-05T18:40:46.302+0000] {dagbag.py:536} INFO - Filling up the DagBag from /home/airflow/.local/lib/python3.8/site-packages/airflow/example_dags/example_short_circuit_operator.py
[2023-11-05T18:40:46.307+0000] {processor.py:839} INFO - DAG(s) dict_keys(['example_short_circuit_operator']) retrieved from /home/airflow/.local/lib/python3.8/site-packages/airflow/example_dags/example_short_circuit_operator.py
[2023-11-05T18:40:46.331+0000] {logging_mixin.py:151} INFO - [2023-11-05T18:40:46.330+0000] {dag.py:2941} INFO - Sync 1 DAGs
[2023-11-05T18:40:46.353+0000] {logging_mixin.py:151} INFO - [2023-11-05T18:40:46.352+0000] {dag.py:3722} INFO - Setting next_dagrun for example_short_circuit_operator to 2023-11-04T18:40:46.352769+00:00, run_after=2023-11-05T18:40:46.352769+00:00
[2023-11-05T18:40:46.371+0000] {processor.py:179} INFO - Processing /home/airflow/.local/lib/python3.8/site-packages/airflow/example_dags/example_short_circuit_operator.py took 0.076 seconds
[2023-11-05T18:41:16.516+0000] {processor.py:157} INFO - Started process (PID=619) to work on /home/airflow/.local/lib/python3.8/site-packages/airflow/example_dags/example_short_circuit_operator.py
[2023-11-05T18:41:16.517+0000] {processor.py:829} INFO - Processing file /home/airflow/.local/lib/python3.8/site-packages/airflow/example_dags/example_short_circuit_operator.py for tasks to queue
[2023-11-05T18:41:16.520+0000] {logging_mixin.py:151} INFO - [2023-11-05T18:41:16.519+0000] {dagbag.py:536} INFO - Filling up the DagBag from /home/airflow/.local/lib/python3.8/site-packages/airflow/example_dags/example_short_circuit_operator.py
[2023-11-05T18:41:16.529+0000] {processor.py:839} INFO - DAG(s) dict_keys(['example_short_circuit_operator']) retrieved from /home/airflow/.local/lib/python3.8/site-packages/airflow/example_dags/example_short_circuit_operator.py
[2023-11-05T18:41:16.551+0000] {logging_mixin.py:151} INFO - [2023-11-05T18:41:16.551+0000] {dag.py:2941} INFO - Sync 1 DAGs
[2023-11-05T18:41:16.568+0000] {logging_mixin.py:151} INFO - [2023-11-05T18:41:16.568+0000] {dag.py:3722} INFO - Setting next_dagrun for example_short_circuit_operator to 2023-11-04T18:41:16.568446+00:00, run_after=2023-11-05T18:41:16.568446+00:00
[2023-11-05T18:41:16.585+0000] {processor.py:179} INFO - Processing /home/airflow/.local/lib/python3.8/site-packages/airflow/example_dags/example_short_circuit_operator.py took 0.071 seconds
[2023-11-05T18:41:46.855+0000] {processor.py:157} INFO - Started process (PID=672) to work on /home/airflow/.local/lib/python3.8/site-packages/airflow/example_dags/example_short_circuit_operator.py
[2023-11-05T18:41:46.858+0000] {processor.py:829} INFO - Processing file /home/airflow/.local/lib/python3.8/site-packages/airflow/example_dags/example_short_circuit_operator.py for tasks to queue
[2023-11-05T18:41:46.861+0000] {logging_mixin.py:151} INFO - [2023-11-05T18:41:46.861+0000] {dagbag.py:536} INFO - Filling up the DagBag from /home/airflow/.local/lib/python3.8/site-packages/airflow/example_dags/example_short_circuit_operator.py
[2023-11-05T18:41:46.868+0000] {processor.py:839} INFO - DAG(s) dict_keys(['example_short_circuit_operator']) retrieved from /home/airflow/.local/lib/python3.8/site-packages/airflow/example_dags/example_short_circuit_operator.py
[2023-11-05T18:41:46.889+0000] {logging_mixin.py:151} INFO - [2023-11-05T18:41:46.889+0000] {dag.py:2941} INFO - Sync 1 DAGs
[2023-11-05T18:41:46.907+0000] {logging_mixin.py:151} INFO - [2023-11-05T18:41:46.907+0000] {dag.py:3722} INFO - Setting next_dagrun for example_short_circuit_operator to 2023-11-04T18:41:46.907367+00:00, run_after=2023-11-05T18:41:46.907367+00:00
[2023-11-05T18:41:46.930+0000] {processor.py:179} INFO - Processing /home/airflow/.local/lib/python3.8/site-packages/airflow/example_dags/example_short_circuit_operator.py took 0.077 seconds
[2023-11-05T18:42:17.755+0000] {processor.py:157} INFO - Started process (PID=726) to work on /home/airflow/.local/lib/python3.8/site-packages/airflow/example_dags/example_short_circuit_operator.py
[2023-11-05T18:42:17.756+0000] {processor.py:829} INFO - Processing file /home/airflow/.local/lib/python3.8/site-packages/airflow/example_dags/example_short_circuit_operator.py for tasks to queue
[2023-11-05T18:42:17.758+0000] {logging_mixin.py:151} INFO - [2023-11-05T18:42:17.758+0000] {dagbag.py:536} INFO - Filling up the DagBag from /home/airflow/.local/lib/python3.8/site-packages/airflow/example_dags/example_short_circuit_operator.py
[2023-11-05T18:42:17.769+0000] {processor.py:839} INFO - DAG(s) dict_keys(['example_short_circuit_operator']) retrieved from /home/airflow/.local/lib/python3.8/site-packages/airflow/example_dags/example_short_circuit_operator.py
[2023-11-05T18:42:17.790+0000] {logging_mixin.py:151} INFO - [2023-11-05T18:42:17.789+0000] {dag.py:2941} INFO - Sync 1 DAGs
[2023-11-05T18:42:17.808+0000] {logging_mixin.py:151} INFO - [2023-11-05T18:42:17.808+0000] {dag.py:3722} INFO - Setting next_dagrun for example_short_circuit_operator to 2023-11-04T18:42:17.808011+00:00, run_after=2023-11-05T18:42:17.808011+00:00
[2023-11-05T18:42:17.823+0000] {processor.py:179} INFO - Processing /home/airflow/.local/lib/python3.8/site-packages/airflow/example_dags/example_short_circuit_operator.py took 0.071 seconds
[2023-11-05T18:42:48.581+0000] {processor.py:157} INFO - Started process (PID=780) to work on /home/airflow/.local/lib/python3.8/site-packages/airflow/example_dags/example_short_circuit_operator.py
[2023-11-05T18:42:48.582+0000] {processor.py:829} INFO - Processing file /home/airflow/.local/lib/python3.8/site-packages/airflow/example_dags/example_short_circuit_operator.py for tasks to queue
[2023-11-05T18:42:48.584+0000] {logging_mixin.py:151} INFO - [2023-11-05T18:42:48.584+0000] {dagbag.py:536} INFO - Filling up the DagBag from /home/airflow/.local/lib/python3.8/site-packages/airflow/example_dags/example_short_circuit_operator.py
[2023-11-05T18:42:48.589+0000] {processor.py:839} INFO - DAG(s) dict_keys(['example_short_circuit_operator']) retrieved from /home/airflow/.local/lib/python3.8/site-packages/airflow/example_dags/example_short_circuit_operator.py
[2023-11-05T18:42:48.610+0000] {logging_mixin.py:151} INFO - [2023-11-05T18:42:48.610+0000] {dag.py:2941} INFO - Sync 1 DAGs
[2023-11-05T18:42:48.644+0000] {logging_mixin.py:151} INFO - [2023-11-05T18:42:48.644+0000] {dag.py:3722} INFO - Setting next_dagrun for example_short_circuit_operator to 2023-11-04T18:42:48.643927+00:00, run_after=2023-11-05T18:42:48.643927+00:00
[2023-11-05T18:42:48.672+0000] {processor.py:179} INFO - Processing /home/airflow/.local/lib/python3.8/site-packages/airflow/example_dags/example_short_circuit_operator.py took 0.094 seconds
[2023-11-05T18:43:19.146+0000] {processor.py:157} INFO - Started process (PID=834) to work on /home/airflow/.local/lib/python3.8/site-packages/airflow/example_dags/example_short_circuit_operator.py
[2023-11-05T18:43:19.149+0000] {processor.py:829} INFO - Processing file /home/airflow/.local/lib/python3.8/site-packages/airflow/example_dags/example_short_circuit_operator.py for tasks to queue
[2023-11-05T18:43:19.153+0000] {logging_mixin.py:151} INFO - [2023-11-05T18:43:19.153+0000] {dagbag.py:536} INFO - Filling up the DagBag from /home/airflow/.local/lib/python3.8/site-packages/airflow/example_dags/example_short_circuit_operator.py
[2023-11-05T18:43:19.164+0000] {processor.py:839} INFO - DAG(s) dict_keys(['example_short_circuit_operator']) retrieved from /home/airflow/.local/lib/python3.8/site-packages/airflow/example_dags/example_short_circuit_operator.py
[2023-11-05T18:43:19.192+0000] {logging_mixin.py:151} INFO - [2023-11-05T18:43:19.192+0000] {dag.py:2941} INFO - Sync 1 DAGs
[2023-11-05T18:43:19.205+0000] {logging_mixin.py:151} INFO - [2023-11-05T18:43:19.205+0000] {dag.py:3722} INFO - Setting next_dagrun for example_short_circuit_operator to 2023-11-04T18:43:19.205614+00:00, run_after=2023-11-05T18:43:19.205614+00:00
[2023-11-05T18:43:19.227+0000] {processor.py:179} INFO - Processing /home/airflow/.local/lib/python3.8/site-packages/airflow/example_dags/example_short_circuit_operator.py took 0.087 seconds
[2023-11-05T18:43:50.046+0000] {processor.py:157} INFO - Started process (PID=888) to work on /home/airflow/.local/lib/python3.8/site-packages/airflow/example_dags/example_short_circuit_operator.py
[2023-11-05T18:43:50.048+0000] {processor.py:829} INFO - Processing file /home/airflow/.local/lib/python3.8/site-packages/airflow/example_dags/example_short_circuit_operator.py for tasks to queue
[2023-11-05T18:43:50.051+0000] {logging_mixin.py:151} INFO - [2023-11-05T18:43:50.050+0000] {dagbag.py:536} INFO - Filling up the DagBag from /home/airflow/.local/lib/python3.8/site-packages/airflow/example_dags/example_short_circuit_operator.py
[2023-11-05T18:43:50.058+0000] {processor.py:839} INFO - DAG(s) dict_keys(['example_short_circuit_operator']) retrieved from /home/airflow/.local/lib/python3.8/site-packages/airflow/example_dags/example_short_circuit_operator.py
[2023-11-05T18:43:50.095+0000] {logging_mixin.py:151} INFO - [2023-11-05T18:43:50.095+0000] {dag.py:2941} INFO - Sync 1 DAGs
[2023-11-05T18:43:50.111+0000] {logging_mixin.py:151} INFO - [2023-11-05T18:43:50.111+0000] {dag.py:3722} INFO - Setting next_dagrun for example_short_circuit_operator to 2023-11-04T18:43:50.111031+00:00, run_after=2023-11-05T18:43:50.111031+00:00
[2023-11-05T18:43:50.135+0000] {processor.py:179} INFO - Processing /home/airflow/.local/lib/python3.8/site-packages/airflow/example_dags/example_short_circuit_operator.py took 0.093 seconds
[2023-11-05T18:44:20.451+0000] {processor.py:157} INFO - Started process (PID=942) to work on /home/airflow/.local/lib/python3.8/site-packages/airflow/example_dags/example_short_circuit_operator.py
[2023-11-05T18:44:20.463+0000] {processor.py:829} INFO - Processing file /home/airflow/.local/lib/python3.8/site-packages/airflow/example_dags/example_short_circuit_operator.py for tasks to queue
[2023-11-05T18:44:20.486+0000] {logging_mixin.py:151} INFO - [2023-11-05T18:44:20.486+0000] {dagbag.py:536} INFO - Filling up the DagBag from /home/airflow/.local/lib/python3.8/site-packages/airflow/example_dags/example_short_circuit_operator.py
[2023-11-05T18:44:20.503+0000] {processor.py:839} INFO - DAG(s) dict_keys(['example_short_circuit_operator']) retrieved from /home/airflow/.local/lib/python3.8/site-packages/airflow/example_dags/example_short_circuit_operator.py
[2023-11-05T18:44:20.585+0000] {logging_mixin.py:151} INFO - [2023-11-05T18:44:20.585+0000] {dag.py:2941} INFO - Sync 1 DAGs
[2023-11-05T18:44:20.650+0000] {logging_mixin.py:151} INFO - [2023-11-05T18:44:20.650+0000] {dag.py:3722} INFO - Setting next_dagrun for example_short_circuit_operator to 2023-11-04T18:44:20.650610+00:00, run_after=2023-11-05T18:44:20.650610+00:00
[2023-11-05T18:44:20.703+0000] {processor.py:179} INFO - Processing /home/airflow/.local/lib/python3.8/site-packages/airflow/example_dags/example_short_circuit_operator.py took 0.255 seconds
[2023-11-05T18:44:50.883+0000] {processor.py:157} INFO - Started process (PID=995) to work on /home/airflow/.local/lib/python3.8/site-packages/airflow/example_dags/example_short_circuit_operator.py
[2023-11-05T18:44:50.883+0000] {processor.py:829} INFO - Processing file /home/airflow/.local/lib/python3.8/site-packages/airflow/example_dags/example_short_circuit_operator.py for tasks to queue
[2023-11-05T18:44:50.886+0000] {logging_mixin.py:151} INFO - [2023-11-05T18:44:50.886+0000] {dagbag.py:536} INFO - Filling up the DagBag from /home/airflow/.local/lib/python3.8/site-packages/airflow/example_dags/example_short_circuit_operator.py
[2023-11-05T18:44:50.891+0000] {processor.py:839} INFO - DAG(s) dict_keys(['example_short_circuit_operator']) retrieved from /home/airflow/.local/lib/python3.8/site-packages/airflow/example_dags/example_short_circuit_operator.py
[2023-11-05T18:44:50.914+0000] {logging_mixin.py:151} INFO - [2023-11-05T18:44:50.914+0000] {dag.py:2941} INFO - Sync 1 DAGs
[2023-11-05T18:44:50.935+0000] {logging_mixin.py:151} INFO - [2023-11-05T18:44:50.935+0000] {dag.py:3722} INFO - Setting next_dagrun for example_short_circuit_operator to 2023-11-04T18:44:50.935573+00:00, run_after=2023-11-05T18:44:50.935573+00:00
[2023-11-05T18:44:50.949+0000] {processor.py:179} INFO - Processing /home/airflow/.local/lib/python3.8/site-packages/airflow/example_dags/example_short_circuit_operator.py took 0.069 seconds
[2023-11-05T18:46:14.955+0000] {processor.py:157} INFO - Started process (PID=74) to work on /home/airflow/.local/lib/python3.8/site-packages/airflow/example_dags/example_short_circuit_operator.py
[2023-11-05T18:46:14.963+0000] {processor.py:829} INFO - Processing file /home/airflow/.local/lib/python3.8/site-packages/airflow/example_dags/example_short_circuit_operator.py for tasks to queue
[2023-11-05T18:46:14.972+0000] {logging_mixin.py:151} INFO - [2023-11-05T18:46:14.972+0000] {dagbag.py:536} INFO - Filling up the DagBag from /home/airflow/.local/lib/python3.8/site-packages/airflow/example_dags/example_short_circuit_operator.py
[2023-11-05T18:46:14.999+0000] {processor.py:839} INFO - DAG(s) dict_keys(['example_short_circuit_operator']) retrieved from /home/airflow/.local/lib/python3.8/site-packages/airflow/example_dags/example_short_circuit_operator.py
[2023-11-05T18:46:15.064+0000] {logging_mixin.py:151} INFO - [2023-11-05T18:46:15.064+0000] {dag.py:2941} INFO - Sync 1 DAGs
[2023-11-05T18:46:15.098+0000] {logging_mixin.py:151} INFO - [2023-11-05T18:46:15.098+0000] {dag.py:3722} INFO - Setting next_dagrun for example_short_circuit_operator to 2023-11-04T18:46:15.098149+00:00, run_after=2023-11-05T18:46:15.098149+00:00
[2023-11-05T18:46:15.168+0000] {processor.py:179} INFO - Processing /home/airflow/.local/lib/python3.8/site-packages/airflow/example_dags/example_short_circuit_operator.py took 0.220 seconds
[2023-11-05T18:46:45.306+0000] {processor.py:157} INFO - Started process (PID=128) to work on /home/airflow/.local/lib/python3.8/site-packages/airflow/example_dags/example_short_circuit_operator.py
[2023-11-05T18:46:45.309+0000] {processor.py:829} INFO - Processing file /home/airflow/.local/lib/python3.8/site-packages/airflow/example_dags/example_short_circuit_operator.py for tasks to queue
[2023-11-05T18:46:45.312+0000] {logging_mixin.py:151} INFO - [2023-11-05T18:46:45.312+0000] {dagbag.py:536} INFO - Filling up the DagBag from /home/airflow/.local/lib/python3.8/site-packages/airflow/example_dags/example_short_circuit_operator.py
[2023-11-05T18:46:45.321+0000] {processor.py:839} INFO - DAG(s) dict_keys(['example_short_circuit_operator']) retrieved from /home/airflow/.local/lib/python3.8/site-packages/airflow/example_dags/example_short_circuit_operator.py
[2023-11-05T18:46:45.348+0000] {logging_mixin.py:151} INFO - [2023-11-05T18:46:45.348+0000] {dag.py:2941} INFO - Sync 1 DAGs
[2023-11-05T18:46:45.375+0000] {logging_mixin.py:151} INFO - [2023-11-05T18:46:45.375+0000] {dag.py:3722} INFO - Setting next_dagrun for example_short_circuit_operator to 2023-11-04T18:46:45.374878+00:00, run_after=2023-11-05T18:46:45.374878+00:00
[2023-11-05T18:46:45.424+0000] {processor.py:179} INFO - Processing /home/airflow/.local/lib/python3.8/site-packages/airflow/example_dags/example_short_circuit_operator.py took 0.125 seconds
[2023-11-05T18:47:15.493+0000] {processor.py:157} INFO - Started process (PID=182) to work on /home/airflow/.local/lib/python3.8/site-packages/airflow/example_dags/example_short_circuit_operator.py
[2023-11-05T18:47:15.495+0000] {processor.py:829} INFO - Processing file /home/airflow/.local/lib/python3.8/site-packages/airflow/example_dags/example_short_circuit_operator.py for tasks to queue
[2023-11-05T18:47:15.501+0000] {logging_mixin.py:151} INFO - [2023-11-05T18:47:15.500+0000] {dagbag.py:536} INFO - Filling up the DagBag from /home/airflow/.local/lib/python3.8/site-packages/airflow/example_dags/example_short_circuit_operator.py
[2023-11-05T18:47:15.508+0000] {processor.py:839} INFO - DAG(s) dict_keys(['example_short_circuit_operator']) retrieved from /home/airflow/.local/lib/python3.8/site-packages/airflow/example_dags/example_short_circuit_operator.py
[2023-11-05T18:47:15.549+0000] {logging_mixin.py:151} INFO - [2023-11-05T18:47:15.548+0000] {dag.py:2941} INFO - Sync 1 DAGs
[2023-11-05T18:47:15.589+0000] {logging_mixin.py:151} INFO - [2023-11-05T18:47:15.588+0000] {dag.py:3722} INFO - Setting next_dagrun for example_short_circuit_operator to 2023-11-04T18:47:15.588368+00:00, run_after=2023-11-05T18:47:15.588368+00:00
[2023-11-05T18:47:15.611+0000] {processor.py:179} INFO - Processing /home/airflow/.local/lib/python3.8/site-packages/airflow/example_dags/example_short_circuit_operator.py took 0.120 seconds
[2023-11-05T18:47:45.683+0000] {processor.py:157} INFO - Started process (PID=236) to work on /home/airflow/.local/lib/python3.8/site-packages/airflow/example_dags/example_short_circuit_operator.py
[2023-11-05T18:47:45.687+0000] {processor.py:829} INFO - Processing file /home/airflow/.local/lib/python3.8/site-packages/airflow/example_dags/example_short_circuit_operator.py for tasks to queue
[2023-11-05T18:47:45.695+0000] {logging_mixin.py:151} INFO - [2023-11-05T18:47:45.695+0000] {dagbag.py:536} INFO - Filling up the DagBag from /home/airflow/.local/lib/python3.8/site-packages/airflow/example_dags/example_short_circuit_operator.py
[2023-11-05T18:47:45.708+0000] {processor.py:839} INFO - DAG(s) dict_keys(['example_short_circuit_operator']) retrieved from /home/airflow/.local/lib/python3.8/site-packages/airflow/example_dags/example_short_circuit_operator.py
[2023-11-05T18:47:45.776+0000] {logging_mixin.py:151} INFO - [2023-11-05T18:47:45.775+0000] {dag.py:2941} INFO - Sync 1 DAGs
[2023-11-05T18:47:45.809+0000] {logging_mixin.py:151} INFO - [2023-11-05T18:47:45.809+0000] {dag.py:3722} INFO - Setting next_dagrun for example_short_circuit_operator to 2023-11-04T18:47:45.809203+00:00, run_after=2023-11-05T18:47:45.809203+00:00
[2023-11-05T18:47:45.841+0000] {processor.py:179} INFO - Processing /home/airflow/.local/lib/python3.8/site-packages/airflow/example_dags/example_short_circuit_operator.py took 0.160 seconds
[2023-11-05T18:48:16.720+0000] {processor.py:157} INFO - Started process (PID=290) to work on /home/airflow/.local/lib/python3.8/site-packages/airflow/example_dags/example_short_circuit_operator.py
[2023-11-05T18:48:16.723+0000] {processor.py:829} INFO - Processing file /home/airflow/.local/lib/python3.8/site-packages/airflow/example_dags/example_short_circuit_operator.py for tasks to queue
[2023-11-05T18:48:16.733+0000] {logging_mixin.py:151} INFO - [2023-11-05T18:48:16.732+0000] {dagbag.py:536} INFO - Filling up the DagBag from /home/airflow/.local/lib/python3.8/site-packages/airflow/example_dags/example_short_circuit_operator.py
[2023-11-05T18:48:16.747+0000] {processor.py:839} INFO - DAG(s) dict_keys(['example_short_circuit_operator']) retrieved from /home/airflow/.local/lib/python3.8/site-packages/airflow/example_dags/example_short_circuit_operator.py
[2023-11-05T18:48:16.782+0000] {logging_mixin.py:151} INFO - [2023-11-05T18:48:16.781+0000] {dag.py:2941} INFO - Sync 1 DAGs
[2023-11-05T18:48:16.811+0000] {logging_mixin.py:151} INFO - [2023-11-05T18:48:16.811+0000] {dag.py:3722} INFO - Setting next_dagrun for example_short_circuit_operator to 2023-11-04T18:48:16.810666+00:00, run_after=2023-11-05T18:48:16.810666+00:00
[2023-11-05T18:48:16.847+0000] {processor.py:179} INFO - Processing /home/airflow/.local/lib/python3.8/site-packages/airflow/example_dags/example_short_circuit_operator.py took 0.132 seconds
[2023-11-05T18:48:47.625+0000] {processor.py:157} INFO - Started process (PID=344) to work on /home/airflow/.local/lib/python3.8/site-packages/airflow/example_dags/example_short_circuit_operator.py
[2023-11-05T18:48:47.628+0000] {processor.py:829} INFO - Processing file /home/airflow/.local/lib/python3.8/site-packages/airflow/example_dags/example_short_circuit_operator.py for tasks to queue
[2023-11-05T18:48:47.632+0000] {logging_mixin.py:151} INFO - [2023-11-05T18:48:47.631+0000] {dagbag.py:536} INFO - Filling up the DagBag from /home/airflow/.local/lib/python3.8/site-packages/airflow/example_dags/example_short_circuit_operator.py
[2023-11-05T18:48:47.636+0000] {processor.py:839} INFO - DAG(s) dict_keys(['example_short_circuit_operator']) retrieved from /home/airflow/.local/lib/python3.8/site-packages/airflow/example_dags/example_short_circuit_operator.py
[2023-11-05T18:48:47.678+0000] {logging_mixin.py:151} INFO - [2023-11-05T18:48:47.677+0000] {dag.py:2941} INFO - Sync 1 DAGs
[2023-11-05T18:48:47.711+0000] {logging_mixin.py:151} INFO - [2023-11-05T18:48:47.711+0000] {dag.py:3722} INFO - Setting next_dagrun for example_short_circuit_operator to 2023-11-04T18:48:47.711067+00:00, run_after=2023-11-05T18:48:47.711067+00:00
[2023-11-05T18:48:47.759+0000] {processor.py:179} INFO - Processing /home/airflow/.local/lib/python3.8/site-packages/airflow/example_dags/example_short_circuit_operator.py took 0.140 seconds
[2023-11-05T18:53:32.972+0000] {processor.py:157} INFO - Started process (PID=398) to work on /home/airflow/.local/lib/python3.8/site-packages/airflow/example_dags/example_short_circuit_operator.py
[2023-11-05T18:53:32.973+0000] {processor.py:829} INFO - Processing file /home/airflow/.local/lib/python3.8/site-packages/airflow/example_dags/example_short_circuit_operator.py for tasks to queue
[2023-11-05T18:53:32.978+0000] {logging_mixin.py:151} INFO - [2023-11-05T18:53:32.977+0000] {dagbag.py:536} INFO - Filling up the DagBag from /home/airflow/.local/lib/python3.8/site-packages/airflow/example_dags/example_short_circuit_operator.py
[2023-11-05T18:53:32.991+0000] {processor.py:839} INFO - DAG(s) dict_keys(['example_short_circuit_operator']) retrieved from /home/airflow/.local/lib/python3.8/site-packages/airflow/example_dags/example_short_circuit_operator.py
[2023-11-05T18:53:33.095+0000] {logging_mixin.py:151} INFO - [2023-11-05T18:53:33.095+0000] {dag.py:2941} INFO - Sync 1 DAGs
[2023-11-05T18:53:33.156+0000] {logging_mixin.py:151} INFO - [2023-11-05T18:53:33.155+0000] {dag.py:3722} INFO - Setting next_dagrun for example_short_circuit_operator to 2023-11-04T18:53:33.155564+00:00, run_after=2023-11-05T18:53:33.155564+00:00
[2023-11-05T18:53:33.171+0000] {processor.py:179} INFO - Processing /home/airflow/.local/lib/python3.8/site-packages/airflow/example_dags/example_short_circuit_operator.py took 0.206 seconds
[2023-11-05T18:54:07.349+0000] {processor.py:157} INFO - Started process (PID=452) to work on /home/airflow/.local/lib/python3.8/site-packages/airflow/example_dags/example_short_circuit_operator.py
[2023-11-05T18:54:07.351+0000] {processor.py:829} INFO - Processing file /home/airflow/.local/lib/python3.8/site-packages/airflow/example_dags/example_short_circuit_operator.py for tasks to queue
[2023-11-05T18:54:07.359+0000] {logging_mixin.py:151} INFO - [2023-11-05T18:54:07.359+0000] {dagbag.py:536} INFO - Filling up the DagBag from /home/airflow/.local/lib/python3.8/site-packages/airflow/example_dags/example_short_circuit_operator.py
[2023-11-05T18:54:07.364+0000] {processor.py:839} INFO - DAG(s) dict_keys(['example_short_circuit_operator']) retrieved from /home/airflow/.local/lib/python3.8/site-packages/airflow/example_dags/example_short_circuit_operator.py
[2023-11-05T18:54:07.417+0000] {logging_mixin.py:151} INFO - [2023-11-05T18:54:07.417+0000] {dag.py:2941} INFO - Sync 1 DAGs
[2023-11-05T18:54:07.447+0000] {logging_mixin.py:151} INFO - [2023-11-05T18:54:07.447+0000] {dag.py:3722} INFO - Setting next_dagrun for example_short_circuit_operator to 2023-11-04T18:54:07.446946+00:00, run_after=2023-11-05T18:54:07.446946+00:00
[2023-11-05T18:54:07.470+0000] {processor.py:179} INFO - Processing /home/airflow/.local/lib/python3.8/site-packages/airflow/example_dags/example_short_circuit_operator.py took 0.125 seconds
[2023-11-05T18:54:37.632+0000] {processor.py:157} INFO - Started process (PID=506) to work on /home/airflow/.local/lib/python3.8/site-packages/airflow/example_dags/example_short_circuit_operator.py
[2023-11-05T18:54:37.639+0000] {processor.py:829} INFO - Processing file /home/airflow/.local/lib/python3.8/site-packages/airflow/example_dags/example_short_circuit_operator.py for tasks to queue
[2023-11-05T18:54:37.643+0000] {logging_mixin.py:151} INFO - [2023-11-05T18:54:37.643+0000] {dagbag.py:536} INFO - Filling up the DagBag from /home/airflow/.local/lib/python3.8/site-packages/airflow/example_dags/example_short_circuit_operator.py
[2023-11-05T18:54:37.656+0000] {processor.py:839} INFO - DAG(s) dict_keys(['example_short_circuit_operator']) retrieved from /home/airflow/.local/lib/python3.8/site-packages/airflow/example_dags/example_short_circuit_operator.py
[2023-11-05T18:54:37.717+0000] {logging_mixin.py:151} INFO - [2023-11-05T18:54:37.717+0000] {dag.py:2941} INFO - Sync 1 DAGs
[2023-11-05T18:54:37.745+0000] {logging_mixin.py:151} INFO - [2023-11-05T18:54:37.744+0000] {dag.py:3722} INFO - Setting next_dagrun for example_short_circuit_operator to 2023-11-04T18:54:37.744375+00:00, run_after=2023-11-05T18:54:37.744375+00:00
[2023-11-05T18:54:37.791+0000] {processor.py:179} INFO - Processing /home/airflow/.local/lib/python3.8/site-packages/airflow/example_dags/example_short_circuit_operator.py took 0.164 seconds
