[2023-11-05T18:36:04.805+0000] {processor.py:157} INFO - Started process (PID=58) to work on /home/airflow/.local/lib/python3.8/site-packages/airflow/example_dags/example_latest_only.py
[2023-11-05T18:36:04.815+0000] {processor.py:829} INFO - Processing file /home/airflow/.local/lib/python3.8/site-packages/airflow/example_dags/example_latest_only.py for tasks to queue
[2023-11-05T18:36:04.829+0000] {logging_mixin.py:151} INFO - [2023-11-05T18:36:04.828+0000] {dagbag.py:536} INFO - Filling up the DagBag from /home/airflow/.local/lib/python3.8/site-packages/airflow/example_dags/example_latest_only.py
[2023-11-05T18:36:04.846+0000] {processor.py:839} INFO - DAG(s) dict_keys(['latest_only']) retrieved from /home/airflow/.local/lib/python3.8/site-packages/airflow/example_dags/example_latest_only.py
[2023-11-05T18:36:05.016+0000] {logging_mixin.py:151} INFO - [2023-11-05T18:36:05.016+0000] {dag.py:2941} INFO - Sync 1 DAGs
[2023-11-05T18:36:05.067+0000] {logging_mixin.py:151} INFO - [2023-11-05T18:36:05.067+0000] {dag.py:3722} INFO - Setting next_dagrun for latest_only to 2023-11-05T14:36:05.067182+00:00, run_after=2023-11-05T18:36:05.067182+00:00
[2023-11-05T18:36:05.172+0000] {processor.py:179} INFO - Processing /home/airflow/.local/lib/python3.8/site-packages/airflow/example_dags/example_latest_only.py took 0.375 seconds
[2023-11-05T18:36:36.022+0000] {processor.py:157} INFO - Started process (PID=112) to work on /home/airflow/.local/lib/python3.8/site-packages/airflow/example_dags/example_latest_only.py
[2023-11-05T18:36:36.034+0000] {processor.py:829} INFO - Processing file /home/airflow/.local/lib/python3.8/site-packages/airflow/example_dags/example_latest_only.py for tasks to queue
[2023-11-05T18:36:36.043+0000] {logging_mixin.py:151} INFO - [2023-11-05T18:36:36.042+0000] {dagbag.py:536} INFO - Filling up the DagBag from /home/airflow/.local/lib/python3.8/site-packages/airflow/example_dags/example_latest_only.py
[2023-11-05T18:36:36.072+0000] {processor.py:839} INFO - DAG(s) dict_keys(['latest_only']) retrieved from /home/airflow/.local/lib/python3.8/site-packages/airflow/example_dags/example_latest_only.py
[2023-11-05T18:36:36.159+0000] {logging_mixin.py:151} INFO - [2023-11-05T18:36:36.159+0000] {dag.py:2941} INFO - Sync 1 DAGs
[2023-11-05T18:36:36.215+0000] {logging_mixin.py:151} INFO - [2023-11-05T18:36:36.215+0000] {dag.py:3722} INFO - Setting next_dagrun for latest_only to 2023-11-05T14:36:36.215484+00:00, run_after=2023-11-05T18:36:36.215484+00:00
[2023-11-05T18:36:36.320+0000] {processor.py:179} INFO - Processing /home/airflow/.local/lib/python3.8/site-packages/airflow/example_dags/example_latest_only.py took 0.294 seconds
[2023-11-05T18:37:06.610+0000] {processor.py:157} INFO - Started process (PID=165) to work on /home/airflow/.local/lib/python3.8/site-packages/airflow/example_dags/example_latest_only.py
[2023-11-05T18:37:06.615+0000] {processor.py:829} INFO - Processing file /home/airflow/.local/lib/python3.8/site-packages/airflow/example_dags/example_latest_only.py for tasks to queue
[2023-11-05T18:37:06.621+0000] {logging_mixin.py:151} INFO - [2023-11-05T18:37:06.620+0000] {dagbag.py:536} INFO - Filling up the DagBag from /home/airflow/.local/lib/python3.8/site-packages/airflow/example_dags/example_latest_only.py
[2023-11-05T18:37:06.640+0000] {processor.py:839} INFO - DAG(s) dict_keys(['latest_only']) retrieved from /home/airflow/.local/lib/python3.8/site-packages/airflow/example_dags/example_latest_only.py
[2023-11-05T18:37:06.704+0000] {logging_mixin.py:151} INFO - [2023-11-05T18:37:06.703+0000] {dag.py:2941} INFO - Sync 1 DAGs
[2023-11-05T18:37:06.742+0000] {logging_mixin.py:151} INFO - [2023-11-05T18:37:06.742+0000] {dag.py:3722} INFO - Setting next_dagrun for latest_only to 2023-11-05T14:37:06.741632+00:00, run_after=2023-11-05T18:37:06.741632+00:00
[2023-11-05T18:37:06.822+0000] {processor.py:179} INFO - Processing /home/airflow/.local/lib/python3.8/site-packages/airflow/example_dags/example_latest_only.py took 0.214 seconds
[2023-11-05T18:37:37.381+0000] {processor.py:157} INFO - Started process (PID=219) to work on /home/airflow/.local/lib/python3.8/site-packages/airflow/example_dags/example_latest_only.py
[2023-11-05T18:37:37.395+0000] {processor.py:829} INFO - Processing file /home/airflow/.local/lib/python3.8/site-packages/airflow/example_dags/example_latest_only.py for tasks to queue
[2023-11-05T18:37:37.401+0000] {logging_mixin.py:151} INFO - [2023-11-05T18:37:37.401+0000] {dagbag.py:536} INFO - Filling up the DagBag from /home/airflow/.local/lib/python3.8/site-packages/airflow/example_dags/example_latest_only.py
[2023-11-05T18:37:37.411+0000] {processor.py:839} INFO - DAG(s) dict_keys(['latest_only']) retrieved from /home/airflow/.local/lib/python3.8/site-packages/airflow/example_dags/example_latest_only.py
[2023-11-05T18:37:37.471+0000] {logging_mixin.py:151} INFO - [2023-11-05T18:37:37.470+0000] {dag.py:2941} INFO - Sync 1 DAGs
[2023-11-05T18:37:37.500+0000] {logging_mixin.py:151} INFO - [2023-11-05T18:37:37.500+0000] {dag.py:3722} INFO - Setting next_dagrun for latest_only to 2023-11-05T14:37:37.500114+00:00, run_after=2023-11-05T18:37:37.500114+00:00
[2023-11-05T18:37:37.584+0000] {processor.py:179} INFO - Processing /home/airflow/.local/lib/python3.8/site-packages/airflow/example_dags/example_latest_only.py took 0.207 seconds
[2023-11-05T18:38:08.157+0000] {processor.py:157} INFO - Started process (PID=273) to work on /home/airflow/.local/lib/python3.8/site-packages/airflow/example_dags/example_latest_only.py
[2023-11-05T18:38:08.159+0000] {processor.py:829} INFO - Processing file /home/airflow/.local/lib/python3.8/site-packages/airflow/example_dags/example_latest_only.py for tasks to queue
[2023-11-05T18:38:08.161+0000] {logging_mixin.py:151} INFO - [2023-11-05T18:38:08.161+0000] {dagbag.py:536} INFO - Filling up the DagBag from /home/airflow/.local/lib/python3.8/site-packages/airflow/example_dags/example_latest_only.py
[2023-11-05T18:38:08.166+0000] {processor.py:839} INFO - DAG(s) dict_keys(['latest_only']) retrieved from /home/airflow/.local/lib/python3.8/site-packages/airflow/example_dags/example_latest_only.py
[2023-11-05T18:38:08.234+0000] {logging_mixin.py:151} INFO - [2023-11-05T18:38:08.234+0000] {dag.py:2941} INFO - Sync 1 DAGs
[2023-11-05T18:38:08.274+0000] {logging_mixin.py:151} INFO - [2023-11-05T18:38:08.274+0000] {dag.py:3722} INFO - Setting next_dagrun for latest_only to 2023-11-05T14:38:08.273667+00:00, run_after=2023-11-05T18:38:08.273667+00:00
[2023-11-05T18:38:08.380+0000] {processor.py:179} INFO - Processing /home/airflow/.local/lib/python3.8/site-packages/airflow/example_dags/example_latest_only.py took 0.227 seconds
[2023-11-05T18:38:38.590+0000] {processor.py:157} INFO - Started process (PID=326) to work on /home/airflow/.local/lib/python3.8/site-packages/airflow/example_dags/example_latest_only.py
[2023-11-05T18:38:38.595+0000] {processor.py:829} INFO - Processing file /home/airflow/.local/lib/python3.8/site-packages/airflow/example_dags/example_latest_only.py for tasks to queue
[2023-11-05T18:38:38.603+0000] {logging_mixin.py:151} INFO - [2023-11-05T18:38:38.602+0000] {dagbag.py:536} INFO - Filling up the DagBag from /home/airflow/.local/lib/python3.8/site-packages/airflow/example_dags/example_latest_only.py
[2023-11-05T18:38:38.613+0000] {processor.py:839} INFO - DAG(s) dict_keys(['latest_only']) retrieved from /home/airflow/.local/lib/python3.8/site-packages/airflow/example_dags/example_latest_only.py
[2023-11-05T18:38:38.667+0000] {logging_mixin.py:151} INFO - [2023-11-05T18:38:38.667+0000] {dag.py:2941} INFO - Sync 1 DAGs
[2023-11-05T18:38:38.706+0000] {logging_mixin.py:151} INFO - [2023-11-05T18:38:38.706+0000] {dag.py:3722} INFO - Setting next_dagrun for latest_only to 2023-11-05T14:38:38.706408+00:00, run_after=2023-11-05T18:38:38.706408+00:00
[2023-11-05T18:38:38.763+0000] {processor.py:179} INFO - Processing /home/airflow/.local/lib/python3.8/site-packages/airflow/example_dags/example_latest_only.py took 0.176 seconds
[2023-11-05T18:39:09.145+0000] {processor.py:157} INFO - Started process (PID=380) to work on /home/airflow/.local/lib/python3.8/site-packages/airflow/example_dags/example_latest_only.py
[2023-11-05T18:39:09.157+0000] {processor.py:829} INFO - Processing file /home/airflow/.local/lib/python3.8/site-packages/airflow/example_dags/example_latest_only.py for tasks to queue
[2023-11-05T18:39:09.160+0000] {logging_mixin.py:151} INFO - [2023-11-05T18:39:09.160+0000] {dagbag.py:536} INFO - Filling up the DagBag from /home/airflow/.local/lib/python3.8/site-packages/airflow/example_dags/example_latest_only.py
[2023-11-05T18:39:09.184+0000] {processor.py:839} INFO - DAG(s) dict_keys(['latest_only']) retrieved from /home/airflow/.local/lib/python3.8/site-packages/airflow/example_dags/example_latest_only.py
[2023-11-05T18:39:09.249+0000] {logging_mixin.py:151} INFO - [2023-11-05T18:39:09.249+0000] {dag.py:2941} INFO - Sync 1 DAGs
[2023-11-05T18:39:09.273+0000] {logging_mixin.py:151} INFO - [2023-11-05T18:39:09.273+0000] {dag.py:3722} INFO - Setting next_dagrun for latest_only to 2023-11-05T14:39:09.272715+00:00, run_after=2023-11-05T18:39:09.272715+00:00
[2023-11-05T18:39:09.351+0000] {processor.py:179} INFO - Processing /home/airflow/.local/lib/python3.8/site-packages/airflow/example_dags/example_latest_only.py took 0.213 seconds
[2023-11-05T18:39:40.273+0000] {processor.py:157} INFO - Started process (PID=434) to work on /home/airflow/.local/lib/python3.8/site-packages/airflow/example_dags/example_latest_only.py
[2023-11-05T18:39:40.286+0000] {processor.py:829} INFO - Processing file /home/airflow/.local/lib/python3.8/site-packages/airflow/example_dags/example_latest_only.py for tasks to queue
[2023-11-05T18:39:40.295+0000] {logging_mixin.py:151} INFO - [2023-11-05T18:39:40.295+0000] {dagbag.py:536} INFO - Filling up the DagBag from /home/airflow/.local/lib/python3.8/site-packages/airflow/example_dags/example_latest_only.py
[2023-11-05T18:39:40.307+0000] {processor.py:839} INFO - DAG(s) dict_keys(['latest_only']) retrieved from /home/airflow/.local/lib/python3.8/site-packages/airflow/example_dags/example_latest_only.py
[2023-11-05T18:39:40.356+0000] {logging_mixin.py:151} INFO - [2023-11-05T18:39:40.356+0000] {dag.py:2941} INFO - Sync 1 DAGs
[2023-11-05T18:39:40.375+0000] {logging_mixin.py:151} INFO - [2023-11-05T18:39:40.375+0000] {dag.py:3722} INFO - Setting next_dagrun for latest_only to 2023-11-05T14:39:40.375450+00:00, run_after=2023-11-05T18:39:40.375450+00:00
[2023-11-05T18:39:40.492+0000] {processor.py:179} INFO - Processing /home/airflow/.local/lib/python3.8/site-packages/airflow/example_dags/example_latest_only.py took 0.223 seconds
[2023-11-05T18:40:11.154+0000] {processor.py:157} INFO - Started process (PID=488) to work on /home/airflow/.local/lib/python3.8/site-packages/airflow/example_dags/example_latest_only.py
[2023-11-05T18:40:11.155+0000] {processor.py:829} INFO - Processing file /home/airflow/.local/lib/python3.8/site-packages/airflow/example_dags/example_latest_only.py for tasks to queue
[2023-11-05T18:40:11.157+0000] {logging_mixin.py:151} INFO - [2023-11-05T18:40:11.157+0000] {dagbag.py:536} INFO - Filling up the DagBag from /home/airflow/.local/lib/python3.8/site-packages/airflow/example_dags/example_latest_only.py
[2023-11-05T18:40:11.162+0000] {processor.py:839} INFO - DAG(s) dict_keys(['latest_only']) retrieved from /home/airflow/.local/lib/python3.8/site-packages/airflow/example_dags/example_latest_only.py
[2023-11-05T18:40:11.185+0000] {logging_mixin.py:151} INFO - [2023-11-05T18:40:11.185+0000] {dag.py:2941} INFO - Sync 1 DAGs
[2023-11-05T18:40:11.203+0000] {logging_mixin.py:151} INFO - [2023-11-05T18:40:11.202+0000] {dag.py:3722} INFO - Setting next_dagrun for latest_only to 2023-11-05T14:40:11.202639+00:00, run_after=2023-11-05T18:40:11.202639+00:00
[2023-11-05T18:40:11.224+0000] {processor.py:179} INFO - Processing /home/airflow/.local/lib/python3.8/site-packages/airflow/example_dags/example_latest_only.py took 0.074 seconds
[2023-11-05T18:40:41.869+0000] {processor.py:157} INFO - Started process (PID=549) to work on /home/airflow/.local/lib/python3.8/site-packages/airflow/example_dags/example_latest_only.py
[2023-11-05T18:40:41.872+0000] {processor.py:829} INFO - Processing file /home/airflow/.local/lib/python3.8/site-packages/airflow/example_dags/example_latest_only.py for tasks to queue
[2023-11-05T18:40:41.879+0000] {logging_mixin.py:151} INFO - [2023-11-05T18:40:41.879+0000] {dagbag.py:536} INFO - Filling up the DagBag from /home/airflow/.local/lib/python3.8/site-packages/airflow/example_dags/example_latest_only.py
[2023-11-05T18:40:41.899+0000] {processor.py:839} INFO - DAG(s) dict_keys(['latest_only']) retrieved from /home/airflow/.local/lib/python3.8/site-packages/airflow/example_dags/example_latest_only.py
[2023-11-05T18:40:41.958+0000] {logging_mixin.py:151} INFO - [2023-11-05T18:40:41.958+0000] {dag.py:2941} INFO - Sync 1 DAGs
[2023-11-05T18:40:41.987+0000] {logging_mixin.py:151} INFO - [2023-11-05T18:40:41.987+0000] {dag.py:3722} INFO - Setting next_dagrun for latest_only to 2023-11-05T14:40:41.987287+00:00, run_after=2023-11-05T18:40:41.987287+00:00
[2023-11-05T18:40:42.050+0000] {processor.py:179} INFO - Processing /home/airflow/.local/lib/python3.8/site-packages/airflow/example_dags/example_latest_only.py took 0.186 seconds
[2023-11-05T18:41:12.475+0000] {processor.py:157} INFO - Started process (PID=603) to work on /home/airflow/.local/lib/python3.8/site-packages/airflow/example_dags/example_latest_only.py
[2023-11-05T18:41:12.476+0000] {processor.py:829} INFO - Processing file /home/airflow/.local/lib/python3.8/site-packages/airflow/example_dags/example_latest_only.py for tasks to queue
[2023-11-05T18:41:12.479+0000] {logging_mixin.py:151} INFO - [2023-11-05T18:41:12.478+0000] {dagbag.py:536} INFO - Filling up the DagBag from /home/airflow/.local/lib/python3.8/site-packages/airflow/example_dags/example_latest_only.py
[2023-11-05T18:41:12.484+0000] {processor.py:839} INFO - DAG(s) dict_keys(['latest_only']) retrieved from /home/airflow/.local/lib/python3.8/site-packages/airflow/example_dags/example_latest_only.py
[2023-11-05T18:41:12.503+0000] {logging_mixin.py:151} INFO - [2023-11-05T18:41:12.502+0000] {dag.py:2941} INFO - Sync 1 DAGs
[2023-11-05T18:41:12.527+0000] {logging_mixin.py:151} INFO - [2023-11-05T18:41:12.526+0000] {dag.py:3722} INFO - Setting next_dagrun for latest_only to 2023-11-05T14:41:12.526180+00:00, run_after=2023-11-05T18:41:12.526180+00:00
[2023-11-05T18:41:12.553+0000] {processor.py:179} INFO - Processing /home/airflow/.local/lib/python3.8/site-packages/airflow/example_dags/example_latest_only.py took 0.081 seconds
[2023-11-05T18:41:42.845+0000] {processor.py:157} INFO - Started process (PID=656) to work on /home/airflow/.local/lib/python3.8/site-packages/airflow/example_dags/example_latest_only.py
[2023-11-05T18:41:42.846+0000] {processor.py:829} INFO - Processing file /home/airflow/.local/lib/python3.8/site-packages/airflow/example_dags/example_latest_only.py for tasks to queue
[2023-11-05T18:41:42.848+0000] {logging_mixin.py:151} INFO - [2023-11-05T18:41:42.848+0000] {dagbag.py:536} INFO - Filling up the DagBag from /home/airflow/.local/lib/python3.8/site-packages/airflow/example_dags/example_latest_only.py
[2023-11-05T18:41:42.853+0000] {processor.py:839} INFO - DAG(s) dict_keys(['latest_only']) retrieved from /home/airflow/.local/lib/python3.8/site-packages/airflow/example_dags/example_latest_only.py
[2023-11-05T18:41:42.880+0000] {logging_mixin.py:151} INFO - [2023-11-05T18:41:42.880+0000] {dag.py:2941} INFO - Sync 1 DAGs
[2023-11-05T18:41:42.901+0000] {logging_mixin.py:151} INFO - [2023-11-05T18:41:42.901+0000] {dag.py:3722} INFO - Setting next_dagrun for latest_only to 2023-11-05T14:41:42.900670+00:00, run_after=2023-11-05T18:41:42.900670+00:00
[2023-11-05T18:41:42.929+0000] {processor.py:179} INFO - Processing /home/airflow/.local/lib/python3.8/site-packages/airflow/example_dags/example_latest_only.py took 0.087 seconds
[2023-11-05T18:42:13.639+0000] {processor.py:157} INFO - Started process (PID=710) to work on /home/airflow/.local/lib/python3.8/site-packages/airflow/example_dags/example_latest_only.py
[2023-11-05T18:42:13.640+0000] {processor.py:829} INFO - Processing file /home/airflow/.local/lib/python3.8/site-packages/airflow/example_dags/example_latest_only.py for tasks to queue
[2023-11-05T18:42:13.643+0000] {logging_mixin.py:151} INFO - [2023-11-05T18:42:13.643+0000] {dagbag.py:536} INFO - Filling up the DagBag from /home/airflow/.local/lib/python3.8/site-packages/airflow/example_dags/example_latest_only.py
[2023-11-05T18:42:13.647+0000] {processor.py:839} INFO - DAG(s) dict_keys(['latest_only']) retrieved from /home/airflow/.local/lib/python3.8/site-packages/airflow/example_dags/example_latest_only.py
[2023-11-05T18:42:13.668+0000] {logging_mixin.py:151} INFO - [2023-11-05T18:42:13.668+0000] {dag.py:2941} INFO - Sync 1 DAGs
[2023-11-05T18:42:13.686+0000] {logging_mixin.py:151} INFO - [2023-11-05T18:42:13.686+0000] {dag.py:3722} INFO - Setting next_dagrun for latest_only to 2023-11-05T14:42:13.685938+00:00, run_after=2023-11-05T18:42:13.685938+00:00
[2023-11-05T18:42:13.703+0000] {processor.py:179} INFO - Processing /home/airflow/.local/lib/python3.8/site-packages/airflow/example_dags/example_latest_only.py took 0.067 seconds
[2023-11-05T18:42:44.322+0000] {processor.py:157} INFO - Started process (PID=764) to work on /home/airflow/.local/lib/python3.8/site-packages/airflow/example_dags/example_latest_only.py
[2023-11-05T18:42:44.332+0000] {processor.py:829} INFO - Processing file /home/airflow/.local/lib/python3.8/site-packages/airflow/example_dags/example_latest_only.py for tasks to queue
[2023-11-05T18:42:44.346+0000] {logging_mixin.py:151} INFO - [2023-11-05T18:42:44.346+0000] {dagbag.py:536} INFO - Filling up the DagBag from /home/airflow/.local/lib/python3.8/site-packages/airflow/example_dags/example_latest_only.py
[2023-11-05T18:42:44.359+0000] {processor.py:839} INFO - DAG(s) dict_keys(['latest_only']) retrieved from /home/airflow/.local/lib/python3.8/site-packages/airflow/example_dags/example_latest_only.py
[2023-11-05T18:42:44.431+0000] {logging_mixin.py:151} INFO - [2023-11-05T18:42:44.431+0000] {dag.py:2941} INFO - Sync 1 DAGs
[2023-11-05T18:42:44.457+0000] {logging_mixin.py:151} INFO - [2023-11-05T18:42:44.457+0000] {dag.py:3722} INFO - Setting next_dagrun for latest_only to 2023-11-05T14:42:44.456485+00:00, run_after=2023-11-05T18:42:44.456485+00:00
[2023-11-05T18:42:44.525+0000] {processor.py:179} INFO - Processing /home/airflow/.local/lib/python3.8/site-packages/airflow/example_dags/example_latest_only.py took 0.210 seconds
[2023-11-05T18:43:15.418+0000] {processor.py:157} INFO - Started process (PID=818) to work on /home/airflow/.local/lib/python3.8/site-packages/airflow/example_dags/example_latest_only.py
[2023-11-05T18:43:15.422+0000] {processor.py:829} INFO - Processing file /home/airflow/.local/lib/python3.8/site-packages/airflow/example_dags/example_latest_only.py for tasks to queue
[2023-11-05T18:43:15.430+0000] {logging_mixin.py:151} INFO - [2023-11-05T18:43:15.430+0000] {dagbag.py:536} INFO - Filling up the DagBag from /home/airflow/.local/lib/python3.8/site-packages/airflow/example_dags/example_latest_only.py
[2023-11-05T18:43:15.444+0000] {processor.py:839} INFO - DAG(s) dict_keys(['latest_only']) retrieved from /home/airflow/.local/lib/python3.8/site-packages/airflow/example_dags/example_latest_only.py
[2023-11-05T18:43:15.528+0000] {logging_mixin.py:151} INFO - [2023-11-05T18:43:15.528+0000] {dag.py:2941} INFO - Sync 1 DAGs
[2023-11-05T18:43:15.570+0000] {logging_mixin.py:151} INFO - [2023-11-05T18:43:15.570+0000] {dag.py:3722} INFO - Setting next_dagrun for latest_only to 2023-11-05T14:43:15.570136+00:00, run_after=2023-11-05T18:43:15.570136+00:00
[2023-11-05T18:43:15.644+0000] {processor.py:179} INFO - Processing /home/airflow/.local/lib/python3.8/site-packages/airflow/example_dags/example_latest_only.py took 0.230 seconds
[2023-11-05T18:43:46.217+0000] {processor.py:157} INFO - Started process (PID=872) to work on /home/airflow/.local/lib/python3.8/site-packages/airflow/example_dags/example_latest_only.py
[2023-11-05T18:43:46.218+0000] {processor.py:829} INFO - Processing file /home/airflow/.local/lib/python3.8/site-packages/airflow/example_dags/example_latest_only.py for tasks to queue
[2023-11-05T18:43:46.221+0000] {logging_mixin.py:151} INFO - [2023-11-05T18:43:46.221+0000] {dagbag.py:536} INFO - Filling up the DagBag from /home/airflow/.local/lib/python3.8/site-packages/airflow/example_dags/example_latest_only.py
[2023-11-05T18:43:46.227+0000] {processor.py:839} INFO - DAG(s) dict_keys(['latest_only']) retrieved from /home/airflow/.local/lib/python3.8/site-packages/airflow/example_dags/example_latest_only.py
[2023-11-05T18:43:46.248+0000] {logging_mixin.py:151} INFO - [2023-11-05T18:43:46.248+0000] {dag.py:2941} INFO - Sync 1 DAGs
[2023-11-05T18:43:46.271+0000] {logging_mixin.py:151} INFO - [2023-11-05T18:43:46.271+0000] {dag.py:3722} INFO - Setting next_dagrun for latest_only to 2023-11-05T14:43:46.270878+00:00, run_after=2023-11-05T18:43:46.270878+00:00
[2023-11-05T18:43:46.289+0000] {processor.py:179} INFO - Processing /home/airflow/.local/lib/python3.8/site-packages/airflow/example_dags/example_latest_only.py took 0.075 seconds
[2023-11-05T18:44:16.882+0000] {processor.py:157} INFO - Started process (PID=926) to work on /home/airflow/.local/lib/python3.8/site-packages/airflow/example_dags/example_latest_only.py
[2023-11-05T18:44:16.888+0000] {processor.py:829} INFO - Processing file /home/airflow/.local/lib/python3.8/site-packages/airflow/example_dags/example_latest_only.py for tasks to queue
[2023-11-05T18:44:16.898+0000] {logging_mixin.py:151} INFO - [2023-11-05T18:44:16.897+0000] {dagbag.py:536} INFO - Filling up the DagBag from /home/airflow/.local/lib/python3.8/site-packages/airflow/example_dags/example_latest_only.py
[2023-11-05T18:44:16.908+0000] {processor.py:839} INFO - DAG(s) dict_keys(['latest_only']) retrieved from /home/airflow/.local/lib/python3.8/site-packages/airflow/example_dags/example_latest_only.py
[2023-11-05T18:44:16.950+0000] {logging_mixin.py:151} INFO - [2023-11-05T18:44:16.950+0000] {dag.py:2941} INFO - Sync 1 DAGs
[2023-11-05T18:44:16.969+0000] {logging_mixin.py:151} INFO - [2023-11-05T18:44:16.969+0000] {dag.py:3722} INFO - Setting next_dagrun for latest_only to 2023-11-05T14:44:16.969664+00:00, run_after=2023-11-05T18:44:16.969664+00:00
[2023-11-05T18:44:17.026+0000] {processor.py:179} INFO - Processing /home/airflow/.local/lib/python3.8/site-packages/airflow/example_dags/example_latest_only.py took 0.146 seconds
[2023-11-05T18:44:47.914+0000] {processor.py:157} INFO - Started process (PID=979) to work on /home/airflow/.local/lib/python3.8/site-packages/airflow/example_dags/example_latest_only.py
[2023-11-05T18:44:47.917+0000] {processor.py:829} INFO - Processing file /home/airflow/.local/lib/python3.8/site-packages/airflow/example_dags/example_latest_only.py for tasks to queue
[2023-11-05T18:44:47.932+0000] {logging_mixin.py:151} INFO - [2023-11-05T18:44:47.932+0000] {dagbag.py:536} INFO - Filling up the DagBag from /home/airflow/.local/lib/python3.8/site-packages/airflow/example_dags/example_latest_only.py
[2023-11-05T18:44:47.947+0000] {processor.py:839} INFO - DAG(s) dict_keys(['latest_only']) retrieved from /home/airflow/.local/lib/python3.8/site-packages/airflow/example_dags/example_latest_only.py
[2023-11-05T18:44:47.999+0000] {logging_mixin.py:151} INFO - [2023-11-05T18:44:47.999+0000] {dag.py:2941} INFO - Sync 1 DAGs
[2023-11-05T18:44:48.040+0000] {logging_mixin.py:151} INFO - [2023-11-05T18:44:48.039+0000] {dag.py:3722} INFO - Setting next_dagrun for latest_only to 2023-11-05T14:44:48.038737+00:00, run_after=2023-11-05T18:44:48.038737+00:00
[2023-11-05T18:44:48.074+0000] {processor.py:179} INFO - Processing /home/airflow/.local/lib/python3.8/site-packages/airflow/example_dags/example_latest_only.py took 0.162 seconds
[2023-11-05T18:46:12.101+0000] {processor.py:157} INFO - Started process (PID=58) to work on /home/airflow/.local/lib/python3.8/site-packages/airflow/example_dags/example_latest_only.py
[2023-11-05T18:46:12.104+0000] {processor.py:829} INFO - Processing file /home/airflow/.local/lib/python3.8/site-packages/airflow/example_dags/example_latest_only.py for tasks to queue
[2023-11-05T18:46:12.110+0000] {logging_mixin.py:151} INFO - [2023-11-05T18:46:12.110+0000] {dagbag.py:536} INFO - Filling up the DagBag from /home/airflow/.local/lib/python3.8/site-packages/airflow/example_dags/example_latest_only.py
[2023-11-05T18:46:12.141+0000] {processor.py:839} INFO - DAG(s) dict_keys(['latest_only']) retrieved from /home/airflow/.local/lib/python3.8/site-packages/airflow/example_dags/example_latest_only.py
[2023-11-05T18:46:12.226+0000] {logging_mixin.py:151} INFO - [2023-11-05T18:46:12.225+0000] {dag.py:2941} INFO - Sync 1 DAGs
[2023-11-05T18:46:12.288+0000] {logging_mixin.py:151} INFO - [2023-11-05T18:46:12.288+0000] {dag.py:3722} INFO - Setting next_dagrun for latest_only to 2023-11-05T14:46:12.285410+00:00, run_after=2023-11-05T18:46:12.285410+00:00
[2023-11-05T18:46:12.345+0000] {processor.py:179} INFO - Processing /home/airflow/.local/lib/python3.8/site-packages/airflow/example_dags/example_latest_only.py took 0.247 seconds
[2023-11-05T18:46:42.472+0000] {processor.py:157} INFO - Started process (PID=112) to work on /home/airflow/.local/lib/python3.8/site-packages/airflow/example_dags/example_latest_only.py
[2023-11-05T18:46:42.476+0000] {processor.py:829} INFO - Processing file /home/airflow/.local/lib/python3.8/site-packages/airflow/example_dags/example_latest_only.py for tasks to queue
[2023-11-05T18:46:42.481+0000] {logging_mixin.py:151} INFO - [2023-11-05T18:46:42.480+0000] {dagbag.py:536} INFO - Filling up the DagBag from /home/airflow/.local/lib/python3.8/site-packages/airflow/example_dags/example_latest_only.py
[2023-11-05T18:46:42.490+0000] {processor.py:839} INFO - DAG(s) dict_keys(['latest_only']) retrieved from /home/airflow/.local/lib/python3.8/site-packages/airflow/example_dags/example_latest_only.py
[2023-11-05T18:46:42.578+0000] {logging_mixin.py:151} INFO - [2023-11-05T18:46:42.577+0000] {dag.py:2941} INFO - Sync 1 DAGs
[2023-11-05T18:46:42.611+0000] {logging_mixin.py:151} INFO - [2023-11-05T18:46:42.611+0000] {dag.py:3722} INFO - Setting next_dagrun for latest_only to 2023-11-05T14:46:42.610642+00:00, run_after=2023-11-05T18:46:42.610642+00:00
[2023-11-05T18:46:42.648+0000] {processor.py:179} INFO - Processing /home/airflow/.local/lib/python3.8/site-packages/airflow/example_dags/example_latest_only.py took 0.180 seconds
[2023-11-05T18:47:13.650+0000] {processor.py:157} INFO - Started process (PID=166) to work on /home/airflow/.local/lib/python3.8/site-packages/airflow/example_dags/example_latest_only.py
[2023-11-05T18:47:13.652+0000] {processor.py:829} INFO - Processing file /home/airflow/.local/lib/python3.8/site-packages/airflow/example_dags/example_latest_only.py for tasks to queue
[2023-11-05T18:47:13.654+0000] {logging_mixin.py:151} INFO - [2023-11-05T18:47:13.654+0000] {dagbag.py:536} INFO - Filling up the DagBag from /home/airflow/.local/lib/python3.8/site-packages/airflow/example_dags/example_latest_only.py
[2023-11-05T18:47:13.659+0000] {processor.py:839} INFO - DAG(s) dict_keys(['latest_only']) retrieved from /home/airflow/.local/lib/python3.8/site-packages/airflow/example_dags/example_latest_only.py
[2023-11-05T18:47:13.725+0000] {logging_mixin.py:151} INFO - [2023-11-05T18:47:13.724+0000] {dag.py:2941} INFO - Sync 1 DAGs
[2023-11-05T18:47:13.744+0000] {logging_mixin.py:151} INFO - [2023-11-05T18:47:13.744+0000] {dag.py:3722} INFO - Setting next_dagrun for latest_only to 2023-11-05T14:47:13.744275+00:00, run_after=2023-11-05T18:47:13.744275+00:00
[2023-11-05T18:47:13.788+0000] {processor.py:179} INFO - Processing /home/airflow/.local/lib/python3.8/site-packages/airflow/example_dags/example_latest_only.py took 0.144 seconds
[2023-11-05T18:47:43.963+0000] {processor.py:157} INFO - Started process (PID=220) to work on /home/airflow/.local/lib/python3.8/site-packages/airflow/example_dags/example_latest_only.py
[2023-11-05T18:47:43.966+0000] {processor.py:829} INFO - Processing file /home/airflow/.local/lib/python3.8/site-packages/airflow/example_dags/example_latest_only.py for tasks to queue
[2023-11-05T18:47:43.973+0000] {logging_mixin.py:151} INFO - [2023-11-05T18:47:43.972+0000] {dagbag.py:536} INFO - Filling up the DagBag from /home/airflow/.local/lib/python3.8/site-packages/airflow/example_dags/example_latest_only.py
[2023-11-05T18:47:43.983+0000] {processor.py:839} INFO - DAG(s) dict_keys(['latest_only']) retrieved from /home/airflow/.local/lib/python3.8/site-packages/airflow/example_dags/example_latest_only.py
[2023-11-05T18:47:44.045+0000] {logging_mixin.py:151} INFO - [2023-11-05T18:47:44.044+0000] {dag.py:2941} INFO - Sync 1 DAGs
[2023-11-05T18:47:44.082+0000] {logging_mixin.py:151} INFO - [2023-11-05T18:47:44.081+0000] {dag.py:3722} INFO - Setting next_dagrun for latest_only to 2023-11-05T14:47:44.081500+00:00, run_after=2023-11-05T18:47:44.081500+00:00
[2023-11-05T18:47:44.114+0000] {processor.py:179} INFO - Processing /home/airflow/.local/lib/python3.8/site-packages/airflow/example_dags/example_latest_only.py took 0.156 seconds
[2023-11-05T18:48:14.787+0000] {processor.py:157} INFO - Started process (PID=274) to work on /home/airflow/.local/lib/python3.8/site-packages/airflow/example_dags/example_latest_only.py
[2023-11-05T18:48:14.790+0000] {processor.py:829} INFO - Processing file /home/airflow/.local/lib/python3.8/site-packages/airflow/example_dags/example_latest_only.py for tasks to queue
[2023-11-05T18:48:14.797+0000] {logging_mixin.py:151} INFO - [2023-11-05T18:48:14.797+0000] {dagbag.py:536} INFO - Filling up the DagBag from /home/airflow/.local/lib/python3.8/site-packages/airflow/example_dags/example_latest_only.py
[2023-11-05T18:48:14.808+0000] {processor.py:839} INFO - DAG(s) dict_keys(['latest_only']) retrieved from /home/airflow/.local/lib/python3.8/site-packages/airflow/example_dags/example_latest_only.py
[2023-11-05T18:48:14.877+0000] {logging_mixin.py:151} INFO - [2023-11-05T18:48:14.877+0000] {dag.py:2941} INFO - Sync 1 DAGs
[2023-11-05T18:48:14.909+0000] {logging_mixin.py:151} INFO - [2023-11-05T18:48:14.909+0000] {dag.py:3722} INFO - Setting next_dagrun for latest_only to 2023-11-05T14:48:14.908955+00:00, run_after=2023-11-05T18:48:14.908955+00:00
[2023-11-05T18:48:14.943+0000] {processor.py:179} INFO - Processing /home/airflow/.local/lib/python3.8/site-packages/airflow/example_dags/example_latest_only.py took 0.159 seconds
[2023-11-05T18:48:45.453+0000] {processor.py:157} INFO - Started process (PID=328) to work on /home/airflow/.local/lib/python3.8/site-packages/airflow/example_dags/example_latest_only.py
[2023-11-05T18:48:45.457+0000] {processor.py:829} INFO - Processing file /home/airflow/.local/lib/python3.8/site-packages/airflow/example_dags/example_latest_only.py for tasks to queue
[2023-11-05T18:48:45.462+0000] {logging_mixin.py:151} INFO - [2023-11-05T18:48:45.461+0000] {dagbag.py:536} INFO - Filling up the DagBag from /home/airflow/.local/lib/python3.8/site-packages/airflow/example_dags/example_latest_only.py
[2023-11-05T18:48:45.469+0000] {processor.py:839} INFO - DAG(s) dict_keys(['latest_only']) retrieved from /home/airflow/.local/lib/python3.8/site-packages/airflow/example_dags/example_latest_only.py
[2023-11-05T18:48:45.516+0000] {logging_mixin.py:151} INFO - [2023-11-05T18:48:45.516+0000] {dag.py:2941} INFO - Sync 1 DAGs
[2023-11-05T18:48:45.537+0000] {logging_mixin.py:151} INFO - [2023-11-05T18:48:45.536+0000] {dag.py:3722} INFO - Setting next_dagrun for latest_only to 2023-11-05T14:48:45.536755+00:00, run_after=2023-11-05T18:48:45.536755+00:00
[2023-11-05T18:48:45.551+0000] {processor.py:179} INFO - Processing /home/airflow/.local/lib/python3.8/site-packages/airflow/example_dags/example_latest_only.py took 0.104 seconds
[2023-11-05T18:53:31.691+0000] {processor.py:157} INFO - Started process (PID=382) to work on /home/airflow/.local/lib/python3.8/site-packages/airflow/example_dags/example_latest_only.py
[2023-11-05T18:53:31.693+0000] {processor.py:829} INFO - Processing file /home/airflow/.local/lib/python3.8/site-packages/airflow/example_dags/example_latest_only.py for tasks to queue
[2023-11-05T18:53:31.695+0000] {logging_mixin.py:151} INFO - [2023-11-05T18:53:31.694+0000] {dagbag.py:536} INFO - Filling up the DagBag from /home/airflow/.local/lib/python3.8/site-packages/airflow/example_dags/example_latest_only.py
[2023-11-05T18:53:31.701+0000] {processor.py:839} INFO - DAG(s) dict_keys(['latest_only']) retrieved from /home/airflow/.local/lib/python3.8/site-packages/airflow/example_dags/example_latest_only.py
[2023-11-05T18:53:31.723+0000] {logging_mixin.py:151} INFO - [2023-11-05T18:53:31.723+0000] {dag.py:2941} INFO - Sync 1 DAGs
[2023-11-05T18:53:31.744+0000] {logging_mixin.py:151} INFO - [2023-11-05T18:53:31.744+0000] {dag.py:3722} INFO - Setting next_dagrun for latest_only to 2023-11-05T14:53:31.744183+00:00, run_after=2023-11-05T18:53:31.744183+00:00
[2023-11-05T18:53:31.768+0000] {processor.py:179} INFO - Processing /home/airflow/.local/lib/python3.8/site-packages/airflow/example_dags/example_latest_only.py took 0.079 seconds
[2023-11-05T18:54:04.259+0000] {processor.py:157} INFO - Started process (PID=436) to work on /home/airflow/.local/lib/python3.8/site-packages/airflow/example_dags/example_latest_only.py
[2023-11-05T18:54:04.261+0000] {processor.py:829} INFO - Processing file /home/airflow/.local/lib/python3.8/site-packages/airflow/example_dags/example_latest_only.py for tasks to queue
[2023-11-05T18:54:04.264+0000] {logging_mixin.py:151} INFO - [2023-11-05T18:54:04.264+0000] {dagbag.py:536} INFO - Filling up the DagBag from /home/airflow/.local/lib/python3.8/site-packages/airflow/example_dags/example_latest_only.py
[2023-11-05T18:54:04.270+0000] {processor.py:839} INFO - DAG(s) dict_keys(['latest_only']) retrieved from /home/airflow/.local/lib/python3.8/site-packages/airflow/example_dags/example_latest_only.py
[2023-11-05T18:54:04.289+0000] {logging_mixin.py:151} INFO - [2023-11-05T18:54:04.289+0000] {dag.py:2941} INFO - Sync 1 DAGs
[2023-11-05T18:54:04.353+0000] {logging_mixin.py:151} INFO - [2023-11-05T18:54:04.352+0000] {dag.py:3722} INFO - Setting next_dagrun for latest_only to 2023-11-05T14:54:04.351741+00:00, run_after=2023-11-05T18:54:04.351741+00:00
[2023-11-05T18:54:04.477+0000] {processor.py:179} INFO - Processing /home/airflow/.local/lib/python3.8/site-packages/airflow/example_dags/example_latest_only.py took 0.222 seconds
[2023-11-05T18:54:34.768+0000] {processor.py:157} INFO - Started process (PID=490) to work on /home/airflow/.local/lib/python3.8/site-packages/airflow/example_dags/example_latest_only.py
[2023-11-05T18:54:34.769+0000] {processor.py:829} INFO - Processing file /home/airflow/.local/lib/python3.8/site-packages/airflow/example_dags/example_latest_only.py for tasks to queue
[2023-11-05T18:54:34.771+0000] {logging_mixin.py:151} INFO - [2023-11-05T18:54:34.771+0000] {dagbag.py:536} INFO - Filling up the DagBag from /home/airflow/.local/lib/python3.8/site-packages/airflow/example_dags/example_latest_only.py
[2023-11-05T18:54:34.776+0000] {processor.py:839} INFO - DAG(s) dict_keys(['latest_only']) retrieved from /home/airflow/.local/lib/python3.8/site-packages/airflow/example_dags/example_latest_only.py
[2023-11-05T18:54:34.794+0000] {logging_mixin.py:151} INFO - [2023-11-05T18:54:34.794+0000] {dag.py:2941} INFO - Sync 1 DAGs
[2023-11-05T18:54:34.810+0000] {logging_mixin.py:151} INFO - [2023-11-05T18:54:34.809+0000] {dag.py:3722} INFO - Setting next_dagrun for latest_only to 2023-11-05T14:54:34.809769+00:00, run_after=2023-11-05T18:54:34.809769+00:00
[2023-11-05T18:54:34.836+0000] {processor.py:179} INFO - Processing /home/airflow/.local/lib/python3.8/site-packages/airflow/example_dags/example_latest_only.py took 0.070 seconds
