[2023-11-05T18:35:58.839+0000] {processor.py:157} INFO - Started process (PID=41) to work on /home/airflow/.local/lib/python3.8/site-packages/airflow/example_dags/example_python_operator.py
[2023-11-05T18:35:58.858+0000] {processor.py:829} INFO - Processing file /home/airflow/.local/lib/python3.8/site-packages/airflow/example_dags/example_python_operator.py for tasks to queue
[2023-11-05T18:35:58.866+0000] {logging_mixin.py:151} INFO - [2023-11-05T18:35:58.866+0000] {dagbag.py:536} INFO - Filling up the DagBag from /home/airflow/.local/lib/python3.8/site-packages/airflow/example_dags/example_python_operator.py
[2023-11-05T18:35:58.891+0000] {processor.py:839} INFO - DAG(s) dict_keys(['example_python_operator']) retrieved from /home/airflow/.local/lib/python3.8/site-packages/airflow/example_dags/example_python_operator.py
[2023-11-05T18:35:59.355+0000] {logging_mixin.py:151} INFO - [2023-11-05T18:35:59.355+0000] {dag.py:2941} INFO - Sync 1 DAGs
[2023-11-05T18:35:59.364+0000] {logging_mixin.py:151} INFO - [2023-11-05T18:35:59.364+0000] {dag.py:3722} INFO - Setting next_dagrun for example_python_operator to None, run_after=None
[2023-11-05T18:35:59.423+0000] {processor.py:179} INFO - Processing /home/airflow/.local/lib/python3.8/site-packages/airflow/example_dags/example_python_operator.py took 0.587 seconds
[2023-11-05T18:36:30.259+0000] {processor.py:157} INFO - Started process (PID=95) to work on /home/airflow/.local/lib/python3.8/site-packages/airflow/example_dags/example_python_operator.py
[2023-11-05T18:36:30.272+0000] {processor.py:829} INFO - Processing file /home/airflow/.local/lib/python3.8/site-packages/airflow/example_dags/example_python_operator.py for tasks to queue
[2023-11-05T18:36:30.276+0000] {logging_mixin.py:151} INFO - [2023-11-05T18:36:30.276+0000] {dagbag.py:536} INFO - Filling up the DagBag from /home/airflow/.local/lib/python3.8/site-packages/airflow/example_dags/example_python_operator.py
[2023-11-05T18:36:30.302+0000] {processor.py:839} INFO - DAG(s) dict_keys(['example_python_operator']) retrieved from /home/airflow/.local/lib/python3.8/site-packages/airflow/example_dags/example_python_operator.py
[2023-11-05T18:36:30.436+0000] {logging_mixin.py:151} INFO - [2023-11-05T18:36:30.436+0000] {dag.py:2941} INFO - Sync 1 DAGs
[2023-11-05T18:36:30.473+0000] {logging_mixin.py:151} INFO - [2023-11-05T18:36:30.473+0000] {dag.py:3722} INFO - Setting next_dagrun for example_python_operator to None, run_after=None
[2023-11-05T18:36:30.563+0000] {processor.py:179} INFO - Processing /home/airflow/.local/lib/python3.8/site-packages/airflow/example_dags/example_python_operator.py took 0.309 seconds
[2023-11-05T18:37:01.290+0000] {processor.py:157} INFO - Started process (PID=148) to work on /home/airflow/.local/lib/python3.8/site-packages/airflow/example_dags/example_python_operator.py
[2023-11-05T18:37:01.293+0000] {processor.py:829} INFO - Processing file /home/airflow/.local/lib/python3.8/site-packages/airflow/example_dags/example_python_operator.py for tasks to queue
[2023-11-05T18:37:01.302+0000] {logging_mixin.py:151} INFO - [2023-11-05T18:37:01.302+0000] {dagbag.py:536} INFO - Filling up the DagBag from /home/airflow/.local/lib/python3.8/site-packages/airflow/example_dags/example_python_operator.py
[2023-11-05T18:37:01.312+0000] {processor.py:839} INFO - DAG(s) dict_keys(['example_python_operator']) retrieved from /home/airflow/.local/lib/python3.8/site-packages/airflow/example_dags/example_python_operator.py
[2023-11-05T18:37:01.351+0000] {logging_mixin.py:151} INFO - [2023-11-05T18:37:01.350+0000] {dag.py:2941} INFO - Sync 1 DAGs
[2023-11-05T18:37:01.370+0000] {logging_mixin.py:151} INFO - [2023-11-05T18:37:01.369+0000] {dag.py:3722} INFO - Setting next_dagrun for example_python_operator to None, run_after=None
[2023-11-05T18:37:01.408+0000] {processor.py:179} INFO - Processing /home/airflow/.local/lib/python3.8/site-packages/airflow/example_dags/example_python_operator.py took 0.121 seconds
[2023-11-05T18:37:31.607+0000] {processor.py:157} INFO - Started process (PID=201) to work on /home/airflow/.local/lib/python3.8/site-packages/airflow/example_dags/example_python_operator.py
[2023-11-05T18:37:31.621+0000] {processor.py:829} INFO - Processing file /home/airflow/.local/lib/python3.8/site-packages/airflow/example_dags/example_python_operator.py for tasks to queue
[2023-11-05T18:37:31.623+0000] {logging_mixin.py:151} INFO - [2023-11-05T18:37:31.623+0000] {dagbag.py:536} INFO - Filling up the DagBag from /home/airflow/.local/lib/python3.8/site-packages/airflow/example_dags/example_python_operator.py
[2023-11-05T18:37:31.630+0000] {processor.py:839} INFO - DAG(s) dict_keys(['example_python_operator']) retrieved from /home/airflow/.local/lib/python3.8/site-packages/airflow/example_dags/example_python_operator.py
[2023-11-05T18:37:31.713+0000] {logging_mixin.py:151} INFO - [2023-11-05T18:37:31.713+0000] {dag.py:2941} INFO - Sync 1 DAGs
[2023-11-05T18:37:31.746+0000] {logging_mixin.py:151} INFO - [2023-11-05T18:37:31.746+0000] {dag.py:3722} INFO - Setting next_dagrun for example_python_operator to None, run_after=None
[2023-11-05T18:37:31.797+0000] {processor.py:179} INFO - Processing /home/airflow/.local/lib/python3.8/site-packages/airflow/example_dags/example_python_operator.py took 0.194 seconds
[2023-11-05T18:38:02.108+0000] {processor.py:157} INFO - Started process (PID=255) to work on /home/airflow/.local/lib/python3.8/site-packages/airflow/example_dags/example_python_operator.py
[2023-11-05T18:38:02.111+0000] {processor.py:829} INFO - Processing file /home/airflow/.local/lib/python3.8/site-packages/airflow/example_dags/example_python_operator.py for tasks to queue
[2023-11-05T18:38:02.117+0000] {logging_mixin.py:151} INFO - [2023-11-05T18:38:02.116+0000] {dagbag.py:536} INFO - Filling up the DagBag from /home/airflow/.local/lib/python3.8/site-packages/airflow/example_dags/example_python_operator.py
[2023-11-05T18:38:02.127+0000] {processor.py:839} INFO - DAG(s) dict_keys(['example_python_operator']) retrieved from /home/airflow/.local/lib/python3.8/site-packages/airflow/example_dags/example_python_operator.py
[2023-11-05T18:38:02.195+0000] {logging_mixin.py:151} INFO - [2023-11-05T18:38:02.195+0000] {dag.py:2941} INFO - Sync 1 DAGs
[2023-11-05T18:38:02.208+0000] {logging_mixin.py:151} INFO - [2023-11-05T18:38:02.208+0000] {dag.py:3722} INFO - Setting next_dagrun for example_python_operator to None, run_after=None
[2023-11-05T18:38:02.237+0000] {processor.py:179} INFO - Processing /home/airflow/.local/lib/python3.8/site-packages/airflow/example_dags/example_python_operator.py took 0.131 seconds
[2023-11-05T18:38:32.557+0000] {processor.py:157} INFO - Started process (PID=308) to work on /home/airflow/.local/lib/python3.8/site-packages/airflow/example_dags/example_python_operator.py
[2023-11-05T18:38:32.563+0000] {processor.py:829} INFO - Processing file /home/airflow/.local/lib/python3.8/site-packages/airflow/example_dags/example_python_operator.py for tasks to queue
[2023-11-05T18:38:32.565+0000] {logging_mixin.py:151} INFO - [2023-11-05T18:38:32.565+0000] {dagbag.py:536} INFO - Filling up the DagBag from /home/airflow/.local/lib/python3.8/site-packages/airflow/example_dags/example_python_operator.py
[2023-11-05T18:38:32.574+0000] {processor.py:839} INFO - DAG(s) dict_keys(['example_python_operator']) retrieved from /home/airflow/.local/lib/python3.8/site-packages/airflow/example_dags/example_python_operator.py
[2023-11-05T18:38:32.631+0000] {logging_mixin.py:151} INFO - [2023-11-05T18:38:32.631+0000] {dag.py:2941} INFO - Sync 1 DAGs
[2023-11-05T18:38:32.650+0000] {logging_mixin.py:151} INFO - [2023-11-05T18:38:32.650+0000] {dag.py:3722} INFO - Setting next_dagrun for example_python_operator to None, run_after=None
[2023-11-05T18:38:32.705+0000] {processor.py:179} INFO - Processing /home/airflow/.local/lib/python3.8/site-packages/airflow/example_dags/example_python_operator.py took 0.151 seconds
[2023-11-05T18:39:02.962+0000] {processor.py:157} INFO - Started process (PID=362) to work on /home/airflow/.local/lib/python3.8/site-packages/airflow/example_dags/example_python_operator.py
[2023-11-05T18:39:02.973+0000] {processor.py:829} INFO - Processing file /home/airflow/.local/lib/python3.8/site-packages/airflow/example_dags/example_python_operator.py for tasks to queue
[2023-11-05T18:39:02.980+0000] {logging_mixin.py:151} INFO - [2023-11-05T18:39:02.979+0000] {dagbag.py:536} INFO - Filling up the DagBag from /home/airflow/.local/lib/python3.8/site-packages/airflow/example_dags/example_python_operator.py
[2023-11-05T18:39:02.989+0000] {processor.py:839} INFO - DAG(s) dict_keys(['example_python_operator']) retrieved from /home/airflow/.local/lib/python3.8/site-packages/airflow/example_dags/example_python_operator.py
[2023-11-05T18:39:03.068+0000] {logging_mixin.py:151} INFO - [2023-11-05T18:39:03.068+0000] {dag.py:2941} INFO - Sync 1 DAGs
[2023-11-05T18:39:03.090+0000] {logging_mixin.py:151} INFO - [2023-11-05T18:39:03.089+0000] {dag.py:3722} INFO - Setting next_dagrun for example_python_operator to None, run_after=None
[2023-11-05T18:39:03.146+0000] {processor.py:179} INFO - Processing /home/airflow/.local/lib/python3.8/site-packages/airflow/example_dags/example_python_operator.py took 0.186 seconds
[2023-11-05T18:39:33.379+0000] {processor.py:157} INFO - Started process (PID=416) to work on /home/airflow/.local/lib/python3.8/site-packages/airflow/example_dags/example_python_operator.py
[2023-11-05T18:39:33.382+0000] {processor.py:829} INFO - Processing file /home/airflow/.local/lib/python3.8/site-packages/airflow/example_dags/example_python_operator.py for tasks to queue
[2023-11-05T18:39:33.388+0000] {logging_mixin.py:151} INFO - [2023-11-05T18:39:33.387+0000] {dagbag.py:536} INFO - Filling up the DagBag from /home/airflow/.local/lib/python3.8/site-packages/airflow/example_dags/example_python_operator.py
[2023-11-05T18:39:33.399+0000] {processor.py:839} INFO - DAG(s) dict_keys(['example_python_operator']) retrieved from /home/airflow/.local/lib/python3.8/site-packages/airflow/example_dags/example_python_operator.py
[2023-11-05T18:39:33.460+0000] {logging_mixin.py:151} INFO - [2023-11-05T18:39:33.460+0000] {dag.py:2941} INFO - Sync 1 DAGs
[2023-11-05T18:39:33.476+0000] {logging_mixin.py:151} INFO - [2023-11-05T18:39:33.476+0000] {dag.py:3722} INFO - Setting next_dagrun for example_python_operator to None, run_after=None
[2023-11-05T18:39:33.540+0000] {processor.py:179} INFO - Processing /home/airflow/.local/lib/python3.8/site-packages/airflow/example_dags/example_python_operator.py took 0.164 seconds
[2023-11-05T18:40:04.010+0000] {processor.py:157} INFO - Started process (PID=470) to work on /home/airflow/.local/lib/python3.8/site-packages/airflow/example_dags/example_python_operator.py
[2023-11-05T18:40:04.015+0000] {processor.py:829} INFO - Processing file /home/airflow/.local/lib/python3.8/site-packages/airflow/example_dags/example_python_operator.py for tasks to queue
[2023-11-05T18:40:04.021+0000] {logging_mixin.py:151} INFO - [2023-11-05T18:40:04.020+0000] {dagbag.py:536} INFO - Filling up the DagBag from /home/airflow/.local/lib/python3.8/site-packages/airflow/example_dags/example_python_operator.py
[2023-11-05T18:40:04.029+0000] {processor.py:839} INFO - DAG(s) dict_keys(['example_python_operator']) retrieved from /home/airflow/.local/lib/python3.8/site-packages/airflow/example_dags/example_python_operator.py
[2023-11-05T18:40:04.070+0000] {logging_mixin.py:151} INFO - [2023-11-05T18:40:04.070+0000] {dag.py:2941} INFO - Sync 1 DAGs
[2023-11-05T18:40:04.094+0000] {logging_mixin.py:151} INFO - [2023-11-05T18:40:04.094+0000] {dag.py:3722} INFO - Setting next_dagrun for example_python_operator to None, run_after=None
[2023-11-05T18:40:04.129+0000] {processor.py:179} INFO - Processing /home/airflow/.local/lib/python3.8/site-packages/airflow/example_dags/example_python_operator.py took 0.124 seconds
[2023-11-05T18:40:34.267+0000] {processor.py:157} INFO - Started process (PID=524) to work on /home/airflow/.local/lib/python3.8/site-packages/airflow/example_dags/example_python_operator.py
[2023-11-05T18:40:34.279+0000] {processor.py:829} INFO - Processing file /home/airflow/.local/lib/python3.8/site-packages/airflow/example_dags/example_python_operator.py for tasks to queue
[2023-11-05T18:40:34.285+0000] {logging_mixin.py:151} INFO - [2023-11-05T18:40:34.284+0000] {dagbag.py:536} INFO - Filling up the DagBag from /home/airflow/.local/lib/python3.8/site-packages/airflow/example_dags/example_python_operator.py
[2023-11-05T18:40:34.306+0000] {processor.py:839} INFO - DAG(s) dict_keys(['example_python_operator']) retrieved from /home/airflow/.local/lib/python3.8/site-packages/airflow/example_dags/example_python_operator.py
[2023-11-05T18:40:34.354+0000] {logging_mixin.py:151} INFO - [2023-11-05T18:40:34.354+0000] {dag.py:2941} INFO - Sync 1 DAGs
[2023-11-05T18:40:34.375+0000] {logging_mixin.py:151} INFO - [2023-11-05T18:40:34.375+0000] {dag.py:3722} INFO - Setting next_dagrun for example_python_operator to None, run_after=None
[2023-11-05T18:40:34.457+0000] {processor.py:179} INFO - Processing /home/airflow/.local/lib/python3.8/site-packages/airflow/example_dags/example_python_operator.py took 0.193 seconds
[2023-11-05T18:41:05.323+0000] {processor.py:157} INFO - Started process (PID=578) to work on /home/airflow/.local/lib/python3.8/site-packages/airflow/example_dags/example_python_operator.py
[2023-11-05T18:41:05.324+0000] {processor.py:829} INFO - Processing file /home/airflow/.local/lib/python3.8/site-packages/airflow/example_dags/example_python_operator.py for tasks to queue
[2023-11-05T18:41:05.327+0000] {logging_mixin.py:151} INFO - [2023-11-05T18:41:05.326+0000] {dagbag.py:536} INFO - Filling up the DagBag from /home/airflow/.local/lib/python3.8/site-packages/airflow/example_dags/example_python_operator.py
[2023-11-05T18:41:05.335+0000] {processor.py:839} INFO - DAG(s) dict_keys(['example_python_operator']) retrieved from /home/airflow/.local/lib/python3.8/site-packages/airflow/example_dags/example_python_operator.py
[2023-11-05T18:41:05.363+0000] {logging_mixin.py:151} INFO - [2023-11-05T18:41:05.362+0000] {dag.py:2941} INFO - Sync 1 DAGs
[2023-11-05T18:41:05.371+0000] {logging_mixin.py:151} INFO - [2023-11-05T18:41:05.371+0000] {dag.py:3722} INFO - Setting next_dagrun for example_python_operator to None, run_after=None
[2023-11-05T18:41:05.392+0000] {processor.py:179} INFO - Processing /home/airflow/.local/lib/python3.8/site-packages/airflow/example_dags/example_python_operator.py took 0.072 seconds
[2023-11-05T18:41:36.007+0000] {processor.py:157} INFO - Started process (PID=632) to work on /home/airflow/.local/lib/python3.8/site-packages/airflow/example_dags/example_python_operator.py
[2023-11-05T18:41:36.009+0000] {processor.py:829} INFO - Processing file /home/airflow/.local/lib/python3.8/site-packages/airflow/example_dags/example_python_operator.py for tasks to queue
[2023-11-05T18:41:36.014+0000] {logging_mixin.py:151} INFO - [2023-11-05T18:41:36.013+0000] {dagbag.py:536} INFO - Filling up the DagBag from /home/airflow/.local/lib/python3.8/site-packages/airflow/example_dags/example_python_operator.py
[2023-11-05T18:41:36.031+0000] {processor.py:839} INFO - DAG(s) dict_keys(['example_python_operator']) retrieved from /home/airflow/.local/lib/python3.8/site-packages/airflow/example_dags/example_python_operator.py
[2023-11-05T18:41:36.058+0000] {logging_mixin.py:151} INFO - [2023-11-05T18:41:36.057+0000] {dag.py:2941} INFO - Sync 1 DAGs
[2023-11-05T18:41:36.068+0000] {logging_mixin.py:151} INFO - [2023-11-05T18:41:36.068+0000] {dag.py:3722} INFO - Setting next_dagrun for example_python_operator to None, run_after=None
[2023-11-05T18:41:36.087+0000] {processor.py:179} INFO - Processing /home/airflow/.local/lib/python3.8/site-packages/airflow/example_dags/example_python_operator.py took 0.083 seconds
[2023-11-05T18:42:06.357+0000] {processor.py:157} INFO - Started process (PID=685) to work on /home/airflow/.local/lib/python3.8/site-packages/airflow/example_dags/example_python_operator.py
[2023-11-05T18:42:06.359+0000] {processor.py:829} INFO - Processing file /home/airflow/.local/lib/python3.8/site-packages/airflow/example_dags/example_python_operator.py for tasks to queue
[2023-11-05T18:42:06.361+0000] {logging_mixin.py:151} INFO - [2023-11-05T18:42:06.360+0000] {dagbag.py:536} INFO - Filling up the DagBag from /home/airflow/.local/lib/python3.8/site-packages/airflow/example_dags/example_python_operator.py
[2023-11-05T18:42:06.368+0000] {processor.py:839} INFO - DAG(s) dict_keys(['example_python_operator']) retrieved from /home/airflow/.local/lib/python3.8/site-packages/airflow/example_dags/example_python_operator.py
[2023-11-05T18:42:06.395+0000] {logging_mixin.py:151} INFO - [2023-11-05T18:42:06.395+0000] {dag.py:2941} INFO - Sync 1 DAGs
[2023-11-05T18:42:06.407+0000] {logging_mixin.py:151} INFO - [2023-11-05T18:42:06.406+0000] {dag.py:3722} INFO - Setting next_dagrun for example_python_operator to None, run_after=None
[2023-11-05T18:42:06.439+0000] {processor.py:179} INFO - Processing /home/airflow/.local/lib/python3.8/site-packages/airflow/example_dags/example_python_operator.py took 0.083 seconds
[2023-11-05T18:42:36.766+0000] {processor.py:157} INFO - Started process (PID=739) to work on /home/airflow/.local/lib/python3.8/site-packages/airflow/example_dags/example_python_operator.py
[2023-11-05T18:42:36.768+0000] {processor.py:829} INFO - Processing file /home/airflow/.local/lib/python3.8/site-packages/airflow/example_dags/example_python_operator.py for tasks to queue
[2023-11-05T18:42:36.773+0000] {logging_mixin.py:151} INFO - [2023-11-05T18:42:36.772+0000] {dagbag.py:536} INFO - Filling up the DagBag from /home/airflow/.local/lib/python3.8/site-packages/airflow/example_dags/example_python_operator.py
[2023-11-05T18:42:36.784+0000] {processor.py:839} INFO - DAG(s) dict_keys(['example_python_operator']) retrieved from /home/airflow/.local/lib/python3.8/site-packages/airflow/example_dags/example_python_operator.py
[2023-11-05T18:42:36.810+0000] {logging_mixin.py:151} INFO - [2023-11-05T18:42:36.810+0000] {dag.py:2941} INFO - Sync 1 DAGs
[2023-11-05T18:42:36.823+0000] {logging_mixin.py:151} INFO - [2023-11-05T18:42:36.822+0000] {dag.py:3722} INFO - Setting next_dagrun for example_python_operator to None, run_after=None
[2023-11-05T18:42:36.839+0000] {processor.py:179} INFO - Processing /home/airflow/.local/lib/python3.8/site-packages/airflow/example_dags/example_python_operator.py took 0.076 seconds
[2023-11-05T18:43:07.122+0000] {processor.py:157} INFO - Started process (PID=793) to work on /home/airflow/.local/lib/python3.8/site-packages/airflow/example_dags/example_python_operator.py
[2023-11-05T18:43:07.126+0000] {processor.py:829} INFO - Processing file /home/airflow/.local/lib/python3.8/site-packages/airflow/example_dags/example_python_operator.py for tasks to queue
[2023-11-05T18:43:07.132+0000] {logging_mixin.py:151} INFO - [2023-11-05T18:43:07.130+0000] {dagbag.py:536} INFO - Filling up the DagBag from /home/airflow/.local/lib/python3.8/site-packages/airflow/example_dags/example_python_operator.py
[2023-11-05T18:43:07.139+0000] {processor.py:839} INFO - DAG(s) dict_keys(['example_python_operator']) retrieved from /home/airflow/.local/lib/python3.8/site-packages/airflow/example_dags/example_python_operator.py
[2023-11-05T18:43:07.156+0000] {logging_mixin.py:151} INFO - [2023-11-05T18:43:07.156+0000] {dag.py:2941} INFO - Sync 1 DAGs
[2023-11-05T18:43:07.163+0000] {logging_mixin.py:151} INFO - [2023-11-05T18:43:07.163+0000] {dag.py:3722} INFO - Setting next_dagrun for example_python_operator to None, run_after=None
[2023-11-05T18:43:07.179+0000] {processor.py:179} INFO - Processing /home/airflow/.local/lib/python3.8/site-packages/airflow/example_dags/example_python_operator.py took 0.062 seconds
[2023-11-05T18:43:37.705+0000] {processor.py:157} INFO - Started process (PID=847) to work on /home/airflow/.local/lib/python3.8/site-packages/airflow/example_dags/example_python_operator.py
[2023-11-05T18:43:37.706+0000] {processor.py:829} INFO - Processing file /home/airflow/.local/lib/python3.8/site-packages/airflow/example_dags/example_python_operator.py for tasks to queue
[2023-11-05T18:43:37.708+0000] {logging_mixin.py:151} INFO - [2023-11-05T18:43:37.708+0000] {dagbag.py:536} INFO - Filling up the DagBag from /home/airflow/.local/lib/python3.8/site-packages/airflow/example_dags/example_python_operator.py
[2023-11-05T18:43:37.716+0000] {processor.py:839} INFO - DAG(s) dict_keys(['example_python_operator']) retrieved from /home/airflow/.local/lib/python3.8/site-packages/airflow/example_dags/example_python_operator.py
[2023-11-05T18:43:37.737+0000] {logging_mixin.py:151} INFO - [2023-11-05T18:43:37.737+0000] {dag.py:2941} INFO - Sync 1 DAGs
[2023-11-05T18:43:37.744+0000] {logging_mixin.py:151} INFO - [2023-11-05T18:43:37.744+0000] {dag.py:3722} INFO - Setting next_dagrun for example_python_operator to None, run_after=None
[2023-11-05T18:43:37.761+0000] {processor.py:179} INFO - Processing /home/airflow/.local/lib/python3.8/site-packages/airflow/example_dags/example_python_operator.py took 0.060 seconds
[2023-11-05T18:44:08.214+0000] {processor.py:157} INFO - Started process (PID=901) to work on /home/airflow/.local/lib/python3.8/site-packages/airflow/example_dags/example_python_operator.py
[2023-11-05T18:44:08.214+0000] {processor.py:829} INFO - Processing file /home/airflow/.local/lib/python3.8/site-packages/airflow/example_dags/example_python_operator.py for tasks to queue
[2023-11-05T18:44:08.218+0000] {logging_mixin.py:151} INFO - [2023-11-05T18:44:08.218+0000] {dagbag.py:536} INFO - Filling up the DagBag from /home/airflow/.local/lib/python3.8/site-packages/airflow/example_dags/example_python_operator.py
[2023-11-05T18:44:08.232+0000] {processor.py:839} INFO - DAG(s) dict_keys(['example_python_operator']) retrieved from /home/airflow/.local/lib/python3.8/site-packages/airflow/example_dags/example_python_operator.py
[2023-11-05T18:44:08.255+0000] {logging_mixin.py:151} INFO - [2023-11-05T18:44:08.255+0000] {dag.py:2941} INFO - Sync 1 DAGs
[2023-11-05T18:44:08.269+0000] {logging_mixin.py:151} INFO - [2023-11-05T18:44:08.268+0000] {dag.py:3722} INFO - Setting next_dagrun for example_python_operator to None, run_after=None
[2023-11-05T18:44:08.289+0000] {processor.py:179} INFO - Processing /home/airflow/.local/lib/python3.8/site-packages/airflow/example_dags/example_python_operator.py took 0.078 seconds
[2023-11-05T18:44:38.505+0000] {processor.py:157} INFO - Started process (PID=955) to work on /home/airflow/.local/lib/python3.8/site-packages/airflow/example_dags/example_python_operator.py
[2023-11-05T18:44:38.507+0000] {processor.py:829} INFO - Processing file /home/airflow/.local/lib/python3.8/site-packages/airflow/example_dags/example_python_operator.py for tasks to queue
[2023-11-05T18:44:38.510+0000] {logging_mixin.py:151} INFO - [2023-11-05T18:44:38.509+0000] {dagbag.py:536} INFO - Filling up the DagBag from /home/airflow/.local/lib/python3.8/site-packages/airflow/example_dags/example_python_operator.py
[2023-11-05T18:44:38.522+0000] {processor.py:839} INFO - DAG(s) dict_keys(['example_python_operator']) retrieved from /home/airflow/.local/lib/python3.8/site-packages/airflow/example_dags/example_python_operator.py
[2023-11-05T18:44:38.555+0000] {logging_mixin.py:151} INFO - [2023-11-05T18:44:38.554+0000] {dag.py:2941} INFO - Sync 1 DAGs
[2023-11-05T18:44:38.563+0000] {logging_mixin.py:151} INFO - [2023-11-05T18:44:38.563+0000] {dag.py:3722} INFO - Setting next_dagrun for example_python_operator to None, run_after=None
[2023-11-05T18:44:38.593+0000] {processor.py:179} INFO - Processing /home/airflow/.local/lib/python3.8/site-packages/airflow/example_dags/example_python_operator.py took 0.095 seconds
[2023-11-05T18:45:08.914+0000] {processor.py:157} INFO - Started process (PID=1008) to work on /home/airflow/.local/lib/python3.8/site-packages/airflow/example_dags/example_python_operator.py
[2023-11-05T18:45:08.918+0000] {processor.py:829} INFO - Processing file /home/airflow/.local/lib/python3.8/site-packages/airflow/example_dags/example_python_operator.py for tasks to queue
[2023-11-05T18:45:08.921+0000] {logging_mixin.py:151} INFO - [2023-11-05T18:45:08.920+0000] {dagbag.py:536} INFO - Filling up the DagBag from /home/airflow/.local/lib/python3.8/site-packages/airflow/example_dags/example_python_operator.py
[2023-11-05T18:45:08.928+0000] {processor.py:839} INFO - DAG(s) dict_keys(['example_python_operator']) retrieved from /home/airflow/.local/lib/python3.8/site-packages/airflow/example_dags/example_python_operator.py
[2023-11-05T18:45:08.950+0000] {logging_mixin.py:151} INFO - [2023-11-05T18:45:08.949+0000] {dag.py:2941} INFO - Sync 1 DAGs
[2023-11-05T18:45:08.961+0000] {logging_mixin.py:151} INFO - [2023-11-05T18:45:08.961+0000] {dag.py:3722} INFO - Setting next_dagrun for example_python_operator to None, run_after=None
[2023-11-05T18:45:08.981+0000] {processor.py:179} INFO - Processing /home/airflow/.local/lib/python3.8/site-packages/airflow/example_dags/example_python_operator.py took 0.069 seconds
[2023-11-05T18:46:09.997+0000] {processor.py:157} INFO - Started process (PID=41) to work on /home/airflow/.local/lib/python3.8/site-packages/airflow/example_dags/example_python_operator.py
[2023-11-05T18:46:10.000+0000] {processor.py:829} INFO - Processing file /home/airflow/.local/lib/python3.8/site-packages/airflow/example_dags/example_python_operator.py for tasks to queue
[2023-11-05T18:46:10.007+0000] {logging_mixin.py:151} INFO - [2023-11-05T18:46:10.006+0000] {dagbag.py:536} INFO - Filling up the DagBag from /home/airflow/.local/lib/python3.8/site-packages/airflow/example_dags/example_python_operator.py
[2023-11-05T18:46:10.043+0000] {processor.py:839} INFO - DAG(s) dict_keys(['example_python_operator']) retrieved from /home/airflow/.local/lib/python3.8/site-packages/airflow/example_dags/example_python_operator.py
[2023-11-05T18:46:10.089+0000] {logging_mixin.py:151} INFO - [2023-11-05T18:46:10.089+0000] {dag.py:2941} INFO - Sync 1 DAGs
[2023-11-05T18:46:10.124+0000] {logging_mixin.py:151} INFO - [2023-11-05T18:46:10.120+0000] {dag.py:3722} INFO - Setting next_dagrun for example_python_operator to None, run_after=None
[2023-11-05T18:46:10.197+0000] {processor.py:179} INFO - Processing /home/airflow/.local/lib/python3.8/site-packages/airflow/example_dags/example_python_operator.py took 0.217 seconds
[2023-11-05T18:46:40.485+0000] {processor.py:157} INFO - Started process (PID=95) to work on /home/airflow/.local/lib/python3.8/site-packages/airflow/example_dags/example_python_operator.py
[2023-11-05T18:46:40.486+0000] {processor.py:829} INFO - Processing file /home/airflow/.local/lib/python3.8/site-packages/airflow/example_dags/example_python_operator.py for tasks to queue
[2023-11-05T18:46:40.488+0000] {logging_mixin.py:151} INFO - [2023-11-05T18:46:40.488+0000] {dagbag.py:536} INFO - Filling up the DagBag from /home/airflow/.local/lib/python3.8/site-packages/airflow/example_dags/example_python_operator.py
[2023-11-05T18:46:40.501+0000] {processor.py:839} INFO - DAG(s) dict_keys(['example_python_operator']) retrieved from /home/airflow/.local/lib/python3.8/site-packages/airflow/example_dags/example_python_operator.py
[2023-11-05T18:46:40.690+0000] {logging_mixin.py:151} INFO - [2023-11-05T18:46:40.690+0000] {dag.py:2941} INFO - Sync 1 DAGs
[2023-11-05T18:46:40.712+0000] {logging_mixin.py:151} INFO - [2023-11-05T18:46:40.711+0000] {dag.py:3722} INFO - Setting next_dagrun for example_python_operator to None, run_after=None
[2023-11-05T18:46:40.764+0000] {processor.py:179} INFO - Processing /home/airflow/.local/lib/python3.8/site-packages/airflow/example_dags/example_python_operator.py took 0.282 seconds
[2023-11-05T18:47:10.943+0000] {processor.py:157} INFO - Started process (PID=149) to work on /home/airflow/.local/lib/python3.8/site-packages/airflow/example_dags/example_python_operator.py
[2023-11-05T18:47:10.945+0000] {processor.py:829} INFO - Processing file /home/airflow/.local/lib/python3.8/site-packages/airflow/example_dags/example_python_operator.py for tasks to queue
[2023-11-05T18:47:10.947+0000] {logging_mixin.py:151} INFO - [2023-11-05T18:47:10.947+0000] {dagbag.py:536} INFO - Filling up the DagBag from /home/airflow/.local/lib/python3.8/site-packages/airflow/example_dags/example_python_operator.py
[2023-11-05T18:47:10.956+0000] {processor.py:839} INFO - DAG(s) dict_keys(['example_python_operator']) retrieved from /home/airflow/.local/lib/python3.8/site-packages/airflow/example_dags/example_python_operator.py
[2023-11-05T18:47:10.981+0000] {logging_mixin.py:151} INFO - [2023-11-05T18:47:10.978+0000] {dag.py:2941} INFO - Sync 1 DAGs
[2023-11-05T18:47:11.010+0000] {logging_mixin.py:151} INFO - [2023-11-05T18:47:11.010+0000] {dag.py:3722} INFO - Setting next_dagrun for example_python_operator to None, run_after=None
[2023-11-05T18:47:11.082+0000] {processor.py:179} INFO - Processing /home/airflow/.local/lib/python3.8/site-packages/airflow/example_dags/example_python_operator.py took 0.143 seconds
[2023-11-05T18:47:42.039+0000] {processor.py:157} INFO - Started process (PID=203) to work on /home/airflow/.local/lib/python3.8/site-packages/airflow/example_dags/example_python_operator.py
[2023-11-05T18:47:42.040+0000] {processor.py:829} INFO - Processing file /home/airflow/.local/lib/python3.8/site-packages/airflow/example_dags/example_python_operator.py for tasks to queue
[2023-11-05T18:47:42.042+0000] {logging_mixin.py:151} INFO - [2023-11-05T18:47:42.042+0000] {dagbag.py:536} INFO - Filling up the DagBag from /home/airflow/.local/lib/python3.8/site-packages/airflow/example_dags/example_python_operator.py
[2023-11-05T18:47:42.048+0000] {processor.py:839} INFO - DAG(s) dict_keys(['example_python_operator']) retrieved from /home/airflow/.local/lib/python3.8/site-packages/airflow/example_dags/example_python_operator.py
[2023-11-05T18:47:42.079+0000] {logging_mixin.py:151} INFO - [2023-11-05T18:47:42.079+0000] {dag.py:2941} INFO - Sync 1 DAGs
[2023-11-05T18:47:42.093+0000] {logging_mixin.py:151} INFO - [2023-11-05T18:47:42.093+0000] {dag.py:3722} INFO - Setting next_dagrun for example_python_operator to None, run_after=None
[2023-11-05T18:47:42.112+0000] {processor.py:179} INFO - Processing /home/airflow/.local/lib/python3.8/site-packages/airflow/example_dags/example_python_operator.py took 0.075 seconds
[2023-11-05T18:48:12.291+0000] {processor.py:157} INFO - Started process (PID=256) to work on /home/airflow/.local/lib/python3.8/site-packages/airflow/example_dags/example_python_operator.py
[2023-11-05T18:48:12.293+0000] {processor.py:829} INFO - Processing file /home/airflow/.local/lib/python3.8/site-packages/airflow/example_dags/example_python_operator.py for tasks to queue
[2023-11-05T18:48:12.295+0000] {logging_mixin.py:151} INFO - [2023-11-05T18:48:12.295+0000] {dagbag.py:536} INFO - Filling up the DagBag from /home/airflow/.local/lib/python3.8/site-packages/airflow/example_dags/example_python_operator.py
[2023-11-05T18:48:12.308+0000] {processor.py:839} INFO - DAG(s) dict_keys(['example_python_operator']) retrieved from /home/airflow/.local/lib/python3.8/site-packages/airflow/example_dags/example_python_operator.py
[2023-11-05T18:48:12.331+0000] {logging_mixin.py:151} INFO - [2023-11-05T18:48:12.330+0000] {dag.py:2941} INFO - Sync 1 DAGs
[2023-11-05T18:48:12.337+0000] {logging_mixin.py:151} INFO - [2023-11-05T18:48:12.337+0000] {dag.py:3722} INFO - Setting next_dagrun for example_python_operator to None, run_after=None
[2023-11-05T18:48:12.350+0000] {processor.py:179} INFO - Processing /home/airflow/.local/lib/python3.8/site-packages/airflow/example_dags/example_python_operator.py took 0.064 seconds
[2023-11-05T18:48:42.835+0000] {processor.py:157} INFO - Started process (PID=310) to work on /home/airflow/.local/lib/python3.8/site-packages/airflow/example_dags/example_python_operator.py
[2023-11-05T18:48:42.837+0000] {processor.py:829} INFO - Processing file /home/airflow/.local/lib/python3.8/site-packages/airflow/example_dags/example_python_operator.py for tasks to queue
[2023-11-05T18:48:42.840+0000] {logging_mixin.py:151} INFO - [2023-11-05T18:48:42.840+0000] {dagbag.py:536} INFO - Filling up the DagBag from /home/airflow/.local/lib/python3.8/site-packages/airflow/example_dags/example_python_operator.py
[2023-11-05T18:48:42.848+0000] {processor.py:839} INFO - DAG(s) dict_keys(['example_python_operator']) retrieved from /home/airflow/.local/lib/python3.8/site-packages/airflow/example_dags/example_python_operator.py
[2023-11-05T18:48:42.869+0000] {logging_mixin.py:151} INFO - [2023-11-05T18:48:42.869+0000] {dag.py:2941} INFO - Sync 1 DAGs
[2023-11-05T18:48:42.880+0000] {logging_mixin.py:151} INFO - [2023-11-05T18:48:42.879+0000] {dag.py:3722} INFO - Setting next_dagrun for example_python_operator to None, run_after=None
[2023-11-05T18:48:42.900+0000] {processor.py:179} INFO - Processing /home/airflow/.local/lib/python3.8/site-packages/airflow/example_dags/example_python_operator.py took 0.071 seconds
[2023-11-05T18:53:29.510+0000] {processor.py:157} INFO - Started process (PID=365) to work on /home/airflow/.local/lib/python3.8/site-packages/airflow/example_dags/example_python_operator.py
[2023-11-05T18:53:29.513+0000] {processor.py:829} INFO - Processing file /home/airflow/.local/lib/python3.8/site-packages/airflow/example_dags/example_python_operator.py for tasks to queue
[2023-11-05T18:53:29.519+0000] {logging_mixin.py:151} INFO - [2023-11-05T18:53:29.519+0000] {dagbag.py:536} INFO - Filling up the DagBag from /home/airflow/.local/lib/python3.8/site-packages/airflow/example_dags/example_python_operator.py
[2023-11-05T18:53:29.530+0000] {processor.py:839} INFO - DAG(s) dict_keys(['example_python_operator']) retrieved from /home/airflow/.local/lib/python3.8/site-packages/airflow/example_dags/example_python_operator.py
[2023-11-05T18:53:29.778+0000] {logging_mixin.py:151} INFO - [2023-11-05T18:53:29.776+0000] {dag.py:2941} INFO - Sync 1 DAGs
[2023-11-05T18:53:29.924+0000] {logging_mixin.py:151} INFO - [2023-11-05T18:53:29.923+0000] {dag.py:3722} INFO - Setting next_dagrun for example_python_operator to None, run_after=None
[2023-11-05T18:53:30.041+0000] {processor.py:179} INFO - Processing /home/airflow/.local/lib/python3.8/site-packages/airflow/example_dags/example_python_operator.py took 0.535 seconds
[2023-11-05T18:54:00.368+0000] {processor.py:157} INFO - Started process (PID=418) to work on /home/airflow/.local/lib/python3.8/site-packages/airflow/example_dags/example_python_operator.py
[2023-11-05T18:54:00.369+0000] {processor.py:829} INFO - Processing file /home/airflow/.local/lib/python3.8/site-packages/airflow/example_dags/example_python_operator.py for tasks to queue
[2023-11-05T18:54:00.371+0000] {logging_mixin.py:151} INFO - [2023-11-05T18:54:00.371+0000] {dagbag.py:536} INFO - Filling up the DagBag from /home/airflow/.local/lib/python3.8/site-packages/airflow/example_dags/example_python_operator.py
[2023-11-05T18:54:00.377+0000] {processor.py:839} INFO - DAG(s) dict_keys(['example_python_operator']) retrieved from /home/airflow/.local/lib/python3.8/site-packages/airflow/example_dags/example_python_operator.py
[2023-11-05T18:54:00.403+0000] {logging_mixin.py:151} INFO - [2023-11-05T18:54:00.403+0000] {dag.py:2941} INFO - Sync 1 DAGs
[2023-11-05T18:54:00.420+0000] {logging_mixin.py:151} INFO - [2023-11-05T18:54:00.419+0000] {dag.py:3722} INFO - Setting next_dagrun for example_python_operator to None, run_after=None
[2023-11-05T18:54:00.444+0000] {processor.py:179} INFO - Processing /home/airflow/.local/lib/python3.8/site-packages/airflow/example_dags/example_python_operator.py took 0.079 seconds
[2023-11-05T18:54:30.704+0000] {processor.py:157} INFO - Started process (PID=472) to work on /home/airflow/.local/lib/python3.8/site-packages/airflow/example_dags/example_python_operator.py
[2023-11-05T18:54:30.705+0000] {processor.py:829} INFO - Processing file /home/airflow/.local/lib/python3.8/site-packages/airflow/example_dags/example_python_operator.py for tasks to queue
[2023-11-05T18:54:30.708+0000] {logging_mixin.py:151} INFO - [2023-11-05T18:54:30.707+0000] {dagbag.py:536} INFO - Filling up the DagBag from /home/airflow/.local/lib/python3.8/site-packages/airflow/example_dags/example_python_operator.py
[2023-11-05T18:54:30.715+0000] {processor.py:839} INFO - DAG(s) dict_keys(['example_python_operator']) retrieved from /home/airflow/.local/lib/python3.8/site-packages/airflow/example_dags/example_python_operator.py
[2023-11-05T18:54:30.738+0000] {logging_mixin.py:151} INFO - [2023-11-05T18:54:30.738+0000] {dag.py:2941} INFO - Sync 1 DAGs
[2023-11-05T18:54:30.745+0000] {logging_mixin.py:151} INFO - [2023-11-05T18:54:30.745+0000] {dag.py:3722} INFO - Setting next_dagrun for example_python_operator to None, run_after=None
[2023-11-05T18:54:30.773+0000] {processor.py:179} INFO - Processing /home/airflow/.local/lib/python3.8/site-packages/airflow/example_dags/example_python_operator.py took 0.071 seconds
