[2023-11-05T18:36:03.769+0000] {processor.py:157} INFO - Started process (PID=55) to work on /home/airflow/.local/lib/python3.8/site-packages/airflow/example_dags/example_sensor_decorator.py
[2023-11-05T18:36:03.771+0000] {processor.py:829} INFO - Processing file /home/airflow/.local/lib/python3.8/site-packages/airflow/example_dags/example_sensor_decorator.py for tasks to queue
[2023-11-05T18:36:03.779+0000] {logging_mixin.py:151} INFO - [2023-11-05T18:36:03.778+0000] {dagbag.py:536} INFO - Filling up the DagBag from /home/airflow/.local/lib/python3.8/site-packages/airflow/example_dags/example_sensor_decorator.py
[2023-11-05T18:36:03.795+0000] {processor.py:839} INFO - DAG(s) dict_keys(['example_sensor_decorator']) retrieved from /home/airflow/.local/lib/python3.8/site-packages/airflow/example_dags/example_sensor_decorator.py
[2023-11-05T18:36:03.951+0000] {logging_mixin.py:151} INFO - [2023-11-05T18:36:03.951+0000] {dag.py:2941} INFO - Sync 1 DAGs
[2023-11-05T18:36:03.972+0000] {logging_mixin.py:151} INFO - [2023-11-05T18:36:03.971+0000] {dag.py:3722} INFO - Setting next_dagrun for example_sensor_decorator to None, run_after=None
[2023-11-05T18:36:04.089+0000] {processor.py:179} INFO - Processing /home/airflow/.local/lib/python3.8/site-packages/airflow/example_dags/example_sensor_decorator.py took 0.325 seconds
[2023-11-05T18:36:34.307+0000] {processor.py:157} INFO - Started process (PID=108) to work on /home/airflow/.local/lib/python3.8/site-packages/airflow/example_dags/example_sensor_decorator.py
[2023-11-05T18:36:34.313+0000] {processor.py:829} INFO - Processing file /home/airflow/.local/lib/python3.8/site-packages/airflow/example_dags/example_sensor_decorator.py for tasks to queue
[2023-11-05T18:36:34.320+0000] {logging_mixin.py:151} INFO - [2023-11-05T18:36:34.320+0000] {dagbag.py:536} INFO - Filling up the DagBag from /home/airflow/.local/lib/python3.8/site-packages/airflow/example_dags/example_sensor_decorator.py
[2023-11-05T18:36:34.335+0000] {processor.py:839} INFO - DAG(s) dict_keys(['example_sensor_decorator']) retrieved from /home/airflow/.local/lib/python3.8/site-packages/airflow/example_dags/example_sensor_decorator.py
[2023-11-05T18:36:34.391+0000] {logging_mixin.py:151} INFO - [2023-11-05T18:36:34.391+0000] {dag.py:2941} INFO - Sync 1 DAGs
[2023-11-05T18:36:34.409+0000] {logging_mixin.py:151} INFO - [2023-11-05T18:36:34.409+0000] {dag.py:3722} INFO - Setting next_dagrun for example_sensor_decorator to None, run_after=None
[2023-11-05T18:36:34.458+0000] {processor.py:179} INFO - Processing /home/airflow/.local/lib/python3.8/site-packages/airflow/example_dags/example_sensor_decorator.py took 0.154 seconds
[2023-11-05T18:37:05.096+0000] {processor.py:157} INFO - Started process (PID=162) to work on /home/airflow/.local/lib/python3.8/site-packages/airflow/example_dags/example_sensor_decorator.py
[2023-11-05T18:37:05.103+0000] {processor.py:829} INFO - Processing file /home/airflow/.local/lib/python3.8/site-packages/airflow/example_dags/example_sensor_decorator.py for tasks to queue
[2023-11-05T18:37:05.117+0000] {logging_mixin.py:151} INFO - [2023-11-05T18:37:05.116+0000] {dagbag.py:536} INFO - Filling up the DagBag from /home/airflow/.local/lib/python3.8/site-packages/airflow/example_dags/example_sensor_decorator.py
[2023-11-05T18:37:05.128+0000] {processor.py:839} INFO - DAG(s) dict_keys(['example_sensor_decorator']) retrieved from /home/airflow/.local/lib/python3.8/site-packages/airflow/example_dags/example_sensor_decorator.py
[2023-11-05T18:37:05.176+0000] {logging_mixin.py:151} INFO - [2023-11-05T18:37:05.176+0000] {dag.py:2941} INFO - Sync 1 DAGs
[2023-11-05T18:37:05.221+0000] {logging_mixin.py:151} INFO - [2023-11-05T18:37:05.221+0000] {dag.py:3722} INFO - Setting next_dagrun for example_sensor_decorator to None, run_after=None
[2023-11-05T18:37:05.283+0000] {processor.py:179} INFO - Processing /home/airflow/.local/lib/python3.8/site-packages/airflow/example_dags/example_sensor_decorator.py took 0.191 seconds
[2023-11-05T18:37:35.733+0000] {processor.py:157} INFO - Started process (PID=216) to work on /home/airflow/.local/lib/python3.8/site-packages/airflow/example_dags/example_sensor_decorator.py
[2023-11-05T18:37:35.754+0000] {processor.py:829} INFO - Processing file /home/airflow/.local/lib/python3.8/site-packages/airflow/example_dags/example_sensor_decorator.py for tasks to queue
[2023-11-05T18:37:35.832+0000] {logging_mixin.py:151} INFO - [2023-11-05T18:37:35.832+0000] {dagbag.py:536} INFO - Filling up the DagBag from /home/airflow/.local/lib/python3.8/site-packages/airflow/example_dags/example_sensor_decorator.py
[2023-11-05T18:37:35.849+0000] {processor.py:839} INFO - DAG(s) dict_keys(['example_sensor_decorator']) retrieved from /home/airflow/.local/lib/python3.8/site-packages/airflow/example_dags/example_sensor_decorator.py
[2023-11-05T18:37:35.961+0000] {logging_mixin.py:151} INFO - [2023-11-05T18:37:35.961+0000] {dag.py:2941} INFO - Sync 1 DAGs
[2023-11-05T18:37:35.980+0000] {logging_mixin.py:151} INFO - [2023-11-05T18:37:35.980+0000] {dag.py:3722} INFO - Setting next_dagrun for example_sensor_decorator to None, run_after=None
[2023-11-05T18:37:36.060+0000] {processor.py:179} INFO - Processing /home/airflow/.local/lib/python3.8/site-packages/airflow/example_dags/example_sensor_decorator.py took 0.329 seconds
[2023-11-05T18:38:06.727+0000] {processor.py:157} INFO - Started process (PID=270) to work on /home/airflow/.local/lib/python3.8/site-packages/airflow/example_dags/example_sensor_decorator.py
[2023-11-05T18:38:06.732+0000] {processor.py:829} INFO - Processing file /home/airflow/.local/lib/python3.8/site-packages/airflow/example_dags/example_sensor_decorator.py for tasks to queue
[2023-11-05T18:38:06.738+0000] {logging_mixin.py:151} INFO - [2023-11-05T18:38:06.737+0000] {dagbag.py:536} INFO - Filling up the DagBag from /home/airflow/.local/lib/python3.8/site-packages/airflow/example_dags/example_sensor_decorator.py
[2023-11-05T18:38:06.753+0000] {processor.py:839} INFO - DAG(s) dict_keys(['example_sensor_decorator']) retrieved from /home/airflow/.local/lib/python3.8/site-packages/airflow/example_dags/example_sensor_decorator.py
[2023-11-05T18:38:06.829+0000] {logging_mixin.py:151} INFO - [2023-11-05T18:38:06.829+0000] {dag.py:2941} INFO - Sync 1 DAGs
[2023-11-05T18:38:06.838+0000] {logging_mixin.py:151} INFO - [2023-11-05T18:38:06.837+0000] {dag.py:3722} INFO - Setting next_dagrun for example_sensor_decorator to None, run_after=None
[2023-11-05T18:38:06.905+0000] {processor.py:179} INFO - Processing /home/airflow/.local/lib/python3.8/site-packages/airflow/example_dags/example_sensor_decorator.py took 0.184 seconds
[2023-11-05T18:38:38.221+0000] {processor.py:157} INFO - Started process (PID=323) to work on /home/airflow/.local/lib/python3.8/site-packages/airflow/example_dags/example_sensor_decorator.py
[2023-11-05T18:38:38.230+0000] {processor.py:829} INFO - Processing file /home/airflow/.local/lib/python3.8/site-packages/airflow/example_dags/example_sensor_decorator.py for tasks to queue
[2023-11-05T18:38:38.236+0000] {logging_mixin.py:151} INFO - [2023-11-05T18:38:38.235+0000] {dagbag.py:536} INFO - Filling up the DagBag from /home/airflow/.local/lib/python3.8/site-packages/airflow/example_dags/example_sensor_decorator.py
[2023-11-05T18:38:38.249+0000] {processor.py:839} INFO - DAG(s) dict_keys(['example_sensor_decorator']) retrieved from /home/airflow/.local/lib/python3.8/site-packages/airflow/example_dags/example_sensor_decorator.py
[2023-11-05T18:38:38.292+0000] {logging_mixin.py:151} INFO - [2023-11-05T18:38:38.292+0000] {dag.py:2941} INFO - Sync 1 DAGs
[2023-11-05T18:38:38.305+0000] {logging_mixin.py:151} INFO - [2023-11-05T18:38:38.305+0000] {dag.py:3722} INFO - Setting next_dagrun for example_sensor_decorator to None, run_after=None
[2023-11-05T18:38:38.345+0000] {processor.py:179} INFO - Processing /home/airflow/.local/lib/python3.8/site-packages/airflow/example_dags/example_sensor_decorator.py took 0.126 seconds
[2023-11-05T18:39:08.593+0000] {processor.py:157} INFO - Started process (PID=377) to work on /home/airflow/.local/lib/python3.8/site-packages/airflow/example_dags/example_sensor_decorator.py
[2023-11-05T18:39:08.598+0000] {processor.py:829} INFO - Processing file /home/airflow/.local/lib/python3.8/site-packages/airflow/example_dags/example_sensor_decorator.py for tasks to queue
[2023-11-05T18:39:08.605+0000] {logging_mixin.py:151} INFO - [2023-11-05T18:39:08.605+0000] {dagbag.py:536} INFO - Filling up the DagBag from /home/airflow/.local/lib/python3.8/site-packages/airflow/example_dags/example_sensor_decorator.py
[2023-11-05T18:39:08.624+0000] {processor.py:839} INFO - DAG(s) dict_keys(['example_sensor_decorator']) retrieved from /home/airflow/.local/lib/python3.8/site-packages/airflow/example_dags/example_sensor_decorator.py
[2023-11-05T18:39:08.694+0000] {logging_mixin.py:151} INFO - [2023-11-05T18:39:08.694+0000] {dag.py:2941} INFO - Sync 1 DAGs
[2023-11-05T18:39:08.707+0000] {logging_mixin.py:151} INFO - [2023-11-05T18:39:08.707+0000] {dag.py:3722} INFO - Setting next_dagrun for example_sensor_decorator to None, run_after=None
[2023-11-05T18:39:08.788+0000] {processor.py:179} INFO - Processing /home/airflow/.local/lib/python3.8/site-packages/airflow/example_dags/example_sensor_decorator.py took 0.197 seconds
[2023-11-05T18:39:39.694+0000] {processor.py:157} INFO - Started process (PID=431) to work on /home/airflow/.local/lib/python3.8/site-packages/airflow/example_dags/example_sensor_decorator.py
[2023-11-05T18:39:39.697+0000] {processor.py:829} INFO - Processing file /home/airflow/.local/lib/python3.8/site-packages/airflow/example_dags/example_sensor_decorator.py for tasks to queue
[2023-11-05T18:39:39.702+0000] {logging_mixin.py:151} INFO - [2023-11-05T18:39:39.702+0000] {dagbag.py:536} INFO - Filling up the DagBag from /home/airflow/.local/lib/python3.8/site-packages/airflow/example_dags/example_sensor_decorator.py
[2023-11-05T18:39:39.720+0000] {processor.py:839} INFO - DAG(s) dict_keys(['example_sensor_decorator']) retrieved from /home/airflow/.local/lib/python3.8/site-packages/airflow/example_dags/example_sensor_decorator.py
[2023-11-05T18:39:39.781+0000] {logging_mixin.py:151} INFO - [2023-11-05T18:39:39.781+0000] {dag.py:2941} INFO - Sync 1 DAGs
[2023-11-05T18:39:39.802+0000] {logging_mixin.py:151} INFO - [2023-11-05T18:39:39.801+0000] {dag.py:3722} INFO - Setting next_dagrun for example_sensor_decorator to None, run_after=None
[2023-11-05T18:39:39.869+0000] {processor.py:179} INFO - Processing /home/airflow/.local/lib/python3.8/site-packages/airflow/example_dags/example_sensor_decorator.py took 0.179 seconds
[2023-11-05T18:40:10.027+0000] {processor.py:157} INFO - Started process (PID=485) to work on /home/airflow/.local/lib/python3.8/site-packages/airflow/example_dags/example_sensor_decorator.py
[2023-11-05T18:40:10.028+0000] {processor.py:829} INFO - Processing file /home/airflow/.local/lib/python3.8/site-packages/airflow/example_dags/example_sensor_decorator.py for tasks to queue
[2023-11-05T18:40:10.031+0000] {logging_mixin.py:151} INFO - [2023-11-05T18:40:10.031+0000] {dagbag.py:536} INFO - Filling up the DagBag from /home/airflow/.local/lib/python3.8/site-packages/airflow/example_dags/example_sensor_decorator.py
[2023-11-05T18:40:10.039+0000] {processor.py:839} INFO - DAG(s) dict_keys(['example_sensor_decorator']) retrieved from /home/airflow/.local/lib/python3.8/site-packages/airflow/example_dags/example_sensor_decorator.py
[2023-11-05T18:40:10.064+0000] {logging_mixin.py:151} INFO - [2023-11-05T18:40:10.064+0000] {dag.py:2941} INFO - Sync 1 DAGs
[2023-11-05T18:40:10.073+0000] {logging_mixin.py:151} INFO - [2023-11-05T18:40:10.073+0000] {dag.py:3722} INFO - Setting next_dagrun for example_sensor_decorator to None, run_after=None
[2023-11-05T18:40:10.091+0000] {processor.py:179} INFO - Processing /home/airflow/.local/lib/python3.8/site-packages/airflow/example_dags/example_sensor_decorator.py took 0.067 seconds
[2023-11-05T18:40:40.674+0000] {processor.py:157} INFO - Started process (PID=539) to work on /home/airflow/.local/lib/python3.8/site-packages/airflow/example_dags/example_sensor_decorator.py
[2023-11-05T18:40:40.675+0000] {processor.py:829} INFO - Processing file /home/airflow/.local/lib/python3.8/site-packages/airflow/example_dags/example_sensor_decorator.py for tasks to queue
[2023-11-05T18:40:40.677+0000] {logging_mixin.py:151} INFO - [2023-11-05T18:40:40.677+0000] {dagbag.py:536} INFO - Filling up the DagBag from /home/airflow/.local/lib/python3.8/site-packages/airflow/example_dags/example_sensor_decorator.py
[2023-11-05T18:40:40.683+0000] {processor.py:839} INFO - DAG(s) dict_keys(['example_sensor_decorator']) retrieved from /home/airflow/.local/lib/python3.8/site-packages/airflow/example_dags/example_sensor_decorator.py
[2023-11-05T18:40:40.713+0000] {logging_mixin.py:151} INFO - [2023-11-05T18:40:40.712+0000] {dag.py:2941} INFO - Sync 1 DAGs
[2023-11-05T18:40:40.722+0000] {logging_mixin.py:151} INFO - [2023-11-05T18:40:40.722+0000] {dag.py:3722} INFO - Setting next_dagrun for example_sensor_decorator to None, run_after=None
[2023-11-05T18:40:40.745+0000] {processor.py:179} INFO - Processing /home/airflow/.local/lib/python3.8/site-packages/airflow/example_dags/example_sensor_decorator.py took 0.073 seconds
[2023-11-05T18:41:11.273+0000] {processor.py:157} INFO - Started process (PID=593) to work on /home/airflow/.local/lib/python3.8/site-packages/airflow/example_dags/example_sensor_decorator.py
[2023-11-05T18:41:11.275+0000] {processor.py:829} INFO - Processing file /home/airflow/.local/lib/python3.8/site-packages/airflow/example_dags/example_sensor_decorator.py for tasks to queue
[2023-11-05T18:41:11.278+0000] {logging_mixin.py:151} INFO - [2023-11-05T18:41:11.278+0000] {dagbag.py:536} INFO - Filling up the DagBag from /home/airflow/.local/lib/python3.8/site-packages/airflow/example_dags/example_sensor_decorator.py
[2023-11-05T18:41:11.283+0000] {processor.py:839} INFO - DAG(s) dict_keys(['example_sensor_decorator']) retrieved from /home/airflow/.local/lib/python3.8/site-packages/airflow/example_dags/example_sensor_decorator.py
[2023-11-05T18:41:11.305+0000] {logging_mixin.py:151} INFO - [2023-11-05T18:41:11.304+0000] {dag.py:2941} INFO - Sync 1 DAGs
[2023-11-05T18:41:11.316+0000] {logging_mixin.py:151} INFO - [2023-11-05T18:41:11.316+0000] {dag.py:3722} INFO - Setting next_dagrun for example_sensor_decorator to None, run_after=None
[2023-11-05T18:41:11.340+0000] {processor.py:179} INFO - Processing /home/airflow/.local/lib/python3.8/site-packages/airflow/example_dags/example_sensor_decorator.py took 0.069 seconds
[2023-11-05T18:41:41.681+0000] {processor.py:157} INFO - Started process (PID=647) to work on /home/airflow/.local/lib/python3.8/site-packages/airflow/example_dags/example_sensor_decorator.py
[2023-11-05T18:41:41.683+0000] {processor.py:829} INFO - Processing file /home/airflow/.local/lib/python3.8/site-packages/airflow/example_dags/example_sensor_decorator.py for tasks to queue
[2023-11-05T18:41:41.685+0000] {logging_mixin.py:151} INFO - [2023-11-05T18:41:41.685+0000] {dagbag.py:536} INFO - Filling up the DagBag from /home/airflow/.local/lib/python3.8/site-packages/airflow/example_dags/example_sensor_decorator.py
[2023-11-05T18:41:41.690+0000] {processor.py:839} INFO - DAG(s) dict_keys(['example_sensor_decorator']) retrieved from /home/airflow/.local/lib/python3.8/site-packages/airflow/example_dags/example_sensor_decorator.py
[2023-11-05T18:41:41.712+0000] {logging_mixin.py:151} INFO - [2023-11-05T18:41:41.711+0000] {dag.py:2941} INFO - Sync 1 DAGs
[2023-11-05T18:41:41.721+0000] {logging_mixin.py:151} INFO - [2023-11-05T18:41:41.721+0000] {dag.py:3722} INFO - Setting next_dagrun for example_sensor_decorator to None, run_after=None
[2023-11-05T18:41:41.739+0000] {processor.py:179} INFO - Processing /home/airflow/.local/lib/python3.8/site-packages/airflow/example_dags/example_sensor_decorator.py took 0.061 seconds
[2023-11-05T18:42:12.383+0000] {processor.py:157} INFO - Started process (PID=707) to work on /home/airflow/.local/lib/python3.8/site-packages/airflow/example_dags/example_sensor_decorator.py
[2023-11-05T18:42:12.393+0000] {processor.py:829} INFO - Processing file /home/airflow/.local/lib/python3.8/site-packages/airflow/example_dags/example_sensor_decorator.py for tasks to queue
[2023-11-05T18:42:12.406+0000] {logging_mixin.py:151} INFO - [2023-11-05T18:42:12.405+0000] {dagbag.py:536} INFO - Filling up the DagBag from /home/airflow/.local/lib/python3.8/site-packages/airflow/example_dags/example_sensor_decorator.py
[2023-11-05T18:42:12.417+0000] {processor.py:839} INFO - DAG(s) dict_keys(['example_sensor_decorator']) retrieved from /home/airflow/.local/lib/python3.8/site-packages/airflow/example_dags/example_sensor_decorator.py
[2023-11-05T18:42:12.474+0000] {logging_mixin.py:151} INFO - [2023-11-05T18:42:12.473+0000] {dag.py:2941} INFO - Sync 1 DAGs
[2023-11-05T18:42:12.513+0000] {logging_mixin.py:151} INFO - [2023-11-05T18:42:12.513+0000] {dag.py:3722} INFO - Setting next_dagrun for example_sensor_decorator to None, run_after=None
[2023-11-05T18:42:12.564+0000] {processor.py:179} INFO - Processing /home/airflow/.local/lib/python3.8/site-packages/airflow/example_dags/example_sensor_decorator.py took 0.183 seconds
[2023-11-05T18:42:43.006+0000] {processor.py:157} INFO - Started process (PID=761) to work on /home/airflow/.local/lib/python3.8/site-packages/airflow/example_dags/example_sensor_decorator.py
[2023-11-05T18:42:43.012+0000] {processor.py:829} INFO - Processing file /home/airflow/.local/lib/python3.8/site-packages/airflow/example_dags/example_sensor_decorator.py for tasks to queue
[2023-11-05T18:42:43.025+0000] {logging_mixin.py:151} INFO - [2023-11-05T18:42:43.024+0000] {dagbag.py:536} INFO - Filling up the DagBag from /home/airflow/.local/lib/python3.8/site-packages/airflow/example_dags/example_sensor_decorator.py
[2023-11-05T18:42:43.045+0000] {processor.py:839} INFO - DAG(s) dict_keys(['example_sensor_decorator']) retrieved from /home/airflow/.local/lib/python3.8/site-packages/airflow/example_dags/example_sensor_decorator.py
[2023-11-05T18:42:43.094+0000] {logging_mixin.py:151} INFO - [2023-11-05T18:42:43.094+0000] {dag.py:2941} INFO - Sync 1 DAGs
[2023-11-05T18:42:43.102+0000] {logging_mixin.py:151} INFO - [2023-11-05T18:42:43.102+0000] {dag.py:3722} INFO - Setting next_dagrun for example_sensor_decorator to None, run_after=None
[2023-11-05T18:42:43.134+0000] {processor.py:179} INFO - Processing /home/airflow/.local/lib/python3.8/site-packages/airflow/example_dags/example_sensor_decorator.py took 0.134 seconds
[2023-11-05T18:43:13.894+0000] {processor.py:157} INFO - Started process (PID=815) to work on /home/airflow/.local/lib/python3.8/site-packages/airflow/example_dags/example_sensor_decorator.py
[2023-11-05T18:43:13.907+0000] {processor.py:829} INFO - Processing file /home/airflow/.local/lib/python3.8/site-packages/airflow/example_dags/example_sensor_decorator.py for tasks to queue
[2023-11-05T18:43:13.920+0000] {logging_mixin.py:151} INFO - [2023-11-05T18:43:13.920+0000] {dagbag.py:536} INFO - Filling up the DagBag from /home/airflow/.local/lib/python3.8/site-packages/airflow/example_dags/example_sensor_decorator.py
[2023-11-05T18:43:13.949+0000] {processor.py:839} INFO - DAG(s) dict_keys(['example_sensor_decorator']) retrieved from /home/airflow/.local/lib/python3.8/site-packages/airflow/example_dags/example_sensor_decorator.py
[2023-11-05T18:43:14.012+0000] {logging_mixin.py:151} INFO - [2023-11-05T18:43:14.011+0000] {dag.py:2941} INFO - Sync 1 DAGs
[2023-11-05T18:43:14.039+0000] {logging_mixin.py:151} INFO - [2023-11-05T18:43:14.039+0000] {dag.py:3722} INFO - Setting next_dagrun for example_sensor_decorator to None, run_after=None
[2023-11-05T18:43:14.113+0000] {processor.py:179} INFO - Processing /home/airflow/.local/lib/python3.8/site-packages/airflow/example_dags/example_sensor_decorator.py took 0.227 seconds
[2023-11-05T18:43:45.101+0000] {processor.py:157} INFO - Started process (PID=869) to work on /home/airflow/.local/lib/python3.8/site-packages/airflow/example_dags/example_sensor_decorator.py
[2023-11-05T18:43:45.103+0000] {processor.py:829} INFO - Processing file /home/airflow/.local/lib/python3.8/site-packages/airflow/example_dags/example_sensor_decorator.py for tasks to queue
[2023-11-05T18:43:45.108+0000] {logging_mixin.py:151} INFO - [2023-11-05T18:43:45.108+0000] {dagbag.py:536} INFO - Filling up the DagBag from /home/airflow/.local/lib/python3.8/site-packages/airflow/example_dags/example_sensor_decorator.py
[2023-11-05T18:43:45.121+0000] {processor.py:839} INFO - DAG(s) dict_keys(['example_sensor_decorator']) retrieved from /home/airflow/.local/lib/python3.8/site-packages/airflow/example_dags/example_sensor_decorator.py
[2023-11-05T18:43:45.146+0000] {logging_mixin.py:151} INFO - [2023-11-05T18:43:45.145+0000] {dag.py:2941} INFO - Sync 1 DAGs
[2023-11-05T18:43:45.168+0000] {logging_mixin.py:151} INFO - [2023-11-05T18:43:45.168+0000] {dag.py:3722} INFO - Setting next_dagrun for example_sensor_decorator to None, run_after=None
[2023-11-05T18:43:45.261+0000] {processor.py:179} INFO - Processing /home/airflow/.local/lib/python3.8/site-packages/airflow/example_dags/example_sensor_decorator.py took 0.163 seconds
[2023-11-05T18:44:15.479+0000] {processor.py:157} INFO - Started process (PID=923) to work on /home/airflow/.local/lib/python3.8/site-packages/airflow/example_dags/example_sensor_decorator.py
[2023-11-05T18:44:15.485+0000] {processor.py:829} INFO - Processing file /home/airflow/.local/lib/python3.8/site-packages/airflow/example_dags/example_sensor_decorator.py for tasks to queue
[2023-11-05T18:44:15.489+0000] {logging_mixin.py:151} INFO - [2023-11-05T18:44:15.489+0000] {dagbag.py:536} INFO - Filling up the DagBag from /home/airflow/.local/lib/python3.8/site-packages/airflow/example_dags/example_sensor_decorator.py
[2023-11-05T18:44:15.502+0000] {processor.py:839} INFO - DAG(s) dict_keys(['example_sensor_decorator']) retrieved from /home/airflow/.local/lib/python3.8/site-packages/airflow/example_dags/example_sensor_decorator.py
[2023-11-05T18:44:15.554+0000] {logging_mixin.py:151} INFO - [2023-11-05T18:44:15.553+0000] {dag.py:2941} INFO - Sync 1 DAGs
[2023-11-05T18:44:15.563+0000] {logging_mixin.py:151} INFO - [2023-11-05T18:44:15.563+0000] {dag.py:3722} INFO - Setting next_dagrun for example_sensor_decorator to None, run_after=None
[2023-11-05T18:44:15.588+0000] {processor.py:179} INFO - Processing /home/airflow/.local/lib/python3.8/site-packages/airflow/example_dags/example_sensor_decorator.py took 0.111 seconds
[2023-11-05T18:44:46.566+0000] {processor.py:157} INFO - Started process (PID=976) to work on /home/airflow/.local/lib/python3.8/site-packages/airflow/example_dags/example_sensor_decorator.py
[2023-11-05T18:44:46.571+0000] {processor.py:829} INFO - Processing file /home/airflow/.local/lib/python3.8/site-packages/airflow/example_dags/example_sensor_decorator.py for tasks to queue
[2023-11-05T18:44:46.578+0000] {logging_mixin.py:151} INFO - [2023-11-05T18:44:46.578+0000] {dagbag.py:536} INFO - Filling up the DagBag from /home/airflow/.local/lib/python3.8/site-packages/airflow/example_dags/example_sensor_decorator.py
[2023-11-05T18:44:46.590+0000] {processor.py:839} INFO - DAG(s) dict_keys(['example_sensor_decorator']) retrieved from /home/airflow/.local/lib/python3.8/site-packages/airflow/example_dags/example_sensor_decorator.py
[2023-11-05T18:44:46.630+0000] {logging_mixin.py:151} INFO - [2023-11-05T18:44:46.630+0000] {dag.py:2941} INFO - Sync 1 DAGs
[2023-11-05T18:44:46.650+0000] {logging_mixin.py:151} INFO - [2023-11-05T18:44:46.649+0000] {dag.py:3722} INFO - Setting next_dagrun for example_sensor_decorator to None, run_after=None
[2023-11-05T18:44:46.686+0000] {processor.py:179} INFO - Processing /home/airflow/.local/lib/python3.8/site-packages/airflow/example_dags/example_sensor_decorator.py took 0.125 seconds
[2023-11-05T18:46:11.661+0000] {processor.py:157} INFO - Started process (PID=55) to work on /home/airflow/.local/lib/python3.8/site-packages/airflow/example_dags/example_sensor_decorator.py
[2023-11-05T18:46:11.664+0000] {processor.py:829} INFO - Processing file /home/airflow/.local/lib/python3.8/site-packages/airflow/example_dags/example_sensor_decorator.py for tasks to queue
[2023-11-05T18:46:11.673+0000] {logging_mixin.py:151} INFO - [2023-11-05T18:46:11.673+0000] {dagbag.py:536} INFO - Filling up the DagBag from /home/airflow/.local/lib/python3.8/site-packages/airflow/example_dags/example_sensor_decorator.py
[2023-11-05T18:46:11.697+0000] {processor.py:839} INFO - DAG(s) dict_keys(['example_sensor_decorator']) retrieved from /home/airflow/.local/lib/python3.8/site-packages/airflow/example_dags/example_sensor_decorator.py
[2023-11-05T18:46:11.739+0000] {logging_mixin.py:151} INFO - [2023-11-05T18:46:11.739+0000] {dag.py:2941} INFO - Sync 1 DAGs
[2023-11-05T18:46:11.764+0000] {logging_mixin.py:151} INFO - [2023-11-05T18:46:11.763+0000] {dag.py:3722} INFO - Setting next_dagrun for example_sensor_decorator to None, run_after=None
[2023-11-05T18:46:11.844+0000] {processor.py:179} INFO - Processing /home/airflow/.local/lib/python3.8/site-packages/airflow/example_dags/example_sensor_decorator.py took 0.199 seconds
[2023-11-05T18:46:42.161+0000] {processor.py:157} INFO - Started process (PID=109) to work on /home/airflow/.local/lib/python3.8/site-packages/airflow/example_dags/example_sensor_decorator.py
[2023-11-05T18:46:42.165+0000] {processor.py:829} INFO - Processing file /home/airflow/.local/lib/python3.8/site-packages/airflow/example_dags/example_sensor_decorator.py for tasks to queue
[2023-11-05T18:46:42.168+0000] {logging_mixin.py:151} INFO - [2023-11-05T18:46:42.168+0000] {dagbag.py:536} INFO - Filling up the DagBag from /home/airflow/.local/lib/python3.8/site-packages/airflow/example_dags/example_sensor_decorator.py
[2023-11-05T18:46:42.179+0000] {processor.py:839} INFO - DAG(s) dict_keys(['example_sensor_decorator']) retrieved from /home/airflow/.local/lib/python3.8/site-packages/airflow/example_dags/example_sensor_decorator.py
[2023-11-05T18:46:42.207+0000] {logging_mixin.py:151} INFO - [2023-11-05T18:46:42.207+0000] {dag.py:2941} INFO - Sync 1 DAGs
[2023-11-05T18:46:42.215+0000] {logging_mixin.py:151} INFO - [2023-11-05T18:46:42.215+0000] {dag.py:3722} INFO - Setting next_dagrun for example_sensor_decorator to None, run_after=None
[2023-11-05T18:46:42.263+0000] {processor.py:179} INFO - Processing /home/airflow/.local/lib/python3.8/site-packages/airflow/example_dags/example_sensor_decorator.py took 0.104 seconds
[2023-11-05T18:47:13.273+0000] {processor.py:157} INFO - Started process (PID=163) to work on /home/airflow/.local/lib/python3.8/site-packages/airflow/example_dags/example_sensor_decorator.py
[2023-11-05T18:47:13.278+0000] {processor.py:829} INFO - Processing file /home/airflow/.local/lib/python3.8/site-packages/airflow/example_dags/example_sensor_decorator.py for tasks to queue
[2023-11-05T18:47:13.287+0000] {logging_mixin.py:151} INFO - [2023-11-05T18:47:13.286+0000] {dagbag.py:536} INFO - Filling up the DagBag from /home/airflow/.local/lib/python3.8/site-packages/airflow/example_dags/example_sensor_decorator.py
[2023-11-05T18:47:13.297+0000] {processor.py:839} INFO - DAG(s) dict_keys(['example_sensor_decorator']) retrieved from /home/airflow/.local/lib/python3.8/site-packages/airflow/example_dags/example_sensor_decorator.py
[2023-11-05T18:47:13.327+0000] {logging_mixin.py:151} INFO - [2023-11-05T18:47:13.327+0000] {dag.py:2941} INFO - Sync 1 DAGs
[2023-11-05T18:47:13.351+0000] {logging_mixin.py:151} INFO - [2023-11-05T18:47:13.351+0000] {dag.py:3722} INFO - Setting next_dagrun for example_sensor_decorator to None, run_after=None
[2023-11-05T18:47:13.395+0000] {processor.py:179} INFO - Processing /home/airflow/.local/lib/python3.8/site-packages/airflow/example_dags/example_sensor_decorator.py took 0.129 seconds
[2023-11-05T18:47:43.628+0000] {processor.py:157} INFO - Started process (PID=217) to work on /home/airflow/.local/lib/python3.8/site-packages/airflow/example_dags/example_sensor_decorator.py
[2023-11-05T18:47:43.636+0000] {processor.py:829} INFO - Processing file /home/airflow/.local/lib/python3.8/site-packages/airflow/example_dags/example_sensor_decorator.py for tasks to queue
[2023-11-05T18:47:43.641+0000] {logging_mixin.py:151} INFO - [2023-11-05T18:47:43.640+0000] {dagbag.py:536} INFO - Filling up the DagBag from /home/airflow/.local/lib/python3.8/site-packages/airflow/example_dags/example_sensor_decorator.py
[2023-11-05T18:47:43.648+0000] {processor.py:839} INFO - DAG(s) dict_keys(['example_sensor_decorator']) retrieved from /home/airflow/.local/lib/python3.8/site-packages/airflow/example_dags/example_sensor_decorator.py
[2023-11-05T18:47:43.681+0000] {logging_mixin.py:151} INFO - [2023-11-05T18:47:43.681+0000] {dag.py:2941} INFO - Sync 1 DAGs
[2023-11-05T18:47:43.693+0000] {logging_mixin.py:151} INFO - [2023-11-05T18:47:43.693+0000] {dag.py:3722} INFO - Setting next_dagrun for example_sensor_decorator to None, run_after=None
[2023-11-05T18:47:43.725+0000] {processor.py:179} INFO - Processing /home/airflow/.local/lib/python3.8/site-packages/airflow/example_dags/example_sensor_decorator.py took 0.101 seconds
[2023-11-05T18:48:14.504+0000] {processor.py:157} INFO - Started process (PID=271) to work on /home/airflow/.local/lib/python3.8/site-packages/airflow/example_dags/example_sensor_decorator.py
[2023-11-05T18:48:14.507+0000] {processor.py:829} INFO - Processing file /home/airflow/.local/lib/python3.8/site-packages/airflow/example_dags/example_sensor_decorator.py for tasks to queue
[2023-11-05T18:48:14.522+0000] {logging_mixin.py:151} INFO - [2023-11-05T18:48:14.522+0000] {dagbag.py:536} INFO - Filling up the DagBag from /home/airflow/.local/lib/python3.8/site-packages/airflow/example_dags/example_sensor_decorator.py
[2023-11-05T18:48:14.541+0000] {processor.py:839} INFO - DAG(s) dict_keys(['example_sensor_decorator']) retrieved from /home/airflow/.local/lib/python3.8/site-packages/airflow/example_dags/example_sensor_decorator.py
[2023-11-05T18:48:14.596+0000] {logging_mixin.py:151} INFO - [2023-11-05T18:48:14.596+0000] {dag.py:2941} INFO - Sync 1 DAGs
[2023-11-05T18:48:14.608+0000] {logging_mixin.py:151} INFO - [2023-11-05T18:48:14.608+0000] {dag.py:3722} INFO - Setting next_dagrun for example_sensor_decorator to None, run_after=None
[2023-11-05T18:48:14.640+0000] {processor.py:179} INFO - Processing /home/airflow/.local/lib/python3.8/site-packages/airflow/example_dags/example_sensor_decorator.py took 0.138 seconds
[2023-11-05T18:48:44.916+0000] {processor.py:157} INFO - Started process (PID=325) to work on /home/airflow/.local/lib/python3.8/site-packages/airflow/example_dags/example_sensor_decorator.py
[2023-11-05T18:48:44.920+0000] {processor.py:829} INFO - Processing file /home/airflow/.local/lib/python3.8/site-packages/airflow/example_dags/example_sensor_decorator.py for tasks to queue
[2023-11-05T18:48:44.934+0000] {logging_mixin.py:151} INFO - [2023-11-05T18:48:44.933+0000] {dagbag.py:536} INFO - Filling up the DagBag from /home/airflow/.local/lib/python3.8/site-packages/airflow/example_dags/example_sensor_decorator.py
[2023-11-05T18:48:44.950+0000] {processor.py:839} INFO - DAG(s) dict_keys(['example_sensor_decorator']) retrieved from /home/airflow/.local/lib/python3.8/site-packages/airflow/example_dags/example_sensor_decorator.py
[2023-11-05T18:48:45.013+0000] {logging_mixin.py:151} INFO - [2023-11-05T18:48:45.013+0000] {dag.py:2941} INFO - Sync 1 DAGs
[2023-11-05T18:48:45.025+0000] {logging_mixin.py:151} INFO - [2023-11-05T18:48:45.024+0000] {dag.py:3722} INFO - Setting next_dagrun for example_sensor_decorator to None, run_after=None
[2023-11-05T18:48:45.070+0000] {processor.py:179} INFO - Processing /home/airflow/.local/lib/python3.8/site-packages/airflow/example_dags/example_sensor_decorator.py took 0.156 seconds
[2023-11-05T18:53:31.470+0000] {processor.py:157} INFO - Started process (PID=379) to work on /home/airflow/.local/lib/python3.8/site-packages/airflow/example_dags/example_sensor_decorator.py
[2023-11-05T18:53:31.475+0000] {processor.py:829} INFO - Processing file /home/airflow/.local/lib/python3.8/site-packages/airflow/example_dags/example_sensor_decorator.py for tasks to queue
[2023-11-05T18:53:31.479+0000] {logging_mixin.py:151} INFO - [2023-11-05T18:53:31.478+0000] {dagbag.py:536} INFO - Filling up the DagBag from /home/airflow/.local/lib/python3.8/site-packages/airflow/example_dags/example_sensor_decorator.py
[2023-11-05T18:53:31.485+0000] {processor.py:839} INFO - DAG(s) dict_keys(['example_sensor_decorator']) retrieved from /home/airflow/.local/lib/python3.8/site-packages/airflow/example_dags/example_sensor_decorator.py
[2023-11-05T18:53:31.512+0000] {logging_mixin.py:151} INFO - [2023-11-05T18:53:31.512+0000] {dag.py:2941} INFO - Sync 1 DAGs
[2023-11-05T18:53:31.523+0000] {logging_mixin.py:151} INFO - [2023-11-05T18:53:31.523+0000] {dag.py:3722} INFO - Setting next_dagrun for example_sensor_decorator to None, run_after=None
[2023-11-05T18:53:31.542+0000] {processor.py:179} INFO - Processing /home/airflow/.local/lib/python3.8/site-packages/airflow/example_dags/example_sensor_decorator.py took 0.076 seconds
[2023-11-05T18:54:03.438+0000] {processor.py:157} INFO - Started process (PID=433) to work on /home/airflow/.local/lib/python3.8/site-packages/airflow/example_dags/example_sensor_decorator.py
[2023-11-05T18:54:03.444+0000] {processor.py:829} INFO - Processing file /home/airflow/.local/lib/python3.8/site-packages/airflow/example_dags/example_sensor_decorator.py for tasks to queue
[2023-11-05T18:54:03.454+0000] {logging_mixin.py:151} INFO - [2023-11-05T18:54:03.451+0000] {dagbag.py:536} INFO - Filling up the DagBag from /home/airflow/.local/lib/python3.8/site-packages/airflow/example_dags/example_sensor_decorator.py
[2023-11-05T18:54:03.518+0000] {processor.py:839} INFO - DAG(s) dict_keys(['example_sensor_decorator']) retrieved from /home/airflow/.local/lib/python3.8/site-packages/airflow/example_dags/example_sensor_decorator.py
[2023-11-05T18:54:03.661+0000] {logging_mixin.py:151} INFO - [2023-11-05T18:54:03.661+0000] {dag.py:2941} INFO - Sync 1 DAGs
[2023-11-05T18:54:03.711+0000] {logging_mixin.py:151} INFO - [2023-11-05T18:54:03.711+0000] {dag.py:3722} INFO - Setting next_dagrun for example_sensor_decorator to None, run_after=None
[2023-11-05T18:54:03.802+0000] {processor.py:179} INFO - Processing /home/airflow/.local/lib/python3.8/site-packages/airflow/example_dags/example_sensor_decorator.py took 0.377 seconds
[2023-11-05T18:54:34.572+0000] {processor.py:157} INFO - Started process (PID=487) to work on /home/airflow/.local/lib/python3.8/site-packages/airflow/example_dags/example_sensor_decorator.py
[2023-11-05T18:54:34.574+0000] {processor.py:829} INFO - Processing file /home/airflow/.local/lib/python3.8/site-packages/airflow/example_dags/example_sensor_decorator.py for tasks to queue
[2023-11-05T18:54:34.576+0000] {logging_mixin.py:151} INFO - [2023-11-05T18:54:34.575+0000] {dagbag.py:536} INFO - Filling up the DagBag from /home/airflow/.local/lib/python3.8/site-packages/airflow/example_dags/example_sensor_decorator.py
[2023-11-05T18:54:34.582+0000] {processor.py:839} INFO - DAG(s) dict_keys(['example_sensor_decorator']) retrieved from /home/airflow/.local/lib/python3.8/site-packages/airflow/example_dags/example_sensor_decorator.py
[2023-11-05T18:54:34.602+0000] {logging_mixin.py:151} INFO - [2023-11-05T18:54:34.602+0000] {dag.py:2941} INFO - Sync 1 DAGs
[2023-11-05T18:54:34.609+0000] {logging_mixin.py:151} INFO - [2023-11-05T18:54:34.609+0000] {dag.py:3722} INFO - Setting next_dagrun for example_sensor_decorator to None, run_after=None
[2023-11-05T18:54:34.623+0000] {processor.py:179} INFO - Processing /home/airflow/.local/lib/python3.8/site-packages/airflow/example_dags/example_sensor_decorator.py took 0.054 seconds
