[2023-11-05T18:36:05.257+0000] {processor.py:157} INFO - Started process (PID=60) to work on /home/airflow/.local/lib/python3.8/site-packages/airflow/example_dags/example_external_task_marker_dag.py
[2023-11-05T18:36:05.278+0000] {processor.py:829} INFO - Processing file /home/airflow/.local/lib/python3.8/site-packages/airflow/example_dags/example_external_task_marker_dag.py for tasks to queue
[2023-11-05T18:36:05.339+0000] {logging_mixin.py:151} INFO - [2023-11-05T18:36:05.318+0000] {dagbag.py:536} INFO - Filling up the DagBag from /home/airflow/.local/lib/python3.8/site-packages/airflow/example_dags/example_external_task_marker_dag.py
[2023-11-05T18:36:05.402+0000] {processor.py:839} INFO - DAG(s) dict_keys(['example_external_task_marker_child', 'example_external_task_marker_parent']) retrieved from /home/airflow/.local/lib/python3.8/site-packages/airflow/example_dags/example_external_task_marker_dag.py
[2023-11-05T18:36:05.694+0000] {logging_mixin.py:151} INFO - [2023-11-05T18:36:05.689+0000] {dag.py:2941} INFO - Sync 2 DAGs
[2023-11-05T18:36:05.788+0000] {logging_mixin.py:151} INFO - [2023-11-05T18:36:05.788+0000] {dag.py:3722} INFO - Setting next_dagrun for example_external_task_marker_child to None, run_after=None
[2023-11-05T18:36:05.811+0000] {logging_mixin.py:151} INFO - [2023-11-05T18:36:05.811+0000] {dag.py:3722} INFO - Setting next_dagrun for example_external_task_marker_parent to None, run_after=None
[2023-11-05T18:36:06.087+0000] {processor.py:179} INFO - Processing /home/airflow/.local/lib/python3.8/site-packages/airflow/example_dags/example_external_task_marker_dag.py took 0.833 seconds
[2023-11-05T18:36:36.554+0000] {processor.py:157} INFO - Started process (PID=114) to work on /home/airflow/.local/lib/python3.8/site-packages/airflow/example_dags/example_external_task_marker_dag.py
[2023-11-05T18:36:36.560+0000] {processor.py:829} INFO - Processing file /home/airflow/.local/lib/python3.8/site-packages/airflow/example_dags/example_external_task_marker_dag.py for tasks to queue
[2023-11-05T18:36:36.596+0000] {logging_mixin.py:151} INFO - [2023-11-05T18:36:36.595+0000] {dagbag.py:536} INFO - Filling up the DagBag from /home/airflow/.local/lib/python3.8/site-packages/airflow/example_dags/example_external_task_marker_dag.py
[2023-11-05T18:36:36.608+0000] {processor.py:839} INFO - DAG(s) dict_keys(['example_external_task_marker_parent', 'example_external_task_marker_child']) retrieved from /home/airflow/.local/lib/python3.8/site-packages/airflow/example_dags/example_external_task_marker_dag.py
[2023-11-05T18:36:36.678+0000] {logging_mixin.py:151} INFO - [2023-11-05T18:36:36.677+0000] {dag.py:2941} INFO - Sync 2 DAGs
[2023-11-05T18:36:36.701+0000] {logging_mixin.py:151} INFO - [2023-11-05T18:36:36.701+0000] {dag.py:3722} INFO - Setting next_dagrun for example_external_task_marker_child to None, run_after=None
[2023-11-05T18:36:36.718+0000] {logging_mixin.py:151} INFO - [2023-11-05T18:36:36.718+0000] {dag.py:3722} INFO - Setting next_dagrun for example_external_task_marker_parent to None, run_after=None
[2023-11-05T18:36:36.859+0000] {processor.py:179} INFO - Processing /home/airflow/.local/lib/python3.8/site-packages/airflow/example_dags/example_external_task_marker_dag.py took 0.311 seconds
[2023-11-05T18:37:07.015+0000] {processor.py:157} INFO - Started process (PID=167) to work on /home/airflow/.local/lib/python3.8/site-packages/airflow/example_dags/example_external_task_marker_dag.py
[2023-11-05T18:37:07.020+0000] {processor.py:829} INFO - Processing file /home/airflow/.local/lib/python3.8/site-packages/airflow/example_dags/example_external_task_marker_dag.py for tasks to queue
[2023-11-05T18:37:07.026+0000] {logging_mixin.py:151} INFO - [2023-11-05T18:37:07.026+0000] {dagbag.py:536} INFO - Filling up the DagBag from /home/airflow/.local/lib/python3.8/site-packages/airflow/example_dags/example_external_task_marker_dag.py
[2023-11-05T18:37:07.034+0000] {processor.py:839} INFO - DAG(s) dict_keys(['example_external_task_marker_parent', 'example_external_task_marker_child']) retrieved from /home/airflow/.local/lib/python3.8/site-packages/airflow/example_dags/example_external_task_marker_dag.py
[2023-11-05T18:37:07.106+0000] {logging_mixin.py:151} INFO - [2023-11-05T18:37:07.106+0000] {dag.py:2941} INFO - Sync 2 DAGs
[2023-11-05T18:37:07.128+0000] {logging_mixin.py:151} INFO - [2023-11-05T18:37:07.128+0000] {dag.py:3722} INFO - Setting next_dagrun for example_external_task_marker_child to None, run_after=None
[2023-11-05T18:37:07.133+0000] {logging_mixin.py:151} INFO - [2023-11-05T18:37:07.133+0000] {dag.py:3722} INFO - Setting next_dagrun for example_external_task_marker_parent to None, run_after=None
[2023-11-05T18:37:07.174+0000] {processor.py:179} INFO - Processing /home/airflow/.local/lib/python3.8/site-packages/airflow/example_dags/example_external_task_marker_dag.py took 0.164 seconds
[2023-11-05T18:37:37.661+0000] {processor.py:157} INFO - Started process (PID=221) to work on /home/airflow/.local/lib/python3.8/site-packages/airflow/example_dags/example_external_task_marker_dag.py
[2023-11-05T18:37:37.667+0000] {processor.py:829} INFO - Processing file /home/airflow/.local/lib/python3.8/site-packages/airflow/example_dags/example_external_task_marker_dag.py for tasks to queue
[2023-11-05T18:37:37.683+0000] {logging_mixin.py:151} INFO - [2023-11-05T18:37:37.683+0000] {dagbag.py:536} INFO - Filling up the DagBag from /home/airflow/.local/lib/python3.8/site-packages/airflow/example_dags/example_external_task_marker_dag.py
[2023-11-05T18:37:37.698+0000] {processor.py:839} INFO - DAG(s) dict_keys(['example_external_task_marker_child', 'example_external_task_marker_parent']) retrieved from /home/airflow/.local/lib/python3.8/site-packages/airflow/example_dags/example_external_task_marker_dag.py
[2023-11-05T18:37:37.758+0000] {logging_mixin.py:151} INFO - [2023-11-05T18:37:37.757+0000] {dag.py:2941} INFO - Sync 2 DAGs
[2023-11-05T18:37:37.779+0000] {logging_mixin.py:151} INFO - [2023-11-05T18:37:37.779+0000] {dag.py:3722} INFO - Setting next_dagrun for example_external_task_marker_child to None, run_after=None
[2023-11-05T18:37:37.792+0000] {logging_mixin.py:151} INFO - [2023-11-05T18:37:37.791+0000] {dag.py:3722} INFO - Setting next_dagrun for example_external_task_marker_parent to None, run_after=None
[2023-11-05T18:37:37.897+0000] {processor.py:179} INFO - Processing /home/airflow/.local/lib/python3.8/site-packages/airflow/example_dags/example_external_task_marker_dag.py took 0.240 seconds
[2023-11-05T18:38:08.612+0000] {processor.py:157} INFO - Started process (PID=275) to work on /home/airflow/.local/lib/python3.8/site-packages/airflow/example_dags/example_external_task_marker_dag.py
[2023-11-05T18:38:08.621+0000] {processor.py:829} INFO - Processing file /home/airflow/.local/lib/python3.8/site-packages/airflow/example_dags/example_external_task_marker_dag.py for tasks to queue
[2023-11-05T18:38:08.638+0000] {logging_mixin.py:151} INFO - [2023-11-05T18:38:08.638+0000] {dagbag.py:536} INFO - Filling up the DagBag from /home/airflow/.local/lib/python3.8/site-packages/airflow/example_dags/example_external_task_marker_dag.py
[2023-11-05T18:38:08.654+0000] {processor.py:839} INFO - DAG(s) dict_keys(['example_external_task_marker_child', 'example_external_task_marker_parent']) retrieved from /home/airflow/.local/lib/python3.8/site-packages/airflow/example_dags/example_external_task_marker_dag.py
[2023-11-05T18:38:08.703+0000] {logging_mixin.py:151} INFO - [2023-11-05T18:38:08.703+0000] {dag.py:2941} INFO - Sync 2 DAGs
[2023-11-05T18:38:08.716+0000] {logging_mixin.py:151} INFO - [2023-11-05T18:38:08.716+0000] {dag.py:3722} INFO - Setting next_dagrun for example_external_task_marker_child to None, run_after=None
[2023-11-05T18:38:08.719+0000] {logging_mixin.py:151} INFO - [2023-11-05T18:38:08.719+0000] {dag.py:3722} INFO - Setting next_dagrun for example_external_task_marker_parent to None, run_after=None
[2023-11-05T18:38:08.930+0000] {processor.py:179} INFO - Processing /home/airflow/.local/lib/python3.8/site-packages/airflow/example_dags/example_external_task_marker_dag.py took 0.323 seconds
[2023-11-05T18:38:39.091+0000] {processor.py:157} INFO - Started process (PID=328) to work on /home/airflow/.local/lib/python3.8/site-packages/airflow/example_dags/example_external_task_marker_dag.py
[2023-11-05T18:38:39.096+0000] {processor.py:829} INFO - Processing file /home/airflow/.local/lib/python3.8/site-packages/airflow/example_dags/example_external_task_marker_dag.py for tasks to queue
[2023-11-05T18:38:39.102+0000] {logging_mixin.py:151} INFO - [2023-11-05T18:38:39.102+0000] {dagbag.py:536} INFO - Filling up the DagBag from /home/airflow/.local/lib/python3.8/site-packages/airflow/example_dags/example_external_task_marker_dag.py
[2023-11-05T18:38:39.180+0000] {processor.py:839} INFO - DAG(s) dict_keys(['example_external_task_marker_parent', 'example_external_task_marker_child']) retrieved from /home/airflow/.local/lib/python3.8/site-packages/airflow/example_dags/example_external_task_marker_dag.py
[2023-11-05T18:38:39.393+0000] {logging_mixin.py:151} INFO - [2023-11-05T18:38:39.393+0000] {dag.py:2941} INFO - Sync 2 DAGs
[2023-11-05T18:38:39.427+0000] {logging_mixin.py:151} INFO - [2023-11-05T18:38:39.427+0000] {dag.py:3722} INFO - Setting next_dagrun for example_external_task_marker_child to None, run_after=None
[2023-11-05T18:38:39.436+0000] {logging_mixin.py:151} INFO - [2023-11-05T18:38:39.435+0000] {dag.py:3722} INFO - Setting next_dagrun for example_external_task_marker_parent to None, run_after=None
[2023-11-05T18:38:39.485+0000] {processor.py:179} INFO - Processing /home/airflow/.local/lib/python3.8/site-packages/airflow/example_dags/example_external_task_marker_dag.py took 0.410 seconds
[2023-11-05T18:39:09.554+0000] {processor.py:157} INFO - Started process (PID=382) to work on /home/airflow/.local/lib/python3.8/site-packages/airflow/example_dags/example_external_task_marker_dag.py
[2023-11-05T18:39:09.562+0000] {processor.py:829} INFO - Processing file /home/airflow/.local/lib/python3.8/site-packages/airflow/example_dags/example_external_task_marker_dag.py for tasks to queue
[2023-11-05T18:39:09.570+0000] {logging_mixin.py:151} INFO - [2023-11-05T18:39:09.570+0000] {dagbag.py:536} INFO - Filling up the DagBag from /home/airflow/.local/lib/python3.8/site-packages/airflow/example_dags/example_external_task_marker_dag.py
[2023-11-05T18:39:09.581+0000] {processor.py:839} INFO - DAG(s) dict_keys(['example_external_task_marker_parent', 'example_external_task_marker_child']) retrieved from /home/airflow/.local/lib/python3.8/site-packages/airflow/example_dags/example_external_task_marker_dag.py
[2023-11-05T18:39:09.766+0000] {logging_mixin.py:151} INFO - [2023-11-05T18:39:09.766+0000] {dag.py:2941} INFO - Sync 2 DAGs
[2023-11-05T18:39:09.814+0000] {logging_mixin.py:151} INFO - [2023-11-05T18:39:09.813+0000] {dag.py:3722} INFO - Setting next_dagrun for example_external_task_marker_child to None, run_after=None
[2023-11-05T18:39:09.822+0000] {logging_mixin.py:151} INFO - [2023-11-05T18:39:09.822+0000] {dag.py:3722} INFO - Setting next_dagrun for example_external_task_marker_parent to None, run_after=None
[2023-11-05T18:39:09.932+0000] {processor.py:179} INFO - Processing /home/airflow/.local/lib/python3.8/site-packages/airflow/example_dags/example_external_task_marker_dag.py took 0.380 seconds
[2023-11-05T18:39:40.566+0000] {processor.py:157} INFO - Started process (PID=436) to work on /home/airflow/.local/lib/python3.8/site-packages/airflow/example_dags/example_external_task_marker_dag.py
[2023-11-05T18:39:40.579+0000] {processor.py:829} INFO - Processing file /home/airflow/.local/lib/python3.8/site-packages/airflow/example_dags/example_external_task_marker_dag.py for tasks to queue
[2023-11-05T18:39:40.591+0000] {logging_mixin.py:151} INFO - [2023-11-05T18:39:40.591+0000] {dagbag.py:536} INFO - Filling up the DagBag from /home/airflow/.local/lib/python3.8/site-packages/airflow/example_dags/example_external_task_marker_dag.py
[2023-11-05T18:39:40.599+0000] {processor.py:839} INFO - DAG(s) dict_keys(['example_external_task_marker_parent', 'example_external_task_marker_child']) retrieved from /home/airflow/.local/lib/python3.8/site-packages/airflow/example_dags/example_external_task_marker_dag.py
[2023-11-05T18:39:40.683+0000] {logging_mixin.py:151} INFO - [2023-11-05T18:39:40.682+0000] {dag.py:2941} INFO - Sync 2 DAGs
[2023-11-05T18:39:40.702+0000] {logging_mixin.py:151} INFO - [2023-11-05T18:39:40.702+0000] {dag.py:3722} INFO - Setting next_dagrun for example_external_task_marker_child to None, run_after=None
[2023-11-05T18:39:40.716+0000] {logging_mixin.py:151} INFO - [2023-11-05T18:39:40.716+0000] {dag.py:3722} INFO - Setting next_dagrun for example_external_task_marker_parent to None, run_after=None
[2023-11-05T18:39:41.023+0000] {processor.py:179} INFO - Processing /home/airflow/.local/lib/python3.8/site-packages/airflow/example_dags/example_external_task_marker_dag.py took 0.461 seconds
[2023-11-05T18:40:11.258+0000] {processor.py:157} INFO - Started process (PID=490) to work on /home/airflow/.local/lib/python3.8/site-packages/airflow/example_dags/example_external_task_marker_dag.py
[2023-11-05T18:40:11.260+0000] {processor.py:829} INFO - Processing file /home/airflow/.local/lib/python3.8/site-packages/airflow/example_dags/example_external_task_marker_dag.py for tasks to queue
[2023-11-05T18:40:11.264+0000] {logging_mixin.py:151} INFO - [2023-11-05T18:40:11.263+0000] {dagbag.py:536} INFO - Filling up the DagBag from /home/airflow/.local/lib/python3.8/site-packages/airflow/example_dags/example_external_task_marker_dag.py
[2023-11-05T18:40:11.269+0000] {processor.py:839} INFO - DAG(s) dict_keys(['example_external_task_marker_child', 'example_external_task_marker_parent']) retrieved from /home/airflow/.local/lib/python3.8/site-packages/airflow/example_dags/example_external_task_marker_dag.py
[2023-11-05T18:40:11.305+0000] {logging_mixin.py:151} INFO - [2023-11-05T18:40:11.305+0000] {dag.py:2941} INFO - Sync 2 DAGs
[2023-11-05T18:40:11.315+0000] {logging_mixin.py:151} INFO - [2023-11-05T18:40:11.315+0000] {dag.py:3722} INFO - Setting next_dagrun for example_external_task_marker_child to None, run_after=None
[2023-11-05T18:40:11.318+0000] {logging_mixin.py:151} INFO - [2023-11-05T18:40:11.318+0000] {dag.py:3722} INFO - Setting next_dagrun for example_external_task_marker_parent to None, run_after=None
[2023-11-05T18:40:11.346+0000] {processor.py:179} INFO - Processing /home/airflow/.local/lib/python3.8/site-packages/airflow/example_dags/example_external_task_marker_dag.py took 0.091 seconds
[2023-11-05T18:40:42.135+0000] {processor.py:157} INFO - Started process (PID=551) to work on /home/airflow/.local/lib/python3.8/site-packages/airflow/example_dags/example_external_task_marker_dag.py
[2023-11-05T18:40:42.138+0000] {processor.py:829} INFO - Processing file /home/airflow/.local/lib/python3.8/site-packages/airflow/example_dags/example_external_task_marker_dag.py for tasks to queue
[2023-11-05T18:40:42.152+0000] {logging_mixin.py:151} INFO - [2023-11-05T18:40:42.151+0000] {dagbag.py:536} INFO - Filling up the DagBag from /home/airflow/.local/lib/python3.8/site-packages/airflow/example_dags/example_external_task_marker_dag.py
[2023-11-05T18:40:42.160+0000] {processor.py:839} INFO - DAG(s) dict_keys(['example_external_task_marker_parent', 'example_external_task_marker_child']) retrieved from /home/airflow/.local/lib/python3.8/site-packages/airflow/example_dags/example_external_task_marker_dag.py
[2023-11-05T18:40:42.244+0000] {logging_mixin.py:151} INFO - [2023-11-05T18:40:42.243+0000] {dag.py:2941} INFO - Sync 2 DAGs
[2023-11-05T18:40:42.273+0000] {logging_mixin.py:151} INFO - [2023-11-05T18:40:42.273+0000] {dag.py:3722} INFO - Setting next_dagrun for example_external_task_marker_child to None, run_after=None
[2023-11-05T18:40:42.289+0000] {logging_mixin.py:151} INFO - [2023-11-05T18:40:42.289+0000] {dag.py:3722} INFO - Setting next_dagrun for example_external_task_marker_parent to None, run_after=None
[2023-11-05T18:40:42.383+0000] {processor.py:179} INFO - Processing /home/airflow/.local/lib/python3.8/site-packages/airflow/example_dags/example_external_task_marker_dag.py took 0.256 seconds
[2023-11-05T18:41:12.582+0000] {processor.py:157} INFO - Started process (PID=605) to work on /home/airflow/.local/lib/python3.8/site-packages/airflow/example_dags/example_external_task_marker_dag.py
[2023-11-05T18:41:12.584+0000] {processor.py:829} INFO - Processing file /home/airflow/.local/lib/python3.8/site-packages/airflow/example_dags/example_external_task_marker_dag.py for tasks to queue
[2023-11-05T18:41:12.588+0000] {logging_mixin.py:151} INFO - [2023-11-05T18:41:12.588+0000] {dagbag.py:536} INFO - Filling up the DagBag from /home/airflow/.local/lib/python3.8/site-packages/airflow/example_dags/example_external_task_marker_dag.py
[2023-11-05T18:41:12.593+0000] {processor.py:839} INFO - DAG(s) dict_keys(['example_external_task_marker_parent', 'example_external_task_marker_child']) retrieved from /home/airflow/.local/lib/python3.8/site-packages/airflow/example_dags/example_external_task_marker_dag.py
[2023-11-05T18:41:12.613+0000] {logging_mixin.py:151} INFO - [2023-11-05T18:41:12.613+0000] {dag.py:2941} INFO - Sync 2 DAGs
[2023-11-05T18:41:12.622+0000] {logging_mixin.py:151} INFO - [2023-11-05T18:41:12.622+0000] {dag.py:3722} INFO - Setting next_dagrun for example_external_task_marker_child to None, run_after=None
[2023-11-05T18:41:12.627+0000] {logging_mixin.py:151} INFO - [2023-11-05T18:41:12.627+0000] {dag.py:3722} INFO - Setting next_dagrun for example_external_task_marker_parent to None, run_after=None
[2023-11-05T18:41:12.655+0000] {processor.py:179} INFO - Processing /home/airflow/.local/lib/python3.8/site-packages/airflow/example_dags/example_external_task_marker_dag.py took 0.075 seconds
[2023-11-05T18:41:42.953+0000] {processor.py:157} INFO - Started process (PID=658) to work on /home/airflow/.local/lib/python3.8/site-packages/airflow/example_dags/example_external_task_marker_dag.py
[2023-11-05T18:41:42.954+0000] {processor.py:829} INFO - Processing file /home/airflow/.local/lib/python3.8/site-packages/airflow/example_dags/example_external_task_marker_dag.py for tasks to queue
[2023-11-05T18:41:42.957+0000] {logging_mixin.py:151} INFO - [2023-11-05T18:41:42.957+0000] {dagbag.py:536} INFO - Filling up the DagBag from /home/airflow/.local/lib/python3.8/site-packages/airflow/example_dags/example_external_task_marker_dag.py
[2023-11-05T18:41:42.962+0000] {processor.py:839} INFO - DAG(s) dict_keys(['example_external_task_marker_child', 'example_external_task_marker_parent']) retrieved from /home/airflow/.local/lib/python3.8/site-packages/airflow/example_dags/example_external_task_marker_dag.py
[2023-11-05T18:41:42.984+0000] {logging_mixin.py:151} INFO - [2023-11-05T18:41:42.984+0000] {dag.py:2941} INFO - Sync 2 DAGs
[2023-11-05T18:41:42.992+0000] {logging_mixin.py:151} INFO - [2023-11-05T18:41:42.992+0000] {dag.py:3722} INFO - Setting next_dagrun for example_external_task_marker_child to None, run_after=None
[2023-11-05T18:41:42.995+0000] {logging_mixin.py:151} INFO - [2023-11-05T18:41:42.995+0000] {dag.py:3722} INFO - Setting next_dagrun for example_external_task_marker_parent to None, run_after=None
[2023-11-05T18:41:43.012+0000] {processor.py:179} INFO - Processing /home/airflow/.local/lib/python3.8/site-packages/airflow/example_dags/example_external_task_marker_dag.py took 0.061 seconds
[2023-11-05T18:42:13.725+0000] {processor.py:157} INFO - Started process (PID=712) to work on /home/airflow/.local/lib/python3.8/site-packages/airflow/example_dags/example_external_task_marker_dag.py
[2023-11-05T18:42:13.726+0000] {processor.py:829} INFO - Processing file /home/airflow/.local/lib/python3.8/site-packages/airflow/example_dags/example_external_task_marker_dag.py for tasks to queue
[2023-11-05T18:42:13.730+0000] {logging_mixin.py:151} INFO - [2023-11-05T18:42:13.729+0000] {dagbag.py:536} INFO - Filling up the DagBag from /home/airflow/.local/lib/python3.8/site-packages/airflow/example_dags/example_external_task_marker_dag.py
[2023-11-05T18:42:13.734+0000] {processor.py:839} INFO - DAG(s) dict_keys(['example_external_task_marker_child', 'example_external_task_marker_parent']) retrieved from /home/airflow/.local/lib/python3.8/site-packages/airflow/example_dags/example_external_task_marker_dag.py
[2023-11-05T18:42:13.761+0000] {logging_mixin.py:151} INFO - [2023-11-05T18:42:13.761+0000] {dag.py:2941} INFO - Sync 2 DAGs
[2023-11-05T18:42:13.771+0000] {logging_mixin.py:151} INFO - [2023-11-05T18:42:13.771+0000] {dag.py:3722} INFO - Setting next_dagrun for example_external_task_marker_child to None, run_after=None
[2023-11-05T18:42:13.773+0000] {logging_mixin.py:151} INFO - [2023-11-05T18:42:13.773+0000] {dag.py:3722} INFO - Setting next_dagrun for example_external_task_marker_parent to None, run_after=None
[2023-11-05T18:42:13.784+0000] {processor.py:179} INFO - Processing /home/airflow/.local/lib/python3.8/site-packages/airflow/example_dags/example_external_task_marker_dag.py took 0.061 seconds
[2023-11-05T18:42:44.563+0000] {processor.py:157} INFO - Started process (PID=766) to work on /home/airflow/.local/lib/python3.8/site-packages/airflow/example_dags/example_external_task_marker_dag.py
[2023-11-05T18:42:44.568+0000] {processor.py:829} INFO - Processing file /home/airflow/.local/lib/python3.8/site-packages/airflow/example_dags/example_external_task_marker_dag.py for tasks to queue
[2023-11-05T18:42:44.576+0000] {logging_mixin.py:151} INFO - [2023-11-05T18:42:44.575+0000] {dagbag.py:536} INFO - Filling up the DagBag from /home/airflow/.local/lib/python3.8/site-packages/airflow/example_dags/example_external_task_marker_dag.py
[2023-11-05T18:42:44.583+0000] {processor.py:839} INFO - DAG(s) dict_keys(['example_external_task_marker_parent', 'example_external_task_marker_child']) retrieved from /home/airflow/.local/lib/python3.8/site-packages/airflow/example_dags/example_external_task_marker_dag.py
[2023-11-05T18:42:44.665+0000] {logging_mixin.py:151} INFO - [2023-11-05T18:42:44.665+0000] {dag.py:2941} INFO - Sync 2 DAGs
[2023-11-05T18:42:44.681+0000] {logging_mixin.py:151} INFO - [2023-11-05T18:42:44.681+0000] {dag.py:3722} INFO - Setting next_dagrun for example_external_task_marker_child to None, run_after=None
[2023-11-05T18:42:44.691+0000] {logging_mixin.py:151} INFO - [2023-11-05T18:42:44.691+0000] {dag.py:3722} INFO - Setting next_dagrun for example_external_task_marker_parent to None, run_after=None
[2023-11-05T18:42:44.730+0000] {processor.py:179} INFO - Processing /home/airflow/.local/lib/python3.8/site-packages/airflow/example_dags/example_external_task_marker_dag.py took 0.170 seconds
[2023-11-05T18:43:15.716+0000] {processor.py:157} INFO - Started process (PID=820) to work on /home/airflow/.local/lib/python3.8/site-packages/airflow/example_dags/example_external_task_marker_dag.py
[2023-11-05T18:43:15.727+0000] {processor.py:829} INFO - Processing file /home/airflow/.local/lib/python3.8/site-packages/airflow/example_dags/example_external_task_marker_dag.py for tasks to queue
[2023-11-05T18:43:15.732+0000] {logging_mixin.py:151} INFO - [2023-11-05T18:43:15.731+0000] {dagbag.py:536} INFO - Filling up the DagBag from /home/airflow/.local/lib/python3.8/site-packages/airflow/example_dags/example_external_task_marker_dag.py
[2023-11-05T18:43:15.760+0000] {processor.py:839} INFO - DAG(s) dict_keys(['example_external_task_marker_child', 'example_external_task_marker_parent']) retrieved from /home/airflow/.local/lib/python3.8/site-packages/airflow/example_dags/example_external_task_marker_dag.py
[2023-11-05T18:43:15.853+0000] {logging_mixin.py:151} INFO - [2023-11-05T18:43:15.852+0000] {dag.py:2941} INFO - Sync 2 DAGs
[2023-11-05T18:43:15.880+0000] {logging_mixin.py:151} INFO - [2023-11-05T18:43:15.880+0000] {dag.py:3722} INFO - Setting next_dagrun for example_external_task_marker_child to None, run_after=None
[2023-11-05T18:43:15.898+0000] {logging_mixin.py:151} INFO - [2023-11-05T18:43:15.897+0000] {dag.py:3722} INFO - Setting next_dagrun for example_external_task_marker_parent to None, run_after=None
[2023-11-05T18:43:15.985+0000] {processor.py:179} INFO - Processing /home/airflow/.local/lib/python3.8/site-packages/airflow/example_dags/example_external_task_marker_dag.py took 0.273 seconds
[2023-11-05T18:43:46.483+0000] {processor.py:157} INFO - Started process (PID=874) to work on /home/airflow/.local/lib/python3.8/site-packages/airflow/example_dags/example_external_task_marker_dag.py
[2023-11-05T18:43:46.485+0000] {processor.py:829} INFO - Processing file /home/airflow/.local/lib/python3.8/site-packages/airflow/example_dags/example_external_task_marker_dag.py for tasks to queue
[2023-11-05T18:43:46.487+0000] {logging_mixin.py:151} INFO - [2023-11-05T18:43:46.486+0000] {dagbag.py:536} INFO - Filling up the DagBag from /home/airflow/.local/lib/python3.8/site-packages/airflow/example_dags/example_external_task_marker_dag.py
[2023-11-05T18:43:46.494+0000] {processor.py:839} INFO - DAG(s) dict_keys(['example_external_task_marker_child', 'example_external_task_marker_parent']) retrieved from /home/airflow/.local/lib/python3.8/site-packages/airflow/example_dags/example_external_task_marker_dag.py
[2023-11-05T18:43:46.542+0000] {logging_mixin.py:151} INFO - [2023-11-05T18:43:46.541+0000] {dag.py:2941} INFO - Sync 2 DAGs
[2023-11-05T18:43:46.574+0000] {logging_mixin.py:151} INFO - [2023-11-05T18:43:46.573+0000] {dag.py:3722} INFO - Setting next_dagrun for example_external_task_marker_child to None, run_after=None
[2023-11-05T18:43:46.577+0000] {logging_mixin.py:151} INFO - [2023-11-05T18:43:46.577+0000] {dag.py:3722} INFO - Setting next_dagrun for example_external_task_marker_parent to None, run_after=None
[2023-11-05T18:43:46.701+0000] {processor.py:179} INFO - Processing /home/airflow/.local/lib/python3.8/site-packages/airflow/example_dags/example_external_task_marker_dag.py took 0.222 seconds
[2023-11-05T18:44:17.072+0000] {processor.py:157} INFO - Started process (PID=928) to work on /home/airflow/.local/lib/python3.8/site-packages/airflow/example_dags/example_external_task_marker_dag.py
[2023-11-05T18:44:17.076+0000] {processor.py:829} INFO - Processing file /home/airflow/.local/lib/python3.8/site-packages/airflow/example_dags/example_external_task_marker_dag.py for tasks to queue
[2023-11-05T18:44:17.078+0000] {logging_mixin.py:151} INFO - [2023-11-05T18:44:17.077+0000] {dagbag.py:536} INFO - Filling up the DagBag from /home/airflow/.local/lib/python3.8/site-packages/airflow/example_dags/example_external_task_marker_dag.py
[2023-11-05T18:44:17.096+0000] {processor.py:839} INFO - DAG(s) dict_keys(['example_external_task_marker_parent', 'example_external_task_marker_child']) retrieved from /home/airflow/.local/lib/python3.8/site-packages/airflow/example_dags/example_external_task_marker_dag.py
[2023-11-05T18:44:17.149+0000] {logging_mixin.py:151} INFO - [2023-11-05T18:44:17.149+0000] {dag.py:2941} INFO - Sync 2 DAGs
[2023-11-05T18:44:17.165+0000] {logging_mixin.py:151} INFO - [2023-11-05T18:44:17.165+0000] {dag.py:3722} INFO - Setting next_dagrun for example_external_task_marker_child to None, run_after=None
[2023-11-05T18:44:17.178+0000] {logging_mixin.py:151} INFO - [2023-11-05T18:44:17.178+0000] {dag.py:3722} INFO - Setting next_dagrun for example_external_task_marker_parent to None, run_after=None
[2023-11-05T18:44:17.227+0000] {processor.py:179} INFO - Processing /home/airflow/.local/lib/python3.8/site-packages/airflow/example_dags/example_external_task_marker_dag.py took 0.160 seconds
[2023-11-05T18:44:48.136+0000] {processor.py:157} INFO - Started process (PID=981) to work on /home/airflow/.local/lib/python3.8/site-packages/airflow/example_dags/example_external_task_marker_dag.py
[2023-11-05T18:44:48.149+0000] {processor.py:829} INFO - Processing file /home/airflow/.local/lib/python3.8/site-packages/airflow/example_dags/example_external_task_marker_dag.py for tasks to queue
[2023-11-05T18:44:48.154+0000] {logging_mixin.py:151} INFO - [2023-11-05T18:44:48.154+0000] {dagbag.py:536} INFO - Filling up the DagBag from /home/airflow/.local/lib/python3.8/site-packages/airflow/example_dags/example_external_task_marker_dag.py
[2023-11-05T18:44:48.162+0000] {processor.py:839} INFO - DAG(s) dict_keys(['example_external_task_marker_child', 'example_external_task_marker_parent']) retrieved from /home/airflow/.local/lib/python3.8/site-packages/airflow/example_dags/example_external_task_marker_dag.py
[2023-11-05T18:44:48.204+0000] {logging_mixin.py:151} INFO - [2023-11-05T18:44:48.204+0000] {dag.py:2941} INFO - Sync 2 DAGs
[2023-11-05T18:44:48.223+0000] {logging_mixin.py:151} INFO - [2023-11-05T18:44:48.222+0000] {dag.py:3722} INFO - Setting next_dagrun for example_external_task_marker_child to None, run_after=None
[2023-11-05T18:44:48.227+0000] {logging_mixin.py:151} INFO - [2023-11-05T18:44:48.227+0000] {dag.py:3722} INFO - Setting next_dagrun for example_external_task_marker_parent to None, run_after=None
[2023-11-05T18:44:48.247+0000] {processor.py:179} INFO - Processing /home/airflow/.local/lib/python3.8/site-packages/airflow/example_dags/example_external_task_marker_dag.py took 0.113 seconds
[2023-11-05T18:46:12.424+0000] {processor.py:157} INFO - Started process (PID=60) to work on /home/airflow/.local/lib/python3.8/site-packages/airflow/example_dags/example_external_task_marker_dag.py
[2023-11-05T18:46:12.426+0000] {processor.py:829} INFO - Processing file /home/airflow/.local/lib/python3.8/site-packages/airflow/example_dags/example_external_task_marker_dag.py for tasks to queue
[2023-11-05T18:46:12.433+0000] {logging_mixin.py:151} INFO - [2023-11-05T18:46:12.433+0000] {dagbag.py:536} INFO - Filling up the DagBag from /home/airflow/.local/lib/python3.8/site-packages/airflow/example_dags/example_external_task_marker_dag.py
[2023-11-05T18:46:12.460+0000] {processor.py:839} INFO - DAG(s) dict_keys(['example_external_task_marker_child', 'example_external_task_marker_parent']) retrieved from /home/airflow/.local/lib/python3.8/site-packages/airflow/example_dags/example_external_task_marker_dag.py
[2023-11-05T18:46:12.506+0000] {logging_mixin.py:151} INFO - [2023-11-05T18:46:12.506+0000] {dag.py:2941} INFO - Sync 2 DAGs
[2023-11-05T18:46:12.549+0000] {logging_mixin.py:151} INFO - [2023-11-05T18:46:12.549+0000] {dag.py:3722} INFO - Setting next_dagrun for example_external_task_marker_child to None, run_after=None
[2023-11-05T18:46:12.555+0000] {logging_mixin.py:151} INFO - [2023-11-05T18:46:12.555+0000] {dag.py:3722} INFO - Setting next_dagrun for example_external_task_marker_parent to None, run_after=None
[2023-11-05T18:46:12.612+0000] {processor.py:179} INFO - Processing /home/airflow/.local/lib/python3.8/site-packages/airflow/example_dags/example_external_task_marker_dag.py took 0.211 seconds
[2023-11-05T18:46:42.677+0000] {processor.py:157} INFO - Started process (PID=114) to work on /home/airflow/.local/lib/python3.8/site-packages/airflow/example_dags/example_external_task_marker_dag.py
[2023-11-05T18:46:42.682+0000] {processor.py:829} INFO - Processing file /home/airflow/.local/lib/python3.8/site-packages/airflow/example_dags/example_external_task_marker_dag.py for tasks to queue
[2023-11-05T18:46:42.689+0000] {logging_mixin.py:151} INFO - [2023-11-05T18:46:42.689+0000] {dagbag.py:536} INFO - Filling up the DagBag from /home/airflow/.local/lib/python3.8/site-packages/airflow/example_dags/example_external_task_marker_dag.py
[2023-11-05T18:46:42.704+0000] {processor.py:839} INFO - DAG(s) dict_keys(['example_external_task_marker_parent', 'example_external_task_marker_child']) retrieved from /home/airflow/.local/lib/python3.8/site-packages/airflow/example_dags/example_external_task_marker_dag.py
[2023-11-05T18:46:42.790+0000] {logging_mixin.py:151} INFO - [2023-11-05T18:46:42.790+0000] {dag.py:2941} INFO - Sync 2 DAGs
[2023-11-05T18:46:42.816+0000] {logging_mixin.py:151} INFO - [2023-11-05T18:46:42.816+0000] {dag.py:3722} INFO - Setting next_dagrun for example_external_task_marker_child to None, run_after=None
[2023-11-05T18:46:42.824+0000] {logging_mixin.py:151} INFO - [2023-11-05T18:46:42.823+0000] {dag.py:3722} INFO - Setting next_dagrun for example_external_task_marker_parent to None, run_after=None
[2023-11-05T18:46:42.858+0000] {processor.py:179} INFO - Processing /home/airflow/.local/lib/python3.8/site-packages/airflow/example_dags/example_external_task_marker_dag.py took 0.184 seconds
[2023-11-05T18:47:13.840+0000] {processor.py:157} INFO - Started process (PID=168) to work on /home/airflow/.local/lib/python3.8/site-packages/airflow/example_dags/example_external_task_marker_dag.py
[2023-11-05T18:47:13.841+0000] {processor.py:829} INFO - Processing file /home/airflow/.local/lib/python3.8/site-packages/airflow/example_dags/example_external_task_marker_dag.py for tasks to queue
[2023-11-05T18:47:13.843+0000] {logging_mixin.py:151} INFO - [2023-11-05T18:47:13.843+0000] {dagbag.py:536} INFO - Filling up the DagBag from /home/airflow/.local/lib/python3.8/site-packages/airflow/example_dags/example_external_task_marker_dag.py
[2023-11-05T18:47:13.847+0000] {processor.py:839} INFO - DAG(s) dict_keys(['example_external_task_marker_parent', 'example_external_task_marker_child']) retrieved from /home/airflow/.local/lib/python3.8/site-packages/airflow/example_dags/example_external_task_marker_dag.py
[2023-11-05T18:47:13.885+0000] {logging_mixin.py:151} INFO - [2023-11-05T18:47:13.885+0000] {dag.py:2941} INFO - Sync 2 DAGs
[2023-11-05T18:47:13.953+0000] {logging_mixin.py:151} INFO - [2023-11-05T18:47:13.947+0000] {dag.py:3722} INFO - Setting next_dagrun for example_external_task_marker_child to None, run_after=None
[2023-11-05T18:47:13.972+0000] {logging_mixin.py:151} INFO - [2023-11-05T18:47:13.972+0000] {dag.py:3722} INFO - Setting next_dagrun for example_external_task_marker_parent to None, run_after=None
[2023-11-05T18:47:14.009+0000] {processor.py:179} INFO - Processing /home/airflow/.local/lib/python3.8/site-packages/airflow/example_dags/example_external_task_marker_dag.py took 0.171 seconds
[2023-11-05T18:47:44.339+0000] {processor.py:157} INFO - Started process (PID=222) to work on /home/airflow/.local/lib/python3.8/site-packages/airflow/example_dags/example_external_task_marker_dag.py
[2023-11-05T18:47:44.344+0000] {processor.py:829} INFO - Processing file /home/airflow/.local/lib/python3.8/site-packages/airflow/example_dags/example_external_task_marker_dag.py for tasks to queue
[2023-11-05T18:47:44.347+0000] {logging_mixin.py:151} INFO - [2023-11-05T18:47:44.347+0000] {dagbag.py:536} INFO - Filling up the DagBag from /home/airflow/.local/lib/python3.8/site-packages/airflow/example_dags/example_external_task_marker_dag.py
[2023-11-05T18:47:44.357+0000] {processor.py:839} INFO - DAG(s) dict_keys(['example_external_task_marker_child', 'example_external_task_marker_parent']) retrieved from /home/airflow/.local/lib/python3.8/site-packages/airflow/example_dags/example_external_task_marker_dag.py
[2023-11-05T18:47:44.425+0000] {logging_mixin.py:151} INFO - [2023-11-05T18:47:44.424+0000] {dag.py:2941} INFO - Sync 2 DAGs
[2023-11-05T18:47:44.444+0000] {logging_mixin.py:151} INFO - [2023-11-05T18:47:44.443+0000] {dag.py:3722} INFO - Setting next_dagrun for example_external_task_marker_child to None, run_after=None
[2023-11-05T18:47:44.453+0000] {logging_mixin.py:151} INFO - [2023-11-05T18:47:44.453+0000] {dag.py:3722} INFO - Setting next_dagrun for example_external_task_marker_parent to None, run_after=None
[2023-11-05T18:47:44.480+0000] {processor.py:179} INFO - Processing /home/airflow/.local/lib/python3.8/site-packages/airflow/example_dags/example_external_task_marker_dag.py took 0.143 seconds
[2023-11-05T18:48:15.053+0000] {processor.py:157} INFO - Started process (PID=276) to work on /home/airflow/.local/lib/python3.8/site-packages/airflow/example_dags/example_external_task_marker_dag.py
[2023-11-05T18:48:15.056+0000] {processor.py:829} INFO - Processing file /home/airflow/.local/lib/python3.8/site-packages/airflow/example_dags/example_external_task_marker_dag.py for tasks to queue
[2023-11-05T18:48:15.062+0000] {logging_mixin.py:151} INFO - [2023-11-05T18:48:15.061+0000] {dagbag.py:536} INFO - Filling up the DagBag from /home/airflow/.local/lib/python3.8/site-packages/airflow/example_dags/example_external_task_marker_dag.py
[2023-11-05T18:48:15.072+0000] {processor.py:839} INFO - DAG(s) dict_keys(['example_external_task_marker_child', 'example_external_task_marker_parent']) retrieved from /home/airflow/.local/lib/python3.8/site-packages/airflow/example_dags/example_external_task_marker_dag.py
[2023-11-05T18:48:15.102+0000] {logging_mixin.py:151} INFO - [2023-11-05T18:48:15.102+0000] {dag.py:2941} INFO - Sync 2 DAGs
[2023-11-05T18:48:15.114+0000] {logging_mixin.py:151} INFO - [2023-11-05T18:48:15.114+0000] {dag.py:3722} INFO - Setting next_dagrun for example_external_task_marker_child to None, run_after=None
[2023-11-05T18:48:15.121+0000] {logging_mixin.py:151} INFO - [2023-11-05T18:48:15.121+0000] {dag.py:3722} INFO - Setting next_dagrun for example_external_task_marker_parent to None, run_after=None
[2023-11-05T18:48:15.197+0000] {processor.py:179} INFO - Processing /home/airflow/.local/lib/python3.8/site-packages/airflow/example_dags/example_external_task_marker_dag.py took 0.149 seconds
[2023-11-05T18:48:45.753+0000] {processor.py:157} INFO - Started process (PID=330) to work on /home/airflow/.local/lib/python3.8/site-packages/airflow/example_dags/example_external_task_marker_dag.py
[2023-11-05T18:48:45.759+0000] {processor.py:829} INFO - Processing file /home/airflow/.local/lib/python3.8/site-packages/airflow/example_dags/example_external_task_marker_dag.py for tasks to queue
[2023-11-05T18:48:45.764+0000] {logging_mixin.py:151} INFO - [2023-11-05T18:48:45.763+0000] {dagbag.py:536} INFO - Filling up the DagBag from /home/airflow/.local/lib/python3.8/site-packages/airflow/example_dags/example_external_task_marker_dag.py
[2023-11-05T18:48:45.768+0000] {processor.py:839} INFO - DAG(s) dict_keys(['example_external_task_marker_child', 'example_external_task_marker_parent']) retrieved from /home/airflow/.local/lib/python3.8/site-packages/airflow/example_dags/example_external_task_marker_dag.py
[2023-11-05T18:48:45.787+0000] {logging_mixin.py:151} INFO - [2023-11-05T18:48:45.787+0000] {dag.py:2941} INFO - Sync 2 DAGs
[2023-11-05T18:48:45.805+0000] {logging_mixin.py:151} INFO - [2023-11-05T18:48:45.805+0000] {dag.py:3722} INFO - Setting next_dagrun for example_external_task_marker_child to None, run_after=None
[2023-11-05T18:48:45.809+0000] {logging_mixin.py:151} INFO - [2023-11-05T18:48:45.809+0000] {dag.py:3722} INFO - Setting next_dagrun for example_external_task_marker_parent to None, run_after=None
[2023-11-05T18:48:45.829+0000] {processor.py:179} INFO - Processing /home/airflow/.local/lib/python3.8/site-packages/airflow/example_dags/example_external_task_marker_dag.py took 0.078 seconds
[2023-11-05T18:53:31.870+0000] {processor.py:157} INFO - Started process (PID=384) to work on /home/airflow/.local/lib/python3.8/site-packages/airflow/example_dags/example_external_task_marker_dag.py
[2023-11-05T18:53:31.871+0000] {processor.py:829} INFO - Processing file /home/airflow/.local/lib/python3.8/site-packages/airflow/example_dags/example_external_task_marker_dag.py for tasks to queue
[2023-11-05T18:53:31.873+0000] {logging_mixin.py:151} INFO - [2023-11-05T18:53:31.873+0000] {dagbag.py:536} INFO - Filling up the DagBag from /home/airflow/.local/lib/python3.8/site-packages/airflow/example_dags/example_external_task_marker_dag.py
[2023-11-05T18:53:31.879+0000] {processor.py:839} INFO - DAG(s) dict_keys(['example_external_task_marker_child', 'example_external_task_marker_parent']) retrieved from /home/airflow/.local/lib/python3.8/site-packages/airflow/example_dags/example_external_task_marker_dag.py
[2023-11-05T18:53:31.907+0000] {logging_mixin.py:151} INFO - [2023-11-05T18:53:31.906+0000] {dag.py:2941} INFO - Sync 2 DAGs
[2023-11-05T18:53:31.915+0000] {logging_mixin.py:151} INFO - [2023-11-05T18:53:31.915+0000] {dag.py:3722} INFO - Setting next_dagrun for example_external_task_marker_child to None, run_after=None
[2023-11-05T18:53:31.918+0000] {logging_mixin.py:151} INFO - [2023-11-05T18:53:31.918+0000] {dag.py:3722} INFO - Setting next_dagrun for example_external_task_marker_parent to None, run_after=None
[2023-11-05T18:53:31.933+0000] {processor.py:179} INFO - Processing /home/airflow/.local/lib/python3.8/site-packages/airflow/example_dags/example_external_task_marker_dag.py took 0.066 seconds
[2023-11-05T18:54:04.542+0000] {processor.py:157} INFO - Started process (PID=438) to work on /home/airflow/.local/lib/python3.8/site-packages/airflow/example_dags/example_external_task_marker_dag.py
[2023-11-05T18:54:04.552+0000] {processor.py:829} INFO - Processing file /home/airflow/.local/lib/python3.8/site-packages/airflow/example_dags/example_external_task_marker_dag.py for tasks to queue
[2023-11-05T18:54:04.555+0000] {logging_mixin.py:151} INFO - [2023-11-05T18:54:04.555+0000] {dagbag.py:536} INFO - Filling up the DagBag from /home/airflow/.local/lib/python3.8/site-packages/airflow/example_dags/example_external_task_marker_dag.py
[2023-11-05T18:54:04.561+0000] {processor.py:839} INFO - DAG(s) dict_keys(['example_external_task_marker_parent', 'example_external_task_marker_child']) retrieved from /home/airflow/.local/lib/python3.8/site-packages/airflow/example_dags/example_external_task_marker_dag.py
[2023-11-05T18:54:04.671+0000] {logging_mixin.py:151} INFO - [2023-11-05T18:54:04.671+0000] {dag.py:2941} INFO - Sync 2 DAGs
[2023-11-05T18:54:04.703+0000] {logging_mixin.py:151} INFO - [2023-11-05T18:54:04.703+0000] {dag.py:3722} INFO - Setting next_dagrun for example_external_task_marker_child to None, run_after=None
[2023-11-05T18:54:04.737+0000] {logging_mixin.py:151} INFO - [2023-11-05T18:54:04.736+0000] {dag.py:3722} INFO - Setting next_dagrun for example_external_task_marker_parent to None, run_after=None
[2023-11-05T18:54:04.945+0000] {processor.py:179} INFO - Processing /home/airflow/.local/lib/python3.8/site-packages/airflow/example_dags/example_external_task_marker_dag.py took 0.407 seconds
[2023-11-05T18:54:35.810+0000] {processor.py:157} INFO - Started process (PID=492) to work on /home/airflow/.local/lib/python3.8/site-packages/airflow/example_dags/example_external_task_marker_dag.py
[2023-11-05T18:54:35.812+0000] {processor.py:829} INFO - Processing file /home/airflow/.local/lib/python3.8/site-packages/airflow/example_dags/example_external_task_marker_dag.py for tasks to queue
[2023-11-05T18:54:35.814+0000] {logging_mixin.py:151} INFO - [2023-11-05T18:54:35.814+0000] {dagbag.py:536} INFO - Filling up the DagBag from /home/airflow/.local/lib/python3.8/site-packages/airflow/example_dags/example_external_task_marker_dag.py
[2023-11-05T18:54:35.819+0000] {processor.py:839} INFO - DAG(s) dict_keys(['example_external_task_marker_child', 'example_external_task_marker_parent']) retrieved from /home/airflow/.local/lib/python3.8/site-packages/airflow/example_dags/example_external_task_marker_dag.py
[2023-11-05T18:54:35.839+0000] {logging_mixin.py:151} INFO - [2023-11-05T18:54:35.839+0000] {dag.py:2941} INFO - Sync 2 DAGs
[2023-11-05T18:54:35.847+0000] {logging_mixin.py:151} INFO - [2023-11-05T18:54:35.847+0000] {dag.py:3722} INFO - Setting next_dagrun for example_external_task_marker_child to None, run_after=None
[2023-11-05T18:54:35.850+0000] {logging_mixin.py:151} INFO - [2023-11-05T18:54:35.850+0000] {dag.py:3722} INFO - Setting next_dagrun for example_external_task_marker_parent to None, run_after=None
[2023-11-05T18:54:35.874+0000] {processor.py:179} INFO - Processing /home/airflow/.local/lib/python3.8/site-packages/airflow/example_dags/example_external_task_marker_dag.py took 0.066 seconds
