[2023-11-05T18:35:59.671+0000] {processor.py:157} INFO - Started process (PID=42) to work on /home/airflow/.local/lib/python3.8/site-packages/airflow/example_dags/example_task_group_decorator.py
[2023-11-05T18:35:59.678+0000] {processor.py:829} INFO - Processing file /home/airflow/.local/lib/python3.8/site-packages/airflow/example_dags/example_task_group_decorator.py for tasks to queue
[2023-11-05T18:35:59.698+0000] {logging_mixin.py:151} INFO - [2023-11-05T18:35:59.698+0000] {dagbag.py:536} INFO - Filling up the DagBag from /home/airflow/.local/lib/python3.8/site-packages/airflow/example_dags/example_task_group_decorator.py
[2023-11-05T18:35:59.758+0000] {processor.py:839} INFO - DAG(s) dict_keys(['example_task_group_decorator']) retrieved from /home/airflow/.local/lib/python3.8/site-packages/airflow/example_dags/example_task_group_decorator.py
[2023-11-05T18:35:59.982+0000] {logging_mixin.py:151} INFO - [2023-11-05T18:35:59.982+0000] {dag.py:2941} INFO - Sync 1 DAGs
[2023-11-05T18:36:00.113+0000] {logging_mixin.py:151} INFO - [2023-11-05T18:36:00.112+0000] {dag.py:3722} INFO - Setting next_dagrun for example_task_group_decorator to 2023-11-04T18:36:00.098540+00:00, run_after=2023-11-05T18:36:00.098540+00:00
[2023-11-05T18:36:00.336+0000] {processor.py:179} INFO - Processing /home/airflow/.local/lib/python3.8/site-packages/airflow/example_dags/example_task_group_decorator.py took 0.670 seconds
[2023-11-05T18:36:30.656+0000] {processor.py:157} INFO - Started process (PID=96) to work on /home/airflow/.local/lib/python3.8/site-packages/airflow/example_dags/example_task_group_decorator.py
[2023-11-05T18:36:30.661+0000] {processor.py:829} INFO - Processing file /home/airflow/.local/lib/python3.8/site-packages/airflow/example_dags/example_task_group_decorator.py for tasks to queue
[2023-11-05T18:36:30.675+0000] {logging_mixin.py:151} INFO - [2023-11-05T18:36:30.673+0000] {dagbag.py:536} INFO - Filling up the DagBag from /home/airflow/.local/lib/python3.8/site-packages/airflow/example_dags/example_task_group_decorator.py
[2023-11-05T18:36:30.712+0000] {processor.py:839} INFO - DAG(s) dict_keys(['example_task_group_decorator']) retrieved from /home/airflow/.local/lib/python3.8/site-packages/airflow/example_dags/example_task_group_decorator.py
[2023-11-05T18:36:30.800+0000] {logging_mixin.py:151} INFO - [2023-11-05T18:36:30.800+0000] {dag.py:2941} INFO - Sync 1 DAGs
[2023-11-05T18:36:30.876+0000] {logging_mixin.py:151} INFO - [2023-11-05T18:36:30.876+0000] {dag.py:3722} INFO - Setting next_dagrun for example_task_group_decorator to 2023-11-04T18:36:30.876423+00:00, run_after=2023-11-05T18:36:30.876423+00:00
[2023-11-05T18:36:31.023+0000] {processor.py:179} INFO - Processing /home/airflow/.local/lib/python3.8/site-packages/airflow/example_dags/example_task_group_decorator.py took 0.372 seconds
[2023-11-05T18:37:01.455+0000] {processor.py:157} INFO - Started process (PID=149) to work on /home/airflow/.local/lib/python3.8/site-packages/airflow/example_dags/example_task_group_decorator.py
[2023-11-05T18:37:01.476+0000] {processor.py:829} INFO - Processing file /home/airflow/.local/lib/python3.8/site-packages/airflow/example_dags/example_task_group_decorator.py for tasks to queue
[2023-11-05T18:37:01.480+0000] {logging_mixin.py:151} INFO - [2023-11-05T18:37:01.480+0000] {dagbag.py:536} INFO - Filling up the DagBag from /home/airflow/.local/lib/python3.8/site-packages/airflow/example_dags/example_task_group_decorator.py
[2023-11-05T18:37:01.499+0000] {processor.py:839} INFO - DAG(s) dict_keys(['example_task_group_decorator']) retrieved from /home/airflow/.local/lib/python3.8/site-packages/airflow/example_dags/example_task_group_decorator.py
[2023-11-05T18:37:01.574+0000] {logging_mixin.py:151} INFO - [2023-11-05T18:37:01.573+0000] {dag.py:2941} INFO - Sync 1 DAGs
[2023-11-05T18:37:01.610+0000] {logging_mixin.py:151} INFO - [2023-11-05T18:37:01.610+0000] {dag.py:3722} INFO - Setting next_dagrun for example_task_group_decorator to 2023-11-04T18:37:01.609932+00:00, run_after=2023-11-05T18:37:01.609932+00:00
[2023-11-05T18:37:01.655+0000] {processor.py:179} INFO - Processing /home/airflow/.local/lib/python3.8/site-packages/airflow/example_dags/example_task_group_decorator.py took 0.203 seconds
[2023-11-05T18:37:31.874+0000] {processor.py:157} INFO - Started process (PID=203) to work on /home/airflow/.local/lib/python3.8/site-packages/airflow/example_dags/example_task_group_decorator.py
[2023-11-05T18:37:31.880+0000] {processor.py:829} INFO - Processing file /home/airflow/.local/lib/python3.8/site-packages/airflow/example_dags/example_task_group_decorator.py for tasks to queue
[2023-11-05T18:37:31.888+0000] {logging_mixin.py:151} INFO - [2023-11-05T18:37:31.887+0000] {dagbag.py:536} INFO - Filling up the DagBag from /home/airflow/.local/lib/python3.8/site-packages/airflow/example_dags/example_task_group_decorator.py
[2023-11-05T18:37:31.922+0000] {processor.py:839} INFO - DAG(s) dict_keys(['example_task_group_decorator']) retrieved from /home/airflow/.local/lib/python3.8/site-packages/airflow/example_dags/example_task_group_decorator.py
[2023-11-05T18:37:32.100+0000] {logging_mixin.py:151} INFO - [2023-11-05T18:37:32.100+0000] {dag.py:2941} INFO - Sync 1 DAGs
[2023-11-05T18:37:32.175+0000] {logging_mixin.py:151} INFO - [2023-11-05T18:37:32.175+0000] {dag.py:3722} INFO - Setting next_dagrun for example_task_group_decorator to 2023-11-04T18:37:32.175290+00:00, run_after=2023-11-05T18:37:32.175290+00:00
[2023-11-05T18:37:32.371+0000] {processor.py:179} INFO - Processing /home/airflow/.local/lib/python3.8/site-packages/airflow/example_dags/example_task_group_decorator.py took 0.500 seconds
[2023-11-05T18:38:03.124+0000] {processor.py:157} INFO - Started process (PID=257) to work on /home/airflow/.local/lib/python3.8/site-packages/airflow/example_dags/example_task_group_decorator.py
[2023-11-05T18:38:03.127+0000] {processor.py:829} INFO - Processing file /home/airflow/.local/lib/python3.8/site-packages/airflow/example_dags/example_task_group_decorator.py for tasks to queue
[2023-11-05T18:38:03.134+0000] {logging_mixin.py:151} INFO - [2023-11-05T18:38:03.134+0000] {dagbag.py:536} INFO - Filling up the DagBag from /home/airflow/.local/lib/python3.8/site-packages/airflow/example_dags/example_task_group_decorator.py
[2023-11-05T18:38:03.144+0000] {processor.py:839} INFO - DAG(s) dict_keys(['example_task_group_decorator']) retrieved from /home/airflow/.local/lib/python3.8/site-packages/airflow/example_dags/example_task_group_decorator.py
[2023-11-05T18:38:03.207+0000] {logging_mixin.py:151} INFO - [2023-11-05T18:38:03.207+0000] {dag.py:2941} INFO - Sync 1 DAGs
[2023-11-05T18:38:03.232+0000] {logging_mixin.py:151} INFO - [2023-11-05T18:38:03.232+0000] {dag.py:3722} INFO - Setting next_dagrun for example_task_group_decorator to 2023-11-04T18:38:03.231807+00:00, run_after=2023-11-05T18:38:03.231807+00:00
[2023-11-05T18:38:03.269+0000] {processor.py:179} INFO - Processing /home/airflow/.local/lib/python3.8/site-packages/airflow/example_dags/example_task_group_decorator.py took 0.149 seconds
[2023-11-05T18:38:33.577+0000] {processor.py:157} INFO - Started process (PID=309) to work on /home/airflow/.local/lib/python3.8/site-packages/airflow/example_dags/example_task_group_decorator.py
[2023-11-05T18:38:33.585+0000] {processor.py:829} INFO - Processing file /home/airflow/.local/lib/python3.8/site-packages/airflow/example_dags/example_task_group_decorator.py for tasks to queue
[2023-11-05T18:38:33.591+0000] {logging_mixin.py:151} INFO - [2023-11-05T18:38:33.590+0000] {dagbag.py:536} INFO - Filling up the DagBag from /home/airflow/.local/lib/python3.8/site-packages/airflow/example_dags/example_task_group_decorator.py
[2023-11-05T18:38:33.601+0000] {processor.py:839} INFO - DAG(s) dict_keys(['example_task_group_decorator']) retrieved from /home/airflow/.local/lib/python3.8/site-packages/airflow/example_dags/example_task_group_decorator.py
[2023-11-05T18:38:33.658+0000] {logging_mixin.py:151} INFO - [2023-11-05T18:38:33.657+0000] {dag.py:2941} INFO - Sync 1 DAGs
[2023-11-05T18:38:33.688+0000] {logging_mixin.py:151} INFO - [2023-11-05T18:38:33.688+0000] {dag.py:3722} INFO - Setting next_dagrun for example_task_group_decorator to 2023-11-04T18:38:33.688639+00:00, run_after=2023-11-05T18:38:33.688639+00:00
[2023-11-05T18:38:33.749+0000] {processor.py:179} INFO - Processing /home/airflow/.local/lib/python3.8/site-packages/airflow/example_dags/example_task_group_decorator.py took 0.174 seconds
[2023-11-05T18:39:03.994+0000] {processor.py:157} INFO - Started process (PID=363) to work on /home/airflow/.local/lib/python3.8/site-packages/airflow/example_dags/example_task_group_decorator.py
[2023-11-05T18:39:04.004+0000] {processor.py:829} INFO - Processing file /home/airflow/.local/lib/python3.8/site-packages/airflow/example_dags/example_task_group_decorator.py for tasks to queue
[2023-11-05T18:39:04.009+0000] {logging_mixin.py:151} INFO - [2023-11-05T18:39:04.009+0000] {dagbag.py:536} INFO - Filling up the DagBag from /home/airflow/.local/lib/python3.8/site-packages/airflow/example_dags/example_task_group_decorator.py
[2023-11-05T18:39:04.019+0000] {processor.py:839} INFO - DAG(s) dict_keys(['example_task_group_decorator']) retrieved from /home/airflow/.local/lib/python3.8/site-packages/airflow/example_dags/example_task_group_decorator.py
[2023-11-05T18:39:04.080+0000] {logging_mixin.py:151} INFO - [2023-11-05T18:39:04.079+0000] {dag.py:2941} INFO - Sync 1 DAGs
[2023-11-05T18:39:04.115+0000] {logging_mixin.py:151} INFO - [2023-11-05T18:39:04.115+0000] {dag.py:3722} INFO - Setting next_dagrun for example_task_group_decorator to 2023-11-04T18:39:04.115134+00:00, run_after=2023-11-05T18:39:04.115134+00:00
[2023-11-05T18:39:04.181+0000] {processor.py:179} INFO - Processing /home/airflow/.local/lib/python3.8/site-packages/airflow/example_dags/example_task_group_decorator.py took 0.190 seconds
[2023-11-05T18:39:34.409+0000] {processor.py:157} INFO - Started process (PID=417) to work on /home/airflow/.local/lib/python3.8/site-packages/airflow/example_dags/example_task_group_decorator.py
[2023-11-05T18:39:34.418+0000] {processor.py:829} INFO - Processing file /home/airflow/.local/lib/python3.8/site-packages/airflow/example_dags/example_task_group_decorator.py for tasks to queue
[2023-11-05T18:39:34.425+0000] {logging_mixin.py:151} INFO - [2023-11-05T18:39:34.424+0000] {dagbag.py:536} INFO - Filling up the DagBag from /home/airflow/.local/lib/python3.8/site-packages/airflow/example_dags/example_task_group_decorator.py
[2023-11-05T18:39:34.438+0000] {processor.py:839} INFO - DAG(s) dict_keys(['example_task_group_decorator']) retrieved from /home/airflow/.local/lib/python3.8/site-packages/airflow/example_dags/example_task_group_decorator.py
[2023-11-05T18:39:34.488+0000] {logging_mixin.py:151} INFO - [2023-11-05T18:39:34.488+0000] {dag.py:2941} INFO - Sync 1 DAGs
[2023-11-05T18:39:34.515+0000] {logging_mixin.py:151} INFO - [2023-11-05T18:39:34.515+0000] {dag.py:3722} INFO - Setting next_dagrun for example_task_group_decorator to 2023-11-04T18:39:34.514994+00:00, run_after=2023-11-05T18:39:34.514994+00:00
[2023-11-05T18:39:34.572+0000] {processor.py:179} INFO - Processing /home/airflow/.local/lib/python3.8/site-packages/airflow/example_dags/example_task_group_decorator.py took 0.170 seconds
[2023-11-05T18:40:05.028+0000] {processor.py:157} INFO - Started process (PID=471) to work on /home/airflow/.local/lib/python3.8/site-packages/airflow/example_dags/example_task_group_decorator.py
[2023-11-05T18:40:05.031+0000] {processor.py:829} INFO - Processing file /home/airflow/.local/lib/python3.8/site-packages/airflow/example_dags/example_task_group_decorator.py for tasks to queue
[2023-11-05T18:40:05.036+0000] {logging_mixin.py:151} INFO - [2023-11-05T18:40:05.035+0000] {dagbag.py:536} INFO - Filling up the DagBag from /home/airflow/.local/lib/python3.8/site-packages/airflow/example_dags/example_task_group_decorator.py
[2023-11-05T18:40:05.049+0000] {processor.py:839} INFO - DAG(s) dict_keys(['example_task_group_decorator']) retrieved from /home/airflow/.local/lib/python3.8/site-packages/airflow/example_dags/example_task_group_decorator.py
[2023-11-05T18:40:05.087+0000] {logging_mixin.py:151} INFO - [2023-11-05T18:40:05.087+0000] {dag.py:2941} INFO - Sync 1 DAGs
[2023-11-05T18:40:05.108+0000] {logging_mixin.py:151} INFO - [2023-11-05T18:40:05.108+0000] {dag.py:3722} INFO - Setting next_dagrun for example_task_group_decorator to 2023-11-04T18:40:05.107936+00:00, run_after=2023-11-05T18:40:05.107936+00:00
[2023-11-05T18:40:05.128+0000] {processor.py:179} INFO - Processing /home/airflow/.local/lib/python3.8/site-packages/airflow/example_dags/example_task_group_decorator.py took 0.106 seconds
[2023-11-05T18:40:35.471+0000] {processor.py:157} INFO - Started process (PID=525) to work on /home/airflow/.local/lib/python3.8/site-packages/airflow/example_dags/example_task_group_decorator.py
[2023-11-05T18:40:35.474+0000] {processor.py:829} INFO - Processing file /home/airflow/.local/lib/python3.8/site-packages/airflow/example_dags/example_task_group_decorator.py for tasks to queue
[2023-11-05T18:40:35.481+0000] {logging_mixin.py:151} INFO - [2023-11-05T18:40:35.480+0000] {dagbag.py:536} INFO - Filling up the DagBag from /home/airflow/.local/lib/python3.8/site-packages/airflow/example_dags/example_task_group_decorator.py
[2023-11-05T18:40:35.496+0000] {processor.py:839} INFO - DAG(s) dict_keys(['example_task_group_decorator']) retrieved from /home/airflow/.local/lib/python3.8/site-packages/airflow/example_dags/example_task_group_decorator.py
[2023-11-05T18:40:35.545+0000] {logging_mixin.py:151} INFO - [2023-11-05T18:40:35.545+0000] {dag.py:2941} INFO - Sync 1 DAGs
[2023-11-05T18:40:35.575+0000] {logging_mixin.py:151} INFO - [2023-11-05T18:40:35.575+0000] {dag.py:3722} INFO - Setting next_dagrun for example_task_group_decorator to 2023-11-04T18:40:35.574450+00:00, run_after=2023-11-05T18:40:35.574450+00:00
[2023-11-05T18:40:35.623+0000] {processor.py:179} INFO - Processing /home/airflow/.local/lib/python3.8/site-packages/airflow/example_dags/example_task_group_decorator.py took 0.155 seconds
[2023-11-05T18:41:06.446+0000] {processor.py:157} INFO - Started process (PID=579) to work on /home/airflow/.local/lib/python3.8/site-packages/airflow/example_dags/example_task_group_decorator.py
[2023-11-05T18:41:06.449+0000] {processor.py:829} INFO - Processing file /home/airflow/.local/lib/python3.8/site-packages/airflow/example_dags/example_task_group_decorator.py for tasks to queue
[2023-11-05T18:41:06.453+0000] {logging_mixin.py:151} INFO - [2023-11-05T18:41:06.452+0000] {dagbag.py:536} INFO - Filling up the DagBag from /home/airflow/.local/lib/python3.8/site-packages/airflow/example_dags/example_task_group_decorator.py
[2023-11-05T18:41:06.475+0000] {processor.py:839} INFO - DAG(s) dict_keys(['example_task_group_decorator']) retrieved from /home/airflow/.local/lib/python3.8/site-packages/airflow/example_dags/example_task_group_decorator.py
[2023-11-05T18:41:06.514+0000] {logging_mixin.py:151} INFO - [2023-11-05T18:41:06.514+0000] {dag.py:2941} INFO - Sync 1 DAGs
[2023-11-05T18:41:06.545+0000] {logging_mixin.py:151} INFO - [2023-11-05T18:41:06.544+0000] {dag.py:3722} INFO - Setting next_dagrun for example_task_group_decorator to 2023-11-04T18:41:06.544492+00:00, run_after=2023-11-05T18:41:06.544492+00:00
[2023-11-05T18:41:06.622+0000] {processor.py:179} INFO - Processing /home/airflow/.local/lib/python3.8/site-packages/airflow/example_dags/example_task_group_decorator.py took 0.181 seconds
[2023-11-05T18:41:37.092+0000] {processor.py:157} INFO - Started process (PID=633) to work on /home/airflow/.local/lib/python3.8/site-packages/airflow/example_dags/example_task_group_decorator.py
[2023-11-05T18:41:37.094+0000] {processor.py:829} INFO - Processing file /home/airflow/.local/lib/python3.8/site-packages/airflow/example_dags/example_task_group_decorator.py for tasks to queue
[2023-11-05T18:41:37.096+0000] {logging_mixin.py:151} INFO - [2023-11-05T18:41:37.096+0000] {dagbag.py:536} INFO - Filling up the DagBag from /home/airflow/.local/lib/python3.8/site-packages/airflow/example_dags/example_task_group_decorator.py
[2023-11-05T18:41:37.105+0000] {processor.py:839} INFO - DAG(s) dict_keys(['example_task_group_decorator']) retrieved from /home/airflow/.local/lib/python3.8/site-packages/airflow/example_dags/example_task_group_decorator.py
[2023-11-05T18:41:37.134+0000] {logging_mixin.py:151} INFO - [2023-11-05T18:41:37.134+0000] {dag.py:2941} INFO - Sync 1 DAGs
[2023-11-05T18:41:37.159+0000] {logging_mixin.py:151} INFO - [2023-11-05T18:41:37.159+0000] {dag.py:3722} INFO - Setting next_dagrun for example_task_group_decorator to 2023-11-04T18:41:37.158847+00:00, run_after=2023-11-05T18:41:37.158847+00:00
[2023-11-05T18:41:37.212+0000] {processor.py:179} INFO - Processing /home/airflow/.local/lib/python3.8/site-packages/airflow/example_dags/example_task_group_decorator.py took 0.123 seconds
[2023-11-05T18:42:07.471+0000] {processor.py:157} INFO - Started process (PID=686) to work on /home/airflow/.local/lib/python3.8/site-packages/airflow/example_dags/example_task_group_decorator.py
[2023-11-05T18:42:07.473+0000] {processor.py:829} INFO - Processing file /home/airflow/.local/lib/python3.8/site-packages/airflow/example_dags/example_task_group_decorator.py for tasks to queue
[2023-11-05T18:42:07.475+0000] {logging_mixin.py:151} INFO - [2023-11-05T18:42:07.474+0000] {dagbag.py:536} INFO - Filling up the DagBag from /home/airflow/.local/lib/python3.8/site-packages/airflow/example_dags/example_task_group_decorator.py
[2023-11-05T18:42:07.486+0000] {processor.py:839} INFO - DAG(s) dict_keys(['example_task_group_decorator']) retrieved from /home/airflow/.local/lib/python3.8/site-packages/airflow/example_dags/example_task_group_decorator.py
[2023-11-05T18:42:07.504+0000] {logging_mixin.py:151} INFO - [2023-11-05T18:42:07.504+0000] {dag.py:2941} INFO - Sync 1 DAGs
[2023-11-05T18:42:07.521+0000] {logging_mixin.py:151} INFO - [2023-11-05T18:42:07.520+0000] {dag.py:3722} INFO - Setting next_dagrun for example_task_group_decorator to 2023-11-04T18:42:07.520599+00:00, run_after=2023-11-05T18:42:07.520599+00:00
[2023-11-05T18:42:07.541+0000] {processor.py:179} INFO - Processing /home/airflow/.local/lib/python3.8/site-packages/airflow/example_dags/example_task_group_decorator.py took 0.072 seconds
[2023-11-05T18:42:37.872+0000] {processor.py:157} INFO - Started process (PID=740) to work on /home/airflow/.local/lib/python3.8/site-packages/airflow/example_dags/example_task_group_decorator.py
[2023-11-05T18:42:37.874+0000] {processor.py:829} INFO - Processing file /home/airflow/.local/lib/python3.8/site-packages/airflow/example_dags/example_task_group_decorator.py for tasks to queue
[2023-11-05T18:42:37.878+0000] {logging_mixin.py:151} INFO - [2023-11-05T18:42:37.877+0000] {dagbag.py:536} INFO - Filling up the DagBag from /home/airflow/.local/lib/python3.8/site-packages/airflow/example_dags/example_task_group_decorator.py
[2023-11-05T18:42:37.886+0000] {processor.py:839} INFO - DAG(s) dict_keys(['example_task_group_decorator']) retrieved from /home/airflow/.local/lib/python3.8/site-packages/airflow/example_dags/example_task_group_decorator.py
[2023-11-05T18:42:37.904+0000] {logging_mixin.py:151} INFO - [2023-11-05T18:42:37.904+0000] {dag.py:2941} INFO - Sync 1 DAGs
[2023-11-05T18:42:37.920+0000] {logging_mixin.py:151} INFO - [2023-11-05T18:42:37.920+0000] {dag.py:3722} INFO - Setting next_dagrun for example_task_group_decorator to 2023-11-04T18:42:37.919901+00:00, run_after=2023-11-05T18:42:37.919901+00:00
[2023-11-05T18:42:37.937+0000] {processor.py:179} INFO - Processing /home/airflow/.local/lib/python3.8/site-packages/airflow/example_dags/example_task_group_decorator.py took 0.070 seconds
[2023-11-05T18:43:08.202+0000] {processor.py:157} INFO - Started process (PID=794) to work on /home/airflow/.local/lib/python3.8/site-packages/airflow/example_dags/example_task_group_decorator.py
[2023-11-05T18:43:08.203+0000] {processor.py:829} INFO - Processing file /home/airflow/.local/lib/python3.8/site-packages/airflow/example_dags/example_task_group_decorator.py for tasks to queue
[2023-11-05T18:43:08.206+0000] {logging_mixin.py:151} INFO - [2023-11-05T18:43:08.205+0000] {dagbag.py:536} INFO - Filling up the DagBag from /home/airflow/.local/lib/python3.8/site-packages/airflow/example_dags/example_task_group_decorator.py
[2023-11-05T18:43:08.214+0000] {processor.py:839} INFO - DAG(s) dict_keys(['example_task_group_decorator']) retrieved from /home/airflow/.local/lib/python3.8/site-packages/airflow/example_dags/example_task_group_decorator.py
[2023-11-05T18:43:08.241+0000] {logging_mixin.py:151} INFO - [2023-11-05T18:43:08.241+0000] {dag.py:2941} INFO - Sync 1 DAGs
[2023-11-05T18:43:08.258+0000] {logging_mixin.py:151} INFO - [2023-11-05T18:43:08.258+0000] {dag.py:3722} INFO - Setting next_dagrun for example_task_group_decorator to 2023-11-04T18:43:08.258404+00:00, run_after=2023-11-05T18:43:08.258404+00:00
[2023-11-05T18:43:08.277+0000] {processor.py:179} INFO - Processing /home/airflow/.local/lib/python3.8/site-packages/airflow/example_dags/example_task_group_decorator.py took 0.078 seconds
[2023-11-05T18:43:38.808+0000] {processor.py:157} INFO - Started process (PID=848) to work on /home/airflow/.local/lib/python3.8/site-packages/airflow/example_dags/example_task_group_decorator.py
[2023-11-05T18:43:38.809+0000] {processor.py:829} INFO - Processing file /home/airflow/.local/lib/python3.8/site-packages/airflow/example_dags/example_task_group_decorator.py for tasks to queue
[2023-11-05T18:43:38.813+0000] {logging_mixin.py:151} INFO - [2023-11-05T18:43:38.812+0000] {dagbag.py:536} INFO - Filling up the DagBag from /home/airflow/.local/lib/python3.8/site-packages/airflow/example_dags/example_task_group_decorator.py
[2023-11-05T18:43:38.823+0000] {processor.py:839} INFO - DAG(s) dict_keys(['example_task_group_decorator']) retrieved from /home/airflow/.local/lib/python3.8/site-packages/airflow/example_dags/example_task_group_decorator.py
[2023-11-05T18:43:38.858+0000] {logging_mixin.py:151} INFO - [2023-11-05T18:43:38.857+0000] {dag.py:2941} INFO - Sync 1 DAGs
[2023-11-05T18:43:38.880+0000] {logging_mixin.py:151} INFO - [2023-11-05T18:43:38.880+0000] {dag.py:3722} INFO - Setting next_dagrun for example_task_group_decorator to 2023-11-04T18:43:38.880318+00:00, run_after=2023-11-05T18:43:38.880318+00:00
[2023-11-05T18:43:38.903+0000] {processor.py:179} INFO - Processing /home/airflow/.local/lib/python3.8/site-packages/airflow/example_dags/example_task_group_decorator.py took 0.100 seconds
[2023-11-05T18:44:09.342+0000] {processor.py:157} INFO - Started process (PID=902) to work on /home/airflow/.local/lib/python3.8/site-packages/airflow/example_dags/example_task_group_decorator.py
[2023-11-05T18:44:09.344+0000] {processor.py:829} INFO - Processing file /home/airflow/.local/lib/python3.8/site-packages/airflow/example_dags/example_task_group_decorator.py for tasks to queue
[2023-11-05T18:44:09.348+0000] {logging_mixin.py:151} INFO - [2023-11-05T18:44:09.347+0000] {dagbag.py:536} INFO - Filling up the DagBag from /home/airflow/.local/lib/python3.8/site-packages/airflow/example_dags/example_task_group_decorator.py
[2023-11-05T18:44:09.359+0000] {processor.py:839} INFO - DAG(s) dict_keys(['example_task_group_decorator']) retrieved from /home/airflow/.local/lib/python3.8/site-packages/airflow/example_dags/example_task_group_decorator.py
[2023-11-05T18:44:09.387+0000] {logging_mixin.py:151} INFO - [2023-11-05T18:44:09.387+0000] {dag.py:2941} INFO - Sync 1 DAGs
[2023-11-05T18:44:09.407+0000] {logging_mixin.py:151} INFO - [2023-11-05T18:44:09.407+0000] {dag.py:3722} INFO - Setting next_dagrun for example_task_group_decorator to 2023-11-04T18:44:09.406951+00:00, run_after=2023-11-05T18:44:09.406951+00:00
[2023-11-05T18:44:09.423+0000] {processor.py:179} INFO - Processing /home/airflow/.local/lib/python3.8/site-packages/airflow/example_dags/example_task_group_decorator.py took 0.088 seconds
[2023-11-05T18:44:39.624+0000] {processor.py:157} INFO - Started process (PID=956) to work on /home/airflow/.local/lib/python3.8/site-packages/airflow/example_dags/example_task_group_decorator.py
[2023-11-05T18:44:39.627+0000] {processor.py:829} INFO - Processing file /home/airflow/.local/lib/python3.8/site-packages/airflow/example_dags/example_task_group_decorator.py for tasks to queue
[2023-11-05T18:44:39.630+0000] {logging_mixin.py:151} INFO - [2023-11-05T18:44:39.630+0000] {dagbag.py:536} INFO - Filling up the DagBag from /home/airflow/.local/lib/python3.8/site-packages/airflow/example_dags/example_task_group_decorator.py
[2023-11-05T18:44:39.644+0000] {processor.py:839} INFO - DAG(s) dict_keys(['example_task_group_decorator']) retrieved from /home/airflow/.local/lib/python3.8/site-packages/airflow/example_dags/example_task_group_decorator.py
[2023-11-05T18:44:39.661+0000] {logging_mixin.py:151} INFO - [2023-11-05T18:44:39.661+0000] {dag.py:2941} INFO - Sync 1 DAGs
[2023-11-05T18:44:39.678+0000] {logging_mixin.py:151} INFO - [2023-11-05T18:44:39.678+0000] {dag.py:3722} INFO - Setting next_dagrun for example_task_group_decorator to 2023-11-04T18:44:39.677591+00:00, run_after=2023-11-05T18:44:39.677591+00:00
[2023-11-05T18:44:39.703+0000] {processor.py:179} INFO - Processing /home/airflow/.local/lib/python3.8/site-packages/airflow/example_dags/example_task_group_decorator.py took 0.082 seconds
[2023-11-05T18:45:10.021+0000] {processor.py:157} INFO - Started process (PID=1009) to work on /home/airflow/.local/lib/python3.8/site-packages/airflow/example_dags/example_task_group_decorator.py
[2023-11-05T18:45:10.023+0000] {processor.py:829} INFO - Processing file /home/airflow/.local/lib/python3.8/site-packages/airflow/example_dags/example_task_group_decorator.py for tasks to queue
[2023-11-05T18:45:10.025+0000] {logging_mixin.py:151} INFO - [2023-11-05T18:45:10.025+0000] {dagbag.py:536} INFO - Filling up the DagBag from /home/airflow/.local/lib/python3.8/site-packages/airflow/example_dags/example_task_group_decorator.py
[2023-11-05T18:45:10.037+0000] {processor.py:839} INFO - DAG(s) dict_keys(['example_task_group_decorator']) retrieved from /home/airflow/.local/lib/python3.8/site-packages/airflow/example_dags/example_task_group_decorator.py
[2023-11-05T18:45:10.075+0000] {logging_mixin.py:151} INFO - [2023-11-05T18:45:10.074+0000] {dag.py:2941} INFO - Sync 1 DAGs
[2023-11-05T18:45:10.096+0000] {logging_mixin.py:151} INFO - [2023-11-05T18:45:10.096+0000] {dag.py:3722} INFO - Setting next_dagrun for example_task_group_decorator to 2023-11-04T18:45:10.096620+00:00, run_after=2023-11-05T18:45:10.096620+00:00
[2023-11-05T18:45:10.250+0000] {processor.py:179} INFO - Processing /home/airflow/.local/lib/python3.8/site-packages/airflow/example_dags/example_task_group_decorator.py took 0.233 seconds
[2023-11-05T18:46:10.304+0000] {processor.py:157} INFO - Started process (PID=42) to work on /home/airflow/.local/lib/python3.8/site-packages/airflow/example_dags/example_task_group_decorator.py
[2023-11-05T18:46:10.312+0000] {processor.py:829} INFO - Processing file /home/airflow/.local/lib/python3.8/site-packages/airflow/example_dags/example_task_group_decorator.py for tasks to queue
[2023-11-05T18:46:10.321+0000] {logging_mixin.py:151} INFO - [2023-11-05T18:46:10.319+0000] {dagbag.py:536} INFO - Filling up the DagBag from /home/airflow/.local/lib/python3.8/site-packages/airflow/example_dags/example_task_group_decorator.py
[2023-11-05T18:46:10.375+0000] {processor.py:839} INFO - DAG(s) dict_keys(['example_task_group_decorator']) retrieved from /home/airflow/.local/lib/python3.8/site-packages/airflow/example_dags/example_task_group_decorator.py
[2023-11-05T18:46:10.417+0000] {logging_mixin.py:151} INFO - [2023-11-05T18:46:10.417+0000] {dag.py:2941} INFO - Sync 1 DAGs
[2023-11-05T18:46:10.444+0000] {logging_mixin.py:151} INFO - [2023-11-05T18:46:10.444+0000] {dag.py:3722} INFO - Setting next_dagrun for example_task_group_decorator to 2023-11-04T18:46:10.444055+00:00, run_after=2023-11-05T18:46:10.444055+00:00
[2023-11-05T18:46:10.508+0000] {processor.py:179} INFO - Processing /home/airflow/.local/lib/python3.8/site-packages/airflow/example_dags/example_task_group_decorator.py took 0.209 seconds
[2023-11-05T18:46:40.821+0000] {processor.py:157} INFO - Started process (PID=96) to work on /home/airflow/.local/lib/python3.8/site-packages/airflow/example_dags/example_task_group_decorator.py
[2023-11-05T18:46:40.824+0000] {processor.py:829} INFO - Processing file /home/airflow/.local/lib/python3.8/site-packages/airflow/example_dags/example_task_group_decorator.py for tasks to queue
[2023-11-05T18:46:40.828+0000] {logging_mixin.py:151} INFO - [2023-11-05T18:46:40.827+0000] {dagbag.py:536} INFO - Filling up the DagBag from /home/airflow/.local/lib/python3.8/site-packages/airflow/example_dags/example_task_group_decorator.py
[2023-11-05T18:46:40.844+0000] {processor.py:839} INFO - DAG(s) dict_keys(['example_task_group_decorator']) retrieved from /home/airflow/.local/lib/python3.8/site-packages/airflow/example_dags/example_task_group_decorator.py
[2023-11-05T18:46:40.889+0000] {logging_mixin.py:151} INFO - [2023-11-05T18:46:40.888+0000] {dag.py:2941} INFO - Sync 1 DAGs
[2023-11-05T18:46:40.922+0000] {logging_mixin.py:151} INFO - [2023-11-05T18:46:40.922+0000] {dag.py:3722} INFO - Setting next_dagrun for example_task_group_decorator to 2023-11-04T18:46:40.922587+00:00, run_after=2023-11-05T18:46:40.922587+00:00
[2023-11-05T18:46:40.950+0000] {processor.py:179} INFO - Processing /home/airflow/.local/lib/python3.8/site-packages/airflow/example_dags/example_task_group_decorator.py took 0.135 seconds
[2023-11-05T18:47:11.168+0000] {processor.py:157} INFO - Started process (PID=150) to work on /home/airflow/.local/lib/python3.8/site-packages/airflow/example_dags/example_task_group_decorator.py
[2023-11-05T18:47:11.176+0000] {processor.py:829} INFO - Processing file /home/airflow/.local/lib/python3.8/site-packages/airflow/example_dags/example_task_group_decorator.py for tasks to queue
[2023-11-05T18:47:11.180+0000] {logging_mixin.py:151} INFO - [2023-11-05T18:47:11.179+0000] {dagbag.py:536} INFO - Filling up the DagBag from /home/airflow/.local/lib/python3.8/site-packages/airflow/example_dags/example_task_group_decorator.py
[2023-11-05T18:47:11.204+0000] {processor.py:839} INFO - DAG(s) dict_keys(['example_task_group_decorator']) retrieved from /home/airflow/.local/lib/python3.8/site-packages/airflow/example_dags/example_task_group_decorator.py
[2023-11-05T18:47:11.277+0000] {logging_mixin.py:151} INFO - [2023-11-05T18:47:11.276+0000] {dag.py:2941} INFO - Sync 1 DAGs
[2023-11-05T18:47:11.310+0000] {logging_mixin.py:151} INFO - [2023-11-05T18:47:11.309+0000] {dag.py:3722} INFO - Setting next_dagrun for example_task_group_decorator to 2023-11-04T18:47:11.309623+00:00, run_after=2023-11-05T18:47:11.309623+00:00
[2023-11-05T18:47:11.339+0000] {processor.py:179} INFO - Processing /home/airflow/.local/lib/python3.8/site-packages/airflow/example_dags/example_task_group_decorator.py took 0.176 seconds
[2023-11-05T18:47:42.132+0000] {processor.py:157} INFO - Started process (PID=204) to work on /home/airflow/.local/lib/python3.8/site-packages/airflow/example_dags/example_task_group_decorator.py
[2023-11-05T18:47:42.133+0000] {processor.py:829} INFO - Processing file /home/airflow/.local/lib/python3.8/site-packages/airflow/example_dags/example_task_group_decorator.py for tasks to queue
[2023-11-05T18:47:42.137+0000] {logging_mixin.py:151} INFO - [2023-11-05T18:47:42.136+0000] {dagbag.py:536} INFO - Filling up the DagBag from /home/airflow/.local/lib/python3.8/site-packages/airflow/example_dags/example_task_group_decorator.py
[2023-11-05T18:47:42.152+0000] {processor.py:839} INFO - DAG(s) dict_keys(['example_task_group_decorator']) retrieved from /home/airflow/.local/lib/python3.8/site-packages/airflow/example_dags/example_task_group_decorator.py
[2023-11-05T18:47:42.175+0000] {logging_mixin.py:151} INFO - [2023-11-05T18:47:42.174+0000] {dag.py:2941} INFO - Sync 1 DAGs
[2023-11-05T18:47:42.192+0000] {logging_mixin.py:151} INFO - [2023-11-05T18:47:42.191+0000] {dag.py:3722} INFO - Setting next_dagrun for example_task_group_decorator to 2023-11-04T18:47:42.191438+00:00, run_after=2023-11-05T18:47:42.191438+00:00
[2023-11-05T18:47:42.213+0000] {processor.py:179} INFO - Processing /home/airflow/.local/lib/python3.8/site-packages/airflow/example_dags/example_task_group_decorator.py took 0.083 seconds
[2023-11-05T18:48:12.297+0000] {processor.py:157} INFO - Started process (PID=257) to work on /home/airflow/.local/lib/python3.8/site-packages/airflow/example_dags/example_task_group_decorator.py
[2023-11-05T18:48:12.299+0000] {processor.py:829} INFO - Processing file /home/airflow/.local/lib/python3.8/site-packages/airflow/example_dags/example_task_group_decorator.py for tasks to queue
[2023-11-05T18:48:12.302+0000] {logging_mixin.py:151} INFO - [2023-11-05T18:48:12.302+0000] {dagbag.py:536} INFO - Filling up the DagBag from /home/airflow/.local/lib/python3.8/site-packages/airflow/example_dags/example_task_group_decorator.py
[2023-11-05T18:48:12.312+0000] {processor.py:839} INFO - DAG(s) dict_keys(['example_task_group_decorator']) retrieved from /home/airflow/.local/lib/python3.8/site-packages/airflow/example_dags/example_task_group_decorator.py
[2023-11-05T18:48:12.330+0000] {logging_mixin.py:151} INFO - [2023-11-05T18:48:12.330+0000] {dag.py:2941} INFO - Sync 1 DAGs
[2023-11-05T18:48:12.343+0000] {logging_mixin.py:151} INFO - [2023-11-05T18:48:12.343+0000] {dag.py:3722} INFO - Setting next_dagrun for example_task_group_decorator to 2023-11-04T18:48:12.343237+00:00, run_after=2023-11-05T18:48:12.343237+00:00
[2023-11-05T18:48:12.355+0000] {processor.py:179} INFO - Processing /home/airflow/.local/lib/python3.8/site-packages/airflow/example_dags/example_task_group_decorator.py took 0.061 seconds
[2023-11-05T18:48:42.840+0000] {processor.py:157} INFO - Started process (PID=311) to work on /home/airflow/.local/lib/python3.8/site-packages/airflow/example_dags/example_task_group_decorator.py
[2023-11-05T18:48:42.843+0000] {processor.py:829} INFO - Processing file /home/airflow/.local/lib/python3.8/site-packages/airflow/example_dags/example_task_group_decorator.py for tasks to queue
[2023-11-05T18:48:42.846+0000] {logging_mixin.py:151} INFO - [2023-11-05T18:48:42.846+0000] {dagbag.py:536} INFO - Filling up the DagBag from /home/airflow/.local/lib/python3.8/site-packages/airflow/example_dags/example_task_group_decorator.py
[2023-11-05T18:48:42.855+0000] {processor.py:839} INFO - DAG(s) dict_keys(['example_task_group_decorator']) retrieved from /home/airflow/.local/lib/python3.8/site-packages/airflow/example_dags/example_task_group_decorator.py
[2023-11-05T18:48:42.874+0000] {logging_mixin.py:151} INFO - [2023-11-05T18:48:42.874+0000] {dag.py:2941} INFO - Sync 1 DAGs
[2023-11-05T18:48:42.891+0000] {logging_mixin.py:151} INFO - [2023-11-05T18:48:42.891+0000] {dag.py:3722} INFO - Setting next_dagrun for example_task_group_decorator to 2023-11-04T18:48:42.890831+00:00, run_after=2023-11-05T18:48:42.890831+00:00
[2023-11-05T18:48:42.903+0000] {processor.py:179} INFO - Processing /home/airflow/.local/lib/python3.8/site-packages/airflow/example_dags/example_task_group_decorator.py took 0.065 seconds
[2023-11-05T18:53:30.338+0000] {processor.py:157} INFO - Started process (PID=366) to work on /home/airflow/.local/lib/python3.8/site-packages/airflow/example_dags/example_task_group_decorator.py
[2023-11-05T18:53:30.362+0000] {processor.py:829} INFO - Processing file /home/airflow/.local/lib/python3.8/site-packages/airflow/example_dags/example_task_group_decorator.py for tasks to queue
[2023-11-05T18:53:30.381+0000] {logging_mixin.py:151} INFO - [2023-11-05T18:53:30.380+0000] {dagbag.py:536} INFO - Filling up the DagBag from /home/airflow/.local/lib/python3.8/site-packages/airflow/example_dags/example_task_group_decorator.py
[2023-11-05T18:53:30.450+0000] {processor.py:839} INFO - DAG(s) dict_keys(['example_task_group_decorator']) retrieved from /home/airflow/.local/lib/python3.8/site-packages/airflow/example_dags/example_task_group_decorator.py
[2023-11-05T18:53:30.680+0000] {logging_mixin.py:151} INFO - [2023-11-05T18:53:30.680+0000] {dag.py:2941} INFO - Sync 1 DAGs
[2023-11-05T18:53:30.709+0000] {logging_mixin.py:151} INFO - [2023-11-05T18:53:30.709+0000] {dag.py:3722} INFO - Setting next_dagrun for example_task_group_decorator to 2023-11-04T18:53:30.709058+00:00, run_after=2023-11-05T18:53:30.709058+00:00
[2023-11-05T18:53:30.752+0000] {processor.py:179} INFO - Processing /home/airflow/.local/lib/python3.8/site-packages/airflow/example_dags/example_task_group_decorator.py took 0.461 seconds
[2023-11-05T18:54:00.955+0000] {processor.py:157} INFO - Started process (PID=420) to work on /home/airflow/.local/lib/python3.8/site-packages/airflow/example_dags/example_task_group_decorator.py
[2023-11-05T18:54:00.966+0000] {processor.py:829} INFO - Processing file /home/airflow/.local/lib/python3.8/site-packages/airflow/example_dags/example_task_group_decorator.py for tasks to queue
[2023-11-05T18:54:00.974+0000] {logging_mixin.py:151} INFO - [2023-11-05T18:54:00.974+0000] {dagbag.py:536} INFO - Filling up the DagBag from /home/airflow/.local/lib/python3.8/site-packages/airflow/example_dags/example_task_group_decorator.py
[2023-11-05T18:54:00.990+0000] {processor.py:839} INFO - DAG(s) dict_keys(['example_task_group_decorator']) retrieved from /home/airflow/.local/lib/python3.8/site-packages/airflow/example_dags/example_task_group_decorator.py
[2023-11-05T18:54:01.036+0000] {logging_mixin.py:151} INFO - [2023-11-05T18:54:01.036+0000] {dag.py:2941} INFO - Sync 1 DAGs
[2023-11-05T18:54:01.065+0000] {logging_mixin.py:151} INFO - [2023-11-05T18:54:01.064+0000] {dag.py:3722} INFO - Setting next_dagrun for example_task_group_decorator to 2023-11-04T18:54:01.064764+00:00, run_after=2023-11-05T18:54:01.064764+00:00
[2023-11-05T18:54:01.164+0000] {processor.py:179} INFO - Processing /home/airflow/.local/lib/python3.8/site-packages/airflow/example_dags/example_task_group_decorator.py took 0.215 seconds
[2023-11-05T18:54:31.733+0000] {processor.py:157} INFO - Started process (PID=474) to work on /home/airflow/.local/lib/python3.8/site-packages/airflow/example_dags/example_task_group_decorator.py
[2023-11-05T18:54:31.736+0000] {processor.py:829} INFO - Processing file /home/airflow/.local/lib/python3.8/site-packages/airflow/example_dags/example_task_group_decorator.py for tasks to queue
[2023-11-05T18:54:31.742+0000] {logging_mixin.py:151} INFO - [2023-11-05T18:54:31.740+0000] {dagbag.py:536} INFO - Filling up the DagBag from /home/airflow/.local/lib/python3.8/site-packages/airflow/example_dags/example_task_group_decorator.py
[2023-11-05T18:54:31.757+0000] {processor.py:839} INFO - DAG(s) dict_keys(['example_task_group_decorator']) retrieved from /home/airflow/.local/lib/python3.8/site-packages/airflow/example_dags/example_task_group_decorator.py
[2023-11-05T18:54:31.782+0000] {logging_mixin.py:151} INFO - [2023-11-05T18:54:31.781+0000] {dag.py:2941} INFO - Sync 1 DAGs
[2023-11-05T18:54:31.801+0000] {logging_mixin.py:151} INFO - [2023-11-05T18:54:31.801+0000] {dag.py:3722} INFO - Setting next_dagrun for example_task_group_decorator to 2023-11-04T18:54:31.801431+00:00, run_after=2023-11-05T18:54:31.801431+00:00
[2023-11-05T18:54:31.820+0000] {processor.py:179} INFO - Processing /home/airflow/.local/lib/python3.8/site-packages/airflow/example_dags/example_task_group_decorator.py took 0.092 seconds
