[2023-11-05T18:35:58.501+0000] {processor.py:157} INFO - Started process (PID=40) to work on /home/airflow/.local/lib/python3.8/site-packages/airflow/example_dags/example_dag_decorator.py
[2023-11-05T18:35:58.509+0000] {processor.py:829} INFO - Processing file /home/airflow/.local/lib/python3.8/site-packages/airflow/example_dags/example_dag_decorator.py for tasks to queue
[2023-11-05T18:35:58.513+0000] {logging_mixin.py:151} INFO - [2023-11-05T18:35:58.513+0000] {dagbag.py:536} INFO - Filling up the DagBag from /home/airflow/.local/lib/python3.8/site-packages/airflow/example_dags/example_dag_decorator.py
[2023-11-05T18:35:58.876+0000] {processor.py:839} INFO - DAG(s) dict_keys(['example_dag_decorator']) retrieved from /home/airflow/.local/lib/python3.8/site-packages/airflow/example_dags/example_dag_decorator.py
[2023-11-05T18:35:59.347+0000] {logging_mixin.py:151} INFO - [2023-11-05T18:35:59.347+0000] {dag.py:2941} INFO - Sync 1 DAGs
[2023-11-05T18:35:59.362+0000] {logging_mixin.py:151} INFO - [2023-11-05T18:35:59.362+0000] {dag.py:3722} INFO - Setting next_dagrun for example_dag_decorator to None, run_after=None
[2023-11-05T18:35:59.710+0000] {processor.py:179} INFO - Processing /home/airflow/.local/lib/python3.8/site-packages/airflow/example_dags/example_dag_decorator.py took 1.215 seconds
[2023-11-05T18:36:30.022+0000] {processor.py:157} INFO - Started process (PID=94) to work on /home/airflow/.local/lib/python3.8/site-packages/airflow/example_dags/example_dag_decorator.py
[2023-11-05T18:36:30.043+0000] {processor.py:829} INFO - Processing file /home/airflow/.local/lib/python3.8/site-packages/airflow/example_dags/example_dag_decorator.py for tasks to queue
[2023-11-05T18:36:30.079+0000] {logging_mixin.py:151} INFO - [2023-11-05T18:36:30.079+0000] {dagbag.py:536} INFO - Filling up the DagBag from /home/airflow/.local/lib/python3.8/site-packages/airflow/example_dags/example_dag_decorator.py
[2023-11-05T18:36:30.216+0000] {processor.py:839} INFO - DAG(s) dict_keys(['example_dag_decorator']) retrieved from /home/airflow/.local/lib/python3.8/site-packages/airflow/example_dags/example_dag_decorator.py
[2023-11-05T18:36:30.541+0000] {logging_mixin.py:151} INFO - [2023-11-05T18:36:30.541+0000] {dag.py:2941} INFO - Sync 1 DAGs
[2023-11-05T18:36:30.574+0000] {logging_mixin.py:151} INFO - [2023-11-05T18:36:30.574+0000] {dag.py:3722} INFO - Setting next_dagrun for example_dag_decorator to None, run_after=None
[2023-11-05T18:36:30.813+0000] {processor.py:179} INFO - Processing /home/airflow/.local/lib/python3.8/site-packages/airflow/example_dags/example_dag_decorator.py took 0.794 seconds
[2023-11-05T18:37:01.281+0000] {processor.py:157} INFO - Started process (PID=147) to work on /home/airflow/.local/lib/python3.8/site-packages/airflow/example_dags/example_dag_decorator.py
[2023-11-05T18:37:01.284+0000] {processor.py:829} INFO - Processing file /home/airflow/.local/lib/python3.8/site-packages/airflow/example_dags/example_dag_decorator.py for tasks to queue
[2023-11-05T18:37:01.287+0000] {logging_mixin.py:151} INFO - [2023-11-05T18:37:01.286+0000] {dagbag.py:536} INFO - Filling up the DagBag from /home/airflow/.local/lib/python3.8/site-packages/airflow/example_dags/example_dag_decorator.py
[2023-11-05T18:37:01.388+0000] {processor.py:839} INFO - DAG(s) dict_keys(['example_dag_decorator']) retrieved from /home/airflow/.local/lib/python3.8/site-packages/airflow/example_dags/example_dag_decorator.py
[2023-11-05T18:37:01.781+0000] {logging_mixin.py:151} INFO - [2023-11-05T18:37:01.781+0000] {dag.py:2941} INFO - Sync 1 DAGs
[2023-11-05T18:37:01.788+0000] {logging_mixin.py:151} INFO - [2023-11-05T18:37:01.788+0000] {dag.py:3722} INFO - Setting next_dagrun for example_dag_decorator to None, run_after=None
[2023-11-05T18:37:01.816+0000] {processor.py:179} INFO - Processing /home/airflow/.local/lib/python3.8/site-packages/airflow/example_dags/example_dag_decorator.py took 0.539 seconds
[2023-11-05T18:37:31.874+0000] {processor.py:157} INFO - Started process (PID=202) to work on /home/airflow/.local/lib/python3.8/site-packages/airflow/example_dags/example_dag_decorator.py
[2023-11-05T18:37:31.884+0000] {processor.py:829} INFO - Processing file /home/airflow/.local/lib/python3.8/site-packages/airflow/example_dags/example_dag_decorator.py for tasks to queue
[2023-11-05T18:37:31.890+0000] {logging_mixin.py:151} INFO - [2023-11-05T18:37:31.890+0000] {dagbag.py:536} INFO - Filling up the DagBag from /home/airflow/.local/lib/python3.8/site-packages/airflow/example_dags/example_dag_decorator.py
[2023-11-05T18:37:32.053+0000] {processor.py:839} INFO - DAG(s) dict_keys(['example_dag_decorator']) retrieved from /home/airflow/.local/lib/python3.8/site-packages/airflow/example_dags/example_dag_decorator.py
[2023-11-05T18:37:32.632+0000] {logging_mixin.py:151} INFO - [2023-11-05T18:37:32.632+0000] {dag.py:2941} INFO - Sync 1 DAGs
[2023-11-05T18:37:32.659+0000] {logging_mixin.py:151} INFO - [2023-11-05T18:37:32.659+0000] {dag.py:3722} INFO - Setting next_dagrun for example_dag_decorator to None, run_after=None
[2023-11-05T18:37:32.707+0000] {processor.py:179} INFO - Processing /home/airflow/.local/lib/python3.8/site-packages/airflow/example_dags/example_dag_decorator.py took 0.835 seconds
[2023-11-05T18:38:03.123+0000] {processor.py:157} INFO - Started process (PID=256) to work on /home/airflow/.local/lib/python3.8/site-packages/airflow/example_dags/example_dag_decorator.py
[2023-11-05T18:38:03.127+0000] {processor.py:829} INFO - Processing file /home/airflow/.local/lib/python3.8/site-packages/airflow/example_dags/example_dag_decorator.py for tasks to queue
[2023-11-05T18:38:03.133+0000] {logging_mixin.py:151} INFO - [2023-11-05T18:38:03.133+0000] {dagbag.py:536} INFO - Filling up the DagBag from /home/airflow/.local/lib/python3.8/site-packages/airflow/example_dags/example_dag_decorator.py
[2023-11-05T18:38:03.230+0000] {processor.py:839} INFO - DAG(s) dict_keys(['example_dag_decorator']) retrieved from /home/airflow/.local/lib/python3.8/site-packages/airflow/example_dags/example_dag_decorator.py
[2023-11-05T18:38:03.394+0000] {logging_mixin.py:151} INFO - [2023-11-05T18:38:03.394+0000] {dag.py:2941} INFO - Sync 1 DAGs
[2023-11-05T18:38:03.409+0000] {logging_mixin.py:151} INFO - [2023-11-05T18:38:03.408+0000] {dag.py:3722} INFO - Setting next_dagrun for example_dag_decorator to None, run_after=None
[2023-11-05T18:38:03.694+0000] {processor.py:179} INFO - Processing /home/airflow/.local/lib/python3.8/site-packages/airflow/example_dags/example_dag_decorator.py took 0.574 seconds
[2023-11-05T18:38:33.780+0000] {processor.py:157} INFO - Started process (PID=310) to work on /home/airflow/.local/lib/python3.8/site-packages/airflow/example_dags/example_dag_decorator.py
[2023-11-05T18:38:33.788+0000] {processor.py:829} INFO - Processing file /home/airflow/.local/lib/python3.8/site-packages/airflow/example_dags/example_dag_decorator.py for tasks to queue
[2023-11-05T18:38:33.799+0000] {logging_mixin.py:151} INFO - [2023-11-05T18:38:33.799+0000] {dagbag.py:536} INFO - Filling up the DagBag from /home/airflow/.local/lib/python3.8/site-packages/airflow/example_dags/example_dag_decorator.py
[2023-11-05T18:38:34.161+0000] {processor.py:839} INFO - DAG(s) dict_keys(['example_dag_decorator']) retrieved from /home/airflow/.local/lib/python3.8/site-packages/airflow/example_dags/example_dag_decorator.py
[2023-11-05T18:38:34.812+0000] {logging_mixin.py:151} INFO - [2023-11-05T18:38:34.812+0000] {dag.py:2941} INFO - Sync 1 DAGs
[2023-11-05T18:38:34.835+0000] {logging_mixin.py:151} INFO - [2023-11-05T18:38:34.834+0000] {dag.py:3722} INFO - Setting next_dagrun for example_dag_decorator to None, run_after=None
[2023-11-05T18:38:34.934+0000] {processor.py:179} INFO - Processing /home/airflow/.local/lib/python3.8/site-packages/airflow/example_dags/example_dag_decorator.py took 1.158 seconds
[2023-11-05T18:39:05.249+0000] {processor.py:157} INFO - Started process (PID=364) to work on /home/airflow/.local/lib/python3.8/site-packages/airflow/example_dags/example_dag_decorator.py
[2023-11-05T18:39:05.263+0000] {processor.py:829} INFO - Processing file /home/airflow/.local/lib/python3.8/site-packages/airflow/example_dags/example_dag_decorator.py for tasks to queue
[2023-11-05T18:39:05.278+0000] {logging_mixin.py:151} INFO - [2023-11-05T18:39:05.277+0000] {dagbag.py:536} INFO - Filling up the DagBag from /home/airflow/.local/lib/python3.8/site-packages/airflow/example_dags/example_dag_decorator.py
[2023-11-05T18:39:05.451+0000] {processor.py:839} INFO - DAG(s) dict_keys(['example_dag_decorator']) retrieved from /home/airflow/.local/lib/python3.8/site-packages/airflow/example_dags/example_dag_decorator.py
[2023-11-05T18:39:05.734+0000] {logging_mixin.py:151} INFO - [2023-11-05T18:39:05.732+0000] {dag.py:2941} INFO - Sync 1 DAGs
[2023-11-05T18:39:05.748+0000] {logging_mixin.py:151} INFO - [2023-11-05T18:39:05.748+0000] {dag.py:3722} INFO - Setting next_dagrun for example_dag_decorator to None, run_after=None
[2023-11-05T18:39:05.817+0000] {processor.py:179} INFO - Processing /home/airflow/.local/lib/python3.8/site-packages/airflow/example_dags/example_dag_decorator.py took 0.570 seconds
[2023-11-05T18:39:35.973+0000] {processor.py:157} INFO - Started process (PID=419) to work on /home/airflow/.local/lib/python3.8/site-packages/airflow/example_dags/example_dag_decorator.py
[2023-11-05T18:39:35.980+0000] {processor.py:829} INFO - Processing file /home/airflow/.local/lib/python3.8/site-packages/airflow/example_dags/example_dag_decorator.py for tasks to queue
[2023-11-05T18:39:35.988+0000] {logging_mixin.py:151} INFO - [2023-11-05T18:39:35.988+0000] {dagbag.py:536} INFO - Filling up the DagBag from /home/airflow/.local/lib/python3.8/site-packages/airflow/example_dags/example_dag_decorator.py
[2023-11-05T18:39:36.089+0000] {processor.py:839} INFO - DAG(s) dict_keys(['example_dag_decorator']) retrieved from /home/airflow/.local/lib/python3.8/site-packages/airflow/example_dags/example_dag_decorator.py
[2023-11-05T18:39:36.365+0000] {logging_mixin.py:151} INFO - [2023-11-05T18:39:36.365+0000] {dag.py:2941} INFO - Sync 1 DAGs
[2023-11-05T18:39:36.416+0000] {logging_mixin.py:151} INFO - [2023-11-05T18:39:36.416+0000] {dag.py:3722} INFO - Setting next_dagrun for example_dag_decorator to None, run_after=None
[2023-11-05T18:39:36.479+0000] {processor.py:179} INFO - Processing /home/airflow/.local/lib/python3.8/site-packages/airflow/example_dags/example_dag_decorator.py took 0.484 seconds
[2023-11-05T18:40:07.044+0000] {processor.py:157} INFO - Started process (PID=473) to work on /home/airflow/.local/lib/python3.8/site-packages/airflow/example_dags/example_dag_decorator.py
[2023-11-05T18:40:07.047+0000] {processor.py:829} INFO - Processing file /home/airflow/.local/lib/python3.8/site-packages/airflow/example_dags/example_dag_decorator.py for tasks to queue
[2023-11-05T18:40:07.050+0000] {logging_mixin.py:151} INFO - [2023-11-05T18:40:07.050+0000] {dagbag.py:536} INFO - Filling up the DagBag from /home/airflow/.local/lib/python3.8/site-packages/airflow/example_dags/example_dag_decorator.py
[2023-11-05T18:40:07.115+0000] {processor.py:839} INFO - DAG(s) dict_keys(['example_dag_decorator']) retrieved from /home/airflow/.local/lib/python3.8/site-packages/airflow/example_dags/example_dag_decorator.py
[2023-11-05T18:40:07.384+0000] {logging_mixin.py:151} INFO - [2023-11-05T18:40:07.384+0000] {dag.py:2941} INFO - Sync 1 DAGs
[2023-11-05T18:40:07.396+0000] {logging_mixin.py:151} INFO - [2023-11-05T18:40:07.396+0000] {dag.py:3722} INFO - Setting next_dagrun for example_dag_decorator to None, run_after=None
[2023-11-05T18:40:07.432+0000] {processor.py:179} INFO - Processing /home/airflow/.local/lib/python3.8/site-packages/airflow/example_dags/example_dag_decorator.py took 0.391 seconds
[2023-11-05T18:40:37.699+0000] {processor.py:157} INFO - Started process (PID=527) to work on /home/airflow/.local/lib/python3.8/site-packages/airflow/example_dags/example_dag_decorator.py
[2023-11-05T18:40:37.701+0000] {processor.py:829} INFO - Processing file /home/airflow/.local/lib/python3.8/site-packages/airflow/example_dags/example_dag_decorator.py for tasks to queue
[2023-11-05T18:40:37.703+0000] {logging_mixin.py:151} INFO - [2023-11-05T18:40:37.702+0000] {dagbag.py:536} INFO - Filling up the DagBag from /home/airflow/.local/lib/python3.8/site-packages/airflow/example_dags/example_dag_decorator.py
[2023-11-05T18:40:37.747+0000] {processor.py:839} INFO - DAG(s) dict_keys(['example_dag_decorator']) retrieved from /home/airflow/.local/lib/python3.8/site-packages/airflow/example_dags/example_dag_decorator.py
[2023-11-05T18:40:37.973+0000] {logging_mixin.py:151} INFO - [2023-11-05T18:40:37.973+0000] {dag.py:2941} INFO - Sync 1 DAGs
[2023-11-05T18:40:37.991+0000] {logging_mixin.py:151} INFO - [2023-11-05T18:40:37.991+0000] {dag.py:3722} INFO - Setting next_dagrun for example_dag_decorator to None, run_after=None
[2023-11-05T18:40:38.056+0000] {processor.py:179} INFO - Processing /home/airflow/.local/lib/python3.8/site-packages/airflow/example_dags/example_dag_decorator.py took 0.359 seconds
[2023-11-05T18:41:08.362+0000] {processor.py:157} INFO - Started process (PID=583) to work on /home/airflow/.local/lib/python3.8/site-packages/airflow/example_dags/example_dag_decorator.py
[2023-11-05T18:41:08.382+0000] {processor.py:829} INFO - Processing file /home/airflow/.local/lib/python3.8/site-packages/airflow/example_dags/example_dag_decorator.py for tasks to queue
[2023-11-05T18:41:08.388+0000] {logging_mixin.py:151} INFO - [2023-11-05T18:41:08.388+0000] {dagbag.py:536} INFO - Filling up the DagBag from /home/airflow/.local/lib/python3.8/site-packages/airflow/example_dags/example_dag_decorator.py
[2023-11-05T18:41:08.508+0000] {processor.py:839} INFO - DAG(s) dict_keys(['example_dag_decorator']) retrieved from /home/airflow/.local/lib/python3.8/site-packages/airflow/example_dags/example_dag_decorator.py
[2023-11-05T18:41:08.771+0000] {logging_mixin.py:151} INFO - [2023-11-05T18:41:08.771+0000] {dag.py:2941} INFO - Sync 1 DAGs
[2023-11-05T18:41:08.782+0000] {logging_mixin.py:151} INFO - [2023-11-05T18:41:08.782+0000] {dag.py:3722} INFO - Setting next_dagrun for example_dag_decorator to None, run_after=None
[2023-11-05T18:41:08.855+0000] {processor.py:179} INFO - Processing /home/airflow/.local/lib/python3.8/site-packages/airflow/example_dags/example_dag_decorator.py took 0.517 seconds
[2023-11-05T18:41:39.477+0000] {processor.py:157} INFO - Started process (PID=637) to work on /home/airflow/.local/lib/python3.8/site-packages/airflow/example_dags/example_dag_decorator.py
[2023-11-05T18:41:39.481+0000] {processor.py:829} INFO - Processing file /home/airflow/.local/lib/python3.8/site-packages/airflow/example_dags/example_dag_decorator.py for tasks to queue
[2023-11-05T18:41:39.491+0000] {logging_mixin.py:151} INFO - [2023-11-05T18:41:39.491+0000] {dagbag.py:536} INFO - Filling up the DagBag from /home/airflow/.local/lib/python3.8/site-packages/airflow/example_dags/example_dag_decorator.py
[2023-11-05T18:41:39.583+0000] {processor.py:839} INFO - DAG(s) dict_keys(['example_dag_decorator']) retrieved from /home/airflow/.local/lib/python3.8/site-packages/airflow/example_dags/example_dag_decorator.py
[2023-11-05T18:41:39.875+0000] {logging_mixin.py:151} INFO - [2023-11-05T18:41:39.875+0000] {dag.py:2941} INFO - Sync 1 DAGs
[2023-11-05T18:41:39.910+0000] {logging_mixin.py:151} INFO - [2023-11-05T18:41:39.910+0000] {dag.py:3722} INFO - Setting next_dagrun for example_dag_decorator to None, run_after=None
[2023-11-05T18:41:40.007+0000] {processor.py:179} INFO - Processing /home/airflow/.local/lib/python3.8/site-packages/airflow/example_dags/example_dag_decorator.py took 0.533 seconds
[2023-11-05T18:42:10.165+0000] {processor.py:157} INFO - Started process (PID=691) to work on /home/airflow/.local/lib/python3.8/site-packages/airflow/example_dags/example_dag_decorator.py
[2023-11-05T18:42:10.177+0000] {processor.py:829} INFO - Processing file /home/airflow/.local/lib/python3.8/site-packages/airflow/example_dags/example_dag_decorator.py for tasks to queue
[2023-11-05T18:42:10.181+0000] {logging_mixin.py:151} INFO - [2023-11-05T18:42:10.181+0000] {dagbag.py:536} INFO - Filling up the DagBag from /home/airflow/.local/lib/python3.8/site-packages/airflow/example_dags/example_dag_decorator.py
[2023-11-05T18:42:10.311+0000] {processor.py:839} INFO - DAG(s) dict_keys(['example_dag_decorator']) retrieved from /home/airflow/.local/lib/python3.8/site-packages/airflow/example_dags/example_dag_decorator.py
[2023-11-05T18:42:10.582+0000] {logging_mixin.py:151} INFO - [2023-11-05T18:42:10.578+0000] {dag.py:2941} INFO - Sync 1 DAGs
[2023-11-05T18:42:10.592+0000] {logging_mixin.py:151} INFO - [2023-11-05T18:42:10.591+0000] {dag.py:3722} INFO - Setting next_dagrun for example_dag_decorator to None, run_after=None
[2023-11-05T18:42:10.647+0000] {processor.py:179} INFO - Processing /home/airflow/.local/lib/python3.8/site-packages/airflow/example_dags/example_dag_decorator.py took 0.485 seconds
[2023-11-05T18:42:41.038+0000] {processor.py:157} INFO - Started process (PID=744) to work on /home/airflow/.local/lib/python3.8/site-packages/airflow/example_dags/example_dag_decorator.py
[2023-11-05T18:42:41.045+0000] {processor.py:829} INFO - Processing file /home/airflow/.local/lib/python3.8/site-packages/airflow/example_dags/example_dag_decorator.py for tasks to queue
[2023-11-05T18:42:41.061+0000] {logging_mixin.py:151} INFO - [2023-11-05T18:42:41.061+0000] {dagbag.py:536} INFO - Filling up the DagBag from /home/airflow/.local/lib/python3.8/site-packages/airflow/example_dags/example_dag_decorator.py
[2023-11-05T18:42:41.189+0000] {processor.py:839} INFO - DAG(s) dict_keys(['example_dag_decorator']) retrieved from /home/airflow/.local/lib/python3.8/site-packages/airflow/example_dags/example_dag_decorator.py
[2023-11-05T18:42:41.462+0000] {logging_mixin.py:151} INFO - [2023-11-05T18:42:41.462+0000] {dag.py:2941} INFO - Sync 1 DAGs
[2023-11-05T18:42:41.469+0000] {logging_mixin.py:151} INFO - [2023-11-05T18:42:41.469+0000] {dag.py:3722} INFO - Setting next_dagrun for example_dag_decorator to None, run_after=None
[2023-11-05T18:42:41.498+0000] {processor.py:179} INFO - Processing /home/airflow/.local/lib/python3.8/site-packages/airflow/example_dags/example_dag_decorator.py took 0.462 seconds
[2023-11-05T18:43:12.526+0000] {processor.py:157} INFO - Started process (PID=799) to work on /home/airflow/.local/lib/python3.8/site-packages/airflow/example_dags/example_dag_decorator.py
[2023-11-05T18:43:12.536+0000] {processor.py:829} INFO - Processing file /home/airflow/.local/lib/python3.8/site-packages/airflow/example_dags/example_dag_decorator.py for tasks to queue
[2023-11-05T18:43:12.545+0000] {logging_mixin.py:151} INFO - [2023-11-05T18:43:12.544+0000] {dagbag.py:536} INFO - Filling up the DagBag from /home/airflow/.local/lib/python3.8/site-packages/airflow/example_dags/example_dag_decorator.py
[2023-11-05T18:43:12.743+0000] {processor.py:839} INFO - DAG(s) dict_keys(['example_dag_decorator']) retrieved from /home/airflow/.local/lib/python3.8/site-packages/airflow/example_dags/example_dag_decorator.py
[2023-11-05T18:43:13.225+0000] {logging_mixin.py:151} INFO - [2023-11-05T18:43:13.224+0000] {dag.py:2941} INFO - Sync 1 DAGs
[2023-11-05T18:43:13.246+0000] {logging_mixin.py:151} INFO - [2023-11-05T18:43:13.246+0000] {dag.py:3722} INFO - Setting next_dagrun for example_dag_decorator to None, run_after=None
[2023-11-05T18:43:13.294+0000] {processor.py:179} INFO - Processing /home/airflow/.local/lib/python3.8/site-packages/airflow/example_dags/example_dag_decorator.py took 0.771 seconds
[2023-11-05T18:43:44.199+0000] {processor.py:157} INFO - Started process (PID=862) to work on /home/airflow/.local/lib/python3.8/site-packages/airflow/example_dags/example_dag_decorator.py
[2023-11-05T18:43:44.201+0000] {processor.py:829} INFO - Processing file /home/airflow/.local/lib/python3.8/site-packages/airflow/example_dags/example_dag_decorator.py for tasks to queue
[2023-11-05T18:43:44.206+0000] {logging_mixin.py:151} INFO - [2023-11-05T18:43:44.206+0000] {dagbag.py:536} INFO - Filling up the DagBag from /home/airflow/.local/lib/python3.8/site-packages/airflow/example_dags/example_dag_decorator.py
[2023-11-05T18:43:44.253+0000] {processor.py:839} INFO - DAG(s) dict_keys(['example_dag_decorator']) retrieved from /home/airflow/.local/lib/python3.8/site-packages/airflow/example_dags/example_dag_decorator.py
[2023-11-05T18:43:44.478+0000] {logging_mixin.py:151} INFO - [2023-11-05T18:43:44.478+0000] {dag.py:2941} INFO - Sync 1 DAGs
[2023-11-05T18:43:44.493+0000] {logging_mixin.py:151} INFO - [2023-11-05T18:43:44.492+0000] {dag.py:3722} INFO - Setting next_dagrun for example_dag_decorator to None, run_after=None
[2023-11-05T18:43:44.538+0000] {processor.py:179} INFO - Processing /home/airflow/.local/lib/python3.8/site-packages/airflow/example_dags/example_dag_decorator.py took 0.342 seconds
[2023-11-05T18:44:14.759+0000] {processor.py:157} INFO - Started process (PID=916) to work on /home/airflow/.local/lib/python3.8/site-packages/airflow/example_dags/example_dag_decorator.py
[2023-11-05T18:44:14.761+0000] {processor.py:829} INFO - Processing file /home/airflow/.local/lib/python3.8/site-packages/airflow/example_dags/example_dag_decorator.py for tasks to queue
[2023-11-05T18:44:14.764+0000] {logging_mixin.py:151} INFO - [2023-11-05T18:44:14.764+0000] {dagbag.py:536} INFO - Filling up the DagBag from /home/airflow/.local/lib/python3.8/site-packages/airflow/example_dags/example_dag_decorator.py
[2023-11-05T18:44:14.821+0000] {processor.py:839} INFO - DAG(s) dict_keys(['example_dag_decorator']) retrieved from /home/airflow/.local/lib/python3.8/site-packages/airflow/example_dags/example_dag_decorator.py
[2023-11-05T18:44:15.047+0000] {logging_mixin.py:151} INFO - [2023-11-05T18:44:15.047+0000] {dag.py:2941} INFO - Sync 1 DAGs
[2023-11-05T18:44:15.061+0000] {logging_mixin.py:151} INFO - [2023-11-05T18:44:15.061+0000] {dag.py:3722} INFO - Setting next_dagrun for example_dag_decorator to None, run_after=None
[2023-11-05T18:44:15.111+0000] {processor.py:179} INFO - Processing /home/airflow/.local/lib/python3.8/site-packages/airflow/example_dags/example_dag_decorator.py took 0.355 seconds
[2023-11-05T18:44:46.057+0000] {processor.py:157} INFO - Started process (PID=971) to work on /home/airflow/.local/lib/python3.8/site-packages/airflow/example_dags/example_dag_decorator.py
[2023-11-05T18:44:46.058+0000] {processor.py:829} INFO - Processing file /home/airflow/.local/lib/python3.8/site-packages/airflow/example_dags/example_dag_decorator.py for tasks to queue
[2023-11-05T18:44:46.062+0000] {logging_mixin.py:151} INFO - [2023-11-05T18:44:46.062+0000] {dagbag.py:536} INFO - Filling up the DagBag from /home/airflow/.local/lib/python3.8/site-packages/airflow/example_dags/example_dag_decorator.py
[2023-11-05T18:44:46.113+0000] {processor.py:839} INFO - DAG(s) dict_keys(['example_dag_decorator']) retrieved from /home/airflow/.local/lib/python3.8/site-packages/airflow/example_dags/example_dag_decorator.py
[2023-11-05T18:44:46.338+0000] {logging_mixin.py:151} INFO - [2023-11-05T18:44:46.337+0000] {dag.py:2941} INFO - Sync 1 DAGs
[2023-11-05T18:44:46.369+0000] {logging_mixin.py:151} INFO - [2023-11-05T18:44:46.368+0000] {dag.py:3722} INFO - Setting next_dagrun for example_dag_decorator to None, run_after=None
[2023-11-05T18:44:46.441+0000] {processor.py:179} INFO - Processing /home/airflow/.local/lib/python3.8/site-packages/airflow/example_dags/example_dag_decorator.py took 0.390 seconds
[2023-11-05T18:46:09.976+0000] {processor.py:157} INFO - Started process (PID=40) to work on /home/airflow/.local/lib/python3.8/site-packages/airflow/example_dags/example_dag_decorator.py
[2023-11-05T18:46:09.979+0000] {processor.py:829} INFO - Processing file /home/airflow/.local/lib/python3.8/site-packages/airflow/example_dags/example_dag_decorator.py for tasks to queue
[2023-11-05T18:46:09.984+0000] {logging_mixin.py:151} INFO - [2023-11-05T18:46:09.984+0000] {dagbag.py:536} INFO - Filling up the DagBag from /home/airflow/.local/lib/python3.8/site-packages/airflow/example_dags/example_dag_decorator.py
[2023-11-05T18:46:10.177+0000] {processor.py:839} INFO - DAG(s) dict_keys(['example_dag_decorator']) retrieved from /home/airflow/.local/lib/python3.8/site-packages/airflow/example_dags/example_dag_decorator.py
[2023-11-05T18:46:10.200+0000] {logging_mixin.py:151} INFO - [2023-11-05T18:46:10.200+0000] {dag.py:2941} INFO - Sync 1 DAGs
[2023-11-05T18:46:10.235+0000] {logging_mixin.py:151} INFO - [2023-11-05T18:46:10.235+0000] {dag.py:3722} INFO - Setting next_dagrun for example_dag_decorator to None, run_after=None
[2023-11-05T18:46:10.338+0000] {processor.py:179} INFO - Processing /home/airflow/.local/lib/python3.8/site-packages/airflow/example_dags/example_dag_decorator.py took 0.371 seconds
[2023-11-05T18:46:40.478+0000] {processor.py:157} INFO - Started process (PID=94) to work on /home/airflow/.local/lib/python3.8/site-packages/airflow/example_dags/example_dag_decorator.py
[2023-11-05T18:46:40.480+0000] {processor.py:829} INFO - Processing file /home/airflow/.local/lib/python3.8/site-packages/airflow/example_dags/example_dag_decorator.py for tasks to queue
[2023-11-05T18:46:40.482+0000] {logging_mixin.py:151} INFO - [2023-11-05T18:46:40.482+0000] {dagbag.py:536} INFO - Filling up the DagBag from /home/airflow/.local/lib/python3.8/site-packages/airflow/example_dags/example_dag_decorator.py
[2023-11-05T18:46:40.547+0000] {processor.py:839} INFO - DAG(s) dict_keys(['example_dag_decorator']) retrieved from /home/airflow/.local/lib/python3.8/site-packages/airflow/example_dags/example_dag_decorator.py
[2023-11-05T18:46:40.696+0000] {logging_mixin.py:151} INFO - [2023-11-05T18:46:40.696+0000] {dag.py:2941} INFO - Sync 1 DAGs
[2023-11-05T18:46:40.715+0000] {logging_mixin.py:151} INFO - [2023-11-05T18:46:40.715+0000] {dag.py:3722} INFO - Setting next_dagrun for example_dag_decorator to None, run_after=None
[2023-11-05T18:46:40.779+0000] {processor.py:179} INFO - Processing /home/airflow/.local/lib/python3.8/site-packages/airflow/example_dags/example_dag_decorator.py took 0.303 seconds
[2023-11-05T18:47:10.935+0000] {processor.py:157} INFO - Started process (PID=148) to work on /home/airflow/.local/lib/python3.8/site-packages/airflow/example_dags/example_dag_decorator.py
[2023-11-05T18:47:10.938+0000] {processor.py:829} INFO - Processing file /home/airflow/.local/lib/python3.8/site-packages/airflow/example_dags/example_dag_decorator.py for tasks to queue
[2023-11-05T18:47:10.942+0000] {logging_mixin.py:151} INFO - [2023-11-05T18:47:10.941+0000] {dagbag.py:536} INFO - Filling up the DagBag from /home/airflow/.local/lib/python3.8/site-packages/airflow/example_dags/example_dag_decorator.py
[2023-11-05T18:47:11.004+0000] {processor.py:839} INFO - DAG(s) dict_keys(['example_dag_decorator']) retrieved from /home/airflow/.local/lib/python3.8/site-packages/airflow/example_dags/example_dag_decorator.py
[2023-11-05T18:47:11.228+0000] {logging_mixin.py:151} INFO - [2023-11-05T18:47:11.228+0000] {dag.py:2941} INFO - Sync 1 DAGs
[2023-11-05T18:47:11.469+0000] {logging_mixin.py:151} INFO - [2023-11-05T18:47:11.469+0000] {dag.py:3722} INFO - Setting next_dagrun for example_dag_decorator to None, run_after=None
[2023-11-05T18:47:11.548+0000] {processor.py:179} INFO - Processing /home/airflow/.local/lib/python3.8/site-packages/airflow/example_dags/example_dag_decorator.py took 0.615 seconds
[2023-11-05T18:47:42.030+0000] {processor.py:157} INFO - Started process (PID=202) to work on /home/airflow/.local/lib/python3.8/site-packages/airflow/example_dags/example_dag_decorator.py
[2023-11-05T18:47:42.032+0000] {processor.py:829} INFO - Processing file /home/airflow/.local/lib/python3.8/site-packages/airflow/example_dags/example_dag_decorator.py for tasks to queue
[2023-11-05T18:47:42.036+0000] {logging_mixin.py:151} INFO - [2023-11-05T18:47:42.036+0000] {dagbag.py:536} INFO - Filling up the DagBag from /home/airflow/.local/lib/python3.8/site-packages/airflow/example_dags/example_dag_decorator.py
[2023-11-05T18:47:42.092+0000] {processor.py:839} INFO - DAG(s) dict_keys(['example_dag_decorator']) retrieved from /home/airflow/.local/lib/python3.8/site-packages/airflow/example_dags/example_dag_decorator.py
[2023-11-05T18:47:42.171+0000] {logging_mixin.py:151} INFO - [2023-11-05T18:47:42.171+0000] {dag.py:2941} INFO - Sync 1 DAGs
[2023-11-05T18:47:42.178+0000] {logging_mixin.py:151} INFO - [2023-11-05T18:47:42.178+0000] {dag.py:3722} INFO - Setting next_dagrun for example_dag_decorator to None, run_after=None
[2023-11-05T18:47:42.503+0000] {processor.py:179} INFO - Processing /home/airflow/.local/lib/python3.8/site-packages/airflow/example_dags/example_dag_decorator.py took 0.475 seconds
[2023-11-05T18:48:13.388+0000] {processor.py:157} INFO - Started process (PID=258) to work on /home/airflow/.local/lib/python3.8/site-packages/airflow/example_dags/example_dag_decorator.py
[2023-11-05T18:48:13.390+0000] {processor.py:829} INFO - Processing file /home/airflow/.local/lib/python3.8/site-packages/airflow/example_dags/example_dag_decorator.py for tasks to queue
[2023-11-05T18:48:13.391+0000] {logging_mixin.py:151} INFO - [2023-11-05T18:48:13.391+0000] {dagbag.py:536} INFO - Filling up the DagBag from /home/airflow/.local/lib/python3.8/site-packages/airflow/example_dags/example_dag_decorator.py
[2023-11-05T18:48:13.440+0000] {processor.py:839} INFO - DAG(s) dict_keys(['example_dag_decorator']) retrieved from /home/airflow/.local/lib/python3.8/site-packages/airflow/example_dags/example_dag_decorator.py
[2023-11-05T18:48:13.526+0000] {logging_mixin.py:151} INFO - [2023-11-05T18:48:13.526+0000] {dag.py:2941} INFO - Sync 1 DAGs
[2023-11-05T18:48:13.534+0000] {logging_mixin.py:151} INFO - [2023-11-05T18:48:13.534+0000] {dag.py:3722} INFO - Setting next_dagrun for example_dag_decorator to None, run_after=None
[2023-11-05T18:48:13.551+0000] {processor.py:179} INFO - Processing /home/airflow/.local/lib/python3.8/site-packages/airflow/example_dags/example_dag_decorator.py took 0.168 seconds
[2023-11-05T18:48:43.934+0000] {processor.py:157} INFO - Started process (PID=312) to work on /home/airflow/.local/lib/python3.8/site-packages/airflow/example_dags/example_dag_decorator.py
[2023-11-05T18:48:43.935+0000] {processor.py:829} INFO - Processing file /home/airflow/.local/lib/python3.8/site-packages/airflow/example_dags/example_dag_decorator.py for tasks to queue
[2023-11-05T18:48:43.942+0000] {logging_mixin.py:151} INFO - [2023-11-05T18:48:43.942+0000] {dagbag.py:536} INFO - Filling up the DagBag from /home/airflow/.local/lib/python3.8/site-packages/airflow/example_dags/example_dag_decorator.py
[2023-11-05T18:48:43.994+0000] {processor.py:839} INFO - DAG(s) dict_keys(['example_dag_decorator']) retrieved from /home/airflow/.local/lib/python3.8/site-packages/airflow/example_dags/example_dag_decorator.py
[2023-11-05T18:48:44.013+0000] {logging_mixin.py:151} INFO - [2023-11-05T18:48:44.013+0000] {dag.py:2941} INFO - Sync 1 DAGs
[2023-11-05T18:48:44.021+0000] {logging_mixin.py:151} INFO - [2023-11-05T18:48:44.021+0000] {dag.py:3722} INFO - Setting next_dagrun for example_dag_decorator to None, run_after=None
[2023-11-05T18:48:44.039+0000] {processor.py:179} INFO - Processing /home/airflow/.local/lib/python3.8/site-packages/airflow/example_dags/example_dag_decorator.py took 0.107 seconds
[2023-11-05T18:53:29.320+0000] {processor.py:157} INFO - Started process (PID=364) to work on /home/airflow/.local/lib/python3.8/site-packages/airflow/example_dags/example_dag_decorator.py
[2023-11-05T18:53:29.323+0000] {processor.py:829} INFO - Processing file /home/airflow/.local/lib/python3.8/site-packages/airflow/example_dags/example_dag_decorator.py for tasks to queue
[2023-11-05T18:53:29.331+0000] {logging_mixin.py:151} INFO - [2023-11-05T18:53:29.331+0000] {dagbag.py:536} INFO - Filling up the DagBag from /home/airflow/.local/lib/python3.8/site-packages/airflow/example_dags/example_dag_decorator.py
[2023-11-05T18:53:29.385+0000] {processor.py:839} INFO - DAG(s) dict_keys(['example_dag_decorator']) retrieved from /home/airflow/.local/lib/python3.8/site-packages/airflow/example_dags/example_dag_decorator.py
[2023-11-05T18:53:29.523+0000] {logging_mixin.py:151} INFO - [2023-11-05T18:53:29.523+0000] {dag.py:2941} INFO - Sync 1 DAGs
[2023-11-05T18:53:30.211+0000] {logging_mixin.py:151} INFO - [2023-11-05T18:53:30.211+0000] {dag.py:3722} INFO - Setting next_dagrun for example_dag_decorator to None, run_after=None
[2023-11-05T18:53:30.291+0000] {processor.py:179} INFO - Processing /home/airflow/.local/lib/python3.8/site-packages/airflow/example_dags/example_dag_decorator.py took 0.974 seconds
[2023-11-05T18:54:00.493+0000] {processor.py:157} INFO - Started process (PID=419) to work on /home/airflow/.local/lib/python3.8/site-packages/airflow/example_dags/example_dag_decorator.py
[2023-11-05T18:54:00.498+0000] {processor.py:829} INFO - Processing file /home/airflow/.local/lib/python3.8/site-packages/airflow/example_dags/example_dag_decorator.py for tasks to queue
[2023-11-05T18:54:00.503+0000] {logging_mixin.py:151} INFO - [2023-11-05T18:54:00.502+0000] {dagbag.py:536} INFO - Filling up the DagBag from /home/airflow/.local/lib/python3.8/site-packages/airflow/example_dags/example_dag_decorator.py
[2023-11-05T18:54:00.563+0000] {processor.py:839} INFO - DAG(s) dict_keys(['example_dag_decorator']) retrieved from /home/airflow/.local/lib/python3.8/site-packages/airflow/example_dags/example_dag_decorator.py
[2023-11-05T18:54:00.870+0000] {logging_mixin.py:151} INFO - [2023-11-05T18:54:00.870+0000] {dag.py:2941} INFO - Sync 1 DAGs
[2023-11-05T18:54:00.879+0000] {logging_mixin.py:151} INFO - [2023-11-05T18:54:00.879+0000] {dag.py:3722} INFO - Setting next_dagrun for example_dag_decorator to None, run_after=None
[2023-11-05T18:54:00.914+0000] {processor.py:179} INFO - Processing /home/airflow/.local/lib/python3.8/site-packages/airflow/example_dags/example_dag_decorator.py took 0.427 seconds
[2023-11-05T18:54:31.723+0000] {processor.py:157} INFO - Started process (PID=473) to work on /home/airflow/.local/lib/python3.8/site-packages/airflow/example_dags/example_dag_decorator.py
[2023-11-05T18:54:31.725+0000] {processor.py:829} INFO - Processing file /home/airflow/.local/lib/python3.8/site-packages/airflow/example_dags/example_dag_decorator.py for tasks to queue
[2023-11-05T18:54:31.728+0000] {logging_mixin.py:151} INFO - [2023-11-05T18:54:31.728+0000] {dagbag.py:536} INFO - Filling up the DagBag from /home/airflow/.local/lib/python3.8/site-packages/airflow/example_dags/example_dag_decorator.py
[2023-11-05T18:54:31.803+0000] {processor.py:839} INFO - DAG(s) dict_keys(['example_dag_decorator']) retrieved from /home/airflow/.local/lib/python3.8/site-packages/airflow/example_dags/example_dag_decorator.py
[2023-11-05T18:54:32.078+0000] {logging_mixin.py:151} INFO - [2023-11-05T18:54:32.078+0000] {dag.py:2941} INFO - Sync 1 DAGs
[2023-11-05T18:54:32.084+0000] {logging_mixin.py:151} INFO - [2023-11-05T18:54:32.084+0000] {dag.py:3722} INFO - Setting next_dagrun for example_dag_decorator to None, run_after=None
[2023-11-05T18:54:32.100+0000] {processor.py:179} INFO - Processing /home/airflow/.local/lib/python3.8/site-packages/airflow/example_dags/example_dag_decorator.py took 0.381 seconds
