[2023-11-05T18:36:00.393+0000] {processor.py:157} INFO - Started process (PID=44) to work on /home/airflow/.local/lib/python3.8/site-packages/airflow/example_dags/example_dynamic_task_mapping_with_no_taskflow_operators.py
[2023-11-05T18:36:00.402+0000] {processor.py:829} INFO - Processing file /home/airflow/.local/lib/python3.8/site-packages/airflow/example_dags/example_dynamic_task_mapping_with_no_taskflow_operators.py for tasks to queue
[2023-11-05T18:36:00.420+0000] {logging_mixin.py:151} INFO - [2023-11-05T18:36:00.419+0000] {dagbag.py:536} INFO - Filling up the DagBag from /home/airflow/.local/lib/python3.8/site-packages/airflow/example_dags/example_dynamic_task_mapping_with_no_taskflow_operators.py
[2023-11-05T18:36:00.436+0000] {processor.py:839} INFO - DAG(s) dict_keys(['example_dynamic_task_mapping_with_no_taskflow_operators']) retrieved from /home/airflow/.local/lib/python3.8/site-packages/airflow/example_dags/example_dynamic_task_mapping_with_no_taskflow_operators.py
[2023-11-05T18:36:00.621+0000] {logging_mixin.py:151} INFO - [2023-11-05T18:36:00.621+0000] {dag.py:2941} INFO - Sync 1 DAGs
[2023-11-05T18:36:00.779+0000] {logging_mixin.py:151} INFO - [2023-11-05T18:36:00.779+0000] {dag.py:3722} INFO - Setting next_dagrun for example_dynamic_task_mapping_with_no_taskflow_operators to 2023-11-04T18:36:00.771540+00:00, run_after=2023-11-05T18:36:00.771540+00:00
[2023-11-05T18:36:01.106+0000] {processor.py:179} INFO - Processing /home/airflow/.local/lib/python3.8/site-packages/airflow/example_dags/example_dynamic_task_mapping_with_no_taskflow_operators.py took 0.732 seconds
[2023-11-05T18:36:31.668+0000] {processor.py:157} INFO - Started process (PID=99) to work on /home/airflow/.local/lib/python3.8/site-packages/airflow/example_dags/example_dynamic_task_mapping_with_no_taskflow_operators.py
[2023-11-05T18:36:31.676+0000] {processor.py:829} INFO - Processing file /home/airflow/.local/lib/python3.8/site-packages/airflow/example_dags/example_dynamic_task_mapping_with_no_taskflow_operators.py for tasks to queue
[2023-11-05T18:36:31.684+0000] {logging_mixin.py:151} INFO - [2023-11-05T18:36:31.683+0000] {dagbag.py:536} INFO - Filling up the DagBag from /home/airflow/.local/lib/python3.8/site-packages/airflow/example_dags/example_dynamic_task_mapping_with_no_taskflow_operators.py
[2023-11-05T18:36:31.696+0000] {processor.py:839} INFO - DAG(s) dict_keys(['example_dynamic_task_mapping_with_no_taskflow_operators']) retrieved from /home/airflow/.local/lib/python3.8/site-packages/airflow/example_dags/example_dynamic_task_mapping_with_no_taskflow_operators.py
[2023-11-05T18:36:31.724+0000] {logging_mixin.py:151} INFO - [2023-11-05T18:36:31.723+0000] {dag.py:2941} INFO - Sync 1 DAGs
[2023-11-05T18:36:31.742+0000] {logging_mixin.py:151} INFO - [2023-11-05T18:36:31.742+0000] {dag.py:3722} INFO - Setting next_dagrun for example_dynamic_task_mapping_with_no_taskflow_operators to 2023-11-04T18:36:31.742346+00:00, run_after=2023-11-05T18:36:31.742346+00:00
[2023-11-05T18:36:31.826+0000] {processor.py:179} INFO - Processing /home/airflow/.local/lib/python3.8/site-packages/airflow/example_dags/example_dynamic_task_mapping_with_no_taskflow_operators.py took 0.161 seconds
[2023-11-05T18:37:02.009+0000] {processor.py:157} INFO - Started process (PID=152) to work on /home/airflow/.local/lib/python3.8/site-packages/airflow/example_dags/example_dynamic_task_mapping_with_no_taskflow_operators.py
[2023-11-05T18:37:02.015+0000] {processor.py:829} INFO - Processing file /home/airflow/.local/lib/python3.8/site-packages/airflow/example_dags/example_dynamic_task_mapping_with_no_taskflow_operators.py for tasks to queue
[2023-11-05T18:37:02.022+0000] {logging_mixin.py:151} INFO - [2023-11-05T18:37:02.022+0000] {dagbag.py:536} INFO - Filling up the DagBag from /home/airflow/.local/lib/python3.8/site-packages/airflow/example_dags/example_dynamic_task_mapping_with_no_taskflow_operators.py
[2023-11-05T18:37:02.032+0000] {processor.py:839} INFO - DAG(s) dict_keys(['example_dynamic_task_mapping_with_no_taskflow_operators']) retrieved from /home/airflow/.local/lib/python3.8/site-packages/airflow/example_dags/example_dynamic_task_mapping_with_no_taskflow_operators.py
[2023-11-05T18:37:02.077+0000] {logging_mixin.py:151} INFO - [2023-11-05T18:37:02.077+0000] {dag.py:2941} INFO - Sync 1 DAGs
[2023-11-05T18:37:02.115+0000] {logging_mixin.py:151} INFO - [2023-11-05T18:37:02.115+0000] {dag.py:3722} INFO - Setting next_dagrun for example_dynamic_task_mapping_with_no_taskflow_operators to 2023-11-04T18:37:02.114216+00:00, run_after=2023-11-05T18:37:02.114216+00:00
[2023-11-05T18:37:02.157+0000] {processor.py:179} INFO - Processing /home/airflow/.local/lib/python3.8/site-packages/airflow/example_dags/example_dynamic_task_mapping_with_no_taskflow_operators.py took 0.153 seconds
[2023-11-05T18:37:32.871+0000] {processor.py:157} INFO - Started process (PID=205) to work on /home/airflow/.local/lib/python3.8/site-packages/airflow/example_dags/example_dynamic_task_mapping_with_no_taskflow_operators.py
[2023-11-05T18:37:32.877+0000] {processor.py:829} INFO - Processing file /home/airflow/.local/lib/python3.8/site-packages/airflow/example_dags/example_dynamic_task_mapping_with_no_taskflow_operators.py for tasks to queue
[2023-11-05T18:37:32.886+0000] {logging_mixin.py:151} INFO - [2023-11-05T18:37:32.886+0000] {dagbag.py:536} INFO - Filling up the DagBag from /home/airflow/.local/lib/python3.8/site-packages/airflow/example_dags/example_dynamic_task_mapping_with_no_taskflow_operators.py
[2023-11-05T18:37:32.893+0000] {processor.py:839} INFO - DAG(s) dict_keys(['example_dynamic_task_mapping_with_no_taskflow_operators']) retrieved from /home/airflow/.local/lib/python3.8/site-packages/airflow/example_dags/example_dynamic_task_mapping_with_no_taskflow_operators.py
[2023-11-05T18:37:32.958+0000] {logging_mixin.py:151} INFO - [2023-11-05T18:37:32.958+0000] {dag.py:2941} INFO - Sync 1 DAGs
[2023-11-05T18:37:33.000+0000] {logging_mixin.py:151} INFO - [2023-11-05T18:37:33.000+0000] {dag.py:3722} INFO - Setting next_dagrun for example_dynamic_task_mapping_with_no_taskflow_operators to 2023-11-04T18:37:33.000271+00:00, run_after=2023-11-05T18:37:33.000271+00:00
[2023-11-05T18:37:33.097+0000] {processor.py:179} INFO - Processing /home/airflow/.local/lib/python3.8/site-packages/airflow/example_dags/example_dynamic_task_mapping_with_no_taskflow_operators.py took 0.249 seconds
[2023-11-05T18:38:04.118+0000] {processor.py:157} INFO - Started process (PID=259) to work on /home/airflow/.local/lib/python3.8/site-packages/airflow/example_dags/example_dynamic_task_mapping_with_no_taskflow_operators.py
[2023-11-05T18:38:04.133+0000] {processor.py:829} INFO - Processing file /home/airflow/.local/lib/python3.8/site-packages/airflow/example_dags/example_dynamic_task_mapping_with_no_taskflow_operators.py for tasks to queue
[2023-11-05T18:38:04.136+0000] {logging_mixin.py:151} INFO - [2023-11-05T18:38:04.136+0000] {dagbag.py:536} INFO - Filling up the DagBag from /home/airflow/.local/lib/python3.8/site-packages/airflow/example_dags/example_dynamic_task_mapping_with_no_taskflow_operators.py
[2023-11-05T18:38:04.146+0000] {processor.py:839} INFO - DAG(s) dict_keys(['example_dynamic_task_mapping_with_no_taskflow_operators']) retrieved from /home/airflow/.local/lib/python3.8/site-packages/airflow/example_dags/example_dynamic_task_mapping_with_no_taskflow_operators.py
[2023-11-05T18:38:04.192+0000] {logging_mixin.py:151} INFO - [2023-11-05T18:38:04.191+0000] {dag.py:2941} INFO - Sync 1 DAGs
[2023-11-05T18:38:04.224+0000] {logging_mixin.py:151} INFO - [2023-11-05T18:38:04.224+0000] {dag.py:3722} INFO - Setting next_dagrun for example_dynamic_task_mapping_with_no_taskflow_operators to 2023-11-04T18:38:04.224194+00:00, run_after=2023-11-05T18:38:04.224194+00:00
[2023-11-05T18:38:04.310+0000] {processor.py:179} INFO - Processing /home/airflow/.local/lib/python3.8/site-packages/airflow/example_dags/example_dynamic_task_mapping_with_no_taskflow_operators.py took 0.194 seconds
[2023-11-05T18:38:35.015+0000] {processor.py:157} INFO - Started process (PID=312) to work on /home/airflow/.local/lib/python3.8/site-packages/airflow/example_dags/example_dynamic_task_mapping_with_no_taskflow_operators.py
[2023-11-05T18:38:35.031+0000] {processor.py:829} INFO - Processing file /home/airflow/.local/lib/python3.8/site-packages/airflow/example_dags/example_dynamic_task_mapping_with_no_taskflow_operators.py for tasks to queue
[2023-11-05T18:38:35.047+0000] {logging_mixin.py:151} INFO - [2023-11-05T18:38:35.047+0000] {dagbag.py:536} INFO - Filling up the DagBag from /home/airflow/.local/lib/python3.8/site-packages/airflow/example_dags/example_dynamic_task_mapping_with_no_taskflow_operators.py
[2023-11-05T18:38:35.061+0000] {processor.py:839} INFO - DAG(s) dict_keys(['example_dynamic_task_mapping_with_no_taskflow_operators']) retrieved from /home/airflow/.local/lib/python3.8/site-packages/airflow/example_dags/example_dynamic_task_mapping_with_no_taskflow_operators.py
[2023-11-05T18:38:35.134+0000] {logging_mixin.py:151} INFO - [2023-11-05T18:38:35.133+0000] {dag.py:2941} INFO - Sync 1 DAGs
[2023-11-05T18:38:35.173+0000] {logging_mixin.py:151} INFO - [2023-11-05T18:38:35.173+0000] {dag.py:3722} INFO - Setting next_dagrun for example_dynamic_task_mapping_with_no_taskflow_operators to 2023-11-04T18:38:35.173003+00:00, run_after=2023-11-05T18:38:35.173003+00:00
[2023-11-05T18:38:35.261+0000] {processor.py:179} INFO - Processing /home/airflow/.local/lib/python3.8/site-packages/airflow/example_dags/example_dynamic_task_mapping_with_no_taskflow_operators.py took 0.252 seconds
[2023-11-05T18:39:05.597+0000] {processor.py:157} INFO - Started process (PID=366) to work on /home/airflow/.local/lib/python3.8/site-packages/airflow/example_dags/example_dynamic_task_mapping_with_no_taskflow_operators.py
[2023-11-05T18:39:05.608+0000] {processor.py:829} INFO - Processing file /home/airflow/.local/lib/python3.8/site-packages/airflow/example_dags/example_dynamic_task_mapping_with_no_taskflow_operators.py for tasks to queue
[2023-11-05T18:39:05.619+0000] {logging_mixin.py:151} INFO - [2023-11-05T18:39:05.619+0000] {dagbag.py:536} INFO - Filling up the DagBag from /home/airflow/.local/lib/python3.8/site-packages/airflow/example_dags/example_dynamic_task_mapping_with_no_taskflow_operators.py
[2023-11-05T18:39:05.625+0000] {processor.py:839} INFO - DAG(s) dict_keys(['example_dynamic_task_mapping_with_no_taskflow_operators']) retrieved from /home/airflow/.local/lib/python3.8/site-packages/airflow/example_dags/example_dynamic_task_mapping_with_no_taskflow_operators.py
[2023-11-05T18:39:05.696+0000] {logging_mixin.py:151} INFO - [2023-11-05T18:39:05.696+0000] {dag.py:2941} INFO - Sync 1 DAGs
[2023-11-05T18:39:05.726+0000] {logging_mixin.py:151} INFO - [2023-11-05T18:39:05.726+0000] {dag.py:3722} INFO - Setting next_dagrun for example_dynamic_task_mapping_with_no_taskflow_operators to 2023-11-04T18:39:05.725919+00:00, run_after=2023-11-05T18:39:05.725919+00:00
[2023-11-05T18:39:05.808+0000] {processor.py:179} INFO - Processing /home/airflow/.local/lib/python3.8/site-packages/airflow/example_dags/example_dynamic_task_mapping_with_no_taskflow_operators.py took 0.214 seconds
[2023-11-05T18:39:35.971+0000] {processor.py:157} INFO - Started process (PID=420) to work on /home/airflow/.local/lib/python3.8/site-packages/airflow/example_dags/example_dynamic_task_mapping_with_no_taskflow_operators.py
[2023-11-05T18:39:35.982+0000] {processor.py:829} INFO - Processing file /home/airflow/.local/lib/python3.8/site-packages/airflow/example_dags/example_dynamic_task_mapping_with_no_taskflow_operators.py for tasks to queue
[2023-11-05T18:39:35.995+0000] {logging_mixin.py:151} INFO - [2023-11-05T18:39:35.994+0000] {dagbag.py:536} INFO - Filling up the DagBag from /home/airflow/.local/lib/python3.8/site-packages/airflow/example_dags/example_dynamic_task_mapping_with_no_taskflow_operators.py
[2023-11-05T18:39:36.009+0000] {processor.py:839} INFO - DAG(s) dict_keys(['example_dynamic_task_mapping_with_no_taskflow_operators']) retrieved from /home/airflow/.local/lib/python3.8/site-packages/airflow/example_dags/example_dynamic_task_mapping_with_no_taskflow_operators.py
[2023-11-05T18:39:36.085+0000] {logging_mixin.py:151} INFO - [2023-11-05T18:39:36.085+0000] {dag.py:2941} INFO - Sync 1 DAGs
[2023-11-05T18:39:36.125+0000] {logging_mixin.py:151} INFO - [2023-11-05T18:39:36.125+0000] {dag.py:3722} INFO - Setting next_dagrun for example_dynamic_task_mapping_with_no_taskflow_operators to 2023-11-04T18:39:36.125367+00:00, run_after=2023-11-05T18:39:36.125367+00:00
[2023-11-05T18:39:36.220+0000] {processor.py:179} INFO - Processing /home/airflow/.local/lib/python3.8/site-packages/airflow/example_dags/example_dynamic_task_mapping_with_no_taskflow_operators.py took 0.253 seconds
[2023-11-05T18:40:07.052+0000] {processor.py:157} INFO - Started process (PID=474) to work on /home/airflow/.local/lib/python3.8/site-packages/airflow/example_dags/example_dynamic_task_mapping_with_no_taskflow_operators.py
[2023-11-05T18:40:07.055+0000] {processor.py:829} INFO - Processing file /home/airflow/.local/lib/python3.8/site-packages/airflow/example_dags/example_dynamic_task_mapping_with_no_taskflow_operators.py for tasks to queue
[2023-11-05T18:40:07.057+0000] {logging_mixin.py:151} INFO - [2023-11-05T18:40:07.057+0000] {dagbag.py:536} INFO - Filling up the DagBag from /home/airflow/.local/lib/python3.8/site-packages/airflow/example_dags/example_dynamic_task_mapping_with_no_taskflow_operators.py
[2023-11-05T18:40:07.063+0000] {processor.py:839} INFO - DAG(s) dict_keys(['example_dynamic_task_mapping_with_no_taskflow_operators']) retrieved from /home/airflow/.local/lib/python3.8/site-packages/airflow/example_dags/example_dynamic_task_mapping_with_no_taskflow_operators.py
[2023-11-05T18:40:07.089+0000] {logging_mixin.py:151} INFO - [2023-11-05T18:40:07.089+0000] {dag.py:2941} INFO - Sync 1 DAGs
[2023-11-05T18:40:07.110+0000] {logging_mixin.py:151} INFO - [2023-11-05T18:40:07.110+0000] {dag.py:3722} INFO - Setting next_dagrun for example_dynamic_task_mapping_with_no_taskflow_operators to 2023-11-04T18:40:07.110104+00:00, run_after=2023-11-05T18:40:07.110104+00:00
[2023-11-05T18:40:07.131+0000] {processor.py:179} INFO - Processing /home/airflow/.local/lib/python3.8/site-packages/airflow/example_dags/example_dynamic_task_mapping_with_no_taskflow_operators.py took 0.082 seconds
[2023-11-05T18:40:37.706+0000] {processor.py:157} INFO - Started process (PID=528) to work on /home/airflow/.local/lib/python3.8/site-packages/airflow/example_dags/example_dynamic_task_mapping_with_no_taskflow_operators.py
[2023-11-05T18:40:37.707+0000] {processor.py:829} INFO - Processing file /home/airflow/.local/lib/python3.8/site-packages/airflow/example_dags/example_dynamic_task_mapping_with_no_taskflow_operators.py for tasks to queue
[2023-11-05T18:40:37.712+0000] {logging_mixin.py:151} INFO - [2023-11-05T18:40:37.712+0000] {dagbag.py:536} INFO - Filling up the DagBag from /home/airflow/.local/lib/python3.8/site-packages/airflow/example_dags/example_dynamic_task_mapping_with_no_taskflow_operators.py
[2023-11-05T18:40:37.718+0000] {processor.py:839} INFO - DAG(s) dict_keys(['example_dynamic_task_mapping_with_no_taskflow_operators']) retrieved from /home/airflow/.local/lib/python3.8/site-packages/airflow/example_dags/example_dynamic_task_mapping_with_no_taskflow_operators.py
[2023-11-05T18:40:37.741+0000] {logging_mixin.py:151} INFO - [2023-11-05T18:40:37.741+0000] {dag.py:2941} INFO - Sync 1 DAGs
[2023-11-05T18:40:37.761+0000] {logging_mixin.py:151} INFO - [2023-11-05T18:40:37.761+0000] {dag.py:3722} INFO - Setting next_dagrun for example_dynamic_task_mapping_with_no_taskflow_operators to 2023-11-04T18:40:37.761006+00:00, run_after=2023-11-05T18:40:37.761006+00:00
[2023-11-05T18:40:37.781+0000] {processor.py:179} INFO - Processing /home/airflow/.local/lib/python3.8/site-packages/airflow/example_dags/example_dynamic_task_mapping_with_no_taskflow_operators.py took 0.078 seconds
[2023-11-05T18:41:07.848+0000] {processor.py:157} INFO - Started process (PID=581) to work on /home/airflow/.local/lib/python3.8/site-packages/airflow/example_dags/example_dynamic_task_mapping_with_no_taskflow_operators.py
[2023-11-05T18:41:07.849+0000] {processor.py:829} INFO - Processing file /home/airflow/.local/lib/python3.8/site-packages/airflow/example_dags/example_dynamic_task_mapping_with_no_taskflow_operators.py for tasks to queue
[2023-11-05T18:41:07.854+0000] {logging_mixin.py:151} INFO - [2023-11-05T18:41:07.854+0000] {dagbag.py:536} INFO - Filling up the DagBag from /home/airflow/.local/lib/python3.8/site-packages/airflow/example_dags/example_dynamic_task_mapping_with_no_taskflow_operators.py
[2023-11-05T18:41:07.871+0000] {processor.py:839} INFO - DAG(s) dict_keys(['example_dynamic_task_mapping_with_no_taskflow_operators']) retrieved from /home/airflow/.local/lib/python3.8/site-packages/airflow/example_dags/example_dynamic_task_mapping_with_no_taskflow_operators.py
[2023-11-05T18:41:07.965+0000] {logging_mixin.py:151} INFO - [2023-11-05T18:41:07.965+0000] {dag.py:2941} INFO - Sync 1 DAGs
[2023-11-05T18:41:07.987+0000] {logging_mixin.py:151} INFO - [2023-11-05T18:41:07.987+0000] {dag.py:3722} INFO - Setting next_dagrun for example_dynamic_task_mapping_with_no_taskflow_operators to 2023-11-04T18:41:07.987183+00:00, run_after=2023-11-05T18:41:07.987183+00:00
[2023-11-05T18:41:08.021+0000] {processor.py:179} INFO - Processing /home/airflow/.local/lib/python3.8/site-packages/airflow/example_dags/example_dynamic_task_mapping_with_no_taskflow_operators.py took 0.181 seconds
[2023-11-05T18:41:38.166+0000] {processor.py:157} INFO - Started process (PID=635) to work on /home/airflow/.local/lib/python3.8/site-packages/airflow/example_dags/example_dynamic_task_mapping_with_no_taskflow_operators.py
[2023-11-05T18:41:38.170+0000] {processor.py:829} INFO - Processing file /home/airflow/.local/lib/python3.8/site-packages/airflow/example_dags/example_dynamic_task_mapping_with_no_taskflow_operators.py for tasks to queue
[2023-11-05T18:41:38.173+0000] {logging_mixin.py:151} INFO - [2023-11-05T18:41:38.173+0000] {dagbag.py:536} INFO - Filling up the DagBag from /home/airflow/.local/lib/python3.8/site-packages/airflow/example_dags/example_dynamic_task_mapping_with_no_taskflow_operators.py
[2023-11-05T18:41:38.186+0000] {processor.py:839} INFO - DAG(s) dict_keys(['example_dynamic_task_mapping_with_no_taskflow_operators']) retrieved from /home/airflow/.local/lib/python3.8/site-packages/airflow/example_dags/example_dynamic_task_mapping_with_no_taskflow_operators.py
[2023-11-05T18:41:38.249+0000] {logging_mixin.py:151} INFO - [2023-11-05T18:41:38.249+0000] {dag.py:2941} INFO - Sync 1 DAGs
[2023-11-05T18:41:38.296+0000] {logging_mixin.py:151} INFO - [2023-11-05T18:41:38.295+0000] {dag.py:3722} INFO - Setting next_dagrun for example_dynamic_task_mapping_with_no_taskflow_operators to 2023-11-04T18:41:38.295651+00:00, run_after=2023-11-05T18:41:38.295651+00:00
[2023-11-05T18:41:38.340+0000] {processor.py:179} INFO - Processing /home/airflow/.local/lib/python3.8/site-packages/airflow/example_dags/example_dynamic_task_mapping_with_no_taskflow_operators.py took 0.181 seconds
[2023-11-05T18:42:08.513+0000] {processor.py:157} INFO - Started process (PID=688) to work on /home/airflow/.local/lib/python3.8/site-packages/airflow/example_dags/example_dynamic_task_mapping_with_no_taskflow_operators.py
[2023-11-05T18:42:08.518+0000] {processor.py:829} INFO - Processing file /home/airflow/.local/lib/python3.8/site-packages/airflow/example_dags/example_dynamic_task_mapping_with_no_taskflow_operators.py for tasks to queue
[2023-11-05T18:42:08.521+0000] {logging_mixin.py:151} INFO - [2023-11-05T18:42:08.520+0000] {dagbag.py:536} INFO - Filling up the DagBag from /home/airflow/.local/lib/python3.8/site-packages/airflow/example_dags/example_dynamic_task_mapping_with_no_taskflow_operators.py
[2023-11-05T18:42:08.532+0000] {processor.py:839} INFO - DAG(s) dict_keys(['example_dynamic_task_mapping_with_no_taskflow_operators']) retrieved from /home/airflow/.local/lib/python3.8/site-packages/airflow/example_dags/example_dynamic_task_mapping_with_no_taskflow_operators.py
[2023-11-05T18:42:08.561+0000] {logging_mixin.py:151} INFO - [2023-11-05T18:42:08.561+0000] {dag.py:2941} INFO - Sync 1 DAGs
[2023-11-05T18:42:08.581+0000] {logging_mixin.py:151} INFO - [2023-11-05T18:42:08.581+0000] {dag.py:3722} INFO - Setting next_dagrun for example_dynamic_task_mapping_with_no_taskflow_operators to 2023-11-04T18:42:08.581267+00:00, run_after=2023-11-05T18:42:08.581267+00:00
[2023-11-05T18:42:08.606+0000] {processor.py:179} INFO - Processing /home/airflow/.local/lib/python3.8/site-packages/airflow/example_dags/example_dynamic_task_mapping_with_no_taskflow_operators.py took 0.096 seconds
[2023-11-05T18:42:38.898+0000] {processor.py:157} INFO - Started process (PID=742) to work on /home/airflow/.local/lib/python3.8/site-packages/airflow/example_dags/example_dynamic_task_mapping_with_no_taskflow_operators.py
[2023-11-05T18:42:38.900+0000] {processor.py:829} INFO - Processing file /home/airflow/.local/lib/python3.8/site-packages/airflow/example_dags/example_dynamic_task_mapping_with_no_taskflow_operators.py for tasks to queue
[2023-11-05T18:42:38.903+0000] {logging_mixin.py:151} INFO - [2023-11-05T18:42:38.902+0000] {dagbag.py:536} INFO - Filling up the DagBag from /home/airflow/.local/lib/python3.8/site-packages/airflow/example_dags/example_dynamic_task_mapping_with_no_taskflow_operators.py
[2023-11-05T18:42:38.909+0000] {processor.py:839} INFO - DAG(s) dict_keys(['example_dynamic_task_mapping_with_no_taskflow_operators']) retrieved from /home/airflow/.local/lib/python3.8/site-packages/airflow/example_dags/example_dynamic_task_mapping_with_no_taskflow_operators.py
[2023-11-05T18:42:38.931+0000] {logging_mixin.py:151} INFO - [2023-11-05T18:42:38.930+0000] {dag.py:2941} INFO - Sync 1 DAGs
[2023-11-05T18:42:38.945+0000] {logging_mixin.py:151} INFO - [2023-11-05T18:42:38.945+0000] {dag.py:3722} INFO - Setting next_dagrun for example_dynamic_task_mapping_with_no_taskflow_operators to 2023-11-04T18:42:38.945610+00:00, run_after=2023-11-05T18:42:38.945610+00:00
[2023-11-05T18:42:38.960+0000] {processor.py:179} INFO - Processing /home/airflow/.local/lib/python3.8/site-packages/airflow/example_dags/example_dynamic_task_mapping_with_no_taskflow_operators.py took 0.067 seconds
[2023-11-05T18:43:09.248+0000] {processor.py:157} INFO - Started process (PID=796) to work on /home/airflow/.local/lib/python3.8/site-packages/airflow/example_dags/example_dynamic_task_mapping_with_no_taskflow_operators.py
[2023-11-05T18:43:09.250+0000] {processor.py:829} INFO - Processing file /home/airflow/.local/lib/python3.8/site-packages/airflow/example_dags/example_dynamic_task_mapping_with_no_taskflow_operators.py for tasks to queue
[2023-11-05T18:43:09.256+0000] {logging_mixin.py:151} INFO - [2023-11-05T18:43:09.256+0000] {dagbag.py:536} INFO - Filling up the DagBag from /home/airflow/.local/lib/python3.8/site-packages/airflow/example_dags/example_dynamic_task_mapping_with_no_taskflow_operators.py
[2023-11-05T18:43:09.263+0000] {processor.py:839} INFO - DAG(s) dict_keys(['example_dynamic_task_mapping_with_no_taskflow_operators']) retrieved from /home/airflow/.local/lib/python3.8/site-packages/airflow/example_dags/example_dynamic_task_mapping_with_no_taskflow_operators.py
[2023-11-05T18:43:09.286+0000] {logging_mixin.py:151} INFO - [2023-11-05T18:43:09.286+0000] {dag.py:2941} INFO - Sync 1 DAGs
[2023-11-05T18:43:09.304+0000] {logging_mixin.py:151} INFO - [2023-11-05T18:43:09.304+0000] {dag.py:3722} INFO - Setting next_dagrun for example_dynamic_task_mapping_with_no_taskflow_operators to 2023-11-04T18:43:09.303962+00:00, run_after=2023-11-05T18:43:09.303962+00:00
[2023-11-05T18:43:09.321+0000] {processor.py:179} INFO - Processing /home/airflow/.local/lib/python3.8/site-packages/airflow/example_dags/example_dynamic_task_mapping_with_no_taskflow_operators.py took 0.076 seconds
[2023-11-05T18:43:39.847+0000] {processor.py:157} INFO - Started process (PID=850) to work on /home/airflow/.local/lib/python3.8/site-packages/airflow/example_dags/example_dynamic_task_mapping_with_no_taskflow_operators.py
[2023-11-05T18:43:39.848+0000] {processor.py:829} INFO - Processing file /home/airflow/.local/lib/python3.8/site-packages/airflow/example_dags/example_dynamic_task_mapping_with_no_taskflow_operators.py for tasks to queue
[2023-11-05T18:43:39.850+0000] {logging_mixin.py:151} INFO - [2023-11-05T18:43:39.850+0000] {dagbag.py:536} INFO - Filling up the DagBag from /home/airflow/.local/lib/python3.8/site-packages/airflow/example_dags/example_dynamic_task_mapping_with_no_taskflow_operators.py
[2023-11-05T18:43:39.863+0000] {processor.py:839} INFO - DAG(s) dict_keys(['example_dynamic_task_mapping_with_no_taskflow_operators']) retrieved from /home/airflow/.local/lib/python3.8/site-packages/airflow/example_dags/example_dynamic_task_mapping_with_no_taskflow_operators.py
[2023-11-05T18:43:39.884+0000] {logging_mixin.py:151} INFO - [2023-11-05T18:43:39.884+0000] {dag.py:2941} INFO - Sync 1 DAGs
[2023-11-05T18:43:39.900+0000] {logging_mixin.py:151} INFO - [2023-11-05T18:43:39.900+0000] {dag.py:3722} INFO - Setting next_dagrun for example_dynamic_task_mapping_with_no_taskflow_operators to 2023-11-04T18:43:39.899921+00:00, run_after=2023-11-05T18:43:39.899921+00:00
[2023-11-05T18:43:39.917+0000] {processor.py:179} INFO - Processing /home/airflow/.local/lib/python3.8/site-packages/airflow/example_dags/example_dynamic_task_mapping_with_no_taskflow_operators.py took 0.073 seconds
[2023-11-05T18:44:10.372+0000] {processor.py:157} INFO - Started process (PID=904) to work on /home/airflow/.local/lib/python3.8/site-packages/airflow/example_dags/example_dynamic_task_mapping_with_no_taskflow_operators.py
[2023-11-05T18:44:10.375+0000] {processor.py:829} INFO - Processing file /home/airflow/.local/lib/python3.8/site-packages/airflow/example_dags/example_dynamic_task_mapping_with_no_taskflow_operators.py for tasks to queue
[2023-11-05T18:44:10.377+0000] {logging_mixin.py:151} INFO - [2023-11-05T18:44:10.377+0000] {dagbag.py:536} INFO - Filling up the DagBag from /home/airflow/.local/lib/python3.8/site-packages/airflow/example_dags/example_dynamic_task_mapping_with_no_taskflow_operators.py
[2023-11-05T18:44:10.384+0000] {processor.py:839} INFO - DAG(s) dict_keys(['example_dynamic_task_mapping_with_no_taskflow_operators']) retrieved from /home/airflow/.local/lib/python3.8/site-packages/airflow/example_dags/example_dynamic_task_mapping_with_no_taskflow_operators.py
[2023-11-05T18:44:10.413+0000] {logging_mixin.py:151} INFO - [2023-11-05T18:44:10.411+0000] {dag.py:2941} INFO - Sync 1 DAGs
[2023-11-05T18:44:10.433+0000] {logging_mixin.py:151} INFO - [2023-11-05T18:44:10.433+0000] {dag.py:3722} INFO - Setting next_dagrun for example_dynamic_task_mapping_with_no_taskflow_operators to 2023-11-04T18:44:10.433067+00:00, run_after=2023-11-05T18:44:10.433067+00:00
[2023-11-05T18:44:10.458+0000] {processor.py:179} INFO - Processing /home/airflow/.local/lib/python3.8/site-packages/airflow/example_dags/example_dynamic_task_mapping_with_no_taskflow_operators.py took 0.089 seconds
[2023-11-05T18:44:40.751+0000] {processor.py:157} INFO - Started process (PID=958) to work on /home/airflow/.local/lib/python3.8/site-packages/airflow/example_dags/example_dynamic_task_mapping_with_no_taskflow_operators.py
[2023-11-05T18:44:40.754+0000] {processor.py:829} INFO - Processing file /home/airflow/.local/lib/python3.8/site-packages/airflow/example_dags/example_dynamic_task_mapping_with_no_taskflow_operators.py for tasks to queue
[2023-11-05T18:44:40.758+0000] {logging_mixin.py:151} INFO - [2023-11-05T18:44:40.757+0000] {dagbag.py:536} INFO - Filling up the DagBag from /home/airflow/.local/lib/python3.8/site-packages/airflow/example_dags/example_dynamic_task_mapping_with_no_taskflow_operators.py
[2023-11-05T18:44:40.763+0000] {processor.py:839} INFO - DAG(s) dict_keys(['example_dynamic_task_mapping_with_no_taskflow_operators']) retrieved from /home/airflow/.local/lib/python3.8/site-packages/airflow/example_dags/example_dynamic_task_mapping_with_no_taskflow_operators.py
[2023-11-05T18:44:40.798+0000] {logging_mixin.py:151} INFO - [2023-11-05T18:44:40.798+0000] {dag.py:2941} INFO - Sync 1 DAGs
[2023-11-05T18:44:40.816+0000] {logging_mixin.py:151} INFO - [2023-11-05T18:44:40.816+0000] {dag.py:3722} INFO - Setting next_dagrun for example_dynamic_task_mapping_with_no_taskflow_operators to 2023-11-04T18:44:40.816032+00:00, run_after=2023-11-05T18:44:40.816032+00:00
[2023-11-05T18:44:40.838+0000] {processor.py:179} INFO - Processing /home/airflow/.local/lib/python3.8/site-packages/airflow/example_dags/example_dynamic_task_mapping_with_no_taskflow_operators.py took 0.089 seconds
[2023-11-05T18:45:11.076+0000] {processor.py:157} INFO - Started process (PID=1011) to work on /home/airflow/.local/lib/python3.8/site-packages/airflow/example_dags/example_dynamic_task_mapping_with_no_taskflow_operators.py
[2023-11-05T18:45:11.080+0000] {processor.py:829} INFO - Processing file /home/airflow/.local/lib/python3.8/site-packages/airflow/example_dags/example_dynamic_task_mapping_with_no_taskflow_operators.py for tasks to queue
[2023-11-05T18:45:11.085+0000] {logging_mixin.py:151} INFO - [2023-11-05T18:45:11.085+0000] {dagbag.py:536} INFO - Filling up the DagBag from /home/airflow/.local/lib/python3.8/site-packages/airflow/example_dags/example_dynamic_task_mapping_with_no_taskflow_operators.py
[2023-11-05T18:45:11.107+0000] {processor.py:839} INFO - DAG(s) dict_keys(['example_dynamic_task_mapping_with_no_taskflow_operators']) retrieved from /home/airflow/.local/lib/python3.8/site-packages/airflow/example_dags/example_dynamic_task_mapping_with_no_taskflow_operators.py
[2023-11-05T18:45:11.158+0000] {logging_mixin.py:151} INFO - [2023-11-05T18:45:11.158+0000] {dag.py:2941} INFO - Sync 1 DAGs
[2023-11-05T18:45:11.192+0000] {logging_mixin.py:151} INFO - [2023-11-05T18:45:11.192+0000] {dag.py:3722} INFO - Setting next_dagrun for example_dynamic_task_mapping_with_no_taskflow_operators to 2023-11-04T18:45:11.192466+00:00, run_after=2023-11-05T18:45:11.192466+00:00
[2023-11-05T18:45:11.409+0000] {processor.py:179} INFO - Processing /home/airflow/.local/lib/python3.8/site-packages/airflow/example_dags/example_dynamic_task_mapping_with_no_taskflow_operators.py took 0.339 seconds
[2023-11-05T18:46:10.583+0000] {processor.py:157} INFO - Started process (PID=44) to work on /home/airflow/.local/lib/python3.8/site-packages/airflow/example_dags/example_dynamic_task_mapping_with_no_taskflow_operators.py
[2023-11-05T18:46:10.593+0000] {processor.py:829} INFO - Processing file /home/airflow/.local/lib/python3.8/site-packages/airflow/example_dags/example_dynamic_task_mapping_with_no_taskflow_operators.py for tasks to queue
[2023-11-05T18:46:10.606+0000] {logging_mixin.py:151} INFO - [2023-11-05T18:46:10.604+0000] {dagbag.py:536} INFO - Filling up the DagBag from /home/airflow/.local/lib/python3.8/site-packages/airflow/example_dags/example_dynamic_task_mapping_with_no_taskflow_operators.py
[2023-11-05T18:46:10.639+0000] {processor.py:839} INFO - DAG(s) dict_keys(['example_dynamic_task_mapping_with_no_taskflow_operators']) retrieved from /home/airflow/.local/lib/python3.8/site-packages/airflow/example_dags/example_dynamic_task_mapping_with_no_taskflow_operators.py
[2023-11-05T18:46:10.681+0000] {logging_mixin.py:151} INFO - [2023-11-05T18:46:10.680+0000] {dag.py:2941} INFO - Sync 1 DAGs
[2023-11-05T18:46:10.706+0000] {logging_mixin.py:151} INFO - [2023-11-05T18:46:10.705+0000] {dag.py:3722} INFO - Setting next_dagrun for example_dynamic_task_mapping_with_no_taskflow_operators to 2023-11-04T18:46:10.705149+00:00, run_after=2023-11-05T18:46:10.705149+00:00
[2023-11-05T18:46:10.736+0000] {processor.py:179} INFO - Processing /home/airflow/.local/lib/python3.8/site-packages/airflow/example_dags/example_dynamic_task_mapping_with_no_taskflow_operators.py took 0.158 seconds
[2023-11-05T18:46:41.014+0000] {processor.py:157} INFO - Started process (PID=98) to work on /home/airflow/.local/lib/python3.8/site-packages/airflow/example_dags/example_dynamic_task_mapping_with_no_taskflow_operators.py
[2023-11-05T18:46:41.017+0000] {processor.py:829} INFO - Processing file /home/airflow/.local/lib/python3.8/site-packages/airflow/example_dags/example_dynamic_task_mapping_with_no_taskflow_operators.py for tasks to queue
[2023-11-05T18:46:41.024+0000] {logging_mixin.py:151} INFO - [2023-11-05T18:46:41.023+0000] {dagbag.py:536} INFO - Filling up the DagBag from /home/airflow/.local/lib/python3.8/site-packages/airflow/example_dags/example_dynamic_task_mapping_with_no_taskflow_operators.py
[2023-11-05T18:46:41.040+0000] {processor.py:839} INFO - DAG(s) dict_keys(['example_dynamic_task_mapping_with_no_taskflow_operators']) retrieved from /home/airflow/.local/lib/python3.8/site-packages/airflow/example_dags/example_dynamic_task_mapping_with_no_taskflow_operators.py
[2023-11-05T18:46:41.081+0000] {logging_mixin.py:151} INFO - [2023-11-05T18:46:41.080+0000] {dag.py:2941} INFO - Sync 1 DAGs
[2023-11-05T18:46:41.132+0000] {logging_mixin.py:151} INFO - [2023-11-05T18:46:41.132+0000] {dag.py:3722} INFO - Setting next_dagrun for example_dynamic_task_mapping_with_no_taskflow_operators to 2023-11-04T18:46:41.132141+00:00, run_after=2023-11-05T18:46:41.132141+00:00
[2023-11-05T18:46:41.191+0000] {processor.py:179} INFO - Processing /home/airflow/.local/lib/python3.8/site-packages/airflow/example_dags/example_dynamic_task_mapping_with_no_taskflow_operators.py took 0.182 seconds
[2023-11-05T18:47:11.623+0000] {processor.py:157} INFO - Started process (PID=152) to work on /home/airflow/.local/lib/python3.8/site-packages/airflow/example_dags/example_dynamic_task_mapping_with_no_taskflow_operators.py
[2023-11-05T18:47:11.635+0000] {processor.py:829} INFO - Processing file /home/airflow/.local/lib/python3.8/site-packages/airflow/example_dags/example_dynamic_task_mapping_with_no_taskflow_operators.py for tasks to queue
[2023-11-05T18:47:11.643+0000] {logging_mixin.py:151} INFO - [2023-11-05T18:47:11.642+0000] {dagbag.py:536} INFO - Filling up the DagBag from /home/airflow/.local/lib/python3.8/site-packages/airflow/example_dags/example_dynamic_task_mapping_with_no_taskflow_operators.py
[2023-11-05T18:47:11.665+0000] {processor.py:839} INFO - DAG(s) dict_keys(['example_dynamic_task_mapping_with_no_taskflow_operators']) retrieved from /home/airflow/.local/lib/python3.8/site-packages/airflow/example_dags/example_dynamic_task_mapping_with_no_taskflow_operators.py
[2023-11-05T18:47:11.700+0000] {logging_mixin.py:151} INFO - [2023-11-05T18:47:11.699+0000] {dag.py:2941} INFO - Sync 1 DAGs
[2023-11-05T18:47:11.727+0000] {logging_mixin.py:151} INFO - [2023-11-05T18:47:11.727+0000] {dag.py:3722} INFO - Setting next_dagrun for example_dynamic_task_mapping_with_no_taskflow_operators to 2023-11-04T18:47:11.727129+00:00, run_after=2023-11-05T18:47:11.727129+00:00
[2023-11-05T18:47:11.747+0000] {processor.py:179} INFO - Processing /home/airflow/.local/lib/python3.8/site-packages/airflow/example_dags/example_dynamic_task_mapping_with_no_taskflow_operators.py took 0.135 seconds
[2023-11-05T18:47:42.515+0000] {processor.py:157} INFO - Started process (PID=206) to work on /home/airflow/.local/lib/python3.8/site-packages/airflow/example_dags/example_dynamic_task_mapping_with_no_taskflow_operators.py
[2023-11-05T18:47:42.518+0000] {processor.py:829} INFO - Processing file /home/airflow/.local/lib/python3.8/site-packages/airflow/example_dags/example_dynamic_task_mapping_with_no_taskflow_operators.py for tasks to queue
[2023-11-05T18:47:42.525+0000] {logging_mixin.py:151} INFO - [2023-11-05T18:47:42.524+0000] {dagbag.py:536} INFO - Filling up the DagBag from /home/airflow/.local/lib/python3.8/site-packages/airflow/example_dags/example_dynamic_task_mapping_with_no_taskflow_operators.py
[2023-11-05T18:47:42.553+0000] {processor.py:839} INFO - DAG(s) dict_keys(['example_dynamic_task_mapping_with_no_taskflow_operators']) retrieved from /home/airflow/.local/lib/python3.8/site-packages/airflow/example_dags/example_dynamic_task_mapping_with_no_taskflow_operators.py
[2023-11-05T18:47:42.588+0000] {logging_mixin.py:151} INFO - [2023-11-05T18:47:42.588+0000] {dag.py:2941} INFO - Sync 1 DAGs
[2023-11-05T18:47:42.606+0000] {logging_mixin.py:151} INFO - [2023-11-05T18:47:42.606+0000] {dag.py:3722} INFO - Setting next_dagrun for example_dynamic_task_mapping_with_no_taskflow_operators to 2023-11-04T18:47:42.606053+00:00, run_after=2023-11-05T18:47:42.606053+00:00
[2023-11-05T18:47:42.621+0000] {processor.py:179} INFO - Processing /home/airflow/.local/lib/python3.8/site-packages/airflow/example_dags/example_dynamic_task_mapping_with_no_taskflow_operators.py took 0.110 seconds
[2023-11-05T18:48:13.496+0000] {processor.py:157} INFO - Started process (PID=260) to work on /home/airflow/.local/lib/python3.8/site-packages/airflow/example_dags/example_dynamic_task_mapping_with_no_taskflow_operators.py
[2023-11-05T18:48:13.498+0000] {processor.py:829} INFO - Processing file /home/airflow/.local/lib/python3.8/site-packages/airflow/example_dags/example_dynamic_task_mapping_with_no_taskflow_operators.py for tasks to queue
[2023-11-05T18:48:13.501+0000] {logging_mixin.py:151} INFO - [2023-11-05T18:48:13.501+0000] {dagbag.py:536} INFO - Filling up the DagBag from /home/airflow/.local/lib/python3.8/site-packages/airflow/example_dags/example_dynamic_task_mapping_with_no_taskflow_operators.py
[2023-11-05T18:48:13.511+0000] {processor.py:839} INFO - DAG(s) dict_keys(['example_dynamic_task_mapping_with_no_taskflow_operators']) retrieved from /home/airflow/.local/lib/python3.8/site-packages/airflow/example_dags/example_dynamic_task_mapping_with_no_taskflow_operators.py
[2023-11-05T18:48:13.527+0000] {logging_mixin.py:151} INFO - [2023-11-05T18:48:13.527+0000] {dag.py:2941} INFO - Sync 1 DAGs
[2023-11-05T18:48:13.541+0000] {logging_mixin.py:151} INFO - [2023-11-05T18:48:13.541+0000] {dag.py:3722} INFO - Setting next_dagrun for example_dynamic_task_mapping_with_no_taskflow_operators to 2023-11-04T18:48:13.541688+00:00, run_after=2023-11-05T18:48:13.541688+00:00
[2023-11-05T18:48:13.555+0000] {processor.py:179} INFO - Processing /home/airflow/.local/lib/python3.8/site-packages/airflow/example_dags/example_dynamic_task_mapping_with_no_taskflow_operators.py took 0.061 seconds
[2023-11-05T18:48:44.045+0000] {processor.py:157} INFO - Started process (PID=314) to work on /home/airflow/.local/lib/python3.8/site-packages/airflow/example_dags/example_dynamic_task_mapping_with_no_taskflow_operators.py
[2023-11-05T18:48:44.047+0000] {processor.py:829} INFO - Processing file /home/airflow/.local/lib/python3.8/site-packages/airflow/example_dags/example_dynamic_task_mapping_with_no_taskflow_operators.py for tasks to queue
[2023-11-05T18:48:44.048+0000] {logging_mixin.py:151} INFO - [2023-11-05T18:48:44.048+0000] {dagbag.py:536} INFO - Filling up the DagBag from /home/airflow/.local/lib/python3.8/site-packages/airflow/example_dags/example_dynamic_task_mapping_with_no_taskflow_operators.py
[2023-11-05T18:48:44.052+0000] {processor.py:839} INFO - DAG(s) dict_keys(['example_dynamic_task_mapping_with_no_taskflow_operators']) retrieved from /home/airflow/.local/lib/python3.8/site-packages/airflow/example_dags/example_dynamic_task_mapping_with_no_taskflow_operators.py
[2023-11-05T18:48:44.075+0000] {logging_mixin.py:151} INFO - [2023-11-05T18:48:44.075+0000] {dag.py:2941} INFO - Sync 1 DAGs
[2023-11-05T18:48:44.088+0000] {logging_mixin.py:151} INFO - [2023-11-05T18:48:44.088+0000] {dag.py:3722} INFO - Setting next_dagrun for example_dynamic_task_mapping_with_no_taskflow_operators to 2023-11-04T18:48:44.088125+00:00, run_after=2023-11-05T18:48:44.088125+00:00
[2023-11-05T18:48:44.128+0000] {processor.py:179} INFO - Processing /home/airflow/.local/lib/python3.8/site-packages/airflow/example_dags/example_dynamic_task_mapping_with_no_taskflow_operators.py took 0.085 seconds
[2023-11-05T18:53:30.807+0000] {processor.py:157} INFO - Started process (PID=368) to work on /home/airflow/.local/lib/python3.8/site-packages/airflow/example_dags/example_dynamic_task_mapping_with_no_taskflow_operators.py
[2023-11-05T18:53:30.808+0000] {processor.py:829} INFO - Processing file /home/airflow/.local/lib/python3.8/site-packages/airflow/example_dags/example_dynamic_task_mapping_with_no_taskflow_operators.py for tasks to queue
[2023-11-05T18:53:30.814+0000] {logging_mixin.py:151} INFO - [2023-11-05T18:53:30.814+0000] {dagbag.py:536} INFO - Filling up the DagBag from /home/airflow/.local/lib/python3.8/site-packages/airflow/example_dags/example_dynamic_task_mapping_with_no_taskflow_operators.py
[2023-11-05T18:53:30.822+0000] {processor.py:839} INFO - DAG(s) dict_keys(['example_dynamic_task_mapping_with_no_taskflow_operators']) retrieved from /home/airflow/.local/lib/python3.8/site-packages/airflow/example_dags/example_dynamic_task_mapping_with_no_taskflow_operators.py
[2023-11-05T18:53:30.858+0000] {logging_mixin.py:151} INFO - [2023-11-05T18:53:30.858+0000] {dag.py:2941} INFO - Sync 1 DAGs
[2023-11-05T18:53:30.890+0000] {logging_mixin.py:151} INFO - [2023-11-05T18:53:30.890+0000] {dag.py:3722} INFO - Setting next_dagrun for example_dynamic_task_mapping_with_no_taskflow_operators to 2023-11-04T18:53:30.890225+00:00, run_after=2023-11-05T18:53:30.890225+00:00
[2023-11-05T18:53:30.911+0000] {processor.py:179} INFO - Processing /home/airflow/.local/lib/python3.8/site-packages/airflow/example_dags/example_dynamic_task_mapping_with_no_taskflow_operators.py took 0.109 seconds
[2023-11-05T18:54:01.218+0000] {processor.py:157} INFO - Started process (PID=422) to work on /home/airflow/.local/lib/python3.8/site-packages/airflow/example_dags/example_dynamic_task_mapping_with_no_taskflow_operators.py
[2023-11-05T18:54:01.221+0000] {processor.py:829} INFO - Processing file /home/airflow/.local/lib/python3.8/site-packages/airflow/example_dags/example_dynamic_task_mapping_with_no_taskflow_operators.py for tasks to queue
[2023-11-05T18:54:01.225+0000] {logging_mixin.py:151} INFO - [2023-11-05T18:54:01.225+0000] {dagbag.py:536} INFO - Filling up the DagBag from /home/airflow/.local/lib/python3.8/site-packages/airflow/example_dags/example_dynamic_task_mapping_with_no_taskflow_operators.py
[2023-11-05T18:54:01.231+0000] {processor.py:839} INFO - DAG(s) dict_keys(['example_dynamic_task_mapping_with_no_taskflow_operators']) retrieved from /home/airflow/.local/lib/python3.8/site-packages/airflow/example_dags/example_dynamic_task_mapping_with_no_taskflow_operators.py
[2023-11-05T18:54:01.254+0000] {logging_mixin.py:151} INFO - [2023-11-05T18:54:01.253+0000] {dag.py:2941} INFO - Sync 1 DAGs
[2023-11-05T18:54:01.269+0000] {logging_mixin.py:151} INFO - [2023-11-05T18:54:01.269+0000] {dag.py:3722} INFO - Setting next_dagrun for example_dynamic_task_mapping_with_no_taskflow_operators to 2023-11-04T18:54:01.269270+00:00, run_after=2023-11-05T18:54:01.269270+00:00
[2023-11-05T18:54:01.285+0000] {processor.py:179} INFO - Processing /home/airflow/.local/lib/python3.8/site-packages/airflow/example_dags/example_dynamic_task_mapping_with_no_taskflow_operators.py took 0.071 seconds
[2023-11-05T18:54:31.932+0000] {processor.py:157} INFO - Started process (PID=476) to work on /home/airflow/.local/lib/python3.8/site-packages/airflow/example_dags/example_dynamic_task_mapping_with_no_taskflow_operators.py
[2023-11-05T18:54:31.936+0000] {processor.py:829} INFO - Processing file /home/airflow/.local/lib/python3.8/site-packages/airflow/example_dags/example_dynamic_task_mapping_with_no_taskflow_operators.py for tasks to queue
[2023-11-05T18:54:31.941+0000] {logging_mixin.py:151} INFO - [2023-11-05T18:54:31.940+0000] {dagbag.py:536} INFO - Filling up the DagBag from /home/airflow/.local/lib/python3.8/site-packages/airflow/example_dags/example_dynamic_task_mapping_with_no_taskflow_operators.py
[2023-11-05T18:54:31.946+0000] {processor.py:839} INFO - DAG(s) dict_keys(['example_dynamic_task_mapping_with_no_taskflow_operators']) retrieved from /home/airflow/.local/lib/python3.8/site-packages/airflow/example_dags/example_dynamic_task_mapping_with_no_taskflow_operators.py
[2023-11-05T18:54:31.965+0000] {logging_mixin.py:151} INFO - [2023-11-05T18:54:31.965+0000] {dag.py:2941} INFO - Sync 1 DAGs
[2023-11-05T18:54:31.989+0000] {logging_mixin.py:151} INFO - [2023-11-05T18:54:31.989+0000] {dag.py:3722} INFO - Setting next_dagrun for example_dynamic_task_mapping_with_no_taskflow_operators to 2023-11-04T18:54:31.989252+00:00, run_after=2023-11-05T18:54:31.989252+00:00
[2023-11-05T18:54:32.077+0000] {processor.py:179} INFO - Processing /home/airflow/.local/lib/python3.8/site-packages/airflow/example_dags/example_dynamic_task_mapping_with_no_taskflow_operators.py took 0.148 seconds
