[2023-11-05T18:36:06.692+0000] {processor.py:157} INFO - Started process (PID=63) to work on /home/airflow/.local/lib/python3.8/site-packages/airflow/example_dags/example_params_trigger_ui.py
[2023-11-05T18:36:06.694+0000] {processor.py:829} INFO - Processing file /home/airflow/.local/lib/python3.8/site-packages/airflow/example_dags/example_params_trigger_ui.py for tasks to queue
[2023-11-05T18:36:06.697+0000] {logging_mixin.py:151} INFO - [2023-11-05T18:36:06.697+0000] {dagbag.py:536} INFO - Filling up the DagBag from /home/airflow/.local/lib/python3.8/site-packages/airflow/example_dags/example_params_trigger_ui.py
[2023-11-05T18:36:06.878+0000] {processor.py:839} INFO - DAG(s) dict_keys(['example_params_trigger_ui']) retrieved from /home/airflow/.local/lib/python3.8/site-packages/airflow/example_dags/example_params_trigger_ui.py
[2023-11-05T18:36:07.055+0000] {logging_mixin.py:151} INFO - [2023-11-05T18:36:07.055+0000] {dag.py:2941} INFO - Sync 1 DAGs
[2023-11-05T18:36:07.137+0000] {logging_mixin.py:151} INFO - [2023-11-05T18:36:07.133+0000] {dag.py:3722} INFO - Setting next_dagrun for example_params_trigger_ui to None, run_after=None
[2023-11-05T18:36:07.330+0000] {processor.py:179} INFO - Processing /home/airflow/.local/lib/python3.8/site-packages/airflow/example_dags/example_params_trigger_ui.py took 0.641 seconds
[2023-11-05T18:36:38.174+0000] {processor.py:157} INFO - Started process (PID=117) to work on /home/airflow/.local/lib/python3.8/site-packages/airflow/example_dags/example_params_trigger_ui.py
[2023-11-05T18:36:38.178+0000] {processor.py:829} INFO - Processing file /home/airflow/.local/lib/python3.8/site-packages/airflow/example_dags/example_params_trigger_ui.py for tasks to queue
[2023-11-05T18:36:38.187+0000] {logging_mixin.py:151} INFO - [2023-11-05T18:36:38.186+0000] {dagbag.py:536} INFO - Filling up the DagBag from /home/airflow/.local/lib/python3.8/site-packages/airflow/example_dags/example_params_trigger_ui.py
[2023-11-05T18:36:38.223+0000] {processor.py:839} INFO - DAG(s) dict_keys(['example_params_trigger_ui']) retrieved from /home/airflow/.local/lib/python3.8/site-packages/airflow/example_dags/example_params_trigger_ui.py
[2023-11-05T18:36:38.299+0000] {logging_mixin.py:151} INFO - [2023-11-05T18:36:38.299+0000] {dag.py:2941} INFO - Sync 1 DAGs
[2023-11-05T18:36:38.331+0000] {logging_mixin.py:151} INFO - [2023-11-05T18:36:38.331+0000] {dag.py:3722} INFO - Setting next_dagrun for example_params_trigger_ui to None, run_after=None
[2023-11-05T18:36:38.463+0000] {processor.py:179} INFO - Processing /home/airflow/.local/lib/python3.8/site-packages/airflow/example_dags/example_params_trigger_ui.py took 0.291 seconds
[2023-11-05T18:37:08.765+0000] {processor.py:157} INFO - Started process (PID=171) to work on /home/airflow/.local/lib/python3.8/site-packages/airflow/example_dags/example_params_trigger_ui.py
[2023-11-05T18:37:08.774+0000] {processor.py:829} INFO - Processing file /home/airflow/.local/lib/python3.8/site-packages/airflow/example_dags/example_params_trigger_ui.py for tasks to queue
[2023-11-05T18:37:08.781+0000] {logging_mixin.py:151} INFO - [2023-11-05T18:37:08.781+0000] {dagbag.py:536} INFO - Filling up the DagBag from /home/airflow/.local/lib/python3.8/site-packages/airflow/example_dags/example_params_trigger_ui.py
[2023-11-05T18:37:08.833+0000] {processor.py:839} INFO - DAG(s) dict_keys(['example_params_trigger_ui']) retrieved from /home/airflow/.local/lib/python3.8/site-packages/airflow/example_dags/example_params_trigger_ui.py
[2023-11-05T18:37:08.941+0000] {logging_mixin.py:151} INFO - [2023-11-05T18:37:08.941+0000] {dag.py:2941} INFO - Sync 1 DAGs
[2023-11-05T18:37:08.959+0000] {logging_mixin.py:151} INFO - [2023-11-05T18:37:08.959+0000] {dag.py:3722} INFO - Setting next_dagrun for example_params_trigger_ui to None, run_after=None
[2023-11-05T18:37:09.025+0000] {processor.py:179} INFO - Processing /home/airflow/.local/lib/python3.8/site-packages/airflow/example_dags/example_params_trigger_ui.py took 0.269 seconds
[2023-11-05T18:37:39.355+0000] {processor.py:157} INFO - Started process (PID=224) to work on /home/airflow/.local/lib/python3.8/site-packages/airflow/example_dags/example_params_trigger_ui.py
[2023-11-05T18:37:39.361+0000] {processor.py:829} INFO - Processing file /home/airflow/.local/lib/python3.8/site-packages/airflow/example_dags/example_params_trigger_ui.py for tasks to queue
[2023-11-05T18:37:39.365+0000] {logging_mixin.py:151} INFO - [2023-11-05T18:37:39.364+0000] {dagbag.py:536} INFO - Filling up the DagBag from /home/airflow/.local/lib/python3.8/site-packages/airflow/example_dags/example_params_trigger_ui.py
[2023-11-05T18:37:39.386+0000] {processor.py:839} INFO - DAG(s) dict_keys(['example_params_trigger_ui']) retrieved from /home/airflow/.local/lib/python3.8/site-packages/airflow/example_dags/example_params_trigger_ui.py
[2023-11-05T18:37:39.466+0000] {logging_mixin.py:151} INFO - [2023-11-05T18:37:39.466+0000] {dag.py:2941} INFO - Sync 1 DAGs
[2023-11-05T18:37:39.489+0000] {logging_mixin.py:151} INFO - [2023-11-05T18:37:39.489+0000] {dag.py:3722} INFO - Setting next_dagrun for example_params_trigger_ui to None, run_after=None
[2023-11-05T18:37:39.524+0000] {processor.py:179} INFO - Processing /home/airflow/.local/lib/python3.8/site-packages/airflow/example_dags/example_params_trigger_ui.py took 0.177 seconds
[2023-11-05T18:38:10.220+0000] {processor.py:157} INFO - Started process (PID=278) to work on /home/airflow/.local/lib/python3.8/site-packages/airflow/example_dags/example_params_trigger_ui.py
[2023-11-05T18:38:10.251+0000] {processor.py:829} INFO - Processing file /home/airflow/.local/lib/python3.8/site-packages/airflow/example_dags/example_params_trigger_ui.py for tasks to queue
[2023-11-05T18:38:10.278+0000] {logging_mixin.py:151} INFO - [2023-11-05T18:38:10.277+0000] {dagbag.py:536} INFO - Filling up the DagBag from /home/airflow/.local/lib/python3.8/site-packages/airflow/example_dags/example_params_trigger_ui.py
[2023-11-05T18:38:10.409+0000] {processor.py:839} INFO - DAG(s) dict_keys(['example_params_trigger_ui']) retrieved from /home/airflow/.local/lib/python3.8/site-packages/airflow/example_dags/example_params_trigger_ui.py
[2023-11-05T18:38:10.584+0000] {logging_mixin.py:151} INFO - [2023-11-05T18:38:10.584+0000] {dag.py:2941} INFO - Sync 1 DAGs
[2023-11-05T18:38:10.631+0000] {logging_mixin.py:151} INFO - [2023-11-05T18:38:10.630+0000] {dag.py:3722} INFO - Setting next_dagrun for example_params_trigger_ui to None, run_after=None
[2023-11-05T18:38:10.880+0000] {processor.py:179} INFO - Processing /home/airflow/.local/lib/python3.8/site-packages/airflow/example_dags/example_params_trigger_ui.py took 0.668 seconds
[2023-11-05T18:38:41.209+0000] {processor.py:157} INFO - Started process (PID=338) to work on /home/airflow/.local/lib/python3.8/site-packages/airflow/example_dags/example_params_trigger_ui.py
[2023-11-05T18:38:41.212+0000] {processor.py:829} INFO - Processing file /home/airflow/.local/lib/python3.8/site-packages/airflow/example_dags/example_params_trigger_ui.py for tasks to queue
[2023-11-05T18:38:41.226+0000] {logging_mixin.py:151} INFO - [2023-11-05T18:38:41.226+0000] {dagbag.py:536} INFO - Filling up the DagBag from /home/airflow/.local/lib/python3.8/site-packages/airflow/example_dags/example_params_trigger_ui.py
[2023-11-05T18:38:41.273+0000] {processor.py:839} INFO - DAG(s) dict_keys(['example_params_trigger_ui']) retrieved from /home/airflow/.local/lib/python3.8/site-packages/airflow/example_dags/example_params_trigger_ui.py
[2023-11-05T18:38:41.392+0000] {logging_mixin.py:151} INFO - [2023-11-05T18:38:41.392+0000] {dag.py:2941} INFO - Sync 1 DAGs
[2023-11-05T18:38:41.437+0000] {logging_mixin.py:151} INFO - [2023-11-05T18:38:41.437+0000] {dag.py:3722} INFO - Setting next_dagrun for example_params_trigger_ui to None, run_after=None
[2023-11-05T18:38:41.521+0000] {processor.py:179} INFO - Processing /home/airflow/.local/lib/python3.8/site-packages/airflow/example_dags/example_params_trigger_ui.py took 0.325 seconds
[2023-11-05T18:39:11.659+0000] {processor.py:157} INFO - Started process (PID=392) to work on /home/airflow/.local/lib/python3.8/site-packages/airflow/example_dags/example_params_trigger_ui.py
[2023-11-05T18:39:11.673+0000] {processor.py:829} INFO - Processing file /home/airflow/.local/lib/python3.8/site-packages/airflow/example_dags/example_params_trigger_ui.py for tasks to queue
[2023-11-05T18:39:11.678+0000] {logging_mixin.py:151} INFO - [2023-11-05T18:39:11.677+0000] {dagbag.py:536} INFO - Filling up the DagBag from /home/airflow/.local/lib/python3.8/site-packages/airflow/example_dags/example_params_trigger_ui.py
[2023-11-05T18:39:11.703+0000] {processor.py:839} INFO - DAG(s) dict_keys(['example_params_trigger_ui']) retrieved from /home/airflow/.local/lib/python3.8/site-packages/airflow/example_dags/example_params_trigger_ui.py
[2023-11-05T18:39:11.758+0000] {logging_mixin.py:151} INFO - [2023-11-05T18:39:11.758+0000] {dag.py:2941} INFO - Sync 1 DAGs
[2023-11-05T18:39:11.788+0000] {logging_mixin.py:151} INFO - [2023-11-05T18:39:11.788+0000] {dag.py:3722} INFO - Setting next_dagrun for example_params_trigger_ui to None, run_after=None
[2023-11-05T18:39:11.868+0000] {processor.py:179} INFO - Processing /home/airflow/.local/lib/python3.8/site-packages/airflow/example_dags/example_params_trigger_ui.py took 0.214 seconds
[2023-11-05T18:39:42.591+0000] {processor.py:157} INFO - Started process (PID=446) to work on /home/airflow/.local/lib/python3.8/site-packages/airflow/example_dags/example_params_trigger_ui.py
[2023-11-05T18:39:42.597+0000] {processor.py:829} INFO - Processing file /home/airflow/.local/lib/python3.8/site-packages/airflow/example_dags/example_params_trigger_ui.py for tasks to queue
[2023-11-05T18:39:42.602+0000] {logging_mixin.py:151} INFO - [2023-11-05T18:39:42.601+0000] {dagbag.py:536} INFO - Filling up the DagBag from /home/airflow/.local/lib/python3.8/site-packages/airflow/example_dags/example_params_trigger_ui.py
[2023-11-05T18:39:42.627+0000] {processor.py:839} INFO - DAG(s) dict_keys(['example_params_trigger_ui']) retrieved from /home/airflow/.local/lib/python3.8/site-packages/airflow/example_dags/example_params_trigger_ui.py
[2023-11-05T18:39:42.729+0000] {logging_mixin.py:151} INFO - [2023-11-05T18:39:42.729+0000] {dag.py:2941} INFO - Sync 1 DAGs
[2023-11-05T18:39:42.748+0000] {logging_mixin.py:151} INFO - [2023-11-05T18:39:42.748+0000] {dag.py:3722} INFO - Setting next_dagrun for example_params_trigger_ui to None, run_after=None
[2023-11-05T18:39:42.825+0000] {processor.py:179} INFO - Processing /home/airflow/.local/lib/python3.8/site-packages/airflow/example_dags/example_params_trigger_ui.py took 0.239 seconds
[2023-11-05T18:40:13.494+0000] {processor.py:157} INFO - Started process (PID=500) to work on /home/airflow/.local/lib/python3.8/site-packages/airflow/example_dags/example_params_trigger_ui.py
[2023-11-05T18:40:13.498+0000] {processor.py:829} INFO - Processing file /home/airflow/.local/lib/python3.8/site-packages/airflow/example_dags/example_params_trigger_ui.py for tasks to queue
[2023-11-05T18:40:13.502+0000] {logging_mixin.py:151} INFO - [2023-11-05T18:40:13.502+0000] {dagbag.py:536} INFO - Filling up the DagBag from /home/airflow/.local/lib/python3.8/site-packages/airflow/example_dags/example_params_trigger_ui.py
[2023-11-05T18:40:13.519+0000] {processor.py:839} INFO - DAG(s) dict_keys(['example_params_trigger_ui']) retrieved from /home/airflow/.local/lib/python3.8/site-packages/airflow/example_dags/example_params_trigger_ui.py
[2023-11-05T18:40:13.562+0000] {logging_mixin.py:151} INFO - [2023-11-05T18:40:13.562+0000] {dag.py:2941} INFO - Sync 1 DAGs
[2023-11-05T18:40:13.572+0000] {logging_mixin.py:151} INFO - [2023-11-05T18:40:13.572+0000] {dag.py:3722} INFO - Setting next_dagrun for example_params_trigger_ui to None, run_after=None
[2023-11-05T18:40:13.600+0000] {processor.py:179} INFO - Processing /home/airflow/.local/lib/python3.8/site-packages/airflow/example_dags/example_params_trigger_ui.py took 0.108 seconds
[2023-11-05T18:40:44.513+0000] {processor.py:157} INFO - Started process (PID=554) to work on /home/airflow/.local/lib/python3.8/site-packages/airflow/example_dags/example_params_trigger_ui.py
[2023-11-05T18:40:44.514+0000] {processor.py:829} INFO - Processing file /home/airflow/.local/lib/python3.8/site-packages/airflow/example_dags/example_params_trigger_ui.py for tasks to queue
[2023-11-05T18:40:44.517+0000] {logging_mixin.py:151} INFO - [2023-11-05T18:40:44.517+0000] {dagbag.py:536} INFO - Filling up the DagBag from /home/airflow/.local/lib/python3.8/site-packages/airflow/example_dags/example_params_trigger_ui.py
[2023-11-05T18:40:44.529+0000] {processor.py:839} INFO - DAG(s) dict_keys(['example_params_trigger_ui']) retrieved from /home/airflow/.local/lib/python3.8/site-packages/airflow/example_dags/example_params_trigger_ui.py
[2023-11-05T18:40:44.563+0000] {logging_mixin.py:151} INFO - [2023-11-05T18:40:44.562+0000] {dag.py:2941} INFO - Sync 1 DAGs
[2023-11-05T18:40:44.572+0000] {logging_mixin.py:151} INFO - [2023-11-05T18:40:44.572+0000] {dag.py:3722} INFO - Setting next_dagrun for example_params_trigger_ui to None, run_after=None
[2023-11-05T18:40:44.589+0000] {processor.py:179} INFO - Processing /home/airflow/.local/lib/python3.8/site-packages/airflow/example_dags/example_params_trigger_ui.py took 0.080 seconds
[2023-11-05T18:41:14.744+0000] {processor.py:157} INFO - Started process (PID=608) to work on /home/airflow/.local/lib/python3.8/site-packages/airflow/example_dags/example_params_trigger_ui.py
[2023-11-05T18:41:14.745+0000] {processor.py:829} INFO - Processing file /home/airflow/.local/lib/python3.8/site-packages/airflow/example_dags/example_params_trigger_ui.py for tasks to queue
[2023-11-05T18:41:14.747+0000] {logging_mixin.py:151} INFO - [2023-11-05T18:41:14.747+0000] {dagbag.py:536} INFO - Filling up the DagBag from /home/airflow/.local/lib/python3.8/site-packages/airflow/example_dags/example_params_trigger_ui.py
[2023-11-05T18:41:14.759+0000] {processor.py:839} INFO - DAG(s) dict_keys(['example_params_trigger_ui']) retrieved from /home/airflow/.local/lib/python3.8/site-packages/airflow/example_dags/example_params_trigger_ui.py
[2023-11-05T18:41:14.793+0000] {logging_mixin.py:151} INFO - [2023-11-05T18:41:14.793+0000] {dag.py:2941} INFO - Sync 1 DAGs
[2023-11-05T18:41:14.801+0000] {logging_mixin.py:151} INFO - [2023-11-05T18:41:14.801+0000] {dag.py:3722} INFO - Setting next_dagrun for example_params_trigger_ui to None, run_after=None
[2023-11-05T18:41:14.828+0000] {processor.py:179} INFO - Processing /home/airflow/.local/lib/python3.8/site-packages/airflow/example_dags/example_params_trigger_ui.py took 0.086 seconds
[2023-11-05T18:41:45.132+0000] {processor.py:157} INFO - Started process (PID=661) to work on /home/airflow/.local/lib/python3.8/site-packages/airflow/example_dags/example_params_trigger_ui.py
[2023-11-05T18:41:45.134+0000] {processor.py:829} INFO - Processing file /home/airflow/.local/lib/python3.8/site-packages/airflow/example_dags/example_params_trigger_ui.py for tasks to queue
[2023-11-05T18:41:45.137+0000] {logging_mixin.py:151} INFO - [2023-11-05T18:41:45.137+0000] {dagbag.py:536} INFO - Filling up the DagBag from /home/airflow/.local/lib/python3.8/site-packages/airflow/example_dags/example_params_trigger_ui.py
[2023-11-05T18:41:45.150+0000] {processor.py:839} INFO - DAG(s) dict_keys(['example_params_trigger_ui']) retrieved from /home/airflow/.local/lib/python3.8/site-packages/airflow/example_dags/example_params_trigger_ui.py
[2023-11-05T18:41:45.180+0000] {logging_mixin.py:151} INFO - [2023-11-05T18:41:45.180+0000] {dag.py:2941} INFO - Sync 1 DAGs
[2023-11-05T18:41:45.189+0000] {logging_mixin.py:151} INFO - [2023-11-05T18:41:45.189+0000] {dag.py:3722} INFO - Setting next_dagrun for example_params_trigger_ui to None, run_after=None
[2023-11-05T18:41:45.199+0000] {processor.py:179} INFO - Processing /home/airflow/.local/lib/python3.8/site-packages/airflow/example_dags/example_params_trigger_ui.py took 0.075 seconds
[2023-11-05T18:42:15.905+0000] {processor.py:157} INFO - Started process (PID=715) to work on /home/airflow/.local/lib/python3.8/site-packages/airflow/example_dags/example_params_trigger_ui.py
[2023-11-05T18:42:15.906+0000] {processor.py:829} INFO - Processing file /home/airflow/.local/lib/python3.8/site-packages/airflow/example_dags/example_params_trigger_ui.py for tasks to queue
[2023-11-05T18:42:15.910+0000] {logging_mixin.py:151} INFO - [2023-11-05T18:42:15.910+0000] {dagbag.py:536} INFO - Filling up the DagBag from /home/airflow/.local/lib/python3.8/site-packages/airflow/example_dags/example_params_trigger_ui.py
[2023-11-05T18:42:15.921+0000] {processor.py:839} INFO - DAG(s) dict_keys(['example_params_trigger_ui']) retrieved from /home/airflow/.local/lib/python3.8/site-packages/airflow/example_dags/example_params_trigger_ui.py
[2023-11-05T18:42:15.951+0000] {logging_mixin.py:151} INFO - [2023-11-05T18:42:15.950+0000] {dag.py:2941} INFO - Sync 1 DAGs
[2023-11-05T18:42:15.962+0000] {logging_mixin.py:151} INFO - [2023-11-05T18:42:15.962+0000] {dag.py:3722} INFO - Setting next_dagrun for example_params_trigger_ui to None, run_after=None
[2023-11-05T18:42:15.980+0000] {processor.py:179} INFO - Processing /home/airflow/.local/lib/python3.8/site-packages/airflow/example_dags/example_params_trigger_ui.py took 0.077 seconds
[2023-11-05T18:42:46.801+0000] {processor.py:157} INFO - Started process (PID=769) to work on /home/airflow/.local/lib/python3.8/site-packages/airflow/example_dags/example_params_trigger_ui.py
[2023-11-05T18:42:46.802+0000] {processor.py:829} INFO - Processing file /home/airflow/.local/lib/python3.8/site-packages/airflow/example_dags/example_params_trigger_ui.py for tasks to queue
[2023-11-05T18:42:46.804+0000] {logging_mixin.py:151} INFO - [2023-11-05T18:42:46.804+0000] {dagbag.py:536} INFO - Filling up the DagBag from /home/airflow/.local/lib/python3.8/site-packages/airflow/example_dags/example_params_trigger_ui.py
[2023-11-05T18:42:46.814+0000] {processor.py:839} INFO - DAG(s) dict_keys(['example_params_trigger_ui']) retrieved from /home/airflow/.local/lib/python3.8/site-packages/airflow/example_dags/example_params_trigger_ui.py
[2023-11-05T18:42:46.848+0000] {logging_mixin.py:151} INFO - [2023-11-05T18:42:46.848+0000] {dag.py:2941} INFO - Sync 1 DAGs
[2023-11-05T18:42:46.854+0000] {logging_mixin.py:151} INFO - [2023-11-05T18:42:46.854+0000] {dag.py:3722} INFO - Setting next_dagrun for example_params_trigger_ui to None, run_after=None
[2023-11-05T18:42:46.870+0000] {processor.py:179} INFO - Processing /home/airflow/.local/lib/python3.8/site-packages/airflow/example_dags/example_params_trigger_ui.py took 0.072 seconds
[2023-11-05T18:43:17.275+0000] {processor.py:157} INFO - Started process (PID=823) to work on /home/airflow/.local/lib/python3.8/site-packages/airflow/example_dags/example_params_trigger_ui.py
[2023-11-05T18:43:17.277+0000] {processor.py:829} INFO - Processing file /home/airflow/.local/lib/python3.8/site-packages/airflow/example_dags/example_params_trigger_ui.py for tasks to queue
[2023-11-05T18:43:17.280+0000] {logging_mixin.py:151} INFO - [2023-11-05T18:43:17.279+0000] {dagbag.py:536} INFO - Filling up the DagBag from /home/airflow/.local/lib/python3.8/site-packages/airflow/example_dags/example_params_trigger_ui.py
[2023-11-05T18:43:17.297+0000] {processor.py:839} INFO - DAG(s) dict_keys(['example_params_trigger_ui']) retrieved from /home/airflow/.local/lib/python3.8/site-packages/airflow/example_dags/example_params_trigger_ui.py
[2023-11-05T18:43:17.342+0000] {logging_mixin.py:151} INFO - [2023-11-05T18:43:17.342+0000] {dag.py:2941} INFO - Sync 1 DAGs
[2023-11-05T18:43:17.353+0000] {logging_mixin.py:151} INFO - [2023-11-05T18:43:17.353+0000] {dag.py:3722} INFO - Setting next_dagrun for example_params_trigger_ui to None, run_after=None
[2023-11-05T18:43:17.380+0000] {processor.py:179} INFO - Processing /home/airflow/.local/lib/python3.8/site-packages/airflow/example_dags/example_params_trigger_ui.py took 0.108 seconds
[2023-11-05T18:43:47.862+0000] {processor.py:157} INFO - Started process (PID=877) to work on /home/airflow/.local/lib/python3.8/site-packages/airflow/example_dags/example_params_trigger_ui.py
[2023-11-05T18:43:47.875+0000] {processor.py:829} INFO - Processing file /home/airflow/.local/lib/python3.8/site-packages/airflow/example_dags/example_params_trigger_ui.py for tasks to queue
[2023-11-05T18:43:47.887+0000] {logging_mixin.py:151} INFO - [2023-11-05T18:43:47.886+0000] {dagbag.py:536} INFO - Filling up the DagBag from /home/airflow/.local/lib/python3.8/site-packages/airflow/example_dags/example_params_trigger_ui.py
[2023-11-05T18:43:47.903+0000] {processor.py:839} INFO - DAG(s) dict_keys(['example_params_trigger_ui']) retrieved from /home/airflow/.local/lib/python3.8/site-packages/airflow/example_dags/example_params_trigger_ui.py
[2023-11-05T18:43:47.985+0000] {logging_mixin.py:151} INFO - [2023-11-05T18:43:47.985+0000] {dag.py:2941} INFO - Sync 1 DAGs
[2023-11-05T18:43:47.998+0000] {logging_mixin.py:151} INFO - [2023-11-05T18:43:47.997+0000] {dag.py:3722} INFO - Setting next_dagrun for example_params_trigger_ui to None, run_after=None
[2023-11-05T18:43:48.067+0000] {processor.py:179} INFO - Processing /home/airflow/.local/lib/python3.8/site-packages/airflow/example_dags/example_params_trigger_ui.py took 0.211 seconds
[2023-11-05T18:44:18.440+0000] {processor.py:157} INFO - Started process (PID=931) to work on /home/airflow/.local/lib/python3.8/site-packages/airflow/example_dags/example_params_trigger_ui.py
[2023-11-05T18:44:18.441+0000] {processor.py:829} INFO - Processing file /home/airflow/.local/lib/python3.8/site-packages/airflow/example_dags/example_params_trigger_ui.py for tasks to queue
[2023-11-05T18:44:18.442+0000] {logging_mixin.py:151} INFO - [2023-11-05T18:44:18.442+0000] {dagbag.py:536} INFO - Filling up the DagBag from /home/airflow/.local/lib/python3.8/site-packages/airflow/example_dags/example_params_trigger_ui.py
[2023-11-05T18:44:18.457+0000] {processor.py:839} INFO - DAG(s) dict_keys(['example_params_trigger_ui']) retrieved from /home/airflow/.local/lib/python3.8/site-packages/airflow/example_dags/example_params_trigger_ui.py
[2023-11-05T18:44:18.490+0000] {logging_mixin.py:151} INFO - [2023-11-05T18:44:18.489+0000] {dag.py:2941} INFO - Sync 1 DAGs
[2023-11-05T18:44:18.498+0000] {logging_mixin.py:151} INFO - [2023-11-05T18:44:18.498+0000] {dag.py:3722} INFO - Setting next_dagrun for example_params_trigger_ui to None, run_after=None
[2023-11-05T18:44:18.520+0000] {processor.py:179} INFO - Processing /home/airflow/.local/lib/python3.8/site-packages/airflow/example_dags/example_params_trigger_ui.py took 0.083 seconds
[2023-11-05T18:44:48.637+0000] {processor.py:157} INFO - Started process (PID=985) to work on /home/airflow/.local/lib/python3.8/site-packages/airflow/example_dags/example_params_trigger_ui.py
[2023-11-05T18:44:48.639+0000] {processor.py:829} INFO - Processing file /home/airflow/.local/lib/python3.8/site-packages/airflow/example_dags/example_params_trigger_ui.py for tasks to queue
[2023-11-05T18:44:48.642+0000] {logging_mixin.py:151} INFO - [2023-11-05T18:44:48.642+0000] {dagbag.py:536} INFO - Filling up the DagBag from /home/airflow/.local/lib/python3.8/site-packages/airflow/example_dags/example_params_trigger_ui.py
[2023-11-05T18:44:48.657+0000] {processor.py:839} INFO - DAG(s) dict_keys(['example_params_trigger_ui']) retrieved from /home/airflow/.local/lib/python3.8/site-packages/airflow/example_dags/example_params_trigger_ui.py
[2023-11-05T18:44:48.696+0000] {logging_mixin.py:151} INFO - [2023-11-05T18:44:48.695+0000] {dag.py:2941} INFO - Sync 1 DAGs
[2023-11-05T18:44:48.714+0000] {logging_mixin.py:151} INFO - [2023-11-05T18:44:48.713+0000] {dag.py:3722} INFO - Setting next_dagrun for example_params_trigger_ui to None, run_after=None
[2023-11-05T18:44:48.748+0000] {processor.py:179} INFO - Processing /home/airflow/.local/lib/python3.8/site-packages/airflow/example_dags/example_params_trigger_ui.py took 0.113 seconds
[2023-11-05T18:46:12.732+0000] {processor.py:157} INFO - Started process (PID=63) to work on /home/airflow/.local/lib/python3.8/site-packages/airflow/example_dags/example_params_trigger_ui.py
[2023-11-05T18:46:12.734+0000] {processor.py:829} INFO - Processing file /home/airflow/.local/lib/python3.8/site-packages/airflow/example_dags/example_params_trigger_ui.py for tasks to queue
[2023-11-05T18:46:12.736+0000] {logging_mixin.py:151} INFO - [2023-11-05T18:46:12.736+0000] {dagbag.py:536} INFO - Filling up the DagBag from /home/airflow/.local/lib/python3.8/site-packages/airflow/example_dags/example_params_trigger_ui.py
[2023-11-05T18:46:12.800+0000] {processor.py:839} INFO - DAG(s) dict_keys(['example_params_trigger_ui']) retrieved from /home/airflow/.local/lib/python3.8/site-packages/airflow/example_dags/example_params_trigger_ui.py
[2023-11-05T18:46:12.859+0000] {logging_mixin.py:151} INFO - [2023-11-05T18:46:12.859+0000] {dag.py:2941} INFO - Sync 1 DAGs
[2023-11-05T18:46:12.888+0000] {logging_mixin.py:151} INFO - [2023-11-05T18:46:12.888+0000] {dag.py:3722} INFO - Setting next_dagrun for example_params_trigger_ui to None, run_after=None
[2023-11-05T18:46:13.038+0000] {processor.py:179} INFO - Processing /home/airflow/.local/lib/python3.8/site-packages/airflow/example_dags/example_params_trigger_ui.py took 0.313 seconds
[2023-11-05T18:46:43.927+0000] {processor.py:157} INFO - Started process (PID=117) to work on /home/airflow/.local/lib/python3.8/site-packages/airflow/example_dags/example_params_trigger_ui.py
[2023-11-05T18:46:43.929+0000] {processor.py:829} INFO - Processing file /home/airflow/.local/lib/python3.8/site-packages/airflow/example_dags/example_params_trigger_ui.py for tasks to queue
[2023-11-05T18:46:43.934+0000] {logging_mixin.py:151} INFO - [2023-11-05T18:46:43.934+0000] {dagbag.py:536} INFO - Filling up the DagBag from /home/airflow/.local/lib/python3.8/site-packages/airflow/example_dags/example_params_trigger_ui.py
[2023-11-05T18:46:43.945+0000] {processor.py:839} INFO - DAG(s) dict_keys(['example_params_trigger_ui']) retrieved from /home/airflow/.local/lib/python3.8/site-packages/airflow/example_dags/example_params_trigger_ui.py
[2023-11-05T18:46:43.973+0000] {logging_mixin.py:151} INFO - [2023-11-05T18:46:43.973+0000] {dag.py:2941} INFO - Sync 1 DAGs
[2023-11-05T18:46:43.982+0000] {logging_mixin.py:151} INFO - [2023-11-05T18:46:43.982+0000] {dag.py:3722} INFO - Setting next_dagrun for example_params_trigger_ui to None, run_after=None
[2023-11-05T18:46:44.000+0000] {processor.py:179} INFO - Processing /home/airflow/.local/lib/python3.8/site-packages/airflow/example_dags/example_params_trigger_ui.py took 0.077 seconds
[2023-11-05T18:47:14.116+0000] {processor.py:157} INFO - Started process (PID=171) to work on /home/airflow/.local/lib/python3.8/site-packages/airflow/example_dags/example_params_trigger_ui.py
[2023-11-05T18:47:14.125+0000] {processor.py:829} INFO - Processing file /home/airflow/.local/lib/python3.8/site-packages/airflow/example_dags/example_params_trigger_ui.py for tasks to queue
[2023-11-05T18:47:14.130+0000] {logging_mixin.py:151} INFO - [2023-11-05T18:47:14.129+0000] {dagbag.py:536} INFO - Filling up the DagBag from /home/airflow/.local/lib/python3.8/site-packages/airflow/example_dags/example_params_trigger_ui.py
[2023-11-05T18:47:14.152+0000] {processor.py:839} INFO - DAG(s) dict_keys(['example_params_trigger_ui']) retrieved from /home/airflow/.local/lib/python3.8/site-packages/airflow/example_dags/example_params_trigger_ui.py
[2023-11-05T18:47:14.205+0000] {logging_mixin.py:151} INFO - [2023-11-05T18:47:14.205+0000] {dag.py:2941} INFO - Sync 1 DAGs
[2023-11-05T18:47:14.217+0000] {logging_mixin.py:151} INFO - [2023-11-05T18:47:14.217+0000] {dag.py:3722} INFO - Setting next_dagrun for example_params_trigger_ui to None, run_after=None
[2023-11-05T18:47:14.295+0000] {processor.py:179} INFO - Processing /home/airflow/.local/lib/python3.8/site-packages/airflow/example_dags/example_params_trigger_ui.py took 0.184 seconds
[2023-11-05T18:47:44.536+0000] {processor.py:157} INFO - Started process (PID=224) to work on /home/airflow/.local/lib/python3.8/site-packages/airflow/example_dags/example_params_trigger_ui.py
[2023-11-05T18:47:44.539+0000] {processor.py:829} INFO - Processing file /home/airflow/.local/lib/python3.8/site-packages/airflow/example_dags/example_params_trigger_ui.py for tasks to queue
[2023-11-05T18:47:44.547+0000] {logging_mixin.py:151} INFO - [2023-11-05T18:47:44.547+0000] {dagbag.py:536} INFO - Filling up the DagBag from /home/airflow/.local/lib/python3.8/site-packages/airflow/example_dags/example_params_trigger_ui.py
[2023-11-05T18:47:44.579+0000] {processor.py:839} INFO - DAG(s) dict_keys(['example_params_trigger_ui']) retrieved from /home/airflow/.local/lib/python3.8/site-packages/airflow/example_dags/example_params_trigger_ui.py
[2023-11-05T18:47:44.643+0000] {logging_mixin.py:151} INFO - [2023-11-05T18:47:44.643+0000] {dag.py:2941} INFO - Sync 1 DAGs
[2023-11-05T18:47:44.664+0000] {logging_mixin.py:151} INFO - [2023-11-05T18:47:44.663+0000] {dag.py:3722} INFO - Setting next_dagrun for example_params_trigger_ui to None, run_after=None
[2023-11-05T18:47:44.715+0000] {processor.py:179} INFO - Processing /home/airflow/.local/lib/python3.8/site-packages/airflow/example_dags/example_params_trigger_ui.py took 0.184 seconds
[2023-11-05T18:48:15.412+0000] {processor.py:157} INFO - Started process (PID=279) to work on /home/airflow/.local/lib/python3.8/site-packages/airflow/example_dags/example_params_trigger_ui.py
[2023-11-05T18:48:15.416+0000] {processor.py:829} INFO - Processing file /home/airflow/.local/lib/python3.8/site-packages/airflow/example_dags/example_params_trigger_ui.py for tasks to queue
[2023-11-05T18:48:15.420+0000] {logging_mixin.py:151} INFO - [2023-11-05T18:48:15.420+0000] {dagbag.py:536} INFO - Filling up the DagBag from /home/airflow/.local/lib/python3.8/site-packages/airflow/example_dags/example_params_trigger_ui.py
[2023-11-05T18:48:15.437+0000] {processor.py:839} INFO - DAG(s) dict_keys(['example_params_trigger_ui']) retrieved from /home/airflow/.local/lib/python3.8/site-packages/airflow/example_dags/example_params_trigger_ui.py
[2023-11-05T18:48:15.504+0000] {logging_mixin.py:151} INFO - [2023-11-05T18:48:15.503+0000] {dag.py:2941} INFO - Sync 1 DAGs
[2023-11-05T18:48:15.529+0000] {logging_mixin.py:151} INFO - [2023-11-05T18:48:15.529+0000] {dag.py:3722} INFO - Setting next_dagrun for example_params_trigger_ui to None, run_after=None
[2023-11-05T18:48:15.577+0000] {processor.py:179} INFO - Processing /home/airflow/.local/lib/python3.8/site-packages/airflow/example_dags/example_params_trigger_ui.py took 0.170 seconds
[2023-11-05T18:48:46.168+0000] {processor.py:157} INFO - Started process (PID=333) to work on /home/airflow/.local/lib/python3.8/site-packages/airflow/example_dags/example_params_trigger_ui.py
[2023-11-05T18:48:46.174+0000] {processor.py:829} INFO - Processing file /home/airflow/.local/lib/python3.8/site-packages/airflow/example_dags/example_params_trigger_ui.py for tasks to queue
[2023-11-05T18:48:46.179+0000] {logging_mixin.py:151} INFO - [2023-11-05T18:48:46.179+0000] {dagbag.py:536} INFO - Filling up the DagBag from /home/airflow/.local/lib/python3.8/site-packages/airflow/example_dags/example_params_trigger_ui.py
[2023-11-05T18:48:46.197+0000] {processor.py:839} INFO - DAG(s) dict_keys(['example_params_trigger_ui']) retrieved from /home/airflow/.local/lib/python3.8/site-packages/airflow/example_dags/example_params_trigger_ui.py
[2023-11-05T18:48:46.293+0000] {logging_mixin.py:151} INFO - [2023-11-05T18:48:46.292+0000] {dag.py:2941} INFO - Sync 1 DAGs
[2023-11-05T18:48:46.318+0000] {logging_mixin.py:151} INFO - [2023-11-05T18:48:46.317+0000] {dag.py:3722} INFO - Setting next_dagrun for example_params_trigger_ui to None, run_after=None
[2023-11-05T18:48:46.393+0000] {processor.py:179} INFO - Processing /home/airflow/.local/lib/python3.8/site-packages/airflow/example_dags/example_params_trigger_ui.py took 0.230 seconds
[2023-11-05T18:53:31.976+0000] {processor.py:157} INFO - Started process (PID=387) to work on /home/airflow/.local/lib/python3.8/site-packages/airflow/example_dags/example_params_trigger_ui.py
[2023-11-05T18:53:31.978+0000] {processor.py:829} INFO - Processing file /home/airflow/.local/lib/python3.8/site-packages/airflow/example_dags/example_params_trigger_ui.py for tasks to queue
[2023-11-05T18:53:31.981+0000] {logging_mixin.py:151} INFO - [2023-11-05T18:53:31.981+0000] {dagbag.py:536} INFO - Filling up the DagBag from /home/airflow/.local/lib/python3.8/site-packages/airflow/example_dags/example_params_trigger_ui.py
[2023-11-05T18:53:31.997+0000] {processor.py:839} INFO - DAG(s) dict_keys(['example_params_trigger_ui']) retrieved from /home/airflow/.local/lib/python3.8/site-packages/airflow/example_dags/example_params_trigger_ui.py
[2023-11-05T18:53:32.030+0000] {logging_mixin.py:151} INFO - [2023-11-05T18:53:32.030+0000] {dag.py:2941} INFO - Sync 1 DAGs
[2023-11-05T18:53:32.042+0000] {logging_mixin.py:151} INFO - [2023-11-05T18:53:32.041+0000] {dag.py:3722} INFO - Setting next_dagrun for example_params_trigger_ui to None, run_after=None
[2023-11-05T18:53:32.063+0000] {processor.py:179} INFO - Processing /home/airflow/.local/lib/python3.8/site-packages/airflow/example_dags/example_params_trigger_ui.py took 0.090 seconds
[2023-11-05T18:54:05.410+0000] {processor.py:157} INFO - Started process (PID=441) to work on /home/airflow/.local/lib/python3.8/site-packages/airflow/example_dags/example_params_trigger_ui.py
[2023-11-05T18:54:05.419+0000] {processor.py:829} INFO - Processing file /home/airflow/.local/lib/python3.8/site-packages/airflow/example_dags/example_params_trigger_ui.py for tasks to queue
[2023-11-05T18:54:05.428+0000] {logging_mixin.py:151} INFO - [2023-11-05T18:54:05.428+0000] {dagbag.py:536} INFO - Filling up the DagBag from /home/airflow/.local/lib/python3.8/site-packages/airflow/example_dags/example_params_trigger_ui.py
[2023-11-05T18:54:05.452+0000] {processor.py:839} INFO - DAG(s) dict_keys(['example_params_trigger_ui']) retrieved from /home/airflow/.local/lib/python3.8/site-packages/airflow/example_dags/example_params_trigger_ui.py
[2023-11-05T18:54:05.567+0000] {logging_mixin.py:151} INFO - [2023-11-05T18:54:05.567+0000] {dag.py:2941} INFO - Sync 1 DAGs
[2023-11-05T18:54:05.601+0000] {logging_mixin.py:151} INFO - [2023-11-05T18:54:05.600+0000] {dag.py:3722} INFO - Setting next_dagrun for example_params_trigger_ui to None, run_after=None
[2023-11-05T18:54:05.694+0000] {processor.py:179} INFO - Processing /home/airflow/.local/lib/python3.8/site-packages/airflow/example_dags/example_params_trigger_ui.py took 0.291 seconds
[2023-11-05T18:54:35.973+0000] {processor.py:157} INFO - Started process (PID=495) to work on /home/airflow/.local/lib/python3.8/site-packages/airflow/example_dags/example_params_trigger_ui.py
[2023-11-05T18:54:35.975+0000] {processor.py:829} INFO - Processing file /home/airflow/.local/lib/python3.8/site-packages/airflow/example_dags/example_params_trigger_ui.py for tasks to queue
[2023-11-05T18:54:35.977+0000] {logging_mixin.py:151} INFO - [2023-11-05T18:54:35.976+0000] {dagbag.py:536} INFO - Filling up the DagBag from /home/airflow/.local/lib/python3.8/site-packages/airflow/example_dags/example_params_trigger_ui.py
[2023-11-05T18:54:35.988+0000] {processor.py:839} INFO - DAG(s) dict_keys(['example_params_trigger_ui']) retrieved from /home/airflow/.local/lib/python3.8/site-packages/airflow/example_dags/example_params_trigger_ui.py
[2023-11-05T18:54:36.021+0000] {logging_mixin.py:151} INFO - [2023-11-05T18:54:36.020+0000] {dag.py:2941} INFO - Sync 1 DAGs
[2023-11-05T18:54:36.030+0000] {logging_mixin.py:151} INFO - [2023-11-05T18:54:36.030+0000] {dag.py:3722} INFO - Setting next_dagrun for example_params_trigger_ui to None, run_after=None
[2023-11-05T18:54:36.049+0000] {processor.py:179} INFO - Processing /home/airflow/.local/lib/python3.8/site-packages/airflow/example_dags/example_params_trigger_ui.py took 0.078 seconds
