[2023-11-05T18:36:02.470+0000] {processor.py:157} INFO - Started process (PID=50) to work on /home/airflow/.local/lib/python3.8/site-packages/airflow/example_dags/example_branch_python_dop_operator_3.py
[2023-11-05T18:36:02.486+0000] {processor.py:829} INFO - Processing file /home/airflow/.local/lib/python3.8/site-packages/airflow/example_dags/example_branch_python_dop_operator_3.py for tasks to queue
[2023-11-05T18:36:02.497+0000] {logging_mixin.py:151} INFO - [2023-11-05T18:36:02.497+0000] {dagbag.py:536} INFO - Filling up the DagBag from /home/airflow/.local/lib/python3.8/site-packages/airflow/example_dags/example_branch_python_dop_operator_3.py
[2023-11-05T18:36:02.519+0000] {processor.py:839} INFO - DAG(s) dict_keys(['example_branch_dop_operator_v3']) retrieved from /home/airflow/.local/lib/python3.8/site-packages/airflow/example_dags/example_branch_python_dop_operator_3.py
[2023-11-05T18:36:02.669+0000] {logging_mixin.py:151} INFO - [2023-11-05T18:36:02.669+0000] {dag.py:2941} INFO - Sync 1 DAGs
[2023-11-05T18:36:02.738+0000] {logging_mixin.py:151} INFO - [2023-11-05T18:36:02.738+0000] {dag.py:3722} INFO - Setting next_dagrun for example_branch_dop_operator_v3 to 2023-11-05T18:35:00+00:00, run_after=2023-11-05T18:36:00+00:00
[2023-11-05T18:36:02.889+0000] {processor.py:179} INFO - Processing /home/airflow/.local/lib/python3.8/site-packages/airflow/example_dags/example_branch_python_dop_operator_3.py took 0.426 seconds
[2023-11-05T18:36:32.974+0000] {processor.py:157} INFO - Started process (PID=104) to work on /home/airflow/.local/lib/python3.8/site-packages/airflow/example_dags/example_branch_python_dop_operator_3.py
[2023-11-05T18:36:32.991+0000] {processor.py:829} INFO - Processing file /home/airflow/.local/lib/python3.8/site-packages/airflow/example_dags/example_branch_python_dop_operator_3.py for tasks to queue
[2023-11-05T18:36:32.996+0000] {logging_mixin.py:151} INFO - [2023-11-05T18:36:32.996+0000] {dagbag.py:536} INFO - Filling up the DagBag from /home/airflow/.local/lib/python3.8/site-packages/airflow/example_dags/example_branch_python_dop_operator_3.py
[2023-11-05T18:36:33.005+0000] {processor.py:839} INFO - DAG(s) dict_keys(['example_branch_dop_operator_v3']) retrieved from /home/airflow/.local/lib/python3.8/site-packages/airflow/example_dags/example_branch_python_dop_operator_3.py
[2023-11-05T18:36:33.058+0000] {logging_mixin.py:151} INFO - [2023-11-05T18:36:33.058+0000] {dag.py:2941} INFO - Sync 1 DAGs
[2023-11-05T18:36:33.101+0000] {logging_mixin.py:151} INFO - [2023-11-05T18:36:33.101+0000] {dag.py:3722} INFO - Setting next_dagrun for example_branch_dop_operator_v3 to 2023-11-05T18:35:00+00:00, run_after=2023-11-05T18:36:00+00:00
[2023-11-05T18:36:33.122+0000] {processor.py:179} INFO - Processing /home/airflow/.local/lib/python3.8/site-packages/airflow/example_dags/example_branch_python_dop_operator_3.py took 0.151 seconds
[2023-11-05T18:37:03.539+0000] {processor.py:157} INFO - Started process (PID=157) to work on /home/airflow/.local/lib/python3.8/site-packages/airflow/example_dags/example_branch_python_dop_operator_3.py
[2023-11-05T18:37:03.552+0000] {processor.py:829} INFO - Processing file /home/airflow/.local/lib/python3.8/site-packages/airflow/example_dags/example_branch_python_dop_operator_3.py for tasks to queue
[2023-11-05T18:37:03.556+0000] {logging_mixin.py:151} INFO - [2023-11-05T18:37:03.556+0000] {dagbag.py:536} INFO - Filling up the DagBag from /home/airflow/.local/lib/python3.8/site-packages/airflow/example_dags/example_branch_python_dop_operator_3.py
[2023-11-05T18:37:03.564+0000] {processor.py:839} INFO - DAG(s) dict_keys(['example_branch_dop_operator_v3']) retrieved from /home/airflow/.local/lib/python3.8/site-packages/airflow/example_dags/example_branch_python_dop_operator_3.py
[2023-11-05T18:37:03.625+0000] {logging_mixin.py:151} INFO - [2023-11-05T18:37:03.625+0000] {dag.py:2941} INFO - Sync 1 DAGs
[2023-11-05T18:37:03.667+0000] {logging_mixin.py:151} INFO - [2023-11-05T18:37:03.667+0000] {dag.py:3722} INFO - Setting next_dagrun for example_branch_dop_operator_v3 to 2023-11-05T18:36:00+00:00, run_after=2023-11-05T18:37:00+00:00
[2023-11-05T18:37:03.722+0000] {processor.py:179} INFO - Processing /home/airflow/.local/lib/python3.8/site-packages/airflow/example_dags/example_branch_python_dop_operator_3.py took 0.195 seconds
[2023-11-05T18:37:34.003+0000] {processor.py:157} INFO - Started process (PID=211) to work on /home/airflow/.local/lib/python3.8/site-packages/airflow/example_dags/example_branch_python_dop_operator_3.py
[2023-11-05T18:37:34.010+0000] {processor.py:829} INFO - Processing file /home/airflow/.local/lib/python3.8/site-packages/airflow/example_dags/example_branch_python_dop_operator_3.py for tasks to queue
[2023-11-05T18:37:34.021+0000] {logging_mixin.py:151} INFO - [2023-11-05T18:37:34.021+0000] {dagbag.py:536} INFO - Filling up the DagBag from /home/airflow/.local/lib/python3.8/site-packages/airflow/example_dags/example_branch_python_dop_operator_3.py
[2023-11-05T18:37:34.036+0000] {processor.py:839} INFO - DAG(s) dict_keys(['example_branch_dop_operator_v3']) retrieved from /home/airflow/.local/lib/python3.8/site-packages/airflow/example_dags/example_branch_python_dop_operator_3.py
[2023-11-05T18:37:34.101+0000] {logging_mixin.py:151} INFO - [2023-11-05T18:37:34.101+0000] {dag.py:2941} INFO - Sync 1 DAGs
[2023-11-05T18:37:34.143+0000] {logging_mixin.py:151} INFO - [2023-11-05T18:37:34.142+0000] {dag.py:3722} INFO - Setting next_dagrun for example_branch_dop_operator_v3 to 2023-11-05T18:36:00+00:00, run_after=2023-11-05T18:37:00+00:00
[2023-11-05T18:37:34.203+0000] {processor.py:179} INFO - Processing /home/airflow/.local/lib/python3.8/site-packages/airflow/example_dags/example_branch_python_dop_operator_3.py took 0.203 seconds
[2023-11-05T18:38:04.860+0000] {processor.py:157} INFO - Started process (PID=265) to work on /home/airflow/.local/lib/python3.8/site-packages/airflow/example_dags/example_branch_python_dop_operator_3.py
[2023-11-05T18:38:04.861+0000] {processor.py:829} INFO - Processing file /home/airflow/.local/lib/python3.8/site-packages/airflow/example_dags/example_branch_python_dop_operator_3.py for tasks to queue
[2023-11-05T18:38:04.872+0000] {logging_mixin.py:151} INFO - [2023-11-05T18:38:04.872+0000] {dagbag.py:536} INFO - Filling up the DagBag from /home/airflow/.local/lib/python3.8/site-packages/airflow/example_dags/example_branch_python_dop_operator_3.py
[2023-11-05T18:38:04.915+0000] {processor.py:839} INFO - DAG(s) dict_keys(['example_branch_dop_operator_v3']) retrieved from /home/airflow/.local/lib/python3.8/site-packages/airflow/example_dags/example_branch_python_dop_operator_3.py
[2023-11-05T18:38:05.058+0000] {logging_mixin.py:151} INFO - [2023-11-05T18:38:05.058+0000] {dag.py:2941} INFO - Sync 1 DAGs
[2023-11-05T18:38:05.083+0000] {logging_mixin.py:151} INFO - [2023-11-05T18:38:05.083+0000] {dag.py:3722} INFO - Setting next_dagrun for example_branch_dop_operator_v3 to 2023-11-05T18:37:00+00:00, run_after=2023-11-05T18:38:00+00:00
[2023-11-05T18:38:05.128+0000] {processor.py:179} INFO - Processing /home/airflow/.local/lib/python3.8/site-packages/airflow/example_dags/example_branch_python_dop_operator_3.py took 0.273 seconds
[2023-11-05T18:38:36.722+0000] {processor.py:157} INFO - Started process (PID=318) to work on /home/airflow/.local/lib/python3.8/site-packages/airflow/example_dags/example_branch_python_dop_operator_3.py
[2023-11-05T18:38:36.728+0000] {processor.py:829} INFO - Processing file /home/airflow/.local/lib/python3.8/site-packages/airflow/example_dags/example_branch_python_dop_operator_3.py for tasks to queue
[2023-11-05T18:38:36.748+0000] {logging_mixin.py:151} INFO - [2023-11-05T18:38:36.748+0000] {dagbag.py:536} INFO - Filling up the DagBag from /home/airflow/.local/lib/python3.8/site-packages/airflow/example_dags/example_branch_python_dop_operator_3.py
[2023-11-05T18:38:36.819+0000] {processor.py:839} INFO - DAG(s) dict_keys(['example_branch_dop_operator_v3']) retrieved from /home/airflow/.local/lib/python3.8/site-packages/airflow/example_dags/example_branch_python_dop_operator_3.py
[2023-11-05T18:38:37.046+0000] {logging_mixin.py:151} INFO - [2023-11-05T18:38:37.046+0000] {dag.py:2941} INFO - Sync 1 DAGs
[2023-11-05T18:38:37.114+0000] {logging_mixin.py:151} INFO - [2023-11-05T18:38:37.114+0000] {dag.py:3722} INFO - Setting next_dagrun for example_branch_dop_operator_v3 to 2023-11-05T18:37:00+00:00, run_after=2023-11-05T18:38:00+00:00
[2023-11-05T18:38:37.262+0000] {processor.py:179} INFO - Processing /home/airflow/.local/lib/python3.8/site-packages/airflow/example_dags/example_branch_python_dop_operator_3.py took 0.544 seconds
[2023-11-05T18:39:07.432+0000] {processor.py:157} INFO - Started process (PID=372) to work on /home/airflow/.local/lib/python3.8/site-packages/airflow/example_dags/example_branch_python_dop_operator_3.py
[2023-11-05T18:39:07.437+0000] {processor.py:829} INFO - Processing file /home/airflow/.local/lib/python3.8/site-packages/airflow/example_dags/example_branch_python_dop_operator_3.py for tasks to queue
[2023-11-05T18:39:07.449+0000] {logging_mixin.py:151} INFO - [2023-11-05T18:39:07.448+0000] {dagbag.py:536} INFO - Filling up the DagBag from /home/airflow/.local/lib/python3.8/site-packages/airflow/example_dags/example_branch_python_dop_operator_3.py
[2023-11-05T18:39:07.466+0000] {processor.py:839} INFO - DAG(s) dict_keys(['example_branch_dop_operator_v3']) retrieved from /home/airflow/.local/lib/python3.8/site-packages/airflow/example_dags/example_branch_python_dop_operator_3.py
[2023-11-05T18:39:07.519+0000] {logging_mixin.py:151} INFO - [2023-11-05T18:39:07.518+0000] {dag.py:2941} INFO - Sync 1 DAGs
[2023-11-05T18:39:07.561+0000] {logging_mixin.py:151} INFO - [2023-11-05T18:39:07.561+0000] {dag.py:3722} INFO - Setting next_dagrun for example_branch_dop_operator_v3 to 2023-11-05T18:38:00+00:00, run_after=2023-11-05T18:39:00+00:00
[2023-11-05T18:39:07.616+0000] {processor.py:179} INFO - Processing /home/airflow/.local/lib/python3.8/site-packages/airflow/example_dags/example_branch_python_dop_operator_3.py took 0.188 seconds
[2023-11-05T18:39:37.981+0000] {processor.py:157} INFO - Started process (PID=426) to work on /home/airflow/.local/lib/python3.8/site-packages/airflow/example_dags/example_branch_python_dop_operator_3.py
[2023-11-05T18:39:37.991+0000] {processor.py:829} INFO - Processing file /home/airflow/.local/lib/python3.8/site-packages/airflow/example_dags/example_branch_python_dop_operator_3.py for tasks to queue
[2023-11-05T18:39:37.995+0000] {logging_mixin.py:151} INFO - [2023-11-05T18:39:37.995+0000] {dagbag.py:536} INFO - Filling up the DagBag from /home/airflow/.local/lib/python3.8/site-packages/airflow/example_dags/example_branch_python_dop_operator_3.py
[2023-11-05T18:39:38.006+0000] {processor.py:839} INFO - DAG(s) dict_keys(['example_branch_dop_operator_v3']) retrieved from /home/airflow/.local/lib/python3.8/site-packages/airflow/example_dags/example_branch_python_dop_operator_3.py
[2023-11-05T18:39:38.063+0000] {logging_mixin.py:151} INFO - [2023-11-05T18:39:38.062+0000] {dag.py:2941} INFO - Sync 1 DAGs
[2023-11-05T18:39:38.106+0000] {logging_mixin.py:151} INFO - [2023-11-05T18:39:38.106+0000] {dag.py:3722} INFO - Setting next_dagrun for example_branch_dop_operator_v3 to 2023-11-05T18:38:00+00:00, run_after=2023-11-05T18:39:00+00:00
[2023-11-05T18:39:38.150+0000] {processor.py:179} INFO - Processing /home/airflow/.local/lib/python3.8/site-packages/airflow/example_dags/example_branch_python_dop_operator_3.py took 0.179 seconds
[2023-11-05T18:40:08.772+0000] {processor.py:157} INFO - Started process (PID=480) to work on /home/airflow/.local/lib/python3.8/site-packages/airflow/example_dags/example_branch_python_dop_operator_3.py
[2023-11-05T18:40:08.774+0000] {processor.py:829} INFO - Processing file /home/airflow/.local/lib/python3.8/site-packages/airflow/example_dags/example_branch_python_dop_operator_3.py for tasks to queue
[2023-11-05T18:40:08.778+0000] {logging_mixin.py:151} INFO - [2023-11-05T18:40:08.777+0000] {dagbag.py:536} INFO - Filling up the DagBag from /home/airflow/.local/lib/python3.8/site-packages/airflow/example_dags/example_branch_python_dop_operator_3.py
[2023-11-05T18:40:08.787+0000] {processor.py:839} INFO - DAG(s) dict_keys(['example_branch_dop_operator_v3']) retrieved from /home/airflow/.local/lib/python3.8/site-packages/airflow/example_dags/example_branch_python_dop_operator_3.py
[2023-11-05T18:40:08.811+0000] {logging_mixin.py:151} INFO - [2023-11-05T18:40:08.810+0000] {dag.py:2941} INFO - Sync 1 DAGs
[2023-11-05T18:40:08.832+0000] {logging_mixin.py:151} INFO - [2023-11-05T18:40:08.831+0000] {dag.py:3722} INFO - Setting next_dagrun for example_branch_dop_operator_v3 to 2023-11-05T18:39:00+00:00, run_after=2023-11-05T18:40:00+00:00
[2023-11-05T18:40:08.850+0000] {processor.py:179} INFO - Processing /home/airflow/.local/lib/python3.8/site-packages/airflow/example_dags/example_branch_python_dop_operator_3.py took 0.081 seconds
[2023-11-05T18:40:39.403+0000] {processor.py:157} INFO - Started process (PID=534) to work on /home/airflow/.local/lib/python3.8/site-packages/airflow/example_dags/example_branch_python_dop_operator_3.py
[2023-11-05T18:40:39.404+0000] {processor.py:829} INFO - Processing file /home/airflow/.local/lib/python3.8/site-packages/airflow/example_dags/example_branch_python_dop_operator_3.py for tasks to queue
[2023-11-05T18:40:39.407+0000] {logging_mixin.py:151} INFO - [2023-11-05T18:40:39.406+0000] {dagbag.py:536} INFO - Filling up the DagBag from /home/airflow/.local/lib/python3.8/site-packages/airflow/example_dags/example_branch_python_dop_operator_3.py
[2023-11-05T18:40:39.417+0000] {processor.py:839} INFO - DAG(s) dict_keys(['example_branch_dop_operator_v3']) retrieved from /home/airflow/.local/lib/python3.8/site-packages/airflow/example_dags/example_branch_python_dop_operator_3.py
[2023-11-05T18:40:39.439+0000] {logging_mixin.py:151} INFO - [2023-11-05T18:40:39.439+0000] {dag.py:2941} INFO - Sync 1 DAGs
[2023-11-05T18:40:39.462+0000] {logging_mixin.py:151} INFO - [2023-11-05T18:40:39.462+0000] {dag.py:3722} INFO - Setting next_dagrun for example_branch_dop_operator_v3 to 2023-11-05T18:39:00+00:00, run_after=2023-11-05T18:40:00+00:00
[2023-11-05T18:40:39.484+0000] {processor.py:179} INFO - Processing /home/airflow/.local/lib/python3.8/site-packages/airflow/example_dags/example_branch_python_dop_operator_3.py took 0.083 seconds
[2023-11-05T18:41:09.953+0000] {processor.py:157} INFO - Started process (PID=588) to work on /home/airflow/.local/lib/python3.8/site-packages/airflow/example_dags/example_branch_python_dop_operator_3.py
[2023-11-05T18:41:09.956+0000] {processor.py:829} INFO - Processing file /home/airflow/.local/lib/python3.8/site-packages/airflow/example_dags/example_branch_python_dop_operator_3.py for tasks to queue
[2023-11-05T18:41:09.961+0000] {logging_mixin.py:151} INFO - [2023-11-05T18:41:09.961+0000] {dagbag.py:536} INFO - Filling up the DagBag from /home/airflow/.local/lib/python3.8/site-packages/airflow/example_dags/example_branch_python_dop_operator_3.py
[2023-11-05T18:41:09.973+0000] {processor.py:839} INFO - DAG(s) dict_keys(['example_branch_dop_operator_v3']) retrieved from /home/airflow/.local/lib/python3.8/site-packages/airflow/example_dags/example_branch_python_dop_operator_3.py
[2023-11-05T18:41:09.992+0000] {logging_mixin.py:151} INFO - [2023-11-05T18:41:09.992+0000] {dag.py:2941} INFO - Sync 1 DAGs
[2023-11-05T18:41:10.020+0000] {logging_mixin.py:151} INFO - [2023-11-05T18:41:10.020+0000] {dag.py:3722} INFO - Setting next_dagrun for example_branch_dop_operator_v3 to 2023-11-05T18:40:00+00:00, run_after=2023-11-05T18:41:00+00:00
[2023-11-05T18:41:10.063+0000] {processor.py:179} INFO - Processing /home/airflow/.local/lib/python3.8/site-packages/airflow/example_dags/example_branch_python_dop_operator_3.py took 0.113 seconds
[2023-11-05T18:41:40.303+0000] {processor.py:157} INFO - Started process (PID=642) to work on /home/airflow/.local/lib/python3.8/site-packages/airflow/example_dags/example_branch_python_dop_operator_3.py
[2023-11-05T18:41:40.305+0000] {processor.py:829} INFO - Processing file /home/airflow/.local/lib/python3.8/site-packages/airflow/example_dags/example_branch_python_dop_operator_3.py for tasks to queue
[2023-11-05T18:41:40.313+0000] {logging_mixin.py:151} INFO - [2023-11-05T18:41:40.313+0000] {dagbag.py:536} INFO - Filling up the DagBag from /home/airflow/.local/lib/python3.8/site-packages/airflow/example_dags/example_branch_python_dop_operator_3.py
[2023-11-05T18:41:40.322+0000] {processor.py:839} INFO - DAG(s) dict_keys(['example_branch_dop_operator_v3']) retrieved from /home/airflow/.local/lib/python3.8/site-packages/airflow/example_dags/example_branch_python_dop_operator_3.py
[2023-11-05T18:41:40.408+0000] {logging_mixin.py:151} INFO - [2023-11-05T18:41:40.408+0000] {dag.py:2941} INFO - Sync 1 DAGs
[2023-11-05T18:41:40.447+0000] {logging_mixin.py:151} INFO - [2023-11-05T18:41:40.447+0000] {dag.py:3722} INFO - Setting next_dagrun for example_branch_dop_operator_v3 to 2023-11-05T18:40:00+00:00, run_after=2023-11-05T18:41:00+00:00
[2023-11-05T18:41:40.498+0000] {processor.py:179} INFO - Processing /home/airflow/.local/lib/python3.8/site-packages/airflow/example_dags/example_branch_python_dop_operator_3.py took 0.197 seconds
[2023-11-05T18:42:10.717+0000] {processor.py:157} INFO - Started process (PID=695) to work on /home/airflow/.local/lib/python3.8/site-packages/airflow/example_dags/example_branch_python_dop_operator_3.py
[2023-11-05T18:42:10.728+0000] {processor.py:829} INFO - Processing file /home/airflow/.local/lib/python3.8/site-packages/airflow/example_dags/example_branch_python_dop_operator_3.py for tasks to queue
[2023-11-05T18:42:10.743+0000] {logging_mixin.py:151} INFO - [2023-11-05T18:42:10.742+0000] {dagbag.py:536} INFO - Filling up the DagBag from /home/airflow/.local/lib/python3.8/site-packages/airflow/example_dags/example_branch_python_dop_operator_3.py
[2023-11-05T18:42:10.757+0000] {processor.py:839} INFO - DAG(s) dict_keys(['example_branch_dop_operator_v3']) retrieved from /home/airflow/.local/lib/python3.8/site-packages/airflow/example_dags/example_branch_python_dop_operator_3.py
[2023-11-05T18:42:10.850+0000] {logging_mixin.py:151} INFO - [2023-11-05T18:42:10.849+0000] {dag.py:2941} INFO - Sync 1 DAGs
[2023-11-05T18:42:10.893+0000] {logging_mixin.py:151} INFO - [2023-11-05T18:42:10.893+0000] {dag.py:3722} INFO - Setting next_dagrun for example_branch_dop_operator_v3 to 2023-11-05T18:41:00+00:00, run_after=2023-11-05T18:42:00+00:00
[2023-11-05T18:42:10.953+0000] {processor.py:179} INFO - Processing /home/airflow/.local/lib/python3.8/site-packages/airflow/example_dags/example_branch_python_dop_operator_3.py took 0.244 seconds
[2023-11-05T18:42:41.917+0000] {processor.py:157} INFO - Started process (PID=749) to work on /home/airflow/.local/lib/python3.8/site-packages/airflow/example_dags/example_branch_python_dop_operator_3.py
[2023-11-05T18:42:41.926+0000] {processor.py:829} INFO - Processing file /home/airflow/.local/lib/python3.8/site-packages/airflow/example_dags/example_branch_python_dop_operator_3.py for tasks to queue
[2023-11-05T18:42:41.942+0000] {logging_mixin.py:151} INFO - [2023-11-05T18:42:41.936+0000] {dagbag.py:536} INFO - Filling up the DagBag from /home/airflow/.local/lib/python3.8/site-packages/airflow/example_dags/example_branch_python_dop_operator_3.py
[2023-11-05T18:42:41.957+0000] {processor.py:839} INFO - DAG(s) dict_keys(['example_branch_dop_operator_v3']) retrieved from /home/airflow/.local/lib/python3.8/site-packages/airflow/example_dags/example_branch_python_dop_operator_3.py
[2023-11-05T18:42:42.023+0000] {logging_mixin.py:151} INFO - [2023-11-05T18:42:42.023+0000] {dag.py:2941} INFO - Sync 1 DAGs
[2023-11-05T18:42:42.075+0000] {logging_mixin.py:151} INFO - [2023-11-05T18:42:42.074+0000] {dag.py:3722} INFO - Setting next_dagrun for example_branch_dop_operator_v3 to 2023-11-05T18:41:00+00:00, run_after=2023-11-05T18:42:00+00:00
[2023-11-05T18:42:42.156+0000] {processor.py:179} INFO - Processing /home/airflow/.local/lib/python3.8/site-packages/airflow/example_dags/example_branch_python_dop_operator_3.py took 0.242 seconds
[2023-11-05T18:43:13.359+0000] {processor.py:157} INFO - Started process (PID=810) to work on /home/airflow/.local/lib/python3.8/site-packages/airflow/example_dags/example_branch_python_dop_operator_3.py
[2023-11-05T18:43:13.367+0000] {processor.py:829} INFO - Processing file /home/airflow/.local/lib/python3.8/site-packages/airflow/example_dags/example_branch_python_dop_operator_3.py for tasks to queue
[2023-11-05T18:43:13.382+0000] {logging_mixin.py:151} INFO - [2023-11-05T18:43:13.381+0000] {dagbag.py:536} INFO - Filling up the DagBag from /home/airflow/.local/lib/python3.8/site-packages/airflow/example_dags/example_branch_python_dop_operator_3.py
[2023-11-05T18:43:13.392+0000] {processor.py:839} INFO - DAG(s) dict_keys(['example_branch_dop_operator_v3']) retrieved from /home/airflow/.local/lib/python3.8/site-packages/airflow/example_dags/example_branch_python_dop_operator_3.py
[2023-11-05T18:43:13.413+0000] {logging_mixin.py:151} INFO - [2023-11-05T18:43:13.413+0000] {dag.py:2941} INFO - Sync 1 DAGs
[2023-11-05T18:43:13.433+0000] {logging_mixin.py:151} INFO - [2023-11-05T18:43:13.433+0000] {dag.py:3722} INFO - Setting next_dagrun for example_branch_dop_operator_v3 to 2023-11-05T18:42:00+00:00, run_after=2023-11-05T18:43:00+00:00
[2023-11-05T18:43:13.465+0000] {processor.py:179} INFO - Processing /home/airflow/.local/lib/python3.8/site-packages/airflow/example_dags/example_branch_python_dop_operator_3.py took 0.108 seconds
[2023-11-05T18:43:44.300+0000] {processor.py:157} INFO - Started process (PID=864) to work on /home/airflow/.local/lib/python3.8/site-packages/airflow/example_dags/example_branch_python_dop_operator_3.py
[2023-11-05T18:43:44.302+0000] {processor.py:829} INFO - Processing file /home/airflow/.local/lib/python3.8/site-packages/airflow/example_dags/example_branch_python_dop_operator_3.py for tasks to queue
[2023-11-05T18:43:44.306+0000] {logging_mixin.py:151} INFO - [2023-11-05T18:43:44.306+0000] {dagbag.py:536} INFO - Filling up the DagBag from /home/airflow/.local/lib/python3.8/site-packages/airflow/example_dags/example_branch_python_dop_operator_3.py
[2023-11-05T18:43:44.316+0000] {processor.py:839} INFO - DAG(s) dict_keys(['example_branch_dop_operator_v3']) retrieved from /home/airflow/.local/lib/python3.8/site-packages/airflow/example_dags/example_branch_python_dop_operator_3.py
[2023-11-05T18:43:44.352+0000] {logging_mixin.py:151} INFO - [2023-11-05T18:43:44.352+0000] {dag.py:2941} INFO - Sync 1 DAGs
[2023-11-05T18:43:44.393+0000] {logging_mixin.py:151} INFO - [2023-11-05T18:43:44.393+0000] {dag.py:3722} INFO - Setting next_dagrun for example_branch_dop_operator_v3 to 2023-11-05T18:42:00+00:00, run_after=2023-11-05T18:43:00+00:00
[2023-11-05T18:43:44.431+0000] {processor.py:179} INFO - Processing /home/airflow/.local/lib/python3.8/site-packages/airflow/example_dags/example_branch_python_dop_operator_3.py took 0.136 seconds
[2023-11-05T18:44:14.868+0000] {processor.py:157} INFO - Started process (PID=918) to work on /home/airflow/.local/lib/python3.8/site-packages/airflow/example_dags/example_branch_python_dop_operator_3.py
[2023-11-05T18:44:14.870+0000] {processor.py:829} INFO - Processing file /home/airflow/.local/lib/python3.8/site-packages/airflow/example_dags/example_branch_python_dop_operator_3.py for tasks to queue
[2023-11-05T18:44:14.873+0000] {logging_mixin.py:151} INFO - [2023-11-05T18:44:14.872+0000] {dagbag.py:536} INFO - Filling up the DagBag from /home/airflow/.local/lib/python3.8/site-packages/airflow/example_dags/example_branch_python_dop_operator_3.py
[2023-11-05T18:44:14.884+0000] {processor.py:839} INFO - DAG(s) dict_keys(['example_branch_dop_operator_v3']) retrieved from /home/airflow/.local/lib/python3.8/site-packages/airflow/example_dags/example_branch_python_dop_operator_3.py
[2023-11-05T18:44:14.916+0000] {logging_mixin.py:151} INFO - [2023-11-05T18:44:14.915+0000] {dag.py:2941} INFO - Sync 1 DAGs
[2023-11-05T18:44:14.937+0000] {logging_mixin.py:151} INFO - [2023-11-05T18:44:14.937+0000] {dag.py:3722} INFO - Setting next_dagrun for example_branch_dop_operator_v3 to 2023-11-05T18:43:00+00:00, run_after=2023-11-05T18:44:00+00:00
[2023-11-05T18:44:14.964+0000] {processor.py:179} INFO - Processing /home/airflow/.local/lib/python3.8/site-packages/airflow/example_dags/example_branch_python_dop_operator_3.py took 0.099 seconds
[2023-11-05T18:44:45.018+0000] {processor.py:157} INFO - Started process (PID=970) to work on /home/airflow/.local/lib/python3.8/site-packages/airflow/example_dags/example_branch_python_dop_operator_3.py
[2023-11-05T18:44:45.019+0000] {processor.py:829} INFO - Processing file /home/airflow/.local/lib/python3.8/site-packages/airflow/example_dags/example_branch_python_dop_operator_3.py for tasks to queue
[2023-11-05T18:44:45.023+0000] {logging_mixin.py:151} INFO - [2023-11-05T18:44:45.022+0000] {dagbag.py:536} INFO - Filling up the DagBag from /home/airflow/.local/lib/python3.8/site-packages/airflow/example_dags/example_branch_python_dop_operator_3.py
[2023-11-05T18:44:45.031+0000] {processor.py:839} INFO - DAG(s) dict_keys(['example_branch_dop_operator_v3']) retrieved from /home/airflow/.local/lib/python3.8/site-packages/airflow/example_dags/example_branch_python_dop_operator_3.py
[2023-11-05T18:44:45.052+0000] {logging_mixin.py:151} INFO - [2023-11-05T18:44:45.052+0000] {dag.py:2941} INFO - Sync 1 DAGs
[2023-11-05T18:44:45.068+0000] {logging_mixin.py:151} INFO - [2023-11-05T18:44:45.068+0000] {dag.py:3722} INFO - Setting next_dagrun for example_branch_dop_operator_v3 to 2023-11-05T18:43:00+00:00, run_after=2023-11-05T18:44:00+00:00
[2023-11-05T18:44:45.084+0000] {processor.py:179} INFO - Processing /home/airflow/.local/lib/python3.8/site-packages/airflow/example_dags/example_branch_python_dop_operator_3.py took 0.069 seconds
[2023-11-05T18:46:11.177+0000] {processor.py:157} INFO - Started process (PID=50) to work on /home/airflow/.local/lib/python3.8/site-packages/airflow/example_dags/example_branch_python_dop_operator_3.py
[2023-11-05T18:46:11.183+0000] {processor.py:829} INFO - Processing file /home/airflow/.local/lib/python3.8/site-packages/airflow/example_dags/example_branch_python_dop_operator_3.py for tasks to queue
[2023-11-05T18:46:11.196+0000] {logging_mixin.py:151} INFO - [2023-11-05T18:46:11.196+0000] {dagbag.py:536} INFO - Filling up the DagBag from /home/airflow/.local/lib/python3.8/site-packages/airflow/example_dags/example_branch_python_dop_operator_3.py
[2023-11-05T18:46:11.217+0000] {processor.py:839} INFO - DAG(s) dict_keys(['example_branch_dop_operator_v3']) retrieved from /home/airflow/.local/lib/python3.8/site-packages/airflow/example_dags/example_branch_python_dop_operator_3.py
[2023-11-05T18:46:11.251+0000] {logging_mixin.py:151} INFO - [2023-11-05T18:46:11.251+0000] {dag.py:2941} INFO - Sync 1 DAGs
[2023-11-05T18:46:11.284+0000] {logging_mixin.py:151} INFO - [2023-11-05T18:46:11.284+0000] {dag.py:3722} INFO - Setting next_dagrun for example_branch_dop_operator_v3 to 2023-11-05T18:45:00+00:00, run_after=2023-11-05T18:46:00+00:00
[2023-11-05T18:46:11.334+0000] {processor.py:179} INFO - Processing /home/airflow/.local/lib/python3.8/site-packages/airflow/example_dags/example_branch_python_dop_operator_3.py took 0.167 seconds
[2023-11-05T18:46:41.726+0000] {processor.py:157} INFO - Started process (PID=104) to work on /home/airflow/.local/lib/python3.8/site-packages/airflow/example_dags/example_branch_python_dop_operator_3.py
[2023-11-05T18:46:41.733+0000] {processor.py:829} INFO - Processing file /home/airflow/.local/lib/python3.8/site-packages/airflow/example_dags/example_branch_python_dop_operator_3.py for tasks to queue
[2023-11-05T18:46:41.736+0000] {logging_mixin.py:151} INFO - [2023-11-05T18:46:41.735+0000] {dagbag.py:536} INFO - Filling up the DagBag from /home/airflow/.local/lib/python3.8/site-packages/airflow/example_dags/example_branch_python_dop_operator_3.py
[2023-11-05T18:46:41.754+0000] {processor.py:839} INFO - DAG(s) dict_keys(['example_branch_dop_operator_v3']) retrieved from /home/airflow/.local/lib/python3.8/site-packages/airflow/example_dags/example_branch_python_dop_operator_3.py
[2023-11-05T18:46:41.777+0000] {logging_mixin.py:151} INFO - [2023-11-05T18:46:41.777+0000] {dag.py:2941} INFO - Sync 1 DAGs
[2023-11-05T18:46:41.801+0000] {logging_mixin.py:151} INFO - [2023-11-05T18:46:41.800+0000] {dag.py:3722} INFO - Setting next_dagrun for example_branch_dop_operator_v3 to 2023-11-05T18:45:00+00:00, run_after=2023-11-05T18:46:00+00:00
[2023-11-05T18:46:41.826+0000] {processor.py:179} INFO - Processing /home/airflow/.local/lib/python3.8/site-packages/airflow/example_dags/example_branch_python_dop_operator_3.py took 0.106 seconds
[2023-11-05T18:47:12.412+0000] {processor.py:157} INFO - Started process (PID=158) to work on /home/airflow/.local/lib/python3.8/site-packages/airflow/example_dags/example_branch_python_dop_operator_3.py
[2023-11-05T18:47:12.420+0000] {processor.py:829} INFO - Processing file /home/airflow/.local/lib/python3.8/site-packages/airflow/example_dags/example_branch_python_dop_operator_3.py for tasks to queue
[2023-11-05T18:47:12.428+0000] {logging_mixin.py:151} INFO - [2023-11-05T18:47:12.427+0000] {dagbag.py:536} INFO - Filling up the DagBag from /home/airflow/.local/lib/python3.8/site-packages/airflow/example_dags/example_branch_python_dop_operator_3.py
[2023-11-05T18:47:12.451+0000] {processor.py:839} INFO - DAG(s) dict_keys(['example_branch_dop_operator_v3']) retrieved from /home/airflow/.local/lib/python3.8/site-packages/airflow/example_dags/example_branch_python_dop_operator_3.py
[2023-11-05T18:47:12.530+0000] {logging_mixin.py:151} INFO - [2023-11-05T18:47:12.530+0000] {dag.py:2941} INFO - Sync 1 DAGs
[2023-11-05T18:47:12.601+0000] {logging_mixin.py:151} INFO - [2023-11-05T18:47:12.601+0000] {dag.py:3722} INFO - Setting next_dagrun for example_branch_dop_operator_v3 to 2023-11-05T18:46:00+00:00, run_after=2023-11-05T18:47:00+00:00
[2023-11-05T18:47:12.697+0000] {processor.py:179} INFO - Processing /home/airflow/.local/lib/python3.8/site-packages/airflow/example_dags/example_branch_python_dop_operator_3.py took 0.287 seconds
[2023-11-05T18:47:42.969+0000] {processor.py:157} INFO - Started process (PID=212) to work on /home/airflow/.local/lib/python3.8/site-packages/airflow/example_dags/example_branch_python_dop_operator_3.py
[2023-11-05T18:47:42.973+0000] {processor.py:829} INFO - Processing file /home/airflow/.local/lib/python3.8/site-packages/airflow/example_dags/example_branch_python_dop_operator_3.py for tasks to queue
[2023-11-05T18:47:42.979+0000] {logging_mixin.py:151} INFO - [2023-11-05T18:47:42.978+0000] {dagbag.py:536} INFO - Filling up the DagBag from /home/airflow/.local/lib/python3.8/site-packages/airflow/example_dags/example_branch_python_dop_operator_3.py
[2023-11-05T18:47:42.991+0000] {processor.py:839} INFO - DAG(s) dict_keys(['example_branch_dop_operator_v3']) retrieved from /home/airflow/.local/lib/python3.8/site-packages/airflow/example_dags/example_branch_python_dop_operator_3.py
[2023-11-05T18:47:43.033+0000] {logging_mixin.py:151} INFO - [2023-11-05T18:47:43.032+0000] {dag.py:2941} INFO - Sync 1 DAGs
[2023-11-05T18:47:43.073+0000] {logging_mixin.py:151} INFO - [2023-11-05T18:47:43.072+0000] {dag.py:3722} INFO - Setting next_dagrun for example_branch_dop_operator_v3 to 2023-11-05T18:46:00+00:00, run_after=2023-11-05T18:47:00+00:00
[2023-11-05T18:47:43.133+0000] {processor.py:179} INFO - Processing /home/airflow/.local/lib/python3.8/site-packages/airflow/example_dags/example_branch_python_dop_operator_3.py took 0.167 seconds
[2023-11-05T18:48:13.986+0000] {processor.py:157} INFO - Started process (PID=266) to work on /home/airflow/.local/lib/python3.8/site-packages/airflow/example_dags/example_branch_python_dop_operator_3.py
[2023-11-05T18:48:13.991+0000] {processor.py:829} INFO - Processing file /home/airflow/.local/lib/python3.8/site-packages/airflow/example_dags/example_branch_python_dop_operator_3.py for tasks to queue
[2023-11-05T18:48:13.994+0000] {logging_mixin.py:151} INFO - [2023-11-05T18:48:13.994+0000] {dagbag.py:536} INFO - Filling up the DagBag from /home/airflow/.local/lib/python3.8/site-packages/airflow/example_dags/example_branch_python_dop_operator_3.py
[2023-11-05T18:48:14.000+0000] {processor.py:839} INFO - DAG(s) dict_keys(['example_branch_dop_operator_v3']) retrieved from /home/airflow/.local/lib/python3.8/site-packages/airflow/example_dags/example_branch_python_dop_operator_3.py
[2023-11-05T18:48:14.033+0000] {logging_mixin.py:151} INFO - [2023-11-05T18:48:14.033+0000] {dag.py:2941} INFO - Sync 1 DAGs
[2023-11-05T18:48:14.076+0000] {logging_mixin.py:151} INFO - [2023-11-05T18:48:14.075+0000] {dag.py:3722} INFO - Setting next_dagrun for example_branch_dop_operator_v3 to 2023-11-05T18:47:00+00:00, run_after=2023-11-05T18:48:00+00:00
[2023-11-05T18:48:14.103+0000] {processor.py:179} INFO - Processing /home/airflow/.local/lib/python3.8/site-packages/airflow/example_dags/example_branch_python_dop_operator_3.py took 0.124 seconds
[2023-11-05T18:48:44.541+0000] {processor.py:157} INFO - Started process (PID=320) to work on /home/airflow/.local/lib/python3.8/site-packages/airflow/example_dags/example_branch_python_dop_operator_3.py
[2023-11-05T18:48:44.544+0000] {processor.py:829} INFO - Processing file /home/airflow/.local/lib/python3.8/site-packages/airflow/example_dags/example_branch_python_dop_operator_3.py for tasks to queue
[2023-11-05T18:48:44.552+0000] {logging_mixin.py:151} INFO - [2023-11-05T18:48:44.549+0000] {dagbag.py:536} INFO - Filling up the DagBag from /home/airflow/.local/lib/python3.8/site-packages/airflow/example_dags/example_branch_python_dop_operator_3.py
[2023-11-05T18:48:44.558+0000] {processor.py:839} INFO - DAG(s) dict_keys(['example_branch_dop_operator_v3']) retrieved from /home/airflow/.local/lib/python3.8/site-packages/airflow/example_dags/example_branch_python_dop_operator_3.py
[2023-11-05T18:48:44.617+0000] {logging_mixin.py:151} INFO - [2023-11-05T18:48:44.617+0000] {dag.py:2941} INFO - Sync 1 DAGs
[2023-11-05T18:48:44.637+0000] {logging_mixin.py:151} INFO - [2023-11-05T18:48:44.637+0000] {dag.py:3722} INFO - Setting next_dagrun for example_branch_dop_operator_v3 to 2023-11-05T18:47:00+00:00, run_after=2023-11-05T18:48:00+00:00
[2023-11-05T18:48:44.671+0000] {processor.py:179} INFO - Processing /home/airflow/.local/lib/python3.8/site-packages/airflow/example_dags/example_branch_python_dop_operator_3.py took 0.136 seconds
[2023-11-05T18:53:31.206+0000] {processor.py:157} INFO - Started process (PID=374) to work on /home/airflow/.local/lib/python3.8/site-packages/airflow/example_dags/example_branch_python_dop_operator_3.py
[2023-11-05T18:53:31.207+0000] {processor.py:829} INFO - Processing file /home/airflow/.local/lib/python3.8/site-packages/airflow/example_dags/example_branch_python_dop_operator_3.py for tasks to queue
[2023-11-05T18:53:31.210+0000] {logging_mixin.py:151} INFO - [2023-11-05T18:53:31.210+0000] {dagbag.py:536} INFO - Filling up the DagBag from /home/airflow/.local/lib/python3.8/site-packages/airflow/example_dags/example_branch_python_dop_operator_3.py
[2023-11-05T18:53:31.217+0000] {processor.py:839} INFO - DAG(s) dict_keys(['example_branch_dop_operator_v3']) retrieved from /home/airflow/.local/lib/python3.8/site-packages/airflow/example_dags/example_branch_python_dop_operator_3.py
[2023-11-05T18:53:31.244+0000] {logging_mixin.py:151} INFO - [2023-11-05T18:53:31.244+0000] {dag.py:2941} INFO - Sync 1 DAGs
[2023-11-05T18:53:31.271+0000] {logging_mixin.py:151} INFO - [2023-11-05T18:53:31.271+0000] {dag.py:3722} INFO - Setting next_dagrun for example_branch_dop_operator_v3 to 2023-11-05T18:52:00+00:00, run_after=2023-11-05T18:53:00+00:00
[2023-11-05T18:53:31.301+0000] {processor.py:179} INFO - Processing /home/airflow/.local/lib/python3.8/site-packages/airflow/example_dags/example_branch_python_dop_operator_3.py took 0.098 seconds
[2023-11-05T18:54:02.146+0000] {processor.py:157} INFO - Started process (PID=428) to work on /home/airflow/.local/lib/python3.8/site-packages/airflow/example_dags/example_branch_python_dop_operator_3.py
[2023-11-05T18:54:02.160+0000] {processor.py:829} INFO - Processing file /home/airflow/.local/lib/python3.8/site-packages/airflow/example_dags/example_branch_python_dop_operator_3.py for tasks to queue
[2023-11-05T18:54:02.166+0000] {logging_mixin.py:151} INFO - [2023-11-05T18:54:02.166+0000] {dagbag.py:536} INFO - Filling up the DagBag from /home/airflow/.local/lib/python3.8/site-packages/airflow/example_dags/example_branch_python_dop_operator_3.py
[2023-11-05T18:54:02.181+0000] {processor.py:839} INFO - DAG(s) dict_keys(['example_branch_dop_operator_v3']) retrieved from /home/airflow/.local/lib/python3.8/site-packages/airflow/example_dags/example_branch_python_dop_operator_3.py
[2023-11-05T18:54:02.250+0000] {logging_mixin.py:151} INFO - [2023-11-05T18:54:02.250+0000] {dag.py:2941} INFO - Sync 1 DAGs
[2023-11-05T18:54:02.303+0000] {logging_mixin.py:151} INFO - [2023-11-05T18:54:02.303+0000] {dag.py:3722} INFO - Setting next_dagrun for example_branch_dop_operator_v3 to 2023-11-05T18:53:00+00:00, run_after=2023-11-05T18:54:00+00:00
[2023-11-05T18:54:02.368+0000] {processor.py:179} INFO - Processing /home/airflow/.local/lib/python3.8/site-packages/airflow/example_dags/example_branch_python_dop_operator_3.py took 0.228 seconds
[2023-11-05T18:54:32.405+0000] {processor.py:157} INFO - Started process (PID=482) to work on /home/airflow/.local/lib/python3.8/site-packages/airflow/example_dags/example_branch_python_dop_operator_3.py
[2023-11-05T18:54:32.409+0000] {processor.py:829} INFO - Processing file /home/airflow/.local/lib/python3.8/site-packages/airflow/example_dags/example_branch_python_dop_operator_3.py for tasks to queue
[2023-11-05T18:54:32.411+0000] {logging_mixin.py:151} INFO - [2023-11-05T18:54:32.411+0000] {dagbag.py:536} INFO - Filling up the DagBag from /home/airflow/.local/lib/python3.8/site-packages/airflow/example_dags/example_branch_python_dop_operator_3.py
[2023-11-05T18:54:32.417+0000] {processor.py:839} INFO - DAG(s) dict_keys(['example_branch_dop_operator_v3']) retrieved from /home/airflow/.local/lib/python3.8/site-packages/airflow/example_dags/example_branch_python_dop_operator_3.py
[2023-11-05T18:54:32.442+0000] {logging_mixin.py:151} INFO - [2023-11-05T18:54:32.442+0000] {dag.py:2941} INFO - Sync 1 DAGs
[2023-11-05T18:54:32.456+0000] {logging_mixin.py:151} INFO - [2023-11-05T18:54:32.456+0000] {dag.py:3722} INFO - Setting next_dagrun for example_branch_dop_operator_v3 to 2023-11-05T18:53:00+00:00, run_after=2023-11-05T18:54:00+00:00
[2023-11-05T18:54:32.468+0000] {processor.py:179} INFO - Processing /home/airflow/.local/lib/python3.8/site-packages/airflow/example_dags/example_branch_python_dop_operator_3.py took 0.065 seconds
