[2023-11-05T18:36:07.443+0000] {processor.py:157} INFO - Started process (PID=65) to work on /home/airflow/.local/lib/python3.8/site-packages/airflow/example_dags/example_setup_teardown.py
[2023-11-05T18:36:07.455+0000] {processor.py:829} INFO - Processing file /home/airflow/.local/lib/python3.8/site-packages/airflow/example_dags/example_setup_teardown.py for tasks to queue
[2023-11-05T18:36:07.465+0000] {logging_mixin.py:151} INFO - [2023-11-05T18:36:07.465+0000] {dagbag.py:536} INFO - Filling up the DagBag from /home/airflow/.local/lib/python3.8/site-packages/airflow/example_dags/example_setup_teardown.py
[2023-11-05T18:36:07.479+0000] {processor.py:839} INFO - DAG(s) dict_keys(['example_setup_teardown']) retrieved from /home/airflow/.local/lib/python3.8/site-packages/airflow/example_dags/example_setup_teardown.py
[2023-11-05T18:36:07.583+0000] {logging_mixin.py:151} INFO - [2023-11-05T18:36:07.583+0000] {dag.py:2941} INFO - Sync 1 DAGs
[2023-11-05T18:36:07.617+0000] {logging_mixin.py:151} INFO - [2023-11-05T18:36:07.617+0000] {dag.py:3722} INFO - Setting next_dagrun for example_setup_teardown to 2023-11-04T18:36:07.617338+00:00, run_after=2023-11-05T18:36:07.617338+00:00
[2023-11-05T18:36:07.707+0000] {processor.py:179} INFO - Processing /home/airflow/.local/lib/python3.8/site-packages/airflow/example_dags/example_setup_teardown.py took 0.267 seconds
[2023-11-05T18:36:38.498+0000] {processor.py:157} INFO - Started process (PID=119) to work on /home/airflow/.local/lib/python3.8/site-packages/airflow/example_dags/example_setup_teardown.py
[2023-11-05T18:36:38.501+0000] {processor.py:829} INFO - Processing file /home/airflow/.local/lib/python3.8/site-packages/airflow/example_dags/example_setup_teardown.py for tasks to queue
[2023-11-05T18:36:38.513+0000] {logging_mixin.py:151} INFO - [2023-11-05T18:36:38.513+0000] {dagbag.py:536} INFO - Filling up the DagBag from /home/airflow/.local/lib/python3.8/site-packages/airflow/example_dags/example_setup_teardown.py
[2023-11-05T18:36:38.534+0000] {processor.py:839} INFO - DAG(s) dict_keys(['example_setup_teardown']) retrieved from /home/airflow/.local/lib/python3.8/site-packages/airflow/example_dags/example_setup_teardown.py
[2023-11-05T18:36:38.587+0000] {logging_mixin.py:151} INFO - [2023-11-05T18:36:38.587+0000] {dag.py:2941} INFO - Sync 1 DAGs
[2023-11-05T18:36:38.721+0000] {logging_mixin.py:151} INFO - [2023-11-05T18:36:38.721+0000] {dag.py:3722} INFO - Setting next_dagrun for example_setup_teardown to 2023-11-04T18:36:38.721569+00:00, run_after=2023-11-05T18:36:38.721569+00:00
[2023-11-05T18:36:38.838+0000] {processor.py:179} INFO - Processing /home/airflow/.local/lib/python3.8/site-packages/airflow/example_dags/example_setup_teardown.py took 0.346 seconds
[2023-11-05T18:37:09.120+0000] {processor.py:157} INFO - Started process (PID=172) to work on /home/airflow/.local/lib/python3.8/site-packages/airflow/example_dags/example_setup_teardown.py
[2023-11-05T18:37:09.124+0000] {processor.py:829} INFO - Processing file /home/airflow/.local/lib/python3.8/site-packages/airflow/example_dags/example_setup_teardown.py for tasks to queue
[2023-11-05T18:37:09.131+0000] {logging_mixin.py:151} INFO - [2023-11-05T18:37:09.131+0000] {dagbag.py:536} INFO - Filling up the DagBag from /home/airflow/.local/lib/python3.8/site-packages/airflow/example_dags/example_setup_teardown.py
[2023-11-05T18:37:09.137+0000] {processor.py:839} INFO - DAG(s) dict_keys(['example_setup_teardown']) retrieved from /home/airflow/.local/lib/python3.8/site-packages/airflow/example_dags/example_setup_teardown.py
[2023-11-05T18:37:09.199+0000] {logging_mixin.py:151} INFO - [2023-11-05T18:37:09.199+0000] {dag.py:2941} INFO - Sync 1 DAGs
[2023-11-05T18:37:09.222+0000] {logging_mixin.py:151} INFO - [2023-11-05T18:37:09.222+0000] {dag.py:3722} INFO - Setting next_dagrun for example_setup_teardown to 2023-11-04T18:37:09.222106+00:00, run_after=2023-11-05T18:37:09.222106+00:00
[2023-11-05T18:37:09.274+0000] {processor.py:179} INFO - Processing /home/airflow/.local/lib/python3.8/site-packages/airflow/example_dags/example_setup_teardown.py took 0.158 seconds
[2023-11-05T18:37:39.862+0000] {processor.py:157} INFO - Started process (PID=227) to work on /home/airflow/.local/lib/python3.8/site-packages/airflow/example_dags/example_setup_teardown.py
[2023-11-05T18:37:39.874+0000] {processor.py:829} INFO - Processing file /home/airflow/.local/lib/python3.8/site-packages/airflow/example_dags/example_setup_teardown.py for tasks to queue
[2023-11-05T18:37:39.879+0000] {logging_mixin.py:151} INFO - [2023-11-05T18:37:39.879+0000] {dagbag.py:536} INFO - Filling up the DagBag from /home/airflow/.local/lib/python3.8/site-packages/airflow/example_dags/example_setup_teardown.py
[2023-11-05T18:37:39.890+0000] {processor.py:839} INFO - DAG(s) dict_keys(['example_setup_teardown']) retrieved from /home/airflow/.local/lib/python3.8/site-packages/airflow/example_dags/example_setup_teardown.py
[2023-11-05T18:37:39.940+0000] {logging_mixin.py:151} INFO - [2023-11-05T18:37:39.940+0000] {dag.py:2941} INFO - Sync 1 DAGs
[2023-11-05T18:37:39.965+0000] {logging_mixin.py:151} INFO - [2023-11-05T18:37:39.965+0000] {dag.py:3722} INFO - Setting next_dagrun for example_setup_teardown to 2023-11-04T18:37:39.964880+00:00, run_after=2023-11-05T18:37:39.964880+00:00
[2023-11-05T18:37:40.019+0000] {processor.py:179} INFO - Processing /home/airflow/.local/lib/python3.8/site-packages/airflow/example_dags/example_setup_teardown.py took 0.160 seconds
[2023-11-05T18:38:10.852+0000] {processor.py:157} INFO - Started process (PID=286) to work on /home/airflow/.local/lib/python3.8/site-packages/airflow/example_dags/example_setup_teardown.py
[2023-11-05T18:38:10.878+0000] {processor.py:829} INFO - Processing file /home/airflow/.local/lib/python3.8/site-packages/airflow/example_dags/example_setup_teardown.py for tasks to queue
[2023-11-05T18:38:10.885+0000] {logging_mixin.py:151} INFO - [2023-11-05T18:38:10.885+0000] {dagbag.py:536} INFO - Filling up the DagBag from /home/airflow/.local/lib/python3.8/site-packages/airflow/example_dags/example_setup_teardown.py
[2023-11-05T18:38:10.900+0000] {processor.py:839} INFO - DAG(s) dict_keys(['example_setup_teardown']) retrieved from /home/airflow/.local/lib/python3.8/site-packages/airflow/example_dags/example_setup_teardown.py
[2023-11-05T18:38:10.955+0000] {logging_mixin.py:151} INFO - [2023-11-05T18:38:10.954+0000] {dag.py:2941} INFO - Sync 1 DAGs
[2023-11-05T18:38:10.986+0000] {logging_mixin.py:151} INFO - [2023-11-05T18:38:10.985+0000] {dag.py:3722} INFO - Setting next_dagrun for example_setup_teardown to 2023-11-04T18:38:10.985401+00:00, run_after=2023-11-05T18:38:10.985401+00:00
[2023-11-05T18:38:11.064+0000] {processor.py:179} INFO - Processing /home/airflow/.local/lib/python3.8/site-packages/airflow/example_dags/example_setup_teardown.py took 0.215 seconds
[2023-11-05T18:38:41.572+0000] {processor.py:157} INFO - Started process (PID=340) to work on /home/airflow/.local/lib/python3.8/site-packages/airflow/example_dags/example_setup_teardown.py
[2023-11-05T18:38:41.584+0000] {processor.py:829} INFO - Processing file /home/airflow/.local/lib/python3.8/site-packages/airflow/example_dags/example_setup_teardown.py for tasks to queue
[2023-11-05T18:38:41.587+0000] {logging_mixin.py:151} INFO - [2023-11-05T18:38:41.587+0000] {dagbag.py:536} INFO - Filling up the DagBag from /home/airflow/.local/lib/python3.8/site-packages/airflow/example_dags/example_setup_teardown.py
[2023-11-05T18:38:41.596+0000] {processor.py:839} INFO - DAG(s) dict_keys(['example_setup_teardown']) retrieved from /home/airflow/.local/lib/python3.8/site-packages/airflow/example_dags/example_setup_teardown.py
[2023-11-05T18:38:41.691+0000] {logging_mixin.py:151} INFO - [2023-11-05T18:38:41.691+0000] {dag.py:2941} INFO - Sync 1 DAGs
[2023-11-05T18:38:41.742+0000] {logging_mixin.py:151} INFO - [2023-11-05T18:38:41.742+0000] {dag.py:3722} INFO - Setting next_dagrun for example_setup_teardown to 2023-11-04T18:38:41.740038+00:00, run_after=2023-11-05T18:38:41.740038+00:00
[2023-11-05T18:38:41.808+0000] {processor.py:179} INFO - Processing /home/airflow/.local/lib/python3.8/site-packages/airflow/example_dags/example_setup_teardown.py took 0.239 seconds
[2023-11-05T18:39:11.903+0000] {processor.py:157} INFO - Started process (PID=394) to work on /home/airflow/.local/lib/python3.8/site-packages/airflow/example_dags/example_setup_teardown.py
[2023-11-05T18:39:11.919+0000] {processor.py:829} INFO - Processing file /home/airflow/.local/lib/python3.8/site-packages/airflow/example_dags/example_setup_teardown.py for tasks to queue
[2023-11-05T18:39:11.924+0000] {logging_mixin.py:151} INFO - [2023-11-05T18:39:11.924+0000] {dagbag.py:536} INFO - Filling up the DagBag from /home/airflow/.local/lib/python3.8/site-packages/airflow/example_dags/example_setup_teardown.py
[2023-11-05T18:39:11.938+0000] {processor.py:839} INFO - DAG(s) dict_keys(['example_setup_teardown']) retrieved from /home/airflow/.local/lib/python3.8/site-packages/airflow/example_dags/example_setup_teardown.py
[2023-11-05T18:39:11.979+0000] {logging_mixin.py:151} INFO - [2023-11-05T18:39:11.979+0000] {dag.py:2941} INFO - Sync 1 DAGs
[2023-11-05T18:39:12.016+0000] {logging_mixin.py:151} INFO - [2023-11-05T18:39:12.016+0000] {dag.py:3722} INFO - Setting next_dagrun for example_setup_teardown to 2023-11-04T18:39:12.016152+00:00, run_after=2023-11-05T18:39:12.016152+00:00
[2023-11-05T18:39:12.083+0000] {processor.py:179} INFO - Processing /home/airflow/.local/lib/python3.8/site-packages/airflow/example_dags/example_setup_teardown.py took 0.183 seconds
[2023-11-05T18:39:42.866+0000] {processor.py:157} INFO - Started process (PID=448) to work on /home/airflow/.local/lib/python3.8/site-packages/airflow/example_dags/example_setup_teardown.py
[2023-11-05T18:39:42.877+0000] {processor.py:829} INFO - Processing file /home/airflow/.local/lib/python3.8/site-packages/airflow/example_dags/example_setup_teardown.py for tasks to queue
[2023-11-05T18:39:42.883+0000] {logging_mixin.py:151} INFO - [2023-11-05T18:39:42.883+0000] {dagbag.py:536} INFO - Filling up the DagBag from /home/airflow/.local/lib/python3.8/site-packages/airflow/example_dags/example_setup_teardown.py
[2023-11-05T18:39:42.902+0000] {processor.py:839} INFO - DAG(s) dict_keys(['example_setup_teardown']) retrieved from /home/airflow/.local/lib/python3.8/site-packages/airflow/example_dags/example_setup_teardown.py
[2023-11-05T18:39:42.965+0000] {logging_mixin.py:151} INFO - [2023-11-05T18:39:42.965+0000] {dag.py:2941} INFO - Sync 1 DAGs
[2023-11-05T18:39:43.005+0000] {logging_mixin.py:151} INFO - [2023-11-05T18:39:43.004+0000] {dag.py:3722} INFO - Setting next_dagrun for example_setup_teardown to 2023-11-04T18:39:43.004357+00:00, run_after=2023-11-05T18:39:43.004357+00:00
[2023-11-05T18:39:43.031+0000] {processor.py:179} INFO - Processing /home/airflow/.local/lib/python3.8/site-packages/airflow/example_dags/example_setup_teardown.py took 0.169 seconds
[2023-11-05T18:40:13.601+0000] {processor.py:157} INFO - Started process (PID=502) to work on /home/airflow/.local/lib/python3.8/site-packages/airflow/example_dags/example_setup_teardown.py
[2023-11-05T18:40:13.604+0000] {processor.py:829} INFO - Processing file /home/airflow/.local/lib/python3.8/site-packages/airflow/example_dags/example_setup_teardown.py for tasks to queue
[2023-11-05T18:40:13.605+0000] {logging_mixin.py:151} INFO - [2023-11-05T18:40:13.605+0000] {dagbag.py:536} INFO - Filling up the DagBag from /home/airflow/.local/lib/python3.8/site-packages/airflow/example_dags/example_setup_teardown.py
[2023-11-05T18:40:13.613+0000] {processor.py:839} INFO - DAG(s) dict_keys(['example_setup_teardown']) retrieved from /home/airflow/.local/lib/python3.8/site-packages/airflow/example_dags/example_setup_teardown.py
[2023-11-05T18:40:13.642+0000] {logging_mixin.py:151} INFO - [2023-11-05T18:40:13.642+0000] {dag.py:2941} INFO - Sync 1 DAGs
[2023-11-05T18:40:13.664+0000] {logging_mixin.py:151} INFO - [2023-11-05T18:40:13.664+0000] {dag.py:3722} INFO - Setting next_dagrun for example_setup_teardown to 2023-11-04T18:40:13.663771+00:00, run_after=2023-11-05T18:40:13.663771+00:00
[2023-11-05T18:40:13.681+0000] {processor.py:179} INFO - Processing /home/airflow/.local/lib/python3.8/site-packages/airflow/example_dags/example_setup_teardown.py took 0.085 seconds
[2023-11-05T18:40:44.595+0000] {processor.py:157} INFO - Started process (PID=556) to work on /home/airflow/.local/lib/python3.8/site-packages/airflow/example_dags/example_setup_teardown.py
[2023-11-05T18:40:44.597+0000] {processor.py:829} INFO - Processing file /home/airflow/.local/lib/python3.8/site-packages/airflow/example_dags/example_setup_teardown.py for tasks to queue
[2023-11-05T18:40:44.599+0000] {logging_mixin.py:151} INFO - [2023-11-05T18:40:44.599+0000] {dagbag.py:536} INFO - Filling up the DagBag from /home/airflow/.local/lib/python3.8/site-packages/airflow/example_dags/example_setup_teardown.py
[2023-11-05T18:40:44.605+0000] {processor.py:839} INFO - DAG(s) dict_keys(['example_setup_teardown']) retrieved from /home/airflow/.local/lib/python3.8/site-packages/airflow/example_dags/example_setup_teardown.py
[2023-11-05T18:40:44.625+0000] {logging_mixin.py:151} INFO - [2023-11-05T18:40:44.625+0000] {dag.py:2941} INFO - Sync 1 DAGs
[2023-11-05T18:40:44.640+0000] {logging_mixin.py:151} INFO - [2023-11-05T18:40:44.640+0000] {dag.py:3722} INFO - Setting next_dagrun for example_setup_teardown to 2023-11-04T18:40:44.639839+00:00, run_after=2023-11-05T18:40:44.639839+00:00
[2023-11-05T18:40:44.654+0000] {processor.py:179} INFO - Processing /home/airflow/.local/lib/python3.8/site-packages/airflow/example_dags/example_setup_teardown.py took 0.062 seconds
[2023-11-05T18:41:14.830+0000] {processor.py:157} INFO - Started process (PID=610) to work on /home/airflow/.local/lib/python3.8/site-packages/airflow/example_dags/example_setup_teardown.py
[2023-11-05T18:41:14.834+0000] {processor.py:829} INFO - Processing file /home/airflow/.local/lib/python3.8/site-packages/airflow/example_dags/example_setup_teardown.py for tasks to queue
[2023-11-05T18:41:14.836+0000] {logging_mixin.py:151} INFO - [2023-11-05T18:41:14.835+0000] {dagbag.py:536} INFO - Filling up the DagBag from /home/airflow/.local/lib/python3.8/site-packages/airflow/example_dags/example_setup_teardown.py
[2023-11-05T18:41:14.840+0000] {processor.py:839} INFO - DAG(s) dict_keys(['example_setup_teardown']) retrieved from /home/airflow/.local/lib/python3.8/site-packages/airflow/example_dags/example_setup_teardown.py
[2023-11-05T18:41:14.867+0000] {logging_mixin.py:151} INFO - [2023-11-05T18:41:14.867+0000] {dag.py:2941} INFO - Sync 1 DAGs
[2023-11-05T18:41:14.882+0000] {logging_mixin.py:151} INFO - [2023-11-05T18:41:14.882+0000] {dag.py:3722} INFO - Setting next_dagrun for example_setup_teardown to 2023-11-04T18:41:14.882305+00:00, run_after=2023-11-05T18:41:14.882305+00:00
[2023-11-05T18:41:14.910+0000] {processor.py:179} INFO - Processing /home/airflow/.local/lib/python3.8/site-packages/airflow/example_dags/example_setup_teardown.py took 0.085 seconds
[2023-11-05T18:41:45.222+0000] {processor.py:157} INFO - Started process (PID=663) to work on /home/airflow/.local/lib/python3.8/site-packages/airflow/example_dags/example_setup_teardown.py
[2023-11-05T18:41:45.224+0000] {processor.py:829} INFO - Processing file /home/airflow/.local/lib/python3.8/site-packages/airflow/example_dags/example_setup_teardown.py for tasks to queue
[2023-11-05T18:41:45.226+0000] {logging_mixin.py:151} INFO - [2023-11-05T18:41:45.226+0000] {dagbag.py:536} INFO - Filling up the DagBag from /home/airflow/.local/lib/python3.8/site-packages/airflow/example_dags/example_setup_teardown.py
[2023-11-05T18:41:45.230+0000] {processor.py:839} INFO - DAG(s) dict_keys(['example_setup_teardown']) retrieved from /home/airflow/.local/lib/python3.8/site-packages/airflow/example_dags/example_setup_teardown.py
[2023-11-05T18:41:45.250+0000] {logging_mixin.py:151} INFO - [2023-11-05T18:41:45.249+0000] {dag.py:2941} INFO - Sync 1 DAGs
[2023-11-05T18:41:45.265+0000] {logging_mixin.py:151} INFO - [2023-11-05T18:41:45.265+0000] {dag.py:3722} INFO - Setting next_dagrun for example_setup_teardown to 2023-11-04T18:41:45.265727+00:00, run_after=2023-11-05T18:41:45.265727+00:00
[2023-11-05T18:41:45.280+0000] {processor.py:179} INFO - Processing /home/airflow/.local/lib/python3.8/site-packages/airflow/example_dags/example_setup_teardown.py took 0.060 seconds
[2023-11-05T18:42:16.000+0000] {processor.py:157} INFO - Started process (PID=717) to work on /home/airflow/.local/lib/python3.8/site-packages/airflow/example_dags/example_setup_teardown.py
[2023-11-05T18:42:16.002+0000] {processor.py:829} INFO - Processing file /home/airflow/.local/lib/python3.8/site-packages/airflow/example_dags/example_setup_teardown.py for tasks to queue
[2023-11-05T18:42:16.004+0000] {logging_mixin.py:151} INFO - [2023-11-05T18:42:16.004+0000] {dagbag.py:536} INFO - Filling up the DagBag from /home/airflow/.local/lib/python3.8/site-packages/airflow/example_dags/example_setup_teardown.py
[2023-11-05T18:42:16.009+0000] {processor.py:839} INFO - DAG(s) dict_keys(['example_setup_teardown']) retrieved from /home/airflow/.local/lib/python3.8/site-packages/airflow/example_dags/example_setup_teardown.py
[2023-11-05T18:42:16.031+0000] {logging_mixin.py:151} INFO - [2023-11-05T18:42:16.031+0000] {dag.py:2941} INFO - Sync 1 DAGs
[2023-11-05T18:42:16.051+0000] {logging_mixin.py:151} INFO - [2023-11-05T18:42:16.051+0000] {dag.py:3722} INFO - Setting next_dagrun for example_setup_teardown to 2023-11-04T18:42:16.051180+00:00, run_after=2023-11-05T18:42:16.051180+00:00
[2023-11-05T18:42:16.079+0000] {processor.py:179} INFO - Processing /home/airflow/.local/lib/python3.8/site-packages/airflow/example_dags/example_setup_teardown.py took 0.082 seconds
[2023-11-05T18:42:46.885+0000] {processor.py:157} INFO - Started process (PID=771) to work on /home/airflow/.local/lib/python3.8/site-packages/airflow/example_dags/example_setup_teardown.py
[2023-11-05T18:42:46.886+0000] {processor.py:829} INFO - Processing file /home/airflow/.local/lib/python3.8/site-packages/airflow/example_dags/example_setup_teardown.py for tasks to queue
[2023-11-05T18:42:46.888+0000] {logging_mixin.py:151} INFO - [2023-11-05T18:42:46.888+0000] {dagbag.py:536} INFO - Filling up the DagBag from /home/airflow/.local/lib/python3.8/site-packages/airflow/example_dags/example_setup_teardown.py
[2023-11-05T18:42:46.895+0000] {processor.py:839} INFO - DAG(s) dict_keys(['example_setup_teardown']) retrieved from /home/airflow/.local/lib/python3.8/site-packages/airflow/example_dags/example_setup_teardown.py
[2023-11-05T18:42:46.922+0000] {logging_mixin.py:151} INFO - [2023-11-05T18:42:46.922+0000] {dag.py:2941} INFO - Sync 1 DAGs
[2023-11-05T18:42:46.942+0000] {logging_mixin.py:151} INFO - [2023-11-05T18:42:46.942+0000] {dag.py:3722} INFO - Setting next_dagrun for example_setup_teardown to 2023-11-04T18:42:46.941886+00:00, run_after=2023-11-05T18:42:46.941886+00:00
[2023-11-05T18:42:46.961+0000] {processor.py:179} INFO - Processing /home/airflow/.local/lib/python3.8/site-packages/airflow/example_dags/example_setup_teardown.py took 0.079 seconds
[2023-11-05T18:43:17.394+0000] {processor.py:157} INFO - Started process (PID=825) to work on /home/airflow/.local/lib/python3.8/site-packages/airflow/example_dags/example_setup_teardown.py
[2023-11-05T18:43:17.395+0000] {processor.py:829} INFO - Processing file /home/airflow/.local/lib/python3.8/site-packages/airflow/example_dags/example_setup_teardown.py for tasks to queue
[2023-11-05T18:43:17.400+0000] {logging_mixin.py:151} INFO - [2023-11-05T18:43:17.399+0000] {dagbag.py:536} INFO - Filling up the DagBag from /home/airflow/.local/lib/python3.8/site-packages/airflow/example_dags/example_setup_teardown.py
[2023-11-05T18:43:17.406+0000] {processor.py:839} INFO - DAG(s) dict_keys(['example_setup_teardown']) retrieved from /home/airflow/.local/lib/python3.8/site-packages/airflow/example_dags/example_setup_teardown.py
[2023-11-05T18:43:17.435+0000] {logging_mixin.py:151} INFO - [2023-11-05T18:43:17.435+0000] {dag.py:2941} INFO - Sync 1 DAGs
[2023-11-05T18:43:17.458+0000] {logging_mixin.py:151} INFO - [2023-11-05T18:43:17.457+0000] {dag.py:3722} INFO - Setting next_dagrun for example_setup_teardown to 2023-11-04T18:43:17.457788+00:00, run_after=2023-11-05T18:43:17.457788+00:00
[2023-11-05T18:43:17.488+0000] {processor.py:179} INFO - Processing /home/airflow/.local/lib/python3.8/site-packages/airflow/example_dags/example_setup_teardown.py took 0.100 seconds
[2023-11-05T18:43:48.088+0000] {processor.py:157} INFO - Started process (PID=879) to work on /home/airflow/.local/lib/python3.8/site-packages/airflow/example_dags/example_setup_teardown.py
[2023-11-05T18:43:48.093+0000] {processor.py:829} INFO - Processing file /home/airflow/.local/lib/python3.8/site-packages/airflow/example_dags/example_setup_teardown.py for tasks to queue
[2023-11-05T18:43:48.120+0000] {logging_mixin.py:151} INFO - [2023-11-05T18:43:48.107+0000] {dagbag.py:536} INFO - Filling up the DagBag from /home/airflow/.local/lib/python3.8/site-packages/airflow/example_dags/example_setup_teardown.py
[2023-11-05T18:43:48.136+0000] {processor.py:839} INFO - DAG(s) dict_keys(['example_setup_teardown']) retrieved from /home/airflow/.local/lib/python3.8/site-packages/airflow/example_dags/example_setup_teardown.py
[2023-11-05T18:43:48.204+0000] {logging_mixin.py:151} INFO - [2023-11-05T18:43:48.203+0000] {dag.py:2941} INFO - Sync 1 DAGs
[2023-11-05T18:43:48.254+0000] {logging_mixin.py:151} INFO - [2023-11-05T18:43:48.253+0000] {dag.py:3722} INFO - Setting next_dagrun for example_setup_teardown to 2023-11-04T18:43:48.253386+00:00, run_after=2023-11-05T18:43:48.253386+00:00
[2023-11-05T18:43:48.329+0000] {processor.py:179} INFO - Processing /home/airflow/.local/lib/python3.8/site-packages/airflow/example_dags/example_setup_teardown.py took 0.247 seconds
[2023-11-05T18:44:18.526+0000] {processor.py:157} INFO - Started process (PID=933) to work on /home/airflow/.local/lib/python3.8/site-packages/airflow/example_dags/example_setup_teardown.py
[2023-11-05T18:44:18.528+0000] {processor.py:829} INFO - Processing file /home/airflow/.local/lib/python3.8/site-packages/airflow/example_dags/example_setup_teardown.py for tasks to queue
[2023-11-05T18:44:18.530+0000] {logging_mixin.py:151} INFO - [2023-11-05T18:44:18.530+0000] {dagbag.py:536} INFO - Filling up the DagBag from /home/airflow/.local/lib/python3.8/site-packages/airflow/example_dags/example_setup_teardown.py
[2023-11-05T18:44:18.534+0000] {processor.py:839} INFO - DAG(s) dict_keys(['example_setup_teardown']) retrieved from /home/airflow/.local/lib/python3.8/site-packages/airflow/example_dags/example_setup_teardown.py
[2023-11-05T18:44:18.555+0000] {logging_mixin.py:151} INFO - [2023-11-05T18:44:18.555+0000] {dag.py:2941} INFO - Sync 1 DAGs
[2023-11-05T18:44:18.567+0000] {logging_mixin.py:151} INFO - [2023-11-05T18:44:18.567+0000] {dag.py:3722} INFO - Setting next_dagrun for example_setup_teardown to 2023-11-04T18:44:18.567292+00:00, run_after=2023-11-05T18:44:18.567292+00:00
[2023-11-05T18:44:18.585+0000] {processor.py:179} INFO - Processing /home/airflow/.local/lib/python3.8/site-packages/airflow/example_dags/example_setup_teardown.py took 0.061 seconds
[2023-11-05T18:44:48.637+0000] {processor.py:157} INFO - Started process (PID=986) to work on /home/airflow/.local/lib/python3.8/site-packages/airflow/example_dags/example_setup_teardown.py
[2023-11-05T18:44:48.639+0000] {processor.py:829} INFO - Processing file /home/airflow/.local/lib/python3.8/site-packages/airflow/example_dags/example_setup_teardown.py for tasks to queue
[2023-11-05T18:44:48.642+0000] {logging_mixin.py:151} INFO - [2023-11-05T18:44:48.642+0000] {dagbag.py:536} INFO - Filling up the DagBag from /home/airflow/.local/lib/python3.8/site-packages/airflow/example_dags/example_setup_teardown.py
[2023-11-05T18:44:48.647+0000] {processor.py:839} INFO - DAG(s) dict_keys(['example_setup_teardown']) retrieved from /home/airflow/.local/lib/python3.8/site-packages/airflow/example_dags/example_setup_teardown.py
[2023-11-05T18:44:48.681+0000] {logging_mixin.py:151} INFO - [2023-11-05T18:44:48.680+0000] {dag.py:2941} INFO - Sync 1 DAGs
[2023-11-05T18:44:48.710+0000] {logging_mixin.py:151} INFO - [2023-11-05T18:44:48.710+0000] {dag.py:3722} INFO - Setting next_dagrun for example_setup_teardown to 2023-11-04T18:44:48.710514+00:00, run_after=2023-11-05T18:44:48.710514+00:00
[2023-11-05T18:44:48.746+0000] {processor.py:179} INFO - Processing /home/airflow/.local/lib/python3.8/site-packages/airflow/example_dags/example_setup_teardown.py took 0.112 seconds
[2023-11-05T18:46:13.443+0000] {processor.py:157} INFO - Started process (PID=65) to work on /home/airflow/.local/lib/python3.8/site-packages/airflow/example_dags/example_setup_teardown.py
[2023-11-05T18:46:13.447+0000] {processor.py:829} INFO - Processing file /home/airflow/.local/lib/python3.8/site-packages/airflow/example_dags/example_setup_teardown.py for tasks to queue
[2023-11-05T18:46:13.480+0000] {logging_mixin.py:151} INFO - [2023-11-05T18:46:13.475+0000] {dagbag.py:536} INFO - Filling up the DagBag from /home/airflow/.local/lib/python3.8/site-packages/airflow/example_dags/example_setup_teardown.py
[2023-11-05T18:46:13.498+0000] {processor.py:839} INFO - DAG(s) dict_keys(['example_setup_teardown']) retrieved from /home/airflow/.local/lib/python3.8/site-packages/airflow/example_dags/example_setup_teardown.py
[2023-11-05T18:46:13.554+0000] {logging_mixin.py:151} INFO - [2023-11-05T18:46:13.554+0000] {dag.py:2941} INFO - Sync 1 DAGs
[2023-11-05T18:46:13.660+0000] {logging_mixin.py:151} INFO - [2023-11-05T18:46:13.660+0000] {dag.py:3722} INFO - Setting next_dagrun for example_setup_teardown to 2023-11-04T18:46:13.657495+00:00, run_after=2023-11-05T18:46:13.657495+00:00
[2023-11-05T18:46:13.756+0000] {processor.py:179} INFO - Processing /home/airflow/.local/lib/python3.8/site-packages/airflow/example_dags/example_setup_teardown.py took 0.319 seconds
[2023-11-05T18:46:44.052+0000] {processor.py:157} INFO - Started process (PID=119) to work on /home/airflow/.local/lib/python3.8/site-packages/airflow/example_dags/example_setup_teardown.py
[2023-11-05T18:46:44.053+0000] {processor.py:829} INFO - Processing file /home/airflow/.local/lib/python3.8/site-packages/airflow/example_dags/example_setup_teardown.py for tasks to queue
[2023-11-05T18:46:44.057+0000] {logging_mixin.py:151} INFO - [2023-11-05T18:46:44.057+0000] {dagbag.py:536} INFO - Filling up the DagBag from /home/airflow/.local/lib/python3.8/site-packages/airflow/example_dags/example_setup_teardown.py
[2023-11-05T18:46:44.065+0000] {processor.py:839} INFO - DAG(s) dict_keys(['example_setup_teardown']) retrieved from /home/airflow/.local/lib/python3.8/site-packages/airflow/example_dags/example_setup_teardown.py
[2023-11-05T18:46:44.085+0000] {logging_mixin.py:151} INFO - [2023-11-05T18:46:44.084+0000] {dag.py:2941} INFO - Sync 1 DAGs
[2023-11-05T18:46:44.144+0000] {logging_mixin.py:151} INFO - [2023-11-05T18:46:44.144+0000] {dag.py:3722} INFO - Setting next_dagrun for example_setup_teardown to 2023-11-04T18:46:44.144208+00:00, run_after=2023-11-05T18:46:44.144208+00:00
[2023-11-05T18:46:44.198+0000] {processor.py:179} INFO - Processing /home/airflow/.local/lib/python3.8/site-packages/airflow/example_dags/example_setup_teardown.py took 0.149 seconds
[2023-11-05T18:47:14.386+0000] {processor.py:157} INFO - Started process (PID=173) to work on /home/airflow/.local/lib/python3.8/site-packages/airflow/example_dags/example_setup_teardown.py
[2023-11-05T18:47:14.389+0000] {processor.py:829} INFO - Processing file /home/airflow/.local/lib/python3.8/site-packages/airflow/example_dags/example_setup_teardown.py for tasks to queue
[2023-11-05T18:47:14.394+0000] {logging_mixin.py:151} INFO - [2023-11-05T18:47:14.393+0000] {dagbag.py:536} INFO - Filling up the DagBag from /home/airflow/.local/lib/python3.8/site-packages/airflow/example_dags/example_setup_teardown.py
[2023-11-05T18:47:14.408+0000] {processor.py:839} INFO - DAG(s) dict_keys(['example_setup_teardown']) retrieved from /home/airflow/.local/lib/python3.8/site-packages/airflow/example_dags/example_setup_teardown.py
[2023-11-05T18:47:14.455+0000] {logging_mixin.py:151} INFO - [2023-11-05T18:47:14.454+0000] {dag.py:2941} INFO - Sync 1 DAGs
[2023-11-05T18:47:14.491+0000] {logging_mixin.py:151} INFO - [2023-11-05T18:47:14.490+0000] {dag.py:3722} INFO - Setting next_dagrun for example_setup_teardown to 2023-11-04T18:47:14.490130+00:00, run_after=2023-11-05T18:47:14.490130+00:00
[2023-11-05T18:47:14.540+0000] {processor.py:179} INFO - Processing /home/airflow/.local/lib/python3.8/site-packages/airflow/example_dags/example_setup_teardown.py took 0.157 seconds
[2023-11-05T18:47:44.866+0000] {processor.py:157} INFO - Started process (PID=227) to work on /home/airflow/.local/lib/python3.8/site-packages/airflow/example_dags/example_setup_teardown.py
[2023-11-05T18:47:44.868+0000] {processor.py:829} INFO - Processing file /home/airflow/.local/lib/python3.8/site-packages/airflow/example_dags/example_setup_teardown.py for tasks to queue
[2023-11-05T18:47:44.874+0000] {logging_mixin.py:151} INFO - [2023-11-05T18:47:44.874+0000] {dagbag.py:536} INFO - Filling up the DagBag from /home/airflow/.local/lib/python3.8/site-packages/airflow/example_dags/example_setup_teardown.py
[2023-11-05T18:47:44.886+0000] {processor.py:839} INFO - DAG(s) dict_keys(['example_setup_teardown']) retrieved from /home/airflow/.local/lib/python3.8/site-packages/airflow/example_dags/example_setup_teardown.py
[2023-11-05T18:47:44.927+0000] {logging_mixin.py:151} INFO - [2023-11-05T18:47:44.927+0000] {dag.py:2941} INFO - Sync 1 DAGs
[2023-11-05T18:47:44.953+0000] {logging_mixin.py:151} INFO - [2023-11-05T18:47:44.953+0000] {dag.py:3722} INFO - Setting next_dagrun for example_setup_teardown to 2023-11-04T18:47:44.952803+00:00, run_after=2023-11-05T18:47:44.952803+00:00
[2023-11-05T18:47:44.985+0000] {processor.py:179} INFO - Processing /home/airflow/.local/lib/python3.8/site-packages/airflow/example_dags/example_setup_teardown.py took 0.122 seconds
[2023-11-05T18:48:15.632+0000] {processor.py:157} INFO - Started process (PID=281) to work on /home/airflow/.local/lib/python3.8/site-packages/airflow/example_dags/example_setup_teardown.py
[2023-11-05T18:48:15.638+0000] {processor.py:829} INFO - Processing file /home/airflow/.local/lib/python3.8/site-packages/airflow/example_dags/example_setup_teardown.py for tasks to queue
[2023-11-05T18:48:15.643+0000] {logging_mixin.py:151} INFO - [2023-11-05T18:48:15.642+0000] {dagbag.py:536} INFO - Filling up the DagBag from /home/airflow/.local/lib/python3.8/site-packages/airflow/example_dags/example_setup_teardown.py
[2023-11-05T18:48:15.657+0000] {processor.py:839} INFO - DAG(s) dict_keys(['example_setup_teardown']) retrieved from /home/airflow/.local/lib/python3.8/site-packages/airflow/example_dags/example_setup_teardown.py
[2023-11-05T18:48:15.718+0000] {logging_mixin.py:151} INFO - [2023-11-05T18:48:15.718+0000] {dag.py:2941} INFO - Sync 1 DAGs
[2023-11-05T18:48:15.734+0000] {logging_mixin.py:151} INFO - [2023-11-05T18:48:15.734+0000] {dag.py:3722} INFO - Setting next_dagrun for example_setup_teardown to 2023-11-04T18:48:15.734248+00:00, run_after=2023-11-05T18:48:15.734248+00:00
[2023-11-05T18:48:15.775+0000] {processor.py:179} INFO - Processing /home/airflow/.local/lib/python3.8/site-packages/airflow/example_dags/example_setup_teardown.py took 0.145 seconds
[2023-11-05T18:48:46.413+0000] {processor.py:157} INFO - Started process (PID=335) to work on /home/airflow/.local/lib/python3.8/site-packages/airflow/example_dags/example_setup_teardown.py
[2023-11-05T18:48:46.431+0000] {processor.py:829} INFO - Processing file /home/airflow/.local/lib/python3.8/site-packages/airflow/example_dags/example_setup_teardown.py for tasks to queue
[2023-11-05T18:48:46.435+0000] {logging_mixin.py:151} INFO - [2023-11-05T18:48:46.435+0000] {dagbag.py:536} INFO - Filling up the DagBag from /home/airflow/.local/lib/python3.8/site-packages/airflow/example_dags/example_setup_teardown.py
[2023-11-05T18:48:46.445+0000] {processor.py:839} INFO - DAG(s) dict_keys(['example_setup_teardown']) retrieved from /home/airflow/.local/lib/python3.8/site-packages/airflow/example_dags/example_setup_teardown.py
[2023-11-05T18:48:46.504+0000] {logging_mixin.py:151} INFO - [2023-11-05T18:48:46.504+0000] {dag.py:2941} INFO - Sync 1 DAGs
[2023-11-05T18:48:46.552+0000] {logging_mixin.py:151} INFO - [2023-11-05T18:48:46.552+0000] {dag.py:3722} INFO - Setting next_dagrun for example_setup_teardown to 2023-11-04T18:48:46.552566+00:00, run_after=2023-11-05T18:48:46.552566+00:00
[2023-11-05T18:48:46.625+0000] {processor.py:179} INFO - Processing /home/airflow/.local/lib/python3.8/site-packages/airflow/example_dags/example_setup_teardown.py took 0.214 seconds
[2023-11-05T18:53:32.094+0000] {processor.py:157} INFO - Started process (PID=389) to work on /home/airflow/.local/lib/python3.8/site-packages/airflow/example_dags/example_setup_teardown.py
[2023-11-05T18:53:32.095+0000] {processor.py:829} INFO - Processing file /home/airflow/.local/lib/python3.8/site-packages/airflow/example_dags/example_setup_teardown.py for tasks to queue
[2023-11-05T18:53:32.098+0000] {logging_mixin.py:151} INFO - [2023-11-05T18:53:32.097+0000] {dagbag.py:536} INFO - Filling up the DagBag from /home/airflow/.local/lib/python3.8/site-packages/airflow/example_dags/example_setup_teardown.py
[2023-11-05T18:53:32.103+0000] {processor.py:839} INFO - DAG(s) dict_keys(['example_setup_teardown']) retrieved from /home/airflow/.local/lib/python3.8/site-packages/airflow/example_dags/example_setup_teardown.py
[2023-11-05T18:53:32.123+0000] {logging_mixin.py:151} INFO - [2023-11-05T18:53:32.123+0000] {dag.py:2941} INFO - Sync 1 DAGs
[2023-11-05T18:53:32.143+0000] {logging_mixin.py:151} INFO - [2023-11-05T18:53:32.143+0000] {dag.py:3722} INFO - Setting next_dagrun for example_setup_teardown to 2023-11-04T18:53:32.142676+00:00, run_after=2023-11-05T18:53:32.142676+00:00
[2023-11-05T18:53:32.166+0000] {processor.py:179} INFO - Processing /home/airflow/.local/lib/python3.8/site-packages/airflow/example_dags/example_setup_teardown.py took 0.075 seconds
[2023-11-05T18:54:05.778+0000] {processor.py:157} INFO - Started process (PID=443) to work on /home/airflow/.local/lib/python3.8/site-packages/airflow/example_dags/example_setup_teardown.py
[2023-11-05T18:54:05.782+0000] {processor.py:829} INFO - Processing file /home/airflow/.local/lib/python3.8/site-packages/airflow/example_dags/example_setup_teardown.py for tasks to queue
[2023-11-05T18:54:05.793+0000] {logging_mixin.py:151} INFO - [2023-11-05T18:54:05.792+0000] {dagbag.py:536} INFO - Filling up the DagBag from /home/airflow/.local/lib/python3.8/site-packages/airflow/example_dags/example_setup_teardown.py
[2023-11-05T18:54:05.803+0000] {processor.py:839} INFO - DAG(s) dict_keys(['example_setup_teardown']) retrieved from /home/airflow/.local/lib/python3.8/site-packages/airflow/example_dags/example_setup_teardown.py
[2023-11-05T18:54:05.916+0000] {logging_mixin.py:151} INFO - [2023-11-05T18:54:05.916+0000] {dag.py:2941} INFO - Sync 1 DAGs
[2023-11-05T18:54:06.028+0000] {logging_mixin.py:151} INFO - [2023-11-05T18:54:06.028+0000] {dag.py:3722} INFO - Setting next_dagrun for example_setup_teardown to 2023-11-04T18:54:06.025139+00:00, run_after=2023-11-05T18:54:06.025139+00:00
[2023-11-05T18:54:06.116+0000] {processor.py:179} INFO - Processing /home/airflow/.local/lib/python3.8/site-packages/airflow/example_dags/example_setup_teardown.py took 0.347 seconds
[2023-11-05T18:54:36.251+0000] {processor.py:157} INFO - Started process (PID=497) to work on /home/airflow/.local/lib/python3.8/site-packages/airflow/example_dags/example_setup_teardown.py
[2023-11-05T18:54:36.255+0000] {processor.py:829} INFO - Processing file /home/airflow/.local/lib/python3.8/site-packages/airflow/example_dags/example_setup_teardown.py for tasks to queue
[2023-11-05T18:54:36.259+0000] {logging_mixin.py:151} INFO - [2023-11-05T18:54:36.258+0000] {dagbag.py:536} INFO - Filling up the DagBag from /home/airflow/.local/lib/python3.8/site-packages/airflow/example_dags/example_setup_teardown.py
[2023-11-05T18:54:36.272+0000] {processor.py:839} INFO - DAG(s) dict_keys(['example_setup_teardown']) retrieved from /home/airflow/.local/lib/python3.8/site-packages/airflow/example_dags/example_setup_teardown.py
[2023-11-05T18:54:36.310+0000] {logging_mixin.py:151} INFO - [2023-11-05T18:54:36.309+0000] {dag.py:2941} INFO - Sync 1 DAGs
[2023-11-05T18:54:36.371+0000] {logging_mixin.py:151} INFO - [2023-11-05T18:54:36.370+0000] {dag.py:3722} INFO - Setting next_dagrun for example_setup_teardown to 2023-11-04T18:54:36.370206+00:00, run_after=2023-11-05T18:54:36.370206+00:00
[2023-11-05T18:54:36.412+0000] {processor.py:179} INFO - Processing /home/airflow/.local/lib/python3.8/site-packages/airflow/example_dags/example_setup_teardown.py took 0.165 seconds
