[2023-11-05T18:36:00.427+0000] {processor.py:157} INFO - Started process (PID=45) to work on /home/airflow/.local/lib/python3.8/site-packages/airflow/example_dags/example_short_circuit_decorator.py
[2023-11-05T18:36:00.432+0000] {processor.py:829} INFO - Processing file /home/airflow/.local/lib/python3.8/site-packages/airflow/example_dags/example_short_circuit_decorator.py for tasks to queue
[2023-11-05T18:36:00.436+0000] {logging_mixin.py:151} INFO - [2023-11-05T18:36:00.436+0000] {dagbag.py:536} INFO - Filling up the DagBag from /home/airflow/.local/lib/python3.8/site-packages/airflow/example_dags/example_short_circuit_decorator.py
[2023-11-05T18:36:00.447+0000] {processor.py:839} INFO - DAG(s) dict_keys(['example_short_circuit_decorator']) retrieved from /home/airflow/.local/lib/python3.8/site-packages/airflow/example_dags/example_short_circuit_decorator.py
[2023-11-05T18:36:00.671+0000] {logging_mixin.py:151} INFO - [2023-11-05T18:36:00.671+0000] {dag.py:2941} INFO - Sync 1 DAGs
[2023-11-05T18:36:00.769+0000] {logging_mixin.py:151} INFO - [2023-11-05T18:36:00.768+0000] {dag.py:3722} INFO - Setting next_dagrun for example_short_circuit_decorator to 2023-11-04T18:36:00.768550+00:00, run_after=2023-11-05T18:36:00.768550+00:00
[2023-11-05T18:36:01.127+0000] {processor.py:179} INFO - Processing /home/airflow/.local/lib/python3.8/site-packages/airflow/example_dags/example_short_circuit_decorator.py took 0.704 seconds
[2023-11-05T18:36:31.293+0000] {processor.py:157} INFO - Started process (PID=98) to work on /home/airflow/.local/lib/python3.8/site-packages/airflow/example_dags/example_short_circuit_decorator.py
[2023-11-05T18:36:31.302+0000] {processor.py:829} INFO - Processing file /home/airflow/.local/lib/python3.8/site-packages/airflow/example_dags/example_short_circuit_decorator.py for tasks to queue
[2023-11-05T18:36:31.317+0000] {logging_mixin.py:151} INFO - [2023-11-05T18:36:31.317+0000] {dagbag.py:536} INFO - Filling up the DagBag from /home/airflow/.local/lib/python3.8/site-packages/airflow/example_dags/example_short_circuit_decorator.py
[2023-11-05T18:36:31.337+0000] {processor.py:839} INFO - DAG(s) dict_keys(['example_short_circuit_decorator']) retrieved from /home/airflow/.local/lib/python3.8/site-packages/airflow/example_dags/example_short_circuit_decorator.py
[2023-11-05T18:36:31.405+0000] {logging_mixin.py:151} INFO - [2023-11-05T18:36:31.404+0000] {dag.py:2941} INFO - Sync 1 DAGs
[2023-11-05T18:36:31.434+0000] {logging_mixin.py:151} INFO - [2023-11-05T18:36:31.434+0000] {dag.py:3722} INFO - Setting next_dagrun for example_short_circuit_decorator to 2023-11-04T18:36:31.434388+00:00, run_after=2023-11-05T18:36:31.434388+00:00
[2023-11-05T18:36:31.614+0000] {processor.py:179} INFO - Processing /home/airflow/.local/lib/python3.8/site-packages/airflow/example_dags/example_short_circuit_decorator.py took 0.323 seconds
[2023-11-05T18:37:01.842+0000] {processor.py:157} INFO - Started process (PID=151) to work on /home/airflow/.local/lib/python3.8/site-packages/airflow/example_dags/example_short_circuit_decorator.py
[2023-11-05T18:37:01.844+0000] {processor.py:829} INFO - Processing file /home/airflow/.local/lib/python3.8/site-packages/airflow/example_dags/example_short_circuit_decorator.py for tasks to queue
[2023-11-05T18:37:01.848+0000] {logging_mixin.py:151} INFO - [2023-11-05T18:37:01.848+0000] {dagbag.py:536} INFO - Filling up the DagBag from /home/airflow/.local/lib/python3.8/site-packages/airflow/example_dags/example_short_circuit_decorator.py
[2023-11-05T18:37:01.857+0000] {processor.py:839} INFO - DAG(s) dict_keys(['example_short_circuit_decorator']) retrieved from /home/airflow/.local/lib/python3.8/site-packages/airflow/example_dags/example_short_circuit_decorator.py
[2023-11-05T18:37:01.895+0000] {logging_mixin.py:151} INFO - [2023-11-05T18:37:01.895+0000] {dag.py:2941} INFO - Sync 1 DAGs
[2023-11-05T18:37:01.943+0000] {logging_mixin.py:151} INFO - [2023-11-05T18:37:01.942+0000] {dag.py:3722} INFO - Setting next_dagrun for example_short_circuit_decorator to 2023-11-04T18:37:01.935572+00:00, run_after=2023-11-05T18:37:01.935572+00:00
[2023-11-05T18:37:01.971+0000] {processor.py:179} INFO - Processing /home/airflow/.local/lib/python3.8/site-packages/airflow/example_dags/example_short_circuit_decorator.py took 0.131 seconds
[2023-11-05T18:37:33.158+0000] {processor.py:157} INFO - Started process (PID=206) to work on /home/airflow/.local/lib/python3.8/site-packages/airflow/example_dags/example_short_circuit_decorator.py
[2023-11-05T18:37:33.165+0000] {processor.py:829} INFO - Processing file /home/airflow/.local/lib/python3.8/site-packages/airflow/example_dags/example_short_circuit_decorator.py for tasks to queue
[2023-11-05T18:37:33.178+0000] {logging_mixin.py:151} INFO - [2023-11-05T18:37:33.177+0000] {dagbag.py:536} INFO - Filling up the DagBag from /home/airflow/.local/lib/python3.8/site-packages/airflow/example_dags/example_short_circuit_decorator.py
[2023-11-05T18:37:33.191+0000] {processor.py:839} INFO - DAG(s) dict_keys(['example_short_circuit_decorator']) retrieved from /home/airflow/.local/lib/python3.8/site-packages/airflow/example_dags/example_short_circuit_decorator.py
[2023-11-05T18:37:33.234+0000] {logging_mixin.py:151} INFO - [2023-11-05T18:37:33.234+0000] {dag.py:2941} INFO - Sync 1 DAGs
[2023-11-05T18:37:33.261+0000] {logging_mixin.py:151} INFO - [2023-11-05T18:37:33.261+0000] {dag.py:3722} INFO - Setting next_dagrun for example_short_circuit_decorator to 2023-11-04T18:37:33.261581+00:00, run_after=2023-11-05T18:37:33.261581+00:00
[2023-11-05T18:37:33.334+0000] {processor.py:179} INFO - Processing /home/airflow/.local/lib/python3.8/site-packages/airflow/example_dags/example_short_circuit_decorator.py took 0.183 seconds
[2023-11-05T18:38:04.135+0000] {processor.py:157} INFO - Started process (PID=260) to work on /home/airflow/.local/lib/python3.8/site-packages/airflow/example_dags/example_short_circuit_decorator.py
[2023-11-05T18:38:04.136+0000] {processor.py:829} INFO - Processing file /home/airflow/.local/lib/python3.8/site-packages/airflow/example_dags/example_short_circuit_decorator.py for tasks to queue
[2023-11-05T18:38:04.143+0000] {logging_mixin.py:151} INFO - [2023-11-05T18:38:04.142+0000] {dagbag.py:536} INFO - Filling up the DagBag from /home/airflow/.local/lib/python3.8/site-packages/airflow/example_dags/example_short_circuit_decorator.py
[2023-11-05T18:38:04.157+0000] {processor.py:839} INFO - DAG(s) dict_keys(['example_short_circuit_decorator']) retrieved from /home/airflow/.local/lib/python3.8/site-packages/airflow/example_dags/example_short_circuit_decorator.py
[2023-11-05T18:38:04.214+0000] {logging_mixin.py:151} INFO - [2023-11-05T18:38:04.214+0000] {dag.py:2941} INFO - Sync 1 DAGs
[2023-11-05T18:38:04.234+0000] {logging_mixin.py:151} INFO - [2023-11-05T18:38:04.234+0000] {dag.py:3722} INFO - Setting next_dagrun for example_short_circuit_decorator to 2023-11-04T18:38:04.234027+00:00, run_after=2023-11-05T18:38:04.234027+00:00
[2023-11-05T18:38:04.270+0000] {processor.py:179} INFO - Processing /home/airflow/.local/lib/python3.8/site-packages/airflow/example_dags/example_short_circuit_decorator.py took 0.138 seconds
[2023-11-05T18:38:35.205+0000] {processor.py:157} INFO - Started process (PID=313) to work on /home/airflow/.local/lib/python3.8/site-packages/airflow/example_dags/example_short_circuit_decorator.py
[2023-11-05T18:38:35.219+0000] {processor.py:829} INFO - Processing file /home/airflow/.local/lib/python3.8/site-packages/airflow/example_dags/example_short_circuit_decorator.py for tasks to queue
[2023-11-05T18:38:35.241+0000] {logging_mixin.py:151} INFO - [2023-11-05T18:38:35.241+0000] {dagbag.py:536} INFO - Filling up the DagBag from /home/airflow/.local/lib/python3.8/site-packages/airflow/example_dags/example_short_circuit_decorator.py
[2023-11-05T18:38:35.256+0000] {processor.py:839} INFO - DAG(s) dict_keys(['example_short_circuit_decorator']) retrieved from /home/airflow/.local/lib/python3.8/site-packages/airflow/example_dags/example_short_circuit_decorator.py
[2023-11-05T18:38:35.366+0000] {logging_mixin.py:151} INFO - [2023-11-05T18:38:35.365+0000] {dag.py:2941} INFO - Sync 1 DAGs
[2023-11-05T18:38:35.427+0000] {logging_mixin.py:151} INFO - [2023-11-05T18:38:35.427+0000] {dag.py:3722} INFO - Setting next_dagrun for example_short_circuit_decorator to 2023-11-04T18:38:35.427488+00:00, run_after=2023-11-05T18:38:35.427488+00:00
[2023-11-05T18:38:35.570+0000] {processor.py:179} INFO - Processing /home/airflow/.local/lib/python3.8/site-packages/airflow/example_dags/example_short_circuit_decorator.py took 0.367 seconds
[2023-11-05T18:39:05.836+0000] {processor.py:157} INFO - Started process (PID=367) to work on /home/airflow/.local/lib/python3.8/site-packages/airflow/example_dags/example_short_circuit_decorator.py
[2023-11-05T18:39:05.839+0000] {processor.py:829} INFO - Processing file /home/airflow/.local/lib/python3.8/site-packages/airflow/example_dags/example_short_circuit_decorator.py for tasks to queue
[2023-11-05T18:39:05.847+0000] {logging_mixin.py:151} INFO - [2023-11-05T18:39:05.847+0000] {dagbag.py:536} INFO - Filling up the DagBag from /home/airflow/.local/lib/python3.8/site-packages/airflow/example_dags/example_short_circuit_decorator.py
[2023-11-05T18:39:05.864+0000] {processor.py:839} INFO - DAG(s) dict_keys(['example_short_circuit_decorator']) retrieved from /home/airflow/.local/lib/python3.8/site-packages/airflow/example_dags/example_short_circuit_decorator.py
[2023-11-05T18:39:05.938+0000] {logging_mixin.py:151} INFO - [2023-11-05T18:39:05.938+0000] {dag.py:2941} INFO - Sync 1 DAGs
[2023-11-05T18:39:05.975+0000] {logging_mixin.py:151} INFO - [2023-11-05T18:39:05.975+0000] {dag.py:3722} INFO - Setting next_dagrun for example_short_circuit_decorator to 2023-11-04T18:39:05.975135+00:00, run_after=2023-11-05T18:39:05.975135+00:00
[2023-11-05T18:39:06.075+0000] {processor.py:179} INFO - Processing /home/airflow/.local/lib/python3.8/site-packages/airflow/example_dags/example_short_circuit_decorator.py took 0.241 seconds
[2023-11-05T18:39:36.300+0000] {processor.py:157} INFO - Started process (PID=421) to work on /home/airflow/.local/lib/python3.8/site-packages/airflow/example_dags/example_short_circuit_decorator.py
[2023-11-05T18:39:36.308+0000] {processor.py:829} INFO - Processing file /home/airflow/.local/lib/python3.8/site-packages/airflow/example_dags/example_short_circuit_decorator.py for tasks to queue
[2023-11-05T18:39:36.313+0000] {logging_mixin.py:151} INFO - [2023-11-05T18:39:36.313+0000] {dagbag.py:536} INFO - Filling up the DagBag from /home/airflow/.local/lib/python3.8/site-packages/airflow/example_dags/example_short_circuit_decorator.py
[2023-11-05T18:39:36.341+0000] {processor.py:839} INFO - DAG(s) dict_keys(['example_short_circuit_decorator']) retrieved from /home/airflow/.local/lib/python3.8/site-packages/airflow/example_dags/example_short_circuit_decorator.py
[2023-11-05T18:39:36.438+0000] {logging_mixin.py:151} INFO - [2023-11-05T18:39:36.438+0000] {dag.py:2941} INFO - Sync 1 DAGs
[2023-11-05T18:39:36.468+0000] {logging_mixin.py:151} INFO - [2023-11-05T18:39:36.468+0000] {dag.py:3722} INFO - Setting next_dagrun for example_short_circuit_decorator to 2023-11-04T18:39:36.468010+00:00, run_after=2023-11-05T18:39:36.468010+00:00
[2023-11-05T18:39:36.533+0000] {processor.py:179} INFO - Processing /home/airflow/.local/lib/python3.8/site-packages/airflow/example_dags/example_short_circuit_decorator.py took 0.209 seconds
[2023-11-05T18:40:07.160+0000] {processor.py:157} INFO - Started process (PID=475) to work on /home/airflow/.local/lib/python3.8/site-packages/airflow/example_dags/example_short_circuit_decorator.py
[2023-11-05T18:40:07.164+0000] {processor.py:829} INFO - Processing file /home/airflow/.local/lib/python3.8/site-packages/airflow/example_dags/example_short_circuit_decorator.py for tasks to queue
[2023-11-05T18:40:07.166+0000] {logging_mixin.py:151} INFO - [2023-11-05T18:40:07.166+0000] {dagbag.py:536} INFO - Filling up the DagBag from /home/airflow/.local/lib/python3.8/site-packages/airflow/example_dags/example_short_circuit_decorator.py
[2023-11-05T18:40:07.174+0000] {processor.py:839} INFO - DAG(s) dict_keys(['example_short_circuit_decorator']) retrieved from /home/airflow/.local/lib/python3.8/site-packages/airflow/example_dags/example_short_circuit_decorator.py
[2023-11-05T18:40:07.206+0000] {logging_mixin.py:151} INFO - [2023-11-05T18:40:07.206+0000] {dag.py:2941} INFO - Sync 1 DAGs
[2023-11-05T18:40:07.228+0000] {logging_mixin.py:151} INFO - [2023-11-05T18:40:07.228+0000] {dag.py:3722} INFO - Setting next_dagrun for example_short_circuit_decorator to 2023-11-04T18:40:07.227849+00:00, run_after=2023-11-05T18:40:07.227849+00:00
[2023-11-05T18:40:07.296+0000] {processor.py:179} INFO - Processing /home/airflow/.local/lib/python3.8/site-packages/airflow/example_dags/example_short_circuit_decorator.py took 0.139 seconds
[2023-11-05T18:40:37.806+0000] {processor.py:157} INFO - Started process (PID=529) to work on /home/airflow/.local/lib/python3.8/site-packages/airflow/example_dags/example_short_circuit_decorator.py
[2023-11-05T18:40:37.807+0000] {processor.py:829} INFO - Processing file /home/airflow/.local/lib/python3.8/site-packages/airflow/example_dags/example_short_circuit_decorator.py for tasks to queue
[2023-11-05T18:40:37.810+0000] {logging_mixin.py:151} INFO - [2023-11-05T18:40:37.809+0000] {dagbag.py:536} INFO - Filling up the DagBag from /home/airflow/.local/lib/python3.8/site-packages/airflow/example_dags/example_short_circuit_decorator.py
[2023-11-05T18:40:37.817+0000] {processor.py:839} INFO - DAG(s) dict_keys(['example_short_circuit_decorator']) retrieved from /home/airflow/.local/lib/python3.8/site-packages/airflow/example_dags/example_short_circuit_decorator.py
[2023-11-05T18:40:37.840+0000] {logging_mixin.py:151} INFO - [2023-11-05T18:40:37.840+0000] {dag.py:2941} INFO - Sync 1 DAGs
[2023-11-05T18:40:37.855+0000] {logging_mixin.py:151} INFO - [2023-11-05T18:40:37.855+0000] {dag.py:3722} INFO - Setting next_dagrun for example_short_circuit_decorator to 2023-11-04T18:40:37.855614+00:00, run_after=2023-11-05T18:40:37.855614+00:00
[2023-11-05T18:40:37.894+0000] {processor.py:179} INFO - Processing /home/airflow/.local/lib/python3.8/site-packages/airflow/example_dags/example_short_circuit_decorator.py took 0.091 seconds
[2023-11-05T18:41:08.072+0000] {processor.py:157} INFO - Started process (PID=582) to work on /home/airflow/.local/lib/python3.8/site-packages/airflow/example_dags/example_short_circuit_decorator.py
[2023-11-05T18:41:08.075+0000] {processor.py:829} INFO - Processing file /home/airflow/.local/lib/python3.8/site-packages/airflow/example_dags/example_short_circuit_decorator.py for tasks to queue
[2023-11-05T18:41:08.080+0000] {logging_mixin.py:151} INFO - [2023-11-05T18:41:08.080+0000] {dagbag.py:536} INFO - Filling up the DagBag from /home/airflow/.local/lib/python3.8/site-packages/airflow/example_dags/example_short_circuit_decorator.py
[2023-11-05T18:41:08.096+0000] {processor.py:839} INFO - DAG(s) dict_keys(['example_short_circuit_decorator']) retrieved from /home/airflow/.local/lib/python3.8/site-packages/airflow/example_dags/example_short_circuit_decorator.py
[2023-11-05T18:41:08.154+0000] {logging_mixin.py:151} INFO - [2023-11-05T18:41:08.154+0000] {dag.py:2941} INFO - Sync 1 DAGs
[2023-11-05T18:41:08.176+0000] {logging_mixin.py:151} INFO - [2023-11-05T18:41:08.176+0000] {dag.py:3722} INFO - Setting next_dagrun for example_short_circuit_decorator to 2023-11-04T18:41:08.175946+00:00, run_after=2023-11-05T18:41:08.175946+00:00
[2023-11-05T18:41:08.253+0000] {processor.py:179} INFO - Processing /home/airflow/.local/lib/python3.8/site-packages/airflow/example_dags/example_short_circuit_decorator.py took 0.186 seconds
[2023-11-05T18:41:38.394+0000] {processor.py:157} INFO - Started process (PID=636) to work on /home/airflow/.local/lib/python3.8/site-packages/airflow/example_dags/example_short_circuit_decorator.py
[2023-11-05T18:41:38.397+0000] {processor.py:829} INFO - Processing file /home/airflow/.local/lib/python3.8/site-packages/airflow/example_dags/example_short_circuit_decorator.py for tasks to queue
[2023-11-05T18:41:38.402+0000] {logging_mixin.py:151} INFO - [2023-11-05T18:41:38.401+0000] {dagbag.py:536} INFO - Filling up the DagBag from /home/airflow/.local/lib/python3.8/site-packages/airflow/example_dags/example_short_circuit_decorator.py
[2023-11-05T18:41:38.410+0000] {processor.py:839} INFO - DAG(s) dict_keys(['example_short_circuit_decorator']) retrieved from /home/airflow/.local/lib/python3.8/site-packages/airflow/example_dags/example_short_circuit_decorator.py
[2023-11-05T18:41:38.461+0000] {logging_mixin.py:151} INFO - [2023-11-05T18:41:38.461+0000] {dag.py:2941} INFO - Sync 1 DAGs
[2023-11-05T18:41:38.490+0000] {logging_mixin.py:151} INFO - [2023-11-05T18:41:38.490+0000] {dag.py:3722} INFO - Setting next_dagrun for example_short_circuit_decorator to 2023-11-04T18:41:38.490286+00:00, run_after=2023-11-05T18:41:38.490286+00:00
[2023-11-05T18:41:38.511+0000] {processor.py:179} INFO - Processing /home/airflow/.local/lib/python3.8/site-packages/airflow/example_dags/example_short_circuit_decorator.py took 0.120 seconds
[2023-11-05T18:42:08.636+0000] {processor.py:157} INFO - Started process (PID=689) to work on /home/airflow/.local/lib/python3.8/site-packages/airflow/example_dags/example_short_circuit_decorator.py
[2023-11-05T18:42:08.637+0000] {processor.py:829} INFO - Processing file /home/airflow/.local/lib/python3.8/site-packages/airflow/example_dags/example_short_circuit_decorator.py for tasks to queue
[2023-11-05T18:42:08.643+0000] {logging_mixin.py:151} INFO - [2023-11-05T18:42:08.643+0000] {dagbag.py:536} INFO - Filling up the DagBag from /home/airflow/.local/lib/python3.8/site-packages/airflow/example_dags/example_short_circuit_decorator.py
[2023-11-05T18:42:08.658+0000] {processor.py:839} INFO - DAG(s) dict_keys(['example_short_circuit_decorator']) retrieved from /home/airflow/.local/lib/python3.8/site-packages/airflow/example_dags/example_short_circuit_decorator.py
[2023-11-05T18:42:08.688+0000] {logging_mixin.py:151} INFO - [2023-11-05T18:42:08.688+0000] {dag.py:2941} INFO - Sync 1 DAGs
[2023-11-05T18:42:08.721+0000] {logging_mixin.py:151} INFO - [2023-11-05T18:42:08.721+0000] {dag.py:3722} INFO - Setting next_dagrun for example_short_circuit_decorator to 2023-11-04T18:42:08.720563+00:00, run_after=2023-11-05T18:42:08.720563+00:00
[2023-11-05T18:42:08.776+0000] {processor.py:179} INFO - Processing /home/airflow/.local/lib/python3.8/site-packages/airflow/example_dags/example_short_circuit_decorator.py took 0.143 seconds
[2023-11-05T18:42:38.978+0000] {processor.py:157} INFO - Started process (PID=743) to work on /home/airflow/.local/lib/python3.8/site-packages/airflow/example_dags/example_short_circuit_decorator.py
[2023-11-05T18:42:38.980+0000] {processor.py:829} INFO - Processing file /home/airflow/.local/lib/python3.8/site-packages/airflow/example_dags/example_short_circuit_decorator.py for tasks to queue
[2023-11-05T18:42:38.982+0000] {logging_mixin.py:151} INFO - [2023-11-05T18:42:38.982+0000] {dagbag.py:536} INFO - Filling up the DagBag from /home/airflow/.local/lib/python3.8/site-packages/airflow/example_dags/example_short_circuit_decorator.py
[2023-11-05T18:42:38.991+0000] {processor.py:839} INFO - DAG(s) dict_keys(['example_short_circuit_decorator']) retrieved from /home/airflow/.local/lib/python3.8/site-packages/airflow/example_dags/example_short_circuit_decorator.py
[2023-11-05T18:42:39.019+0000] {logging_mixin.py:151} INFO - [2023-11-05T18:42:39.019+0000] {dag.py:2941} INFO - Sync 1 DAGs
[2023-11-05T18:42:39.036+0000] {logging_mixin.py:151} INFO - [2023-11-05T18:42:39.035+0000] {dag.py:3722} INFO - Setting next_dagrun for example_short_circuit_decorator to 2023-11-04T18:42:39.035804+00:00, run_after=2023-11-05T18:42:39.035804+00:00
[2023-11-05T18:42:39.055+0000] {processor.py:179} INFO - Processing /home/airflow/.local/lib/python3.8/site-packages/airflow/example_dags/example_short_circuit_decorator.py took 0.080 seconds
[2023-11-05T18:43:09.340+0000] {processor.py:157} INFO - Started process (PID=797) to work on /home/airflow/.local/lib/python3.8/site-packages/airflow/example_dags/example_short_circuit_decorator.py
[2023-11-05T18:43:09.342+0000] {processor.py:829} INFO - Processing file /home/airflow/.local/lib/python3.8/site-packages/airflow/example_dags/example_short_circuit_decorator.py for tasks to queue
[2023-11-05T18:43:09.345+0000] {logging_mixin.py:151} INFO - [2023-11-05T18:43:09.344+0000] {dagbag.py:536} INFO - Filling up the DagBag from /home/airflow/.local/lib/python3.8/site-packages/airflow/example_dags/example_short_circuit_decorator.py
[2023-11-05T18:43:09.351+0000] {processor.py:839} INFO - DAG(s) dict_keys(['example_short_circuit_decorator']) retrieved from /home/airflow/.local/lib/python3.8/site-packages/airflow/example_dags/example_short_circuit_decorator.py
[2023-11-05T18:43:09.376+0000] {logging_mixin.py:151} INFO - [2023-11-05T18:43:09.376+0000] {dag.py:2941} INFO - Sync 1 DAGs
[2023-11-05T18:43:09.397+0000] {logging_mixin.py:151} INFO - [2023-11-05T18:43:09.397+0000] {dag.py:3722} INFO - Setting next_dagrun for example_short_circuit_decorator to 2023-11-04T18:43:09.397558+00:00, run_after=2023-11-05T18:43:09.397558+00:00
[2023-11-05T18:43:09.423+0000] {processor.py:179} INFO - Processing /home/airflow/.local/lib/python3.8/site-packages/airflow/example_dags/example_short_circuit_decorator.py took 0.085 seconds
[2023-11-05T18:43:39.942+0000] {processor.py:157} INFO - Started process (PID=851) to work on /home/airflow/.local/lib/python3.8/site-packages/airflow/example_dags/example_short_circuit_decorator.py
[2023-11-05T18:43:39.944+0000] {processor.py:829} INFO - Processing file /home/airflow/.local/lib/python3.8/site-packages/airflow/example_dags/example_short_circuit_decorator.py for tasks to queue
[2023-11-05T18:43:39.948+0000] {logging_mixin.py:151} INFO - [2023-11-05T18:43:39.947+0000] {dagbag.py:536} INFO - Filling up the DagBag from /home/airflow/.local/lib/python3.8/site-packages/airflow/example_dags/example_short_circuit_decorator.py
[2023-11-05T18:43:39.960+0000] {processor.py:839} INFO - DAG(s) dict_keys(['example_short_circuit_decorator']) retrieved from /home/airflow/.local/lib/python3.8/site-packages/airflow/example_dags/example_short_circuit_decorator.py
[2023-11-05T18:43:39.983+0000] {logging_mixin.py:151} INFO - [2023-11-05T18:43:39.983+0000] {dag.py:2941} INFO - Sync 1 DAGs
[2023-11-05T18:43:39.999+0000] {logging_mixin.py:151} INFO - [2023-11-05T18:43:39.999+0000] {dag.py:3722} INFO - Setting next_dagrun for example_short_circuit_decorator to 2023-11-04T18:43:39.999601+00:00, run_after=2023-11-05T18:43:39.999601+00:00
[2023-11-05T18:43:40.028+0000] {processor.py:179} INFO - Processing /home/airflow/.local/lib/python3.8/site-packages/airflow/example_dags/example_short_circuit_decorator.py took 0.089 seconds
[2023-11-05T18:44:10.476+0000] {processor.py:157} INFO - Started process (PID=905) to work on /home/airflow/.local/lib/python3.8/site-packages/airflow/example_dags/example_short_circuit_decorator.py
[2023-11-05T18:44:10.478+0000] {processor.py:829} INFO - Processing file /home/airflow/.local/lib/python3.8/site-packages/airflow/example_dags/example_short_circuit_decorator.py for tasks to queue
[2023-11-05T18:44:10.479+0000] {logging_mixin.py:151} INFO - [2023-11-05T18:44:10.479+0000] {dagbag.py:536} INFO - Filling up the DagBag from /home/airflow/.local/lib/python3.8/site-packages/airflow/example_dags/example_short_circuit_decorator.py
[2023-11-05T18:44:10.486+0000] {processor.py:839} INFO - DAG(s) dict_keys(['example_short_circuit_decorator']) retrieved from /home/airflow/.local/lib/python3.8/site-packages/airflow/example_dags/example_short_circuit_decorator.py
[2023-11-05T18:44:10.514+0000] {logging_mixin.py:151} INFO - [2023-11-05T18:44:10.514+0000] {dag.py:2941} INFO - Sync 1 DAGs
[2023-11-05T18:44:10.534+0000] {logging_mixin.py:151} INFO - [2023-11-05T18:44:10.534+0000] {dag.py:3722} INFO - Setting next_dagrun for example_short_circuit_decorator to 2023-11-04T18:44:10.534685+00:00, run_after=2023-11-05T18:44:10.534685+00:00
[2023-11-05T18:44:10.561+0000] {processor.py:179} INFO - Processing /home/airflow/.local/lib/python3.8/site-packages/airflow/example_dags/example_short_circuit_decorator.py took 0.087 seconds
[2023-11-05T18:44:40.860+0000] {processor.py:157} INFO - Started process (PID=959) to work on /home/airflow/.local/lib/python3.8/site-packages/airflow/example_dags/example_short_circuit_decorator.py
[2023-11-05T18:44:40.862+0000] {processor.py:829} INFO - Processing file /home/airflow/.local/lib/python3.8/site-packages/airflow/example_dags/example_short_circuit_decorator.py for tasks to queue
[2023-11-05T18:44:40.865+0000] {logging_mixin.py:151} INFO - [2023-11-05T18:44:40.864+0000] {dagbag.py:536} INFO - Filling up the DagBag from /home/airflow/.local/lib/python3.8/site-packages/airflow/example_dags/example_short_circuit_decorator.py
[2023-11-05T18:44:40.876+0000] {processor.py:839} INFO - DAG(s) dict_keys(['example_short_circuit_decorator']) retrieved from /home/airflow/.local/lib/python3.8/site-packages/airflow/example_dags/example_short_circuit_decorator.py
[2023-11-05T18:44:40.905+0000] {logging_mixin.py:151} INFO - [2023-11-05T18:44:40.905+0000] {dag.py:2941} INFO - Sync 1 DAGs
[2023-11-05T18:44:40.921+0000] {logging_mixin.py:151} INFO - [2023-11-05T18:44:40.921+0000] {dag.py:3722} INFO - Setting next_dagrun for example_short_circuit_decorator to 2023-11-04T18:44:40.921181+00:00, run_after=2023-11-05T18:44:40.921181+00:00
[2023-11-05T18:44:40.943+0000] {processor.py:179} INFO - Processing /home/airflow/.local/lib/python3.8/site-packages/airflow/example_dags/example_short_circuit_decorator.py took 0.088 seconds
[2023-11-05T18:45:11.276+0000] {processor.py:157} INFO - Started process (PID=1012) to work on /home/airflow/.local/lib/python3.8/site-packages/airflow/example_dags/example_short_circuit_decorator.py
[2023-11-05T18:45:11.278+0000] {processor.py:829} INFO - Processing file /home/airflow/.local/lib/python3.8/site-packages/airflow/example_dags/example_short_circuit_decorator.py for tasks to queue
[2023-11-05T18:45:11.280+0000] {logging_mixin.py:151} INFO - [2023-11-05T18:45:11.280+0000] {dagbag.py:536} INFO - Filling up the DagBag from /home/airflow/.local/lib/python3.8/site-packages/airflow/example_dags/example_short_circuit_decorator.py
[2023-11-05T18:45:11.288+0000] {processor.py:839} INFO - DAG(s) dict_keys(['example_short_circuit_decorator']) retrieved from /home/airflow/.local/lib/python3.8/site-packages/airflow/example_dags/example_short_circuit_decorator.py
[2023-11-05T18:45:11.338+0000] {logging_mixin.py:151} INFO - [2023-11-05T18:45:11.337+0000] {dag.py:2941} INFO - Sync 1 DAGs
[2023-11-05T18:45:11.376+0000] {logging_mixin.py:151} INFO - [2023-11-05T18:45:11.375+0000] {dag.py:3722} INFO - Setting next_dagrun for example_short_circuit_decorator to 2023-11-04T18:45:11.375043+00:00, run_after=2023-11-05T18:45:11.375043+00:00
[2023-11-05T18:45:11.563+0000] {processor.py:179} INFO - Processing /home/airflow/.local/lib/python3.8/site-packages/airflow/example_dags/example_short_circuit_decorator.py took 0.294 seconds
[2023-11-05T18:46:10.704+0000] {processor.py:157} INFO - Started process (PID=45) to work on /home/airflow/.local/lib/python3.8/site-packages/airflow/example_dags/example_short_circuit_decorator.py
[2023-11-05T18:46:10.706+0000] {processor.py:829} INFO - Processing file /home/airflow/.local/lib/python3.8/site-packages/airflow/example_dags/example_short_circuit_decorator.py for tasks to queue
[2023-11-05T18:46:10.709+0000] {logging_mixin.py:151} INFO - [2023-11-05T18:46:10.709+0000] {dagbag.py:536} INFO - Filling up the DagBag from /home/airflow/.local/lib/python3.8/site-packages/airflow/example_dags/example_short_circuit_decorator.py
[2023-11-05T18:46:10.740+0000] {processor.py:839} INFO - DAG(s) dict_keys(['example_short_circuit_decorator']) retrieved from /home/airflow/.local/lib/python3.8/site-packages/airflow/example_dags/example_short_circuit_decorator.py
[2023-11-05T18:46:10.757+0000] {logging_mixin.py:151} INFO - [2023-11-05T18:46:10.757+0000] {dag.py:2941} INFO - Sync 1 DAGs
[2023-11-05T18:46:10.791+0000] {logging_mixin.py:151} INFO - [2023-11-05T18:46:10.791+0000] {dag.py:3722} INFO - Setting next_dagrun for example_short_circuit_decorator to 2023-11-04T18:46:10.791275+00:00, run_after=2023-11-05T18:46:10.791275+00:00
[2023-11-05T18:46:10.817+0000] {processor.py:179} INFO - Processing /home/airflow/.local/lib/python3.8/site-packages/airflow/example_dags/example_short_circuit_decorator.py took 0.120 seconds
[2023-11-05T18:46:41.249+0000] {processor.py:157} INFO - Started process (PID=99) to work on /home/airflow/.local/lib/python3.8/site-packages/airflow/example_dags/example_short_circuit_decorator.py
[2023-11-05T18:46:41.251+0000] {processor.py:829} INFO - Processing file /home/airflow/.local/lib/python3.8/site-packages/airflow/example_dags/example_short_circuit_decorator.py for tasks to queue
[2023-11-05T18:46:41.255+0000] {logging_mixin.py:151} INFO - [2023-11-05T18:46:41.255+0000] {dagbag.py:536} INFO - Filling up the DagBag from /home/airflow/.local/lib/python3.8/site-packages/airflow/example_dags/example_short_circuit_decorator.py
[2023-11-05T18:46:41.264+0000] {processor.py:839} INFO - DAG(s) dict_keys(['example_short_circuit_decorator']) retrieved from /home/airflow/.local/lib/python3.8/site-packages/airflow/example_dags/example_short_circuit_decorator.py
[2023-11-05T18:46:41.283+0000] {logging_mixin.py:151} INFO - [2023-11-05T18:46:41.283+0000] {dag.py:2941} INFO - Sync 1 DAGs
[2023-11-05T18:46:41.307+0000] {logging_mixin.py:151} INFO - [2023-11-05T18:46:41.307+0000] {dag.py:3722} INFO - Setting next_dagrun for example_short_circuit_decorator to 2023-11-04T18:46:41.306880+00:00, run_after=2023-11-05T18:46:41.306880+00:00
[2023-11-05T18:46:41.354+0000] {processor.py:179} INFO - Processing /home/airflow/.local/lib/python3.8/site-packages/airflow/example_dags/example_short_circuit_decorator.py took 0.107 seconds
[2023-11-05T18:47:11.707+0000] {processor.py:157} INFO - Started process (PID=153) to work on /home/airflow/.local/lib/python3.8/site-packages/airflow/example_dags/example_short_circuit_decorator.py
[2023-11-05T18:47:11.710+0000] {processor.py:829} INFO - Processing file /home/airflow/.local/lib/python3.8/site-packages/airflow/example_dags/example_short_circuit_decorator.py for tasks to queue
[2023-11-05T18:47:11.714+0000] {logging_mixin.py:151} INFO - [2023-11-05T18:47:11.713+0000] {dagbag.py:536} INFO - Filling up the DagBag from /home/airflow/.local/lib/python3.8/site-packages/airflow/example_dags/example_short_circuit_decorator.py
[2023-11-05T18:47:11.724+0000] {processor.py:839} INFO - DAG(s) dict_keys(['example_short_circuit_decorator']) retrieved from /home/airflow/.local/lib/python3.8/site-packages/airflow/example_dags/example_short_circuit_decorator.py
[2023-11-05T18:47:11.748+0000] {logging_mixin.py:151} INFO - [2023-11-05T18:47:11.748+0000] {dag.py:2941} INFO - Sync 1 DAGs
[2023-11-05T18:47:11.769+0000] {logging_mixin.py:151} INFO - [2023-11-05T18:47:11.769+0000] {dag.py:3722} INFO - Setting next_dagrun for example_short_circuit_decorator to 2023-11-04T18:47:11.769248+00:00, run_after=2023-11-05T18:47:11.769248+00:00
[2023-11-05T18:47:11.802+0000] {processor.py:179} INFO - Processing /home/airflow/.local/lib/python3.8/site-packages/airflow/example_dags/example_short_circuit_decorator.py took 0.098 seconds
[2023-11-05T18:47:42.574+0000] {processor.py:157} INFO - Started process (PID=207) to work on /home/airflow/.local/lib/python3.8/site-packages/airflow/example_dags/example_short_circuit_decorator.py
[2023-11-05T18:47:42.576+0000] {processor.py:829} INFO - Processing file /home/airflow/.local/lib/python3.8/site-packages/airflow/example_dags/example_short_circuit_decorator.py for tasks to queue
[2023-11-05T18:47:42.580+0000] {logging_mixin.py:151} INFO - [2023-11-05T18:47:42.580+0000] {dagbag.py:536} INFO - Filling up the DagBag from /home/airflow/.local/lib/python3.8/site-packages/airflow/example_dags/example_short_circuit_decorator.py
[2023-11-05T18:47:42.589+0000] {processor.py:839} INFO - DAG(s) dict_keys(['example_short_circuit_decorator']) retrieved from /home/airflow/.local/lib/python3.8/site-packages/airflow/example_dags/example_short_circuit_decorator.py
[2023-11-05T18:47:42.616+0000] {logging_mixin.py:151} INFO - [2023-11-05T18:47:42.616+0000] {dag.py:2941} INFO - Sync 1 DAGs
[2023-11-05T18:47:42.665+0000] {logging_mixin.py:151} INFO - [2023-11-05T18:47:42.665+0000] {dag.py:3722} INFO - Setting next_dagrun for example_short_circuit_decorator to 2023-11-04T18:47:42.665617+00:00, run_after=2023-11-05T18:47:42.665617+00:00
[2023-11-05T18:47:42.690+0000] {processor.py:179} INFO - Processing /home/airflow/.local/lib/python3.8/site-packages/airflow/example_dags/example_short_circuit_decorator.py took 0.121 seconds
[2023-11-05T18:48:13.573+0000] {processor.py:157} INFO - Started process (PID=261) to work on /home/airflow/.local/lib/python3.8/site-packages/airflow/example_dags/example_short_circuit_decorator.py
[2023-11-05T18:48:13.574+0000] {processor.py:829} INFO - Processing file /home/airflow/.local/lib/python3.8/site-packages/airflow/example_dags/example_short_circuit_decorator.py for tasks to queue
[2023-11-05T18:48:13.576+0000] {logging_mixin.py:151} INFO - [2023-11-05T18:48:13.575+0000] {dagbag.py:536} INFO - Filling up the DagBag from /home/airflow/.local/lib/python3.8/site-packages/airflow/example_dags/example_short_circuit_decorator.py
[2023-11-05T18:48:13.581+0000] {processor.py:839} INFO - DAG(s) dict_keys(['example_short_circuit_decorator']) retrieved from /home/airflow/.local/lib/python3.8/site-packages/airflow/example_dags/example_short_circuit_decorator.py
[2023-11-05T18:48:13.604+0000] {logging_mixin.py:151} INFO - [2023-11-05T18:48:13.604+0000] {dag.py:2941} INFO - Sync 1 DAGs
[2023-11-05T18:48:13.619+0000] {logging_mixin.py:151} INFO - [2023-11-05T18:48:13.619+0000] {dag.py:3722} INFO - Setting next_dagrun for example_short_circuit_decorator to 2023-11-04T18:48:13.619665+00:00, run_after=2023-11-05T18:48:13.619665+00:00
[2023-11-05T18:48:13.645+0000] {processor.py:179} INFO - Processing /home/airflow/.local/lib/python3.8/site-packages/airflow/example_dags/example_short_circuit_decorator.py took 0.075 seconds
[2023-11-05T18:48:44.058+0000] {processor.py:157} INFO - Started process (PID=315) to work on /home/airflow/.local/lib/python3.8/site-packages/airflow/example_dags/example_short_circuit_decorator.py
[2023-11-05T18:48:44.060+0000] {processor.py:829} INFO - Processing file /home/airflow/.local/lib/python3.8/site-packages/airflow/example_dags/example_short_circuit_decorator.py for tasks to queue
[2023-11-05T18:48:44.062+0000] {logging_mixin.py:151} INFO - [2023-11-05T18:48:44.062+0000] {dagbag.py:536} INFO - Filling up the DagBag from /home/airflow/.local/lib/python3.8/site-packages/airflow/example_dags/example_short_circuit_decorator.py
[2023-11-05T18:48:44.068+0000] {processor.py:839} INFO - DAG(s) dict_keys(['example_short_circuit_decorator']) retrieved from /home/airflow/.local/lib/python3.8/site-packages/airflow/example_dags/example_short_circuit_decorator.py
[2023-11-05T18:48:44.089+0000] {logging_mixin.py:151} INFO - [2023-11-05T18:48:44.089+0000] {dag.py:2941} INFO - Sync 1 DAGs
[2023-11-05T18:48:44.109+0000] {logging_mixin.py:151} INFO - [2023-11-05T18:48:44.109+0000] {dag.py:3722} INFO - Setting next_dagrun for example_short_circuit_decorator to 2023-11-04T18:48:44.109072+00:00, run_after=2023-11-05T18:48:44.109072+00:00
[2023-11-05T18:48:44.175+0000] {processor.py:179} INFO - Processing /home/airflow/.local/lib/python3.8/site-packages/airflow/example_dags/example_short_circuit_decorator.py took 0.119 seconds
[2023-11-05T18:53:30.868+0000] {processor.py:157} INFO - Started process (PID=369) to work on /home/airflow/.local/lib/python3.8/site-packages/airflow/example_dags/example_short_circuit_decorator.py
[2023-11-05T18:53:30.874+0000] {processor.py:829} INFO - Processing file /home/airflow/.local/lib/python3.8/site-packages/airflow/example_dags/example_short_circuit_decorator.py for tasks to queue
[2023-11-05T18:53:30.880+0000] {logging_mixin.py:151} INFO - [2023-11-05T18:53:30.879+0000] {dagbag.py:536} INFO - Filling up the DagBag from /home/airflow/.local/lib/python3.8/site-packages/airflow/example_dags/example_short_circuit_decorator.py
[2023-11-05T18:53:30.891+0000] {processor.py:839} INFO - DAG(s) dict_keys(['example_short_circuit_decorator']) retrieved from /home/airflow/.local/lib/python3.8/site-packages/airflow/example_dags/example_short_circuit_decorator.py
[2023-11-05T18:53:30.919+0000] {logging_mixin.py:151} INFO - [2023-11-05T18:53:30.919+0000] {dag.py:2941} INFO - Sync 1 DAGs
[2023-11-05T18:53:30.949+0000] {logging_mixin.py:151} INFO - [2023-11-05T18:53:30.949+0000] {dag.py:3722} INFO - Setting next_dagrun for example_short_circuit_decorator to 2023-11-04T18:53:30.948859+00:00, run_after=2023-11-05T18:53:30.948859+00:00
[2023-11-05T18:53:30.976+0000] {processor.py:179} INFO - Processing /home/airflow/.local/lib/python3.8/site-packages/airflow/example_dags/example_short_circuit_decorator.py took 0.113 seconds
[2023-11-05T18:54:01.336+0000] {processor.py:157} INFO - Started process (PID=423) to work on /home/airflow/.local/lib/python3.8/site-packages/airflow/example_dags/example_short_circuit_decorator.py
[2023-11-05T18:54:01.341+0000] {processor.py:829} INFO - Processing file /home/airflow/.local/lib/python3.8/site-packages/airflow/example_dags/example_short_circuit_decorator.py for tasks to queue
[2023-11-05T18:54:01.348+0000] {logging_mixin.py:151} INFO - [2023-11-05T18:54:01.348+0000] {dagbag.py:536} INFO - Filling up the DagBag from /home/airflow/.local/lib/python3.8/site-packages/airflow/example_dags/example_short_circuit_decorator.py
[2023-11-05T18:54:01.358+0000] {processor.py:839} INFO - DAG(s) dict_keys(['example_short_circuit_decorator']) retrieved from /home/airflow/.local/lib/python3.8/site-packages/airflow/example_dags/example_short_circuit_decorator.py
[2023-11-05T18:54:01.445+0000] {logging_mixin.py:151} INFO - [2023-11-05T18:54:01.445+0000] {dag.py:2941} INFO - Sync 1 DAGs
[2023-11-05T18:54:01.462+0000] {logging_mixin.py:151} INFO - [2023-11-05T18:54:01.462+0000] {dag.py:3722} INFO - Setting next_dagrun for example_short_circuit_decorator to 2023-11-04T18:54:01.462050+00:00, run_after=2023-11-05T18:54:01.462050+00:00
[2023-11-05T18:54:01.485+0000] {processor.py:179} INFO - Processing /home/airflow/.local/lib/python3.8/site-packages/airflow/example_dags/example_short_circuit_decorator.py took 0.159 seconds
[2023-11-05T18:54:32.098+0000] {processor.py:157} INFO - Started process (PID=477) to work on /home/airflow/.local/lib/python3.8/site-packages/airflow/example_dags/example_short_circuit_decorator.py
[2023-11-05T18:54:32.100+0000] {processor.py:829} INFO - Processing file /home/airflow/.local/lib/python3.8/site-packages/airflow/example_dags/example_short_circuit_decorator.py for tasks to queue
[2023-11-05T18:54:32.102+0000] {logging_mixin.py:151} INFO - [2023-11-05T18:54:32.102+0000] {dagbag.py:536} INFO - Filling up the DagBag from /home/airflow/.local/lib/python3.8/site-packages/airflow/example_dags/example_short_circuit_decorator.py
[2023-11-05T18:54:32.109+0000] {processor.py:839} INFO - DAG(s) dict_keys(['example_short_circuit_decorator']) retrieved from /home/airflow/.local/lib/python3.8/site-packages/airflow/example_dags/example_short_circuit_decorator.py
[2023-11-05T18:54:32.129+0000] {logging_mixin.py:151} INFO - [2023-11-05T18:54:32.129+0000] {dag.py:2941} INFO - Sync 1 DAGs
[2023-11-05T18:54:32.161+0000] {logging_mixin.py:151} INFO - [2023-11-05T18:54:32.161+0000] {dag.py:3722} INFO - Setting next_dagrun for example_short_circuit_decorator to 2023-11-04T18:54:32.157938+00:00, run_after=2023-11-05T18:54:32.157938+00:00
[2023-11-05T18:54:32.183+0000] {processor.py:179} INFO - Processing /home/airflow/.local/lib/python3.8/site-packages/airflow/example_dags/example_short_circuit_decorator.py took 0.088 seconds
