[2023-11-05T18:36:05.232+0000] {processor.py:157} INFO - Started process (PID=59) to work on /home/airflow/.local/lib/python3.8/site-packages/airflow/example_dags/example_sla_dag.py
[2023-11-05T18:36:05.241+0000] {processor.py:829} INFO - Processing file /home/airflow/.local/lib/python3.8/site-packages/airflow/example_dags/example_sla_dag.py for tasks to queue
[2023-11-05T18:36:05.249+0000] {logging_mixin.py:151} INFO - [2023-11-05T18:36:05.249+0000] {dagbag.py:536} INFO - Filling up the DagBag from /home/airflow/.local/lib/python3.8/site-packages/airflow/example_dags/example_sla_dag.py
[2023-11-05T18:36:05.260+0000] {processor.py:839} INFO - DAG(s) dict_keys(['example_sla_dag']) retrieved from /home/airflow/.local/lib/python3.8/site-packages/airflow/example_dags/example_sla_dag.py
[2023-11-05T18:36:05.413+0000] {logging_mixin.py:151} INFO - [2023-11-05T18:36:05.413+0000] {dag.py:2941} INFO - Sync 1 DAGs
[2023-11-05T18:36:05.653+0000] {logging_mixin.py:151} INFO - [2023-11-05T18:36:05.642+0000] {dag.py:3722} INFO - Setting next_dagrun for example_sla_dag to 2023-11-05T18:34:00+00:00, run_after=2023-11-05T18:36:00+00:00
[2023-11-05T18:36:05.859+0000] {processor.py:179} INFO - Processing /home/airflow/.local/lib/python3.8/site-packages/airflow/example_dags/example_sla_dag.py took 0.629 seconds
[2023-11-05T18:36:36.293+0000] {processor.py:157} INFO - Started process (PID=113) to work on /home/airflow/.local/lib/python3.8/site-packages/airflow/example_dags/example_sla_dag.py
[2023-11-05T18:36:36.301+0000] {processor.py:829} INFO - Processing file /home/airflow/.local/lib/python3.8/site-packages/airflow/example_dags/example_sla_dag.py for tasks to queue
[2023-11-05T18:36:36.312+0000] {logging_mixin.py:151} INFO - [2023-11-05T18:36:36.312+0000] {dagbag.py:536} INFO - Filling up the DagBag from /home/airflow/.local/lib/python3.8/site-packages/airflow/example_dags/example_sla_dag.py
[2023-11-05T18:36:36.362+0000] {processor.py:839} INFO - DAG(s) dict_keys(['example_sla_dag']) retrieved from /home/airflow/.local/lib/python3.8/site-packages/airflow/example_dags/example_sla_dag.py
[2023-11-05T18:36:36.432+0000] {logging_mixin.py:151} INFO - [2023-11-05T18:36:36.432+0000] {dag.py:2941} INFO - Sync 1 DAGs
[2023-11-05T18:36:36.527+0000] {logging_mixin.py:151} INFO - [2023-11-05T18:36:36.527+0000] {dag.py:3722} INFO - Setting next_dagrun for example_sla_dag to 2023-11-05T18:34:00+00:00, run_after=2023-11-05T18:36:00+00:00
[2023-11-05T18:36:36.660+0000] {processor.py:179} INFO - Processing /home/airflow/.local/lib/python3.8/site-packages/airflow/example_dags/example_sla_dag.py took 0.371 seconds
[2023-11-05T18:37:06.802+0000] {processor.py:157} INFO - Started process (PID=166) to work on /home/airflow/.local/lib/python3.8/site-packages/airflow/example_dags/example_sla_dag.py
[2023-11-05T18:37:06.818+0000] {processor.py:829} INFO - Processing file /home/airflow/.local/lib/python3.8/site-packages/airflow/example_dags/example_sla_dag.py for tasks to queue
[2023-11-05T18:37:06.821+0000] {logging_mixin.py:151} INFO - [2023-11-05T18:37:06.821+0000] {dagbag.py:536} INFO - Filling up the DagBag from /home/airflow/.local/lib/python3.8/site-packages/airflow/example_dags/example_sla_dag.py
[2023-11-05T18:37:06.836+0000] {processor.py:839} INFO - DAG(s) dict_keys(['example_sla_dag']) retrieved from /home/airflow/.local/lib/python3.8/site-packages/airflow/example_dags/example_sla_dag.py
[2023-11-05T18:37:06.883+0000] {logging_mixin.py:151} INFO - [2023-11-05T18:37:06.883+0000] {dag.py:2941} INFO - Sync 1 DAGs
[2023-11-05T18:37:06.905+0000] {logging_mixin.py:151} INFO - [2023-11-05T18:37:06.905+0000] {dag.py:3722} INFO - Setting next_dagrun for example_sla_dag to 2023-11-05T18:34:00+00:00, run_after=2023-11-05T18:36:00+00:00
[2023-11-05T18:37:06.978+0000] {processor.py:179} INFO - Processing /home/airflow/.local/lib/python3.8/site-packages/airflow/example_dags/example_sla_dag.py took 0.192 seconds
[2023-11-05T18:37:37.637+0000] {processor.py:157} INFO - Started process (PID=220) to work on /home/airflow/.local/lib/python3.8/site-packages/airflow/example_dags/example_sla_dag.py
[2023-11-05T18:37:37.651+0000] {processor.py:829} INFO - Processing file /home/airflow/.local/lib/python3.8/site-packages/airflow/example_dags/example_sla_dag.py for tasks to queue
[2023-11-05T18:37:37.665+0000] {logging_mixin.py:151} INFO - [2023-11-05T18:37:37.664+0000] {dagbag.py:536} INFO - Filling up the DagBag from /home/airflow/.local/lib/python3.8/site-packages/airflow/example_dags/example_sla_dag.py
[2023-11-05T18:37:37.684+0000] {processor.py:839} INFO - DAG(s) dict_keys(['example_sla_dag']) retrieved from /home/airflow/.local/lib/python3.8/site-packages/airflow/example_dags/example_sla_dag.py
[2023-11-05T18:37:37.734+0000] {logging_mixin.py:151} INFO - [2023-11-05T18:37:37.734+0000] {dag.py:2941} INFO - Sync 1 DAGs
[2023-11-05T18:37:37.763+0000] {logging_mixin.py:151} INFO - [2023-11-05T18:37:37.763+0000] {dag.py:3722} INFO - Setting next_dagrun for example_sla_dag to 2023-11-05T18:34:00+00:00, run_after=2023-11-05T18:36:00+00:00
[2023-11-05T18:37:37.864+0000] {processor.py:179} INFO - Processing /home/airflow/.local/lib/python3.8/site-packages/airflow/example_dags/example_sla_dag.py took 0.238 seconds
[2023-11-05T18:38:08.308+0000] {processor.py:157} INFO - Started process (PID=274) to work on /home/airflow/.local/lib/python3.8/site-packages/airflow/example_dags/example_sla_dag.py
[2023-11-05T18:38:08.318+0000] {processor.py:829} INFO - Processing file /home/airflow/.local/lib/python3.8/site-packages/airflow/example_dags/example_sla_dag.py for tasks to queue
[2023-11-05T18:38:08.336+0000] {logging_mixin.py:151} INFO - [2023-11-05T18:38:08.335+0000] {dagbag.py:536} INFO - Filling up the DagBag from /home/airflow/.local/lib/python3.8/site-packages/airflow/example_dags/example_sla_dag.py
[2023-11-05T18:38:08.361+0000] {processor.py:839} INFO - DAG(s) dict_keys(['example_sla_dag']) retrieved from /home/airflow/.local/lib/python3.8/site-packages/airflow/example_dags/example_sla_dag.py
[2023-11-05T18:38:08.449+0000] {logging_mixin.py:151} INFO - [2023-11-05T18:38:08.449+0000] {dag.py:2941} INFO - Sync 1 DAGs
[2023-11-05T18:38:08.489+0000] {logging_mixin.py:151} INFO - [2023-11-05T18:38:08.489+0000] {dag.py:3722} INFO - Setting next_dagrun for example_sla_dag to 2023-11-05T18:36:00+00:00, run_after=2023-11-05T18:38:00+00:00
[2023-11-05T18:38:08.577+0000] {processor.py:179} INFO - Processing /home/airflow/.local/lib/python3.8/site-packages/airflow/example_dags/example_sla_dag.py took 0.287 seconds
[2023-11-05T18:38:38.756+0000] {processor.py:157} INFO - Started process (PID=327) to work on /home/airflow/.local/lib/python3.8/site-packages/airflow/example_dags/example_sla_dag.py
[2023-11-05T18:38:38.761+0000] {processor.py:829} INFO - Processing file /home/airflow/.local/lib/python3.8/site-packages/airflow/example_dags/example_sla_dag.py for tasks to queue
[2023-11-05T18:38:38.768+0000] {logging_mixin.py:151} INFO - [2023-11-05T18:38:38.767+0000] {dagbag.py:536} INFO - Filling up the DagBag from /home/airflow/.local/lib/python3.8/site-packages/airflow/example_dags/example_sla_dag.py
[2023-11-05T18:38:38.792+0000] {processor.py:839} INFO - DAG(s) dict_keys(['example_sla_dag']) retrieved from /home/airflow/.local/lib/python3.8/site-packages/airflow/example_dags/example_sla_dag.py
[2023-11-05T18:38:38.847+0000] {logging_mixin.py:151} INFO - [2023-11-05T18:38:38.847+0000] {dag.py:2941} INFO - Sync 1 DAGs
[2023-11-05T18:38:38.876+0000] {logging_mixin.py:151} INFO - [2023-11-05T18:38:38.875+0000] {dag.py:3722} INFO - Setting next_dagrun for example_sla_dag to 2023-11-05T18:36:00+00:00, run_after=2023-11-05T18:38:00+00:00
[2023-11-05T18:38:38.937+0000] {processor.py:179} INFO - Processing /home/airflow/.local/lib/python3.8/site-packages/airflow/example_dags/example_sla_dag.py took 0.184 seconds
[2023-11-05T18:39:09.413+0000] {processor.py:157} INFO - Started process (PID=381) to work on /home/airflow/.local/lib/python3.8/site-packages/airflow/example_dags/example_sla_dag.py
[2023-11-05T18:39:09.417+0000] {processor.py:829} INFO - Processing file /home/airflow/.local/lib/python3.8/site-packages/airflow/example_dags/example_sla_dag.py for tasks to queue
[2023-11-05T18:39:09.427+0000] {logging_mixin.py:151} INFO - [2023-11-05T18:39:09.427+0000] {dagbag.py:536} INFO - Filling up the DagBag from /home/airflow/.local/lib/python3.8/site-packages/airflow/example_dags/example_sla_dag.py
[2023-11-05T18:39:09.449+0000] {processor.py:839} INFO - DAG(s) dict_keys(['example_sla_dag']) retrieved from /home/airflow/.local/lib/python3.8/site-packages/airflow/example_dags/example_sla_dag.py
[2023-11-05T18:39:09.604+0000] {logging_mixin.py:151} INFO - [2023-11-05T18:39:09.604+0000] {dag.py:2941} INFO - Sync 1 DAGs
[2023-11-05T18:39:09.757+0000] {logging_mixin.py:151} INFO - [2023-11-05T18:39:09.757+0000] {dag.py:3722} INFO - Setting next_dagrun for example_sla_dag to 2023-11-05T18:36:00+00:00, run_after=2023-11-05T18:38:00+00:00
[2023-11-05T18:39:09.932+0000] {processor.py:179} INFO - Processing /home/airflow/.local/lib/python3.8/site-packages/airflow/example_dags/example_sla_dag.py took 0.521 seconds
[2023-11-05T18:39:40.447+0000] {processor.py:157} INFO - Started process (PID=435) to work on /home/airflow/.local/lib/python3.8/site-packages/airflow/example_dags/example_sla_dag.py
[2023-11-05T18:39:40.457+0000] {processor.py:829} INFO - Processing file /home/airflow/.local/lib/python3.8/site-packages/airflow/example_dags/example_sla_dag.py for tasks to queue
[2023-11-05T18:39:40.460+0000] {logging_mixin.py:151} INFO - [2023-11-05T18:39:40.460+0000] {dagbag.py:536} INFO - Filling up the DagBag from /home/airflow/.local/lib/python3.8/site-packages/airflow/example_dags/example_sla_dag.py
[2023-11-05T18:39:40.490+0000] {processor.py:839} INFO - DAG(s) dict_keys(['example_sla_dag']) retrieved from /home/airflow/.local/lib/python3.8/site-packages/airflow/example_dags/example_sla_dag.py
[2023-11-05T18:39:40.561+0000] {logging_mixin.py:151} INFO - [2023-11-05T18:39:40.561+0000] {dag.py:2941} INFO - Sync 1 DAGs
[2023-11-05T18:39:40.594+0000] {logging_mixin.py:151} INFO - [2023-11-05T18:39:40.594+0000] {dag.py:3722} INFO - Setting next_dagrun for example_sla_dag to 2023-11-05T18:36:00+00:00, run_after=2023-11-05T18:38:00+00:00
[2023-11-05T18:39:40.679+0000] {processor.py:179} INFO - Processing /home/airflow/.local/lib/python3.8/site-packages/airflow/example_dags/example_sla_dag.py took 0.238 seconds
[2023-11-05T18:40:11.221+0000] {processor.py:157} INFO - Started process (PID=489) to work on /home/airflow/.local/lib/python3.8/site-packages/airflow/example_dags/example_sla_dag.py
[2023-11-05T18:40:11.223+0000] {processor.py:829} INFO - Processing file /home/airflow/.local/lib/python3.8/site-packages/airflow/example_dags/example_sla_dag.py for tasks to queue
[2023-11-05T18:40:11.228+0000] {logging_mixin.py:151} INFO - [2023-11-05T18:40:11.227+0000] {dagbag.py:536} INFO - Filling up the DagBag from /home/airflow/.local/lib/python3.8/site-packages/airflow/example_dags/example_sla_dag.py
[2023-11-05T18:40:11.240+0000] {processor.py:839} INFO - DAG(s) dict_keys(['example_sla_dag']) retrieved from /home/airflow/.local/lib/python3.8/site-packages/airflow/example_dags/example_sla_dag.py
[2023-11-05T18:40:11.266+0000] {logging_mixin.py:151} INFO - [2023-11-05T18:40:11.266+0000] {dag.py:2941} INFO - Sync 1 DAGs
[2023-11-05T18:40:11.290+0000] {logging_mixin.py:151} INFO - [2023-11-05T18:40:11.290+0000] {dag.py:3722} INFO - Setting next_dagrun for example_sla_dag to 2023-11-05T18:38:00+00:00, run_after=2023-11-05T18:40:00+00:00
[2023-11-05T18:40:11.313+0000] {processor.py:179} INFO - Processing /home/airflow/.local/lib/python3.8/site-packages/airflow/example_dags/example_sla_dag.py took 0.094 seconds
[2023-11-05T18:40:42.046+0000] {processor.py:157} INFO - Started process (PID=550) to work on /home/airflow/.local/lib/python3.8/site-packages/airflow/example_dags/example_sla_dag.py
[2023-11-05T18:40:42.054+0000] {processor.py:829} INFO - Processing file /home/airflow/.local/lib/python3.8/site-packages/airflow/example_dags/example_sla_dag.py for tasks to queue
[2023-11-05T18:40:42.068+0000] {logging_mixin.py:151} INFO - [2023-11-05T18:40:42.067+0000] {dagbag.py:536} INFO - Filling up the DagBag from /home/airflow/.local/lib/python3.8/site-packages/airflow/example_dags/example_sla_dag.py
[2023-11-05T18:40:42.095+0000] {processor.py:839} INFO - DAG(s) dict_keys(['example_sla_dag']) retrieved from /home/airflow/.local/lib/python3.8/site-packages/airflow/example_dags/example_sla_dag.py
[2023-11-05T18:40:42.179+0000] {logging_mixin.py:151} INFO - [2023-11-05T18:40:42.178+0000] {dag.py:2941} INFO - Sync 1 DAGs
[2023-11-05T18:40:42.214+0000] {logging_mixin.py:151} INFO - [2023-11-05T18:40:42.214+0000] {dag.py:3722} INFO - Setting next_dagrun for example_sla_dag to 2023-11-05T18:38:00+00:00, run_after=2023-11-05T18:40:00+00:00
[2023-11-05T18:40:42.308+0000] {processor.py:179} INFO - Processing /home/airflow/.local/lib/python3.8/site-packages/airflow/example_dags/example_sla_dag.py took 0.265 seconds
[2023-11-05T18:41:12.526+0000] {processor.py:157} INFO - Started process (PID=604) to work on /home/airflow/.local/lib/python3.8/site-packages/airflow/example_dags/example_sla_dag.py
[2023-11-05T18:41:12.528+0000] {processor.py:829} INFO - Processing file /home/airflow/.local/lib/python3.8/site-packages/airflow/example_dags/example_sla_dag.py for tasks to queue
[2023-11-05T18:41:12.532+0000] {logging_mixin.py:151} INFO - [2023-11-05T18:41:12.531+0000] {dagbag.py:536} INFO - Filling up the DagBag from /home/airflow/.local/lib/python3.8/site-packages/airflow/example_dags/example_sla_dag.py
[2023-11-05T18:41:12.539+0000] {processor.py:839} INFO - DAG(s) dict_keys(['example_sla_dag']) retrieved from /home/airflow/.local/lib/python3.8/site-packages/airflow/example_dags/example_sla_dag.py
[2023-11-05T18:41:12.559+0000] {logging_mixin.py:151} INFO - [2023-11-05T18:41:12.559+0000] {dag.py:2941} INFO - Sync 1 DAGs
[2023-11-05T18:41:12.576+0000] {logging_mixin.py:151} INFO - [2023-11-05T18:41:12.576+0000] {dag.py:3722} INFO - Setting next_dagrun for example_sla_dag to 2023-11-05T18:38:00+00:00, run_after=2023-11-05T18:40:00+00:00
[2023-11-05T18:41:12.598+0000] {processor.py:179} INFO - Processing /home/airflow/.local/lib/python3.8/site-packages/airflow/example_dags/example_sla_dag.py took 0.074 seconds
[2023-11-05T18:41:42.907+0000] {processor.py:157} INFO - Started process (PID=657) to work on /home/airflow/.local/lib/python3.8/site-packages/airflow/example_dags/example_sla_dag.py
[2023-11-05T18:41:42.910+0000] {processor.py:829} INFO - Processing file /home/airflow/.local/lib/python3.8/site-packages/airflow/example_dags/example_sla_dag.py for tasks to queue
[2023-11-05T18:41:42.912+0000] {logging_mixin.py:151} INFO - [2023-11-05T18:41:42.912+0000] {dagbag.py:536} INFO - Filling up the DagBag from /home/airflow/.local/lib/python3.8/site-packages/airflow/example_dags/example_sla_dag.py
[2023-11-05T18:41:42.923+0000] {processor.py:839} INFO - DAG(s) dict_keys(['example_sla_dag']) retrieved from /home/airflow/.local/lib/python3.8/site-packages/airflow/example_dags/example_sla_dag.py
[2023-11-05T18:41:42.945+0000] {logging_mixin.py:151} INFO - [2023-11-05T18:41:42.945+0000] {dag.py:2941} INFO - Sync 1 DAGs
[2023-11-05T18:41:42.964+0000] {logging_mixin.py:151} INFO - [2023-11-05T18:41:42.964+0000] {dag.py:3722} INFO - Setting next_dagrun for example_sla_dag to 2023-11-05T18:38:00+00:00, run_after=2023-11-05T18:40:00+00:00
[2023-11-05T18:41:42.981+0000] {processor.py:179} INFO - Processing /home/airflow/.local/lib/python3.8/site-packages/airflow/example_dags/example_sla_dag.py took 0.078 seconds
[2023-11-05T18:42:13.684+0000] {processor.py:157} INFO - Started process (PID=711) to work on /home/airflow/.local/lib/python3.8/site-packages/airflow/example_dags/example_sla_dag.py
[2023-11-05T18:42:13.686+0000] {processor.py:829} INFO - Processing file /home/airflow/.local/lib/python3.8/site-packages/airflow/example_dags/example_sla_dag.py for tasks to queue
[2023-11-05T18:42:13.689+0000] {logging_mixin.py:151} INFO - [2023-11-05T18:42:13.689+0000] {dagbag.py:536} INFO - Filling up the DagBag from /home/airflow/.local/lib/python3.8/site-packages/airflow/example_dags/example_sla_dag.py
[2023-11-05T18:42:13.696+0000] {processor.py:839} INFO - DAG(s) dict_keys(['example_sla_dag']) retrieved from /home/airflow/.local/lib/python3.8/site-packages/airflow/example_dags/example_sla_dag.py
[2023-11-05T18:42:13.715+0000] {logging_mixin.py:151} INFO - [2023-11-05T18:42:13.715+0000] {dag.py:2941} INFO - Sync 1 DAGs
[2023-11-05T18:42:13.732+0000] {logging_mixin.py:151} INFO - [2023-11-05T18:42:13.732+0000] {dag.py:3722} INFO - Setting next_dagrun for example_sla_dag to 2023-11-05T18:40:00+00:00, run_after=2023-11-05T18:42:00+00:00
[2023-11-05T18:42:13.754+0000] {processor.py:179} INFO - Processing /home/airflow/.local/lib/python3.8/site-packages/airflow/example_dags/example_sla_dag.py took 0.072 seconds
[2023-11-05T18:42:44.434+0000] {processor.py:157} INFO - Started process (PID=765) to work on /home/airflow/.local/lib/python3.8/site-packages/airflow/example_dags/example_sla_dag.py
[2023-11-05T18:42:44.445+0000] {processor.py:829} INFO - Processing file /home/airflow/.local/lib/python3.8/site-packages/airflow/example_dags/example_sla_dag.py for tasks to queue
[2023-11-05T18:42:44.448+0000] {logging_mixin.py:151} INFO - [2023-11-05T18:42:44.448+0000] {dagbag.py:536} INFO - Filling up the DagBag from /home/airflow/.local/lib/python3.8/site-packages/airflow/example_dags/example_sla_dag.py
[2023-11-05T18:42:44.466+0000] {processor.py:839} INFO - DAG(s) dict_keys(['example_sla_dag']) retrieved from /home/airflow/.local/lib/python3.8/site-packages/airflow/example_dags/example_sla_dag.py
[2023-11-05T18:42:44.511+0000] {logging_mixin.py:151} INFO - [2023-11-05T18:42:44.511+0000] {dag.py:2941} INFO - Sync 1 DAGs
[2023-11-05T18:42:44.549+0000] {logging_mixin.py:151} INFO - [2023-11-05T18:42:44.548+0000] {dag.py:3722} INFO - Setting next_dagrun for example_sla_dag to 2023-11-05T18:40:00+00:00, run_after=2023-11-05T18:42:00+00:00
[2023-11-05T18:42:44.633+0000] {processor.py:179} INFO - Processing /home/airflow/.local/lib/python3.8/site-packages/airflow/example_dags/example_sla_dag.py took 0.201 seconds
[2023-11-05T18:43:15.620+0000] {processor.py:157} INFO - Started process (PID=819) to work on /home/airflow/.local/lib/python3.8/site-packages/airflow/example_dags/example_sla_dag.py
[2023-11-05T18:43:15.630+0000] {processor.py:829} INFO - Processing file /home/airflow/.local/lib/python3.8/site-packages/airflow/example_dags/example_sla_dag.py for tasks to queue
[2023-11-05T18:43:15.636+0000] {logging_mixin.py:151} INFO - [2023-11-05T18:43:15.636+0000] {dagbag.py:536} INFO - Filling up the DagBag from /home/airflow/.local/lib/python3.8/site-packages/airflow/example_dags/example_sla_dag.py
[2023-11-05T18:43:15.652+0000] {processor.py:839} INFO - DAG(s) dict_keys(['example_sla_dag']) retrieved from /home/airflow/.local/lib/python3.8/site-packages/airflow/example_dags/example_sla_dag.py
[2023-11-05T18:43:15.736+0000] {logging_mixin.py:151} INFO - [2023-11-05T18:43:15.735+0000] {dag.py:2941} INFO - Sync 1 DAGs
[2023-11-05T18:43:15.782+0000] {logging_mixin.py:151} INFO - [2023-11-05T18:43:15.782+0000] {dag.py:3722} INFO - Setting next_dagrun for example_sla_dag to 2023-11-05T18:40:00+00:00, run_after=2023-11-05T18:42:00+00:00
[2023-11-05T18:43:15.852+0000] {processor.py:179} INFO - Processing /home/airflow/.local/lib/python3.8/site-packages/airflow/example_dags/example_sla_dag.py took 0.239 seconds
[2023-11-05T18:43:46.317+0000] {processor.py:157} INFO - Started process (PID=873) to work on /home/airflow/.local/lib/python3.8/site-packages/airflow/example_dags/example_sla_dag.py
[2023-11-05T18:43:46.321+0000] {processor.py:829} INFO - Processing file /home/airflow/.local/lib/python3.8/site-packages/airflow/example_dags/example_sla_dag.py for tasks to queue
[2023-11-05T18:43:46.324+0000] {logging_mixin.py:151} INFO - [2023-11-05T18:43:46.324+0000] {dagbag.py:536} INFO - Filling up the DagBag from /home/airflow/.local/lib/python3.8/site-packages/airflow/example_dags/example_sla_dag.py
[2023-11-05T18:43:46.338+0000] {processor.py:839} INFO - DAG(s) dict_keys(['example_sla_dag']) retrieved from /home/airflow/.local/lib/python3.8/site-packages/airflow/example_dags/example_sla_dag.py
[2023-11-05T18:43:46.389+0000] {logging_mixin.py:151} INFO - [2023-11-05T18:43:46.388+0000] {dag.py:2941} INFO - Sync 1 DAGs
[2023-11-05T18:43:46.460+0000] {logging_mixin.py:151} INFO - [2023-11-05T18:43:46.460+0000] {dag.py:3722} INFO - Setting next_dagrun for example_sla_dag to 2023-11-05T18:40:00+00:00, run_after=2023-11-05T18:42:00+00:00
[2023-11-05T18:43:46.490+0000] {processor.py:179} INFO - Processing /home/airflow/.local/lib/python3.8/site-packages/airflow/example_dags/example_sla_dag.py took 0.178 seconds
[2023-11-05T18:44:16.999+0000] {processor.py:157} INFO - Started process (PID=927) to work on /home/airflow/.local/lib/python3.8/site-packages/airflow/example_dags/example_sla_dag.py
[2023-11-05T18:44:17.002+0000] {processor.py:829} INFO - Processing file /home/airflow/.local/lib/python3.8/site-packages/airflow/example_dags/example_sla_dag.py for tasks to queue
[2023-11-05T18:44:17.016+0000] {logging_mixin.py:151} INFO - [2023-11-05T18:44:17.014+0000] {dagbag.py:536} INFO - Filling up the DagBag from /home/airflow/.local/lib/python3.8/site-packages/airflow/example_dags/example_sla_dag.py
[2023-11-05T18:44:17.034+0000] {processor.py:839} INFO - DAG(s) dict_keys(['example_sla_dag']) retrieved from /home/airflow/.local/lib/python3.8/site-packages/airflow/example_dags/example_sla_dag.py
[2023-11-05T18:44:17.076+0000] {logging_mixin.py:151} INFO - [2023-11-05T18:44:17.076+0000] {dag.py:2941} INFO - Sync 1 DAGs
[2023-11-05T18:44:17.113+0000] {logging_mixin.py:151} INFO - [2023-11-05T18:44:17.112+0000] {dag.py:3722} INFO - Setting next_dagrun for example_sla_dag to 2023-11-05T18:42:00+00:00, run_after=2023-11-05T18:44:00+00:00
[2023-11-05T18:44:17.143+0000] {processor.py:179} INFO - Processing /home/airflow/.local/lib/python3.8/site-packages/airflow/example_dags/example_sla_dag.py took 0.148 seconds
[2023-11-05T18:44:48.053+0000] {processor.py:157} INFO - Started process (PID=980) to work on /home/airflow/.local/lib/python3.8/site-packages/airflow/example_dags/example_sla_dag.py
[2023-11-05T18:44:48.057+0000] {processor.py:829} INFO - Processing file /home/airflow/.local/lib/python3.8/site-packages/airflow/example_dags/example_sla_dag.py for tasks to queue
[2023-11-05T18:44:48.059+0000] {logging_mixin.py:151} INFO - [2023-11-05T18:44:48.059+0000] {dagbag.py:536} INFO - Filling up the DagBag from /home/airflow/.local/lib/python3.8/site-packages/airflow/example_dags/example_sla_dag.py
[2023-11-05T18:44:48.069+0000] {processor.py:839} INFO - DAG(s) dict_keys(['example_sla_dag']) retrieved from /home/airflow/.local/lib/python3.8/site-packages/airflow/example_dags/example_sla_dag.py
[2023-11-05T18:44:48.106+0000] {logging_mixin.py:151} INFO - [2023-11-05T18:44:48.105+0000] {dag.py:2941} INFO - Sync 1 DAGs
[2023-11-05T18:44:48.154+0000] {logging_mixin.py:151} INFO - [2023-11-05T18:44:48.154+0000] {dag.py:3722} INFO - Setting next_dagrun for example_sla_dag to 2023-11-05T18:42:00+00:00, run_after=2023-11-05T18:44:00+00:00
[2023-11-05T18:44:48.195+0000] {processor.py:179} INFO - Processing /home/airflow/.local/lib/python3.8/site-packages/airflow/example_dags/example_sla_dag.py took 0.146 seconds
[2023-11-05T18:46:12.232+0000] {processor.py:157} INFO - Started process (PID=59) to work on /home/airflow/.local/lib/python3.8/site-packages/airflow/example_dags/example_sla_dag.py
[2023-11-05T18:46:12.235+0000] {processor.py:829} INFO - Processing file /home/airflow/.local/lib/python3.8/site-packages/airflow/example_dags/example_sla_dag.py for tasks to queue
[2023-11-05T18:46:12.251+0000] {logging_mixin.py:151} INFO - [2023-11-05T18:46:12.250+0000] {dagbag.py:536} INFO - Filling up the DagBag from /home/airflow/.local/lib/python3.8/site-packages/airflow/example_dags/example_sla_dag.py
[2023-11-05T18:46:12.289+0000] {processor.py:839} INFO - DAG(s) dict_keys(['example_sla_dag']) retrieved from /home/airflow/.local/lib/python3.8/site-packages/airflow/example_dags/example_sla_dag.py
[2023-11-05T18:46:12.356+0000] {logging_mixin.py:151} INFO - [2023-11-05T18:46:12.355+0000] {dag.py:2941} INFO - Sync 1 DAGs
[2023-11-05T18:46:12.382+0000] {logging_mixin.py:151} INFO - [2023-11-05T18:46:12.382+0000] {dag.py:3722} INFO - Setting next_dagrun for example_sla_dag to 2023-11-05T18:44:00+00:00, run_after=2023-11-05T18:46:00+00:00
[2023-11-05T18:46:12.418+0000] {processor.py:179} INFO - Processing /home/airflow/.local/lib/python3.8/site-packages/airflow/example_dags/example_sla_dag.py took 0.209 seconds
[2023-11-05T18:46:42.570+0000] {processor.py:157} INFO - Started process (PID=113) to work on /home/airflow/.local/lib/python3.8/site-packages/airflow/example_dags/example_sla_dag.py
[2023-11-05T18:46:42.571+0000] {processor.py:829} INFO - Processing file /home/airflow/.local/lib/python3.8/site-packages/airflow/example_dags/example_sla_dag.py for tasks to queue
[2023-11-05T18:46:42.573+0000] {logging_mixin.py:151} INFO - [2023-11-05T18:46:42.572+0000] {dagbag.py:536} INFO - Filling up the DagBag from /home/airflow/.local/lib/python3.8/site-packages/airflow/example_dags/example_sla_dag.py
[2023-11-05T18:46:42.578+0000] {processor.py:839} INFO - DAG(s) dict_keys(['example_sla_dag']) retrieved from /home/airflow/.local/lib/python3.8/site-packages/airflow/example_dags/example_sla_dag.py
[2023-11-05T18:46:42.619+0000] {logging_mixin.py:151} INFO - [2023-11-05T18:46:42.618+0000] {dag.py:2941} INFO - Sync 1 DAGs
[2023-11-05T18:46:42.657+0000] {logging_mixin.py:151} INFO - [2023-11-05T18:46:42.656+0000] {dag.py:3722} INFO - Setting next_dagrun for example_sla_dag to 2023-11-05T18:44:00+00:00, run_after=2023-11-05T18:46:00+00:00
[2023-11-05T18:46:42.702+0000] {processor.py:179} INFO - Processing /home/airflow/.local/lib/python3.8/site-packages/airflow/example_dags/example_sla_dag.py took 0.135 seconds
[2023-11-05T18:47:13.761+0000] {processor.py:157} INFO - Started process (PID=167) to work on /home/airflow/.local/lib/python3.8/site-packages/airflow/example_dags/example_sla_dag.py
[2023-11-05T18:47:13.764+0000] {processor.py:829} INFO - Processing file /home/airflow/.local/lib/python3.8/site-packages/airflow/example_dags/example_sla_dag.py for tasks to queue
[2023-11-05T18:47:13.771+0000] {logging_mixin.py:151} INFO - [2023-11-05T18:47:13.770+0000] {dagbag.py:536} INFO - Filling up the DagBag from /home/airflow/.local/lib/python3.8/site-packages/airflow/example_dags/example_sla_dag.py
[2023-11-05T18:47:13.784+0000] {processor.py:839} INFO - DAG(s) dict_keys(['example_sla_dag']) retrieved from /home/airflow/.local/lib/python3.8/site-packages/airflow/example_dags/example_sla_dag.py
[2023-11-05T18:47:13.864+0000] {logging_mixin.py:151} INFO - [2023-11-05T18:47:13.864+0000] {dag.py:2941} INFO - Sync 1 DAGs
[2023-11-05T18:47:13.879+0000] {logging_mixin.py:151} INFO - [2023-11-05T18:47:13.879+0000] {dag.py:3722} INFO - Setting next_dagrun for example_sla_dag to 2023-11-05T18:44:00+00:00, run_after=2023-11-05T18:46:00+00:00
[2023-11-05T18:47:13.894+0000] {processor.py:179} INFO - Processing /home/airflow/.local/lib/python3.8/site-packages/airflow/example_dags/example_sla_dag.py took 0.139 seconds
[2023-11-05T18:47:44.182+0000] {processor.py:157} INFO - Started process (PID=221) to work on /home/airflow/.local/lib/python3.8/site-packages/airflow/example_dags/example_sla_dag.py
[2023-11-05T18:47:44.186+0000] {processor.py:829} INFO - Processing file /home/airflow/.local/lib/python3.8/site-packages/airflow/example_dags/example_sla_dag.py for tasks to queue
[2023-11-05T18:47:44.192+0000] {logging_mixin.py:151} INFO - [2023-11-05T18:47:44.192+0000] {dagbag.py:536} INFO - Filling up the DagBag from /home/airflow/.local/lib/python3.8/site-packages/airflow/example_dags/example_sla_dag.py
[2023-11-05T18:47:44.216+0000] {processor.py:839} INFO - DAG(s) dict_keys(['example_sla_dag']) retrieved from /home/airflow/.local/lib/python3.8/site-packages/airflow/example_dags/example_sla_dag.py
[2023-11-05T18:47:44.278+0000] {logging_mixin.py:151} INFO - [2023-11-05T18:47:44.278+0000] {dag.py:2941} INFO - Sync 1 DAGs
[2023-11-05T18:47:44.303+0000] {logging_mixin.py:151} INFO - [2023-11-05T18:47:44.303+0000] {dag.py:3722} INFO - Setting next_dagrun for example_sla_dag to 2023-11-05T18:44:00+00:00, run_after=2023-11-05T18:46:00+00:00
[2023-11-05T18:47:44.353+0000] {processor.py:179} INFO - Processing /home/airflow/.local/lib/python3.8/site-packages/airflow/example_dags/example_sla_dag.py took 0.176 seconds
[2023-11-05T18:48:14.989+0000] {processor.py:157} INFO - Started process (PID=275) to work on /home/airflow/.local/lib/python3.8/site-packages/airflow/example_dags/example_sla_dag.py
[2023-11-05T18:48:14.992+0000] {processor.py:829} INFO - Processing file /home/airflow/.local/lib/python3.8/site-packages/airflow/example_dags/example_sla_dag.py for tasks to queue
[2023-11-05T18:48:15.001+0000] {logging_mixin.py:151} INFO - [2023-11-05T18:48:15.000+0000] {dagbag.py:536} INFO - Filling up the DagBag from /home/airflow/.local/lib/python3.8/site-packages/airflow/example_dags/example_sla_dag.py
[2023-11-05T18:48:15.024+0000] {processor.py:839} INFO - DAG(s) dict_keys(['example_sla_dag']) retrieved from /home/airflow/.local/lib/python3.8/site-packages/airflow/example_dags/example_sla_dag.py
[2023-11-05T18:48:15.074+0000] {logging_mixin.py:151} INFO - [2023-11-05T18:48:15.074+0000] {dag.py:2941} INFO - Sync 1 DAGs
[2023-11-05T18:48:15.094+0000] {logging_mixin.py:151} INFO - [2023-11-05T18:48:15.094+0000] {dag.py:3722} INFO - Setting next_dagrun for example_sla_dag to 2023-11-05T18:46:00+00:00, run_after=2023-11-05T18:48:00+00:00
[2023-11-05T18:48:15.133+0000] {processor.py:179} INFO - Processing /home/airflow/.local/lib/python3.8/site-packages/airflow/example_dags/example_sla_dag.py took 0.150 seconds
[2023-11-05T18:48:45.573+0000] {processor.py:157} INFO - Started process (PID=329) to work on /home/airflow/.local/lib/python3.8/site-packages/airflow/example_dags/example_sla_dag.py
[2023-11-05T18:48:45.575+0000] {processor.py:829} INFO - Processing file /home/airflow/.local/lib/python3.8/site-packages/airflow/example_dags/example_sla_dag.py for tasks to queue
[2023-11-05T18:48:45.579+0000] {logging_mixin.py:151} INFO - [2023-11-05T18:48:45.578+0000] {dagbag.py:536} INFO - Filling up the DagBag from /home/airflow/.local/lib/python3.8/site-packages/airflow/example_dags/example_sla_dag.py
[2023-11-05T18:48:45.592+0000] {processor.py:839} INFO - DAG(s) dict_keys(['example_sla_dag']) retrieved from /home/airflow/.local/lib/python3.8/site-packages/airflow/example_dags/example_sla_dag.py
[2023-11-05T18:48:45.629+0000] {logging_mixin.py:151} INFO - [2023-11-05T18:48:45.628+0000] {dag.py:2941} INFO - Sync 1 DAGs
[2023-11-05T18:48:45.670+0000] {logging_mixin.py:151} INFO - [2023-11-05T18:48:45.669+0000] {dag.py:3722} INFO - Setting next_dagrun for example_sla_dag to 2023-11-05T18:46:00+00:00, run_after=2023-11-05T18:48:00+00:00
[2023-11-05T18:48:45.708+0000] {processor.py:179} INFO - Processing /home/airflow/.local/lib/python3.8/site-packages/airflow/example_dags/example_sla_dag.py took 0.138 seconds
[2023-11-05T18:53:31.784+0000] {processor.py:157} INFO - Started process (PID=383) to work on /home/airflow/.local/lib/python3.8/site-packages/airflow/example_dags/example_sla_dag.py
[2023-11-05T18:53:31.786+0000] {processor.py:829} INFO - Processing file /home/airflow/.local/lib/python3.8/site-packages/airflow/example_dags/example_sla_dag.py for tasks to queue
[2023-11-05T18:53:31.790+0000] {logging_mixin.py:151} INFO - [2023-11-05T18:53:31.790+0000] {dagbag.py:536} INFO - Filling up the DagBag from /home/airflow/.local/lib/python3.8/site-packages/airflow/example_dags/example_sla_dag.py
[2023-11-05T18:53:31.798+0000] {processor.py:839} INFO - DAG(s) dict_keys(['example_sla_dag']) retrieved from /home/airflow/.local/lib/python3.8/site-packages/airflow/example_dags/example_sla_dag.py
[2023-11-05T18:53:31.816+0000] {logging_mixin.py:151} INFO - [2023-11-05T18:53:31.816+0000] {dag.py:2941} INFO - Sync 1 DAGs
[2023-11-05T18:53:31.834+0000] {logging_mixin.py:151} INFO - [2023-11-05T18:53:31.834+0000] {dag.py:3722} INFO - Setting next_dagrun for example_sla_dag to 2023-11-05T18:50:00+00:00, run_after=2023-11-05T18:52:00+00:00
[2023-11-05T18:53:31.850+0000] {processor.py:179} INFO - Processing /home/airflow/.local/lib/python3.8/site-packages/airflow/example_dags/example_sla_dag.py took 0.071 seconds
[2023-11-05T18:54:04.487+0000] {processor.py:157} INFO - Started process (PID=437) to work on /home/airflow/.local/lib/python3.8/site-packages/airflow/example_dags/example_sla_dag.py
[2023-11-05T18:54:04.491+0000] {processor.py:829} INFO - Processing file /home/airflow/.local/lib/python3.8/site-packages/airflow/example_dags/example_sla_dag.py for tasks to queue
[2023-11-05T18:54:04.502+0000] {logging_mixin.py:151} INFO - [2023-11-05T18:54:04.501+0000] {dagbag.py:536} INFO - Filling up the DagBag from /home/airflow/.local/lib/python3.8/site-packages/airflow/example_dags/example_sla_dag.py
[2023-11-05T18:54:04.534+0000] {processor.py:839} INFO - DAG(s) dict_keys(['example_sla_dag']) retrieved from /home/airflow/.local/lib/python3.8/site-packages/airflow/example_dags/example_sla_dag.py
[2023-11-05T18:54:04.602+0000] {logging_mixin.py:151} INFO - [2023-11-05T18:54:04.600+0000] {dag.py:2941} INFO - Sync 1 DAGs
[2023-11-05T18:54:04.671+0000] {logging_mixin.py:151} INFO - [2023-11-05T18:54:04.671+0000] {dag.py:3722} INFO - Setting next_dagrun for example_sla_dag to 2023-11-05T18:52:00+00:00, run_after=2023-11-05T18:54:00+00:00
[2023-11-05T18:54:04.781+0000] {processor.py:179} INFO - Processing /home/airflow/.local/lib/python3.8/site-packages/airflow/example_dags/example_sla_dag.py took 0.296 seconds
[2023-11-05T18:54:35.806+0000] {processor.py:157} INFO - Started process (PID=491) to work on /home/airflow/.local/lib/python3.8/site-packages/airflow/example_dags/example_sla_dag.py
[2023-11-05T18:54:35.807+0000] {processor.py:829} INFO - Processing file /home/airflow/.local/lib/python3.8/site-packages/airflow/example_dags/example_sla_dag.py for tasks to queue
[2023-11-05T18:54:35.811+0000] {logging_mixin.py:151} INFO - [2023-11-05T18:54:35.810+0000] {dagbag.py:536} INFO - Filling up the DagBag from /home/airflow/.local/lib/python3.8/site-packages/airflow/example_dags/example_sla_dag.py
[2023-11-05T18:54:35.818+0000] {processor.py:839} INFO - DAG(s) dict_keys(['example_sla_dag']) retrieved from /home/airflow/.local/lib/python3.8/site-packages/airflow/example_dags/example_sla_dag.py
[2023-11-05T18:54:35.836+0000] {logging_mixin.py:151} INFO - [2023-11-05T18:54:35.836+0000] {dag.py:2941} INFO - Sync 1 DAGs
[2023-11-05T18:54:35.851+0000] {logging_mixin.py:151} INFO - [2023-11-05T18:54:35.851+0000] {dag.py:3722} INFO - Setting next_dagrun for example_sla_dag to 2023-11-05T18:52:00+00:00, run_after=2023-11-05T18:54:00+00:00
[2023-11-05T18:54:35.876+0000] {processor.py:179} INFO - Processing /home/airflow/.local/lib/python3.8/site-packages/airflow/example_dags/example_sla_dag.py took 0.072 seconds
