[2023-11-05T18:36:01.798+0000] {processor.py:157} INFO - Started process (PID=48) to work on /home/airflow/.local/lib/python3.8/site-packages/airflow/example_dags/example_xcom.py
[2023-11-05T18:36:01.802+0000] {processor.py:829} INFO - Processing file /home/airflow/.local/lib/python3.8/site-packages/airflow/example_dags/example_xcom.py for tasks to queue
[2023-11-05T18:36:01.811+0000] {logging_mixin.py:151} INFO - [2023-11-05T18:36:01.810+0000] {dagbag.py:536} INFO - Filling up the DagBag from /home/airflow/.local/lib/python3.8/site-packages/airflow/example_dags/example_xcom.py
[2023-11-05T18:36:01.834+0000] {processor.py:839} INFO - DAG(s) dict_keys(['example_xcom']) retrieved from /home/airflow/.local/lib/python3.8/site-packages/airflow/example_dags/example_xcom.py
[2023-11-05T18:36:01.971+0000] {logging_mixin.py:151} INFO - [2023-11-05T18:36:01.971+0000] {dag.py:2941} INFO - Sync 1 DAGs
[2023-11-05T18:36:02.088+0000] {logging_mixin.py:151} INFO - [2023-11-05T18:36:02.088+0000] {dag.py:3722} INFO - Setting next_dagrun for example_xcom to 2021-01-01T00:00:00+00:00, run_after=2021-01-01T00:00:00+00:00
[2023-11-05T18:36:02.268+0000] {processor.py:179} INFO - Processing /home/airflow/.local/lib/python3.8/site-packages/airflow/example_dags/example_xcom.py took 0.477 seconds
[2023-11-05T18:36:32.676+0000] {processor.py:157} INFO - Started process (PID=102) to work on /home/airflow/.local/lib/python3.8/site-packages/airflow/example_dags/example_xcom.py
[2023-11-05T18:36:32.704+0000] {processor.py:829} INFO - Processing file /home/airflow/.local/lib/python3.8/site-packages/airflow/example_dags/example_xcom.py for tasks to queue
[2023-11-05T18:36:32.728+0000] {logging_mixin.py:151} INFO - [2023-11-05T18:36:32.727+0000] {dagbag.py:536} INFO - Filling up the DagBag from /home/airflow/.local/lib/python3.8/site-packages/airflow/example_dags/example_xcom.py
[2023-11-05T18:36:32.736+0000] {processor.py:839} INFO - DAG(s) dict_keys(['example_xcom']) retrieved from /home/airflow/.local/lib/python3.8/site-packages/airflow/example_dags/example_xcom.py
[2023-11-05T18:36:32.814+0000] {logging_mixin.py:151} INFO - [2023-11-05T18:36:32.814+0000] {dag.py:2941} INFO - Sync 1 DAGs
[2023-11-05T18:36:32.852+0000] {logging_mixin.py:151} INFO - [2023-11-05T18:36:32.852+0000] {dag.py:3722} INFO - Setting next_dagrun for example_xcom to 2021-01-01T00:00:00+00:00, run_after=2021-01-01T00:00:00+00:00
[2023-11-05T18:36:32.943+0000] {processor.py:179} INFO - Processing /home/airflow/.local/lib/python3.8/site-packages/airflow/example_dags/example_xcom.py took 0.272 seconds
[2023-11-05T18:37:03.405+0000] {processor.py:157} INFO - Started process (PID=156) to work on /home/airflow/.local/lib/python3.8/site-packages/airflow/example_dags/example_xcom.py
[2023-11-05T18:37:03.407+0000] {processor.py:829} INFO - Processing file /home/airflow/.local/lib/python3.8/site-packages/airflow/example_dags/example_xcom.py for tasks to queue
[2023-11-05T18:37:03.420+0000] {logging_mixin.py:151} INFO - [2023-11-05T18:37:03.420+0000] {dagbag.py:536} INFO - Filling up the DagBag from /home/airflow/.local/lib/python3.8/site-packages/airflow/example_dags/example_xcom.py
[2023-11-05T18:37:03.436+0000] {processor.py:839} INFO - DAG(s) dict_keys(['example_xcom']) retrieved from /home/airflow/.local/lib/python3.8/site-packages/airflow/example_dags/example_xcom.py
[2023-11-05T18:37:03.477+0000] {logging_mixin.py:151} INFO - [2023-11-05T18:37:03.476+0000] {dag.py:2941} INFO - Sync 1 DAGs
[2023-11-05T18:37:03.499+0000] {logging_mixin.py:151} INFO - [2023-11-05T18:37:03.499+0000] {dag.py:3722} INFO - Setting next_dagrun for example_xcom to 2021-01-01T00:00:00+00:00, run_after=2021-01-01T00:00:00+00:00
[2023-11-05T18:37:03.514+0000] {processor.py:179} INFO - Processing /home/airflow/.local/lib/python3.8/site-packages/airflow/example_dags/example_xcom.py took 0.114 seconds
[2023-11-05T18:37:33.743+0000] {processor.py:157} INFO - Started process (PID=209) to work on /home/airflow/.local/lib/python3.8/site-packages/airflow/example_dags/example_xcom.py
[2023-11-05T18:37:33.755+0000] {processor.py:829} INFO - Processing file /home/airflow/.local/lib/python3.8/site-packages/airflow/example_dags/example_xcom.py for tasks to queue
[2023-11-05T18:37:33.766+0000] {logging_mixin.py:151} INFO - [2023-11-05T18:37:33.765+0000] {dagbag.py:536} INFO - Filling up the DagBag from /home/airflow/.local/lib/python3.8/site-packages/airflow/example_dags/example_xcom.py
[2023-11-05T18:37:33.778+0000] {processor.py:839} INFO - DAG(s) dict_keys(['example_xcom']) retrieved from /home/airflow/.local/lib/python3.8/site-packages/airflow/example_dags/example_xcom.py
[2023-11-05T18:37:33.860+0000] {logging_mixin.py:151} INFO - [2023-11-05T18:37:33.859+0000] {dag.py:2941} INFO - Sync 1 DAGs
[2023-11-05T18:37:33.905+0000] {logging_mixin.py:151} INFO - [2023-11-05T18:37:33.905+0000] {dag.py:3722} INFO - Setting next_dagrun for example_xcom to 2021-01-01T00:00:00+00:00, run_after=2021-01-01T00:00:00+00:00
[2023-11-05T18:37:33.962+0000] {processor.py:179} INFO - Processing /home/airflow/.local/lib/python3.8/site-packages/airflow/example_dags/example_xcom.py took 0.225 seconds
[2023-11-05T18:38:04.610+0000] {processor.py:157} INFO - Started process (PID=263) to work on /home/airflow/.local/lib/python3.8/site-packages/airflow/example_dags/example_xcom.py
[2023-11-05T18:38:04.611+0000] {processor.py:829} INFO - Processing file /home/airflow/.local/lib/python3.8/site-packages/airflow/example_dags/example_xcom.py for tasks to queue
[2023-11-05T18:38:04.615+0000] {logging_mixin.py:151} INFO - [2023-11-05T18:38:04.614+0000] {dagbag.py:536} INFO - Filling up the DagBag from /home/airflow/.local/lib/python3.8/site-packages/airflow/example_dags/example_xcom.py
[2023-11-05T18:38:04.634+0000] {processor.py:839} INFO - DAG(s) dict_keys(['example_xcom']) retrieved from /home/airflow/.local/lib/python3.8/site-packages/airflow/example_dags/example_xcom.py
[2023-11-05T18:38:04.715+0000] {logging_mixin.py:151} INFO - [2023-11-05T18:38:04.715+0000] {dag.py:2941} INFO - Sync 1 DAGs
[2023-11-05T18:38:04.734+0000] {logging_mixin.py:151} INFO - [2023-11-05T18:38:04.734+0000] {dag.py:3722} INFO - Setting next_dagrun for example_xcom to 2021-01-01T00:00:00+00:00, run_after=2021-01-01T00:00:00+00:00
[2023-11-05T18:38:04.805+0000] {processor.py:179} INFO - Processing /home/airflow/.local/lib/python3.8/site-packages/airflow/example_dags/example_xcom.py took 0.198 seconds
[2023-11-05T18:38:36.139+0000] {processor.py:157} INFO - Started process (PID=316) to work on /home/airflow/.local/lib/python3.8/site-packages/airflow/example_dags/example_xcom.py
[2023-11-05T18:38:36.146+0000] {processor.py:829} INFO - Processing file /home/airflow/.local/lib/python3.8/site-packages/airflow/example_dags/example_xcom.py for tasks to queue
[2023-11-05T18:38:36.153+0000] {logging_mixin.py:151} INFO - [2023-11-05T18:38:36.153+0000] {dagbag.py:536} INFO - Filling up the DagBag from /home/airflow/.local/lib/python3.8/site-packages/airflow/example_dags/example_xcom.py
[2023-11-05T18:38:36.168+0000] {processor.py:839} INFO - DAG(s) dict_keys(['example_xcom']) retrieved from /home/airflow/.local/lib/python3.8/site-packages/airflow/example_dags/example_xcom.py
[2023-11-05T18:38:36.236+0000] {logging_mixin.py:151} INFO - [2023-11-05T18:38:36.236+0000] {dag.py:2941} INFO - Sync 1 DAGs
[2023-11-05T18:38:36.268+0000] {logging_mixin.py:151} INFO - [2023-11-05T18:38:36.268+0000] {dag.py:3722} INFO - Setting next_dagrun for example_xcom to 2021-01-01T00:00:00+00:00, run_after=2021-01-01T00:00:00+00:00
[2023-11-05T18:38:36.478+0000] {processor.py:179} INFO - Processing /home/airflow/.local/lib/python3.8/site-packages/airflow/example_dags/example_xcom.py took 0.332 seconds
[2023-11-05T18:39:06.797+0000] {processor.py:157} INFO - Started process (PID=370) to work on /home/airflow/.local/lib/python3.8/site-packages/airflow/example_dags/example_xcom.py
[2023-11-05T18:39:06.810+0000] {processor.py:829} INFO - Processing file /home/airflow/.local/lib/python3.8/site-packages/airflow/example_dags/example_xcom.py for tasks to queue
[2023-11-05T18:39:06.839+0000] {logging_mixin.py:151} INFO - [2023-11-05T18:39:06.837+0000] {dagbag.py:536} INFO - Filling up the DagBag from /home/airflow/.local/lib/python3.8/site-packages/airflow/example_dags/example_xcom.py
[2023-11-05T18:39:06.876+0000] {processor.py:839} INFO - DAG(s) dict_keys(['example_xcom']) retrieved from /home/airflow/.local/lib/python3.8/site-packages/airflow/example_dags/example_xcom.py
[2023-11-05T18:39:06.982+0000] {logging_mixin.py:151} INFO - [2023-11-05T18:39:06.982+0000] {dag.py:2941} INFO - Sync 1 DAGs
[2023-11-05T18:39:07.018+0000] {logging_mixin.py:151} INFO - [2023-11-05T18:39:07.018+0000] {dag.py:3722} INFO - Setting next_dagrun for example_xcom to 2021-01-01T00:00:00+00:00, run_after=2021-01-01T00:00:00+00:00
[2023-11-05T18:39:07.114+0000] {processor.py:179} INFO - Processing /home/airflow/.local/lib/python3.8/site-packages/airflow/example_dags/example_xcom.py took 0.319 seconds
[2023-11-05T18:39:37.198+0000] {processor.py:157} INFO - Started process (PID=424) to work on /home/airflow/.local/lib/python3.8/site-packages/airflow/example_dags/example_xcom.py
[2023-11-05T18:39:37.215+0000] {processor.py:829} INFO - Processing file /home/airflow/.local/lib/python3.8/site-packages/airflow/example_dags/example_xcom.py for tasks to queue
[2023-11-05T18:39:37.224+0000] {logging_mixin.py:151} INFO - [2023-11-05T18:39:37.224+0000] {dagbag.py:536} INFO - Filling up the DagBag from /home/airflow/.local/lib/python3.8/site-packages/airflow/example_dags/example_xcom.py
[2023-11-05T18:39:37.240+0000] {processor.py:839} INFO - DAG(s) dict_keys(['example_xcom']) retrieved from /home/airflow/.local/lib/python3.8/site-packages/airflow/example_dags/example_xcom.py
[2023-11-05T18:39:37.302+0000] {logging_mixin.py:151} INFO - [2023-11-05T18:39:37.302+0000] {dag.py:2941} INFO - Sync 1 DAGs
[2023-11-05T18:39:37.325+0000] {logging_mixin.py:151} INFO - [2023-11-05T18:39:37.324+0000] {dag.py:3722} INFO - Setting next_dagrun for example_xcom to 2021-01-01T00:00:00+00:00, run_after=2021-01-01T00:00:00+00:00
[2023-11-05T18:39:37.379+0000] {processor.py:179} INFO - Processing /home/airflow/.local/lib/python3.8/site-packages/airflow/example_dags/example_xcom.py took 0.185 seconds
[2023-11-05T18:40:07.556+0000] {processor.py:157} INFO - Started process (PID=478) to work on /home/airflow/.local/lib/python3.8/site-packages/airflow/example_dags/example_xcom.py
[2023-11-05T18:40:07.573+0000] {processor.py:829} INFO - Processing file /home/airflow/.local/lib/python3.8/site-packages/airflow/example_dags/example_xcom.py for tasks to queue
[2023-11-05T18:40:07.577+0000] {logging_mixin.py:151} INFO - [2023-11-05T18:40:07.577+0000] {dagbag.py:536} INFO - Filling up the DagBag from /home/airflow/.local/lib/python3.8/site-packages/airflow/example_dags/example_xcom.py
[2023-11-05T18:40:07.584+0000] {processor.py:839} INFO - DAG(s) dict_keys(['example_xcom']) retrieved from /home/airflow/.local/lib/python3.8/site-packages/airflow/example_dags/example_xcom.py
[2023-11-05T18:40:07.635+0000] {logging_mixin.py:151} INFO - [2023-11-05T18:40:07.635+0000] {dag.py:2941} INFO - Sync 1 DAGs
[2023-11-05T18:40:07.689+0000] {logging_mixin.py:151} INFO - [2023-11-05T18:40:07.688+0000] {dag.py:3722} INFO - Setting next_dagrun for example_xcom to 2021-01-01T00:00:00+00:00, run_after=2021-01-01T00:00:00+00:00
[2023-11-05T18:40:07.753+0000] {processor.py:179} INFO - Processing /home/airflow/.local/lib/python3.8/site-packages/airflow/example_dags/example_xcom.py took 0.199 seconds
[2023-11-05T18:40:38.259+0000] {processor.py:157} INFO - Started process (PID=532) to work on /home/airflow/.local/lib/python3.8/site-packages/airflow/example_dags/example_xcom.py
[2023-11-05T18:40:38.267+0000] {processor.py:829} INFO - Processing file /home/airflow/.local/lib/python3.8/site-packages/airflow/example_dags/example_xcom.py for tasks to queue
[2023-11-05T18:40:38.278+0000] {logging_mixin.py:151} INFO - [2023-11-05T18:40:38.276+0000] {dagbag.py:536} INFO - Filling up the DagBag from /home/airflow/.local/lib/python3.8/site-packages/airflow/example_dags/example_xcom.py
[2023-11-05T18:40:38.292+0000] {processor.py:839} INFO - DAG(s) dict_keys(['example_xcom']) retrieved from /home/airflow/.local/lib/python3.8/site-packages/airflow/example_dags/example_xcom.py
[2023-11-05T18:40:38.357+0000] {logging_mixin.py:151} INFO - [2023-11-05T18:40:38.357+0000] {dag.py:2941} INFO - Sync 1 DAGs
[2023-11-05T18:40:38.395+0000] {logging_mixin.py:151} INFO - [2023-11-05T18:40:38.395+0000] {dag.py:3722} INFO - Setting next_dagrun for example_xcom to 2021-01-01T00:00:00+00:00, run_after=2021-01-01T00:00:00+00:00
[2023-11-05T18:40:38.438+0000] {processor.py:179} INFO - Processing /home/airflow/.local/lib/python3.8/site-packages/airflow/example_dags/example_xcom.py took 0.181 seconds
[2023-11-05T18:41:08.938+0000] {processor.py:157} INFO - Started process (PID=586) to work on /home/airflow/.local/lib/python3.8/site-packages/airflow/example_dags/example_xcom.py
[2023-11-05T18:41:08.944+0000] {processor.py:829} INFO - Processing file /home/airflow/.local/lib/python3.8/site-packages/airflow/example_dags/example_xcom.py for tasks to queue
[2023-11-05T18:41:08.952+0000] {logging_mixin.py:151} INFO - [2023-11-05T18:41:08.952+0000] {dagbag.py:536} INFO - Filling up the DagBag from /home/airflow/.local/lib/python3.8/site-packages/airflow/example_dags/example_xcom.py
[2023-11-05T18:41:08.968+0000] {processor.py:839} INFO - DAG(s) dict_keys(['example_xcom']) retrieved from /home/airflow/.local/lib/python3.8/site-packages/airflow/example_dags/example_xcom.py
[2023-11-05T18:41:09.025+0000] {logging_mixin.py:151} INFO - [2023-11-05T18:41:09.025+0000] {dag.py:2941} INFO - Sync 1 DAGs
[2023-11-05T18:41:09.058+0000] {logging_mixin.py:151} INFO - [2023-11-05T18:41:09.058+0000] {dag.py:3722} INFO - Setting next_dagrun for example_xcom to 2021-01-01T00:00:00+00:00, run_after=2021-01-01T00:00:00+00:00
[2023-11-05T18:41:09.091+0000] {processor.py:179} INFO - Processing /home/airflow/.local/lib/python3.8/site-packages/airflow/example_dags/example_xcom.py took 0.159 seconds
[2023-11-05T18:41:40.040+0000] {processor.py:157} INFO - Started process (PID=640) to work on /home/airflow/.local/lib/python3.8/site-packages/airflow/example_dags/example_xcom.py
[2023-11-05T18:41:40.047+0000] {processor.py:829} INFO - Processing file /home/airflow/.local/lib/python3.8/site-packages/airflow/example_dags/example_xcom.py for tasks to queue
[2023-11-05T18:41:40.051+0000] {logging_mixin.py:151} INFO - [2023-11-05T18:41:40.051+0000] {dagbag.py:536} INFO - Filling up the DagBag from /home/airflow/.local/lib/python3.8/site-packages/airflow/example_dags/example_xcom.py
[2023-11-05T18:41:40.067+0000] {processor.py:839} INFO - DAG(s) dict_keys(['example_xcom']) retrieved from /home/airflow/.local/lib/python3.8/site-packages/airflow/example_dags/example_xcom.py
[2023-11-05T18:41:40.136+0000] {logging_mixin.py:151} INFO - [2023-11-05T18:41:40.135+0000] {dag.py:2941} INFO - Sync 1 DAGs
[2023-11-05T18:41:40.169+0000] {logging_mixin.py:151} INFO - [2023-11-05T18:41:40.169+0000] {dag.py:3722} INFO - Setting next_dagrun for example_xcom to 2021-01-01T00:00:00+00:00, run_after=2021-01-01T00:00:00+00:00
[2023-11-05T18:41:40.246+0000] {processor.py:179} INFO - Processing /home/airflow/.local/lib/python3.8/site-packages/airflow/example_dags/example_xcom.py took 0.209 seconds
[2023-11-05T18:42:10.464+0000] {processor.py:157} INFO - Started process (PID=693) to work on /home/airflow/.local/lib/python3.8/site-packages/airflow/example_dags/example_xcom.py
[2023-11-05T18:42:10.474+0000] {processor.py:829} INFO - Processing file /home/airflow/.local/lib/python3.8/site-packages/airflow/example_dags/example_xcom.py for tasks to queue
[2023-11-05T18:42:10.479+0000] {logging_mixin.py:151} INFO - [2023-11-05T18:42:10.479+0000] {dagbag.py:536} INFO - Filling up the DagBag from /home/airflow/.local/lib/python3.8/site-packages/airflow/example_dags/example_xcom.py
[2023-11-05T18:42:10.488+0000] {processor.py:839} INFO - DAG(s) dict_keys(['example_xcom']) retrieved from /home/airflow/.local/lib/python3.8/site-packages/airflow/example_dags/example_xcom.py
[2023-11-05T18:42:10.551+0000] {logging_mixin.py:151} INFO - [2023-11-05T18:42:10.551+0000] {dag.py:2941} INFO - Sync 1 DAGs
[2023-11-05T18:42:10.593+0000] {logging_mixin.py:151} INFO - [2023-11-05T18:42:10.593+0000] {dag.py:3722} INFO - Setting next_dagrun for example_xcom to 2021-01-01T00:00:00+00:00, run_after=2021-01-01T00:00:00+00:00
[2023-11-05T18:42:10.646+0000] {processor.py:179} INFO - Processing /home/airflow/.local/lib/python3.8/site-packages/airflow/example_dags/example_xcom.py took 0.186 seconds
[2023-11-05T18:42:41.559+0000] {processor.py:157} INFO - Started process (PID=747) to work on /home/airflow/.local/lib/python3.8/site-packages/airflow/example_dags/example_xcom.py
[2023-11-05T18:42:41.569+0000] {processor.py:829} INFO - Processing file /home/airflow/.local/lib/python3.8/site-packages/airflow/example_dags/example_xcom.py for tasks to queue
[2023-11-05T18:42:41.580+0000] {logging_mixin.py:151} INFO - [2023-11-05T18:42:41.579+0000] {dagbag.py:536} INFO - Filling up the DagBag from /home/airflow/.local/lib/python3.8/site-packages/airflow/example_dags/example_xcom.py
[2023-11-05T18:42:41.596+0000] {processor.py:839} INFO - DAG(s) dict_keys(['example_xcom']) retrieved from /home/airflow/.local/lib/python3.8/site-packages/airflow/example_dags/example_xcom.py
[2023-11-05T18:42:41.670+0000] {logging_mixin.py:151} INFO - [2023-11-05T18:42:41.670+0000] {dag.py:2941} INFO - Sync 1 DAGs
[2023-11-05T18:42:41.717+0000] {logging_mixin.py:151} INFO - [2023-11-05T18:42:41.717+0000] {dag.py:3722} INFO - Setting next_dagrun for example_xcom to 2021-01-01T00:00:00+00:00, run_after=2021-01-01T00:00:00+00:00
[2023-11-05T18:42:41.834+0000] {processor.py:179} INFO - Processing /home/airflow/.local/lib/python3.8/site-packages/airflow/example_dags/example_xcom.py took 0.282 seconds
[2023-11-05T18:43:12.829+0000] {processor.py:157} INFO - Started process (PID=808) to work on /home/airflow/.local/lib/python3.8/site-packages/airflow/example_dags/example_xcom.py
[2023-11-05T18:43:12.839+0000] {processor.py:829} INFO - Processing file /home/airflow/.local/lib/python3.8/site-packages/airflow/example_dags/example_xcom.py for tasks to queue
[2023-11-05T18:43:12.851+0000] {logging_mixin.py:151} INFO - [2023-11-05T18:43:12.849+0000] {dagbag.py:536} INFO - Filling up the DagBag from /home/airflow/.local/lib/python3.8/site-packages/airflow/example_dags/example_xcom.py
[2023-11-05T18:43:12.869+0000] {processor.py:839} INFO - DAG(s) dict_keys(['example_xcom']) retrieved from /home/airflow/.local/lib/python3.8/site-packages/airflow/example_dags/example_xcom.py
[2023-11-05T18:43:12.946+0000] {logging_mixin.py:151} INFO - [2023-11-05T18:43:12.946+0000] {dag.py:2941} INFO - Sync 1 DAGs
[2023-11-05T18:43:13.006+0000] {logging_mixin.py:151} INFO - [2023-11-05T18:43:13.006+0000] {dag.py:3722} INFO - Setting next_dagrun for example_xcom to 2021-01-01T00:00:00+00:00, run_after=2021-01-01T00:00:00+00:00
[2023-11-05T18:43:13.135+0000] {processor.py:179} INFO - Processing /home/airflow/.local/lib/python3.8/site-packages/airflow/example_dags/example_xcom.py took 0.312 seconds
[2023-11-05T18:43:43.170+0000] {processor.py:157} INFO - Started process (PID=861) to work on /home/airflow/.local/lib/python3.8/site-packages/airflow/example_dags/example_xcom.py
[2023-11-05T18:43:43.171+0000] {processor.py:829} INFO - Processing file /home/airflow/.local/lib/python3.8/site-packages/airflow/example_dags/example_xcom.py for tasks to queue
[2023-11-05T18:43:43.175+0000] {logging_mixin.py:151} INFO - [2023-11-05T18:43:43.175+0000] {dagbag.py:536} INFO - Filling up the DagBag from /home/airflow/.local/lib/python3.8/site-packages/airflow/example_dags/example_xcom.py
[2023-11-05T18:43:43.187+0000] {processor.py:839} INFO - DAG(s) dict_keys(['example_xcom']) retrieved from /home/airflow/.local/lib/python3.8/site-packages/airflow/example_dags/example_xcom.py
[2023-11-05T18:43:43.207+0000] {logging_mixin.py:151} INFO - [2023-11-05T18:43:43.207+0000] {dag.py:2941} INFO - Sync 1 DAGs
[2023-11-05T18:43:43.226+0000] {logging_mixin.py:151} INFO - [2023-11-05T18:43:43.226+0000] {dag.py:3722} INFO - Setting next_dagrun for example_xcom to 2021-01-01T00:00:00+00:00, run_after=2021-01-01T00:00:00+00:00
[2023-11-05T18:43:43.249+0000] {processor.py:179} INFO - Processing /home/airflow/.local/lib/python3.8/site-packages/airflow/example_dags/example_xcom.py took 0.081 seconds
[2023-11-05T18:44:13.642+0000] {processor.py:157} INFO - Started process (PID=915) to work on /home/airflow/.local/lib/python3.8/site-packages/airflow/example_dags/example_xcom.py
[2023-11-05T18:44:13.644+0000] {processor.py:829} INFO - Processing file /home/airflow/.local/lib/python3.8/site-packages/airflow/example_dags/example_xcom.py for tasks to queue
[2023-11-05T18:44:13.649+0000] {logging_mixin.py:151} INFO - [2023-11-05T18:44:13.649+0000] {dagbag.py:536} INFO - Filling up the DagBag from /home/airflow/.local/lib/python3.8/site-packages/airflow/example_dags/example_xcom.py
[2023-11-05T18:44:13.659+0000] {processor.py:839} INFO - DAG(s) dict_keys(['example_xcom']) retrieved from /home/airflow/.local/lib/python3.8/site-packages/airflow/example_dags/example_xcom.py
[2023-11-05T18:44:13.679+0000] {logging_mixin.py:151} INFO - [2023-11-05T18:44:13.679+0000] {dag.py:2941} INFO - Sync 1 DAGs
[2023-11-05T18:44:13.708+0000] {logging_mixin.py:151} INFO - [2023-11-05T18:44:13.708+0000] {dag.py:3722} INFO - Setting next_dagrun for example_xcom to 2021-01-01T00:00:00+00:00, run_after=2021-01-01T00:00:00+00:00
[2023-11-05T18:44:13.737+0000] {processor.py:179} INFO - Processing /home/airflow/.local/lib/python3.8/site-packages/airflow/example_dags/example_xcom.py took 0.100 seconds
[2023-11-05T18:44:43.921+0000] {processor.py:157} INFO - Started process (PID=968) to work on /home/airflow/.local/lib/python3.8/site-packages/airflow/example_dags/example_xcom.py
[2023-11-05T18:44:43.922+0000] {processor.py:829} INFO - Processing file /home/airflow/.local/lib/python3.8/site-packages/airflow/example_dags/example_xcom.py for tasks to queue
[2023-11-05T18:44:43.925+0000] {logging_mixin.py:151} INFO - [2023-11-05T18:44:43.924+0000] {dagbag.py:536} INFO - Filling up the DagBag from /home/airflow/.local/lib/python3.8/site-packages/airflow/example_dags/example_xcom.py
[2023-11-05T18:44:43.931+0000] {processor.py:839} INFO - DAG(s) dict_keys(['example_xcom']) retrieved from /home/airflow/.local/lib/python3.8/site-packages/airflow/example_dags/example_xcom.py
[2023-11-05T18:44:43.952+0000] {logging_mixin.py:151} INFO - [2023-11-05T18:44:43.952+0000] {dag.py:2941} INFO - Sync 1 DAGs
[2023-11-05T18:44:43.965+0000] {logging_mixin.py:151} INFO - [2023-11-05T18:44:43.965+0000] {dag.py:3722} INFO - Setting next_dagrun for example_xcom to 2021-01-01T00:00:00+00:00, run_after=2021-01-01T00:00:00+00:00
[2023-11-05T18:44:43.986+0000] {processor.py:179} INFO - Processing /home/airflow/.local/lib/python3.8/site-packages/airflow/example_dags/example_xcom.py took 0.070 seconds
[2023-11-05T18:46:10.924+0000] {processor.py:157} INFO - Started process (PID=48) to work on /home/airflow/.local/lib/python3.8/site-packages/airflow/example_dags/example_xcom.py
[2023-11-05T18:46:10.931+0000] {processor.py:829} INFO - Processing file /home/airflow/.local/lib/python3.8/site-packages/airflow/example_dags/example_xcom.py for tasks to queue
[2023-11-05T18:46:10.949+0000] {logging_mixin.py:151} INFO - [2023-11-05T18:46:10.947+0000] {dagbag.py:536} INFO - Filling up the DagBag from /home/airflow/.local/lib/python3.8/site-packages/airflow/example_dags/example_xcom.py
[2023-11-05T18:46:11.004+0000] {processor.py:839} INFO - DAG(s) dict_keys(['example_xcom']) retrieved from /home/airflow/.local/lib/python3.8/site-packages/airflow/example_dags/example_xcom.py
[2023-11-05T18:46:11.036+0000] {logging_mixin.py:151} INFO - [2023-11-05T18:46:11.035+0000] {dag.py:2941} INFO - Sync 1 DAGs
[2023-11-05T18:46:11.066+0000] {logging_mixin.py:151} INFO - [2023-11-05T18:46:11.065+0000] {dag.py:3722} INFO - Setting next_dagrun for example_xcom to 2021-01-01T00:00:00+00:00, run_after=2021-01-01T00:00:00+00:00
[2023-11-05T18:46:11.124+0000] {processor.py:179} INFO - Processing /home/airflow/.local/lib/python3.8/site-packages/airflow/example_dags/example_xcom.py took 0.219 seconds
[2023-11-05T18:46:41.490+0000] {processor.py:157} INFO - Started process (PID=102) to work on /home/airflow/.local/lib/python3.8/site-packages/airflow/example_dags/example_xcom.py
[2023-11-05T18:46:41.496+0000] {processor.py:829} INFO - Processing file /home/airflow/.local/lib/python3.8/site-packages/airflow/example_dags/example_xcom.py for tasks to queue
[2023-11-05T18:46:41.501+0000] {logging_mixin.py:151} INFO - [2023-11-05T18:46:41.500+0000] {dagbag.py:536} INFO - Filling up the DagBag from /home/airflow/.local/lib/python3.8/site-packages/airflow/example_dags/example_xcom.py
[2023-11-05T18:46:41.513+0000] {processor.py:839} INFO - DAG(s) dict_keys(['example_xcom']) retrieved from /home/airflow/.local/lib/python3.8/site-packages/airflow/example_dags/example_xcom.py
[2023-11-05T18:46:41.558+0000] {logging_mixin.py:151} INFO - [2023-11-05T18:46:41.558+0000] {dag.py:2941} INFO - Sync 1 DAGs
[2023-11-05T18:46:41.602+0000] {logging_mixin.py:151} INFO - [2023-11-05T18:46:41.601+0000] {dag.py:3722} INFO - Setting next_dagrun for example_xcom to 2021-01-01T00:00:00+00:00, run_after=2021-01-01T00:00:00+00:00
[2023-11-05T18:46:41.665+0000] {processor.py:179} INFO - Processing /home/airflow/.local/lib/python3.8/site-packages/airflow/example_dags/example_xcom.py took 0.177 seconds
[2023-11-05T18:47:12.077+0000] {processor.py:157} INFO - Started process (PID=156) to work on /home/airflow/.local/lib/python3.8/site-packages/airflow/example_dags/example_xcom.py
[2023-11-05T18:47:12.099+0000] {processor.py:829} INFO - Processing file /home/airflow/.local/lib/python3.8/site-packages/airflow/example_dags/example_xcom.py for tasks to queue
[2023-11-05T18:47:12.109+0000] {logging_mixin.py:151} INFO - [2023-11-05T18:47:12.108+0000] {dagbag.py:536} INFO - Filling up the DagBag from /home/airflow/.local/lib/python3.8/site-packages/airflow/example_dags/example_xcom.py
[2023-11-05T18:47:12.121+0000] {processor.py:839} INFO - DAG(s) dict_keys(['example_xcom']) retrieved from /home/airflow/.local/lib/python3.8/site-packages/airflow/example_dags/example_xcom.py
[2023-11-05T18:47:12.216+0000] {logging_mixin.py:151} INFO - [2023-11-05T18:47:12.216+0000] {dag.py:2941} INFO - Sync 1 DAGs
[2023-11-05T18:47:12.265+0000] {logging_mixin.py:151} INFO - [2023-11-05T18:47:12.265+0000] {dag.py:3722} INFO - Setting next_dagrun for example_xcom to 2021-01-01T00:00:00+00:00, run_after=2021-01-01T00:00:00+00:00
[2023-11-05T18:47:12.341+0000] {processor.py:179} INFO - Processing /home/airflow/.local/lib/python3.8/site-packages/airflow/example_dags/example_xcom.py took 0.269 seconds
[2023-11-05T18:47:42.821+0000] {processor.py:157} INFO - Started process (PID=210) to work on /home/airflow/.local/lib/python3.8/site-packages/airflow/example_dags/example_xcom.py
[2023-11-05T18:47:42.824+0000] {processor.py:829} INFO - Processing file /home/airflow/.local/lib/python3.8/site-packages/airflow/example_dags/example_xcom.py for tasks to queue
[2023-11-05T18:47:42.827+0000] {logging_mixin.py:151} INFO - [2023-11-05T18:47:42.827+0000] {dagbag.py:536} INFO - Filling up the DagBag from /home/airflow/.local/lib/python3.8/site-packages/airflow/example_dags/example_xcom.py
[2023-11-05T18:47:42.844+0000] {processor.py:839} INFO - DAG(s) dict_keys(['example_xcom']) retrieved from /home/airflow/.local/lib/python3.8/site-packages/airflow/example_dags/example_xcom.py
[2023-11-05T18:47:42.896+0000] {logging_mixin.py:151} INFO - [2023-11-05T18:47:42.895+0000] {dag.py:2941} INFO - Sync 1 DAGs
[2023-11-05T18:47:42.917+0000] {logging_mixin.py:151} INFO - [2023-11-05T18:47:42.917+0000] {dag.py:3722} INFO - Setting next_dagrun for example_xcom to 2021-01-01T00:00:00+00:00, run_after=2021-01-01T00:00:00+00:00
[2023-11-05T18:47:42.941+0000] {processor.py:179} INFO - Processing /home/airflow/.local/lib/python3.8/site-packages/airflow/example_dags/example_xcom.py took 0.123 seconds
[2023-11-05T18:48:13.841+0000] {processor.py:157} INFO - Started process (PID=264) to work on /home/airflow/.local/lib/python3.8/site-packages/airflow/example_dags/example_xcom.py
[2023-11-05T18:48:13.842+0000] {processor.py:829} INFO - Processing file /home/airflow/.local/lib/python3.8/site-packages/airflow/example_dags/example_xcom.py for tasks to queue
[2023-11-05T18:48:13.844+0000] {logging_mixin.py:151} INFO - [2023-11-05T18:48:13.843+0000] {dagbag.py:536} INFO - Filling up the DagBag from /home/airflow/.local/lib/python3.8/site-packages/airflow/example_dags/example_xcom.py
[2023-11-05T18:48:13.848+0000] {processor.py:839} INFO - DAG(s) dict_keys(['example_xcom']) retrieved from /home/airflow/.local/lib/python3.8/site-packages/airflow/example_dags/example_xcom.py
[2023-11-05T18:48:13.895+0000] {logging_mixin.py:151} INFO - [2023-11-05T18:48:13.895+0000] {dag.py:2941} INFO - Sync 1 DAGs
[2023-11-05T18:48:13.913+0000] {logging_mixin.py:151} INFO - [2023-11-05T18:48:13.912+0000] {dag.py:3722} INFO - Setting next_dagrun for example_xcom to 2021-01-01T00:00:00+00:00, run_after=2021-01-01T00:00:00+00:00
[2023-11-05T18:48:13.929+0000] {processor.py:179} INFO - Processing /home/airflow/.local/lib/python3.8/site-packages/airflow/example_dags/example_xcom.py took 0.090 seconds
[2023-11-05T18:48:44.376+0000] {processor.py:157} INFO - Started process (PID=318) to work on /home/airflow/.local/lib/python3.8/site-packages/airflow/example_dags/example_xcom.py
[2023-11-05T18:48:44.378+0000] {processor.py:829} INFO - Processing file /home/airflow/.local/lib/python3.8/site-packages/airflow/example_dags/example_xcom.py for tasks to queue
[2023-11-05T18:48:44.381+0000] {logging_mixin.py:151} INFO - [2023-11-05T18:48:44.380+0000] {dagbag.py:536} INFO - Filling up the DagBag from /home/airflow/.local/lib/python3.8/site-packages/airflow/example_dags/example_xcom.py
[2023-11-05T18:48:44.386+0000] {processor.py:839} INFO - DAG(s) dict_keys(['example_xcom']) retrieved from /home/airflow/.local/lib/python3.8/site-packages/airflow/example_dags/example_xcom.py
[2023-11-05T18:48:44.413+0000] {logging_mixin.py:151} INFO - [2023-11-05T18:48:44.413+0000] {dag.py:2941} INFO - Sync 1 DAGs
[2023-11-05T18:48:44.441+0000] {logging_mixin.py:151} INFO - [2023-11-05T18:48:44.441+0000] {dag.py:3722} INFO - Setting next_dagrun for example_xcom to 2021-01-01T00:00:00+00:00, run_after=2021-01-01T00:00:00+00:00
[2023-11-05T18:48:44.488+0000] {processor.py:179} INFO - Processing /home/airflow/.local/lib/python3.8/site-packages/airflow/example_dags/example_xcom.py took 0.118 seconds
[2023-11-05T18:53:31.089+0000] {processor.py:157} INFO - Started process (PID=372) to work on /home/airflow/.local/lib/python3.8/site-packages/airflow/example_dags/example_xcom.py
[2023-11-05T18:53:31.107+0000] {processor.py:829} INFO - Processing file /home/airflow/.local/lib/python3.8/site-packages/airflow/example_dags/example_xcom.py for tasks to queue
[2023-11-05T18:53:31.114+0000] {logging_mixin.py:151} INFO - [2023-11-05T18:53:31.114+0000] {dagbag.py:536} INFO - Filling up the DagBag from /home/airflow/.local/lib/python3.8/site-packages/airflow/example_dags/example_xcom.py
[2023-11-05T18:53:31.122+0000] {processor.py:839} INFO - DAG(s) dict_keys(['example_xcom']) retrieved from /home/airflow/.local/lib/python3.8/site-packages/airflow/example_dags/example_xcom.py
[2023-11-05T18:53:31.143+0000] {logging_mixin.py:151} INFO - [2023-11-05T18:53:31.143+0000] {dag.py:2941} INFO - Sync 1 DAGs
[2023-11-05T18:53:31.165+0000] {logging_mixin.py:151} INFO - [2023-11-05T18:53:31.165+0000] {dag.py:3722} INFO - Setting next_dagrun for example_xcom to 2021-01-01T00:00:00+00:00, run_after=2021-01-01T00:00:00+00:00
[2023-11-05T18:53:31.183+0000] {processor.py:179} INFO - Processing /home/airflow/.local/lib/python3.8/site-packages/airflow/example_dags/example_xcom.py took 0.096 seconds
[2023-11-05T18:54:01.745+0000] {processor.py:157} INFO - Started process (PID=426) to work on /home/airflow/.local/lib/python3.8/site-packages/airflow/example_dags/example_xcom.py
[2023-11-05T18:54:01.752+0000] {processor.py:829} INFO - Processing file /home/airflow/.local/lib/python3.8/site-packages/airflow/example_dags/example_xcom.py for tasks to queue
[2023-11-05T18:54:01.761+0000] {logging_mixin.py:151} INFO - [2023-11-05T18:54:01.760+0000] {dagbag.py:536} INFO - Filling up the DagBag from /home/airflow/.local/lib/python3.8/site-packages/airflow/example_dags/example_xcom.py
[2023-11-05T18:54:01.769+0000] {processor.py:839} INFO - DAG(s) dict_keys(['example_xcom']) retrieved from /home/airflow/.local/lib/python3.8/site-packages/airflow/example_dags/example_xcom.py
[2023-11-05T18:54:01.830+0000] {logging_mixin.py:151} INFO - [2023-11-05T18:54:01.830+0000] {dag.py:2941} INFO - Sync 1 DAGs
[2023-11-05T18:54:01.883+0000] {logging_mixin.py:151} INFO - [2023-11-05T18:54:01.883+0000] {dag.py:3722} INFO - Setting next_dagrun for example_xcom to 2021-01-01T00:00:00+00:00, run_after=2021-01-01T00:00:00+00:00
[2023-11-05T18:54:02.035+0000] {processor.py:179} INFO - Processing /home/airflow/.local/lib/python3.8/site-packages/airflow/example_dags/example_xcom.py took 0.297 seconds
[2023-11-05T18:54:32.239+0000] {processor.py:157} INFO - Started process (PID=480) to work on /home/airflow/.local/lib/python3.8/site-packages/airflow/example_dags/example_xcom.py
[2023-11-05T18:54:32.242+0000] {processor.py:829} INFO - Processing file /home/airflow/.local/lib/python3.8/site-packages/airflow/example_dags/example_xcom.py for tasks to queue
[2023-11-05T18:54:32.243+0000] {logging_mixin.py:151} INFO - [2023-11-05T18:54:32.243+0000] {dagbag.py:536} INFO - Filling up the DagBag from /home/airflow/.local/lib/python3.8/site-packages/airflow/example_dags/example_xcom.py
[2023-11-05T18:54:32.249+0000] {processor.py:839} INFO - DAG(s) dict_keys(['example_xcom']) retrieved from /home/airflow/.local/lib/python3.8/site-packages/airflow/example_dags/example_xcom.py
[2023-11-05T18:54:32.288+0000] {logging_mixin.py:151} INFO - [2023-11-05T18:54:32.288+0000] {dag.py:2941} INFO - Sync 1 DAGs
[2023-11-05T18:54:32.316+0000] {logging_mixin.py:151} INFO - [2023-11-05T18:54:32.316+0000] {dag.py:3722} INFO - Setting next_dagrun for example_xcom to 2021-01-01T00:00:00+00:00, run_after=2021-01-01T00:00:00+00:00
[2023-11-05T18:54:32.386+0000] {processor.py:179} INFO - Processing /home/airflow/.local/lib/python3.8/site-packages/airflow/example_dags/example_xcom.py took 0.150 seconds
