[2023-11-05T18:36:09.396+0000] {processor.py:157} INFO - Started process (PID=79) to work on /home/airflow/.local/lib/python3.8/site-packages/airflow/example_dags/example_xcomargs.py
[2023-11-05T18:36:09.399+0000] {processor.py:829} INFO - Processing file /home/airflow/.local/lib/python3.8/site-packages/airflow/example_dags/example_xcomargs.py for tasks to queue
[2023-11-05T18:36:09.402+0000] {logging_mixin.py:151} INFO - [2023-11-05T18:36:09.401+0000] {dagbag.py:536} INFO - Filling up the DagBag from /home/airflow/.local/lib/python3.8/site-packages/airflow/example_dags/example_xcomargs.py
[2023-11-05T18:36:09.420+0000] {processor.py:839} INFO - DAG(s) dict_keys(['example_xcom_args', 'example_xcom_args_with_operators']) retrieved from /home/airflow/.local/lib/python3.8/site-packages/airflow/example_dags/example_xcomargs.py
[2023-11-05T18:36:09.695+0000] {logging_mixin.py:151} INFO - [2023-11-05T18:36:09.695+0000] {dag.py:2941} INFO - Sync 2 DAGs
[2023-11-05T18:36:09.783+0000] {logging_mixin.py:151} INFO - [2023-11-05T18:36:09.783+0000] {dag.py:3722} INFO - Setting next_dagrun for example_xcom_args to None, run_after=None
[2023-11-05T18:36:09.833+0000] {logging_mixin.py:151} INFO - [2023-11-05T18:36:09.833+0000] {dag.py:3722} INFO - Setting next_dagrun for example_xcom_args_with_operators to None, run_after=None
[2023-11-05T18:36:09.915+0000] {processor.py:179} INFO - Processing /home/airflow/.local/lib/python3.8/site-packages/airflow/example_dags/example_xcomargs.py took 0.522 seconds
[2023-11-05T18:36:40.014+0000] {processor.py:157} INFO - Started process (PID=132) to work on /home/airflow/.local/lib/python3.8/site-packages/airflow/example_dags/example_xcomargs.py
[2023-11-05T18:36:40.034+0000] {processor.py:829} INFO - Processing file /home/airflow/.local/lib/python3.8/site-packages/airflow/example_dags/example_xcomargs.py for tasks to queue
[2023-11-05T18:36:40.042+0000] {logging_mixin.py:151} INFO - [2023-11-05T18:36:40.042+0000] {dagbag.py:536} INFO - Filling up the DagBag from /home/airflow/.local/lib/python3.8/site-packages/airflow/example_dags/example_xcomargs.py
[2023-11-05T18:36:40.049+0000] {processor.py:839} INFO - DAG(s) dict_keys(['example_xcom_args_with_operators', 'example_xcom_args']) retrieved from /home/airflow/.local/lib/python3.8/site-packages/airflow/example_dags/example_xcomargs.py
[2023-11-05T18:36:40.169+0000] {logging_mixin.py:151} INFO - [2023-11-05T18:36:40.168+0000] {dag.py:2941} INFO - Sync 2 DAGs
[2023-11-05T18:36:40.210+0000] {logging_mixin.py:151} INFO - [2023-11-05T18:36:40.210+0000] {dag.py:3722} INFO - Setting next_dagrun for example_xcom_args to None, run_after=None
[2023-11-05T18:36:40.230+0000] {logging_mixin.py:151} INFO - [2023-11-05T18:36:40.230+0000] {dag.py:3722} INFO - Setting next_dagrun for example_xcom_args_with_operators to None, run_after=None
[2023-11-05T18:36:40.321+0000] {processor.py:179} INFO - Processing /home/airflow/.local/lib/python3.8/site-packages/airflow/example_dags/example_xcomargs.py took 0.310 seconds
[2023-11-05T18:37:10.477+0000] {processor.py:157} INFO - Started process (PID=186) to work on /home/airflow/.local/lib/python3.8/site-packages/airflow/example_dags/example_xcomargs.py
[2023-11-05T18:37:10.485+0000] {processor.py:829} INFO - Processing file /home/airflow/.local/lib/python3.8/site-packages/airflow/example_dags/example_xcomargs.py for tasks to queue
[2023-11-05T18:37:10.497+0000] {logging_mixin.py:151} INFO - [2023-11-05T18:37:10.495+0000] {dagbag.py:536} INFO - Filling up the DagBag from /home/airflow/.local/lib/python3.8/site-packages/airflow/example_dags/example_xcomargs.py
[2023-11-05T18:37:10.519+0000] {processor.py:839} INFO - DAG(s) dict_keys(['example_xcom_args', 'example_xcom_args_with_operators']) retrieved from /home/airflow/.local/lib/python3.8/site-packages/airflow/example_dags/example_xcomargs.py
[2023-11-05T18:37:10.625+0000] {logging_mixin.py:151} INFO - [2023-11-05T18:37:10.625+0000] {dag.py:2941} INFO - Sync 2 DAGs
[2023-11-05T18:37:10.647+0000] {logging_mixin.py:151} INFO - [2023-11-05T18:37:10.646+0000] {dag.py:3722} INFO - Setting next_dagrun for example_xcom_args to None, run_after=None
[2023-11-05T18:37:10.650+0000] {logging_mixin.py:151} INFO - [2023-11-05T18:37:10.650+0000] {dag.py:3722} INFO - Setting next_dagrun for example_xcom_args_with_operators to None, run_after=None
[2023-11-05T18:37:10.675+0000] {processor.py:179} INFO - Processing /home/airflow/.local/lib/python3.8/site-packages/airflow/example_dags/example_xcomargs.py took 0.200 seconds
[2023-11-05T18:37:41.506+0000] {processor.py:157} INFO - Started process (PID=240) to work on /home/airflow/.local/lib/python3.8/site-packages/airflow/example_dags/example_xcomargs.py
[2023-11-05T18:37:41.520+0000] {processor.py:829} INFO - Processing file /home/airflow/.local/lib/python3.8/site-packages/airflow/example_dags/example_xcomargs.py for tasks to queue
[2023-11-05T18:37:41.534+0000] {logging_mixin.py:151} INFO - [2023-11-05T18:37:41.532+0000] {dagbag.py:536} INFO - Filling up the DagBag from /home/airflow/.local/lib/python3.8/site-packages/airflow/example_dags/example_xcomargs.py
[2023-11-05T18:37:41.545+0000] {processor.py:839} INFO - DAG(s) dict_keys(['example_xcom_args_with_operators', 'example_xcom_args']) retrieved from /home/airflow/.local/lib/python3.8/site-packages/airflow/example_dags/example_xcomargs.py
[2023-11-05T18:37:41.637+0000] {logging_mixin.py:151} INFO - [2023-11-05T18:37:41.637+0000] {dag.py:2941} INFO - Sync 2 DAGs
[2023-11-05T18:37:41.654+0000] {logging_mixin.py:151} INFO - [2023-11-05T18:37:41.654+0000] {dag.py:3722} INFO - Setting next_dagrun for example_xcom_args to None, run_after=None
[2023-11-05T18:37:41.660+0000] {logging_mixin.py:151} INFO - [2023-11-05T18:37:41.659+0000] {dag.py:3722} INFO - Setting next_dagrun for example_xcom_args_with_operators to None, run_after=None
[2023-11-05T18:37:41.689+0000] {processor.py:179} INFO - Processing /home/airflow/.local/lib/python3.8/site-packages/airflow/example_dags/example_xcomargs.py took 0.186 seconds
[2023-11-05T18:38:11.839+0000] {processor.py:157} INFO - Started process (PID=293) to work on /home/airflow/.local/lib/python3.8/site-packages/airflow/example_dags/example_xcomargs.py
[2023-11-05T18:38:11.850+0000] {processor.py:829} INFO - Processing file /home/airflow/.local/lib/python3.8/site-packages/airflow/example_dags/example_xcomargs.py for tasks to queue
[2023-11-05T18:38:11.857+0000] {logging_mixin.py:151} INFO - [2023-11-05T18:38:11.857+0000] {dagbag.py:536} INFO - Filling up the DagBag from /home/airflow/.local/lib/python3.8/site-packages/airflow/example_dags/example_xcomargs.py
[2023-11-05T18:38:11.867+0000] {processor.py:839} INFO - DAG(s) dict_keys(['example_xcom_args', 'example_xcom_args_with_operators']) retrieved from /home/airflow/.local/lib/python3.8/site-packages/airflow/example_dags/example_xcomargs.py
[2023-11-05T18:38:12.015+0000] {logging_mixin.py:151} INFO - [2023-11-05T18:38:12.014+0000] {dag.py:2941} INFO - Sync 2 DAGs
[2023-11-05T18:38:12.037+0000] {logging_mixin.py:151} INFO - [2023-11-05T18:38:12.036+0000] {dag.py:3722} INFO - Setting next_dagrun for example_xcom_args to None, run_after=None
[2023-11-05T18:38:12.051+0000] {logging_mixin.py:151} INFO - [2023-11-05T18:38:12.051+0000] {dag.py:3722} INFO - Setting next_dagrun for example_xcom_args_with_operators to None, run_after=None
[2023-11-05T18:38:12.165+0000] {processor.py:179} INFO - Processing /home/airflow/.local/lib/python3.8/site-packages/airflow/example_dags/example_xcomargs.py took 0.329 seconds
[2023-11-05T18:38:42.716+0000] {processor.py:157} INFO - Started process (PID=347) to work on /home/airflow/.local/lib/python3.8/site-packages/airflow/example_dags/example_xcomargs.py
[2023-11-05T18:38:42.718+0000] {processor.py:829} INFO - Processing file /home/airflow/.local/lib/python3.8/site-packages/airflow/example_dags/example_xcomargs.py for tasks to queue
[2023-11-05T18:38:42.731+0000] {logging_mixin.py:151} INFO - [2023-11-05T18:38:42.731+0000] {dagbag.py:536} INFO - Filling up the DagBag from /home/airflow/.local/lib/python3.8/site-packages/airflow/example_dags/example_xcomargs.py
[2023-11-05T18:38:42.752+0000] {processor.py:839} INFO - DAG(s) dict_keys(['example_xcom_args_with_operators', 'example_xcom_args']) retrieved from /home/airflow/.local/lib/python3.8/site-packages/airflow/example_dags/example_xcomargs.py
[2023-11-05T18:38:42.810+0000] {logging_mixin.py:151} INFO - [2023-11-05T18:38:42.810+0000] {dag.py:2941} INFO - Sync 2 DAGs
[2023-11-05T18:38:42.836+0000] {logging_mixin.py:151} INFO - [2023-11-05T18:38:42.835+0000] {dag.py:3722} INFO - Setting next_dagrun for example_xcom_args to None, run_after=None
[2023-11-05T18:38:42.847+0000] {logging_mixin.py:151} INFO - [2023-11-05T18:38:42.846+0000] {dag.py:3722} INFO - Setting next_dagrun for example_xcom_args_with_operators to None, run_after=None
[2023-11-05T18:38:42.894+0000] {processor.py:179} INFO - Processing /home/airflow/.local/lib/python3.8/site-packages/airflow/example_dags/example_xcomargs.py took 0.180 seconds
[2023-11-05T18:39:13.256+0000] {processor.py:157} INFO - Started process (PID=401) to work on /home/airflow/.local/lib/python3.8/site-packages/airflow/example_dags/example_xcomargs.py
[2023-11-05T18:39:13.271+0000] {processor.py:829} INFO - Processing file /home/airflow/.local/lib/python3.8/site-packages/airflow/example_dags/example_xcomargs.py for tasks to queue
[2023-11-05T18:39:13.280+0000] {logging_mixin.py:151} INFO - [2023-11-05T18:39:13.279+0000] {dagbag.py:536} INFO - Filling up the DagBag from /home/airflow/.local/lib/python3.8/site-packages/airflow/example_dags/example_xcomargs.py
[2023-11-05T18:39:13.305+0000] {processor.py:839} INFO - DAG(s) dict_keys(['example_xcom_args', 'example_xcom_args_with_operators']) retrieved from /home/airflow/.local/lib/python3.8/site-packages/airflow/example_dags/example_xcomargs.py
[2023-11-05T18:39:13.386+0000] {logging_mixin.py:151} INFO - [2023-11-05T18:39:13.386+0000] {dag.py:2941} INFO - Sync 2 DAGs
[2023-11-05T18:39:13.404+0000] {logging_mixin.py:151} INFO - [2023-11-05T18:39:13.403+0000] {dag.py:3722} INFO - Setting next_dagrun for example_xcom_args to None, run_after=None
[2023-11-05T18:39:13.412+0000] {logging_mixin.py:151} INFO - [2023-11-05T18:39:13.412+0000] {dag.py:3722} INFO - Setting next_dagrun for example_xcom_args_with_operators to None, run_after=None
[2023-11-05T18:39:13.496+0000] {processor.py:179} INFO - Processing /home/airflow/.local/lib/python3.8/site-packages/airflow/example_dags/example_xcomargs.py took 0.253 seconds
[2023-11-05T18:39:43.952+0000] {processor.py:157} INFO - Started process (PID=455) to work on /home/airflow/.local/lib/python3.8/site-packages/airflow/example_dags/example_xcomargs.py
[2023-11-05T18:39:43.954+0000] {processor.py:829} INFO - Processing file /home/airflow/.local/lib/python3.8/site-packages/airflow/example_dags/example_xcomargs.py for tasks to queue
[2023-11-05T18:39:43.958+0000] {logging_mixin.py:151} INFO - [2023-11-05T18:39:43.957+0000] {dagbag.py:536} INFO - Filling up the DagBag from /home/airflow/.local/lib/python3.8/site-packages/airflow/example_dags/example_xcomargs.py
[2023-11-05T18:39:43.970+0000] {processor.py:839} INFO - DAG(s) dict_keys(['example_xcom_args', 'example_xcom_args_with_operators']) retrieved from /home/airflow/.local/lib/python3.8/site-packages/airflow/example_dags/example_xcomargs.py
[2023-11-05T18:39:43.996+0000] {logging_mixin.py:151} INFO - [2023-11-05T18:39:43.995+0000] {dag.py:2941} INFO - Sync 2 DAGs
[2023-11-05T18:39:44.009+0000] {logging_mixin.py:151} INFO - [2023-11-05T18:39:44.009+0000] {dag.py:3722} INFO - Setting next_dagrun for example_xcom_args to None, run_after=None
[2023-11-05T18:39:44.014+0000] {logging_mixin.py:151} INFO - [2023-11-05T18:39:44.013+0000] {dag.py:3722} INFO - Setting next_dagrun for example_xcom_args_with_operators to None, run_after=None
[2023-11-05T18:39:44.032+0000] {processor.py:179} INFO - Processing /home/airflow/.local/lib/python3.8/site-packages/airflow/example_dags/example_xcomargs.py took 0.084 seconds
[2023-11-05T18:40:14.341+0000] {processor.py:157} INFO - Started process (PID=509) to work on /home/airflow/.local/lib/python3.8/site-packages/airflow/example_dags/example_xcomargs.py
[2023-11-05T18:40:14.343+0000] {processor.py:829} INFO - Processing file /home/airflow/.local/lib/python3.8/site-packages/airflow/example_dags/example_xcomargs.py for tasks to queue
[2023-11-05T18:40:14.346+0000] {logging_mixin.py:151} INFO - [2023-11-05T18:40:14.345+0000] {dagbag.py:536} INFO - Filling up the DagBag from /home/airflow/.local/lib/python3.8/site-packages/airflow/example_dags/example_xcomargs.py
[2023-11-05T18:40:14.351+0000] {processor.py:839} INFO - DAG(s) dict_keys(['example_xcom_args', 'example_xcom_args_with_operators']) retrieved from /home/airflow/.local/lib/python3.8/site-packages/airflow/example_dags/example_xcomargs.py
[2023-11-05T18:40:14.409+0000] {logging_mixin.py:151} INFO - [2023-11-05T18:40:14.409+0000] {dag.py:2941} INFO - Sync 2 DAGs
[2023-11-05T18:40:14.424+0000] {logging_mixin.py:151} INFO - [2023-11-05T18:40:14.423+0000] {dag.py:3722} INFO - Setting next_dagrun for example_xcom_args to None, run_after=None
[2023-11-05T18:40:14.431+0000] {logging_mixin.py:151} INFO - [2023-11-05T18:40:14.431+0000] {dag.py:3722} INFO - Setting next_dagrun for example_xcom_args_with_operators to None, run_after=None
[2023-11-05T18:40:14.473+0000] {processor.py:179} INFO - Processing /home/airflow/.local/lib/python3.8/site-packages/airflow/example_dags/example_xcomargs.py took 0.136 seconds
[2023-11-05T18:40:45.159+0000] {processor.py:157} INFO - Started process (PID=563) to work on /home/airflow/.local/lib/python3.8/site-packages/airflow/example_dags/example_xcomargs.py
[2023-11-05T18:40:45.167+0000] {processor.py:829} INFO - Processing file /home/airflow/.local/lib/python3.8/site-packages/airflow/example_dags/example_xcomargs.py for tasks to queue
[2023-11-05T18:40:45.174+0000] {logging_mixin.py:151} INFO - [2023-11-05T18:40:45.174+0000] {dagbag.py:536} INFO - Filling up the DagBag from /home/airflow/.local/lib/python3.8/site-packages/airflow/example_dags/example_xcomargs.py
[2023-11-05T18:40:45.183+0000] {processor.py:839} INFO - DAG(s) dict_keys(['example_xcom_args', 'example_xcom_args_with_operators']) retrieved from /home/airflow/.local/lib/python3.8/site-packages/airflow/example_dags/example_xcomargs.py
[2023-11-05T18:40:45.251+0000] {logging_mixin.py:151} INFO - [2023-11-05T18:40:45.250+0000] {dag.py:2941} INFO - Sync 2 DAGs
[2023-11-05T18:40:45.267+0000] {logging_mixin.py:151} INFO - [2023-11-05T18:40:45.267+0000] {dag.py:3722} INFO - Setting next_dagrun for example_xcom_args to None, run_after=None
[2023-11-05T18:40:45.278+0000] {logging_mixin.py:151} INFO - [2023-11-05T18:40:45.277+0000] {dag.py:3722} INFO - Setting next_dagrun for example_xcom_args_with_operators to None, run_after=None
[2023-11-05T18:40:45.325+0000] {processor.py:179} INFO - Processing /home/airflow/.local/lib/python3.8/site-packages/airflow/example_dags/example_xcomargs.py took 0.168 seconds
[2023-11-05T18:41:15.470+0000] {processor.py:157} INFO - Started process (PID=617) to work on /home/airflow/.local/lib/python3.8/site-packages/airflow/example_dags/example_xcomargs.py
[2023-11-05T18:41:15.477+0000] {processor.py:829} INFO - Processing file /home/airflow/.local/lib/python3.8/site-packages/airflow/example_dags/example_xcomargs.py for tasks to queue
[2023-11-05T18:41:15.482+0000] {logging_mixin.py:151} INFO - [2023-11-05T18:41:15.481+0000] {dagbag.py:536} INFO - Filling up the DagBag from /home/airflow/.local/lib/python3.8/site-packages/airflow/example_dags/example_xcomargs.py
[2023-11-05T18:41:15.497+0000] {processor.py:839} INFO - DAG(s) dict_keys(['example_xcom_args_with_operators', 'example_xcom_args']) retrieved from /home/airflow/.local/lib/python3.8/site-packages/airflow/example_dags/example_xcomargs.py
[2023-11-05T18:41:15.527+0000] {logging_mixin.py:151} INFO - [2023-11-05T18:41:15.527+0000] {dag.py:2941} INFO - Sync 2 DAGs
[2023-11-05T18:41:15.550+0000] {logging_mixin.py:151} INFO - [2023-11-05T18:41:15.549+0000] {dag.py:3722} INFO - Setting next_dagrun for example_xcom_args to None, run_after=None
[2023-11-05T18:41:15.557+0000] {logging_mixin.py:151} INFO - [2023-11-05T18:41:15.557+0000] {dag.py:3722} INFO - Setting next_dagrun for example_xcom_args_with_operators to None, run_after=None
[2023-11-05T18:41:15.593+0000] {processor.py:179} INFO - Processing /home/airflow/.local/lib/python3.8/site-packages/airflow/example_dags/example_xcomargs.py took 0.129 seconds
[2023-11-05T18:41:45.841+0000] {processor.py:157} INFO - Started process (PID=670) to work on /home/airflow/.local/lib/python3.8/site-packages/airflow/example_dags/example_xcomargs.py
[2023-11-05T18:41:45.842+0000] {processor.py:829} INFO - Processing file /home/airflow/.local/lib/python3.8/site-packages/airflow/example_dags/example_xcomargs.py for tasks to queue
[2023-11-05T18:41:45.844+0000] {logging_mixin.py:151} INFO - [2023-11-05T18:41:45.844+0000] {dagbag.py:536} INFO - Filling up the DagBag from /home/airflow/.local/lib/python3.8/site-packages/airflow/example_dags/example_xcomargs.py
[2023-11-05T18:41:45.852+0000] {processor.py:839} INFO - DAG(s) dict_keys(['example_xcom_args_with_operators', 'example_xcom_args']) retrieved from /home/airflow/.local/lib/python3.8/site-packages/airflow/example_dags/example_xcomargs.py
[2023-11-05T18:41:45.892+0000] {logging_mixin.py:151} INFO - [2023-11-05T18:41:45.892+0000] {dag.py:2941} INFO - Sync 2 DAGs
[2023-11-05T18:41:45.904+0000] {logging_mixin.py:151} INFO - [2023-11-05T18:41:45.904+0000] {dag.py:3722} INFO - Setting next_dagrun for example_xcom_args to None, run_after=None
[2023-11-05T18:41:45.907+0000] {logging_mixin.py:151} INFO - [2023-11-05T18:41:45.907+0000] {dag.py:3722} INFO - Setting next_dagrun for example_xcom_args_with_operators to None, run_after=None
[2023-11-05T18:41:45.921+0000] {processor.py:179} INFO - Processing /home/airflow/.local/lib/python3.8/site-packages/airflow/example_dags/example_xcomargs.py took 0.082 seconds
[2023-11-05T18:42:16.726+0000] {processor.py:157} INFO - Started process (PID=724) to work on /home/airflow/.local/lib/python3.8/site-packages/airflow/example_dags/example_xcomargs.py
[2023-11-05T18:42:16.728+0000] {processor.py:829} INFO - Processing file /home/airflow/.local/lib/python3.8/site-packages/airflow/example_dags/example_xcomargs.py for tasks to queue
[2023-11-05T18:42:16.732+0000] {logging_mixin.py:151} INFO - [2023-11-05T18:42:16.732+0000] {dagbag.py:536} INFO - Filling up the DagBag from /home/airflow/.local/lib/python3.8/site-packages/airflow/example_dags/example_xcomargs.py
[2023-11-05T18:42:16.740+0000] {processor.py:839} INFO - DAG(s) dict_keys(['example_xcom_args_with_operators', 'example_xcom_args']) retrieved from /home/airflow/.local/lib/python3.8/site-packages/airflow/example_dags/example_xcomargs.py
[2023-11-05T18:42:16.769+0000] {logging_mixin.py:151} INFO - [2023-11-05T18:42:16.769+0000] {dag.py:2941} INFO - Sync 2 DAGs
[2023-11-05T18:42:16.783+0000] {logging_mixin.py:151} INFO - [2023-11-05T18:42:16.782+0000] {dag.py:3722} INFO - Setting next_dagrun for example_xcom_args to None, run_after=None
[2023-11-05T18:42:16.789+0000] {logging_mixin.py:151} INFO - [2023-11-05T18:42:16.789+0000] {dag.py:3722} INFO - Setting next_dagrun for example_xcom_args_with_operators to None, run_after=None
[2023-11-05T18:42:16.828+0000] {processor.py:179} INFO - Processing /home/airflow/.local/lib/python3.8/site-packages/airflow/example_dags/example_xcomargs.py took 0.105 seconds
[2023-11-05T18:42:47.569+0000] {processor.py:157} INFO - Started process (PID=778) to work on /home/airflow/.local/lib/python3.8/site-packages/airflow/example_dags/example_xcomargs.py
[2023-11-05T18:42:47.572+0000] {processor.py:829} INFO - Processing file /home/airflow/.local/lib/python3.8/site-packages/airflow/example_dags/example_xcomargs.py for tasks to queue
[2023-11-05T18:42:47.576+0000] {logging_mixin.py:151} INFO - [2023-11-05T18:42:47.576+0000] {dagbag.py:536} INFO - Filling up the DagBag from /home/airflow/.local/lib/python3.8/site-packages/airflow/example_dags/example_xcomargs.py
[2023-11-05T18:42:47.588+0000] {processor.py:839} INFO - DAG(s) dict_keys(['example_xcom_args_with_operators', 'example_xcom_args']) retrieved from /home/airflow/.local/lib/python3.8/site-packages/airflow/example_dags/example_xcomargs.py
[2023-11-05T18:42:47.636+0000] {logging_mixin.py:151} INFO - [2023-11-05T18:42:47.636+0000] {dag.py:2941} INFO - Sync 2 DAGs
[2023-11-05T18:42:47.648+0000] {logging_mixin.py:151} INFO - [2023-11-05T18:42:47.648+0000] {dag.py:3722} INFO - Setting next_dagrun for example_xcom_args to None, run_after=None
[2023-11-05T18:42:47.656+0000] {logging_mixin.py:151} INFO - [2023-11-05T18:42:47.656+0000] {dag.py:3722} INFO - Setting next_dagrun for example_xcom_args_with_operators to None, run_after=None
[2023-11-05T18:42:47.684+0000] {processor.py:179} INFO - Processing /home/airflow/.local/lib/python3.8/site-packages/airflow/example_dags/example_xcomargs.py took 0.120 seconds
[2023-11-05T18:43:18.022+0000] {processor.py:157} INFO - Started process (PID=832) to work on /home/airflow/.local/lib/python3.8/site-packages/airflow/example_dags/example_xcomargs.py
[2023-11-05T18:43:18.027+0000] {processor.py:829} INFO - Processing file /home/airflow/.local/lib/python3.8/site-packages/airflow/example_dags/example_xcomargs.py for tasks to queue
[2023-11-05T18:43:18.037+0000] {logging_mixin.py:151} INFO - [2023-11-05T18:43:18.037+0000] {dagbag.py:536} INFO - Filling up the DagBag from /home/airflow/.local/lib/python3.8/site-packages/airflow/example_dags/example_xcomargs.py
[2023-11-05T18:43:18.054+0000] {processor.py:839} INFO - DAG(s) dict_keys(['example_xcom_args_with_operators', 'example_xcom_args']) retrieved from /home/airflow/.local/lib/python3.8/site-packages/airflow/example_dags/example_xcomargs.py
[2023-11-05T18:43:18.115+0000] {logging_mixin.py:151} INFO - [2023-11-05T18:43:18.115+0000] {dag.py:2941} INFO - Sync 2 DAGs
[2023-11-05T18:43:18.124+0000] {logging_mixin.py:151} INFO - [2023-11-05T18:43:18.124+0000] {dag.py:3722} INFO - Setting next_dagrun for example_xcom_args to None, run_after=None
[2023-11-05T18:43:18.127+0000] {logging_mixin.py:151} INFO - [2023-11-05T18:43:18.127+0000] {dag.py:3722} INFO - Setting next_dagrun for example_xcom_args_with_operators to None, run_after=None
[2023-11-05T18:43:18.142+0000] {processor.py:179} INFO - Processing /home/airflow/.local/lib/python3.8/site-packages/airflow/example_dags/example_xcomargs.py took 0.125 seconds
[2023-11-05T18:43:48.985+0000] {processor.py:157} INFO - Started process (PID=886) to work on /home/airflow/.local/lib/python3.8/site-packages/airflow/example_dags/example_xcomargs.py
[2023-11-05T18:43:48.986+0000] {processor.py:829} INFO - Processing file /home/airflow/.local/lib/python3.8/site-packages/airflow/example_dags/example_xcomargs.py for tasks to queue
[2023-11-05T18:43:48.990+0000] {logging_mixin.py:151} INFO - [2023-11-05T18:43:48.990+0000] {dagbag.py:536} INFO - Filling up the DagBag from /home/airflow/.local/lib/python3.8/site-packages/airflow/example_dags/example_xcomargs.py
[2023-11-05T18:43:48.998+0000] {processor.py:839} INFO - DAG(s) dict_keys(['example_xcom_args_with_operators', 'example_xcom_args']) retrieved from /home/airflow/.local/lib/python3.8/site-packages/airflow/example_dags/example_xcomargs.py
[2023-11-05T18:43:49.021+0000] {logging_mixin.py:151} INFO - [2023-11-05T18:43:49.021+0000] {dag.py:2941} INFO - Sync 2 DAGs
[2023-11-05T18:43:49.033+0000] {logging_mixin.py:151} INFO - [2023-11-05T18:43:49.032+0000] {dag.py:3722} INFO - Setting next_dagrun for example_xcom_args to None, run_after=None
[2023-11-05T18:43:49.039+0000] {logging_mixin.py:151} INFO - [2023-11-05T18:43:49.039+0000] {dag.py:3722} INFO - Setting next_dagrun for example_xcom_args_with_operators to None, run_after=None
[2023-11-05T18:43:49.065+0000] {processor.py:179} INFO - Processing /home/airflow/.local/lib/python3.8/site-packages/airflow/example_dags/example_xcomargs.py took 0.083 seconds
[2023-11-05T18:44:19.355+0000] {processor.py:157} INFO - Started process (PID=940) to work on /home/airflow/.local/lib/python3.8/site-packages/airflow/example_dags/example_xcomargs.py
[2023-11-05T18:44:19.357+0000] {processor.py:829} INFO - Processing file /home/airflow/.local/lib/python3.8/site-packages/airflow/example_dags/example_xcomargs.py for tasks to queue
[2023-11-05T18:44:19.368+0000] {logging_mixin.py:151} INFO - [2023-11-05T18:44:19.368+0000] {dagbag.py:536} INFO - Filling up the DagBag from /home/airflow/.local/lib/python3.8/site-packages/airflow/example_dags/example_xcomargs.py
[2023-11-05T18:44:19.375+0000] {processor.py:839} INFO - DAG(s) dict_keys(['example_xcom_args_with_operators', 'example_xcom_args']) retrieved from /home/airflow/.local/lib/python3.8/site-packages/airflow/example_dags/example_xcomargs.py
[2023-11-05T18:44:19.415+0000] {logging_mixin.py:151} INFO - [2023-11-05T18:44:19.415+0000] {dag.py:2941} INFO - Sync 2 DAGs
[2023-11-05T18:44:19.428+0000] {logging_mixin.py:151} INFO - [2023-11-05T18:44:19.428+0000] {dag.py:3722} INFO - Setting next_dagrun for example_xcom_args to None, run_after=None
[2023-11-05T18:44:19.436+0000] {logging_mixin.py:151} INFO - [2023-11-05T18:44:19.436+0000] {dag.py:3722} INFO - Setting next_dagrun for example_xcom_args_with_operators to None, run_after=None
[2023-11-05T18:44:19.450+0000] {processor.py:179} INFO - Processing /home/airflow/.local/lib/python3.8/site-packages/airflow/example_dags/example_xcomargs.py took 0.097 seconds
[2023-11-05T18:44:49.865+0000] {processor.py:157} INFO - Started process (PID=993) to work on /home/airflow/.local/lib/python3.8/site-packages/airflow/example_dags/example_xcomargs.py
[2023-11-05T18:44:49.873+0000] {processor.py:829} INFO - Processing file /home/airflow/.local/lib/python3.8/site-packages/airflow/example_dags/example_xcomargs.py for tasks to queue
[2023-11-05T18:44:49.884+0000] {logging_mixin.py:151} INFO - [2023-11-05T18:44:49.882+0000] {dagbag.py:536} INFO - Filling up the DagBag from /home/airflow/.local/lib/python3.8/site-packages/airflow/example_dags/example_xcomargs.py
[2023-11-05T18:44:49.903+0000] {processor.py:839} INFO - DAG(s) dict_keys(['example_xcom_args', 'example_xcom_args_with_operators']) retrieved from /home/airflow/.local/lib/python3.8/site-packages/airflow/example_dags/example_xcomargs.py
[2023-11-05T18:44:49.976+0000] {logging_mixin.py:151} INFO - [2023-11-05T18:44:49.975+0000] {dag.py:2941} INFO - Sync 2 DAGs
[2023-11-05T18:44:50.022+0000] {logging_mixin.py:151} INFO - [2023-11-05T18:44:50.014+0000] {dag.py:3722} INFO - Setting next_dagrun for example_xcom_args to None, run_after=None
[2023-11-05T18:44:50.035+0000] {logging_mixin.py:151} INFO - [2023-11-05T18:44:50.035+0000] {dag.py:3722} INFO - Setting next_dagrun for example_xcom_args_with_operators to None, run_after=None
[2023-11-05T18:44:50.106+0000] {processor.py:179} INFO - Processing /home/airflow/.local/lib/python3.8/site-packages/airflow/example_dags/example_xcomargs.py took 0.247 seconds
[2023-11-05T18:46:14.663+0000] {processor.py:157} INFO - Started process (PID=72) to work on /home/airflow/.local/lib/python3.8/site-packages/airflow/example_dags/example_xcomargs.py
[2023-11-05T18:46:14.666+0000] {processor.py:829} INFO - Processing file /home/airflow/.local/lib/python3.8/site-packages/airflow/example_dags/example_xcomargs.py for tasks to queue
[2023-11-05T18:46:14.673+0000] {logging_mixin.py:151} INFO - [2023-11-05T18:46:14.672+0000] {dagbag.py:536} INFO - Filling up the DagBag from /home/airflow/.local/lib/python3.8/site-packages/airflow/example_dags/example_xcomargs.py
[2023-11-05T18:46:14.692+0000] {processor.py:839} INFO - DAG(s) dict_keys(['example_xcom_args_with_operators', 'example_xcom_args']) retrieved from /home/airflow/.local/lib/python3.8/site-packages/airflow/example_dags/example_xcomargs.py
[2023-11-05T18:46:14.728+0000] {logging_mixin.py:151} INFO - [2023-11-05T18:46:14.728+0000] {dag.py:2941} INFO - Sync 2 DAGs
[2023-11-05T18:46:14.763+0000] {logging_mixin.py:151} INFO - [2023-11-05T18:46:14.763+0000] {dag.py:3722} INFO - Setting next_dagrun for example_xcom_args to None, run_after=None
[2023-11-05T18:46:14.783+0000] {logging_mixin.py:151} INFO - [2023-11-05T18:46:14.783+0000] {dag.py:3722} INFO - Setting next_dagrun for example_xcom_args_with_operators to None, run_after=None
[2023-11-05T18:46:14.869+0000] {processor.py:179} INFO - Processing /home/airflow/.local/lib/python3.8/site-packages/airflow/example_dags/example_xcomargs.py took 0.211 seconds
[2023-11-05T18:46:44.916+0000] {processor.py:157} INFO - Started process (PID=126) to work on /home/airflow/.local/lib/python3.8/site-packages/airflow/example_dags/example_xcomargs.py
[2023-11-05T18:46:44.918+0000] {processor.py:829} INFO - Processing file /home/airflow/.local/lib/python3.8/site-packages/airflow/example_dags/example_xcomargs.py for tasks to queue
[2023-11-05T18:46:44.928+0000] {logging_mixin.py:151} INFO - [2023-11-05T18:46:44.927+0000] {dagbag.py:536} INFO - Filling up the DagBag from /home/airflow/.local/lib/python3.8/site-packages/airflow/example_dags/example_xcomargs.py
[2023-11-05T18:46:44.942+0000] {processor.py:839} INFO - DAG(s) dict_keys(['example_xcom_args', 'example_xcom_args_with_operators']) retrieved from /home/airflow/.local/lib/python3.8/site-packages/airflow/example_dags/example_xcomargs.py
[2023-11-05T18:46:45.010+0000] {logging_mixin.py:151} INFO - [2023-11-05T18:46:45.010+0000] {dag.py:2941} INFO - Sync 2 DAGs
[2023-11-05T18:46:45.023+0000] {logging_mixin.py:151} INFO - [2023-11-05T18:46:45.023+0000] {dag.py:3722} INFO - Setting next_dagrun for example_xcom_args to None, run_after=None
[2023-11-05T18:46:45.028+0000] {logging_mixin.py:151} INFO - [2023-11-05T18:46:45.028+0000] {dag.py:3722} INFO - Setting next_dagrun for example_xcom_args_with_operators to None, run_after=None
[2023-11-05T18:46:45.076+0000] {processor.py:179} INFO - Processing /home/airflow/.local/lib/python3.8/site-packages/airflow/example_dags/example_xcomargs.py took 0.165 seconds
[2023-11-05T18:47:15.210+0000] {processor.py:157} INFO - Started process (PID=180) to work on /home/airflow/.local/lib/python3.8/site-packages/airflow/example_dags/example_xcomargs.py
[2023-11-05T18:47:15.214+0000] {processor.py:829} INFO - Processing file /home/airflow/.local/lib/python3.8/site-packages/airflow/example_dags/example_xcomargs.py for tasks to queue
[2023-11-05T18:47:15.218+0000] {logging_mixin.py:151} INFO - [2023-11-05T18:47:15.218+0000] {dagbag.py:536} INFO - Filling up the DagBag from /home/airflow/.local/lib/python3.8/site-packages/airflow/example_dags/example_xcomargs.py
[2023-11-05T18:47:15.225+0000] {processor.py:839} INFO - DAG(s) dict_keys(['example_xcom_args_with_operators', 'example_xcom_args']) retrieved from /home/airflow/.local/lib/python3.8/site-packages/airflow/example_dags/example_xcomargs.py
[2023-11-05T18:47:15.260+0000] {logging_mixin.py:151} INFO - [2023-11-05T18:47:15.260+0000] {dag.py:2941} INFO - Sync 2 DAGs
[2023-11-05T18:47:15.269+0000] {logging_mixin.py:151} INFO - [2023-11-05T18:47:15.269+0000] {dag.py:3722} INFO - Setting next_dagrun for example_xcom_args to None, run_after=None
[2023-11-05T18:47:15.272+0000] {logging_mixin.py:151} INFO - [2023-11-05T18:47:15.272+0000] {dag.py:3722} INFO - Setting next_dagrun for example_xcom_args_with_operators to None, run_after=None
[2023-11-05T18:47:15.313+0000] {processor.py:179} INFO - Processing /home/airflow/.local/lib/python3.8/site-packages/airflow/example_dags/example_xcomargs.py took 0.106 seconds
[2023-11-05T18:47:45.483+0000] {processor.py:157} INFO - Started process (PID=234) to work on /home/airflow/.local/lib/python3.8/site-packages/airflow/example_dags/example_xcomargs.py
[2023-11-05T18:47:45.485+0000] {processor.py:829} INFO - Processing file /home/airflow/.local/lib/python3.8/site-packages/airflow/example_dags/example_xcomargs.py for tasks to queue
[2023-11-05T18:47:45.492+0000] {logging_mixin.py:151} INFO - [2023-11-05T18:47:45.492+0000] {dagbag.py:536} INFO - Filling up the DagBag from /home/airflow/.local/lib/python3.8/site-packages/airflow/example_dags/example_xcomargs.py
[2023-11-05T18:47:45.497+0000] {processor.py:839} INFO - DAG(s) dict_keys(['example_xcom_args', 'example_xcom_args_with_operators']) retrieved from /home/airflow/.local/lib/python3.8/site-packages/airflow/example_dags/example_xcomargs.py
[2023-11-05T18:47:45.530+0000] {logging_mixin.py:151} INFO - [2023-11-05T18:47:45.530+0000] {dag.py:2941} INFO - Sync 2 DAGs
[2023-11-05T18:47:45.549+0000] {logging_mixin.py:151} INFO - [2023-11-05T18:47:45.549+0000] {dag.py:3722} INFO - Setting next_dagrun for example_xcom_args to None, run_after=None
[2023-11-05T18:47:45.567+0000] {logging_mixin.py:151} INFO - [2023-11-05T18:47:45.567+0000] {dag.py:3722} INFO - Setting next_dagrun for example_xcom_args_with_operators to None, run_after=None
[2023-11-05T18:47:45.631+0000] {processor.py:179} INFO - Processing /home/airflow/.local/lib/python3.8/site-packages/airflow/example_dags/example_xcomargs.py took 0.151 seconds
[2023-11-05T18:48:16.308+0000] {processor.py:157} INFO - Started process (PID=288) to work on /home/airflow/.local/lib/python3.8/site-packages/airflow/example_dags/example_xcomargs.py
[2023-11-05T18:48:16.312+0000] {processor.py:829} INFO - Processing file /home/airflow/.local/lib/python3.8/site-packages/airflow/example_dags/example_xcomargs.py for tasks to queue
[2023-11-05T18:48:16.314+0000] {logging_mixin.py:151} INFO - [2023-11-05T18:48:16.314+0000] {dagbag.py:536} INFO - Filling up the DagBag from /home/airflow/.local/lib/python3.8/site-packages/airflow/example_dags/example_xcomargs.py
[2023-11-05T18:48:16.319+0000] {processor.py:839} INFO - DAG(s) dict_keys(['example_xcom_args', 'example_xcom_args_with_operators']) retrieved from /home/airflow/.local/lib/python3.8/site-packages/airflow/example_dags/example_xcomargs.py
[2023-11-05T18:48:16.358+0000] {logging_mixin.py:151} INFO - [2023-11-05T18:48:16.357+0000] {dag.py:2941} INFO - Sync 2 DAGs
[2023-11-05T18:48:16.375+0000] {logging_mixin.py:151} INFO - [2023-11-05T18:48:16.375+0000] {dag.py:3722} INFO - Setting next_dagrun for example_xcom_args to None, run_after=None
[2023-11-05T18:48:16.388+0000] {logging_mixin.py:151} INFO - [2023-11-05T18:48:16.388+0000] {dag.py:3722} INFO - Setting next_dagrun for example_xcom_args_with_operators to None, run_after=None
[2023-11-05T18:48:16.433+0000] {processor.py:179} INFO - Processing /home/airflow/.local/lib/python3.8/site-packages/airflow/example_dags/example_xcomargs.py took 0.130 seconds
[2023-11-05T18:48:47.399+0000] {processor.py:157} INFO - Started process (PID=342) to work on /home/airflow/.local/lib/python3.8/site-packages/airflow/example_dags/example_xcomargs.py
[2023-11-05T18:48:47.407+0000] {processor.py:829} INFO - Processing file /home/airflow/.local/lib/python3.8/site-packages/airflow/example_dags/example_xcomargs.py for tasks to queue
[2023-11-05T18:48:47.416+0000] {logging_mixin.py:151} INFO - [2023-11-05T18:48:47.416+0000] {dagbag.py:536} INFO - Filling up the DagBag from /home/airflow/.local/lib/python3.8/site-packages/airflow/example_dags/example_xcomargs.py
[2023-11-05T18:48:47.431+0000] {processor.py:839} INFO - DAG(s) dict_keys(['example_xcom_args', 'example_xcom_args_with_operators']) retrieved from /home/airflow/.local/lib/python3.8/site-packages/airflow/example_dags/example_xcomargs.py
[2023-11-05T18:48:47.507+0000] {logging_mixin.py:151} INFO - [2023-11-05T18:48:47.506+0000] {dag.py:2941} INFO - Sync 2 DAGs
[2023-11-05T18:48:47.525+0000] {logging_mixin.py:151} INFO - [2023-11-05T18:48:47.525+0000] {dag.py:3722} INFO - Setting next_dagrun for example_xcom_args to None, run_after=None
[2023-11-05T18:48:47.534+0000] {logging_mixin.py:151} INFO - [2023-11-05T18:48:47.534+0000] {dag.py:3722} INFO - Setting next_dagrun for example_xcom_args_with_operators to None, run_after=None
[2023-11-05T18:48:47.574+0000] {processor.py:179} INFO - Processing /home/airflow/.local/lib/python3.8/site-packages/airflow/example_dags/example_xcomargs.py took 0.179 seconds
[2023-11-05T18:53:32.718+0000] {processor.py:157} INFO - Started process (PID=396) to work on /home/airflow/.local/lib/python3.8/site-packages/airflow/example_dags/example_xcomargs.py
[2023-11-05T18:53:32.726+0000] {processor.py:829} INFO - Processing file /home/airflow/.local/lib/python3.8/site-packages/airflow/example_dags/example_xcomargs.py for tasks to queue
[2023-11-05T18:53:32.732+0000] {logging_mixin.py:151} INFO - [2023-11-05T18:53:32.732+0000] {dagbag.py:536} INFO - Filling up the DagBag from /home/airflow/.local/lib/python3.8/site-packages/airflow/example_dags/example_xcomargs.py
[2023-11-05T18:53:32.749+0000] {processor.py:839} INFO - DAG(s) dict_keys(['example_xcom_args_with_operators', 'example_xcom_args']) retrieved from /home/airflow/.local/lib/python3.8/site-packages/airflow/example_dags/example_xcomargs.py
[2023-11-05T18:53:32.796+0000] {logging_mixin.py:151} INFO - [2023-11-05T18:53:32.796+0000] {dag.py:2941} INFO - Sync 2 DAGs
[2023-11-05T18:53:32.822+0000] {logging_mixin.py:151} INFO - [2023-11-05T18:53:32.822+0000] {dag.py:3722} INFO - Setting next_dagrun for example_xcom_args to None, run_after=None
[2023-11-05T18:53:32.827+0000] {logging_mixin.py:151} INFO - [2023-11-05T18:53:32.827+0000] {dag.py:3722} INFO - Setting next_dagrun for example_xcom_args_with_operators to None, run_after=None
[2023-11-05T18:53:32.888+0000] {processor.py:179} INFO - Processing /home/airflow/.local/lib/python3.8/site-packages/airflow/example_dags/example_xcomargs.py took 0.172 seconds
[2023-11-05T18:54:06.986+0000] {processor.py:157} INFO - Started process (PID=450) to work on /home/airflow/.local/lib/python3.8/site-packages/airflow/example_dags/example_xcomargs.py
[2023-11-05T18:54:06.989+0000] {processor.py:829} INFO - Processing file /home/airflow/.local/lib/python3.8/site-packages/airflow/example_dags/example_xcomargs.py for tasks to queue
[2023-11-05T18:54:07.012+0000] {logging_mixin.py:151} INFO - [2023-11-05T18:54:07.012+0000] {dagbag.py:536} INFO - Filling up the DagBag from /home/airflow/.local/lib/python3.8/site-packages/airflow/example_dags/example_xcomargs.py
[2023-11-05T18:54:07.039+0000] {processor.py:839} INFO - DAG(s) dict_keys(['example_xcom_args', 'example_xcom_args_with_operators']) retrieved from /home/airflow/.local/lib/python3.8/site-packages/airflow/example_dags/example_xcomargs.py
[2023-11-05T18:54:07.192+0000] {logging_mixin.py:151} INFO - [2023-11-05T18:54:07.190+0000] {dag.py:2941} INFO - Sync 2 DAGs
[2023-11-05T18:54:07.222+0000] {logging_mixin.py:151} INFO - [2023-11-05T18:54:07.222+0000] {dag.py:3722} INFO - Setting next_dagrun for example_xcom_args to None, run_after=None
[2023-11-05T18:54:07.238+0000] {logging_mixin.py:151} INFO - [2023-11-05T18:54:07.238+0000] {dag.py:3722} INFO - Setting next_dagrun for example_xcom_args_with_operators to None, run_after=None
[2023-11-05T18:54:07.305+0000] {processor.py:179} INFO - Processing /home/airflow/.local/lib/python3.8/site-packages/airflow/example_dags/example_xcomargs.py took 0.322 seconds
[2023-11-05T18:54:37.405+0000] {processor.py:157} INFO - Started process (PID=504) to work on /home/airflow/.local/lib/python3.8/site-packages/airflow/example_dags/example_xcomargs.py
[2023-11-05T18:54:37.414+0000] {processor.py:829} INFO - Processing file /home/airflow/.local/lib/python3.8/site-packages/airflow/example_dags/example_xcomargs.py for tasks to queue
[2023-11-05T18:54:37.421+0000] {logging_mixin.py:151} INFO - [2023-11-05T18:54:37.421+0000] {dagbag.py:536} INFO - Filling up the DagBag from /home/airflow/.local/lib/python3.8/site-packages/airflow/example_dags/example_xcomargs.py
[2023-11-05T18:54:37.448+0000] {processor.py:839} INFO - DAG(s) dict_keys(['example_xcom_args_with_operators', 'example_xcom_args']) retrieved from /home/airflow/.local/lib/python3.8/site-packages/airflow/example_dags/example_xcomargs.py
[2023-11-05T18:54:37.502+0000] {logging_mixin.py:151} INFO - [2023-11-05T18:54:37.502+0000] {dag.py:2941} INFO - Sync 2 DAGs
[2023-11-05T18:54:37.521+0000] {logging_mixin.py:151} INFO - [2023-11-05T18:54:37.520+0000] {dag.py:3722} INFO - Setting next_dagrun for example_xcom_args to None, run_after=None
[2023-11-05T18:54:37.528+0000] {logging_mixin.py:151} INFO - [2023-11-05T18:54:37.528+0000] {dag.py:3722} INFO - Setting next_dagrun for example_xcom_args_with_operators to None, run_after=None
[2023-11-05T18:54:37.576+0000] {processor.py:179} INFO - Processing /home/airflow/.local/lib/python3.8/site-packages/airflow/example_dags/example_xcomargs.py took 0.175 seconds
