[2023-11-05T18:36:04.774+0000] {processor.py:157} INFO - Started process (PID=57) to work on /home/airflow/.local/lib/python3.8/site-packages/airflow/example_dags/example_trigger_target_dag.py
[2023-11-05T18:36:04.787+0000] {processor.py:829} INFO - Processing file /home/airflow/.local/lib/python3.8/site-packages/airflow/example_dags/example_trigger_target_dag.py for tasks to queue
[2023-11-05T18:36:04.798+0000] {logging_mixin.py:151} INFO - [2023-11-05T18:36:04.798+0000] {dagbag.py:536} INFO - Filling up the DagBag from /home/airflow/.local/lib/python3.8/site-packages/airflow/example_dags/example_trigger_target_dag.py
[2023-11-05T18:36:04.825+0000] {processor.py:839} INFO - DAG(s) dict_keys(['example_trigger_target_dag']) retrieved from /home/airflow/.local/lib/python3.8/site-packages/airflow/example_dags/example_trigger_target_dag.py
[2023-11-05T18:36:04.911+0000] {logging_mixin.py:151} INFO - [2023-11-05T18:36:04.911+0000] {dag.py:2941} INFO - Sync 1 DAGs
[2023-11-05T18:36:04.944+0000] {logging_mixin.py:151} INFO - [2023-11-05T18:36:04.944+0000] {dag.py:3722} INFO - Setting next_dagrun for example_trigger_target_dag to None, run_after=None
[2023-11-05T18:36:05.136+0000] {processor.py:179} INFO - Processing /home/airflow/.local/lib/python3.8/site-packages/airflow/example_dags/example_trigger_target_dag.py took 0.367 seconds
[2023-11-05T18:36:35.560+0000] {processor.py:157} INFO - Started process (PID=111) to work on /home/airflow/.local/lib/python3.8/site-packages/airflow/example_dags/example_trigger_target_dag.py
[2023-11-05T18:36:35.564+0000] {processor.py:829} INFO - Processing file /home/airflow/.local/lib/python3.8/site-packages/airflow/example_dags/example_trigger_target_dag.py for tasks to queue
[2023-11-05T18:36:35.571+0000] {logging_mixin.py:151} INFO - [2023-11-05T18:36:35.571+0000] {dagbag.py:536} INFO - Filling up the DagBag from /home/airflow/.local/lib/python3.8/site-packages/airflow/example_dags/example_trigger_target_dag.py
[2023-11-05T18:36:35.591+0000] {processor.py:839} INFO - DAG(s) dict_keys(['example_trigger_target_dag']) retrieved from /home/airflow/.local/lib/python3.8/site-packages/airflow/example_dags/example_trigger_target_dag.py
[2023-11-05T18:36:35.718+0000] {logging_mixin.py:151} INFO - [2023-11-05T18:36:35.718+0000] {dag.py:2941} INFO - Sync 1 DAGs
[2023-11-05T18:36:35.761+0000] {logging_mixin.py:151} INFO - [2023-11-05T18:36:35.760+0000] {dag.py:3722} INFO - Setting next_dagrun for example_trigger_target_dag to None, run_after=None
[2023-11-05T18:36:35.946+0000] {processor.py:179} INFO - Processing /home/airflow/.local/lib/python3.8/site-packages/airflow/example_dags/example_trigger_target_dag.py took 0.393 seconds
[2023-11-05T18:37:06.311+0000] {processor.py:157} INFO - Started process (PID=164) to work on /home/airflow/.local/lib/python3.8/site-packages/airflow/example_dags/example_trigger_target_dag.py
[2023-11-05T18:37:06.321+0000] {processor.py:829} INFO - Processing file /home/airflow/.local/lib/python3.8/site-packages/airflow/example_dags/example_trigger_target_dag.py for tasks to queue
[2023-11-05T18:37:06.338+0000] {logging_mixin.py:151} INFO - [2023-11-05T18:37:06.336+0000] {dagbag.py:536} INFO - Filling up the DagBag from /home/airflow/.local/lib/python3.8/site-packages/airflow/example_dags/example_trigger_target_dag.py
[2023-11-05T18:37:06.363+0000] {processor.py:839} INFO - DAG(s) dict_keys(['example_trigger_target_dag']) retrieved from /home/airflow/.local/lib/python3.8/site-packages/airflow/example_dags/example_trigger_target_dag.py
[2023-11-05T18:37:06.456+0000] {logging_mixin.py:151} INFO - [2023-11-05T18:37:06.456+0000] {dag.py:2941} INFO - Sync 1 DAGs
[2023-11-05T18:37:06.484+0000] {logging_mixin.py:151} INFO - [2023-11-05T18:37:06.484+0000] {dag.py:3722} INFO - Setting next_dagrun for example_trigger_target_dag to None, run_after=None
[2023-11-05T18:37:06.564+0000] {processor.py:179} INFO - Processing /home/airflow/.local/lib/python3.8/site-packages/airflow/example_dags/example_trigger_target_dag.py took 0.257 seconds
[2023-11-05T18:37:37.131+0000] {processor.py:157} INFO - Started process (PID=218) to work on /home/airflow/.local/lib/python3.8/site-packages/airflow/example_dags/example_trigger_target_dag.py
[2023-11-05T18:37:37.141+0000] {processor.py:829} INFO - Processing file /home/airflow/.local/lib/python3.8/site-packages/airflow/example_dags/example_trigger_target_dag.py for tasks to queue
[2023-11-05T18:37:37.146+0000] {logging_mixin.py:151} INFO - [2023-11-05T18:37:37.146+0000] {dagbag.py:536} INFO - Filling up the DagBag from /home/airflow/.local/lib/python3.8/site-packages/airflow/example_dags/example_trigger_target_dag.py
[2023-11-05T18:37:37.165+0000] {processor.py:839} INFO - DAG(s) dict_keys(['example_trigger_target_dag']) retrieved from /home/airflow/.local/lib/python3.8/site-packages/airflow/example_dags/example_trigger_target_dag.py
[2023-11-05T18:37:37.208+0000] {logging_mixin.py:151} INFO - [2023-11-05T18:37:37.208+0000] {dag.py:2941} INFO - Sync 1 DAGs
[2023-11-05T18:37:37.234+0000] {logging_mixin.py:151} INFO - [2023-11-05T18:37:37.234+0000] {dag.py:3722} INFO - Setting next_dagrun for example_trigger_target_dag to None, run_after=None
[2023-11-05T18:37:37.303+0000] {processor.py:179} INFO - Processing /home/airflow/.local/lib/python3.8/site-packages/airflow/example_dags/example_trigger_target_dag.py took 0.177 seconds
[2023-11-05T18:38:07.874+0000] {processor.py:157} INFO - Started process (PID=272) to work on /home/airflow/.local/lib/python3.8/site-packages/airflow/example_dags/example_trigger_target_dag.py
[2023-11-05T18:38:07.876+0000] {processor.py:829} INFO - Processing file /home/airflow/.local/lib/python3.8/site-packages/airflow/example_dags/example_trigger_target_dag.py for tasks to queue
[2023-11-05T18:38:07.878+0000] {logging_mixin.py:151} INFO - [2023-11-05T18:38:07.878+0000] {dagbag.py:536} INFO - Filling up the DagBag from /home/airflow/.local/lib/python3.8/site-packages/airflow/example_dags/example_trigger_target_dag.py
[2023-11-05T18:38:07.886+0000] {processor.py:839} INFO - DAG(s) dict_keys(['example_trigger_target_dag']) retrieved from /home/airflow/.local/lib/python3.8/site-packages/airflow/example_dags/example_trigger_target_dag.py
[2023-11-05T18:38:07.981+0000] {logging_mixin.py:151} INFO - [2023-11-05T18:38:07.981+0000] {dag.py:2941} INFO - Sync 1 DAGs
[2023-11-05T18:38:08.010+0000] {logging_mixin.py:151} INFO - [2023-11-05T18:38:08.010+0000] {dag.py:3722} INFO - Setting next_dagrun for example_trigger_target_dag to None, run_after=None
[2023-11-05T18:38:08.117+0000] {processor.py:179} INFO - Processing /home/airflow/.local/lib/python3.8/site-packages/airflow/example_dags/example_trigger_target_dag.py took 0.246 seconds
[2023-11-05T18:38:38.386+0000] {processor.py:157} INFO - Started process (PID=325) to work on /home/airflow/.local/lib/python3.8/site-packages/airflow/example_dags/example_trigger_target_dag.py
[2023-11-05T18:38:38.395+0000] {processor.py:829} INFO - Processing file /home/airflow/.local/lib/python3.8/site-packages/airflow/example_dags/example_trigger_target_dag.py for tasks to queue
[2023-11-05T18:38:38.401+0000] {logging_mixin.py:151} INFO - [2023-11-05T18:38:38.400+0000] {dagbag.py:536} INFO - Filling up the DagBag from /home/airflow/.local/lib/python3.8/site-packages/airflow/example_dags/example_trigger_target_dag.py
[2023-11-05T18:38:38.414+0000] {processor.py:839} INFO - DAG(s) dict_keys(['example_trigger_target_dag']) retrieved from /home/airflow/.local/lib/python3.8/site-packages/airflow/example_dags/example_trigger_target_dag.py
[2023-11-05T18:38:38.446+0000] {logging_mixin.py:151} INFO - [2023-11-05T18:38:38.445+0000] {dag.py:2941} INFO - Sync 1 DAGs
[2023-11-05T18:38:38.475+0000] {logging_mixin.py:151} INFO - [2023-11-05T18:38:38.475+0000] {dag.py:3722} INFO - Setting next_dagrun for example_trigger_target_dag to None, run_after=None
[2023-11-05T18:38:38.535+0000] {processor.py:179} INFO - Processing /home/airflow/.local/lib/python3.8/site-packages/airflow/example_dags/example_trigger_target_dag.py took 0.154 seconds
[2023-11-05T18:39:08.957+0000] {processor.py:157} INFO - Started process (PID=378) to work on /home/airflow/.local/lib/python3.8/site-packages/airflow/example_dags/example_trigger_target_dag.py
[2023-11-05T18:39:08.967+0000] {processor.py:829} INFO - Processing file /home/airflow/.local/lib/python3.8/site-packages/airflow/example_dags/example_trigger_target_dag.py for tasks to queue
[2023-11-05T18:39:08.970+0000] {logging_mixin.py:151} INFO - [2023-11-05T18:39:08.970+0000] {dagbag.py:536} INFO - Filling up the DagBag from /home/airflow/.local/lib/python3.8/site-packages/airflow/example_dags/example_trigger_target_dag.py
[2023-11-05T18:39:08.979+0000] {processor.py:839} INFO - DAG(s) dict_keys(['example_trigger_target_dag']) retrieved from /home/airflow/.local/lib/python3.8/site-packages/airflow/example_dags/example_trigger_target_dag.py
[2023-11-05T18:39:09.019+0000] {logging_mixin.py:151} INFO - [2023-11-05T18:39:09.018+0000] {dag.py:2941} INFO - Sync 1 DAGs
[2023-11-05T18:39:09.029+0000] {logging_mixin.py:151} INFO - [2023-11-05T18:39:09.029+0000] {dag.py:3722} INFO - Setting next_dagrun for example_trigger_target_dag to None, run_after=None
[2023-11-05T18:39:09.087+0000] {processor.py:179} INFO - Processing /home/airflow/.local/lib/python3.8/site-packages/airflow/example_dags/example_trigger_target_dag.py took 0.133 seconds
[2023-11-05T18:39:39.956+0000] {processor.py:157} INFO - Started process (PID=433) to work on /home/airflow/.local/lib/python3.8/site-packages/airflow/example_dags/example_trigger_target_dag.py
[2023-11-05T18:39:39.967+0000] {processor.py:829} INFO - Processing file /home/airflow/.local/lib/python3.8/site-packages/airflow/example_dags/example_trigger_target_dag.py for tasks to queue
[2023-11-05T18:39:39.991+0000] {logging_mixin.py:151} INFO - [2023-11-05T18:39:39.990+0000] {dagbag.py:536} INFO - Filling up the DagBag from /home/airflow/.local/lib/python3.8/site-packages/airflow/example_dags/example_trigger_target_dag.py
[2023-11-05T18:39:40.018+0000] {processor.py:839} INFO - DAG(s) dict_keys(['example_trigger_target_dag']) retrieved from /home/airflow/.local/lib/python3.8/site-packages/airflow/example_dags/example_trigger_target_dag.py
[2023-11-05T18:39:40.085+0000] {logging_mixin.py:151} INFO - [2023-11-05T18:39:40.085+0000] {dag.py:2941} INFO - Sync 1 DAGs
[2023-11-05T18:39:40.103+0000] {logging_mixin.py:151} INFO - [2023-11-05T18:39:40.103+0000] {dag.py:3722} INFO - Setting next_dagrun for example_trigger_target_dag to None, run_after=None
[2023-11-05T18:39:40.193+0000] {processor.py:179} INFO - Processing /home/airflow/.local/lib/python3.8/site-packages/airflow/example_dags/example_trigger_target_dag.py took 0.245 seconds
[2023-11-05T18:40:11.059+0000] {processor.py:157} INFO - Started process (PID=487) to work on /home/airflow/.local/lib/python3.8/site-packages/airflow/example_dags/example_trigger_target_dag.py
[2023-11-05T18:40:11.062+0000] {processor.py:829} INFO - Processing file /home/airflow/.local/lib/python3.8/site-packages/airflow/example_dags/example_trigger_target_dag.py for tasks to queue
[2023-11-05T18:40:11.067+0000] {logging_mixin.py:151} INFO - [2023-11-05T18:40:11.067+0000] {dagbag.py:536} INFO - Filling up the DagBag from /home/airflow/.local/lib/python3.8/site-packages/airflow/example_dags/example_trigger_target_dag.py
[2023-11-05T18:40:11.073+0000] {processor.py:839} INFO - DAG(s) dict_keys(['example_trigger_target_dag']) retrieved from /home/airflow/.local/lib/python3.8/site-packages/airflow/example_dags/example_trigger_target_dag.py
[2023-11-05T18:40:11.094+0000] {logging_mixin.py:151} INFO - [2023-11-05T18:40:11.094+0000] {dag.py:2941} INFO - Sync 1 DAGs
[2023-11-05T18:40:11.107+0000] {logging_mixin.py:151} INFO - [2023-11-05T18:40:11.107+0000] {dag.py:3722} INFO - Setting next_dagrun for example_trigger_target_dag to None, run_after=None
[2023-11-05T18:40:11.128+0000] {processor.py:179} INFO - Processing /home/airflow/.local/lib/python3.8/site-packages/airflow/example_dags/example_trigger_target_dag.py took 0.072 seconds
[2023-11-05T18:40:41.757+0000] {processor.py:157} INFO - Started process (PID=541) to work on /home/airflow/.local/lib/python3.8/site-packages/airflow/example_dags/example_trigger_target_dag.py
[2023-11-05T18:40:41.760+0000] {processor.py:829} INFO - Processing file /home/airflow/.local/lib/python3.8/site-packages/airflow/example_dags/example_trigger_target_dag.py for tasks to queue
[2023-11-05T18:40:41.763+0000] {logging_mixin.py:151} INFO - [2023-11-05T18:40:41.763+0000] {dagbag.py:536} INFO - Filling up the DagBag from /home/airflow/.local/lib/python3.8/site-packages/airflow/example_dags/example_trigger_target_dag.py
[2023-11-05T18:40:41.770+0000] {processor.py:839} INFO - DAG(s) dict_keys(['example_trigger_target_dag']) retrieved from /home/airflow/.local/lib/python3.8/site-packages/airflow/example_dags/example_trigger_target_dag.py
[2023-11-05T18:40:41.797+0000] {logging_mixin.py:151} INFO - [2023-11-05T18:40:41.797+0000] {dag.py:2941} INFO - Sync 1 DAGs
[2023-11-05T18:40:41.813+0000] {logging_mixin.py:151} INFO - [2023-11-05T18:40:41.813+0000] {dag.py:3722} INFO - Setting next_dagrun for example_trigger_target_dag to None, run_after=None
[2023-11-05T18:40:41.842+0000] {processor.py:179} INFO - Processing /home/airflow/.local/lib/python3.8/site-packages/airflow/example_dags/example_trigger_target_dag.py took 0.087 seconds
[2023-11-05T18:41:12.386+0000] {processor.py:157} INFO - Started process (PID=602) to work on /home/airflow/.local/lib/python3.8/site-packages/airflow/example_dags/example_trigger_target_dag.py
[2023-11-05T18:41:12.388+0000] {processor.py:829} INFO - Processing file /home/airflow/.local/lib/python3.8/site-packages/airflow/example_dags/example_trigger_target_dag.py for tasks to queue
[2023-11-05T18:41:12.390+0000] {logging_mixin.py:151} INFO - [2023-11-05T18:41:12.390+0000] {dagbag.py:536} INFO - Filling up the DagBag from /home/airflow/.local/lib/python3.8/site-packages/airflow/example_dags/example_trigger_target_dag.py
[2023-11-05T18:41:12.395+0000] {processor.py:839} INFO - DAG(s) dict_keys(['example_trigger_target_dag']) retrieved from /home/airflow/.local/lib/python3.8/site-packages/airflow/example_dags/example_trigger_target_dag.py
[2023-11-05T18:41:12.416+0000] {logging_mixin.py:151} INFO - [2023-11-05T18:41:12.415+0000] {dag.py:2941} INFO - Sync 1 DAGs
[2023-11-05T18:41:12.427+0000] {logging_mixin.py:151} INFO - [2023-11-05T18:41:12.427+0000] {dag.py:3722} INFO - Setting next_dagrun for example_trigger_target_dag to None, run_after=None
[2023-11-05T18:41:12.458+0000] {processor.py:179} INFO - Processing /home/airflow/.local/lib/python3.8/site-packages/airflow/example_dags/example_trigger_target_dag.py took 0.074 seconds
[2023-11-05T18:41:42.756+0000] {processor.py:157} INFO - Started process (PID=655) to work on /home/airflow/.local/lib/python3.8/site-packages/airflow/example_dags/example_trigger_target_dag.py
[2023-11-05T18:41:42.759+0000] {processor.py:829} INFO - Processing file /home/airflow/.local/lib/python3.8/site-packages/airflow/example_dags/example_trigger_target_dag.py for tasks to queue
[2023-11-05T18:41:42.761+0000] {logging_mixin.py:151} INFO - [2023-11-05T18:41:42.761+0000] {dagbag.py:536} INFO - Filling up the DagBag from /home/airflow/.local/lib/python3.8/site-packages/airflow/example_dags/example_trigger_target_dag.py
[2023-11-05T18:41:42.767+0000] {processor.py:839} INFO - DAG(s) dict_keys(['example_trigger_target_dag']) retrieved from /home/airflow/.local/lib/python3.8/site-packages/airflow/example_dags/example_trigger_target_dag.py
[2023-11-05T18:41:42.786+0000] {logging_mixin.py:151} INFO - [2023-11-05T18:41:42.786+0000] {dag.py:2941} INFO - Sync 1 DAGs
[2023-11-05T18:41:42.798+0000] {logging_mixin.py:151} INFO - [2023-11-05T18:41:42.798+0000] {dag.py:3722} INFO - Setting next_dagrun for example_trigger_target_dag to None, run_after=None
[2023-11-05T18:41:42.820+0000] {processor.py:179} INFO - Processing /home/airflow/.local/lib/python3.8/site-packages/airflow/example_dags/example_trigger_target_dag.py took 0.067 seconds
[2023-11-05T18:42:13.560+0000] {processor.py:157} INFO - Started process (PID=709) to work on /home/airflow/.local/lib/python3.8/site-packages/airflow/example_dags/example_trigger_target_dag.py
[2023-11-05T18:42:13.563+0000] {processor.py:829} INFO - Processing file /home/airflow/.local/lib/python3.8/site-packages/airflow/example_dags/example_trigger_target_dag.py for tasks to queue
[2023-11-05T18:42:13.568+0000] {logging_mixin.py:151} INFO - [2023-11-05T18:42:13.568+0000] {dagbag.py:536} INFO - Filling up the DagBag from /home/airflow/.local/lib/python3.8/site-packages/airflow/example_dags/example_trigger_target_dag.py
[2023-11-05T18:42:13.572+0000] {processor.py:839} INFO - DAG(s) dict_keys(['example_trigger_target_dag']) retrieved from /home/airflow/.local/lib/python3.8/site-packages/airflow/example_dags/example_trigger_target_dag.py
[2023-11-05T18:42:13.588+0000] {logging_mixin.py:151} INFO - [2023-11-05T18:42:13.588+0000] {dag.py:2941} INFO - Sync 1 DAGs
[2023-11-05T18:42:13.598+0000] {logging_mixin.py:151} INFO - [2023-11-05T18:42:13.598+0000] {dag.py:3722} INFO - Setting next_dagrun for example_trigger_target_dag to None, run_after=None
[2023-11-05T18:42:13.614+0000] {processor.py:179} INFO - Processing /home/airflow/.local/lib/python3.8/site-packages/airflow/example_dags/example_trigger_target_dag.py took 0.056 seconds
[2023-11-05T18:42:44.085+0000] {processor.py:157} INFO - Started process (PID=763) to work on /home/airflow/.local/lib/python3.8/site-packages/airflow/example_dags/example_trigger_target_dag.py
[2023-11-05T18:42:44.094+0000] {processor.py:829} INFO - Processing file /home/airflow/.local/lib/python3.8/site-packages/airflow/example_dags/example_trigger_target_dag.py for tasks to queue
[2023-11-05T18:42:44.113+0000] {logging_mixin.py:151} INFO - [2023-11-05T18:42:44.113+0000] {dagbag.py:536} INFO - Filling up the DagBag from /home/airflow/.local/lib/python3.8/site-packages/airflow/example_dags/example_trigger_target_dag.py
[2023-11-05T18:42:44.132+0000] {processor.py:839} INFO - DAG(s) dict_keys(['example_trigger_target_dag']) retrieved from /home/airflow/.local/lib/python3.8/site-packages/airflow/example_dags/example_trigger_target_dag.py
[2023-11-05T18:42:44.195+0000] {logging_mixin.py:151} INFO - [2023-11-05T18:42:44.194+0000] {dag.py:2941} INFO - Sync 1 DAGs
[2023-11-05T18:42:44.208+0000] {logging_mixin.py:151} INFO - [2023-11-05T18:42:44.208+0000] {dag.py:3722} INFO - Setting next_dagrun for example_trigger_target_dag to None, run_after=None
[2023-11-05T18:42:44.274+0000] {processor.py:179} INFO - Processing /home/airflow/.local/lib/python3.8/site-packages/airflow/example_dags/example_trigger_target_dag.py took 0.194 seconds
[2023-11-05T18:43:15.184+0000] {processor.py:157} INFO - Started process (PID=817) to work on /home/airflow/.local/lib/python3.8/site-packages/airflow/example_dags/example_trigger_target_dag.py
[2023-11-05T18:43:15.189+0000] {processor.py:829} INFO - Processing file /home/airflow/.local/lib/python3.8/site-packages/airflow/example_dags/example_trigger_target_dag.py for tasks to queue
[2023-11-05T18:43:15.195+0000] {logging_mixin.py:151} INFO - [2023-11-05T18:43:15.195+0000] {dagbag.py:536} INFO - Filling up the DagBag from /home/airflow/.local/lib/python3.8/site-packages/airflow/example_dags/example_trigger_target_dag.py
[2023-11-05T18:43:15.208+0000] {processor.py:839} INFO - DAG(s) dict_keys(['example_trigger_target_dag']) retrieved from /home/airflow/.local/lib/python3.8/site-packages/airflow/example_dags/example_trigger_target_dag.py
[2023-11-05T18:43:15.259+0000] {logging_mixin.py:151} INFO - [2023-11-05T18:43:15.259+0000] {dag.py:2941} INFO - Sync 1 DAGs
[2023-11-05T18:43:15.278+0000] {logging_mixin.py:151} INFO - [2023-11-05T18:43:15.278+0000] {dag.py:3722} INFO - Setting next_dagrun for example_trigger_target_dag to None, run_after=None
[2023-11-05T18:43:15.367+0000] {processor.py:179} INFO - Processing /home/airflow/.local/lib/python3.8/site-packages/airflow/example_dags/example_trigger_target_dag.py took 0.188 seconds
[2023-11-05T18:43:46.124+0000] {processor.py:157} INFO - Started process (PID=871) to work on /home/airflow/.local/lib/python3.8/site-packages/airflow/example_dags/example_trigger_target_dag.py
[2023-11-05T18:43:46.126+0000] {processor.py:829} INFO - Processing file /home/airflow/.local/lib/python3.8/site-packages/airflow/example_dags/example_trigger_target_dag.py for tasks to queue
[2023-11-05T18:43:46.128+0000] {logging_mixin.py:151} INFO - [2023-11-05T18:43:46.128+0000] {dagbag.py:536} INFO - Filling up the DagBag from /home/airflow/.local/lib/python3.8/site-packages/airflow/example_dags/example_trigger_target_dag.py
[2023-11-05T18:43:46.138+0000] {processor.py:839} INFO - DAG(s) dict_keys(['example_trigger_target_dag']) retrieved from /home/airflow/.local/lib/python3.8/site-packages/airflow/example_dags/example_trigger_target_dag.py
[2023-11-05T18:43:46.162+0000] {logging_mixin.py:151} INFO - [2023-11-05T18:43:46.162+0000] {dag.py:2941} INFO - Sync 1 DAGs
[2023-11-05T18:43:46.171+0000] {logging_mixin.py:151} INFO - [2023-11-05T18:43:46.171+0000] {dag.py:3722} INFO - Setting next_dagrun for example_trigger_target_dag to None, run_after=None
[2023-11-05T18:43:46.195+0000] {processor.py:179} INFO - Processing /home/airflow/.local/lib/python3.8/site-packages/airflow/example_dags/example_trigger_target_dag.py took 0.074 seconds
[2023-11-05T18:44:16.661+0000] {processor.py:157} INFO - Started process (PID=925) to work on /home/airflow/.local/lib/python3.8/site-packages/airflow/example_dags/example_trigger_target_dag.py
[2023-11-05T18:44:16.674+0000] {processor.py:829} INFO - Processing file /home/airflow/.local/lib/python3.8/site-packages/airflow/example_dags/example_trigger_target_dag.py for tasks to queue
[2023-11-05T18:44:16.675+0000] {logging_mixin.py:151} INFO - [2023-11-05T18:44:16.675+0000] {dagbag.py:536} INFO - Filling up the DagBag from /home/airflow/.local/lib/python3.8/site-packages/airflow/example_dags/example_trigger_target_dag.py
[2023-11-05T18:44:16.696+0000] {processor.py:839} INFO - DAG(s) dict_keys(['example_trigger_target_dag']) retrieved from /home/airflow/.local/lib/python3.8/site-packages/airflow/example_dags/example_trigger_target_dag.py
[2023-11-05T18:44:16.753+0000] {logging_mixin.py:151} INFO - [2023-11-05T18:44:16.753+0000] {dag.py:2941} INFO - Sync 1 DAGs
[2023-11-05T18:44:16.776+0000] {logging_mixin.py:151} INFO - [2023-11-05T18:44:16.776+0000] {dag.py:3722} INFO - Setting next_dagrun for example_trigger_target_dag to None, run_after=None
[2023-11-05T18:44:16.830+0000] {processor.py:179} INFO - Processing /home/airflow/.local/lib/python3.8/site-packages/airflow/example_dags/example_trigger_target_dag.py took 0.172 seconds
[2023-11-05T18:44:47.754+0000] {processor.py:157} INFO - Started process (PID=978) to work on /home/airflow/.local/lib/python3.8/site-packages/airflow/example_dags/example_trigger_target_dag.py
[2023-11-05T18:44:47.758+0000] {processor.py:829} INFO - Processing file /home/airflow/.local/lib/python3.8/site-packages/airflow/example_dags/example_trigger_target_dag.py for tasks to queue
[2023-11-05T18:44:47.763+0000] {logging_mixin.py:151} INFO - [2023-11-05T18:44:47.762+0000] {dagbag.py:536} INFO - Filling up the DagBag from /home/airflow/.local/lib/python3.8/site-packages/airflow/example_dags/example_trigger_target_dag.py
[2023-11-05T18:44:47.773+0000] {processor.py:839} INFO - DAG(s) dict_keys(['example_trigger_target_dag']) retrieved from /home/airflow/.local/lib/python3.8/site-packages/airflow/example_dags/example_trigger_target_dag.py
[2023-11-05T18:44:47.832+0000] {logging_mixin.py:151} INFO - [2023-11-05T18:44:47.831+0000] {dag.py:2941} INFO - Sync 1 DAGs
[2023-11-05T18:44:47.851+0000] {logging_mixin.py:151} INFO - [2023-11-05T18:44:47.851+0000] {dag.py:3722} INFO - Setting next_dagrun for example_trigger_target_dag to None, run_after=None
[2023-11-05T18:44:47.881+0000] {processor.py:179} INFO - Processing /home/airflow/.local/lib/python3.8/site-packages/airflow/example_dags/example_trigger_target_dag.py took 0.141 seconds
[2023-11-05T18:46:11.919+0000] {processor.py:157} INFO - Started process (PID=57) to work on /home/airflow/.local/lib/python3.8/site-packages/airflow/example_dags/example_trigger_target_dag.py
[2023-11-05T18:46:11.926+0000] {processor.py:829} INFO - Processing file /home/airflow/.local/lib/python3.8/site-packages/airflow/example_dags/example_trigger_target_dag.py for tasks to queue
[2023-11-05T18:46:11.940+0000] {logging_mixin.py:151} INFO - [2023-11-05T18:46:11.936+0000] {dagbag.py:536} INFO - Filling up the DagBag from /home/airflow/.local/lib/python3.8/site-packages/airflow/example_dags/example_trigger_target_dag.py
[2023-11-05T18:46:11.979+0000] {processor.py:839} INFO - DAG(s) dict_keys(['example_trigger_target_dag']) retrieved from /home/airflow/.local/lib/python3.8/site-packages/airflow/example_dags/example_trigger_target_dag.py
[2023-11-05T18:46:12.028+0000] {logging_mixin.py:151} INFO - [2023-11-05T18:46:12.028+0000] {dag.py:2941} INFO - Sync 1 DAGs
[2023-11-05T18:46:12.058+0000] {logging_mixin.py:151} INFO - [2023-11-05T18:46:12.058+0000] {dag.py:3722} INFO - Setting next_dagrun for example_trigger_target_dag to None, run_after=None
[2023-11-05T18:46:12.114+0000] {processor.py:179} INFO - Processing /home/airflow/.local/lib/python3.8/site-packages/airflow/example_dags/example_trigger_target_dag.py took 0.207 seconds
[2023-11-05T18:46:42.298+0000] {processor.py:157} INFO - Started process (PID=111) to work on /home/airflow/.local/lib/python3.8/site-packages/airflow/example_dags/example_trigger_target_dag.py
[2023-11-05T18:46:42.305+0000] {processor.py:829} INFO - Processing file /home/airflow/.local/lib/python3.8/site-packages/airflow/example_dags/example_trigger_target_dag.py for tasks to queue
[2023-11-05T18:46:42.320+0000] {logging_mixin.py:151} INFO - [2023-11-05T18:46:42.319+0000] {dagbag.py:536} INFO - Filling up the DagBag from /home/airflow/.local/lib/python3.8/site-packages/airflow/example_dags/example_trigger_target_dag.py
[2023-11-05T18:46:42.333+0000] {processor.py:839} INFO - DAG(s) dict_keys(['example_trigger_target_dag']) retrieved from /home/airflow/.local/lib/python3.8/site-packages/airflow/example_dags/example_trigger_target_dag.py
[2023-11-05T18:46:42.376+0000] {logging_mixin.py:151} INFO - [2023-11-05T18:46:42.376+0000] {dag.py:2941} INFO - Sync 1 DAGs
[2023-11-05T18:46:42.386+0000] {logging_mixin.py:151} INFO - [2023-11-05T18:46:42.386+0000] {dag.py:3722} INFO - Setting next_dagrun for example_trigger_target_dag to None, run_after=None
[2023-11-05T18:46:42.422+0000] {processor.py:179} INFO - Processing /home/airflow/.local/lib/python3.8/site-packages/airflow/example_dags/example_trigger_target_dag.py took 0.127 seconds
[2023-11-05T18:47:13.456+0000] {processor.py:157} INFO - Started process (PID=165) to work on /home/airflow/.local/lib/python3.8/site-packages/airflow/example_dags/example_trigger_target_dag.py
[2023-11-05T18:47:13.473+0000] {processor.py:829} INFO - Processing file /home/airflow/.local/lib/python3.8/site-packages/airflow/example_dags/example_trigger_target_dag.py for tasks to queue
[2023-11-05T18:47:13.478+0000] {logging_mixin.py:151} INFO - [2023-11-05T18:47:13.478+0000] {dagbag.py:536} INFO - Filling up the DagBag from /home/airflow/.local/lib/python3.8/site-packages/airflow/example_dags/example_trigger_target_dag.py
[2023-11-05T18:47:13.488+0000] {processor.py:839} INFO - DAG(s) dict_keys(['example_trigger_target_dag']) retrieved from /home/airflow/.local/lib/python3.8/site-packages/airflow/example_dags/example_trigger_target_dag.py
[2023-11-05T18:47:13.532+0000] {logging_mixin.py:151} INFO - [2023-11-05T18:47:13.532+0000] {dag.py:2941} INFO - Sync 1 DAGs
[2023-11-05T18:47:13.548+0000] {logging_mixin.py:151} INFO - [2023-11-05T18:47:13.548+0000] {dag.py:3722} INFO - Setting next_dagrun for example_trigger_target_dag to None, run_after=None
[2023-11-05T18:47:13.595+0000] {processor.py:179} INFO - Processing /home/airflow/.local/lib/python3.8/site-packages/airflow/example_dags/example_trigger_target_dag.py took 0.141 seconds
[2023-11-05T18:47:43.759+0000] {processor.py:157} INFO - Started process (PID=218) to work on /home/airflow/.local/lib/python3.8/site-packages/airflow/example_dags/example_trigger_target_dag.py
[2023-11-05T18:47:43.763+0000] {processor.py:829} INFO - Processing file /home/airflow/.local/lib/python3.8/site-packages/airflow/example_dags/example_trigger_target_dag.py for tasks to queue
[2023-11-05T18:47:43.768+0000] {logging_mixin.py:151} INFO - [2023-11-05T18:47:43.767+0000] {dagbag.py:536} INFO - Filling up the DagBag from /home/airflow/.local/lib/python3.8/site-packages/airflow/example_dags/example_trigger_target_dag.py
[2023-11-05T18:47:43.778+0000] {processor.py:839} INFO - DAG(s) dict_keys(['example_trigger_target_dag']) retrieved from /home/airflow/.local/lib/python3.8/site-packages/airflow/example_dags/example_trigger_target_dag.py
[2023-11-05T18:47:43.820+0000] {logging_mixin.py:151} INFO - [2023-11-05T18:47:43.820+0000] {dag.py:2941} INFO - Sync 1 DAGs
[2023-11-05T18:47:43.840+0000] {logging_mixin.py:151} INFO - [2023-11-05T18:47:43.840+0000] {dag.py:3722} INFO - Setting next_dagrun for example_trigger_target_dag to None, run_after=None
[2023-11-05T18:47:43.878+0000] {processor.py:179} INFO - Processing /home/airflow/.local/lib/python3.8/site-packages/airflow/example_dags/example_trigger_target_dag.py took 0.121 seconds
[2023-11-05T18:48:14.544+0000] {processor.py:157} INFO - Started process (PID=272) to work on /home/airflow/.local/lib/python3.8/site-packages/airflow/example_dags/example_trigger_target_dag.py
[2023-11-05T18:48:14.555+0000] {processor.py:829} INFO - Processing file /home/airflow/.local/lib/python3.8/site-packages/airflow/example_dags/example_trigger_target_dag.py for tasks to queue
[2023-11-05T18:48:14.565+0000] {logging_mixin.py:151} INFO - [2023-11-05T18:48:14.564+0000] {dagbag.py:536} INFO - Filling up the DagBag from /home/airflow/.local/lib/python3.8/site-packages/airflow/example_dags/example_trigger_target_dag.py
[2023-11-05T18:48:14.582+0000] {processor.py:839} INFO - DAG(s) dict_keys(['example_trigger_target_dag']) retrieved from /home/airflow/.local/lib/python3.8/site-packages/airflow/example_dags/example_trigger_target_dag.py
[2023-11-05T18:48:14.618+0000] {logging_mixin.py:151} INFO - [2023-11-05T18:48:14.618+0000] {dag.py:2941} INFO - Sync 1 DAGs
[2023-11-05T18:48:14.638+0000] {logging_mixin.py:151} INFO - [2023-11-05T18:48:14.638+0000] {dag.py:3722} INFO - Setting next_dagrun for example_trigger_target_dag to None, run_after=None
[2023-11-05T18:48:14.732+0000] {processor.py:179} INFO - Processing /home/airflow/.local/lib/python3.8/site-packages/airflow/example_dags/example_trigger_target_dag.py took 0.193 seconds
[2023-11-05T18:48:45.449+0000] {processor.py:157} INFO - Started process (PID=327) to work on /home/airflow/.local/lib/python3.8/site-packages/airflow/example_dags/example_trigger_target_dag.py
[2023-11-05T18:48:45.456+0000] {processor.py:829} INFO - Processing file /home/airflow/.local/lib/python3.8/site-packages/airflow/example_dags/example_trigger_target_dag.py for tasks to queue
[2023-11-05T18:48:45.461+0000] {logging_mixin.py:151} INFO - [2023-11-05T18:48:45.460+0000] {dagbag.py:536} INFO - Filling up the DagBag from /home/airflow/.local/lib/python3.8/site-packages/airflow/example_dags/example_trigger_target_dag.py
[2023-11-05T18:48:45.472+0000] {processor.py:839} INFO - DAG(s) dict_keys(['example_trigger_target_dag']) retrieved from /home/airflow/.local/lib/python3.8/site-packages/airflow/example_dags/example_trigger_target_dag.py
[2023-11-05T18:48:45.516+0000] {logging_mixin.py:151} INFO - [2023-11-05T18:48:45.516+0000] {dag.py:2941} INFO - Sync 1 DAGs
[2023-11-05T18:48:45.525+0000] {logging_mixin.py:151} INFO - [2023-11-05T18:48:45.525+0000] {dag.py:3722} INFO - Setting next_dagrun for example_trigger_target_dag to None, run_after=None
[2023-11-05T18:48:45.544+0000] {processor.py:179} INFO - Processing /home/airflow/.local/lib/python3.8/site-packages/airflow/example_dags/example_trigger_target_dag.py took 0.098 seconds
[2023-11-05T18:53:31.691+0000] {processor.py:157} INFO - Started process (PID=381) to work on /home/airflow/.local/lib/python3.8/site-packages/airflow/example_dags/example_trigger_target_dag.py
[2023-11-05T18:53:31.692+0000] {processor.py:829} INFO - Processing file /home/airflow/.local/lib/python3.8/site-packages/airflow/example_dags/example_trigger_target_dag.py for tasks to queue
[2023-11-05T18:53:31.695+0000] {logging_mixin.py:151} INFO - [2023-11-05T18:53:31.694+0000] {dagbag.py:536} INFO - Filling up the DagBag from /home/airflow/.local/lib/python3.8/site-packages/airflow/example_dags/example_trigger_target_dag.py
[2023-11-05T18:53:31.701+0000] {processor.py:839} INFO - DAG(s) dict_keys(['example_trigger_target_dag']) retrieved from /home/airflow/.local/lib/python3.8/site-packages/airflow/example_dags/example_trigger_target_dag.py
[2023-11-05T18:53:31.721+0000] {logging_mixin.py:151} INFO - [2023-11-05T18:53:31.721+0000] {dag.py:2941} INFO - Sync 1 DAGs
[2023-11-05T18:53:31.729+0000] {logging_mixin.py:151} INFO - [2023-11-05T18:53:31.729+0000] {dag.py:3722} INFO - Setting next_dagrun for example_trigger_target_dag to None, run_after=None
[2023-11-05T18:53:31.748+0000] {processor.py:179} INFO - Processing /home/airflow/.local/lib/python3.8/site-packages/airflow/example_dags/example_trigger_target_dag.py took 0.063 seconds
[2023-11-05T18:54:04.250+0000] {processor.py:157} INFO - Started process (PID=435) to work on /home/airflow/.local/lib/python3.8/site-packages/airflow/example_dags/example_trigger_target_dag.py
[2023-11-05T18:54:04.253+0000] {processor.py:829} INFO - Processing file /home/airflow/.local/lib/python3.8/site-packages/airflow/example_dags/example_trigger_target_dag.py for tasks to queue
[2023-11-05T18:54:04.258+0000] {logging_mixin.py:151} INFO - [2023-11-05T18:54:04.258+0000] {dagbag.py:536} INFO - Filling up the DagBag from /home/airflow/.local/lib/python3.8/site-packages/airflow/example_dags/example_trigger_target_dag.py
[2023-11-05T18:54:04.264+0000] {processor.py:839} INFO - DAG(s) dict_keys(['example_trigger_target_dag']) retrieved from /home/airflow/.local/lib/python3.8/site-packages/airflow/example_dags/example_trigger_target_dag.py
[2023-11-05T18:54:04.288+0000] {logging_mixin.py:151} INFO - [2023-11-05T18:54:04.288+0000] {dag.py:2941} INFO - Sync 1 DAGs
[2023-11-05T18:54:04.309+0000] {logging_mixin.py:151} INFO - [2023-11-05T18:54:04.308+0000] {dag.py:3722} INFO - Setting next_dagrun for example_trigger_target_dag to None, run_after=None
[2023-11-05T18:54:04.396+0000] {processor.py:179} INFO - Processing /home/airflow/.local/lib/python3.8/site-packages/airflow/example_dags/example_trigger_target_dag.py took 0.150 seconds
[2023-11-05T18:54:34.650+0000] {processor.py:157} INFO - Started process (PID=489) to work on /home/airflow/.local/lib/python3.8/site-packages/airflow/example_dags/example_trigger_target_dag.py
[2023-11-05T18:54:34.652+0000] {processor.py:829} INFO - Processing file /home/airflow/.local/lib/python3.8/site-packages/airflow/example_dags/example_trigger_target_dag.py for tasks to queue
[2023-11-05T18:54:34.653+0000] {logging_mixin.py:151} INFO - [2023-11-05T18:54:34.653+0000] {dagbag.py:536} INFO - Filling up the DagBag from /home/airflow/.local/lib/python3.8/site-packages/airflow/example_dags/example_trigger_target_dag.py
[2023-11-05T18:54:34.658+0000] {processor.py:839} INFO - DAG(s) dict_keys(['example_trigger_target_dag']) retrieved from /home/airflow/.local/lib/python3.8/site-packages/airflow/example_dags/example_trigger_target_dag.py
[2023-11-05T18:54:34.697+0000] {logging_mixin.py:151} INFO - [2023-11-05T18:54:34.697+0000] {dag.py:2941} INFO - Sync 1 DAGs
[2023-11-05T18:54:34.705+0000] {logging_mixin.py:151} INFO - [2023-11-05T18:54:34.705+0000] {dag.py:3722} INFO - Setting next_dagrun for example_trigger_target_dag to None, run_after=None
[2023-11-05T18:54:34.742+0000] {processor.py:179} INFO - Processing /home/airflow/.local/lib/python3.8/site-packages/airflow/example_dags/example_trigger_target_dag.py took 0.094 seconds
