[2023-11-05T18:36:08.139+0000] {processor.py:157} INFO - Started process (PID=68) to work on /home/airflow/.local/lib/python3.8/site-packages/airflow/example_dags/example_branch_operator.py
[2023-11-05T18:36:08.153+0000] {processor.py:829} INFO - Processing file /home/airflow/.local/lib/python3.8/site-packages/airflow/example_dags/example_branch_operator.py for tasks to queue
[2023-11-05T18:36:08.159+0000] {logging_mixin.py:151} INFO - [2023-11-05T18:36:08.159+0000] {dagbag.py:536} INFO - Filling up the DagBag from /home/airflow/.local/lib/python3.8/site-packages/airflow/example_dags/example_branch_operator.py
[2023-11-05T18:36:08.175+0000] {processor.py:839} INFO - DAG(s) dict_keys(['example_branch_operator']) retrieved from /home/airflow/.local/lib/python3.8/site-packages/airflow/example_dags/example_branch_operator.py
[2023-11-05T18:36:08.352+0000] {logging_mixin.py:151} INFO - [2023-11-05T18:36:08.350+0000] {dag.py:2941} INFO - Sync 1 DAGs
[2023-11-05T18:36:08.431+0000] {logging_mixin.py:151} INFO - [2023-11-05T18:36:08.430+0000] {dag.py:3722} INFO - Setting next_dagrun for example_branch_operator to 2023-11-04T00:00:00+00:00, run_after=2023-11-05T00:00:00+00:00
[2023-11-05T18:36:08.535+0000] {processor.py:179} INFO - Processing /home/airflow/.local/lib/python3.8/site-packages/airflow/example_dags/example_branch_operator.py took 0.398 seconds
[2023-11-05T18:36:38.973+0000] {processor.py:157} INFO - Started process (PID=122) to work on /home/airflow/.local/lib/python3.8/site-packages/airflow/example_dags/example_branch_operator.py
[2023-11-05T18:36:38.987+0000] {processor.py:829} INFO - Processing file /home/airflow/.local/lib/python3.8/site-packages/airflow/example_dags/example_branch_operator.py for tasks to queue
[2023-11-05T18:36:39.002+0000] {logging_mixin.py:151} INFO - [2023-11-05T18:36:39.002+0000] {dagbag.py:536} INFO - Filling up the DagBag from /home/airflow/.local/lib/python3.8/site-packages/airflow/example_dags/example_branch_operator.py
[2023-11-05T18:36:39.022+0000] {processor.py:839} INFO - DAG(s) dict_keys(['example_branch_operator']) retrieved from /home/airflow/.local/lib/python3.8/site-packages/airflow/example_dags/example_branch_operator.py
[2023-11-05T18:36:39.107+0000] {logging_mixin.py:151} INFO - [2023-11-05T18:36:39.107+0000] {dag.py:2941} INFO - Sync 1 DAGs
[2023-11-05T18:36:39.147+0000] {logging_mixin.py:151} INFO - [2023-11-05T18:36:39.146+0000] {dag.py:3722} INFO - Setting next_dagrun for example_branch_operator to 2023-11-04T00:00:00+00:00, run_after=2023-11-05T00:00:00+00:00
[2023-11-05T18:36:39.206+0000] {processor.py:179} INFO - Processing /home/airflow/.local/lib/python3.8/site-packages/airflow/example_dags/example_branch_operator.py took 0.235 seconds
[2023-11-05T18:37:09.512+0000] {processor.py:157} INFO - Started process (PID=175) to work on /home/airflow/.local/lib/python3.8/site-packages/airflow/example_dags/example_branch_operator.py
[2023-11-05T18:37:09.526+0000] {processor.py:829} INFO - Processing file /home/airflow/.local/lib/python3.8/site-packages/airflow/example_dags/example_branch_operator.py for tasks to queue
[2023-11-05T18:37:09.532+0000] {logging_mixin.py:151} INFO - [2023-11-05T18:37:09.532+0000] {dagbag.py:536} INFO - Filling up the DagBag from /home/airflow/.local/lib/python3.8/site-packages/airflow/example_dags/example_branch_operator.py
[2023-11-05T18:37:09.577+0000] {processor.py:839} INFO - DAG(s) dict_keys(['example_branch_operator']) retrieved from /home/airflow/.local/lib/python3.8/site-packages/airflow/example_dags/example_branch_operator.py
[2023-11-05T18:37:09.689+0000] {logging_mixin.py:151} INFO - [2023-11-05T18:37:09.689+0000] {dag.py:2941} INFO - Sync 1 DAGs
[2023-11-05T18:37:09.746+0000] {logging_mixin.py:151} INFO - [2023-11-05T18:37:09.746+0000] {dag.py:3722} INFO - Setting next_dagrun for example_branch_operator to 2023-11-04T00:00:00+00:00, run_after=2023-11-05T00:00:00+00:00
[2023-11-05T18:37:09.957+0000] {processor.py:179} INFO - Processing /home/airflow/.local/lib/python3.8/site-packages/airflow/example_dags/example_branch_operator.py took 0.447 seconds
[2023-11-05T18:37:40.053+0000] {processor.py:157} INFO - Started process (PID=229) to work on /home/airflow/.local/lib/python3.8/site-packages/airflow/example_dags/example_branch_operator.py
[2023-11-05T18:37:40.056+0000] {processor.py:829} INFO - Processing file /home/airflow/.local/lib/python3.8/site-packages/airflow/example_dags/example_branch_operator.py for tasks to queue
[2023-11-05T18:37:40.059+0000] {logging_mixin.py:151} INFO - [2023-11-05T18:37:40.059+0000] {dagbag.py:536} INFO - Filling up the DagBag from /home/airflow/.local/lib/python3.8/site-packages/airflow/example_dags/example_branch_operator.py
[2023-11-05T18:37:40.067+0000] {processor.py:839} INFO - DAG(s) dict_keys(['example_branch_operator']) retrieved from /home/airflow/.local/lib/python3.8/site-packages/airflow/example_dags/example_branch_operator.py
[2023-11-05T18:37:40.110+0000] {logging_mixin.py:151} INFO - [2023-11-05T18:37:40.110+0000] {dag.py:2941} INFO - Sync 1 DAGs
[2023-11-05T18:37:40.129+0000] {logging_mixin.py:151} INFO - [2023-11-05T18:37:40.128+0000] {dag.py:3722} INFO - Setting next_dagrun for example_branch_operator to 2023-11-04T00:00:00+00:00, run_after=2023-11-05T00:00:00+00:00
[2023-11-05T18:37:40.165+0000] {processor.py:179} INFO - Processing /home/airflow/.local/lib/python3.8/site-packages/airflow/example_dags/example_branch_operator.py took 0.116 seconds
[2023-11-05T18:38:11.162+0000] {processor.py:157} INFO - Started process (PID=289) to work on /home/airflow/.local/lib/python3.8/site-packages/airflow/example_dags/example_branch_operator.py
[2023-11-05T18:38:11.172+0000] {processor.py:829} INFO - Processing file /home/airflow/.local/lib/python3.8/site-packages/airflow/example_dags/example_branch_operator.py for tasks to queue
[2023-11-05T18:38:11.182+0000] {logging_mixin.py:151} INFO - [2023-11-05T18:38:11.182+0000] {dagbag.py:536} INFO - Filling up the DagBag from /home/airflow/.local/lib/python3.8/site-packages/airflow/example_dags/example_branch_operator.py
[2023-11-05T18:38:11.203+0000] {processor.py:839} INFO - DAG(s) dict_keys(['example_branch_operator']) retrieved from /home/airflow/.local/lib/python3.8/site-packages/airflow/example_dags/example_branch_operator.py
[2023-11-05T18:38:11.256+0000] {logging_mixin.py:151} INFO - [2023-11-05T18:38:11.256+0000] {dag.py:2941} INFO - Sync 1 DAGs
[2023-11-05T18:38:11.289+0000] {logging_mixin.py:151} INFO - [2023-11-05T18:38:11.289+0000] {dag.py:3722} INFO - Setting next_dagrun for example_branch_operator to 2023-11-04T00:00:00+00:00, run_after=2023-11-05T00:00:00+00:00
[2023-11-05T18:38:11.378+0000] {processor.py:179} INFO - Processing /home/airflow/.local/lib/python3.8/site-packages/airflow/example_dags/example_branch_operator.py took 0.219 seconds
[2023-11-05T18:38:42.147+0000] {processor.py:157} INFO - Started process (PID=343) to work on /home/airflow/.local/lib/python3.8/site-packages/airflow/example_dags/example_branch_operator.py
[2023-11-05T18:38:42.149+0000] {processor.py:829} INFO - Processing file /home/airflow/.local/lib/python3.8/site-packages/airflow/example_dags/example_branch_operator.py for tasks to queue
[2023-11-05T18:38:42.157+0000] {logging_mixin.py:151} INFO - [2023-11-05T18:38:42.157+0000] {dagbag.py:536} INFO - Filling up the DagBag from /home/airflow/.local/lib/python3.8/site-packages/airflow/example_dags/example_branch_operator.py
[2023-11-05T18:38:42.173+0000] {processor.py:839} INFO - DAG(s) dict_keys(['example_branch_operator']) retrieved from /home/airflow/.local/lib/python3.8/site-packages/airflow/example_dags/example_branch_operator.py
[2023-11-05T18:38:42.332+0000] {logging_mixin.py:151} INFO - [2023-11-05T18:38:42.332+0000] {dag.py:2941} INFO - Sync 1 DAGs
[2023-11-05T18:38:42.369+0000] {logging_mixin.py:151} INFO - [2023-11-05T18:38:42.369+0000] {dag.py:3722} INFO - Setting next_dagrun for example_branch_operator to 2023-11-04T00:00:00+00:00, run_after=2023-11-05T00:00:00+00:00
[2023-11-05T18:38:42.393+0000] {processor.py:179} INFO - Processing /home/airflow/.local/lib/python3.8/site-packages/airflow/example_dags/example_branch_operator.py took 0.249 seconds
[2023-11-05T18:39:12.728+0000] {processor.py:157} INFO - Started process (PID=397) to work on /home/airflow/.local/lib/python3.8/site-packages/airflow/example_dags/example_branch_operator.py
[2023-11-05T18:39:12.738+0000] {processor.py:829} INFO - Processing file /home/airflow/.local/lib/python3.8/site-packages/airflow/example_dags/example_branch_operator.py for tasks to queue
[2023-11-05T18:39:12.748+0000] {logging_mixin.py:151} INFO - [2023-11-05T18:39:12.748+0000] {dagbag.py:536} INFO - Filling up the DagBag from /home/airflow/.local/lib/python3.8/site-packages/airflow/example_dags/example_branch_operator.py
[2023-11-05T18:39:12.763+0000] {processor.py:839} INFO - DAG(s) dict_keys(['example_branch_operator']) retrieved from /home/airflow/.local/lib/python3.8/site-packages/airflow/example_dags/example_branch_operator.py
[2023-11-05T18:39:12.810+0000] {logging_mixin.py:151} INFO - [2023-11-05T18:39:12.810+0000] {dag.py:2941} INFO - Sync 1 DAGs
[2023-11-05T18:39:12.841+0000] {logging_mixin.py:151} INFO - [2023-11-05T18:39:12.840+0000] {dag.py:3722} INFO - Setting next_dagrun for example_branch_operator to 2023-11-04T00:00:00+00:00, run_after=2023-11-05T00:00:00+00:00
[2023-11-05T18:39:12.907+0000] {processor.py:179} INFO - Processing /home/airflow/.local/lib/python3.8/site-packages/airflow/example_dags/example_branch_operator.py took 0.185 seconds
[2023-11-05T18:39:43.314+0000] {processor.py:157} INFO - Started process (PID=451) to work on /home/airflow/.local/lib/python3.8/site-packages/airflow/example_dags/example_branch_operator.py
[2023-11-05T18:39:43.320+0000] {processor.py:829} INFO - Processing file /home/airflow/.local/lib/python3.8/site-packages/airflow/example_dags/example_branch_operator.py for tasks to queue
[2023-11-05T18:39:43.332+0000] {logging_mixin.py:151} INFO - [2023-11-05T18:39:43.332+0000] {dagbag.py:536} INFO - Filling up the DagBag from /home/airflow/.local/lib/python3.8/site-packages/airflow/example_dags/example_branch_operator.py
[2023-11-05T18:39:43.354+0000] {processor.py:839} INFO - DAG(s) dict_keys(['example_branch_operator']) retrieved from /home/airflow/.local/lib/python3.8/site-packages/airflow/example_dags/example_branch_operator.py
[2023-11-05T18:39:43.400+0000] {logging_mixin.py:151} INFO - [2023-11-05T18:39:43.399+0000] {dag.py:2941} INFO - Sync 1 DAGs
[2023-11-05T18:39:43.431+0000] {logging_mixin.py:151} INFO - [2023-11-05T18:39:43.430+0000] {dag.py:3722} INFO - Setting next_dagrun for example_branch_operator to 2023-11-04T00:00:00+00:00, run_after=2023-11-05T00:00:00+00:00
[2023-11-05T18:39:43.508+0000] {processor.py:179} INFO - Processing /home/airflow/.local/lib/python3.8/site-packages/airflow/example_dags/example_branch_operator.py took 0.203 seconds
[2023-11-05T18:40:13.766+0000] {processor.py:157} INFO - Started process (PID=505) to work on /home/airflow/.local/lib/python3.8/site-packages/airflow/example_dags/example_branch_operator.py
[2023-11-05T18:40:13.773+0000] {processor.py:829} INFO - Processing file /home/airflow/.local/lib/python3.8/site-packages/airflow/example_dags/example_branch_operator.py for tasks to queue
[2023-11-05T18:40:13.779+0000] {logging_mixin.py:151} INFO - [2023-11-05T18:40:13.779+0000] {dagbag.py:536} INFO - Filling up the DagBag from /home/airflow/.local/lib/python3.8/site-packages/airflow/example_dags/example_branch_operator.py
[2023-11-05T18:40:13.805+0000] {processor.py:839} INFO - DAG(s) dict_keys(['example_branch_operator']) retrieved from /home/airflow/.local/lib/python3.8/site-packages/airflow/example_dags/example_branch_operator.py
[2023-11-05T18:40:13.875+0000] {logging_mixin.py:151} INFO - [2023-11-05T18:40:13.875+0000] {dag.py:2941} INFO - Sync 1 DAGs
[2023-11-05T18:40:13.922+0000] {logging_mixin.py:151} INFO - [2023-11-05T18:40:13.922+0000] {dag.py:3722} INFO - Setting next_dagrun for example_branch_operator to 2023-11-04T00:00:00+00:00, run_after=2023-11-05T00:00:00+00:00
[2023-11-05T18:40:13.989+0000] {processor.py:179} INFO - Processing /home/airflow/.local/lib/python3.8/site-packages/airflow/example_dags/example_branch_operator.py took 0.225 seconds
[2023-11-05T18:40:44.713+0000] {processor.py:157} INFO - Started process (PID=559) to work on /home/airflow/.local/lib/python3.8/site-packages/airflow/example_dags/example_branch_operator.py
[2023-11-05T18:40:44.714+0000] {processor.py:829} INFO - Processing file /home/airflow/.local/lib/python3.8/site-packages/airflow/example_dags/example_branch_operator.py for tasks to queue
[2023-11-05T18:40:44.717+0000] {logging_mixin.py:151} INFO - [2023-11-05T18:40:44.717+0000] {dagbag.py:536} INFO - Filling up the DagBag from /home/airflow/.local/lib/python3.8/site-packages/airflow/example_dags/example_branch_operator.py
[2023-11-05T18:40:44.724+0000] {processor.py:839} INFO - DAG(s) dict_keys(['example_branch_operator']) retrieved from /home/airflow/.local/lib/python3.8/site-packages/airflow/example_dags/example_branch_operator.py
[2023-11-05T18:40:44.751+0000] {logging_mixin.py:151} INFO - [2023-11-05T18:40:44.751+0000] {dag.py:2941} INFO - Sync 1 DAGs
[2023-11-05T18:40:44.773+0000] {logging_mixin.py:151} INFO - [2023-11-05T18:40:44.772+0000] {dag.py:3722} INFO - Setting next_dagrun for example_branch_operator to 2023-11-04T00:00:00+00:00, run_after=2023-11-05T00:00:00+00:00
[2023-11-05T18:40:44.837+0000] {processor.py:179} INFO - Processing /home/airflow/.local/lib/python3.8/site-packages/airflow/example_dags/example_branch_operator.py took 0.127 seconds
[2023-11-05T18:41:14.965+0000] {processor.py:157} INFO - Started process (PID=613) to work on /home/airflow/.local/lib/python3.8/site-packages/airflow/example_dags/example_branch_operator.py
[2023-11-05T18:41:14.967+0000] {processor.py:829} INFO - Processing file /home/airflow/.local/lib/python3.8/site-packages/airflow/example_dags/example_branch_operator.py for tasks to queue
[2023-11-05T18:41:14.969+0000] {logging_mixin.py:151} INFO - [2023-11-05T18:41:14.969+0000] {dagbag.py:536} INFO - Filling up the DagBag from /home/airflow/.local/lib/python3.8/site-packages/airflow/example_dags/example_branch_operator.py
[2023-11-05T18:41:14.977+0000] {processor.py:839} INFO - DAG(s) dict_keys(['example_branch_operator']) retrieved from /home/airflow/.local/lib/python3.8/site-packages/airflow/example_dags/example_branch_operator.py
[2023-11-05T18:41:15.002+0000] {logging_mixin.py:151} INFO - [2023-11-05T18:41:15.002+0000] {dag.py:2941} INFO - Sync 1 DAGs
[2023-11-05T18:41:15.027+0000] {logging_mixin.py:151} INFO - [2023-11-05T18:41:15.027+0000] {dag.py:3722} INFO - Setting next_dagrun for example_branch_operator to 2023-11-04T00:00:00+00:00, run_after=2023-11-05T00:00:00+00:00
[2023-11-05T18:41:15.078+0000] {processor.py:179} INFO - Processing /home/airflow/.local/lib/python3.8/site-packages/airflow/example_dags/example_branch_operator.py took 0.115 seconds
[2023-11-05T18:41:45.402+0000] {processor.py:157} INFO - Started process (PID=666) to work on /home/airflow/.local/lib/python3.8/site-packages/airflow/example_dags/example_branch_operator.py
[2023-11-05T18:41:45.403+0000] {processor.py:829} INFO - Processing file /home/airflow/.local/lib/python3.8/site-packages/airflow/example_dags/example_branch_operator.py for tasks to queue
[2023-11-05T18:41:45.405+0000] {logging_mixin.py:151} INFO - [2023-11-05T18:41:45.405+0000] {dagbag.py:536} INFO - Filling up the DagBag from /home/airflow/.local/lib/python3.8/site-packages/airflow/example_dags/example_branch_operator.py
[2023-11-05T18:41:45.412+0000] {processor.py:839} INFO - DAG(s) dict_keys(['example_branch_operator']) retrieved from /home/airflow/.local/lib/python3.8/site-packages/airflow/example_dags/example_branch_operator.py
[2023-11-05T18:41:45.441+0000] {logging_mixin.py:151} INFO - [2023-11-05T18:41:45.441+0000] {dag.py:2941} INFO - Sync 1 DAGs
[2023-11-05T18:41:45.458+0000] {logging_mixin.py:151} INFO - [2023-11-05T18:41:45.458+0000] {dag.py:3722} INFO - Setting next_dagrun for example_branch_operator to 2023-11-04T00:00:00+00:00, run_after=2023-11-05T00:00:00+00:00
[2023-11-05T18:41:45.496+0000] {processor.py:179} INFO - Processing /home/airflow/.local/lib/python3.8/site-packages/airflow/example_dags/example_branch_operator.py took 0.097 seconds
[2023-11-05T18:42:16.198+0000] {processor.py:157} INFO - Started process (PID=720) to work on /home/airflow/.local/lib/python3.8/site-packages/airflow/example_dags/example_branch_operator.py
[2023-11-05T18:42:16.199+0000] {processor.py:829} INFO - Processing file /home/airflow/.local/lib/python3.8/site-packages/airflow/example_dags/example_branch_operator.py for tasks to queue
[2023-11-05T18:42:16.202+0000] {logging_mixin.py:151} INFO - [2023-11-05T18:42:16.202+0000] {dagbag.py:536} INFO - Filling up the DagBag from /home/airflow/.local/lib/python3.8/site-packages/airflow/example_dags/example_branch_operator.py
[2023-11-05T18:42:16.209+0000] {processor.py:839} INFO - DAG(s) dict_keys(['example_branch_operator']) retrieved from /home/airflow/.local/lib/python3.8/site-packages/airflow/example_dags/example_branch_operator.py
[2023-11-05T18:42:16.287+0000] {logging_mixin.py:151} INFO - [2023-11-05T18:42:16.287+0000] {dag.py:2941} INFO - Sync 1 DAGs
[2023-11-05T18:42:16.358+0000] {logging_mixin.py:151} INFO - [2023-11-05T18:42:16.358+0000] {dag.py:3722} INFO - Setting next_dagrun for example_branch_operator to 2023-11-04T00:00:00+00:00, run_after=2023-11-05T00:00:00+00:00
[2023-11-05T18:42:16.439+0000] {processor.py:179} INFO - Processing /home/airflow/.local/lib/python3.8/site-packages/airflow/example_dags/example_branch_operator.py took 0.243 seconds
[2023-11-05T18:42:47.080+0000] {processor.py:157} INFO - Started process (PID=774) to work on /home/airflow/.local/lib/python3.8/site-packages/airflow/example_dags/example_branch_operator.py
[2023-11-05T18:42:47.081+0000] {processor.py:829} INFO - Processing file /home/airflow/.local/lib/python3.8/site-packages/airflow/example_dags/example_branch_operator.py for tasks to queue
[2023-11-05T18:42:47.083+0000] {logging_mixin.py:151} INFO - [2023-11-05T18:42:47.083+0000] {dagbag.py:536} INFO - Filling up the DagBag from /home/airflow/.local/lib/python3.8/site-packages/airflow/example_dags/example_branch_operator.py
[2023-11-05T18:42:47.089+0000] {processor.py:839} INFO - DAG(s) dict_keys(['example_branch_operator']) retrieved from /home/airflow/.local/lib/python3.8/site-packages/airflow/example_dags/example_branch_operator.py
[2023-11-05T18:42:47.112+0000] {logging_mixin.py:151} INFO - [2023-11-05T18:42:47.112+0000] {dag.py:2941} INFO - Sync 1 DAGs
[2023-11-05T18:42:47.139+0000] {logging_mixin.py:151} INFO - [2023-11-05T18:42:47.138+0000] {dag.py:3722} INFO - Setting next_dagrun for example_branch_operator to 2023-11-04T00:00:00+00:00, run_after=2023-11-05T00:00:00+00:00
[2023-11-05T18:42:47.173+0000] {processor.py:179} INFO - Processing /home/airflow/.local/lib/python3.8/site-packages/airflow/example_dags/example_branch_operator.py took 0.095 seconds
[2023-11-05T18:43:17.562+0000] {processor.py:157} INFO - Started process (PID=828) to work on /home/airflow/.local/lib/python3.8/site-packages/airflow/example_dags/example_branch_operator.py
[2023-11-05T18:43:17.566+0000] {processor.py:829} INFO - Processing file /home/airflow/.local/lib/python3.8/site-packages/airflow/example_dags/example_branch_operator.py for tasks to queue
[2023-11-05T18:43:17.575+0000] {logging_mixin.py:151} INFO - [2023-11-05T18:43:17.575+0000] {dagbag.py:536} INFO - Filling up the DagBag from /home/airflow/.local/lib/python3.8/site-packages/airflow/example_dags/example_branch_operator.py
[2023-11-05T18:43:17.594+0000] {processor.py:839} INFO - DAG(s) dict_keys(['example_branch_operator']) retrieved from /home/airflow/.local/lib/python3.8/site-packages/airflow/example_dags/example_branch_operator.py
[2023-11-05T18:43:17.638+0000] {logging_mixin.py:151} INFO - [2023-11-05T18:43:17.637+0000] {dag.py:2941} INFO - Sync 1 DAGs
[2023-11-05T18:43:17.664+0000] {logging_mixin.py:151} INFO - [2023-11-05T18:43:17.664+0000] {dag.py:3722} INFO - Setting next_dagrun for example_branch_operator to 2023-11-04T00:00:00+00:00, run_after=2023-11-05T00:00:00+00:00
[2023-11-05T18:43:17.723+0000] {processor.py:179} INFO - Processing /home/airflow/.local/lib/python3.8/site-packages/airflow/example_dags/example_branch_operator.py took 0.169 seconds
[2023-11-05T18:43:48.424+0000] {processor.py:157} INFO - Started process (PID=882) to work on /home/airflow/.local/lib/python3.8/site-packages/airflow/example_dags/example_branch_operator.py
[2023-11-05T18:43:48.434+0000] {processor.py:829} INFO - Processing file /home/airflow/.local/lib/python3.8/site-packages/airflow/example_dags/example_branch_operator.py for tasks to queue
[2023-11-05T18:43:48.437+0000] {logging_mixin.py:151} INFO - [2023-11-05T18:43:48.436+0000] {dagbag.py:536} INFO - Filling up the DagBag from /home/airflow/.local/lib/python3.8/site-packages/airflow/example_dags/example_branch_operator.py
[2023-11-05T18:43:48.443+0000] {processor.py:839} INFO - DAG(s) dict_keys(['example_branch_operator']) retrieved from /home/airflow/.local/lib/python3.8/site-packages/airflow/example_dags/example_branch_operator.py
[2023-11-05T18:43:48.487+0000] {logging_mixin.py:151} INFO - [2023-11-05T18:43:48.486+0000] {dag.py:2941} INFO - Sync 1 DAGs
[2023-11-05T18:43:48.511+0000] {logging_mixin.py:151} INFO - [2023-11-05T18:43:48.511+0000] {dag.py:3722} INFO - Setting next_dagrun for example_branch_operator to 2023-11-04T00:00:00+00:00, run_after=2023-11-05T00:00:00+00:00
[2023-11-05T18:43:48.612+0000] {processor.py:179} INFO - Processing /home/airflow/.local/lib/python3.8/site-packages/airflow/example_dags/example_branch_operator.py took 0.189 seconds
[2023-11-05T18:44:18.691+0000] {processor.py:157} INFO - Started process (PID=936) to work on /home/airflow/.local/lib/python3.8/site-packages/airflow/example_dags/example_branch_operator.py
[2023-11-05T18:44:18.694+0000] {processor.py:829} INFO - Processing file /home/airflow/.local/lib/python3.8/site-packages/airflow/example_dags/example_branch_operator.py for tasks to queue
[2023-11-05T18:44:18.698+0000] {logging_mixin.py:151} INFO - [2023-11-05T18:44:18.698+0000] {dagbag.py:536} INFO - Filling up the DagBag from /home/airflow/.local/lib/python3.8/site-packages/airflow/example_dags/example_branch_operator.py
[2023-11-05T18:44:18.705+0000] {processor.py:839} INFO - DAG(s) dict_keys(['example_branch_operator']) retrieved from /home/airflow/.local/lib/python3.8/site-packages/airflow/example_dags/example_branch_operator.py
[2023-11-05T18:44:18.750+0000] {logging_mixin.py:151} INFO - [2023-11-05T18:44:18.750+0000] {dag.py:2941} INFO - Sync 1 DAGs
[2023-11-05T18:44:18.798+0000] {logging_mixin.py:151} INFO - [2023-11-05T18:44:18.798+0000] {dag.py:3722} INFO - Setting next_dagrun for example_branch_operator to 2023-11-04T00:00:00+00:00, run_after=2023-11-05T00:00:00+00:00
[2023-11-05T18:44:18.893+0000] {processor.py:179} INFO - Processing /home/airflow/.local/lib/python3.8/site-packages/airflow/example_dags/example_branch_operator.py took 0.204 seconds
[2023-11-05T18:44:49.014+0000] {processor.py:157} INFO - Started process (PID=989) to work on /home/airflow/.local/lib/python3.8/site-packages/airflow/example_dags/example_branch_operator.py
[2023-11-05T18:44:49.019+0000] {processor.py:829} INFO - Processing file /home/airflow/.local/lib/python3.8/site-packages/airflow/example_dags/example_branch_operator.py for tasks to queue
[2023-11-05T18:44:49.029+0000] {logging_mixin.py:151} INFO - [2023-11-05T18:44:49.028+0000] {dagbag.py:536} INFO - Filling up the DagBag from /home/airflow/.local/lib/python3.8/site-packages/airflow/example_dags/example_branch_operator.py
[2023-11-05T18:44:49.051+0000] {processor.py:839} INFO - DAG(s) dict_keys(['example_branch_operator']) retrieved from /home/airflow/.local/lib/python3.8/site-packages/airflow/example_dags/example_branch_operator.py
[2023-11-05T18:44:49.093+0000] {logging_mixin.py:151} INFO - [2023-11-05T18:44:49.092+0000] {dag.py:2941} INFO - Sync 1 DAGs
[2023-11-05T18:44:49.142+0000] {logging_mixin.py:151} INFO - [2023-11-05T18:44:49.142+0000] {dag.py:3722} INFO - Setting next_dagrun for example_branch_operator to 2023-11-04T00:00:00+00:00, run_after=2023-11-05T00:00:00+00:00
[2023-11-05T18:44:49.198+0000] {processor.py:179} INFO - Processing /home/airflow/.local/lib/python3.8/site-packages/airflow/example_dags/example_branch_operator.py took 0.191 seconds
[2023-11-05T18:46:14.027+0000] {processor.py:157} INFO - Started process (PID=68) to work on /home/airflow/.local/lib/python3.8/site-packages/airflow/example_dags/example_branch_operator.py
[2023-11-05T18:46:14.035+0000] {processor.py:829} INFO - Processing file /home/airflow/.local/lib/python3.8/site-packages/airflow/example_dags/example_branch_operator.py for tasks to queue
[2023-11-05T18:46:14.048+0000] {logging_mixin.py:151} INFO - [2023-11-05T18:46:14.047+0000] {dagbag.py:536} INFO - Filling up the DagBag from /home/airflow/.local/lib/python3.8/site-packages/airflow/example_dags/example_branch_operator.py
[2023-11-05T18:46:14.059+0000] {processor.py:839} INFO - DAG(s) dict_keys(['example_branch_operator']) retrieved from /home/airflow/.local/lib/python3.8/site-packages/airflow/example_dags/example_branch_operator.py
[2023-11-05T18:46:14.158+0000] {logging_mixin.py:151} INFO - [2023-11-05T18:46:14.158+0000] {dag.py:2941} INFO - Sync 1 DAGs
[2023-11-05T18:46:14.221+0000] {logging_mixin.py:151} INFO - [2023-11-05T18:46:14.221+0000] {dag.py:3722} INFO - Setting next_dagrun for example_branch_operator to 2023-11-04T00:00:00+00:00, run_after=2023-11-05T00:00:00+00:00
[2023-11-05T18:46:14.312+0000] {processor.py:179} INFO - Processing /home/airflow/.local/lib/python3.8/site-packages/airflow/example_dags/example_branch_operator.py took 0.299 seconds
[2023-11-05T18:46:44.388+0000] {processor.py:157} INFO - Started process (PID=122) to work on /home/airflow/.local/lib/python3.8/site-packages/airflow/example_dags/example_branch_operator.py
[2023-11-05T18:46:44.390+0000] {processor.py:829} INFO - Processing file /home/airflow/.local/lib/python3.8/site-packages/airflow/example_dags/example_branch_operator.py for tasks to queue
[2023-11-05T18:46:44.394+0000] {logging_mixin.py:151} INFO - [2023-11-05T18:46:44.393+0000] {dagbag.py:536} INFO - Filling up the DagBag from /home/airflow/.local/lib/python3.8/site-packages/airflow/example_dags/example_branch_operator.py
[2023-11-05T18:46:44.410+0000] {processor.py:839} INFO - DAG(s) dict_keys(['example_branch_operator']) retrieved from /home/airflow/.local/lib/python3.8/site-packages/airflow/example_dags/example_branch_operator.py
[2023-11-05T18:46:44.453+0000] {logging_mixin.py:151} INFO - [2023-11-05T18:46:44.452+0000] {dag.py:2941} INFO - Sync 1 DAGs
[2023-11-05T18:46:44.491+0000] {logging_mixin.py:151} INFO - [2023-11-05T18:46:44.490+0000] {dag.py:3722} INFO - Setting next_dagrun for example_branch_operator to 2023-11-04T00:00:00+00:00, run_after=2023-11-05T00:00:00+00:00
[2023-11-05T18:46:44.527+0000] {processor.py:179} INFO - Processing /home/airflow/.local/lib/python3.8/site-packages/airflow/example_dags/example_branch_operator.py took 0.142 seconds
[2023-11-05T18:47:14.693+0000] {processor.py:157} INFO - Started process (PID=176) to work on /home/airflow/.local/lib/python3.8/site-packages/airflow/example_dags/example_branch_operator.py
[2023-11-05T18:47:14.697+0000] {processor.py:829} INFO - Processing file /home/airflow/.local/lib/python3.8/site-packages/airflow/example_dags/example_branch_operator.py for tasks to queue
[2023-11-05T18:47:14.705+0000] {logging_mixin.py:151} INFO - [2023-11-05T18:47:14.704+0000] {dagbag.py:536} INFO - Filling up the DagBag from /home/airflow/.local/lib/python3.8/site-packages/airflow/example_dags/example_branch_operator.py
[2023-11-05T18:47:14.713+0000] {processor.py:839} INFO - DAG(s) dict_keys(['example_branch_operator']) retrieved from /home/airflow/.local/lib/python3.8/site-packages/airflow/example_dags/example_branch_operator.py
[2023-11-05T18:47:14.751+0000] {logging_mixin.py:151} INFO - [2023-11-05T18:47:14.751+0000] {dag.py:2941} INFO - Sync 1 DAGs
[2023-11-05T18:47:14.783+0000] {logging_mixin.py:151} INFO - [2023-11-05T18:47:14.783+0000] {dag.py:3722} INFO - Setting next_dagrun for example_branch_operator to 2023-11-04T00:00:00+00:00, run_after=2023-11-05T00:00:00+00:00
[2023-11-05T18:47:14.821+0000] {processor.py:179} INFO - Processing /home/airflow/.local/lib/python3.8/site-packages/airflow/example_dags/example_branch_operator.py took 0.131 seconds
[2023-11-05T18:47:45.104+0000] {processor.py:157} INFO - Started process (PID=230) to work on /home/airflow/.local/lib/python3.8/site-packages/airflow/example_dags/example_branch_operator.py
[2023-11-05T18:47:45.108+0000] {processor.py:829} INFO - Processing file /home/airflow/.local/lib/python3.8/site-packages/airflow/example_dags/example_branch_operator.py for tasks to queue
[2023-11-05T18:47:45.112+0000] {logging_mixin.py:151} INFO - [2023-11-05T18:47:45.111+0000] {dagbag.py:536} INFO - Filling up the DagBag from /home/airflow/.local/lib/python3.8/site-packages/airflow/example_dags/example_branch_operator.py
[2023-11-05T18:47:45.125+0000] {processor.py:839} INFO - DAG(s) dict_keys(['example_branch_operator']) retrieved from /home/airflow/.local/lib/python3.8/site-packages/airflow/example_dags/example_branch_operator.py
[2023-11-05T18:47:45.158+0000] {logging_mixin.py:151} INFO - [2023-11-05T18:47:45.158+0000] {dag.py:2941} INFO - Sync 1 DAGs
[2023-11-05T18:47:45.188+0000] {logging_mixin.py:151} INFO - [2023-11-05T18:47:45.187+0000] {dag.py:3722} INFO - Setting next_dagrun for example_branch_operator to 2023-11-04T00:00:00+00:00, run_after=2023-11-05T00:00:00+00:00
[2023-11-05T18:47:45.233+0000] {processor.py:179} INFO - Processing /home/airflow/.local/lib/python3.8/site-packages/airflow/example_dags/example_branch_operator.py took 0.134 seconds
[2023-11-05T18:48:16.005+0000] {processor.py:157} INFO - Started process (PID=284) to work on /home/airflow/.local/lib/python3.8/site-packages/airflow/example_dags/example_branch_operator.py
[2023-11-05T18:48:16.008+0000] {processor.py:829} INFO - Processing file /home/airflow/.local/lib/python3.8/site-packages/airflow/example_dags/example_branch_operator.py for tasks to queue
[2023-11-05T18:48:16.012+0000] {logging_mixin.py:151} INFO - [2023-11-05T18:48:16.012+0000] {dagbag.py:536} INFO - Filling up the DagBag from /home/airflow/.local/lib/python3.8/site-packages/airflow/example_dags/example_branch_operator.py
[2023-11-05T18:48:16.024+0000] {processor.py:839} INFO - DAG(s) dict_keys(['example_branch_operator']) retrieved from /home/airflow/.local/lib/python3.8/site-packages/airflow/example_dags/example_branch_operator.py
[2023-11-05T18:48:16.066+0000] {logging_mixin.py:151} INFO - [2023-11-05T18:48:16.066+0000] {dag.py:2941} INFO - Sync 1 DAGs
[2023-11-05T18:48:16.087+0000] {logging_mixin.py:151} INFO - [2023-11-05T18:48:16.087+0000] {dag.py:3722} INFO - Setting next_dagrun for example_branch_operator to 2023-11-04T00:00:00+00:00, run_after=2023-11-05T00:00:00+00:00
[2023-11-05T18:48:16.107+0000] {processor.py:179} INFO - Processing /home/airflow/.local/lib/python3.8/site-packages/airflow/example_dags/example_branch_operator.py took 0.107 seconds
[2023-11-05T18:48:47.031+0000] {processor.py:157} INFO - Started process (PID=339) to work on /home/airflow/.local/lib/python3.8/site-packages/airflow/example_dags/example_branch_operator.py
[2023-11-05T18:48:47.054+0000] {processor.py:829} INFO - Processing file /home/airflow/.local/lib/python3.8/site-packages/airflow/example_dags/example_branch_operator.py for tasks to queue
[2023-11-05T18:48:47.078+0000] {logging_mixin.py:151} INFO - [2023-11-05T18:48:47.077+0000] {dagbag.py:536} INFO - Filling up the DagBag from /home/airflow/.local/lib/python3.8/site-packages/airflow/example_dags/example_branch_operator.py
[2023-11-05T18:48:47.095+0000] {processor.py:839} INFO - DAG(s) dict_keys(['example_branch_operator']) retrieved from /home/airflow/.local/lib/python3.8/site-packages/airflow/example_dags/example_branch_operator.py
[2023-11-05T18:48:47.207+0000] {logging_mixin.py:151} INFO - [2023-11-05T18:48:47.207+0000] {dag.py:2941} INFO - Sync 1 DAGs
[2023-11-05T18:48:47.259+0000] {logging_mixin.py:151} INFO - [2023-11-05T18:48:47.258+0000] {dag.py:3722} INFO - Setting next_dagrun for example_branch_operator to 2023-11-04T00:00:00+00:00, run_after=2023-11-05T00:00:00+00:00
[2023-11-05T18:48:47.300+0000] {processor.py:179} INFO - Processing /home/airflow/.local/lib/python3.8/site-packages/airflow/example_dags/example_branch_operator.py took 0.271 seconds
[2023-11-05T18:53:32.268+0000] {processor.py:157} INFO - Started process (PID=392) to work on /home/airflow/.local/lib/python3.8/site-packages/airflow/example_dags/example_branch_operator.py
[2023-11-05T18:53:32.275+0000] {processor.py:829} INFO - Processing file /home/airflow/.local/lib/python3.8/site-packages/airflow/example_dags/example_branch_operator.py for tasks to queue
[2023-11-05T18:53:32.290+0000] {logging_mixin.py:151} INFO - [2023-11-05T18:53:32.290+0000] {dagbag.py:536} INFO - Filling up the DagBag from /home/airflow/.local/lib/python3.8/site-packages/airflow/example_dags/example_branch_operator.py
[2023-11-05T18:53:32.299+0000] {processor.py:839} INFO - DAG(s) dict_keys(['example_branch_operator']) retrieved from /home/airflow/.local/lib/python3.8/site-packages/airflow/example_dags/example_branch_operator.py
[2023-11-05T18:53:32.326+0000] {logging_mixin.py:151} INFO - [2023-11-05T18:53:32.326+0000] {dag.py:2941} INFO - Sync 1 DAGs
[2023-11-05T18:53:32.361+0000] {logging_mixin.py:151} INFO - [2023-11-05T18:53:32.361+0000] {dag.py:3722} INFO - Setting next_dagrun for example_branch_operator to 2023-11-04T00:00:00+00:00, run_after=2023-11-05T00:00:00+00:00
[2023-11-05T18:53:32.389+0000] {processor.py:179} INFO - Processing /home/airflow/.local/lib/python3.8/site-packages/airflow/example_dags/example_branch_operator.py took 0.125 seconds
[2023-11-05T18:54:06.369+0000] {processor.py:157} INFO - Started process (PID=446) to work on /home/airflow/.local/lib/python3.8/site-packages/airflow/example_dags/example_branch_operator.py
[2023-11-05T18:54:06.374+0000] {processor.py:829} INFO - Processing file /home/airflow/.local/lib/python3.8/site-packages/airflow/example_dags/example_branch_operator.py for tasks to queue
[2023-11-05T18:54:06.377+0000] {logging_mixin.py:151} INFO - [2023-11-05T18:54:06.376+0000] {dagbag.py:536} INFO - Filling up the DagBag from /home/airflow/.local/lib/python3.8/site-packages/airflow/example_dags/example_branch_operator.py
[2023-11-05T18:54:06.389+0000] {processor.py:839} INFO - DAG(s) dict_keys(['example_branch_operator']) retrieved from /home/airflow/.local/lib/python3.8/site-packages/airflow/example_dags/example_branch_operator.py
[2023-11-05T18:54:06.452+0000] {logging_mixin.py:151} INFO - [2023-11-05T18:54:06.451+0000] {dag.py:2941} INFO - Sync 1 DAGs
[2023-11-05T18:54:06.512+0000] {logging_mixin.py:151} INFO - [2023-11-05T18:54:06.512+0000] {dag.py:3722} INFO - Setting next_dagrun for example_branch_operator to 2023-11-04T00:00:00+00:00, run_after=2023-11-05T00:00:00+00:00
[2023-11-05T18:54:06.621+0000] {processor.py:179} INFO - Processing /home/airflow/.local/lib/python3.8/site-packages/airflow/example_dags/example_branch_operator.py took 0.255 seconds
[2023-11-05T18:54:36.853+0000] {processor.py:157} INFO - Started process (PID=500) to work on /home/airflow/.local/lib/python3.8/site-packages/airflow/example_dags/example_branch_operator.py
[2023-11-05T18:54:36.855+0000] {processor.py:829} INFO - Processing file /home/airflow/.local/lib/python3.8/site-packages/airflow/example_dags/example_branch_operator.py for tasks to queue
[2023-11-05T18:54:36.859+0000] {logging_mixin.py:151} INFO - [2023-11-05T18:54:36.858+0000] {dagbag.py:536} INFO - Filling up the DagBag from /home/airflow/.local/lib/python3.8/site-packages/airflow/example_dags/example_branch_operator.py
[2023-11-05T18:54:36.873+0000] {processor.py:839} INFO - DAG(s) dict_keys(['example_branch_operator']) retrieved from /home/airflow/.local/lib/python3.8/site-packages/airflow/example_dags/example_branch_operator.py
[2023-11-05T18:54:36.951+0000] {logging_mixin.py:151} INFO - [2023-11-05T18:54:36.950+0000] {dag.py:2941} INFO - Sync 1 DAGs
[2023-11-05T18:54:36.984+0000] {logging_mixin.py:151} INFO - [2023-11-05T18:54:36.983+0000] {dag.py:3722} INFO - Setting next_dagrun for example_branch_operator to 2023-11-04T00:00:00+00:00, run_after=2023-11-05T00:00:00+00:00
[2023-11-05T18:54:37.030+0000] {processor.py:179} INFO - Processing /home/airflow/.local/lib/python3.8/site-packages/airflow/example_dags/example_branch_operator.py took 0.181 seconds
