[2023-11-05T18:36:01.481+0000] {processor.py:157} INFO - Started process (PID=47) to work on /home/airflow/.local/lib/python3.8/site-packages/airflow/example_dags/example_setup_teardown_taskflow.py
[2023-11-05T18:36:01.490+0000] {processor.py:829} INFO - Processing file /home/airflow/.local/lib/python3.8/site-packages/airflow/example_dags/example_setup_teardown_taskflow.py for tasks to queue
[2023-11-05T18:36:01.500+0000] {logging_mixin.py:151} INFO - [2023-11-05T18:36:01.500+0000] {dagbag.py:536} INFO - Filling up the DagBag from /home/airflow/.local/lib/python3.8/site-packages/airflow/example_dags/example_setup_teardown_taskflow.py
[2023-11-05T18:36:01.669+0000] {processor.py:839} INFO - DAG(s) dict_keys(['example_setup_teardown_taskflow']) retrieved from /home/airflow/.local/lib/python3.8/site-packages/airflow/example_dags/example_setup_teardown_taskflow.py
[2023-11-05T18:36:01.756+0000] {logging_mixin.py:151} INFO - [2023-11-05T18:36:01.755+0000] {dag.py:2941} INFO - Sync 1 DAGs
[2023-11-05T18:36:01.801+0000] {logging_mixin.py:151} INFO - [2023-11-05T18:36:01.800+0000] {dag.py:3722} INFO - Setting next_dagrun for example_setup_teardown_taskflow to 2023-11-04T18:36:01.800412+00:00, run_after=2023-11-05T18:36:01.800412+00:00
[2023-11-05T18:36:01.901+0000] {processor.py:179} INFO - Processing /home/airflow/.local/lib/python3.8/site-packages/airflow/example_dags/example_setup_teardown_taskflow.py took 0.425 seconds
[2023-11-05T18:36:32.279+0000] {processor.py:157} INFO - Started process (PID=101) to work on /home/airflow/.local/lib/python3.8/site-packages/airflow/example_dags/example_setup_teardown_taskflow.py
[2023-11-05T18:36:32.285+0000] {processor.py:829} INFO - Processing file /home/airflow/.local/lib/python3.8/site-packages/airflow/example_dags/example_setup_teardown_taskflow.py for tasks to queue
[2023-11-05T18:36:32.287+0000] {logging_mixin.py:151} INFO - [2023-11-05T18:36:32.287+0000] {dagbag.py:536} INFO - Filling up the DagBag from /home/airflow/.local/lib/python3.8/site-packages/airflow/example_dags/example_setup_teardown_taskflow.py
[2023-11-05T18:36:32.310+0000] {processor.py:839} INFO - DAG(s) dict_keys(['example_setup_teardown_taskflow']) retrieved from /home/airflow/.local/lib/python3.8/site-packages/airflow/example_dags/example_setup_teardown_taskflow.py
[2023-11-05T18:36:32.359+0000] {logging_mixin.py:151} INFO - [2023-11-05T18:36:32.358+0000] {dag.py:2941} INFO - Sync 1 DAGs
[2023-11-05T18:36:32.381+0000] {logging_mixin.py:151} INFO - [2023-11-05T18:36:32.381+0000] {dag.py:3722} INFO - Setting next_dagrun for example_setup_teardown_taskflow to 2023-11-04T18:36:32.381551+00:00, run_after=2023-11-05T18:36:32.381551+00:00
[2023-11-05T18:36:32.521+0000] {processor.py:179} INFO - Processing /home/airflow/.local/lib/python3.8/site-packages/airflow/example_dags/example_setup_teardown_taskflow.py took 0.248 seconds
[2023-11-05T18:37:03.025+0000] {processor.py:157} INFO - Started process (PID=154) to work on /home/airflow/.local/lib/python3.8/site-packages/airflow/example_dags/example_setup_teardown_taskflow.py
[2023-11-05T18:37:03.032+0000] {processor.py:829} INFO - Processing file /home/airflow/.local/lib/python3.8/site-packages/airflow/example_dags/example_setup_teardown_taskflow.py for tasks to queue
[2023-11-05T18:37:03.035+0000] {logging_mixin.py:151} INFO - [2023-11-05T18:37:03.034+0000] {dagbag.py:536} INFO - Filling up the DagBag from /home/airflow/.local/lib/python3.8/site-packages/airflow/example_dags/example_setup_teardown_taskflow.py
[2023-11-05T18:37:03.045+0000] {processor.py:839} INFO - DAG(s) dict_keys(['example_setup_teardown_taskflow']) retrieved from /home/airflow/.local/lib/python3.8/site-packages/airflow/example_dags/example_setup_teardown_taskflow.py
[2023-11-05T18:37:03.116+0000] {logging_mixin.py:151} INFO - [2023-11-05T18:37:03.112+0000] {dag.py:2941} INFO - Sync 1 DAGs
[2023-11-05T18:37:03.159+0000] {logging_mixin.py:151} INFO - [2023-11-05T18:37:03.159+0000] {dag.py:3722} INFO - Setting next_dagrun for example_setup_teardown_taskflow to 2023-11-04T18:37:03.159523+00:00, run_after=2023-11-05T18:37:03.159523+00:00
[2023-11-05T18:37:03.243+0000] {processor.py:179} INFO - Processing /home/airflow/.local/lib/python3.8/site-packages/airflow/example_dags/example_setup_teardown_taskflow.py took 0.224 seconds
[2023-11-05T18:37:33.414+0000] {processor.py:157} INFO - Started process (PID=208) to work on /home/airflow/.local/lib/python3.8/site-packages/airflow/example_dags/example_setup_teardown_taskflow.py
[2023-11-05T18:37:33.421+0000] {processor.py:829} INFO - Processing file /home/airflow/.local/lib/python3.8/site-packages/airflow/example_dags/example_setup_teardown_taskflow.py for tasks to queue
[2023-11-05T18:37:33.433+0000] {logging_mixin.py:151} INFO - [2023-11-05T18:37:33.433+0000] {dagbag.py:536} INFO - Filling up the DagBag from /home/airflow/.local/lib/python3.8/site-packages/airflow/example_dags/example_setup_teardown_taskflow.py
[2023-11-05T18:37:33.455+0000] {processor.py:839} INFO - DAG(s) dict_keys(['example_setup_teardown_taskflow']) retrieved from /home/airflow/.local/lib/python3.8/site-packages/airflow/example_dags/example_setup_teardown_taskflow.py
[2023-11-05T18:37:33.535+0000] {logging_mixin.py:151} INFO - [2023-11-05T18:37:33.535+0000] {dag.py:2941} INFO - Sync 1 DAGs
[2023-11-05T18:37:33.569+0000] {logging_mixin.py:151} INFO - [2023-11-05T18:37:33.569+0000] {dag.py:3722} INFO - Setting next_dagrun for example_setup_teardown_taskflow to 2023-11-04T18:37:33.567800+00:00, run_after=2023-11-05T18:37:33.567800+00:00
[2023-11-05T18:37:33.664+0000] {processor.py:179} INFO - Processing /home/airflow/.local/lib/python3.8/site-packages/airflow/example_dags/example_setup_teardown_taskflow.py took 0.253 seconds
[2023-11-05T18:38:04.378+0000] {processor.py:157} INFO - Started process (PID=262) to work on /home/airflow/.local/lib/python3.8/site-packages/airflow/example_dags/example_setup_teardown_taskflow.py
[2023-11-05T18:38:04.387+0000] {processor.py:829} INFO - Processing file /home/airflow/.local/lib/python3.8/site-packages/airflow/example_dags/example_setup_teardown_taskflow.py for tasks to queue
[2023-11-05T18:38:04.391+0000] {logging_mixin.py:151} INFO - [2023-11-05T18:38:04.391+0000] {dagbag.py:536} INFO - Filling up the DagBag from /home/airflow/.local/lib/python3.8/site-packages/airflow/example_dags/example_setup_teardown_taskflow.py
[2023-11-05T18:38:04.403+0000] {processor.py:839} INFO - DAG(s) dict_keys(['example_setup_teardown_taskflow']) retrieved from /home/airflow/.local/lib/python3.8/site-packages/airflow/example_dags/example_setup_teardown_taskflow.py
[2023-11-05T18:38:04.471+0000] {logging_mixin.py:151} INFO - [2023-11-05T18:38:04.470+0000] {dag.py:2941} INFO - Sync 1 DAGs
[2023-11-05T18:38:04.503+0000] {logging_mixin.py:151} INFO - [2023-11-05T18:38:04.503+0000] {dag.py:3722} INFO - Setting next_dagrun for example_setup_teardown_taskflow to 2023-11-04T18:38:04.503277+00:00, run_after=2023-11-05T18:38:04.503277+00:00
[2023-11-05T18:38:04.565+0000] {processor.py:179} INFO - Processing /home/airflow/.local/lib/python3.8/site-packages/airflow/example_dags/example_setup_teardown_taskflow.py took 0.190 seconds
[2023-11-05T18:38:35.842+0000] {processor.py:157} INFO - Started process (PID=315) to work on /home/airflow/.local/lib/python3.8/site-packages/airflow/example_dags/example_setup_teardown_taskflow.py
[2023-11-05T18:38:35.864+0000] {processor.py:829} INFO - Processing file /home/airflow/.local/lib/python3.8/site-packages/airflow/example_dags/example_setup_teardown_taskflow.py for tasks to queue
[2023-11-05T18:38:35.873+0000] {logging_mixin.py:151} INFO - [2023-11-05T18:38:35.873+0000] {dagbag.py:536} INFO - Filling up the DagBag from /home/airflow/.local/lib/python3.8/site-packages/airflow/example_dags/example_setup_teardown_taskflow.py
[2023-11-05T18:38:35.891+0000] {processor.py:839} INFO - DAG(s) dict_keys(['example_setup_teardown_taskflow']) retrieved from /home/airflow/.local/lib/python3.8/site-packages/airflow/example_dags/example_setup_teardown_taskflow.py
[2023-11-05T18:38:36.092+0000] {logging_mixin.py:151} INFO - [2023-11-05T18:38:36.092+0000] {dag.py:2941} INFO - Sync 1 DAGs
[2023-11-05T18:38:36.145+0000] {logging_mixin.py:151} INFO - [2023-11-05T18:38:36.145+0000] {dag.py:3722} INFO - Setting next_dagrun for example_setup_teardown_taskflow to 2023-11-04T18:38:36.144994+00:00, run_after=2023-11-05T18:38:36.144994+00:00
[2023-11-05T18:38:36.218+0000] {processor.py:179} INFO - Processing /home/airflow/.local/lib/python3.8/site-packages/airflow/example_dags/example_setup_teardown_taskflow.py took 0.378 seconds
[2023-11-05T18:39:06.466+0000] {processor.py:157} INFO - Started process (PID=369) to work on /home/airflow/.local/lib/python3.8/site-packages/airflow/example_dags/example_setup_teardown_taskflow.py
[2023-11-05T18:39:06.471+0000] {processor.py:829} INFO - Processing file /home/airflow/.local/lib/python3.8/site-packages/airflow/example_dags/example_setup_teardown_taskflow.py for tasks to queue
[2023-11-05T18:39:06.482+0000] {logging_mixin.py:151} INFO - [2023-11-05T18:39:06.481+0000] {dagbag.py:536} INFO - Filling up the DagBag from /home/airflow/.local/lib/python3.8/site-packages/airflow/example_dags/example_setup_teardown_taskflow.py
[2023-11-05T18:39:06.502+0000] {processor.py:839} INFO - DAG(s) dict_keys(['example_setup_teardown_taskflow']) retrieved from /home/airflow/.local/lib/python3.8/site-packages/airflow/example_dags/example_setup_teardown_taskflow.py
[2023-11-05T18:39:06.582+0000] {logging_mixin.py:151} INFO - [2023-11-05T18:39:06.581+0000] {dag.py:2941} INFO - Sync 1 DAGs
[2023-11-05T18:39:06.630+0000] {logging_mixin.py:151} INFO - [2023-11-05T18:39:06.629+0000] {dag.py:3722} INFO - Setting next_dagrun for example_setup_teardown_taskflow to 2023-11-04T18:39:06.629594+00:00, run_after=2023-11-05T18:39:06.629594+00:00
[2023-11-05T18:39:06.749+0000] {processor.py:179} INFO - Processing /home/airflow/.local/lib/python3.8/site-packages/airflow/example_dags/example_setup_teardown_taskflow.py took 0.287 seconds
[2023-11-05T18:39:36.934+0000] {processor.py:157} INFO - Started process (PID=423) to work on /home/airflow/.local/lib/python3.8/site-packages/airflow/example_dags/example_setup_teardown_taskflow.py
[2023-11-05T18:39:36.942+0000] {processor.py:829} INFO - Processing file /home/airflow/.local/lib/python3.8/site-packages/airflow/example_dags/example_setup_teardown_taskflow.py for tasks to queue
[2023-11-05T18:39:36.950+0000] {logging_mixin.py:151} INFO - [2023-11-05T18:39:36.950+0000] {dagbag.py:536} INFO - Filling up the DagBag from /home/airflow/.local/lib/python3.8/site-packages/airflow/example_dags/example_setup_teardown_taskflow.py
[2023-11-05T18:39:36.968+0000] {processor.py:839} INFO - DAG(s) dict_keys(['example_setup_teardown_taskflow']) retrieved from /home/airflow/.local/lib/python3.8/site-packages/airflow/example_dags/example_setup_teardown_taskflow.py
[2023-11-05T18:39:37.055+0000] {logging_mixin.py:151} INFO - [2023-11-05T18:39:37.055+0000] {dag.py:2941} INFO - Sync 1 DAGs
[2023-11-05T18:39:37.080+0000] {logging_mixin.py:151} INFO - [2023-11-05T18:39:37.080+0000] {dag.py:3722} INFO - Setting next_dagrun for example_setup_teardown_taskflow to 2023-11-04T18:39:37.079861+00:00, run_after=2023-11-05T18:39:37.079861+00:00
[2023-11-05T18:39:37.138+0000] {processor.py:179} INFO - Processing /home/airflow/.local/lib/python3.8/site-packages/airflow/example_dags/example_setup_teardown_taskflow.py took 0.209 seconds
[2023-11-05T18:40:07.496+0000] {processor.py:157} INFO - Started process (PID=477) to work on /home/airflow/.local/lib/python3.8/site-packages/airflow/example_dags/example_setup_teardown_taskflow.py
[2023-11-05T18:40:07.505+0000] {processor.py:829} INFO - Processing file /home/airflow/.local/lib/python3.8/site-packages/airflow/example_dags/example_setup_teardown_taskflow.py for tasks to queue
[2023-11-05T18:40:07.512+0000] {logging_mixin.py:151} INFO - [2023-11-05T18:40:07.512+0000] {dagbag.py:536} INFO - Filling up the DagBag from /home/airflow/.local/lib/python3.8/site-packages/airflow/example_dags/example_setup_teardown_taskflow.py
[2023-11-05T18:40:07.528+0000] {processor.py:839} INFO - DAG(s) dict_keys(['example_setup_teardown_taskflow']) retrieved from /home/airflow/.local/lib/python3.8/site-packages/airflow/example_dags/example_setup_teardown_taskflow.py
[2023-11-05T18:40:07.597+0000] {logging_mixin.py:151} INFO - [2023-11-05T18:40:07.597+0000] {dag.py:2941} INFO - Sync 1 DAGs
[2023-11-05T18:40:07.643+0000] {logging_mixin.py:151} INFO - [2023-11-05T18:40:07.642+0000] {dag.py:3722} INFO - Setting next_dagrun for example_setup_teardown_taskflow to 2023-11-04T18:40:07.641560+00:00, run_after=2023-11-05T18:40:07.641560+00:00
[2023-11-05T18:40:07.710+0000] {processor.py:179} INFO - Processing /home/airflow/.local/lib/python3.8/site-packages/airflow/example_dags/example_setup_teardown_taskflow.py took 0.218 seconds
[2023-11-05T18:40:38.143+0000] {processor.py:157} INFO - Started process (PID=531) to work on /home/airflow/.local/lib/python3.8/site-packages/airflow/example_dags/example_setup_teardown_taskflow.py
[2023-11-05T18:40:38.152+0000] {processor.py:829} INFO - Processing file /home/airflow/.local/lib/python3.8/site-packages/airflow/example_dags/example_setup_teardown_taskflow.py for tasks to queue
[2023-11-05T18:40:38.162+0000] {logging_mixin.py:151} INFO - [2023-11-05T18:40:38.162+0000] {dagbag.py:536} INFO - Filling up the DagBag from /home/airflow/.local/lib/python3.8/site-packages/airflow/example_dags/example_setup_teardown_taskflow.py
[2023-11-05T18:40:38.185+0000] {processor.py:839} INFO - DAG(s) dict_keys(['example_setup_teardown_taskflow']) retrieved from /home/airflow/.local/lib/python3.8/site-packages/airflow/example_dags/example_setup_teardown_taskflow.py
[2023-11-05T18:40:38.243+0000] {logging_mixin.py:151} INFO - [2023-11-05T18:40:38.242+0000] {dag.py:2941} INFO - Sync 1 DAGs
[2023-11-05T18:40:38.284+0000] {logging_mixin.py:151} INFO - [2023-11-05T18:40:38.283+0000] {dag.py:3722} INFO - Setting next_dagrun for example_setup_teardown_taskflow to 2023-11-04T18:40:38.283340+00:00, run_after=2023-11-05T18:40:38.283340+00:00
[2023-11-05T18:40:38.349+0000] {processor.py:179} INFO - Processing /home/airflow/.local/lib/python3.8/site-packages/airflow/example_dags/example_setup_teardown_taskflow.py took 0.214 seconds
[2023-11-05T18:41:08.668+0000] {processor.py:157} INFO - Started process (PID=585) to work on /home/airflow/.local/lib/python3.8/site-packages/airflow/example_dags/example_setup_teardown_taskflow.py
[2023-11-05T18:41:08.675+0000] {processor.py:829} INFO - Processing file /home/airflow/.local/lib/python3.8/site-packages/airflow/example_dags/example_setup_teardown_taskflow.py for tasks to queue
[2023-11-05T18:41:08.687+0000] {logging_mixin.py:151} INFO - [2023-11-05T18:41:08.687+0000] {dagbag.py:536} INFO - Filling up the DagBag from /home/airflow/.local/lib/python3.8/site-packages/airflow/example_dags/example_setup_teardown_taskflow.py
[2023-11-05T18:41:08.719+0000] {processor.py:839} INFO - DAG(s) dict_keys(['example_setup_teardown_taskflow']) retrieved from /home/airflow/.local/lib/python3.8/site-packages/airflow/example_dags/example_setup_teardown_taskflow.py
[2023-11-05T18:41:08.773+0000] {logging_mixin.py:151} INFO - [2023-11-05T18:41:08.772+0000] {dag.py:2941} INFO - Sync 1 DAGs
[2023-11-05T18:41:08.799+0000] {logging_mixin.py:151} INFO - [2023-11-05T18:41:08.799+0000] {dag.py:3722} INFO - Setting next_dagrun for example_setup_teardown_taskflow to 2023-11-04T18:41:08.799222+00:00, run_after=2023-11-05T18:41:08.799222+00:00
[2023-11-05T18:41:08.877+0000] {processor.py:179} INFO - Processing /home/airflow/.local/lib/python3.8/site-packages/airflow/example_dags/example_setup_teardown_taskflow.py took 0.213 seconds
[2023-11-05T18:41:39.739+0000] {processor.py:157} INFO - Started process (PID=639) to work on /home/airflow/.local/lib/python3.8/site-packages/airflow/example_dags/example_setup_teardown_taskflow.py
[2023-11-05T18:41:39.741+0000] {processor.py:829} INFO - Processing file /home/airflow/.local/lib/python3.8/site-packages/airflow/example_dags/example_setup_teardown_taskflow.py for tasks to queue
[2023-11-05T18:41:39.747+0000] {logging_mixin.py:151} INFO - [2023-11-05T18:41:39.747+0000] {dagbag.py:536} INFO - Filling up the DagBag from /home/airflow/.local/lib/python3.8/site-packages/airflow/example_dags/example_setup_teardown_taskflow.py
[2023-11-05T18:41:39.764+0000] {processor.py:839} INFO - DAG(s) dict_keys(['example_setup_teardown_taskflow']) retrieved from /home/airflow/.local/lib/python3.8/site-packages/airflow/example_dags/example_setup_teardown_taskflow.py
[2023-11-05T18:41:39.822+0000] {logging_mixin.py:151} INFO - [2023-11-05T18:41:39.821+0000] {dag.py:2941} INFO - Sync 1 DAGs
[2023-11-05T18:41:39.856+0000] {logging_mixin.py:151} INFO - [2023-11-05T18:41:39.856+0000] {dag.py:3722} INFO - Setting next_dagrun for example_setup_teardown_taskflow to 2023-11-04T18:41:39.856669+00:00, run_after=2023-11-05T18:41:39.856669+00:00
[2023-11-05T18:41:39.956+0000] {processor.py:179} INFO - Processing /home/airflow/.local/lib/python3.8/site-packages/airflow/example_dags/example_setup_teardown_taskflow.py took 0.219 seconds
[2023-11-05T18:42:10.166+0000] {processor.py:157} INFO - Started process (PID=692) to work on /home/airflow/.local/lib/python3.8/site-packages/airflow/example_dags/example_setup_teardown_taskflow.py
[2023-11-05T18:42:10.180+0000] {processor.py:829} INFO - Processing file /home/airflow/.local/lib/python3.8/site-packages/airflow/example_dags/example_setup_teardown_taskflow.py for tasks to queue
[2023-11-05T18:42:10.193+0000] {logging_mixin.py:151} INFO - [2023-11-05T18:42:10.193+0000] {dagbag.py:536} INFO - Filling up the DagBag from /home/airflow/.local/lib/python3.8/site-packages/airflow/example_dags/example_setup_teardown_taskflow.py
[2023-11-05T18:42:10.221+0000] {processor.py:839} INFO - DAG(s) dict_keys(['example_setup_teardown_taskflow']) retrieved from /home/airflow/.local/lib/python3.8/site-packages/airflow/example_dags/example_setup_teardown_taskflow.py
[2023-11-05T18:42:10.294+0000] {logging_mixin.py:151} INFO - [2023-11-05T18:42:10.294+0000] {dag.py:2941} INFO - Sync 1 DAGs
[2023-11-05T18:42:10.341+0000] {logging_mixin.py:151} INFO - [2023-11-05T18:42:10.340+0000] {dag.py:3722} INFO - Setting next_dagrun for example_setup_teardown_taskflow to 2023-11-04T18:42:10.340433+00:00, run_after=2023-11-05T18:42:10.340433+00:00
[2023-11-05T18:42:10.394+0000] {processor.py:179} INFO - Processing /home/airflow/.local/lib/python3.8/site-packages/airflow/example_dags/example_setup_teardown_taskflow.py took 0.230 seconds
[2023-11-05T18:42:41.374+0000] {processor.py:157} INFO - Started process (PID=746) to work on /home/airflow/.local/lib/python3.8/site-packages/airflow/example_dags/example_setup_teardown_taskflow.py
[2023-11-05T18:42:41.384+0000] {processor.py:829} INFO - Processing file /home/airflow/.local/lib/python3.8/site-packages/airflow/example_dags/example_setup_teardown_taskflow.py for tasks to queue
[2023-11-05T18:42:41.389+0000] {logging_mixin.py:151} INFO - [2023-11-05T18:42:41.388+0000] {dagbag.py:536} INFO - Filling up the DagBag from /home/airflow/.local/lib/python3.8/site-packages/airflow/example_dags/example_setup_teardown_taskflow.py
[2023-11-05T18:42:41.417+0000] {processor.py:839} INFO - DAG(s) dict_keys(['example_setup_teardown_taskflow']) retrieved from /home/airflow/.local/lib/python3.8/site-packages/airflow/example_dags/example_setup_teardown_taskflow.py
[2023-11-05T18:42:41.471+0000] {logging_mixin.py:151} INFO - [2023-11-05T18:42:41.470+0000] {dag.py:2941} INFO - Sync 1 DAGs
[2023-11-05T18:42:41.515+0000] {logging_mixin.py:151} INFO - [2023-11-05T18:42:41.514+0000] {dag.py:3722} INFO - Setting next_dagrun for example_setup_teardown_taskflow to 2023-11-04T18:42:41.514379+00:00, run_after=2023-11-05T18:42:41.514379+00:00
[2023-11-05T18:42:41.633+0000] {processor.py:179} INFO - Processing /home/airflow/.local/lib/python3.8/site-packages/airflow/example_dags/example_setup_teardown_taskflow.py took 0.262 seconds
[2023-11-05T18:43:12.520+0000] {processor.py:157} INFO - Started process (PID=800) to work on /home/airflow/.local/lib/python3.8/site-packages/airflow/example_dags/example_setup_teardown_taskflow.py
[2023-11-05T18:43:12.527+0000] {processor.py:829} INFO - Processing file /home/airflow/.local/lib/python3.8/site-packages/airflow/example_dags/example_setup_teardown_taskflow.py for tasks to queue
[2023-11-05T18:43:12.536+0000] {logging_mixin.py:151} INFO - [2023-11-05T18:43:12.536+0000] {dagbag.py:536} INFO - Filling up the DagBag from /home/airflow/.local/lib/python3.8/site-packages/airflow/example_dags/example_setup_teardown_taskflow.py
[2023-11-05T18:43:12.551+0000] {processor.py:839} INFO - DAG(s) dict_keys(['example_setup_teardown_taskflow']) retrieved from /home/airflow/.local/lib/python3.8/site-packages/airflow/example_dags/example_setup_teardown_taskflow.py
[2023-11-05T18:43:12.619+0000] {logging_mixin.py:151} INFO - [2023-11-05T18:43:12.619+0000] {dag.py:2941} INFO - Sync 1 DAGs
[2023-11-05T18:43:12.661+0000] {logging_mixin.py:151} INFO - [2023-11-05T18:43:12.661+0000] {dag.py:3722} INFO - Setting next_dagrun for example_setup_teardown_taskflow to 2023-11-04T18:43:12.661221+00:00, run_after=2023-11-05T18:43:12.661221+00:00
[2023-11-05T18:43:12.752+0000] {processor.py:179} INFO - Processing /home/airflow/.local/lib/python3.8/site-packages/airflow/example_dags/example_setup_teardown_taskflow.py took 0.236 seconds
[2023-11-05T18:43:43.083+0000] {processor.py:157} INFO - Started process (PID=860) to work on /home/airflow/.local/lib/python3.8/site-packages/airflow/example_dags/example_setup_teardown_taskflow.py
[2023-11-05T18:43:43.083+0000] {processor.py:829} INFO - Processing file /home/airflow/.local/lib/python3.8/site-packages/airflow/example_dags/example_setup_teardown_taskflow.py for tasks to queue
[2023-11-05T18:43:43.085+0000] {logging_mixin.py:151} INFO - [2023-11-05T18:43:43.085+0000] {dagbag.py:536} INFO - Filling up the DagBag from /home/airflow/.local/lib/python3.8/site-packages/airflow/example_dags/example_setup_teardown_taskflow.py
[2023-11-05T18:43:43.091+0000] {processor.py:839} INFO - DAG(s) dict_keys(['example_setup_teardown_taskflow']) retrieved from /home/airflow/.local/lib/python3.8/site-packages/airflow/example_dags/example_setup_teardown_taskflow.py
[2023-11-05T18:43:43.115+0000] {logging_mixin.py:151} INFO - [2023-11-05T18:43:43.114+0000] {dag.py:2941} INFO - Sync 1 DAGs
[2023-11-05T18:43:43.130+0000] {logging_mixin.py:151} INFO - [2023-11-05T18:43:43.130+0000] {dag.py:3722} INFO - Setting next_dagrun for example_setup_teardown_taskflow to 2023-11-04T18:43:43.129630+00:00, run_after=2023-11-05T18:43:43.129630+00:00
[2023-11-05T18:43:43.147+0000] {processor.py:179} INFO - Processing /home/airflow/.local/lib/python3.8/site-packages/airflow/example_dags/example_setup_teardown_taskflow.py took 0.067 seconds
[2023-11-05T18:44:13.629+0000] {processor.py:157} INFO - Started process (PID=914) to work on /home/airflow/.local/lib/python3.8/site-packages/airflow/example_dags/example_setup_teardown_taskflow.py
[2023-11-05T18:44:13.633+0000] {processor.py:829} INFO - Processing file /home/airflow/.local/lib/python3.8/site-packages/airflow/example_dags/example_setup_teardown_taskflow.py for tasks to queue
[2023-11-05T18:44:13.637+0000] {logging_mixin.py:151} INFO - [2023-11-05T18:44:13.636+0000] {dagbag.py:536} INFO - Filling up the DagBag from /home/airflow/.local/lib/python3.8/site-packages/airflow/example_dags/example_setup_teardown_taskflow.py
[2023-11-05T18:44:13.649+0000] {processor.py:839} INFO - DAG(s) dict_keys(['example_setup_teardown_taskflow']) retrieved from /home/airflow/.local/lib/python3.8/site-packages/airflow/example_dags/example_setup_teardown_taskflow.py
[2023-11-05T18:44:13.680+0000] {logging_mixin.py:151} INFO - [2023-11-05T18:44:13.679+0000] {dag.py:2941} INFO - Sync 1 DAGs
[2023-11-05T18:44:13.697+0000] {logging_mixin.py:151} INFO - [2023-11-05T18:44:13.696+0000] {dag.py:3722} INFO - Setting next_dagrun for example_setup_teardown_taskflow to 2023-11-04T18:44:13.696795+00:00, run_after=2023-11-05T18:44:13.696795+00:00
[2023-11-05T18:44:13.723+0000] {processor.py:179} INFO - Processing /home/airflow/.local/lib/python3.8/site-packages/airflow/example_dags/example_setup_teardown_taskflow.py took 0.100 seconds
[2023-11-05T18:44:43.910+0000] {processor.py:157} INFO - Started process (PID=967) to work on /home/airflow/.local/lib/python3.8/site-packages/airflow/example_dags/example_setup_teardown_taskflow.py
[2023-11-05T18:44:43.914+0000] {processor.py:829} INFO - Processing file /home/airflow/.local/lib/python3.8/site-packages/airflow/example_dags/example_setup_teardown_taskflow.py for tasks to queue
[2023-11-05T18:44:43.920+0000] {logging_mixin.py:151} INFO - [2023-11-05T18:44:43.920+0000] {dagbag.py:536} INFO - Filling up the DagBag from /home/airflow/.local/lib/python3.8/site-packages/airflow/example_dags/example_setup_teardown_taskflow.py
[2023-11-05T18:44:43.929+0000] {processor.py:839} INFO - DAG(s) dict_keys(['example_setup_teardown_taskflow']) retrieved from /home/airflow/.local/lib/python3.8/site-packages/airflow/example_dags/example_setup_teardown_taskflow.py
[2023-11-05T18:44:43.950+0000] {logging_mixin.py:151} INFO - [2023-11-05T18:44:43.950+0000] {dag.py:2941} INFO - Sync 1 DAGs
[2023-11-05T18:44:43.965+0000] {logging_mixin.py:151} INFO - [2023-11-05T18:44:43.964+0000] {dag.py:3722} INFO - Setting next_dagrun for example_setup_teardown_taskflow to 2023-11-04T18:44:43.964760+00:00, run_after=2023-11-05T18:44:43.964760+00:00
[2023-11-05T18:44:43.988+0000] {processor.py:179} INFO - Processing /home/airflow/.local/lib/python3.8/site-packages/airflow/example_dags/example_setup_teardown_taskflow.py took 0.080 seconds
[2023-11-05T18:46:10.866+0000] {processor.py:157} INFO - Started process (PID=47) to work on /home/airflow/.local/lib/python3.8/site-packages/airflow/example_dags/example_setup_teardown_taskflow.py
[2023-11-05T18:46:10.869+0000] {processor.py:829} INFO - Processing file /home/airflow/.local/lib/python3.8/site-packages/airflow/example_dags/example_setup_teardown_taskflow.py for tasks to queue
[2023-11-05T18:46:10.873+0000] {logging_mixin.py:151} INFO - [2023-11-05T18:46:10.873+0000] {dagbag.py:536} INFO - Filling up the DagBag from /home/airflow/.local/lib/python3.8/site-packages/airflow/example_dags/example_setup_teardown_taskflow.py
[2023-11-05T18:46:10.897+0000] {processor.py:839} INFO - DAG(s) dict_keys(['example_setup_teardown_taskflow']) retrieved from /home/airflow/.local/lib/python3.8/site-packages/airflow/example_dags/example_setup_teardown_taskflow.py
[2023-11-05T18:46:10.938+0000] {logging_mixin.py:151} INFO - [2023-11-05T18:46:10.938+0000] {dag.py:2941} INFO - Sync 1 DAGs
[2023-11-05T18:46:11.008+0000] {logging_mixin.py:151} INFO - [2023-11-05T18:46:11.007+0000] {dag.py:3722} INFO - Setting next_dagrun for example_setup_teardown_taskflow to 2023-11-04T18:46:11.006672+00:00, run_after=2023-11-05T18:46:11.006672+00:00
[2023-11-05T18:46:11.039+0000] {processor.py:179} INFO - Processing /home/airflow/.local/lib/python3.8/site-packages/airflow/example_dags/example_setup_teardown_taskflow.py took 0.192 seconds
[2023-11-05T18:46:41.419+0000] {processor.py:157} INFO - Started process (PID=101) to work on /home/airflow/.local/lib/python3.8/site-packages/airflow/example_dags/example_setup_teardown_taskflow.py
[2023-11-05T18:46:41.425+0000] {processor.py:829} INFO - Processing file /home/airflow/.local/lib/python3.8/site-packages/airflow/example_dags/example_setup_teardown_taskflow.py for tasks to queue
[2023-11-05T18:46:41.432+0000] {logging_mixin.py:151} INFO - [2023-11-05T18:46:41.430+0000] {dagbag.py:536} INFO - Filling up the DagBag from /home/airflow/.local/lib/python3.8/site-packages/airflow/example_dags/example_setup_teardown_taskflow.py
[2023-11-05T18:46:41.447+0000] {processor.py:839} INFO - DAG(s) dict_keys(['example_setup_teardown_taskflow']) retrieved from /home/airflow/.local/lib/python3.8/site-packages/airflow/example_dags/example_setup_teardown_taskflow.py
[2023-11-05T18:46:41.488+0000] {logging_mixin.py:151} INFO - [2023-11-05T18:46:41.487+0000] {dag.py:2941} INFO - Sync 1 DAGs
[2023-11-05T18:46:41.523+0000] {logging_mixin.py:151} INFO - [2023-11-05T18:46:41.523+0000] {dag.py:3722} INFO - Setting next_dagrun for example_setup_teardown_taskflow to 2023-11-04T18:46:41.522939+00:00, run_after=2023-11-05T18:46:41.522939+00:00
[2023-11-05T18:46:41.587+0000] {processor.py:179} INFO - Processing /home/airflow/.local/lib/python3.8/site-packages/airflow/example_dags/example_setup_teardown_taskflow.py took 0.173 seconds
[2023-11-05T18:47:11.873+0000] {processor.py:157} INFO - Started process (PID=155) to work on /home/airflow/.local/lib/python3.8/site-packages/airflow/example_dags/example_setup_teardown_taskflow.py
[2023-11-05T18:47:11.875+0000] {processor.py:829} INFO - Processing file /home/airflow/.local/lib/python3.8/site-packages/airflow/example_dags/example_setup_teardown_taskflow.py for tasks to queue
[2023-11-05T18:47:11.879+0000] {logging_mixin.py:151} INFO - [2023-11-05T18:47:11.879+0000] {dagbag.py:536} INFO - Filling up the DagBag from /home/airflow/.local/lib/python3.8/site-packages/airflow/example_dags/example_setup_teardown_taskflow.py
[2023-11-05T18:47:11.905+0000] {processor.py:839} INFO - DAG(s) dict_keys(['example_setup_teardown_taskflow']) retrieved from /home/airflow/.local/lib/python3.8/site-packages/airflow/example_dags/example_setup_teardown_taskflow.py
[2023-11-05T18:47:12.014+0000] {logging_mixin.py:151} INFO - [2023-11-05T18:47:12.014+0000] {dag.py:2941} INFO - Sync 1 DAGs
[2023-11-05T18:47:12.083+0000] {logging_mixin.py:151} INFO - [2023-11-05T18:47:12.077+0000] {dag.py:3722} INFO - Setting next_dagrun for example_setup_teardown_taskflow to 2023-11-04T18:47:12.075469+00:00, run_after=2023-11-05T18:47:12.075469+00:00
[2023-11-05T18:47:12.175+0000] {processor.py:179} INFO - Processing /home/airflow/.local/lib/python3.8/site-packages/airflow/example_dags/example_setup_teardown_taskflow.py took 0.324 seconds
[2023-11-05T18:47:42.719+0000] {processor.py:157} INFO - Started process (PID=209) to work on /home/airflow/.local/lib/python3.8/site-packages/airflow/example_dags/example_setup_teardown_taskflow.py
[2023-11-05T18:47:42.721+0000] {processor.py:829} INFO - Processing file /home/airflow/.local/lib/python3.8/site-packages/airflow/example_dags/example_setup_teardown_taskflow.py for tasks to queue
[2023-11-05T18:47:42.723+0000] {logging_mixin.py:151} INFO - [2023-11-05T18:47:42.723+0000] {dagbag.py:536} INFO - Filling up the DagBag from /home/airflow/.local/lib/python3.8/site-packages/airflow/example_dags/example_setup_teardown_taskflow.py
[2023-11-05T18:47:42.729+0000] {processor.py:839} INFO - DAG(s) dict_keys(['example_setup_teardown_taskflow']) retrieved from /home/airflow/.local/lib/python3.8/site-packages/airflow/example_dags/example_setup_teardown_taskflow.py
[2023-11-05T18:47:42.768+0000] {logging_mixin.py:151} INFO - [2023-11-05T18:47:42.768+0000] {dag.py:2941} INFO - Sync 1 DAGs
[2023-11-05T18:47:42.792+0000] {logging_mixin.py:151} INFO - [2023-11-05T18:47:42.792+0000] {dag.py:3722} INFO - Setting next_dagrun for example_setup_teardown_taskflow to 2023-11-04T18:47:42.792066+00:00, run_after=2023-11-05T18:47:42.792066+00:00
[2023-11-05T18:47:42.828+0000] {processor.py:179} INFO - Processing /home/airflow/.local/lib/python3.8/site-packages/airflow/example_dags/example_setup_teardown_taskflow.py took 0.113 seconds
[2023-11-05T18:48:13.666+0000] {processor.py:157} INFO - Started process (PID=263) to work on /home/airflow/.local/lib/python3.8/site-packages/airflow/example_dags/example_setup_teardown_taskflow.py
[2023-11-05T18:48:13.667+0000] {processor.py:829} INFO - Processing file /home/airflow/.local/lib/python3.8/site-packages/airflow/example_dags/example_setup_teardown_taskflow.py for tasks to queue
[2023-11-05T18:48:13.671+0000] {logging_mixin.py:151} INFO - [2023-11-05T18:48:13.669+0000] {dagbag.py:536} INFO - Filling up the DagBag from /home/airflow/.local/lib/python3.8/site-packages/airflow/example_dags/example_setup_teardown_taskflow.py
[2023-11-05T18:48:13.676+0000] {processor.py:839} INFO - DAG(s) dict_keys(['example_setup_teardown_taskflow']) retrieved from /home/airflow/.local/lib/python3.8/site-packages/airflow/example_dags/example_setup_teardown_taskflow.py
[2023-11-05T18:48:13.725+0000] {logging_mixin.py:151} INFO - [2023-11-05T18:48:13.725+0000] {dag.py:2941} INFO - Sync 1 DAGs
[2023-11-05T18:48:13.757+0000] {logging_mixin.py:151} INFO - [2023-11-05T18:48:13.757+0000] {dag.py:3722} INFO - Setting next_dagrun for example_setup_teardown_taskflow to 2023-11-04T18:48:13.757310+00:00, run_after=2023-11-05T18:48:13.757310+00:00
[2023-11-05T18:48:13.789+0000] {processor.py:179} INFO - Processing /home/airflow/.local/lib/python3.8/site-packages/airflow/example_dags/example_setup_teardown_taskflow.py took 0.126 seconds
[2023-11-05T18:48:44.215+0000] {processor.py:157} INFO - Started process (PID=317) to work on /home/airflow/.local/lib/python3.8/site-packages/airflow/example_dags/example_setup_teardown_taskflow.py
[2023-11-05T18:48:44.220+0000] {processor.py:829} INFO - Processing file /home/airflow/.local/lib/python3.8/site-packages/airflow/example_dags/example_setup_teardown_taskflow.py for tasks to queue
[2023-11-05T18:48:44.226+0000] {logging_mixin.py:151} INFO - [2023-11-05T18:48:44.226+0000] {dagbag.py:536} INFO - Filling up the DagBag from /home/airflow/.local/lib/python3.8/site-packages/airflow/example_dags/example_setup_teardown_taskflow.py
[2023-11-05T18:48:44.241+0000] {processor.py:839} INFO - DAG(s) dict_keys(['example_setup_teardown_taskflow']) retrieved from /home/airflow/.local/lib/python3.8/site-packages/airflow/example_dags/example_setup_teardown_taskflow.py
[2023-11-05T18:48:44.288+0000] {logging_mixin.py:151} INFO - [2023-11-05T18:48:44.288+0000] {dag.py:2941} INFO - Sync 1 DAGs
[2023-11-05T18:48:44.333+0000] {logging_mixin.py:151} INFO - [2023-11-05T18:48:44.333+0000] {dag.py:3722} INFO - Setting next_dagrun for example_setup_teardown_taskflow to 2023-11-04T18:48:44.332709+00:00, run_after=2023-11-05T18:48:44.332709+00:00
[2023-11-05T18:48:44.380+0000] {processor.py:179} INFO - Processing /home/airflow/.local/lib/python3.8/site-packages/airflow/example_dags/example_setup_teardown_taskflow.py took 0.168 seconds
[2023-11-05T18:53:31.017+0000] {processor.py:157} INFO - Started process (PID=371) to work on /home/airflow/.local/lib/python3.8/site-packages/airflow/example_dags/example_setup_teardown_taskflow.py
[2023-11-05T18:53:31.018+0000] {processor.py:829} INFO - Processing file /home/airflow/.local/lib/python3.8/site-packages/airflow/example_dags/example_setup_teardown_taskflow.py for tasks to queue
[2023-11-05T18:53:31.021+0000] {logging_mixin.py:151} INFO - [2023-11-05T18:53:31.021+0000] {dagbag.py:536} INFO - Filling up the DagBag from /home/airflow/.local/lib/python3.8/site-packages/airflow/example_dags/example_setup_teardown_taskflow.py
[2023-11-05T18:53:31.043+0000] {processor.py:839} INFO - DAG(s) dict_keys(['example_setup_teardown_taskflow']) retrieved from /home/airflow/.local/lib/python3.8/site-packages/airflow/example_dags/example_setup_teardown_taskflow.py
[2023-11-05T18:53:31.067+0000] {logging_mixin.py:151} INFO - [2023-11-05T18:53:31.067+0000] {dag.py:2941} INFO - Sync 1 DAGs
[2023-11-05T18:53:31.092+0000] {logging_mixin.py:151} INFO - [2023-11-05T18:53:31.092+0000] {dag.py:3722} INFO - Setting next_dagrun for example_setup_teardown_taskflow to 2023-11-04T18:53:31.091770+00:00, run_after=2023-11-05T18:53:31.091770+00:00
[2023-11-05T18:53:31.110+0000] {processor.py:179} INFO - Processing /home/airflow/.local/lib/python3.8/site-packages/airflow/example_dags/example_setup_teardown_taskflow.py took 0.098 seconds
[2023-11-05T18:54:01.581+0000] {processor.py:157} INFO - Started process (PID=425) to work on /home/airflow/.local/lib/python3.8/site-packages/airflow/example_dags/example_setup_teardown_taskflow.py
[2023-11-05T18:54:01.583+0000] {processor.py:829} INFO - Processing file /home/airflow/.local/lib/python3.8/site-packages/airflow/example_dags/example_setup_teardown_taskflow.py for tasks to queue
[2023-11-05T18:54:01.585+0000] {logging_mixin.py:151} INFO - [2023-11-05T18:54:01.584+0000] {dagbag.py:536} INFO - Filling up the DagBag from /home/airflow/.local/lib/python3.8/site-packages/airflow/example_dags/example_setup_teardown_taskflow.py
[2023-11-05T18:54:01.592+0000] {processor.py:839} INFO - DAG(s) dict_keys(['example_setup_teardown_taskflow']) retrieved from /home/airflow/.local/lib/python3.8/site-packages/airflow/example_dags/example_setup_teardown_taskflow.py
[2023-11-05T18:54:01.611+0000] {logging_mixin.py:151} INFO - [2023-11-05T18:54:01.611+0000] {dag.py:2941} INFO - Sync 1 DAGs
[2023-11-05T18:54:01.640+0000] {logging_mixin.py:151} INFO - [2023-11-05T18:54:01.640+0000] {dag.py:3722} INFO - Setting next_dagrun for example_setup_teardown_taskflow to 2023-11-04T18:54:01.639933+00:00, run_after=2023-11-05T18:54:01.639933+00:00
[2023-11-05T18:54:01.687+0000] {processor.py:179} INFO - Processing /home/airflow/.local/lib/python3.8/site-packages/airflow/example_dags/example_setup_teardown_taskflow.py took 0.110 seconds
[2023-11-05T18:54:32.205+0000] {processor.py:157} INFO - Started process (PID=479) to work on /home/airflow/.local/lib/python3.8/site-packages/airflow/example_dags/example_setup_teardown_taskflow.py
[2023-11-05T18:54:32.207+0000] {processor.py:829} INFO - Processing file /home/airflow/.local/lib/python3.8/site-packages/airflow/example_dags/example_setup_teardown_taskflow.py for tasks to queue
[2023-11-05T18:54:32.209+0000] {logging_mixin.py:151} INFO - [2023-11-05T18:54:32.209+0000] {dagbag.py:536} INFO - Filling up the DagBag from /home/airflow/.local/lib/python3.8/site-packages/airflow/example_dags/example_setup_teardown_taskflow.py
[2023-11-05T18:54:32.215+0000] {processor.py:839} INFO - DAG(s) dict_keys(['example_setup_teardown_taskflow']) retrieved from /home/airflow/.local/lib/python3.8/site-packages/airflow/example_dags/example_setup_teardown_taskflow.py
[2023-11-05T18:54:32.236+0000] {logging_mixin.py:151} INFO - [2023-11-05T18:54:32.236+0000] {dag.py:2941} INFO - Sync 1 DAGs
[2023-11-05T18:54:32.254+0000] {logging_mixin.py:151} INFO - [2023-11-05T18:54:32.254+0000] {dag.py:3722} INFO - Setting next_dagrun for example_setup_teardown_taskflow to 2023-11-04T18:54:32.254145+00:00, run_after=2023-11-05T18:54:32.254145+00:00
[2023-11-05T18:54:32.286+0000] {processor.py:179} INFO - Processing /home/airflow/.local/lib/python3.8/site-packages/airflow/example_dags/example_setup_teardown_taskflow.py took 0.083 seconds
