[2023-11-05T18:36:09.711+0000] {processor.py:157} INFO - Started process (PID=80) to work on /home/airflow/.local/lib/python3.8/site-packages/airflow/example_dags/example_branch_labels.py
[2023-11-05T18:36:09.725+0000] {processor.py:829} INFO - Processing file /home/airflow/.local/lib/python3.8/site-packages/airflow/example_dags/example_branch_labels.py for tasks to queue
[2023-11-05T18:36:09.741+0000] {logging_mixin.py:151} INFO - [2023-11-05T18:36:09.739+0000] {dagbag.py:536} INFO - Filling up the DagBag from /home/airflow/.local/lib/python3.8/site-packages/airflow/example_dags/example_branch_labels.py
[2023-11-05T18:36:09.786+0000] {processor.py:839} INFO - DAG(s) dict_keys(['example_branch_labels']) retrieved from /home/airflow/.local/lib/python3.8/site-packages/airflow/example_dags/example_branch_labels.py
[2023-11-05T18:36:09.917+0000] {logging_mixin.py:151} INFO - [2023-11-05T18:36:09.917+0000] {dag.py:2941} INFO - Sync 1 DAGs
[2023-11-05T18:36:09.953+0000] {logging_mixin.py:151} INFO - [2023-11-05T18:36:09.953+0000] {dag.py:3722} INFO - Setting next_dagrun for example_branch_labels to 2023-11-04T00:00:00+00:00, run_after=2023-11-05T00:00:00+00:00
[2023-11-05T18:36:10.084+0000] {processor.py:179} INFO - Processing /home/airflow/.local/lib/python3.8/site-packages/airflow/example_dags/example_branch_labels.py took 0.379 seconds
[2023-11-05T18:36:40.409+0000] {processor.py:157} INFO - Started process (PID=133) to work on /home/airflow/.local/lib/python3.8/site-packages/airflow/example_dags/example_branch_labels.py
[2023-11-05T18:36:40.472+0000] {processor.py:829} INFO - Processing file /home/airflow/.local/lib/python3.8/site-packages/airflow/example_dags/example_branch_labels.py for tasks to queue
[2023-11-05T18:36:40.490+0000] {logging_mixin.py:151} INFO - [2023-11-05T18:36:40.489+0000] {dagbag.py:536} INFO - Filling up the DagBag from /home/airflow/.local/lib/python3.8/site-packages/airflow/example_dags/example_branch_labels.py
[2023-11-05T18:36:40.511+0000] {processor.py:839} INFO - DAG(s) dict_keys(['example_branch_labels']) retrieved from /home/airflow/.local/lib/python3.8/site-packages/airflow/example_dags/example_branch_labels.py
[2023-11-05T18:36:40.607+0000] {logging_mixin.py:151} INFO - [2023-11-05T18:36:40.607+0000] {dag.py:2941} INFO - Sync 1 DAGs
[2023-11-05T18:36:40.634+0000] {logging_mixin.py:151} INFO - [2023-11-05T18:36:40.634+0000] {dag.py:3722} INFO - Setting next_dagrun for example_branch_labels to 2023-11-04T00:00:00+00:00, run_after=2023-11-05T00:00:00+00:00
[2023-11-05T18:36:40.723+0000] {processor.py:179} INFO - Processing /home/airflow/.local/lib/python3.8/site-packages/airflow/example_dags/example_branch_labels.py took 0.316 seconds
[2023-11-05T18:37:11.715+0000] {processor.py:157} INFO - Started process (PID=187) to work on /home/airflow/.local/lib/python3.8/site-packages/airflow/example_dags/example_branch_labels.py
[2023-11-05T18:37:11.718+0000] {processor.py:829} INFO - Processing file /home/airflow/.local/lib/python3.8/site-packages/airflow/example_dags/example_branch_labels.py for tasks to queue
[2023-11-05T18:37:11.726+0000] {logging_mixin.py:151} INFO - [2023-11-05T18:37:11.725+0000] {dagbag.py:536} INFO - Filling up the DagBag from /home/airflow/.local/lib/python3.8/site-packages/airflow/example_dags/example_branch_labels.py
[2023-11-05T18:37:11.754+0000] {processor.py:839} INFO - DAG(s) dict_keys(['example_branch_labels']) retrieved from /home/airflow/.local/lib/python3.8/site-packages/airflow/example_dags/example_branch_labels.py
[2023-11-05T18:37:11.806+0000] {logging_mixin.py:151} INFO - [2023-11-05T18:37:11.806+0000] {dag.py:2941} INFO - Sync 1 DAGs
[2023-11-05T18:37:11.846+0000] {logging_mixin.py:151} INFO - [2023-11-05T18:37:11.846+0000] {dag.py:3722} INFO - Setting next_dagrun for example_branch_labels to 2023-11-04T00:00:00+00:00, run_after=2023-11-05T00:00:00+00:00
[2023-11-05T18:37:11.898+0000] {processor.py:179} INFO - Processing /home/airflow/.local/lib/python3.8/site-packages/airflow/example_dags/example_branch_labels.py took 0.195 seconds
[2023-11-05T18:37:42.536+0000] {processor.py:157} INFO - Started process (PID=241) to work on /home/airflow/.local/lib/python3.8/site-packages/airflow/example_dags/example_branch_labels.py
[2023-11-05T18:37:42.554+0000] {processor.py:829} INFO - Processing file /home/airflow/.local/lib/python3.8/site-packages/airflow/example_dags/example_branch_labels.py for tasks to queue
[2023-11-05T18:37:42.568+0000] {logging_mixin.py:151} INFO - [2023-11-05T18:37:42.565+0000] {dagbag.py:536} INFO - Filling up the DagBag from /home/airflow/.local/lib/python3.8/site-packages/airflow/example_dags/example_branch_labels.py
[2023-11-05T18:37:42.584+0000] {processor.py:839} INFO - DAG(s) dict_keys(['example_branch_labels']) retrieved from /home/airflow/.local/lib/python3.8/site-packages/airflow/example_dags/example_branch_labels.py
[2023-11-05T18:37:42.632+0000] {logging_mixin.py:151} INFO - [2023-11-05T18:37:42.632+0000] {dag.py:2941} INFO - Sync 1 DAGs
[2023-11-05T18:37:42.681+0000] {logging_mixin.py:151} INFO - [2023-11-05T18:37:42.681+0000] {dag.py:3722} INFO - Setting next_dagrun for example_branch_labels to 2023-11-04T00:00:00+00:00, run_after=2023-11-05T00:00:00+00:00
[2023-11-05T18:37:42.736+0000] {processor.py:179} INFO - Processing /home/airflow/.local/lib/python3.8/site-packages/airflow/example_dags/example_branch_labels.py took 0.203 seconds
[2023-11-05T18:38:13.240+0000] {processor.py:157} INFO - Started process (PID=294) to work on /home/airflow/.local/lib/python3.8/site-packages/airflow/example_dags/example_branch_labels.py
[2023-11-05T18:38:13.246+0000] {processor.py:829} INFO - Processing file /home/airflow/.local/lib/python3.8/site-packages/airflow/example_dags/example_branch_labels.py for tasks to queue
[2023-11-05T18:38:13.255+0000] {logging_mixin.py:151} INFO - [2023-11-05T18:38:13.254+0000] {dagbag.py:536} INFO - Filling up the DagBag from /home/airflow/.local/lib/python3.8/site-packages/airflow/example_dags/example_branch_labels.py
[2023-11-05T18:38:13.271+0000] {processor.py:839} INFO - DAG(s) dict_keys(['example_branch_labels']) retrieved from /home/airflow/.local/lib/python3.8/site-packages/airflow/example_dags/example_branch_labels.py
[2023-11-05T18:38:13.347+0000] {logging_mixin.py:151} INFO - [2023-11-05T18:38:13.347+0000] {dag.py:2941} INFO - Sync 1 DAGs
[2023-11-05T18:38:13.378+0000] {logging_mixin.py:151} INFO - [2023-11-05T18:38:13.378+0000] {dag.py:3722} INFO - Setting next_dagrun for example_branch_labels to 2023-11-04T00:00:00+00:00, run_after=2023-11-05T00:00:00+00:00
[2023-11-05T18:38:13.678+0000] {processor.py:179} INFO - Processing /home/airflow/.local/lib/python3.8/site-packages/airflow/example_dags/example_branch_labels.py took 0.441 seconds
[2023-11-05T18:38:43.915+0000] {processor.py:157} INFO - Started process (PID=348) to work on /home/airflow/.local/lib/python3.8/site-packages/airflow/example_dags/example_branch_labels.py
[2023-11-05T18:38:43.926+0000] {processor.py:829} INFO - Processing file /home/airflow/.local/lib/python3.8/site-packages/airflow/example_dags/example_branch_labels.py for tasks to queue
[2023-11-05T18:38:43.932+0000] {logging_mixin.py:151} INFO - [2023-11-05T18:38:43.932+0000] {dagbag.py:536} INFO - Filling up the DagBag from /home/airflow/.local/lib/python3.8/site-packages/airflow/example_dags/example_branch_labels.py
[2023-11-05T18:38:43.971+0000] {processor.py:839} INFO - DAG(s) dict_keys(['example_branch_labels']) retrieved from /home/airflow/.local/lib/python3.8/site-packages/airflow/example_dags/example_branch_labels.py
[2023-11-05T18:38:44.057+0000] {logging_mixin.py:151} INFO - [2023-11-05T18:38:44.055+0000] {dag.py:2941} INFO - Sync 1 DAGs
[2023-11-05T18:38:44.098+0000] {logging_mixin.py:151} INFO - [2023-11-05T18:38:44.098+0000] {dag.py:3722} INFO - Setting next_dagrun for example_branch_labels to 2023-11-04T00:00:00+00:00, run_after=2023-11-05T00:00:00+00:00
[2023-11-05T18:38:44.286+0000] {processor.py:179} INFO - Processing /home/airflow/.local/lib/python3.8/site-packages/airflow/example_dags/example_branch_labels.py took 0.374 seconds
[2023-11-05T18:39:14.589+0000] {processor.py:157} INFO - Started process (PID=403) to work on /home/airflow/.local/lib/python3.8/site-packages/airflow/example_dags/example_branch_labels.py
[2023-11-05T18:39:14.600+0000] {processor.py:829} INFO - Processing file /home/airflow/.local/lib/python3.8/site-packages/airflow/example_dags/example_branch_labels.py for tasks to queue
[2023-11-05T18:39:14.610+0000] {logging_mixin.py:151} INFO - [2023-11-05T18:39:14.609+0000] {dagbag.py:536} INFO - Filling up the DagBag from /home/airflow/.local/lib/python3.8/site-packages/airflow/example_dags/example_branch_labels.py
[2023-11-05T18:39:14.628+0000] {processor.py:839} INFO - DAG(s) dict_keys(['example_branch_labels']) retrieved from /home/airflow/.local/lib/python3.8/site-packages/airflow/example_dags/example_branch_labels.py
[2023-11-05T18:39:14.709+0000] {logging_mixin.py:151} INFO - [2023-11-05T18:39:14.708+0000] {dag.py:2941} INFO - Sync 1 DAGs
[2023-11-05T18:39:14.807+0000] {logging_mixin.py:151} INFO - [2023-11-05T18:39:14.807+0000] {dag.py:3722} INFO - Setting next_dagrun for example_branch_labels to 2023-11-04T00:00:00+00:00, run_after=2023-11-05T00:00:00+00:00
[2023-11-05T18:39:14.862+0000] {processor.py:179} INFO - Processing /home/airflow/.local/lib/python3.8/site-packages/airflow/example_dags/example_branch_labels.py took 0.279 seconds
[2023-11-05T18:39:45.053+0000] {processor.py:157} INFO - Started process (PID=456) to work on /home/airflow/.local/lib/python3.8/site-packages/airflow/example_dags/example_branch_labels.py
[2023-11-05T18:39:45.066+0000] {processor.py:829} INFO - Processing file /home/airflow/.local/lib/python3.8/site-packages/airflow/example_dags/example_branch_labels.py for tasks to queue
[2023-11-05T18:39:45.077+0000] {logging_mixin.py:151} INFO - [2023-11-05T18:39:45.077+0000] {dagbag.py:536} INFO - Filling up the DagBag from /home/airflow/.local/lib/python3.8/site-packages/airflow/example_dags/example_branch_labels.py
[2023-11-05T18:39:45.094+0000] {processor.py:839} INFO - DAG(s) dict_keys(['example_branch_labels']) retrieved from /home/airflow/.local/lib/python3.8/site-packages/airflow/example_dags/example_branch_labels.py
[2023-11-05T18:39:45.199+0000] {logging_mixin.py:151} INFO - [2023-11-05T18:39:45.194+0000] {dag.py:2941} INFO - Sync 1 DAGs
[2023-11-05T18:39:45.263+0000] {logging_mixin.py:151} INFO - [2023-11-05T18:39:45.263+0000] {dag.py:3722} INFO - Setting next_dagrun for example_branch_labels to 2023-11-04T00:00:00+00:00, run_after=2023-11-05T00:00:00+00:00
[2023-11-05T18:39:45.336+0000] {processor.py:179} INFO - Processing /home/airflow/.local/lib/python3.8/site-packages/airflow/example_dags/example_branch_labels.py took 0.293 seconds
[2023-11-05T18:40:15.482+0000] {processor.py:157} INFO - Started process (PID=510) to work on /home/airflow/.local/lib/python3.8/site-packages/airflow/example_dags/example_branch_labels.py
[2023-11-05T18:40:15.484+0000] {processor.py:829} INFO - Processing file /home/airflow/.local/lib/python3.8/site-packages/airflow/example_dags/example_branch_labels.py for tasks to queue
[2023-11-05T18:40:15.486+0000] {logging_mixin.py:151} INFO - [2023-11-05T18:40:15.486+0000] {dagbag.py:536} INFO - Filling up the DagBag from /home/airflow/.local/lib/python3.8/site-packages/airflow/example_dags/example_branch_labels.py
[2023-11-05T18:40:15.493+0000] {processor.py:839} INFO - DAG(s) dict_keys(['example_branch_labels']) retrieved from /home/airflow/.local/lib/python3.8/site-packages/airflow/example_dags/example_branch_labels.py
[2023-11-05T18:40:15.519+0000] {logging_mixin.py:151} INFO - [2023-11-05T18:40:15.519+0000] {dag.py:2941} INFO - Sync 1 DAGs
[2023-11-05T18:40:15.538+0000] {logging_mixin.py:151} INFO - [2023-11-05T18:40:15.538+0000] {dag.py:3722} INFO - Setting next_dagrun for example_branch_labels to 2023-11-04T00:00:00+00:00, run_after=2023-11-05T00:00:00+00:00
[2023-11-05T18:40:15.560+0000] {processor.py:179} INFO - Processing /home/airflow/.local/lib/python3.8/site-packages/airflow/example_dags/example_branch_labels.py took 0.085 seconds
[2023-11-05T18:40:46.296+0000] {processor.py:157} INFO - Started process (PID=564) to work on /home/airflow/.local/lib/python3.8/site-packages/airflow/example_dags/example_branch_labels.py
[2023-11-05T18:40:46.297+0000] {processor.py:829} INFO - Processing file /home/airflow/.local/lib/python3.8/site-packages/airflow/example_dags/example_branch_labels.py for tasks to queue
[2023-11-05T18:40:46.300+0000] {logging_mixin.py:151} INFO - [2023-11-05T18:40:46.300+0000] {dagbag.py:536} INFO - Filling up the DagBag from /home/airflow/.local/lib/python3.8/site-packages/airflow/example_dags/example_branch_labels.py
[2023-11-05T18:40:46.306+0000] {processor.py:839} INFO - DAG(s) dict_keys(['example_branch_labels']) retrieved from /home/airflow/.local/lib/python3.8/site-packages/airflow/example_dags/example_branch_labels.py
[2023-11-05T18:40:46.330+0000] {logging_mixin.py:151} INFO - [2023-11-05T18:40:46.330+0000] {dag.py:2941} INFO - Sync 1 DAGs
[2023-11-05T18:40:46.352+0000] {logging_mixin.py:151} INFO - [2023-11-05T18:40:46.352+0000] {dag.py:3722} INFO - Setting next_dagrun for example_branch_labels to 2023-11-04T00:00:00+00:00, run_after=2023-11-05T00:00:00+00:00
[2023-11-05T18:40:46.370+0000] {processor.py:179} INFO - Processing /home/airflow/.local/lib/python3.8/site-packages/airflow/example_dags/example_branch_labels.py took 0.078 seconds
[2023-11-05T18:41:16.513+0000] {processor.py:157} INFO - Started process (PID=618) to work on /home/airflow/.local/lib/python3.8/site-packages/airflow/example_dags/example_branch_labels.py
[2023-11-05T18:41:16.514+0000] {processor.py:829} INFO - Processing file /home/airflow/.local/lib/python3.8/site-packages/airflow/example_dags/example_branch_labels.py for tasks to queue
[2023-11-05T18:41:16.516+0000] {logging_mixin.py:151} INFO - [2023-11-05T18:41:16.516+0000] {dagbag.py:536} INFO - Filling up the DagBag from /home/airflow/.local/lib/python3.8/site-packages/airflow/example_dags/example_branch_labels.py
[2023-11-05T18:41:16.521+0000] {processor.py:839} INFO - DAG(s) dict_keys(['example_branch_labels']) retrieved from /home/airflow/.local/lib/python3.8/site-packages/airflow/example_dags/example_branch_labels.py
[2023-11-05T18:41:16.553+0000] {logging_mixin.py:151} INFO - [2023-11-05T18:41:16.553+0000] {dag.py:2941} INFO - Sync 1 DAGs
[2023-11-05T18:41:16.568+0000] {logging_mixin.py:151} INFO - [2023-11-05T18:41:16.568+0000] {dag.py:3722} INFO - Setting next_dagrun for example_branch_labels to 2023-11-04T00:00:00+00:00, run_after=2023-11-05T00:00:00+00:00
[2023-11-05T18:41:16.585+0000] {processor.py:179} INFO - Processing /home/airflow/.local/lib/python3.8/site-packages/airflow/example_dags/example_branch_labels.py took 0.076 seconds
[2023-11-05T18:41:46.849+0000] {processor.py:157} INFO - Started process (PID=671) to work on /home/airflow/.local/lib/python3.8/site-packages/airflow/example_dags/example_branch_labels.py
[2023-11-05T18:41:46.851+0000] {processor.py:829} INFO - Processing file /home/airflow/.local/lib/python3.8/site-packages/airflow/example_dags/example_branch_labels.py for tasks to queue
[2023-11-05T18:41:46.853+0000] {logging_mixin.py:151} INFO - [2023-11-05T18:41:46.853+0000] {dagbag.py:536} INFO - Filling up the DagBag from /home/airflow/.local/lib/python3.8/site-packages/airflow/example_dags/example_branch_labels.py
[2023-11-05T18:41:46.862+0000] {processor.py:839} INFO - DAG(s) dict_keys(['example_branch_labels']) retrieved from /home/airflow/.local/lib/python3.8/site-packages/airflow/example_dags/example_branch_labels.py
[2023-11-05T18:41:46.884+0000] {logging_mixin.py:151} INFO - [2023-11-05T18:41:46.883+0000] {dag.py:2941} INFO - Sync 1 DAGs
[2023-11-05T18:41:46.906+0000] {logging_mixin.py:151} INFO - [2023-11-05T18:41:46.906+0000] {dag.py:3722} INFO - Setting next_dagrun for example_branch_labels to 2023-11-04T00:00:00+00:00, run_after=2023-11-05T00:00:00+00:00
[2023-11-05T18:41:46.930+0000] {processor.py:179} INFO - Processing /home/airflow/.local/lib/python3.8/site-packages/airflow/example_dags/example_branch_labels.py took 0.084 seconds
[2023-11-05T18:42:17.749+0000] {processor.py:157} INFO - Started process (PID=725) to work on /home/airflow/.local/lib/python3.8/site-packages/airflow/example_dags/example_branch_labels.py
[2023-11-05T18:42:17.752+0000] {processor.py:829} INFO - Processing file /home/airflow/.local/lib/python3.8/site-packages/airflow/example_dags/example_branch_labels.py for tasks to queue
[2023-11-05T18:42:17.755+0000] {logging_mixin.py:151} INFO - [2023-11-05T18:42:17.755+0000] {dagbag.py:536} INFO - Filling up the DagBag from /home/airflow/.local/lib/python3.8/site-packages/airflow/example_dags/example_branch_labels.py
[2023-11-05T18:42:17.761+0000] {processor.py:839} INFO - DAG(s) dict_keys(['example_branch_labels']) retrieved from /home/airflow/.local/lib/python3.8/site-packages/airflow/example_dags/example_branch_labels.py
[2023-11-05T18:42:17.783+0000] {logging_mixin.py:151} INFO - [2023-11-05T18:42:17.783+0000] {dag.py:2941} INFO - Sync 1 DAGs
[2023-11-05T18:42:17.800+0000] {logging_mixin.py:151} INFO - [2023-11-05T18:42:17.800+0000] {dag.py:3722} INFO - Setting next_dagrun for example_branch_labels to 2023-11-04T00:00:00+00:00, run_after=2023-11-05T00:00:00+00:00
[2023-11-05T18:42:17.818+0000] {processor.py:179} INFO - Processing /home/airflow/.local/lib/python3.8/site-packages/airflow/example_dags/example_branch_labels.py took 0.071 seconds
[2023-11-05T18:42:48.574+0000] {processor.py:157} INFO - Started process (PID=779) to work on /home/airflow/.local/lib/python3.8/site-packages/airflow/example_dags/example_branch_labels.py
[2023-11-05T18:42:48.577+0000] {processor.py:829} INFO - Processing file /home/airflow/.local/lib/python3.8/site-packages/airflow/example_dags/example_branch_labels.py for tasks to queue
[2023-11-05T18:42:48.580+0000] {logging_mixin.py:151} INFO - [2023-11-05T18:42:48.580+0000] {dagbag.py:536} INFO - Filling up the DagBag from /home/airflow/.local/lib/python3.8/site-packages/airflow/example_dags/example_branch_labels.py
[2023-11-05T18:42:48.585+0000] {processor.py:839} INFO - DAG(s) dict_keys(['example_branch_labels']) retrieved from /home/airflow/.local/lib/python3.8/site-packages/airflow/example_dags/example_branch_labels.py
[2023-11-05T18:42:48.610+0000] {logging_mixin.py:151} INFO - [2023-11-05T18:42:48.609+0000] {dag.py:2941} INFO - Sync 1 DAGs
[2023-11-05T18:42:48.628+0000] {logging_mixin.py:151} INFO - [2023-11-05T18:42:48.627+0000] {dag.py:3722} INFO - Setting next_dagrun for example_branch_labels to 2023-11-04T00:00:00+00:00, run_after=2023-11-05T00:00:00+00:00
[2023-11-05T18:42:48.664+0000] {processor.py:179} INFO - Processing /home/airflow/.local/lib/python3.8/site-packages/airflow/example_dags/example_branch_labels.py took 0.095 seconds
[2023-11-05T18:43:19.134+0000] {processor.py:157} INFO - Started process (PID=833) to work on /home/airflow/.local/lib/python3.8/site-packages/airflow/example_dags/example_branch_labels.py
[2023-11-05T18:43:19.138+0000] {processor.py:829} INFO - Processing file /home/airflow/.local/lib/python3.8/site-packages/airflow/example_dags/example_branch_labels.py for tasks to queue
[2023-11-05T18:43:19.143+0000] {logging_mixin.py:151} INFO - [2023-11-05T18:43:19.142+0000] {dagbag.py:536} INFO - Filling up the DagBag from /home/airflow/.local/lib/python3.8/site-packages/airflow/example_dags/example_branch_labels.py
[2023-11-05T18:43:19.159+0000] {processor.py:839} INFO - DAG(s) dict_keys(['example_branch_labels']) retrieved from /home/airflow/.local/lib/python3.8/site-packages/airflow/example_dags/example_branch_labels.py
[2023-11-05T18:43:19.190+0000] {logging_mixin.py:151} INFO - [2023-11-05T18:43:19.190+0000] {dag.py:2941} INFO - Sync 1 DAGs
[2023-11-05T18:43:19.206+0000] {logging_mixin.py:151} INFO - [2023-11-05T18:43:19.206+0000] {dag.py:3722} INFO - Setting next_dagrun for example_branch_labels to 2023-11-04T00:00:00+00:00, run_after=2023-11-05T00:00:00+00:00
[2023-11-05T18:43:19.230+0000] {processor.py:179} INFO - Processing /home/airflow/.local/lib/python3.8/site-packages/airflow/example_dags/example_branch_labels.py took 0.098 seconds
[2023-11-05T18:43:50.036+0000] {processor.py:157} INFO - Started process (PID=887) to work on /home/airflow/.local/lib/python3.8/site-packages/airflow/example_dags/example_branch_labels.py
[2023-11-05T18:43:50.038+0000] {processor.py:829} INFO - Processing file /home/airflow/.local/lib/python3.8/site-packages/airflow/example_dags/example_branch_labels.py for tasks to queue
[2023-11-05T18:43:50.042+0000] {logging_mixin.py:151} INFO - [2023-11-05T18:43:50.041+0000] {dagbag.py:536} INFO - Filling up the DagBag from /home/airflow/.local/lib/python3.8/site-packages/airflow/example_dags/example_branch_labels.py
[2023-11-05T18:43:50.049+0000] {processor.py:839} INFO - DAG(s) dict_keys(['example_branch_labels']) retrieved from /home/airflow/.local/lib/python3.8/site-packages/airflow/example_dags/example_branch_labels.py
[2023-11-05T18:43:50.075+0000] {logging_mixin.py:151} INFO - [2023-11-05T18:43:50.075+0000] {dag.py:2941} INFO - Sync 1 DAGs
[2023-11-05T18:43:50.097+0000] {logging_mixin.py:151} INFO - [2023-11-05T18:43:50.097+0000] {dag.py:3722} INFO - Setting next_dagrun for example_branch_labels to 2023-11-04T00:00:00+00:00, run_after=2023-11-05T00:00:00+00:00
[2023-11-05T18:43:50.118+0000] {processor.py:179} INFO - Processing /home/airflow/.local/lib/python3.8/site-packages/airflow/example_dags/example_branch_labels.py took 0.087 seconds
[2023-11-05T18:44:20.459+0000] {processor.py:157} INFO - Started process (PID=941) to work on /home/airflow/.local/lib/python3.8/site-packages/airflow/example_dags/example_branch_labels.py
[2023-11-05T18:44:20.461+0000] {processor.py:829} INFO - Processing file /home/airflow/.local/lib/python3.8/site-packages/airflow/example_dags/example_branch_labels.py for tasks to queue
[2023-11-05T18:44:20.484+0000] {logging_mixin.py:151} INFO - [2023-11-05T18:44:20.483+0000] {dagbag.py:536} INFO - Filling up the DagBag from /home/airflow/.local/lib/python3.8/site-packages/airflow/example_dags/example_branch_labels.py
[2023-11-05T18:44:20.511+0000] {processor.py:839} INFO - DAG(s) dict_keys(['example_branch_labels']) retrieved from /home/airflow/.local/lib/python3.8/site-packages/airflow/example_dags/example_branch_labels.py
[2023-11-05T18:44:20.600+0000] {logging_mixin.py:151} INFO - [2023-11-05T18:44:20.600+0000] {dag.py:2941} INFO - Sync 1 DAGs
[2023-11-05T18:44:20.654+0000] {logging_mixin.py:151} INFO - [2023-11-05T18:44:20.654+0000] {dag.py:3722} INFO - Setting next_dagrun for example_branch_labels to 2023-11-04T00:00:00+00:00, run_after=2023-11-05T00:00:00+00:00
[2023-11-05T18:44:20.720+0000] {processor.py:179} INFO - Processing /home/airflow/.local/lib/python3.8/site-packages/airflow/example_dags/example_branch_labels.py took 0.281 seconds
[2023-11-05T18:44:50.878+0000] {processor.py:157} INFO - Started process (PID=994) to work on /home/airflow/.local/lib/python3.8/site-packages/airflow/example_dags/example_branch_labels.py
[2023-11-05T18:44:50.879+0000] {processor.py:829} INFO - Processing file /home/airflow/.local/lib/python3.8/site-packages/airflow/example_dags/example_branch_labels.py for tasks to queue
[2023-11-05T18:44:50.883+0000] {logging_mixin.py:151} INFO - [2023-11-05T18:44:50.883+0000] {dagbag.py:536} INFO - Filling up the DagBag from /home/airflow/.local/lib/python3.8/site-packages/airflow/example_dags/example_branch_labels.py
[2023-11-05T18:44:50.891+0000] {processor.py:839} INFO - DAG(s) dict_keys(['example_branch_labels']) retrieved from /home/airflow/.local/lib/python3.8/site-packages/airflow/example_dags/example_branch_labels.py
[2023-11-05T18:44:50.913+0000] {logging_mixin.py:151} INFO - [2023-11-05T18:44:50.912+0000] {dag.py:2941} INFO - Sync 1 DAGs
[2023-11-05T18:44:50.936+0000] {logging_mixin.py:151} INFO - [2023-11-05T18:44:50.936+0000] {dag.py:3722} INFO - Setting next_dagrun for example_branch_labels to 2023-11-04T00:00:00+00:00, run_after=2023-11-05T00:00:00+00:00
[2023-11-05T18:44:50.949+0000] {processor.py:179} INFO - Processing /home/airflow/.local/lib/python3.8/site-packages/airflow/example_dags/example_branch_labels.py took 0.074 seconds
[2023-11-05T18:46:14.802+0000] {processor.py:157} INFO - Started process (PID=73) to work on /home/airflow/.local/lib/python3.8/site-packages/airflow/example_dags/example_branch_labels.py
[2023-11-05T18:46:14.807+0000] {processor.py:829} INFO - Processing file /home/airflow/.local/lib/python3.8/site-packages/airflow/example_dags/example_branch_labels.py for tasks to queue
[2023-11-05T18:46:14.819+0000] {logging_mixin.py:151} INFO - [2023-11-05T18:46:14.819+0000] {dagbag.py:536} INFO - Filling up the DagBag from /home/airflow/.local/lib/python3.8/site-packages/airflow/example_dags/example_branch_labels.py
[2023-11-05T18:46:14.837+0000] {processor.py:839} INFO - DAG(s) dict_keys(['example_branch_labels']) retrieved from /home/airflow/.local/lib/python3.8/site-packages/airflow/example_dags/example_branch_labels.py
[2023-11-05T18:46:14.888+0000] {logging_mixin.py:151} INFO - [2023-11-05T18:46:14.888+0000] {dag.py:2941} INFO - Sync 1 DAGs
[2023-11-05T18:46:14.965+0000] {logging_mixin.py:151} INFO - [2023-11-05T18:46:14.965+0000] {dag.py:3722} INFO - Setting next_dagrun for example_branch_labels to 2023-11-04T00:00:00+00:00, run_after=2023-11-05T00:00:00+00:00
[2023-11-05T18:46:15.050+0000] {processor.py:179} INFO - Processing /home/airflow/.local/lib/python3.8/site-packages/airflow/example_dags/example_branch_labels.py took 0.251 seconds
[2023-11-05T18:46:45.128+0000] {processor.py:157} INFO - Started process (PID=127) to work on /home/airflow/.local/lib/python3.8/site-packages/airflow/example_dags/example_branch_labels.py
[2023-11-05T18:46:45.136+0000] {processor.py:829} INFO - Processing file /home/airflow/.local/lib/python3.8/site-packages/airflow/example_dags/example_branch_labels.py for tasks to queue
[2023-11-05T18:46:45.140+0000] {logging_mixin.py:151} INFO - [2023-11-05T18:46:45.140+0000] {dagbag.py:536} INFO - Filling up the DagBag from /home/airflow/.local/lib/python3.8/site-packages/airflow/example_dags/example_branch_labels.py
[2023-11-05T18:46:45.145+0000] {processor.py:839} INFO - DAG(s) dict_keys(['example_branch_labels']) retrieved from /home/airflow/.local/lib/python3.8/site-packages/airflow/example_dags/example_branch_labels.py
[2023-11-05T18:46:45.180+0000] {logging_mixin.py:151} INFO - [2023-11-05T18:46:45.180+0000] {dag.py:2941} INFO - Sync 1 DAGs
[2023-11-05T18:46:45.217+0000] {logging_mixin.py:151} INFO - [2023-11-05T18:46:45.217+0000] {dag.py:3722} INFO - Setting next_dagrun for example_branch_labels to 2023-11-04T00:00:00+00:00, run_after=2023-11-05T00:00:00+00:00
[2023-11-05T18:46:45.250+0000] {processor.py:179} INFO - Processing /home/airflow/.local/lib/python3.8/site-packages/airflow/example_dags/example_branch_labels.py took 0.126 seconds
[2023-11-05T18:47:15.350+0000] {processor.py:157} INFO - Started process (PID=181) to work on /home/airflow/.local/lib/python3.8/site-packages/airflow/example_dags/example_branch_labels.py
[2023-11-05T18:47:15.355+0000] {processor.py:829} INFO - Processing file /home/airflow/.local/lib/python3.8/site-packages/airflow/example_dags/example_branch_labels.py for tasks to queue
[2023-11-05T18:47:15.362+0000] {logging_mixin.py:151} INFO - [2023-11-05T18:47:15.361+0000] {dagbag.py:536} INFO - Filling up the DagBag from /home/airflow/.local/lib/python3.8/site-packages/airflow/example_dags/example_branch_labels.py
[2023-11-05T18:47:15.374+0000] {processor.py:839} INFO - DAG(s) dict_keys(['example_branch_labels']) retrieved from /home/airflow/.local/lib/python3.8/site-packages/airflow/example_dags/example_branch_labels.py
[2023-11-05T18:47:15.410+0000] {logging_mixin.py:151} INFO - [2023-11-05T18:47:15.410+0000] {dag.py:2941} INFO - Sync 1 DAGs
[2023-11-05T18:47:15.435+0000] {logging_mixin.py:151} INFO - [2023-11-05T18:47:15.435+0000] {dag.py:3722} INFO - Setting next_dagrun for example_branch_labels to 2023-11-04T00:00:00+00:00, run_after=2023-11-05T00:00:00+00:00
[2023-11-05T18:47:15.454+0000] {processor.py:179} INFO - Processing /home/airflow/.local/lib/python3.8/site-packages/airflow/example_dags/example_branch_labels.py took 0.110 seconds
[2023-11-05T18:47:45.584+0000] {processor.py:157} INFO - Started process (PID=235) to work on /home/airflow/.local/lib/python3.8/site-packages/airflow/example_dags/example_branch_labels.py
[2023-11-05T18:47:45.589+0000] {processor.py:829} INFO - Processing file /home/airflow/.local/lib/python3.8/site-packages/airflow/example_dags/example_branch_labels.py for tasks to queue
[2023-11-05T18:47:45.599+0000] {logging_mixin.py:151} INFO - [2023-11-05T18:47:45.599+0000] {dagbag.py:536} INFO - Filling up the DagBag from /home/airflow/.local/lib/python3.8/site-packages/airflow/example_dags/example_branch_labels.py
[2023-11-05T18:47:45.616+0000] {processor.py:839} INFO - DAG(s) dict_keys(['example_branch_labels']) retrieved from /home/airflow/.local/lib/python3.8/site-packages/airflow/example_dags/example_branch_labels.py
[2023-11-05T18:47:45.667+0000] {logging_mixin.py:151} INFO - [2023-11-05T18:47:45.667+0000] {dag.py:2941} INFO - Sync 1 DAGs
[2023-11-05T18:47:45.705+0000] {logging_mixin.py:151} INFO - [2023-11-05T18:47:45.705+0000] {dag.py:3722} INFO - Setting next_dagrun for example_branch_labels to 2023-11-04T00:00:00+00:00, run_after=2023-11-05T00:00:00+00:00
[2023-11-05T18:47:45.767+0000] {processor.py:179} INFO - Processing /home/airflow/.local/lib/python3.8/site-packages/airflow/example_dags/example_branch_labels.py took 0.193 seconds
[2023-11-05T18:48:16.490+0000] {processor.py:157} INFO - Started process (PID=289) to work on /home/airflow/.local/lib/python3.8/site-packages/airflow/example_dags/example_branch_labels.py
[2023-11-05T18:48:16.493+0000] {processor.py:829} INFO - Processing file /home/airflow/.local/lib/python3.8/site-packages/airflow/example_dags/example_branch_labels.py for tasks to queue
[2023-11-05T18:48:16.501+0000] {logging_mixin.py:151} INFO - [2023-11-05T18:48:16.501+0000] {dagbag.py:536} INFO - Filling up the DagBag from /home/airflow/.local/lib/python3.8/site-packages/airflow/example_dags/example_branch_labels.py
[2023-11-05T18:48:16.533+0000] {processor.py:839} INFO - DAG(s) dict_keys(['example_branch_labels']) retrieved from /home/airflow/.local/lib/python3.8/site-packages/airflow/example_dags/example_branch_labels.py
[2023-11-05T18:48:16.563+0000] {logging_mixin.py:151} INFO - [2023-11-05T18:48:16.563+0000] {dag.py:2941} INFO - Sync 1 DAGs
[2023-11-05T18:48:16.608+0000] {logging_mixin.py:151} INFO - [2023-11-05T18:48:16.607+0000] {dag.py:3722} INFO - Setting next_dagrun for example_branch_labels to 2023-11-04T00:00:00+00:00, run_after=2023-11-05T00:00:00+00:00
[2023-11-05T18:48:16.663+0000] {processor.py:179} INFO - Processing /home/airflow/.local/lib/python3.8/site-packages/airflow/example_dags/example_branch_labels.py took 0.175 seconds
[2023-11-05T18:48:47.591+0000] {processor.py:157} INFO - Started process (PID=343) to work on /home/airflow/.local/lib/python3.8/site-packages/airflow/example_dags/example_branch_labels.py
[2023-11-05T18:48:47.593+0000] {processor.py:829} INFO - Processing file /home/airflow/.local/lib/python3.8/site-packages/airflow/example_dags/example_branch_labels.py for tasks to queue
[2023-11-05T18:48:47.595+0000] {logging_mixin.py:151} INFO - [2023-11-05T18:48:47.594+0000] {dagbag.py:536} INFO - Filling up the DagBag from /home/airflow/.local/lib/python3.8/site-packages/airflow/example_dags/example_branch_labels.py
[2023-11-05T18:48:47.605+0000] {processor.py:839} INFO - DAG(s) dict_keys(['example_branch_labels']) retrieved from /home/airflow/.local/lib/python3.8/site-packages/airflow/example_dags/example_branch_labels.py
[2023-11-05T18:48:47.643+0000] {logging_mixin.py:151} INFO - [2023-11-05T18:48:47.643+0000] {dag.py:2941} INFO - Sync 1 DAGs
[2023-11-05T18:48:47.672+0000] {logging_mixin.py:151} INFO - [2023-11-05T18:48:47.672+0000] {dag.py:3722} INFO - Setting next_dagrun for example_branch_labels to 2023-11-04T00:00:00+00:00, run_after=2023-11-05T00:00:00+00:00
[2023-11-05T18:48:47.709+0000] {processor.py:179} INFO - Processing /home/airflow/.local/lib/python3.8/site-packages/airflow/example_dags/example_branch_labels.py took 0.120 seconds
[2023-11-05T18:53:32.772+0000] {processor.py:157} INFO - Started process (PID=397) to work on /home/airflow/.local/lib/python3.8/site-packages/airflow/example_dags/example_branch_labels.py
[2023-11-05T18:53:32.788+0000] {processor.py:829} INFO - Processing file /home/airflow/.local/lib/python3.8/site-packages/airflow/example_dags/example_branch_labels.py for tasks to queue
[2023-11-05T18:53:32.806+0000] {logging_mixin.py:151} INFO - [2023-11-05T18:53:32.805+0000] {dagbag.py:536} INFO - Filling up the DagBag from /home/airflow/.local/lib/python3.8/site-packages/airflow/example_dags/example_branch_labels.py
[2023-11-05T18:53:32.823+0000] {processor.py:839} INFO - DAG(s) dict_keys(['example_branch_labels']) retrieved from /home/airflow/.local/lib/python3.8/site-packages/airflow/example_dags/example_branch_labels.py
[2023-11-05T18:53:32.890+0000] {logging_mixin.py:151} INFO - [2023-11-05T18:53:32.890+0000] {dag.py:2941} INFO - Sync 1 DAGs
[2023-11-05T18:53:32.940+0000] {logging_mixin.py:151} INFO - [2023-11-05T18:53:32.940+0000] {dag.py:3722} INFO - Setting next_dagrun for example_branch_labels to 2023-11-04T00:00:00+00:00, run_after=2023-11-05T00:00:00+00:00
[2023-11-05T18:53:32.990+0000] {processor.py:179} INFO - Processing /home/airflow/.local/lib/python3.8/site-packages/airflow/example_dags/example_branch_labels.py took 0.224 seconds
[2023-11-05T18:54:07.078+0000] {processor.py:157} INFO - Started process (PID=451) to work on /home/airflow/.local/lib/python3.8/site-packages/airflow/example_dags/example_branch_labels.py
[2023-11-05T18:54:07.088+0000] {processor.py:829} INFO - Processing file /home/airflow/.local/lib/python3.8/site-packages/airflow/example_dags/example_branch_labels.py for tasks to queue
[2023-11-05T18:54:07.103+0000] {logging_mixin.py:151} INFO - [2023-11-05T18:54:07.103+0000] {dagbag.py:536} INFO - Filling up the DagBag from /home/airflow/.local/lib/python3.8/site-packages/airflow/example_dags/example_branch_labels.py
[2023-11-05T18:54:07.123+0000] {processor.py:839} INFO - DAG(s) dict_keys(['example_branch_labels']) retrieved from /home/airflow/.local/lib/python3.8/site-packages/airflow/example_dags/example_branch_labels.py
[2023-11-05T18:54:07.236+0000] {logging_mixin.py:151} INFO - [2023-11-05T18:54:07.236+0000] {dag.py:2941} INFO - Sync 1 DAGs
[2023-11-05T18:54:07.274+0000] {logging_mixin.py:151} INFO - [2023-11-05T18:54:07.274+0000] {dag.py:3722} INFO - Setting next_dagrun for example_branch_labels to 2023-11-04T00:00:00+00:00, run_after=2023-11-05T00:00:00+00:00
[2023-11-05T18:54:07.328+0000] {processor.py:179} INFO - Processing /home/airflow/.local/lib/python3.8/site-packages/airflow/example_dags/example_branch_labels.py took 0.261 seconds
[2023-11-05T18:54:37.433+0000] {processor.py:157} INFO - Started process (PID=505) to work on /home/airflow/.local/lib/python3.8/site-packages/airflow/example_dags/example_branch_labels.py
[2023-11-05T18:54:37.440+0000] {processor.py:829} INFO - Processing file /home/airflow/.local/lib/python3.8/site-packages/airflow/example_dags/example_branch_labels.py for tasks to queue
[2023-11-05T18:54:37.448+0000] {logging_mixin.py:151} INFO - [2023-11-05T18:54:37.448+0000] {dagbag.py:536} INFO - Filling up the DagBag from /home/airflow/.local/lib/python3.8/site-packages/airflow/example_dags/example_branch_labels.py
[2023-11-05T18:54:37.453+0000] {processor.py:839} INFO - DAG(s) dict_keys(['example_branch_labels']) retrieved from /home/airflow/.local/lib/python3.8/site-packages/airflow/example_dags/example_branch_labels.py
[2023-11-05T18:54:37.503+0000] {logging_mixin.py:151} INFO - [2023-11-05T18:54:37.503+0000] {dag.py:2941} INFO - Sync 1 DAGs
[2023-11-05T18:54:37.539+0000] {logging_mixin.py:151} INFO - [2023-11-05T18:54:37.539+0000] {dag.py:3722} INFO - Setting next_dagrun for example_branch_labels to 2023-11-04T00:00:00+00:00, run_after=2023-11-05T00:00:00+00:00
[2023-11-05T18:54:37.589+0000] {processor.py:179} INFO - Processing /home/airflow/.local/lib/python3.8/site-packages/airflow/example_dags/example_branch_labels.py took 0.163 seconds
