[2023-11-05T18:36:04.209+0000] {processor.py:157} INFO - Started process (PID=56) to work on /home/airflow/.local/lib/python3.8/site-packages/airflow/example_dags/example_datasets.py
[2023-11-05T18:36:04.213+0000] {processor.py:829} INFO - Processing file /home/airflow/.local/lib/python3.8/site-packages/airflow/example_dags/example_datasets.py for tasks to queue
[2023-11-05T18:36:04.219+0000] {logging_mixin.py:151} INFO - [2023-11-05T18:36:04.219+0000] {dagbag.py:536} INFO - Filling up the DagBag from /home/airflow/.local/lib/python3.8/site-packages/airflow/example_dags/example_datasets.py
[2023-11-05T18:36:04.237+0000] {processor.py:839} INFO - DAG(s) dict_keys(['dataset_consumes_unknown_never_scheduled', 'dataset_consumes_1', 'dataset_produces_1', 'dataset_consumes_1_and_2', 'dataset_consumes_1_never_scheduled', 'dataset_produces_2']) retrieved from /home/airflow/.local/lib/python3.8/site-packages/airflow/example_dags/example_datasets.py
[2023-11-05T18:36:04.324+0000] {logging_mixin.py:151} INFO - [2023-11-05T18:36:04.324+0000] {dag.py:2941} INFO - Sync 6 DAGs
[2023-11-05T18:36:04.403+0000] {logging_mixin.py:151} INFO - [2023-11-05T18:36:04.403+0000] {dag.py:3722} INFO - Setting next_dagrun for dataset_consumes_1 to None, run_after=None
[2023-11-05T18:36:04.427+0000] {logging_mixin.py:151} INFO - [2023-11-05T18:36:04.427+0000] {dag.py:3722} INFO - Setting next_dagrun for dataset_consumes_1_and_2 to None, run_after=None
[2023-11-05T18:36:04.505+0000] {logging_mixin.py:151} INFO - [2023-11-05T18:36:04.504+0000] {dag.py:3722} INFO - Setting next_dagrun for dataset_consumes_1_never_scheduled to None, run_after=None
[2023-11-05T18:36:04.528+0000] {logging_mixin.py:151} INFO - [2023-11-05T18:36:04.527+0000] {dag.py:3722} INFO - Setting next_dagrun for dataset_consumes_unknown_never_scheduled to None, run_after=None
[2023-11-05T18:36:04.581+0000] {logging_mixin.py:151} INFO - [2023-11-05T18:36:04.580+0000] {dag.py:3722} INFO - Setting next_dagrun for dataset_produces_1 to 2023-11-04T00:00:00+00:00, run_after=2023-11-05T00:00:00+00:00
[2023-11-05T18:36:04.597+0000] {logging_mixin.py:151} INFO - [2023-11-05T18:36:04.597+0000] {dag.py:3722} INFO - Setting next_dagrun for dataset_produces_2 to None, run_after=None
[2023-11-05T18:36:04.713+0000] {processor.py:179} INFO - Processing /home/airflow/.local/lib/python3.8/site-packages/airflow/example_dags/example_datasets.py took 0.507 seconds
[2023-11-05T18:36:35.559+0000] {processor.py:157} INFO - Started process (PID=110) to work on /home/airflow/.local/lib/python3.8/site-packages/airflow/example_dags/example_datasets.py
[2023-11-05T18:36:35.563+0000] {processor.py:829} INFO - Processing file /home/airflow/.local/lib/python3.8/site-packages/airflow/example_dags/example_datasets.py for tasks to queue
[2023-11-05T18:36:35.572+0000] {logging_mixin.py:151} INFO - [2023-11-05T18:36:35.571+0000] {dagbag.py:536} INFO - Filling up the DagBag from /home/airflow/.local/lib/python3.8/site-packages/airflow/example_dags/example_datasets.py
[2023-11-05T18:36:35.600+0000] {processor.py:839} INFO - DAG(s) dict_keys(['dataset_produces_1', 'dataset_consumes_1_never_scheduled', 'dataset_consumes_1_and_2', 'dataset_consumes_1', 'dataset_produces_2', 'dataset_consumes_unknown_never_scheduled']) retrieved from /home/airflow/.local/lib/python3.8/site-packages/airflow/example_dags/example_datasets.py
[2023-11-05T18:36:35.775+0000] {logging_mixin.py:151} INFO - [2023-11-05T18:36:35.775+0000] {dag.py:2941} INFO - Sync 6 DAGs
[2023-11-05T18:36:35.822+0000] {logging_mixin.py:151} INFO - [2023-11-05T18:36:35.822+0000] {dag.py:3722} INFO - Setting next_dagrun for dataset_consumes_1 to None, run_after=None
[2023-11-05T18:36:35.855+0000] {logging_mixin.py:151} INFO - [2023-11-05T18:36:35.855+0000] {dag.py:3722} INFO - Setting next_dagrun for dataset_consumes_1_and_2 to None, run_after=None
[2023-11-05T18:36:35.877+0000] {logging_mixin.py:151} INFO - [2023-11-05T18:36:35.877+0000] {dag.py:3722} INFO - Setting next_dagrun for dataset_consumes_1_never_scheduled to None, run_after=None
[2023-11-05T18:36:35.901+0000] {logging_mixin.py:151} INFO - [2023-11-05T18:36:35.901+0000] {dag.py:3722} INFO - Setting next_dagrun for dataset_consumes_unknown_never_scheduled to None, run_after=None
[2023-11-05T18:36:35.926+0000] {logging_mixin.py:151} INFO - [2023-11-05T18:36:35.925+0000] {dag.py:3722} INFO - Setting next_dagrun for dataset_produces_1 to 2023-11-04T00:00:00+00:00, run_after=2023-11-05T00:00:00+00:00
[2023-11-05T18:36:35.962+0000] {logging_mixin.py:151} INFO - [2023-11-05T18:36:35.962+0000] {dag.py:3722} INFO - Setting next_dagrun for dataset_produces_2 to None, run_after=None
[2023-11-05T18:36:36.179+0000] {processor.py:179} INFO - Processing /home/airflow/.local/lib/python3.8/site-packages/airflow/example_dags/example_datasets.py took 0.626 seconds
[2023-11-05T18:37:06.314+0000] {processor.py:157} INFO - Started process (PID=163) to work on /home/airflow/.local/lib/python3.8/site-packages/airflow/example_dags/example_datasets.py
[2023-11-05T18:37:06.319+0000] {processor.py:829} INFO - Processing file /home/airflow/.local/lib/python3.8/site-packages/airflow/example_dags/example_datasets.py for tasks to queue
[2023-11-05T18:37:06.339+0000] {logging_mixin.py:151} INFO - [2023-11-05T18:37:06.338+0000] {dagbag.py:536} INFO - Filling up the DagBag from /home/airflow/.local/lib/python3.8/site-packages/airflow/example_dags/example_datasets.py
[2023-11-05T18:37:06.367+0000] {processor.py:839} INFO - DAG(s) dict_keys(['dataset_consumes_unknown_never_scheduled', 'dataset_produces_1', 'dataset_consumes_1_and_2', 'dataset_consumes_1', 'dataset_produces_2', 'dataset_consumes_1_never_scheduled']) retrieved from /home/airflow/.local/lib/python3.8/site-packages/airflow/example_dags/example_datasets.py
[2023-11-05T18:37:06.493+0000] {logging_mixin.py:151} INFO - [2023-11-05T18:37:06.493+0000] {dag.py:2941} INFO - Sync 6 DAGs
[2023-11-05T18:37:06.522+0000] {logging_mixin.py:151} INFO - [2023-11-05T18:37:06.522+0000] {dag.py:3722} INFO - Setting next_dagrun for dataset_consumes_1 to None, run_after=None
[2023-11-05T18:37:06.535+0000] {logging_mixin.py:151} INFO - [2023-11-05T18:37:06.534+0000] {dag.py:3722} INFO - Setting next_dagrun for dataset_consumes_1_and_2 to None, run_after=None
[2023-11-05T18:37:06.547+0000] {logging_mixin.py:151} INFO - [2023-11-05T18:37:06.547+0000] {dag.py:3722} INFO - Setting next_dagrun for dataset_consumes_1_never_scheduled to None, run_after=None
[2023-11-05T18:37:06.563+0000] {logging_mixin.py:151} INFO - [2023-11-05T18:37:06.562+0000] {dag.py:3722} INFO - Setting next_dagrun for dataset_consumes_unknown_never_scheduled to None, run_after=None
[2023-11-05T18:37:06.578+0000] {logging_mixin.py:151} INFO - [2023-11-05T18:37:06.577+0000] {dag.py:3722} INFO - Setting next_dagrun for dataset_produces_1 to 2023-11-04T00:00:00+00:00, run_after=2023-11-05T00:00:00+00:00
[2023-11-05T18:37:06.582+0000] {logging_mixin.py:151} INFO - [2023-11-05T18:37:06.582+0000] {dag.py:3722} INFO - Setting next_dagrun for dataset_produces_2 to None, run_after=None
[2023-11-05T18:37:06.703+0000] {processor.py:179} INFO - Processing /home/airflow/.local/lib/python3.8/site-packages/airflow/example_dags/example_datasets.py took 0.396 seconds
[2023-11-05T18:37:37.124+0000] {processor.py:157} INFO - Started process (PID=217) to work on /home/airflow/.local/lib/python3.8/site-packages/airflow/example_dags/example_datasets.py
[2023-11-05T18:37:37.129+0000] {processor.py:829} INFO - Processing file /home/airflow/.local/lib/python3.8/site-packages/airflow/example_dags/example_datasets.py for tasks to queue
[2023-11-05T18:37:37.132+0000] {logging_mixin.py:151} INFO - [2023-11-05T18:37:37.132+0000] {dagbag.py:536} INFO - Filling up the DagBag from /home/airflow/.local/lib/python3.8/site-packages/airflow/example_dags/example_datasets.py
[2023-11-05T18:37:37.149+0000] {processor.py:839} INFO - DAG(s) dict_keys(['dataset_consumes_1', 'dataset_produces_2', 'dataset_produces_1', 'dataset_consumes_unknown_never_scheduled', 'dataset_consumes_1_and_2', 'dataset_consumes_1_never_scheduled']) retrieved from /home/airflow/.local/lib/python3.8/site-packages/airflow/example_dags/example_datasets.py
[2023-11-05T18:37:37.256+0000] {logging_mixin.py:151} INFO - [2023-11-05T18:37:37.256+0000] {dag.py:2941} INFO - Sync 6 DAGs
[2023-11-05T18:37:37.288+0000] {logging_mixin.py:151} INFO - [2023-11-05T18:37:37.288+0000] {dag.py:3722} INFO - Setting next_dagrun for dataset_consumes_1 to None, run_after=None
[2023-11-05T18:37:37.302+0000] {logging_mixin.py:151} INFO - [2023-11-05T18:37:37.302+0000] {dag.py:3722} INFO - Setting next_dagrun for dataset_consumes_1_and_2 to None, run_after=None
[2023-11-05T18:37:37.308+0000] {logging_mixin.py:151} INFO - [2023-11-05T18:37:37.308+0000] {dag.py:3722} INFO - Setting next_dagrun for dataset_consumes_1_never_scheduled to None, run_after=None
[2023-11-05T18:37:37.311+0000] {logging_mixin.py:151} INFO - [2023-11-05T18:37:37.311+0000] {dag.py:3722} INFO - Setting next_dagrun for dataset_consumes_unknown_never_scheduled to None, run_after=None
[2023-11-05T18:37:37.321+0000] {logging_mixin.py:151} INFO - [2023-11-05T18:37:37.321+0000] {dag.py:3722} INFO - Setting next_dagrun for dataset_produces_1 to 2023-11-04T00:00:00+00:00, run_after=2023-11-05T00:00:00+00:00
[2023-11-05T18:37:37.329+0000] {logging_mixin.py:151} INFO - [2023-11-05T18:37:37.329+0000] {dag.py:3722} INFO - Setting next_dagrun for dataset_produces_2 to None, run_after=None
[2023-11-05T18:37:37.488+0000] {processor.py:179} INFO - Processing /home/airflow/.local/lib/python3.8/site-packages/airflow/example_dags/example_datasets.py took 0.366 seconds
[2023-11-05T18:38:07.870+0000] {processor.py:157} INFO - Started process (PID=271) to work on /home/airflow/.local/lib/python3.8/site-packages/airflow/example_dags/example_datasets.py
[2023-11-05T18:38:07.873+0000] {processor.py:829} INFO - Processing file /home/airflow/.local/lib/python3.8/site-packages/airflow/example_dags/example_datasets.py for tasks to queue
[2023-11-05T18:38:07.875+0000] {logging_mixin.py:151} INFO - [2023-11-05T18:38:07.875+0000] {dagbag.py:536} INFO - Filling up the DagBag from /home/airflow/.local/lib/python3.8/site-packages/airflow/example_dags/example_datasets.py
[2023-11-05T18:38:07.884+0000] {processor.py:839} INFO - DAG(s) dict_keys(['dataset_consumes_1_and_2', 'dataset_produces_1', 'dataset_consumes_1', 'dataset_consumes_1_never_scheduled', 'dataset_consumes_unknown_never_scheduled', 'dataset_produces_2']) retrieved from /home/airflow/.local/lib/python3.8/site-packages/airflow/example_dags/example_datasets.py
[2023-11-05T18:38:08.018+0000] {logging_mixin.py:151} INFO - [2023-11-05T18:38:08.018+0000] {dag.py:2941} INFO - Sync 6 DAGs
[2023-11-05T18:38:08.065+0000] {logging_mixin.py:151} INFO - [2023-11-05T18:38:08.061+0000] {dag.py:3722} INFO - Setting next_dagrun for dataset_consumes_1 to None, run_after=None
[2023-11-05T18:38:08.078+0000] {logging_mixin.py:151} INFO - [2023-11-05T18:38:08.078+0000] {dag.py:3722} INFO - Setting next_dagrun for dataset_consumes_1_and_2 to None, run_after=None
[2023-11-05T18:38:08.096+0000] {logging_mixin.py:151} INFO - [2023-11-05T18:38:08.096+0000] {dag.py:3722} INFO - Setting next_dagrun for dataset_consumes_1_never_scheduled to None, run_after=None
[2023-11-05T18:38:08.108+0000] {logging_mixin.py:151} INFO - [2023-11-05T18:38:08.107+0000] {dag.py:3722} INFO - Setting next_dagrun for dataset_consumes_unknown_never_scheduled to None, run_after=None
[2023-11-05T18:38:08.116+0000] {logging_mixin.py:151} INFO - [2023-11-05T18:38:08.116+0000] {dag.py:3722} INFO - Setting next_dagrun for dataset_produces_1 to 2023-11-04T00:00:00+00:00, run_after=2023-11-05T00:00:00+00:00
[2023-11-05T18:38:08.120+0000] {logging_mixin.py:151} INFO - [2023-11-05T18:38:08.119+0000] {dag.py:3722} INFO - Setting next_dagrun for dataset_produces_2 to None, run_after=None
[2023-11-05T18:38:08.188+0000] {processor.py:179} INFO - Processing /home/airflow/.local/lib/python3.8/site-packages/airflow/example_dags/example_datasets.py took 0.323 seconds
[2023-11-05T18:38:38.381+0000] {processor.py:157} INFO - Started process (PID=324) to work on /home/airflow/.local/lib/python3.8/site-packages/airflow/example_dags/example_datasets.py
[2023-11-05T18:38:38.393+0000] {processor.py:829} INFO - Processing file /home/airflow/.local/lib/python3.8/site-packages/airflow/example_dags/example_datasets.py for tasks to queue
[2023-11-05T18:38:38.403+0000] {logging_mixin.py:151} INFO - [2023-11-05T18:38:38.403+0000] {dagbag.py:536} INFO - Filling up the DagBag from /home/airflow/.local/lib/python3.8/site-packages/airflow/example_dags/example_datasets.py
[2023-11-05T18:38:38.418+0000] {processor.py:839} INFO - DAG(s) dict_keys(['dataset_consumes_unknown_never_scheduled', 'dataset_consumes_1_never_scheduled', 'dataset_consumes_1', 'dataset_consumes_1_and_2', 'dataset_produces_2', 'dataset_produces_1']) retrieved from /home/airflow/.local/lib/python3.8/site-packages/airflow/example_dags/example_datasets.py
[2023-11-05T18:38:38.512+0000] {logging_mixin.py:151} INFO - [2023-11-05T18:38:38.512+0000] {dag.py:2941} INFO - Sync 6 DAGs
[2023-11-05T18:38:38.557+0000] {logging_mixin.py:151} INFO - [2023-11-05T18:38:38.556+0000] {dag.py:3722} INFO - Setting next_dagrun for dataset_consumes_1 to None, run_after=None
[2023-11-05T18:38:38.567+0000] {logging_mixin.py:151} INFO - [2023-11-05T18:38:38.567+0000] {dag.py:3722} INFO - Setting next_dagrun for dataset_consumes_1_and_2 to None, run_after=None
[2023-11-05T18:38:38.575+0000] {logging_mixin.py:151} INFO - [2023-11-05T18:38:38.575+0000] {dag.py:3722} INFO - Setting next_dagrun for dataset_consumes_1_never_scheduled to None, run_after=None
[2023-11-05T18:38:38.580+0000] {logging_mixin.py:151} INFO - [2023-11-05T18:38:38.580+0000] {dag.py:3722} INFO - Setting next_dagrun for dataset_consumes_unknown_never_scheduled to None, run_after=None
[2023-11-05T18:38:38.586+0000] {logging_mixin.py:151} INFO - [2023-11-05T18:38:38.586+0000] {dag.py:3722} INFO - Setting next_dagrun for dataset_produces_1 to 2023-11-04T00:00:00+00:00, run_after=2023-11-05T00:00:00+00:00
[2023-11-05T18:38:38.590+0000] {logging_mixin.py:151} INFO - [2023-11-05T18:38:38.590+0000] {dag.py:3722} INFO - Setting next_dagrun for dataset_produces_2 to None, run_after=None
[2023-11-05T18:38:38.713+0000] {processor.py:179} INFO - Processing /home/airflow/.local/lib/python3.8/site-packages/airflow/example_dags/example_datasets.py took 0.336 seconds
[2023-11-05T18:39:09.139+0000] {processor.py:157} INFO - Started process (PID=379) to work on /home/airflow/.local/lib/python3.8/site-packages/airflow/example_dags/example_datasets.py
[2023-11-05T18:39:09.148+0000] {processor.py:829} INFO - Processing file /home/airflow/.local/lib/python3.8/site-packages/airflow/example_dags/example_datasets.py for tasks to queue
[2023-11-05T18:39:09.158+0000] {logging_mixin.py:151} INFO - [2023-11-05T18:39:09.158+0000] {dagbag.py:536} INFO - Filling up the DagBag from /home/airflow/.local/lib/python3.8/site-packages/airflow/example_dags/example_datasets.py
[2023-11-05T18:39:09.184+0000] {processor.py:839} INFO - DAG(s) dict_keys(['dataset_produces_1', 'dataset_consumes_unknown_never_scheduled', 'dataset_consumes_1_never_scheduled', 'dataset_produces_2', 'dataset_consumes_1', 'dataset_consumes_1_and_2']) retrieved from /home/airflow/.local/lib/python3.8/site-packages/airflow/example_dags/example_datasets.py
[2023-11-05T18:39:09.270+0000] {logging_mixin.py:151} INFO - [2023-11-05T18:39:09.269+0000] {dag.py:2941} INFO - Sync 6 DAGs
[2023-11-05T18:39:09.305+0000] {logging_mixin.py:151} INFO - [2023-11-05T18:39:09.305+0000] {dag.py:3722} INFO - Setting next_dagrun for dataset_consumes_1 to None, run_after=None
[2023-11-05T18:39:09.313+0000] {logging_mixin.py:151} INFO - [2023-11-05T18:39:09.313+0000] {dag.py:3722} INFO - Setting next_dagrun for dataset_consumes_1_and_2 to None, run_after=None
[2023-11-05T18:39:09.323+0000] {logging_mixin.py:151} INFO - [2023-11-05T18:39:09.323+0000] {dag.py:3722} INFO - Setting next_dagrun for dataset_consumes_1_never_scheduled to None, run_after=None
[2023-11-05T18:39:09.343+0000] {logging_mixin.py:151} INFO - [2023-11-05T18:39:09.343+0000] {dag.py:3722} INFO - Setting next_dagrun for dataset_consumes_unknown_never_scheduled to None, run_after=None
[2023-11-05T18:39:09.369+0000] {logging_mixin.py:151} INFO - [2023-11-05T18:39:09.368+0000] {dag.py:3722} INFO - Setting next_dagrun for dataset_produces_1 to 2023-11-04T00:00:00+00:00, run_after=2023-11-05T00:00:00+00:00
[2023-11-05T18:39:09.380+0000] {logging_mixin.py:151} INFO - [2023-11-05T18:39:09.380+0000] {dag.py:3722} INFO - Setting next_dagrun for dataset_produces_2 to None, run_after=None
[2023-11-05T18:39:09.486+0000] {processor.py:179} INFO - Processing /home/airflow/.local/lib/python3.8/site-packages/airflow/example_dags/example_datasets.py took 0.349 seconds
[2023-11-05T18:39:39.948+0000] {processor.py:157} INFO - Started process (PID=432) to work on /home/airflow/.local/lib/python3.8/site-packages/airflow/example_dags/example_datasets.py
[2023-11-05T18:39:39.964+0000] {processor.py:829} INFO - Processing file /home/airflow/.local/lib/python3.8/site-packages/airflow/example_dags/example_datasets.py for tasks to queue
[2023-11-05T18:39:39.980+0000] {logging_mixin.py:151} INFO - [2023-11-05T18:39:39.979+0000] {dagbag.py:536} INFO - Filling up the DagBag from /home/airflow/.local/lib/python3.8/site-packages/airflow/example_dags/example_datasets.py
[2023-11-05T18:39:40.016+0000] {processor.py:839} INFO - DAG(s) dict_keys(['dataset_produces_1', 'dataset_consumes_1_and_2', 'dataset_produces_2', 'dataset_consumes_1_never_scheduled', 'dataset_consumes_1', 'dataset_consumes_unknown_never_scheduled']) retrieved from /home/airflow/.local/lib/python3.8/site-packages/airflow/example_dags/example_datasets.py
[2023-11-05T18:39:40.181+0000] {logging_mixin.py:151} INFO - [2023-11-05T18:39:40.180+0000] {dag.py:2941} INFO - Sync 6 DAGs
[2023-11-05T18:39:40.212+0000] {logging_mixin.py:151} INFO - [2023-11-05T18:39:40.212+0000] {dag.py:3722} INFO - Setting next_dagrun for dataset_consumes_1 to None, run_after=None
[2023-11-05T18:39:40.231+0000] {logging_mixin.py:151} INFO - [2023-11-05T18:39:40.231+0000] {dag.py:3722} INFO - Setting next_dagrun for dataset_consumes_1_and_2 to None, run_after=None
[2023-11-05T18:39:40.240+0000] {logging_mixin.py:151} INFO - [2023-11-05T18:39:40.240+0000] {dag.py:3722} INFO - Setting next_dagrun for dataset_consumes_1_never_scheduled to None, run_after=None
[2023-11-05T18:39:40.249+0000] {logging_mixin.py:151} INFO - [2023-11-05T18:39:40.249+0000] {dag.py:3722} INFO - Setting next_dagrun for dataset_consumes_unknown_never_scheduled to None, run_after=None
[2023-11-05T18:39:40.261+0000] {logging_mixin.py:151} INFO - [2023-11-05T18:39:40.260+0000] {dag.py:3722} INFO - Setting next_dagrun for dataset_produces_1 to 2023-11-04T00:00:00+00:00, run_after=2023-11-05T00:00:00+00:00
[2023-11-05T18:39:40.269+0000] {logging_mixin.py:151} INFO - [2023-11-05T18:39:40.268+0000] {dag.py:3722} INFO - Setting next_dagrun for dataset_produces_2 to None, run_after=None
[2023-11-05T18:39:40.366+0000] {processor.py:179} INFO - Processing /home/airflow/.local/lib/python3.8/site-packages/airflow/example_dags/example_datasets.py took 0.422 seconds
[2023-11-05T18:40:11.055+0000] {processor.py:157} INFO - Started process (PID=486) to work on /home/airflow/.local/lib/python3.8/site-packages/airflow/example_dags/example_datasets.py
[2023-11-05T18:40:11.057+0000] {processor.py:829} INFO - Processing file /home/airflow/.local/lib/python3.8/site-packages/airflow/example_dags/example_datasets.py for tasks to queue
[2023-11-05T18:40:11.059+0000] {logging_mixin.py:151} INFO - [2023-11-05T18:40:11.059+0000] {dagbag.py:536} INFO - Filling up the DagBag from /home/airflow/.local/lib/python3.8/site-packages/airflow/example_dags/example_datasets.py
[2023-11-05T18:40:11.072+0000] {processor.py:839} INFO - DAG(s) dict_keys(['dataset_produces_2', 'dataset_consumes_1_and_2', 'dataset_consumes_1', 'dataset_produces_1', 'dataset_consumes_unknown_never_scheduled', 'dataset_consumes_1_never_scheduled']) retrieved from /home/airflow/.local/lib/python3.8/site-packages/airflow/example_dags/example_datasets.py
[2023-11-05T18:40:11.116+0000] {logging_mixin.py:151} INFO - [2023-11-05T18:40:11.116+0000] {dag.py:2941} INFO - Sync 6 DAGs
[2023-11-05T18:40:11.137+0000] {logging_mixin.py:151} INFO - [2023-11-05T18:40:11.137+0000] {dag.py:3722} INFO - Setting next_dagrun for dataset_consumes_1 to None, run_after=None
[2023-11-05T18:40:11.142+0000] {logging_mixin.py:151} INFO - [2023-11-05T18:40:11.142+0000] {dag.py:3722} INFO - Setting next_dagrun for dataset_consumes_1_and_2 to None, run_after=None
[2023-11-05T18:40:11.143+0000] {logging_mixin.py:151} INFO - [2023-11-05T18:40:11.143+0000] {dag.py:3722} INFO - Setting next_dagrun for dataset_consumes_1_never_scheduled to None, run_after=None
[2023-11-05T18:40:11.148+0000] {logging_mixin.py:151} INFO - [2023-11-05T18:40:11.148+0000] {dag.py:3722} INFO - Setting next_dagrun for dataset_consumes_unknown_never_scheduled to None, run_after=None
[2023-11-05T18:40:11.154+0000] {logging_mixin.py:151} INFO - [2023-11-05T18:40:11.154+0000] {dag.py:3722} INFO - Setting next_dagrun for dataset_produces_1 to 2023-11-04T00:00:00+00:00, run_after=2023-11-05T00:00:00+00:00
[2023-11-05T18:40:11.156+0000] {logging_mixin.py:151} INFO - [2023-11-05T18:40:11.156+0000] {dag.py:3722} INFO - Setting next_dagrun for dataset_produces_2 to None, run_after=None
[2023-11-05T18:40:11.192+0000] {processor.py:179} INFO - Processing /home/airflow/.local/lib/python3.8/site-packages/airflow/example_dags/example_datasets.py took 0.139 seconds
[2023-11-05T18:40:41.756+0000] {processor.py:157} INFO - Started process (PID=540) to work on /home/airflow/.local/lib/python3.8/site-packages/airflow/example_dags/example_datasets.py
[2023-11-05T18:40:41.757+0000] {processor.py:829} INFO - Processing file /home/airflow/.local/lib/python3.8/site-packages/airflow/example_dags/example_datasets.py for tasks to queue
[2023-11-05T18:40:41.760+0000] {logging_mixin.py:151} INFO - [2023-11-05T18:40:41.760+0000] {dagbag.py:536} INFO - Filling up the DagBag from /home/airflow/.local/lib/python3.8/site-packages/airflow/example_dags/example_datasets.py
[2023-11-05T18:40:41.770+0000] {processor.py:839} INFO - DAG(s) dict_keys(['dataset_consumes_1_never_scheduled', 'dataset_produces_1', 'dataset_produces_2', 'dataset_consumes_1', 'dataset_consumes_1_and_2', 'dataset_consumes_unknown_never_scheduled']) retrieved from /home/airflow/.local/lib/python3.8/site-packages/airflow/example_dags/example_datasets.py
[2023-11-05T18:40:41.818+0000] {logging_mixin.py:151} INFO - [2023-11-05T18:40:41.818+0000] {dag.py:2941} INFO - Sync 6 DAGs
[2023-11-05T18:40:41.840+0000] {logging_mixin.py:151} INFO - [2023-11-05T18:40:41.840+0000] {dag.py:3722} INFO - Setting next_dagrun for dataset_consumes_1 to None, run_after=None
[2023-11-05T18:40:41.844+0000] {logging_mixin.py:151} INFO - [2023-11-05T18:40:41.844+0000] {dag.py:3722} INFO - Setting next_dagrun for dataset_consumes_1_and_2 to None, run_after=None
[2023-11-05T18:40:41.851+0000] {logging_mixin.py:151} INFO - [2023-11-05T18:40:41.851+0000] {dag.py:3722} INFO - Setting next_dagrun for dataset_consumes_1_never_scheduled to None, run_after=None
[2023-11-05T18:40:41.853+0000] {logging_mixin.py:151} INFO - [2023-11-05T18:40:41.853+0000] {dag.py:3722} INFO - Setting next_dagrun for dataset_consumes_unknown_never_scheduled to None, run_after=None
[2023-11-05T18:40:41.855+0000] {logging_mixin.py:151} INFO - [2023-11-05T18:40:41.855+0000] {dag.py:3722} INFO - Setting next_dagrun for dataset_produces_1 to 2023-11-04T00:00:00+00:00, run_after=2023-11-05T00:00:00+00:00
[2023-11-05T18:40:41.862+0000] {logging_mixin.py:151} INFO - [2023-11-05T18:40:41.861+0000] {dag.py:3722} INFO - Setting next_dagrun for dataset_produces_2 to None, run_after=None
[2023-11-05T18:40:41.989+0000] {processor.py:179} INFO - Processing /home/airflow/.local/lib/python3.8/site-packages/airflow/example_dags/example_datasets.py took 0.236 seconds
[2023-11-05T18:41:12.384+0000] {processor.py:157} INFO - Started process (PID=601) to work on /home/airflow/.local/lib/python3.8/site-packages/airflow/example_dags/example_datasets.py
[2023-11-05T18:41:12.386+0000] {processor.py:829} INFO - Processing file /home/airflow/.local/lib/python3.8/site-packages/airflow/example_dags/example_datasets.py for tasks to queue
[2023-11-05T18:41:12.390+0000] {logging_mixin.py:151} INFO - [2023-11-05T18:41:12.389+0000] {dagbag.py:536} INFO - Filling up the DagBag from /home/airflow/.local/lib/python3.8/site-packages/airflow/example_dags/example_datasets.py
[2023-11-05T18:41:12.396+0000] {processor.py:839} INFO - DAG(s) dict_keys(['dataset_produces_2', 'dataset_consumes_1', 'dataset_consumes_unknown_never_scheduled', 'dataset_consumes_1_and_2', 'dataset_produces_1', 'dataset_consumes_1_never_scheduled']) retrieved from /home/airflow/.local/lib/python3.8/site-packages/airflow/example_dags/example_datasets.py
[2023-11-05T18:41:12.435+0000] {logging_mixin.py:151} INFO - [2023-11-05T18:41:12.434+0000] {dag.py:2941} INFO - Sync 6 DAGs
[2023-11-05T18:41:12.457+0000] {logging_mixin.py:151} INFO - [2023-11-05T18:41:12.456+0000] {dag.py:3722} INFO - Setting next_dagrun for dataset_consumes_1 to None, run_after=None
[2023-11-05T18:41:12.460+0000] {logging_mixin.py:151} INFO - [2023-11-05T18:41:12.459+0000] {dag.py:3722} INFO - Setting next_dagrun for dataset_consumes_1_and_2 to None, run_after=None
[2023-11-05T18:41:12.461+0000] {logging_mixin.py:151} INFO - [2023-11-05T18:41:12.461+0000] {dag.py:3722} INFO - Setting next_dagrun for dataset_consumes_1_never_scheduled to None, run_after=None
[2023-11-05T18:41:12.463+0000] {logging_mixin.py:151} INFO - [2023-11-05T18:41:12.463+0000] {dag.py:3722} INFO - Setting next_dagrun for dataset_consumes_unknown_never_scheduled to None, run_after=None
[2023-11-05T18:41:12.466+0000] {logging_mixin.py:151} INFO - [2023-11-05T18:41:12.465+0000] {dag.py:3722} INFO - Setting next_dagrun for dataset_produces_1 to 2023-11-04T00:00:00+00:00, run_after=2023-11-05T00:00:00+00:00
[2023-11-05T18:41:12.467+0000] {logging_mixin.py:151} INFO - [2023-11-05T18:41:12.467+0000] {dag.py:3722} INFO - Setting next_dagrun for dataset_produces_2 to None, run_after=None
[2023-11-05T18:41:12.498+0000] {processor.py:179} INFO - Processing /home/airflow/.local/lib/python3.8/site-packages/airflow/example_dags/example_datasets.py took 0.116 seconds
[2023-11-05T18:41:42.747+0000] {processor.py:157} INFO - Started process (PID=654) to work on /home/airflow/.local/lib/python3.8/site-packages/airflow/example_dags/example_datasets.py
[2023-11-05T18:41:42.751+0000] {processor.py:829} INFO - Processing file /home/airflow/.local/lib/python3.8/site-packages/airflow/example_dags/example_datasets.py for tasks to queue
[2023-11-05T18:41:42.755+0000] {logging_mixin.py:151} INFO - [2023-11-05T18:41:42.754+0000] {dagbag.py:536} INFO - Filling up the DagBag from /home/airflow/.local/lib/python3.8/site-packages/airflow/example_dags/example_datasets.py
[2023-11-05T18:41:42.765+0000] {processor.py:839} INFO - DAG(s) dict_keys(['dataset_consumes_1_never_scheduled', 'dataset_consumes_1', 'dataset_produces_1', 'dataset_consumes_1_and_2', 'dataset_produces_2', 'dataset_consumes_unknown_never_scheduled']) retrieved from /home/airflow/.local/lib/python3.8/site-packages/airflow/example_dags/example_datasets.py
[2023-11-05T18:41:42.805+0000] {logging_mixin.py:151} INFO - [2023-11-05T18:41:42.805+0000] {dag.py:2941} INFO - Sync 6 DAGs
[2023-11-05T18:41:42.828+0000] {logging_mixin.py:151} INFO - [2023-11-05T18:41:42.828+0000] {dag.py:3722} INFO - Setting next_dagrun for dataset_consumes_1 to None, run_after=None
[2023-11-05T18:41:42.833+0000] {logging_mixin.py:151} INFO - [2023-11-05T18:41:42.833+0000] {dag.py:3722} INFO - Setting next_dagrun for dataset_consumes_1_and_2 to None, run_after=None
[2023-11-05T18:41:42.837+0000] {logging_mixin.py:151} INFO - [2023-11-05T18:41:42.837+0000] {dag.py:3722} INFO - Setting next_dagrun for dataset_consumes_1_never_scheduled to None, run_after=None
[2023-11-05T18:41:42.840+0000] {logging_mixin.py:151} INFO - [2023-11-05T18:41:42.840+0000] {dag.py:3722} INFO - Setting next_dagrun for dataset_consumes_unknown_never_scheduled to None, run_after=None
[2023-11-05T18:41:42.843+0000] {logging_mixin.py:151} INFO - [2023-11-05T18:41:42.842+0000] {dag.py:3722} INFO - Setting next_dagrun for dataset_produces_1 to 2023-11-04T00:00:00+00:00, run_after=2023-11-05T00:00:00+00:00
[2023-11-05T18:41:42.845+0000] {logging_mixin.py:151} INFO - [2023-11-05T18:41:42.845+0000] {dag.py:3722} INFO - Setting next_dagrun for dataset_produces_2 to None, run_after=None
[2023-11-05T18:41:42.880+0000] {processor.py:179} INFO - Processing /home/airflow/.local/lib/python3.8/site-packages/airflow/example_dags/example_datasets.py took 0.140 seconds
[2023-11-05T18:42:13.554+0000] {processor.py:157} INFO - Started process (PID=708) to work on /home/airflow/.local/lib/python3.8/site-packages/airflow/example_dags/example_datasets.py
[2023-11-05T18:42:13.557+0000] {processor.py:829} INFO - Processing file /home/airflow/.local/lib/python3.8/site-packages/airflow/example_dags/example_datasets.py for tasks to queue
[2023-11-05T18:42:13.559+0000] {logging_mixin.py:151} INFO - [2023-11-05T18:42:13.559+0000] {dagbag.py:536} INFO - Filling up the DagBag from /home/airflow/.local/lib/python3.8/site-packages/airflow/example_dags/example_datasets.py
[2023-11-05T18:42:13.565+0000] {processor.py:839} INFO - DAG(s) dict_keys(['dataset_consumes_1', 'dataset_produces_2', 'dataset_consumes_1_never_scheduled', 'dataset_consumes_unknown_never_scheduled', 'dataset_produces_1', 'dataset_consumes_1_and_2']) retrieved from /home/airflow/.local/lib/python3.8/site-packages/airflow/example_dags/example_datasets.py
[2023-11-05T18:42:13.598+0000] {logging_mixin.py:151} INFO - [2023-11-05T18:42:13.598+0000] {dag.py:2941} INFO - Sync 6 DAGs
[2023-11-05T18:42:13.618+0000] {logging_mixin.py:151} INFO - [2023-11-05T18:42:13.618+0000] {dag.py:3722} INFO - Setting next_dagrun for dataset_consumes_1 to None, run_after=None
[2023-11-05T18:42:13.624+0000] {logging_mixin.py:151} INFO - [2023-11-05T18:42:13.624+0000] {dag.py:3722} INFO - Setting next_dagrun for dataset_consumes_1_and_2 to None, run_after=None
[2023-11-05T18:42:13.626+0000] {logging_mixin.py:151} INFO - [2023-11-05T18:42:13.626+0000] {dag.py:3722} INFO - Setting next_dagrun for dataset_consumes_1_never_scheduled to None, run_after=None
[2023-11-05T18:42:13.629+0000] {logging_mixin.py:151} INFO - [2023-11-05T18:42:13.628+0000] {dag.py:3722} INFO - Setting next_dagrun for dataset_consumes_unknown_never_scheduled to None, run_after=None
[2023-11-05T18:42:13.634+0000] {logging_mixin.py:151} INFO - [2023-11-05T18:42:13.634+0000] {dag.py:3722} INFO - Setting next_dagrun for dataset_produces_1 to 2023-11-04T00:00:00+00:00, run_after=2023-11-05T00:00:00+00:00
[2023-11-05T18:42:13.635+0000] {logging_mixin.py:151} INFO - [2023-11-05T18:42:13.635+0000] {dag.py:3722} INFO - Setting next_dagrun for dataset_produces_2 to None, run_after=None
[2023-11-05T18:42:13.663+0000] {processor.py:179} INFO - Processing /home/airflow/.local/lib/python3.8/site-packages/airflow/example_dags/example_datasets.py took 0.113 seconds
[2023-11-05T18:42:44.080+0000] {processor.py:157} INFO - Started process (PID=762) to work on /home/airflow/.local/lib/python3.8/site-packages/airflow/example_dags/example_datasets.py
[2023-11-05T18:42:44.089+0000] {processor.py:829} INFO - Processing file /home/airflow/.local/lib/python3.8/site-packages/airflow/example_dags/example_datasets.py for tasks to queue
[2023-11-05T18:42:44.102+0000] {logging_mixin.py:151} INFO - [2023-11-05T18:42:44.101+0000] {dagbag.py:536} INFO - Filling up the DagBag from /home/airflow/.local/lib/python3.8/site-packages/airflow/example_dags/example_datasets.py
[2023-11-05T18:42:44.131+0000] {processor.py:839} INFO - DAG(s) dict_keys(['dataset_consumes_unknown_never_scheduled', 'dataset_produces_1', 'dataset_consumes_1_never_scheduled', 'dataset_produces_2', 'dataset_consumes_1_and_2', 'dataset_consumes_1']) retrieved from /home/airflow/.local/lib/python3.8/site-packages/airflow/example_dags/example_datasets.py
[2023-11-05T18:42:44.234+0000] {logging_mixin.py:151} INFO - [2023-11-05T18:42:44.233+0000] {dag.py:2941} INFO - Sync 6 DAGs
[2023-11-05T18:42:44.260+0000] {logging_mixin.py:151} INFO - [2023-11-05T18:42:44.260+0000] {dag.py:3722} INFO - Setting next_dagrun for dataset_consumes_1 to None, run_after=None
[2023-11-05T18:42:44.267+0000] {logging_mixin.py:151} INFO - [2023-11-05T18:42:44.266+0000] {dag.py:3722} INFO - Setting next_dagrun for dataset_consumes_1_and_2 to None, run_after=None
[2023-11-05T18:42:44.269+0000] {logging_mixin.py:151} INFO - [2023-11-05T18:42:44.269+0000] {dag.py:3722} INFO - Setting next_dagrun for dataset_consumes_1_never_scheduled to None, run_after=None
[2023-11-05T18:42:44.275+0000] {logging_mixin.py:151} INFO - [2023-11-05T18:42:44.275+0000] {dag.py:3722} INFO - Setting next_dagrun for dataset_consumes_unknown_never_scheduled to None, run_after=None
[2023-11-05T18:42:44.285+0000] {logging_mixin.py:151} INFO - [2023-11-05T18:42:44.284+0000] {dag.py:3722} INFO - Setting next_dagrun for dataset_produces_1 to 2023-11-04T00:00:00+00:00, run_after=2023-11-05T00:00:00+00:00
[2023-11-05T18:42:44.290+0000] {logging_mixin.py:151} INFO - [2023-11-05T18:42:44.289+0000] {dag.py:3722} INFO - Setting next_dagrun for dataset_produces_2 to None, run_after=None
[2023-11-05T18:42:44.375+0000] {processor.py:179} INFO - Processing /home/airflow/.local/lib/python3.8/site-packages/airflow/example_dags/example_datasets.py took 0.300 seconds
[2023-11-05T18:43:15.172+0000] {processor.py:157} INFO - Started process (PID=816) to work on /home/airflow/.local/lib/python3.8/site-packages/airflow/example_dags/example_datasets.py
[2023-11-05T18:43:15.174+0000] {processor.py:829} INFO - Processing file /home/airflow/.local/lib/python3.8/site-packages/airflow/example_dags/example_datasets.py for tasks to queue
[2023-11-05T18:43:15.183+0000] {logging_mixin.py:151} INFO - [2023-11-05T18:43:15.182+0000] {dagbag.py:536} INFO - Filling up the DagBag from /home/airflow/.local/lib/python3.8/site-packages/airflow/example_dags/example_datasets.py
[2023-11-05T18:43:15.192+0000] {processor.py:839} INFO - DAG(s) dict_keys(['dataset_consumes_1_and_2', 'dataset_produces_1', 'dataset_consumes_unknown_never_scheduled', 'dataset_produces_2', 'dataset_consumes_1_never_scheduled', 'dataset_consumes_1']) retrieved from /home/airflow/.local/lib/python3.8/site-packages/airflow/example_dags/example_datasets.py
[2023-11-05T18:43:15.278+0000] {logging_mixin.py:151} INFO - [2023-11-05T18:43:15.277+0000] {dag.py:2941} INFO - Sync 6 DAGs
[2023-11-05T18:43:15.321+0000] {logging_mixin.py:151} INFO - [2023-11-05T18:43:15.320+0000] {dag.py:3722} INFO - Setting next_dagrun for dataset_consumes_1 to None, run_after=None
[2023-11-05T18:43:15.335+0000] {logging_mixin.py:151} INFO - [2023-11-05T18:43:15.335+0000] {dag.py:3722} INFO - Setting next_dagrun for dataset_consumes_1_and_2 to None, run_after=None
[2023-11-05T18:43:15.346+0000] {logging_mixin.py:151} INFO - [2023-11-05T18:43:15.346+0000] {dag.py:3722} INFO - Setting next_dagrun for dataset_consumes_1_never_scheduled to None, run_after=None
[2023-11-05T18:43:15.354+0000] {logging_mixin.py:151} INFO - [2023-11-05T18:43:15.354+0000] {dag.py:3722} INFO - Setting next_dagrun for dataset_consumes_unknown_never_scheduled to None, run_after=None
[2023-11-05T18:43:15.369+0000] {logging_mixin.py:151} INFO - [2023-11-05T18:43:15.369+0000] {dag.py:3722} INFO - Setting next_dagrun for dataset_produces_1 to 2023-11-04T00:00:00+00:00, run_after=2023-11-05T00:00:00+00:00
[2023-11-05T18:43:15.382+0000] {logging_mixin.py:151} INFO - [2023-11-05T18:43:15.381+0000] {dag.py:3722} INFO - Setting next_dagrun for dataset_produces_2 to None, run_after=None
[2023-11-05T18:43:15.546+0000] {processor.py:179} INFO - Processing /home/airflow/.local/lib/python3.8/site-packages/airflow/example_dags/example_datasets.py took 0.379 seconds
[2023-11-05T18:43:46.118+0000] {processor.py:157} INFO - Started process (PID=870) to work on /home/airflow/.local/lib/python3.8/site-packages/airflow/example_dags/example_datasets.py
[2023-11-05T18:43:46.120+0000] {processor.py:829} INFO - Processing file /home/airflow/.local/lib/python3.8/site-packages/airflow/example_dags/example_datasets.py for tasks to queue
[2023-11-05T18:43:46.124+0000] {logging_mixin.py:151} INFO - [2023-11-05T18:43:46.124+0000] {dagbag.py:536} INFO - Filling up the DagBag from /home/airflow/.local/lib/python3.8/site-packages/airflow/example_dags/example_datasets.py
[2023-11-05T18:43:46.133+0000] {processor.py:839} INFO - DAG(s) dict_keys(['dataset_consumes_1_and_2', 'dataset_consumes_unknown_never_scheduled', 'dataset_produces_1', 'dataset_consumes_1', 'dataset_consumes_1_never_scheduled', 'dataset_produces_2']) retrieved from /home/airflow/.local/lib/python3.8/site-packages/airflow/example_dags/example_datasets.py
[2023-11-05T18:43:46.182+0000] {logging_mixin.py:151} INFO - [2023-11-05T18:43:46.181+0000] {dag.py:2941} INFO - Sync 6 DAGs
[2023-11-05T18:43:46.201+0000] {logging_mixin.py:151} INFO - [2023-11-05T18:43:46.200+0000] {dag.py:3722} INFO - Setting next_dagrun for dataset_consumes_1 to None, run_after=None
[2023-11-05T18:43:46.206+0000] {logging_mixin.py:151} INFO - [2023-11-05T18:43:46.206+0000] {dag.py:3722} INFO - Setting next_dagrun for dataset_consumes_1_and_2 to None, run_after=None
[2023-11-05T18:43:46.208+0000] {logging_mixin.py:151} INFO - [2023-11-05T18:43:46.208+0000] {dag.py:3722} INFO - Setting next_dagrun for dataset_consumes_1_never_scheduled to None, run_after=None
[2023-11-05T18:43:46.210+0000] {logging_mixin.py:151} INFO - [2023-11-05T18:43:46.210+0000] {dag.py:3722} INFO - Setting next_dagrun for dataset_consumes_unknown_never_scheduled to None, run_after=None
[2023-11-05T18:43:46.213+0000] {logging_mixin.py:151} INFO - [2023-11-05T18:43:46.213+0000] {dag.py:3722} INFO - Setting next_dagrun for dataset_produces_1 to 2023-11-04T00:00:00+00:00, run_after=2023-11-05T00:00:00+00:00
[2023-11-05T18:43:46.215+0000] {logging_mixin.py:151} INFO - [2023-11-05T18:43:46.214+0000] {dag.py:3722} INFO - Setting next_dagrun for dataset_produces_2 to None, run_after=None
[2023-11-05T18:43:46.397+0000] {processor.py:179} INFO - Processing /home/airflow/.local/lib/python3.8/site-packages/airflow/example_dags/example_datasets.py took 0.281 seconds
[2023-11-05T18:44:16.664+0000] {processor.py:157} INFO - Started process (PID=924) to work on /home/airflow/.local/lib/python3.8/site-packages/airflow/example_dags/example_datasets.py
[2023-11-05T18:44:16.675+0000] {processor.py:829} INFO - Processing file /home/airflow/.local/lib/python3.8/site-packages/airflow/example_dags/example_datasets.py for tasks to queue
[2023-11-05T18:44:16.688+0000] {logging_mixin.py:151} INFO - [2023-11-05T18:44:16.687+0000] {dagbag.py:536} INFO - Filling up the DagBag from /home/airflow/.local/lib/python3.8/site-packages/airflow/example_dags/example_datasets.py
[2023-11-05T18:44:16.698+0000] {processor.py:839} INFO - DAG(s) dict_keys(['dataset_produces_1', 'dataset_consumes_1_never_scheduled', 'dataset_consumes_1_and_2', 'dataset_consumes_1', 'dataset_produces_2', 'dataset_consumes_unknown_never_scheduled']) retrieved from /home/airflow/.local/lib/python3.8/site-packages/airflow/example_dags/example_datasets.py
[2023-11-05T18:44:16.823+0000] {logging_mixin.py:151} INFO - [2023-11-05T18:44:16.823+0000] {dag.py:2941} INFO - Sync 6 DAGs
[2023-11-05T18:44:16.852+0000] {logging_mixin.py:151} INFO - [2023-11-05T18:44:16.852+0000] {dag.py:3722} INFO - Setting next_dagrun for dataset_consumes_1 to None, run_after=None
[2023-11-05T18:44:16.866+0000] {logging_mixin.py:151} INFO - [2023-11-05T18:44:16.866+0000] {dag.py:3722} INFO - Setting next_dagrun for dataset_consumes_1_and_2 to None, run_after=None
[2023-11-05T18:44:16.877+0000] {logging_mixin.py:151} INFO - [2023-11-05T18:44:16.877+0000] {dag.py:3722} INFO - Setting next_dagrun for dataset_consumes_1_never_scheduled to None, run_after=None
[2023-11-05T18:44:16.885+0000] {logging_mixin.py:151} INFO - [2023-11-05T18:44:16.884+0000] {dag.py:3722} INFO - Setting next_dagrun for dataset_consumes_unknown_never_scheduled to None, run_after=None
[2023-11-05T18:44:16.890+0000] {logging_mixin.py:151} INFO - [2023-11-05T18:44:16.890+0000] {dag.py:3722} INFO - Setting next_dagrun for dataset_produces_1 to 2023-11-04T00:00:00+00:00, run_after=2023-11-05T00:00:00+00:00
[2023-11-05T18:44:16.897+0000] {logging_mixin.py:151} INFO - [2023-11-05T18:44:16.897+0000] {dag.py:3722} INFO - Setting next_dagrun for dataset_produces_2 to None, run_after=None
[2023-11-05T18:44:16.958+0000] {processor.py:179} INFO - Processing /home/airflow/.local/lib/python3.8/site-packages/airflow/example_dags/example_datasets.py took 0.297 seconds
[2023-11-05T18:44:47.749+0000] {processor.py:157} INFO - Started process (PID=977) to work on /home/airflow/.local/lib/python3.8/site-packages/airflow/example_dags/example_datasets.py
[2023-11-05T18:44:47.754+0000] {processor.py:829} INFO - Processing file /home/airflow/.local/lib/python3.8/site-packages/airflow/example_dags/example_datasets.py for tasks to queue
[2023-11-05T18:44:47.766+0000] {logging_mixin.py:151} INFO - [2023-11-05T18:44:47.764+0000] {dagbag.py:536} INFO - Filling up the DagBag from /home/airflow/.local/lib/python3.8/site-packages/airflow/example_dags/example_datasets.py
[2023-11-05T18:44:47.775+0000] {processor.py:839} INFO - DAG(s) dict_keys(['dataset_produces_1', 'dataset_produces_2', 'dataset_consumes_1_never_scheduled', 'dataset_consumes_1', 'dataset_consumes_1_and_2', 'dataset_consumes_unknown_never_scheduled']) retrieved from /home/airflow/.local/lib/python3.8/site-packages/airflow/example_dags/example_datasets.py
[2023-11-05T18:44:47.855+0000] {logging_mixin.py:151} INFO - [2023-11-05T18:44:47.855+0000] {dag.py:2941} INFO - Sync 6 DAGs
[2023-11-05T18:44:47.878+0000] {logging_mixin.py:151} INFO - [2023-11-05T18:44:47.878+0000] {dag.py:3722} INFO - Setting next_dagrun for dataset_consumes_1 to None, run_after=None
[2023-11-05T18:44:47.885+0000] {logging_mixin.py:151} INFO - [2023-11-05T18:44:47.885+0000] {dag.py:3722} INFO - Setting next_dagrun for dataset_consumes_1_and_2 to None, run_after=None
[2023-11-05T18:44:47.886+0000] {logging_mixin.py:151} INFO - [2023-11-05T18:44:47.886+0000] {dag.py:3722} INFO - Setting next_dagrun for dataset_consumes_1_never_scheduled to None, run_after=None
[2023-11-05T18:44:47.887+0000] {logging_mixin.py:151} INFO - [2023-11-05T18:44:47.887+0000] {dag.py:3722} INFO - Setting next_dagrun for dataset_consumes_unknown_never_scheduled to None, run_after=None
[2023-11-05T18:44:47.889+0000] {logging_mixin.py:151} INFO - [2023-11-05T18:44:47.889+0000] {dag.py:3722} INFO - Setting next_dagrun for dataset_produces_1 to 2023-11-04T00:00:00+00:00, run_after=2023-11-05T00:00:00+00:00
[2023-11-05T18:44:47.890+0000] {logging_mixin.py:151} INFO - [2023-11-05T18:44:47.890+0000] {dag.py:3722} INFO - Setting next_dagrun for dataset_produces_2 to None, run_after=None
[2023-11-05T18:44:47.995+0000] {processor.py:179} INFO - Processing /home/airflow/.local/lib/python3.8/site-packages/airflow/example_dags/example_datasets.py took 0.256 seconds
[2023-11-05T18:46:11.816+0000] {processor.py:157} INFO - Started process (PID=56) to work on /home/airflow/.local/lib/python3.8/site-packages/airflow/example_dags/example_datasets.py
[2023-11-05T18:46:11.821+0000] {processor.py:829} INFO - Processing file /home/airflow/.local/lib/python3.8/site-packages/airflow/example_dags/example_datasets.py for tasks to queue
[2023-11-05T18:46:11.834+0000] {logging_mixin.py:151} INFO - [2023-11-05T18:46:11.834+0000] {dagbag.py:536} INFO - Filling up the DagBag from /home/airflow/.local/lib/python3.8/site-packages/airflow/example_dags/example_datasets.py
[2023-11-05T18:46:11.856+0000] {processor.py:839} INFO - DAG(s) dict_keys(['dataset_consumes_unknown_never_scheduled', 'dataset_consumes_1', 'dataset_produces_2', 'dataset_produces_1', 'dataset_consumes_1_and_2', 'dataset_consumes_1_never_scheduled']) retrieved from /home/airflow/.local/lib/python3.8/site-packages/airflow/example_dags/example_datasets.py
[2023-11-05T18:46:11.909+0000] {logging_mixin.py:151} INFO - [2023-11-05T18:46:11.909+0000] {dag.py:2941} INFO - Sync 6 DAGs
[2023-11-05T18:46:11.963+0000] {logging_mixin.py:151} INFO - [2023-11-05T18:46:11.962+0000] {dag.py:3722} INFO - Setting next_dagrun for dataset_consumes_1 to None, run_after=None
[2023-11-05T18:46:11.969+0000] {logging_mixin.py:151} INFO - [2023-11-05T18:46:11.969+0000] {dag.py:3722} INFO - Setting next_dagrun for dataset_consumes_1_and_2 to None, run_after=None
[2023-11-05T18:46:11.971+0000] {logging_mixin.py:151} INFO - [2023-11-05T18:46:11.971+0000] {dag.py:3722} INFO - Setting next_dagrun for dataset_consumes_1_never_scheduled to None, run_after=None
[2023-11-05T18:46:11.973+0000] {logging_mixin.py:151} INFO - [2023-11-05T18:46:11.973+0000] {dag.py:3722} INFO - Setting next_dagrun for dataset_consumes_unknown_never_scheduled to None, run_after=None
[2023-11-05T18:46:11.977+0000] {logging_mixin.py:151} INFO - [2023-11-05T18:46:11.977+0000] {dag.py:3722} INFO - Setting next_dagrun for dataset_produces_1 to 2023-11-04T00:00:00+00:00, run_after=2023-11-05T00:00:00+00:00
[2023-11-05T18:46:11.979+0000] {logging_mixin.py:151} INFO - [2023-11-05T18:46:11.979+0000] {dag.py:3722} INFO - Setting next_dagrun for dataset_produces_2 to None, run_after=None
[2023-11-05T18:46:12.047+0000] {processor.py:179} INFO - Processing /home/airflow/.local/lib/python3.8/site-packages/airflow/example_dags/example_datasets.py took 0.234 seconds
[2023-11-05T18:46:42.256+0000] {processor.py:157} INFO - Started process (PID=110) to work on /home/airflow/.local/lib/python3.8/site-packages/airflow/example_dags/example_datasets.py
[2023-11-05T18:46:42.260+0000] {processor.py:829} INFO - Processing file /home/airflow/.local/lib/python3.8/site-packages/airflow/example_dags/example_datasets.py for tasks to queue
[2023-11-05T18:46:42.262+0000] {logging_mixin.py:151} INFO - [2023-11-05T18:46:42.262+0000] {dagbag.py:536} INFO - Filling up the DagBag from /home/airflow/.local/lib/python3.8/site-packages/airflow/example_dags/example_datasets.py
[2023-11-05T18:46:42.268+0000] {processor.py:839} INFO - DAG(s) dict_keys(['dataset_consumes_unknown_never_scheduled', 'dataset_consumes_1_never_scheduled', 'dataset_consumes_1_and_2', 'dataset_consumes_1', 'dataset_produces_2', 'dataset_produces_1']) retrieved from /home/airflow/.local/lib/python3.8/site-packages/airflow/example_dags/example_datasets.py
[2023-11-05T18:46:42.359+0000] {logging_mixin.py:151} INFO - [2023-11-05T18:46:42.359+0000] {dag.py:2941} INFO - Sync 6 DAGs
[2023-11-05T18:46:42.384+0000] {logging_mixin.py:151} INFO - [2023-11-05T18:46:42.384+0000] {dag.py:3722} INFO - Setting next_dagrun for dataset_consumes_1 to None, run_after=None
[2023-11-05T18:46:42.386+0000] {logging_mixin.py:151} INFO - [2023-11-05T18:46:42.386+0000] {dag.py:3722} INFO - Setting next_dagrun for dataset_consumes_1_and_2 to None, run_after=None
[2023-11-05T18:46:42.388+0000] {logging_mixin.py:151} INFO - [2023-11-05T18:46:42.388+0000] {dag.py:3722} INFO - Setting next_dagrun for dataset_consumes_1_never_scheduled to None, run_after=None
[2023-11-05T18:46:42.390+0000] {logging_mixin.py:151} INFO - [2023-11-05T18:46:42.390+0000] {dag.py:3722} INFO - Setting next_dagrun for dataset_consumes_unknown_never_scheduled to None, run_after=None
[2023-11-05T18:46:42.393+0000] {logging_mixin.py:151} INFO - [2023-11-05T18:46:42.393+0000] {dag.py:3722} INFO - Setting next_dagrun for dataset_produces_1 to 2023-11-04T00:00:00+00:00, run_after=2023-11-05T00:00:00+00:00
[2023-11-05T18:46:42.403+0000] {logging_mixin.py:151} INFO - [2023-11-05T18:46:42.403+0000] {dag.py:3722} INFO - Setting next_dagrun for dataset_produces_2 to None, run_after=None
[2023-11-05T18:46:42.484+0000] {processor.py:179} INFO - Processing /home/airflow/.local/lib/python3.8/site-packages/airflow/example_dags/example_datasets.py took 0.230 seconds
[2023-11-05T18:47:13.399+0000] {processor.py:157} INFO - Started process (PID=164) to work on /home/airflow/.local/lib/python3.8/site-packages/airflow/example_dags/example_datasets.py
[2023-11-05T18:47:13.408+0000] {processor.py:829} INFO - Processing file /home/airflow/.local/lib/python3.8/site-packages/airflow/example_dags/example_datasets.py for tasks to queue
[2023-11-05T18:47:13.436+0000] {logging_mixin.py:151} INFO - [2023-11-05T18:47:13.435+0000] {dagbag.py:536} INFO - Filling up the DagBag from /home/airflow/.local/lib/python3.8/site-packages/airflow/example_dags/example_datasets.py
[2023-11-05T18:47:13.455+0000] {processor.py:839} INFO - DAG(s) dict_keys(['dataset_consumes_1_never_scheduled', 'dataset_consumes_1_and_2', 'dataset_produces_1', 'dataset_consumes_1', 'dataset_produces_2', 'dataset_consumes_unknown_never_scheduled']) retrieved from /home/airflow/.local/lib/python3.8/site-packages/airflow/example_dags/example_datasets.py
[2023-11-05T18:47:13.533+0000] {logging_mixin.py:151} INFO - [2023-11-05T18:47:13.533+0000] {dag.py:2941} INFO - Sync 6 DAGs
[2023-11-05T18:47:13.562+0000] {logging_mixin.py:151} INFO - [2023-11-05T18:47:13.562+0000] {dag.py:3722} INFO - Setting next_dagrun for dataset_consumes_1 to None, run_after=None
[2023-11-05T18:47:13.570+0000] {logging_mixin.py:151} INFO - [2023-11-05T18:47:13.570+0000] {dag.py:3722} INFO - Setting next_dagrun for dataset_consumes_1_and_2 to None, run_after=None
[2023-11-05T18:47:13.575+0000] {logging_mixin.py:151} INFO - [2023-11-05T18:47:13.575+0000] {dag.py:3722} INFO - Setting next_dagrun for dataset_consumes_1_never_scheduled to None, run_after=None
[2023-11-05T18:47:13.583+0000] {logging_mixin.py:151} INFO - [2023-11-05T18:47:13.583+0000] {dag.py:3722} INFO - Setting next_dagrun for dataset_consumes_unknown_never_scheduled to None, run_after=None
[2023-11-05T18:47:13.586+0000] {logging_mixin.py:151} INFO - [2023-11-05T18:47:13.585+0000] {dag.py:3722} INFO - Setting next_dagrun for dataset_produces_1 to 2023-11-04T00:00:00+00:00, run_after=2023-11-05T00:00:00+00:00
[2023-11-05T18:47:13.590+0000] {logging_mixin.py:151} INFO - [2023-11-05T18:47:13.590+0000] {dag.py:3722} INFO - Setting next_dagrun for dataset_produces_2 to None, run_after=None
[2023-11-05T18:47:13.672+0000] {processor.py:179} INFO - Processing /home/airflow/.local/lib/python3.8/site-packages/airflow/example_dags/example_datasets.py took 0.276 seconds
[2023-11-05T18:47:43.951+0000] {processor.py:157} INFO - Started process (PID=219) to work on /home/airflow/.local/lib/python3.8/site-packages/airflow/example_dags/example_datasets.py
[2023-11-05T18:47:43.955+0000] {processor.py:829} INFO - Processing file /home/airflow/.local/lib/python3.8/site-packages/airflow/example_dags/example_datasets.py for tasks to queue
[2023-11-05T18:47:43.963+0000] {logging_mixin.py:151} INFO - [2023-11-05T18:47:43.962+0000] {dagbag.py:536} INFO - Filling up the DagBag from /home/airflow/.local/lib/python3.8/site-packages/airflow/example_dags/example_datasets.py
[2023-11-05T18:47:43.975+0000] {processor.py:839} INFO - DAG(s) dict_keys(['dataset_produces_1', 'dataset_produces_2', 'dataset_consumes_1_and_2', 'dataset_consumes_unknown_never_scheduled', 'dataset_consumes_1', 'dataset_consumes_1_never_scheduled']) retrieved from /home/airflow/.local/lib/python3.8/site-packages/airflow/example_dags/example_datasets.py
[2023-11-05T18:47:44.082+0000] {logging_mixin.py:151} INFO - [2023-11-05T18:47:44.082+0000] {dag.py:2941} INFO - Sync 6 DAGs
[2023-11-05T18:47:44.133+0000] {logging_mixin.py:151} INFO - [2023-11-05T18:47:44.128+0000] {dag.py:3722} INFO - Setting next_dagrun for dataset_consumes_1 to None, run_after=None
[2023-11-05T18:47:44.156+0000] {logging_mixin.py:151} INFO - [2023-11-05T18:47:44.156+0000] {dag.py:3722} INFO - Setting next_dagrun for dataset_consumes_1_and_2 to None, run_after=None
[2023-11-05T18:47:44.175+0000] {logging_mixin.py:151} INFO - [2023-11-05T18:47:44.174+0000] {dag.py:3722} INFO - Setting next_dagrun for dataset_consumes_1_never_scheduled to None, run_after=None
[2023-11-05T18:47:44.182+0000] {logging_mixin.py:151} INFO - [2023-11-05T18:47:44.182+0000] {dag.py:3722} INFO - Setting next_dagrun for dataset_consumes_unknown_never_scheduled to None, run_after=None
[2023-11-05T18:47:44.188+0000] {logging_mixin.py:151} INFO - [2023-11-05T18:47:44.188+0000] {dag.py:3722} INFO - Setting next_dagrun for dataset_produces_1 to 2023-11-04T00:00:00+00:00, run_after=2023-11-05T00:00:00+00:00
[2023-11-05T18:47:44.195+0000] {logging_mixin.py:151} INFO - [2023-11-05T18:47:44.195+0000] {dag.py:3722} INFO - Setting next_dagrun for dataset_produces_2 to None, run_after=None
[2023-11-05T18:47:44.296+0000] {processor.py:179} INFO - Processing /home/airflow/.local/lib/python3.8/site-packages/airflow/example_dags/example_datasets.py took 0.348 seconds
[2023-11-05T18:48:14.709+0000] {processor.py:157} INFO - Started process (PID=273) to work on /home/airflow/.local/lib/python3.8/site-packages/airflow/example_dags/example_datasets.py
[2023-11-05T18:48:14.716+0000] {processor.py:829} INFO - Processing file /home/airflow/.local/lib/python3.8/site-packages/airflow/example_dags/example_datasets.py for tasks to queue
[2023-11-05T18:48:14.725+0000] {logging_mixin.py:151} INFO - [2023-11-05T18:48:14.725+0000] {dagbag.py:536} INFO - Filling up the DagBag from /home/airflow/.local/lib/python3.8/site-packages/airflow/example_dags/example_datasets.py
[2023-11-05T18:48:14.741+0000] {processor.py:839} INFO - DAG(s) dict_keys(['dataset_consumes_1_never_scheduled', 'dataset_consumes_1_and_2', 'dataset_produces_2', 'dataset_consumes_unknown_never_scheduled', 'dataset_produces_1', 'dataset_consumes_1']) retrieved from /home/airflow/.local/lib/python3.8/site-packages/airflow/example_dags/example_datasets.py
[2023-11-05T18:48:14.862+0000] {logging_mixin.py:151} INFO - [2023-11-05T18:48:14.861+0000] {dag.py:2941} INFO - Sync 6 DAGs
[2023-11-05T18:48:14.889+0000] {logging_mixin.py:151} INFO - [2023-11-05T18:48:14.889+0000] {dag.py:3722} INFO - Setting next_dagrun for dataset_consumes_1 to None, run_after=None
[2023-11-05T18:48:14.897+0000] {logging_mixin.py:151} INFO - [2023-11-05T18:48:14.897+0000] {dag.py:3722} INFO - Setting next_dagrun for dataset_consumes_1_and_2 to None, run_after=None
[2023-11-05T18:48:14.900+0000] {logging_mixin.py:151} INFO - [2023-11-05T18:48:14.900+0000] {dag.py:3722} INFO - Setting next_dagrun for dataset_consumes_1_never_scheduled to None, run_after=None
[2023-11-05T18:48:14.910+0000] {logging_mixin.py:151} INFO - [2023-11-05T18:48:14.910+0000] {dag.py:3722} INFO - Setting next_dagrun for dataset_consumes_unknown_never_scheduled to None, run_after=None
[2023-11-05T18:48:14.921+0000] {logging_mixin.py:151} INFO - [2023-11-05T18:48:14.921+0000] {dag.py:3722} INFO - Setting next_dagrun for dataset_produces_1 to 2023-11-04T00:00:00+00:00, run_after=2023-11-05T00:00:00+00:00
[2023-11-05T18:48:14.924+0000] {logging_mixin.py:151} INFO - [2023-11-05T18:48:14.923+0000] {dag.py:3722} INFO - Setting next_dagrun for dataset_produces_2 to None, run_after=None
[2023-11-05T18:48:14.993+0000] {processor.py:179} INFO - Processing /home/airflow/.local/lib/python3.8/site-packages/airflow/example_dags/example_datasets.py took 0.289 seconds
[2023-11-05T18:48:45.145+0000] {processor.py:157} INFO - Started process (PID=326) to work on /home/airflow/.local/lib/python3.8/site-packages/airflow/example_dags/example_datasets.py
[2023-11-05T18:48:45.149+0000] {processor.py:829} INFO - Processing file /home/airflow/.local/lib/python3.8/site-packages/airflow/example_dags/example_datasets.py for tasks to queue
[2023-11-05T18:48:45.152+0000] {logging_mixin.py:151} INFO - [2023-11-05T18:48:45.152+0000] {dagbag.py:536} INFO - Filling up the DagBag from /home/airflow/.local/lib/python3.8/site-packages/airflow/example_dags/example_datasets.py
[2023-11-05T18:48:45.165+0000] {processor.py:839} INFO - DAG(s) dict_keys(['dataset_consumes_1_and_2', 'dataset_consumes_1_never_scheduled', 'dataset_consumes_1', 'dataset_produces_2', 'dataset_produces_1', 'dataset_consumes_unknown_never_scheduled']) retrieved from /home/airflow/.local/lib/python3.8/site-packages/airflow/example_dags/example_datasets.py
[2023-11-05T18:48:45.267+0000] {logging_mixin.py:151} INFO - [2023-11-05T18:48:45.267+0000] {dag.py:2941} INFO - Sync 6 DAGs
[2023-11-05T18:48:45.304+0000] {logging_mixin.py:151} INFO - [2023-11-05T18:48:45.304+0000] {dag.py:3722} INFO - Setting next_dagrun for dataset_consumes_1 to None, run_after=None
[2023-11-05T18:48:45.311+0000] {logging_mixin.py:151} INFO - [2023-11-05T18:48:45.311+0000] {dag.py:3722} INFO - Setting next_dagrun for dataset_consumes_1_and_2 to None, run_after=None
[2023-11-05T18:48:45.318+0000] {logging_mixin.py:151} INFO - [2023-11-05T18:48:45.318+0000] {dag.py:3722} INFO - Setting next_dagrun for dataset_consumes_1_never_scheduled to None, run_after=None
[2023-11-05T18:48:45.323+0000] {logging_mixin.py:151} INFO - [2023-11-05T18:48:45.322+0000] {dag.py:3722} INFO - Setting next_dagrun for dataset_consumes_unknown_never_scheduled to None, run_after=None
[2023-11-05T18:48:45.328+0000] {logging_mixin.py:151} INFO - [2023-11-05T18:48:45.327+0000] {dag.py:3722} INFO - Setting next_dagrun for dataset_produces_1 to 2023-11-04T00:00:00+00:00, run_after=2023-11-05T00:00:00+00:00
[2023-11-05T18:48:45.331+0000] {logging_mixin.py:151} INFO - [2023-11-05T18:48:45.331+0000] {dag.py:3722} INFO - Setting next_dagrun for dataset_produces_2 to None, run_after=None
[2023-11-05T18:48:45.402+0000] {processor.py:179} INFO - Processing /home/airflow/.local/lib/python3.8/site-packages/airflow/example_dags/example_datasets.py took 0.261 seconds
[2023-11-05T18:53:31.567+0000] {processor.py:157} INFO - Started process (PID=380) to work on /home/airflow/.local/lib/python3.8/site-packages/airflow/example_dags/example_datasets.py
[2023-11-05T18:53:31.568+0000] {processor.py:829} INFO - Processing file /home/airflow/.local/lib/python3.8/site-packages/airflow/example_dags/example_datasets.py for tasks to queue
[2023-11-05T18:53:31.570+0000] {logging_mixin.py:151} INFO - [2023-11-05T18:53:31.570+0000] {dagbag.py:536} INFO - Filling up the DagBag from /home/airflow/.local/lib/python3.8/site-packages/airflow/example_dags/example_datasets.py
[2023-11-05T18:53:31.577+0000] {processor.py:839} INFO - DAG(s) dict_keys(['dataset_consumes_1_and_2', 'dataset_consumes_1', 'dataset_produces_2', 'dataset_consumes_1_never_scheduled', 'dataset_consumes_unknown_never_scheduled', 'dataset_produces_1']) retrieved from /home/airflow/.local/lib/python3.8/site-packages/airflow/example_dags/example_datasets.py
[2023-11-05T18:53:31.609+0000] {logging_mixin.py:151} INFO - [2023-11-05T18:53:31.608+0000] {dag.py:2941} INFO - Sync 6 DAGs
[2023-11-05T18:53:31.628+0000] {logging_mixin.py:151} INFO - [2023-11-05T18:53:31.628+0000] {dag.py:3722} INFO - Setting next_dagrun for dataset_consumes_1 to None, run_after=None
[2023-11-05T18:53:31.631+0000] {logging_mixin.py:151} INFO - [2023-11-05T18:53:31.630+0000] {dag.py:3722} INFO - Setting next_dagrun for dataset_consumes_1_and_2 to None, run_after=None
[2023-11-05T18:53:31.632+0000] {logging_mixin.py:151} INFO - [2023-11-05T18:53:31.632+0000] {dag.py:3722} INFO - Setting next_dagrun for dataset_consumes_1_never_scheduled to None, run_after=None
[2023-11-05T18:53:31.633+0000] {logging_mixin.py:151} INFO - [2023-11-05T18:53:31.633+0000] {dag.py:3722} INFO - Setting next_dagrun for dataset_consumes_unknown_never_scheduled to None, run_after=None
[2023-11-05T18:53:31.635+0000] {logging_mixin.py:151} INFO - [2023-11-05T18:53:31.635+0000] {dag.py:3722} INFO - Setting next_dagrun for dataset_produces_1 to 2023-11-04T00:00:00+00:00, run_after=2023-11-05T00:00:00+00:00
[2023-11-05T18:53:31.636+0000] {logging_mixin.py:151} INFO - [2023-11-05T18:53:31.636+0000] {dag.py:3722} INFO - Setting next_dagrun for dataset_produces_2 to None, run_after=None
[2023-11-05T18:53:31.666+0000] {processor.py:179} INFO - Processing /home/airflow/.local/lib/python3.8/site-packages/airflow/example_dags/example_datasets.py took 0.102 seconds
[2023-11-05T18:54:03.914+0000] {processor.py:157} INFO - Started process (PID=434) to work on /home/airflow/.local/lib/python3.8/site-packages/airflow/example_dags/example_datasets.py
[2023-11-05T18:54:03.919+0000] {processor.py:829} INFO - Processing file /home/airflow/.local/lib/python3.8/site-packages/airflow/example_dags/example_datasets.py for tasks to queue
[2023-11-05T18:54:03.925+0000] {logging_mixin.py:151} INFO - [2023-11-05T18:54:03.925+0000] {dagbag.py:536} INFO - Filling up the DagBag from /home/airflow/.local/lib/python3.8/site-packages/airflow/example_dags/example_datasets.py
[2023-11-05T18:54:03.951+0000] {processor.py:839} INFO - DAG(s) dict_keys(['dataset_produces_2', 'dataset_produces_1', 'dataset_consumes_1_and_2', 'dataset_consumes_unknown_never_scheduled', 'dataset_consumes_1_never_scheduled', 'dataset_consumes_1']) retrieved from /home/airflow/.local/lib/python3.8/site-packages/airflow/example_dags/example_datasets.py
[2023-11-05T18:54:04.071+0000] {logging_mixin.py:151} INFO - [2023-11-05T18:54:04.070+0000] {dag.py:2941} INFO - Sync 6 DAGs
[2023-11-05T18:54:04.145+0000] {logging_mixin.py:151} INFO - [2023-11-05T18:54:04.144+0000] {dag.py:3722} INFO - Setting next_dagrun for dataset_consumes_1 to None, run_after=None
[2023-11-05T18:54:04.150+0000] {logging_mixin.py:151} INFO - [2023-11-05T18:54:04.150+0000] {dag.py:3722} INFO - Setting next_dagrun for dataset_consumes_1_and_2 to None, run_after=None
[2023-11-05T18:54:04.153+0000] {logging_mixin.py:151} INFO - [2023-11-05T18:54:04.152+0000] {dag.py:3722} INFO - Setting next_dagrun for dataset_consumes_1_never_scheduled to None, run_after=None
[2023-11-05T18:54:04.156+0000] {logging_mixin.py:151} INFO - [2023-11-05T18:54:04.155+0000] {dag.py:3722} INFO - Setting next_dagrun for dataset_consumes_unknown_never_scheduled to None, run_after=None
[2023-11-05T18:54:04.160+0000] {logging_mixin.py:151} INFO - [2023-11-05T18:54:04.160+0000] {dag.py:3722} INFO - Setting next_dagrun for dataset_produces_1 to 2023-11-04T00:00:00+00:00, run_after=2023-11-05T00:00:00+00:00
[2023-11-05T18:54:04.162+0000] {logging_mixin.py:151} INFO - [2023-11-05T18:54:04.162+0000] {dag.py:3722} INFO - Setting next_dagrun for dataset_produces_2 to None, run_after=None
[2023-11-05T18:54:04.208+0000] {processor.py:179} INFO - Processing /home/airflow/.local/lib/python3.8/site-packages/airflow/example_dags/example_datasets.py took 0.301 seconds
[2023-11-05T18:54:34.638+0000] {processor.py:157} INFO - Started process (PID=488) to work on /home/airflow/.local/lib/python3.8/site-packages/airflow/example_dags/example_datasets.py
[2023-11-05T18:54:34.639+0000] {processor.py:829} INFO - Processing file /home/airflow/.local/lib/python3.8/site-packages/airflow/example_dags/example_datasets.py for tasks to queue
[2023-11-05T18:54:34.640+0000] {logging_mixin.py:151} INFO - [2023-11-05T18:54:34.640+0000] {dagbag.py:536} INFO - Filling up the DagBag from /home/airflow/.local/lib/python3.8/site-packages/airflow/example_dags/example_datasets.py
[2023-11-05T18:54:34.646+0000] {processor.py:839} INFO - DAG(s) dict_keys(['dataset_consumes_1_never_scheduled', 'dataset_produces_2', 'dataset_produces_1', 'dataset_consumes_1_and_2', 'dataset_consumes_unknown_never_scheduled', 'dataset_consumes_1']) retrieved from /home/airflow/.local/lib/python3.8/site-packages/airflow/example_dags/example_datasets.py
[2023-11-05T18:54:34.689+0000] {logging_mixin.py:151} INFO - [2023-11-05T18:54:34.689+0000] {dag.py:2941} INFO - Sync 6 DAGs
[2023-11-05T18:54:34.705+0000] {logging_mixin.py:151} INFO - [2023-11-05T18:54:34.705+0000] {dag.py:3722} INFO - Setting next_dagrun for dataset_consumes_1 to None, run_after=None
[2023-11-05T18:54:34.707+0000] {logging_mixin.py:151} INFO - [2023-11-05T18:54:34.707+0000] {dag.py:3722} INFO - Setting next_dagrun for dataset_consumes_1_and_2 to None, run_after=None
[2023-11-05T18:54:34.711+0000] {logging_mixin.py:151} INFO - [2023-11-05T18:54:34.711+0000] {dag.py:3722} INFO - Setting next_dagrun for dataset_consumes_1_never_scheduled to None, run_after=None
[2023-11-05T18:54:34.712+0000] {logging_mixin.py:151} INFO - [2023-11-05T18:54:34.712+0000] {dag.py:3722} INFO - Setting next_dagrun for dataset_consumes_unknown_never_scheduled to None, run_after=None
[2023-11-05T18:54:34.714+0000] {logging_mixin.py:151} INFO - [2023-11-05T18:54:34.714+0000] {dag.py:3722} INFO - Setting next_dagrun for dataset_produces_1 to 2023-11-04T00:00:00+00:00, run_after=2023-11-05T00:00:00+00:00
[2023-11-05T18:54:34.715+0000] {logging_mixin.py:151} INFO - [2023-11-05T18:54:34.715+0000] {dag.py:3722} INFO - Setting next_dagrun for dataset_produces_2 to None, run_after=None
[2023-11-05T18:54:34.767+0000] {processor.py:179} INFO - Processing /home/airflow/.local/lib/python3.8/site-packages/airflow/example_dags/example_datasets.py took 0.132 seconds
