[2023-11-05T18:36:11.632+0000] {processor.py:157} INFO - Started process (PID=85) to work on /home/airflow/.local/lib/python3.8/site-packages/airflow/example_dags/example_bash_operator.py
[2023-11-05T18:36:11.644+0000] {processor.py:829} INFO - Processing file /home/airflow/.local/lib/python3.8/site-packages/airflow/example_dags/example_bash_operator.py for tasks to queue
[2023-11-05T18:36:11.665+0000] {logging_mixin.py:151} INFO - [2023-11-05T18:36:11.661+0000] {dagbag.py:536} INFO - Filling up the DagBag from /home/airflow/.local/lib/python3.8/site-packages/airflow/example_dags/example_bash_operator.py
[2023-11-05T18:36:11.713+0000] {processor.py:839} INFO - DAG(s) dict_keys(['example_bash_operator']) retrieved from /home/airflow/.local/lib/python3.8/site-packages/airflow/example_dags/example_bash_operator.py
[2023-11-05T18:36:11.911+0000] {logging_mixin.py:151} INFO - [2023-11-05T18:36:11.910+0000] {dag.py:2941} INFO - Sync 1 DAGs
[2023-11-05T18:36:12.009+0000] {logging_mixin.py:151} INFO - [2023-11-05T18:36:12.009+0000] {dag.py:3722} INFO - Setting next_dagrun for example_bash_operator to 2023-11-04T00:00:00+00:00, run_after=2023-11-05T00:00:00+00:00
[2023-11-05T18:36:12.208+0000] {processor.py:179} INFO - Processing /home/airflow/.local/lib/python3.8/site-packages/airflow/example_dags/example_bash_operator.py took 0.581 seconds
[2023-11-05T18:36:42.472+0000] {processor.py:157} INFO - Started process (PID=138) to work on /home/airflow/.local/lib/python3.8/site-packages/airflow/example_dags/example_bash_operator.py
[2023-11-05T18:36:42.477+0000] {processor.py:829} INFO - Processing file /home/airflow/.local/lib/python3.8/site-packages/airflow/example_dags/example_bash_operator.py for tasks to queue
[2023-11-05T18:36:42.487+0000] {logging_mixin.py:151} INFO - [2023-11-05T18:36:42.487+0000] {dagbag.py:536} INFO - Filling up the DagBag from /home/airflow/.local/lib/python3.8/site-packages/airflow/example_dags/example_bash_operator.py
[2023-11-05T18:36:42.504+0000] {processor.py:839} INFO - DAG(s) dict_keys(['example_bash_operator']) retrieved from /home/airflow/.local/lib/python3.8/site-packages/airflow/example_dags/example_bash_operator.py
[2023-11-05T18:36:42.568+0000] {logging_mixin.py:151} INFO - [2023-11-05T18:36:42.567+0000] {dag.py:2941} INFO - Sync 1 DAGs
[2023-11-05T18:36:42.596+0000] {logging_mixin.py:151} INFO - [2023-11-05T18:36:42.596+0000] {dag.py:3722} INFO - Setting next_dagrun for example_bash_operator to 2023-11-04T00:00:00+00:00, run_after=2023-11-05T00:00:00+00:00
[2023-11-05T18:36:42.666+0000] {processor.py:179} INFO - Processing /home/airflow/.local/lib/python3.8/site-packages/airflow/example_dags/example_bash_operator.py took 0.198 seconds
[2023-11-05T18:37:13.410+0000] {processor.py:157} INFO - Started process (PID=192) to work on /home/airflow/.local/lib/python3.8/site-packages/airflow/example_dags/example_bash_operator.py
[2023-11-05T18:37:13.419+0000] {processor.py:829} INFO - Processing file /home/airflow/.local/lib/python3.8/site-packages/airflow/example_dags/example_bash_operator.py for tasks to queue
[2023-11-05T18:37:13.430+0000] {logging_mixin.py:151} INFO - [2023-11-05T18:37:13.429+0000] {dagbag.py:536} INFO - Filling up the DagBag from /home/airflow/.local/lib/python3.8/site-packages/airflow/example_dags/example_bash_operator.py
[2023-11-05T18:37:13.448+0000] {processor.py:839} INFO - DAG(s) dict_keys(['example_bash_operator']) retrieved from /home/airflow/.local/lib/python3.8/site-packages/airflow/example_dags/example_bash_operator.py
[2023-11-05T18:37:13.506+0000] {logging_mixin.py:151} INFO - [2023-11-05T18:37:13.506+0000] {dag.py:2941} INFO - Sync 1 DAGs
[2023-11-05T18:37:13.558+0000] {logging_mixin.py:151} INFO - [2023-11-05T18:37:13.558+0000] {dag.py:3722} INFO - Setting next_dagrun for example_bash_operator to 2023-11-04T00:00:00+00:00, run_after=2023-11-05T00:00:00+00:00
[2023-11-05T18:37:13.650+0000] {processor.py:179} INFO - Processing /home/airflow/.local/lib/python3.8/site-packages/airflow/example_dags/example_bash_operator.py took 0.246 seconds
[2023-11-05T18:37:44.015+0000] {processor.py:157} INFO - Started process (PID=246) to work on /home/airflow/.local/lib/python3.8/site-packages/airflow/example_dags/example_bash_operator.py
[2023-11-05T18:37:44.028+0000] {processor.py:829} INFO - Processing file /home/airflow/.local/lib/python3.8/site-packages/airflow/example_dags/example_bash_operator.py for tasks to queue
[2023-11-05T18:37:44.038+0000] {logging_mixin.py:151} INFO - [2023-11-05T18:37:44.036+0000] {dagbag.py:536} INFO - Filling up the DagBag from /home/airflow/.local/lib/python3.8/site-packages/airflow/example_dags/example_bash_operator.py
[2023-11-05T18:37:44.065+0000] {processor.py:839} INFO - DAG(s) dict_keys(['example_bash_operator']) retrieved from /home/airflow/.local/lib/python3.8/site-packages/airflow/example_dags/example_bash_operator.py
[2023-11-05T18:37:44.120+0000] {logging_mixin.py:151} INFO - [2023-11-05T18:37:44.120+0000] {dag.py:2941} INFO - Sync 1 DAGs
[2023-11-05T18:37:44.203+0000] {logging_mixin.py:151} INFO - [2023-11-05T18:37:44.202+0000] {dag.py:3722} INFO - Setting next_dagrun for example_bash_operator to 2023-11-04T00:00:00+00:00, run_after=2023-11-05T00:00:00+00:00
[2023-11-05T18:37:44.258+0000] {processor.py:179} INFO - Processing /home/airflow/.local/lib/python3.8/site-packages/airflow/example_dags/example_bash_operator.py took 0.262 seconds
[2023-11-05T18:38:14.537+0000] {processor.py:157} INFO - Started process (PID=301) to work on /home/airflow/.local/lib/python3.8/site-packages/airflow/example_dags/example_bash_operator.py
[2023-11-05T18:38:14.544+0000] {processor.py:829} INFO - Processing file /home/airflow/.local/lib/python3.8/site-packages/airflow/example_dags/example_bash_operator.py for tasks to queue
[2023-11-05T18:38:14.553+0000] {logging_mixin.py:151} INFO - [2023-11-05T18:38:14.552+0000] {dagbag.py:536} INFO - Filling up the DagBag from /home/airflow/.local/lib/python3.8/site-packages/airflow/example_dags/example_bash_operator.py
[2023-11-05T18:38:14.574+0000] {processor.py:839} INFO - DAG(s) dict_keys(['example_bash_operator']) retrieved from /home/airflow/.local/lib/python3.8/site-packages/airflow/example_dags/example_bash_operator.py
[2023-11-05T18:38:14.644+0000] {logging_mixin.py:151} INFO - [2023-11-05T18:38:14.644+0000] {dag.py:2941} INFO - Sync 1 DAGs
[2023-11-05T18:38:14.673+0000] {logging_mixin.py:151} INFO - [2023-11-05T18:38:14.672+0000] {dag.py:3722} INFO - Setting next_dagrun for example_bash_operator to 2023-11-04T00:00:00+00:00, run_after=2023-11-05T00:00:00+00:00
[2023-11-05T18:38:14.736+0000] {processor.py:179} INFO - Processing /home/airflow/.local/lib/python3.8/site-packages/airflow/example_dags/example_bash_operator.py took 0.203 seconds
[2023-11-05T18:38:44.978+0000] {processor.py:157} INFO - Started process (PID=355) to work on /home/airflow/.local/lib/python3.8/site-packages/airflow/example_dags/example_bash_operator.py
[2023-11-05T18:38:44.983+0000] {processor.py:829} INFO - Processing file /home/airflow/.local/lib/python3.8/site-packages/airflow/example_dags/example_bash_operator.py for tasks to queue
[2023-11-05T18:38:44.992+0000] {logging_mixin.py:151} INFO - [2023-11-05T18:38:44.992+0000] {dagbag.py:536} INFO - Filling up the DagBag from /home/airflow/.local/lib/python3.8/site-packages/airflow/example_dags/example_bash_operator.py
[2023-11-05T18:38:45.001+0000] {processor.py:839} INFO - DAG(s) dict_keys(['example_bash_operator']) retrieved from /home/airflow/.local/lib/python3.8/site-packages/airflow/example_dags/example_bash_operator.py
[2023-11-05T18:38:45.057+0000] {logging_mixin.py:151} INFO - [2023-11-05T18:38:45.056+0000] {dag.py:2941} INFO - Sync 1 DAGs
[2023-11-05T18:38:45.097+0000] {logging_mixin.py:151} INFO - [2023-11-05T18:38:45.097+0000] {dag.py:3722} INFO - Setting next_dagrun for example_bash_operator to 2023-11-04T00:00:00+00:00, run_after=2023-11-05T00:00:00+00:00
[2023-11-05T18:38:45.184+0000] {processor.py:179} INFO - Processing /home/airflow/.local/lib/python3.8/site-packages/airflow/example_dags/example_bash_operator.py took 0.208 seconds
[2023-11-05T18:39:15.306+0000] {processor.py:157} INFO - Started process (PID=409) to work on /home/airflow/.local/lib/python3.8/site-packages/airflow/example_dags/example_bash_operator.py
[2023-11-05T18:39:15.323+0000] {processor.py:829} INFO - Processing file /home/airflow/.local/lib/python3.8/site-packages/airflow/example_dags/example_bash_operator.py for tasks to queue
[2023-11-05T18:39:15.339+0000] {logging_mixin.py:151} INFO - [2023-11-05T18:39:15.338+0000] {dagbag.py:536} INFO - Filling up the DagBag from /home/airflow/.local/lib/python3.8/site-packages/airflow/example_dags/example_bash_operator.py
[2023-11-05T18:39:15.355+0000] {processor.py:839} INFO - DAG(s) dict_keys(['example_bash_operator']) retrieved from /home/airflow/.local/lib/python3.8/site-packages/airflow/example_dags/example_bash_operator.py
[2023-11-05T18:39:15.429+0000] {logging_mixin.py:151} INFO - [2023-11-05T18:39:15.429+0000] {dag.py:2941} INFO - Sync 1 DAGs
[2023-11-05T18:39:15.462+0000] {logging_mixin.py:151} INFO - [2023-11-05T18:39:15.461+0000] {dag.py:3722} INFO - Setting next_dagrun for example_bash_operator to 2023-11-04T00:00:00+00:00, run_after=2023-11-05T00:00:00+00:00
[2023-11-05T18:39:15.523+0000] {processor.py:179} INFO - Processing /home/airflow/.local/lib/python3.8/site-packages/airflow/example_dags/example_bash_operator.py took 0.219 seconds
[2023-11-05T18:39:46.018+0000] {processor.py:157} INFO - Started process (PID=463) to work on /home/airflow/.local/lib/python3.8/site-packages/airflow/example_dags/example_bash_operator.py
[2023-11-05T18:39:46.022+0000] {processor.py:829} INFO - Processing file /home/airflow/.local/lib/python3.8/site-packages/airflow/example_dags/example_bash_operator.py for tasks to queue
[2023-11-05T18:39:46.026+0000] {logging_mixin.py:151} INFO - [2023-11-05T18:39:46.026+0000] {dagbag.py:536} INFO - Filling up the DagBag from /home/airflow/.local/lib/python3.8/site-packages/airflow/example_dags/example_bash_operator.py
[2023-11-05T18:39:46.059+0000] {processor.py:839} INFO - DAG(s) dict_keys(['example_bash_operator']) retrieved from /home/airflow/.local/lib/python3.8/site-packages/airflow/example_dags/example_bash_operator.py
[2023-11-05T18:39:46.155+0000] {logging_mixin.py:151} INFO - [2023-11-05T18:39:46.154+0000] {dag.py:2941} INFO - Sync 1 DAGs
[2023-11-05T18:39:46.250+0000] {logging_mixin.py:151} INFO - [2023-11-05T18:39:46.250+0000] {dag.py:3722} INFO - Setting next_dagrun for example_bash_operator to 2023-11-04T00:00:00+00:00, run_after=2023-11-05T00:00:00+00:00
[2023-11-05T18:39:46.307+0000] {processor.py:179} INFO - Processing /home/airflow/.local/lib/python3.8/site-packages/airflow/example_dags/example_bash_operator.py took 0.300 seconds
[2023-11-05T18:40:16.670+0000] {processor.py:157} INFO - Started process (PID=515) to work on /home/airflow/.local/lib/python3.8/site-packages/airflow/example_dags/example_bash_operator.py
[2023-11-05T18:40:16.672+0000] {processor.py:829} INFO - Processing file /home/airflow/.local/lib/python3.8/site-packages/airflow/example_dags/example_bash_operator.py for tasks to queue
[2023-11-05T18:40:16.675+0000] {logging_mixin.py:151} INFO - [2023-11-05T18:40:16.675+0000] {dagbag.py:536} INFO - Filling up the DagBag from /home/airflow/.local/lib/python3.8/site-packages/airflow/example_dags/example_bash_operator.py
[2023-11-05T18:40:16.687+0000] {processor.py:839} INFO - DAG(s) dict_keys(['example_bash_operator']) retrieved from /home/airflow/.local/lib/python3.8/site-packages/airflow/example_dags/example_bash_operator.py
[2023-11-05T18:40:16.718+0000] {logging_mixin.py:151} INFO - [2023-11-05T18:40:16.718+0000] {dag.py:2941} INFO - Sync 1 DAGs
[2023-11-05T18:40:16.738+0000] {logging_mixin.py:151} INFO - [2023-11-05T18:40:16.738+0000] {dag.py:3722} INFO - Setting next_dagrun for example_bash_operator to 2023-11-04T00:00:00+00:00, run_after=2023-11-05T00:00:00+00:00
[2023-11-05T18:40:16.761+0000] {processor.py:179} INFO - Processing /home/airflow/.local/lib/python3.8/site-packages/airflow/example_dags/example_bash_operator.py took 0.094 seconds
[2023-11-05T18:40:47.614+0000] {processor.py:157} INFO - Started process (PID=569) to work on /home/airflow/.local/lib/python3.8/site-packages/airflow/example_dags/example_bash_operator.py
[2023-11-05T18:40:47.616+0000] {processor.py:829} INFO - Processing file /home/airflow/.local/lib/python3.8/site-packages/airflow/example_dags/example_bash_operator.py for tasks to queue
[2023-11-05T18:40:47.618+0000] {logging_mixin.py:151} INFO - [2023-11-05T18:40:47.618+0000] {dagbag.py:536} INFO - Filling up the DagBag from /home/airflow/.local/lib/python3.8/site-packages/airflow/example_dags/example_bash_operator.py
[2023-11-05T18:40:47.626+0000] {processor.py:839} INFO - DAG(s) dict_keys(['example_bash_operator']) retrieved from /home/airflow/.local/lib/python3.8/site-packages/airflow/example_dags/example_bash_operator.py
[2023-11-05T18:40:47.648+0000] {logging_mixin.py:151} INFO - [2023-11-05T18:40:47.648+0000] {dag.py:2941} INFO - Sync 1 DAGs
[2023-11-05T18:40:47.687+0000] {logging_mixin.py:151} INFO - [2023-11-05T18:40:47.687+0000] {dag.py:3722} INFO - Setting next_dagrun for example_bash_operator to 2023-11-04T00:00:00+00:00, run_after=2023-11-05T00:00:00+00:00
[2023-11-05T18:40:47.771+0000] {processor.py:179} INFO - Processing /home/airflow/.local/lib/python3.8/site-packages/airflow/example_dags/example_bash_operator.py took 0.160 seconds
[2023-11-05T18:41:18.733+0000] {processor.py:157} INFO - Started process (PID=624) to work on /home/airflow/.local/lib/python3.8/site-packages/airflow/example_dags/example_bash_operator.py
[2023-11-05T18:41:18.734+0000] {processor.py:829} INFO - Processing file /home/airflow/.local/lib/python3.8/site-packages/airflow/example_dags/example_bash_operator.py for tasks to queue
[2023-11-05T18:41:18.736+0000] {logging_mixin.py:151} INFO - [2023-11-05T18:41:18.736+0000] {dagbag.py:536} INFO - Filling up the DagBag from /home/airflow/.local/lib/python3.8/site-packages/airflow/example_dags/example_bash_operator.py
[2023-11-05T18:41:18.745+0000] {processor.py:839} INFO - DAG(s) dict_keys(['example_bash_operator']) retrieved from /home/airflow/.local/lib/python3.8/site-packages/airflow/example_dags/example_bash_operator.py
[2023-11-05T18:41:18.767+0000] {logging_mixin.py:151} INFO - [2023-11-05T18:41:18.767+0000] {dag.py:2941} INFO - Sync 1 DAGs
[2023-11-05T18:41:18.781+0000] {logging_mixin.py:151} INFO - [2023-11-05T18:41:18.781+0000] {dag.py:3722} INFO - Setting next_dagrun for example_bash_operator to 2023-11-04T00:00:00+00:00, run_after=2023-11-05T00:00:00+00:00
[2023-11-05T18:41:18.799+0000] {processor.py:179} INFO - Processing /home/airflow/.local/lib/python3.8/site-packages/airflow/example_dags/example_bash_operator.py took 0.070 seconds
[2023-11-05T18:41:49.059+0000] {processor.py:157} INFO - Started process (PID=677) to work on /home/airflow/.local/lib/python3.8/site-packages/airflow/example_dags/example_bash_operator.py
[2023-11-05T18:41:49.061+0000] {processor.py:829} INFO - Processing file /home/airflow/.local/lib/python3.8/site-packages/airflow/example_dags/example_bash_operator.py for tasks to queue
[2023-11-05T18:41:49.062+0000] {logging_mixin.py:151} INFO - [2023-11-05T18:41:49.062+0000] {dagbag.py:536} INFO - Filling up the DagBag from /home/airflow/.local/lib/python3.8/site-packages/airflow/example_dags/example_bash_operator.py
[2023-11-05T18:41:49.070+0000] {processor.py:839} INFO - DAG(s) dict_keys(['example_bash_operator']) retrieved from /home/airflow/.local/lib/python3.8/site-packages/airflow/example_dags/example_bash_operator.py
[2023-11-05T18:41:49.094+0000] {logging_mixin.py:151} INFO - [2023-11-05T18:41:49.094+0000] {dag.py:2941} INFO - Sync 1 DAGs
[2023-11-05T18:41:49.110+0000] {logging_mixin.py:151} INFO - [2023-11-05T18:41:49.110+0000] {dag.py:3722} INFO - Setting next_dagrun for example_bash_operator to 2023-11-04T00:00:00+00:00, run_after=2023-11-05T00:00:00+00:00
[2023-11-05T18:41:49.132+0000] {processor.py:179} INFO - Processing /home/airflow/.local/lib/python3.8/site-packages/airflow/example_dags/example_bash_operator.py took 0.078 seconds
[2023-11-05T18:42:19.986+0000] {processor.py:157} INFO - Started process (PID=731) to work on /home/airflow/.local/lib/python3.8/site-packages/airflow/example_dags/example_bash_operator.py
[2023-11-05T18:42:19.988+0000] {processor.py:829} INFO - Processing file /home/airflow/.local/lib/python3.8/site-packages/airflow/example_dags/example_bash_operator.py for tasks to queue
[2023-11-05T18:42:19.991+0000] {logging_mixin.py:151} INFO - [2023-11-05T18:42:19.990+0000] {dagbag.py:536} INFO - Filling up the DagBag from /home/airflow/.local/lib/python3.8/site-packages/airflow/example_dags/example_bash_operator.py
[2023-11-05T18:42:20.003+0000] {processor.py:839} INFO - DAG(s) dict_keys(['example_bash_operator']) retrieved from /home/airflow/.local/lib/python3.8/site-packages/airflow/example_dags/example_bash_operator.py
[2023-11-05T18:42:20.035+0000] {logging_mixin.py:151} INFO - [2023-11-05T18:42:20.035+0000] {dag.py:2941} INFO - Sync 1 DAGs
[2023-11-05T18:42:20.052+0000] {logging_mixin.py:151} INFO - [2023-11-05T18:42:20.052+0000] {dag.py:3722} INFO - Setting next_dagrun for example_bash_operator to 2023-11-04T00:00:00+00:00, run_after=2023-11-05T00:00:00+00:00
[2023-11-05T18:42:20.074+0000] {processor.py:179} INFO - Processing /home/airflow/.local/lib/python3.8/site-packages/airflow/example_dags/example_bash_operator.py took 0.095 seconds
[2023-11-05T18:42:50.874+0000] {processor.py:157} INFO - Started process (PID=785) to work on /home/airflow/.local/lib/python3.8/site-packages/airflow/example_dags/example_bash_operator.py
[2023-11-05T18:42:50.875+0000] {processor.py:829} INFO - Processing file /home/airflow/.local/lib/python3.8/site-packages/airflow/example_dags/example_bash_operator.py for tasks to queue
[2023-11-05T18:42:50.877+0000] {logging_mixin.py:151} INFO - [2023-11-05T18:42:50.877+0000] {dagbag.py:536} INFO - Filling up the DagBag from /home/airflow/.local/lib/python3.8/site-packages/airflow/example_dags/example_bash_operator.py
[2023-11-05T18:42:50.885+0000] {processor.py:839} INFO - DAG(s) dict_keys(['example_bash_operator']) retrieved from /home/airflow/.local/lib/python3.8/site-packages/airflow/example_dags/example_bash_operator.py
[2023-11-05T18:42:50.903+0000] {logging_mixin.py:151} INFO - [2023-11-05T18:42:50.903+0000] {dag.py:2941} INFO - Sync 1 DAGs
[2023-11-05T18:42:50.918+0000] {logging_mixin.py:151} INFO - [2023-11-05T18:42:50.918+0000] {dag.py:3722} INFO - Setting next_dagrun for example_bash_operator to 2023-11-04T00:00:00+00:00, run_after=2023-11-05T00:00:00+00:00
[2023-11-05T18:42:50.937+0000] {processor.py:179} INFO - Processing /home/airflow/.local/lib/python3.8/site-packages/airflow/example_dags/example_bash_operator.py took 0.066 seconds
[2023-11-05T18:43:21.384+0000] {processor.py:157} INFO - Started process (PID=839) to work on /home/airflow/.local/lib/python3.8/site-packages/airflow/example_dags/example_bash_operator.py
[2023-11-05T18:43:21.389+0000] {processor.py:829} INFO - Processing file /home/airflow/.local/lib/python3.8/site-packages/airflow/example_dags/example_bash_operator.py for tasks to queue
[2023-11-05T18:43:21.391+0000] {logging_mixin.py:151} INFO - [2023-11-05T18:43:21.391+0000] {dagbag.py:536} INFO - Filling up the DagBag from /home/airflow/.local/lib/python3.8/site-packages/airflow/example_dags/example_bash_operator.py
[2023-11-05T18:43:21.401+0000] {processor.py:839} INFO - DAG(s) dict_keys(['example_bash_operator']) retrieved from /home/airflow/.local/lib/python3.8/site-packages/airflow/example_dags/example_bash_operator.py
[2023-11-05T18:43:21.424+0000] {logging_mixin.py:151} INFO - [2023-11-05T18:43:21.423+0000] {dag.py:2941} INFO - Sync 1 DAGs
[2023-11-05T18:43:21.448+0000] {logging_mixin.py:151} INFO - [2023-11-05T18:43:21.448+0000] {dag.py:3722} INFO - Setting next_dagrun for example_bash_operator to 2023-11-04T00:00:00+00:00, run_after=2023-11-05T00:00:00+00:00
[2023-11-05T18:43:21.472+0000] {processor.py:179} INFO - Processing /home/airflow/.local/lib/python3.8/site-packages/airflow/example_dags/example_bash_operator.py took 0.092 seconds
[2023-11-05T18:43:51.610+0000] {processor.py:157} INFO - Started process (PID=894) to work on /home/airflow/.local/lib/python3.8/site-packages/airflow/example_dags/example_bash_operator.py
[2023-11-05T18:43:51.613+0000] {processor.py:829} INFO - Processing file /home/airflow/.local/lib/python3.8/site-packages/airflow/example_dags/example_bash_operator.py for tasks to queue
[2023-11-05T18:43:51.624+0000] {logging_mixin.py:151} INFO - [2023-11-05T18:43:51.623+0000] {dagbag.py:536} INFO - Filling up the DagBag from /home/airflow/.local/lib/python3.8/site-packages/airflow/example_dags/example_bash_operator.py
[2023-11-05T18:43:51.644+0000] {processor.py:839} INFO - DAG(s) dict_keys(['example_bash_operator']) retrieved from /home/airflow/.local/lib/python3.8/site-packages/airflow/example_dags/example_bash_operator.py
[2023-11-05T18:43:51.702+0000] {logging_mixin.py:151} INFO - [2023-11-05T18:43:51.702+0000] {dag.py:2941} INFO - Sync 1 DAGs
[2023-11-05T18:43:51.746+0000] {logging_mixin.py:151} INFO - [2023-11-05T18:43:51.745+0000] {dag.py:3722} INFO - Setting next_dagrun for example_bash_operator to 2023-11-04T00:00:00+00:00, run_after=2023-11-05T00:00:00+00:00
[2023-11-05T18:43:51.823+0000] {processor.py:179} INFO - Processing /home/airflow/.local/lib/python3.8/site-packages/airflow/example_dags/example_bash_operator.py took 0.216 seconds
[2023-11-05T18:44:22.792+0000] {processor.py:157} INFO - Started process (PID=949) to work on /home/airflow/.local/lib/python3.8/site-packages/airflow/example_dags/example_bash_operator.py
[2023-11-05T18:44:22.794+0000] {processor.py:829} INFO - Processing file /home/airflow/.local/lib/python3.8/site-packages/airflow/example_dags/example_bash_operator.py for tasks to queue
[2023-11-05T18:44:22.796+0000] {logging_mixin.py:151} INFO - [2023-11-05T18:44:22.796+0000] {dagbag.py:536} INFO - Filling up the DagBag from /home/airflow/.local/lib/python3.8/site-packages/airflow/example_dags/example_bash_operator.py
[2023-11-05T18:44:22.804+0000] {processor.py:839} INFO - DAG(s) dict_keys(['example_bash_operator']) retrieved from /home/airflow/.local/lib/python3.8/site-packages/airflow/example_dags/example_bash_operator.py
[2023-11-05T18:44:22.826+0000] {logging_mixin.py:151} INFO - [2023-11-05T18:44:22.826+0000] {dag.py:2941} INFO - Sync 1 DAGs
[2023-11-05T18:44:22.840+0000] {logging_mixin.py:151} INFO - [2023-11-05T18:44:22.840+0000] {dag.py:3722} INFO - Setting next_dagrun for example_bash_operator to 2023-11-04T00:00:00+00:00, run_after=2023-11-05T00:00:00+00:00
[2023-11-05T18:44:22.866+0000] {processor.py:179} INFO - Processing /home/airflow/.local/lib/python3.8/site-packages/airflow/example_dags/example_bash_operator.py took 0.076 seconds
[2023-11-05T18:44:53.572+0000] {processor.py:157} INFO - Started process (PID=1002) to work on /home/airflow/.local/lib/python3.8/site-packages/airflow/example_dags/example_bash_operator.py
[2023-11-05T18:44:53.574+0000] {processor.py:829} INFO - Processing file /home/airflow/.local/lib/python3.8/site-packages/airflow/example_dags/example_bash_operator.py for tasks to queue
[2023-11-05T18:44:53.576+0000] {logging_mixin.py:151} INFO - [2023-11-05T18:44:53.576+0000] {dagbag.py:536} INFO - Filling up the DagBag from /home/airflow/.local/lib/python3.8/site-packages/airflow/example_dags/example_bash_operator.py
[2023-11-05T18:44:53.584+0000] {processor.py:839} INFO - DAG(s) dict_keys(['example_bash_operator']) retrieved from /home/airflow/.local/lib/python3.8/site-packages/airflow/example_dags/example_bash_operator.py
[2023-11-05T18:44:53.605+0000] {logging_mixin.py:151} INFO - [2023-11-05T18:44:53.605+0000] {dag.py:2941} INFO - Sync 1 DAGs
[2023-11-05T18:44:53.619+0000] {logging_mixin.py:151} INFO - [2023-11-05T18:44:53.618+0000] {dag.py:3722} INFO - Setting next_dagrun for example_bash_operator to 2023-11-04T00:00:00+00:00, run_after=2023-11-05T00:00:00+00:00
[2023-11-05T18:44:53.639+0000] {processor.py:179} INFO - Processing /home/airflow/.local/lib/python3.8/site-packages/airflow/example_dags/example_bash_operator.py took 0.069 seconds
[2023-11-05T18:46:15.395+0000] {processor.py:157} INFO - Started process (PID=78) to work on /home/airflow/.local/lib/python3.8/site-packages/airflow/example_dags/example_bash_operator.py
[2023-11-05T18:46:15.398+0000] {processor.py:829} INFO - Processing file /home/airflow/.local/lib/python3.8/site-packages/airflow/example_dags/example_bash_operator.py for tasks to queue
[2023-11-05T18:46:15.409+0000] {logging_mixin.py:151} INFO - [2023-11-05T18:46:15.409+0000] {dagbag.py:536} INFO - Filling up the DagBag from /home/airflow/.local/lib/python3.8/site-packages/airflow/example_dags/example_bash_operator.py
[2023-11-05T18:46:15.452+0000] {processor.py:839} INFO - DAG(s) dict_keys(['example_bash_operator']) retrieved from /home/airflow/.local/lib/python3.8/site-packages/airflow/example_dags/example_bash_operator.py
[2023-11-05T18:46:15.501+0000] {logging_mixin.py:151} INFO - [2023-11-05T18:46:15.500+0000] {dag.py:2941} INFO - Sync 1 DAGs
[2023-11-05T18:46:15.541+0000] {logging_mixin.py:151} INFO - [2023-11-05T18:46:15.541+0000] {dag.py:3722} INFO - Setting next_dagrun for example_bash_operator to 2023-11-04T00:00:00+00:00, run_after=2023-11-05T00:00:00+00:00
[2023-11-05T18:46:15.602+0000] {processor.py:179} INFO - Processing /home/airflow/.local/lib/python3.8/site-packages/airflow/example_dags/example_bash_operator.py took 0.215 seconds
[2023-11-05T18:46:45.773+0000] {processor.py:157} INFO - Started process (PID=132) to work on /home/airflow/.local/lib/python3.8/site-packages/airflow/example_dags/example_bash_operator.py
[2023-11-05T18:46:45.782+0000] {processor.py:829} INFO - Processing file /home/airflow/.local/lib/python3.8/site-packages/airflow/example_dags/example_bash_operator.py for tasks to queue
[2023-11-05T18:46:45.785+0000] {logging_mixin.py:151} INFO - [2023-11-05T18:46:45.785+0000] {dagbag.py:536} INFO - Filling up the DagBag from /home/airflow/.local/lib/python3.8/site-packages/airflow/example_dags/example_bash_operator.py
[2023-11-05T18:46:45.804+0000] {processor.py:839} INFO - DAG(s) dict_keys(['example_bash_operator']) retrieved from /home/airflow/.local/lib/python3.8/site-packages/airflow/example_dags/example_bash_operator.py
[2023-11-05T18:46:45.842+0000] {logging_mixin.py:151} INFO - [2023-11-05T18:46:45.842+0000] {dag.py:2941} INFO - Sync 1 DAGs
[2023-11-05T18:46:45.878+0000] {logging_mixin.py:151} INFO - [2023-11-05T18:46:45.878+0000] {dag.py:3722} INFO - Setting next_dagrun for example_bash_operator to 2023-11-04T00:00:00+00:00, run_after=2023-11-05T00:00:00+00:00
[2023-11-05T18:46:45.924+0000] {processor.py:179} INFO - Processing /home/airflow/.local/lib/python3.8/site-packages/airflow/example_dags/example_bash_operator.py took 0.156 seconds
[2023-11-05T18:47:16.078+0000] {processor.py:157} INFO - Started process (PID=186) to work on /home/airflow/.local/lib/python3.8/site-packages/airflow/example_dags/example_bash_operator.py
[2023-11-05T18:47:16.078+0000] {processor.py:829} INFO - Processing file /home/airflow/.local/lib/python3.8/site-packages/airflow/example_dags/example_bash_operator.py for tasks to queue
[2023-11-05T18:47:16.084+0000] {logging_mixin.py:151} INFO - [2023-11-05T18:47:16.084+0000] {dagbag.py:536} INFO - Filling up the DagBag from /home/airflow/.local/lib/python3.8/site-packages/airflow/example_dags/example_bash_operator.py
[2023-11-05T18:47:16.092+0000] {processor.py:839} INFO - DAG(s) dict_keys(['example_bash_operator']) retrieved from /home/airflow/.local/lib/python3.8/site-packages/airflow/example_dags/example_bash_operator.py
[2023-11-05T18:47:16.135+0000] {logging_mixin.py:151} INFO - [2023-11-05T18:47:16.134+0000] {dag.py:2941} INFO - Sync 1 DAGs
[2023-11-05T18:47:16.165+0000] {logging_mixin.py:151} INFO - [2023-11-05T18:47:16.165+0000] {dag.py:3722} INFO - Setting next_dagrun for example_bash_operator to 2023-11-04T00:00:00+00:00, run_after=2023-11-05T00:00:00+00:00
[2023-11-05T18:47:16.218+0000] {processor.py:179} INFO - Processing /home/airflow/.local/lib/python3.8/site-packages/airflow/example_dags/example_bash_operator.py took 0.143 seconds
[2023-11-05T18:47:46.519+0000] {processor.py:157} INFO - Started process (PID=240) to work on /home/airflow/.local/lib/python3.8/site-packages/airflow/example_dags/example_bash_operator.py
[2023-11-05T18:47:46.526+0000] {processor.py:829} INFO - Processing file /home/airflow/.local/lib/python3.8/site-packages/airflow/example_dags/example_bash_operator.py for tasks to queue
[2023-11-05T18:47:46.529+0000] {logging_mixin.py:151} INFO - [2023-11-05T18:47:46.528+0000] {dagbag.py:536} INFO - Filling up the DagBag from /home/airflow/.local/lib/python3.8/site-packages/airflow/example_dags/example_bash_operator.py
[2023-11-05T18:47:46.546+0000] {processor.py:839} INFO - DAG(s) dict_keys(['example_bash_operator']) retrieved from /home/airflow/.local/lib/python3.8/site-packages/airflow/example_dags/example_bash_operator.py
[2023-11-05T18:47:46.637+0000] {logging_mixin.py:151} INFO - [2023-11-05T18:47:46.636+0000] {dag.py:2941} INFO - Sync 1 DAGs
[2023-11-05T18:47:46.671+0000] {logging_mixin.py:151} INFO - [2023-11-05T18:47:46.670+0000] {dag.py:3722} INFO - Setting next_dagrun for example_bash_operator to 2023-11-04T00:00:00+00:00, run_after=2023-11-05T00:00:00+00:00
[2023-11-05T18:47:46.701+0000] {processor.py:179} INFO - Processing /home/airflow/.local/lib/python3.8/site-packages/airflow/example_dags/example_bash_operator.py took 0.187 seconds
[2023-11-05T18:48:17.276+0000] {processor.py:157} INFO - Started process (PID=294) to work on /home/airflow/.local/lib/python3.8/site-packages/airflow/example_dags/example_bash_operator.py
[2023-11-05T18:48:17.285+0000] {processor.py:829} INFO - Processing file /home/airflow/.local/lib/python3.8/site-packages/airflow/example_dags/example_bash_operator.py for tasks to queue
[2023-11-05T18:48:17.288+0000] {logging_mixin.py:151} INFO - [2023-11-05T18:48:17.288+0000] {dagbag.py:536} INFO - Filling up the DagBag from /home/airflow/.local/lib/python3.8/site-packages/airflow/example_dags/example_bash_operator.py
[2023-11-05T18:48:17.298+0000] {processor.py:839} INFO - DAG(s) dict_keys(['example_bash_operator']) retrieved from /home/airflow/.local/lib/python3.8/site-packages/airflow/example_dags/example_bash_operator.py
[2023-11-05T18:48:17.349+0000] {logging_mixin.py:151} INFO - [2023-11-05T18:48:17.349+0000] {dag.py:2941} INFO - Sync 1 DAGs
[2023-11-05T18:48:17.381+0000] {logging_mixin.py:151} INFO - [2023-11-05T18:48:17.381+0000] {dag.py:3722} INFO - Setting next_dagrun for example_bash_operator to 2023-11-04T00:00:00+00:00, run_after=2023-11-05T00:00:00+00:00
[2023-11-05T18:48:17.406+0000] {processor.py:179} INFO - Processing /home/airflow/.local/lib/python3.8/site-packages/airflow/example_dags/example_bash_operator.py took 0.132 seconds
[2023-11-05T18:48:48.048+0000] {processor.py:157} INFO - Started process (PID=348) to work on /home/airflow/.local/lib/python3.8/site-packages/airflow/example_dags/example_bash_operator.py
[2023-11-05T18:48:48.057+0000] {processor.py:829} INFO - Processing file /home/airflow/.local/lib/python3.8/site-packages/airflow/example_dags/example_bash_operator.py for tasks to queue
[2023-11-05T18:48:48.063+0000] {logging_mixin.py:151} INFO - [2023-11-05T18:48:48.063+0000] {dagbag.py:536} INFO - Filling up the DagBag from /home/airflow/.local/lib/python3.8/site-packages/airflow/example_dags/example_bash_operator.py
[2023-11-05T18:48:48.072+0000] {processor.py:839} INFO - DAG(s) dict_keys(['example_bash_operator']) retrieved from /home/airflow/.local/lib/python3.8/site-packages/airflow/example_dags/example_bash_operator.py
[2023-11-05T18:48:48.106+0000] {logging_mixin.py:151} INFO - [2023-11-05T18:48:48.106+0000] {dag.py:2941} INFO - Sync 1 DAGs
[2023-11-05T18:48:48.129+0000] {logging_mixin.py:151} INFO - [2023-11-05T18:48:48.129+0000] {dag.py:3722} INFO - Setting next_dagrun for example_bash_operator to 2023-11-04T00:00:00+00:00, run_after=2023-11-05T00:00:00+00:00
[2023-11-05T18:48:48.172+0000] {processor.py:179} INFO - Processing /home/airflow/.local/lib/python3.8/site-packages/airflow/example_dags/example_bash_operator.py took 0.129 seconds
[2023-11-05T18:53:33.375+0000] {processor.py:157} INFO - Started process (PID=402) to work on /home/airflow/.local/lib/python3.8/site-packages/airflow/example_dags/example_bash_operator.py
[2023-11-05T18:53:33.377+0000] {processor.py:829} INFO - Processing file /home/airflow/.local/lib/python3.8/site-packages/airflow/example_dags/example_bash_operator.py for tasks to queue
[2023-11-05T18:53:33.379+0000] {logging_mixin.py:151} INFO - [2023-11-05T18:53:33.379+0000] {dagbag.py:536} INFO - Filling up the DagBag from /home/airflow/.local/lib/python3.8/site-packages/airflow/example_dags/example_bash_operator.py
[2023-11-05T18:53:33.389+0000] {processor.py:839} INFO - DAG(s) dict_keys(['example_bash_operator']) retrieved from /home/airflow/.local/lib/python3.8/site-packages/airflow/example_dags/example_bash_operator.py
[2023-11-05T18:53:33.423+0000] {logging_mixin.py:151} INFO - [2023-11-05T18:53:33.423+0000] {dag.py:2941} INFO - Sync 1 DAGs
[2023-11-05T18:53:33.447+0000] {logging_mixin.py:151} INFO - [2023-11-05T18:53:33.447+0000] {dag.py:3722} INFO - Setting next_dagrun for example_bash_operator to 2023-11-04T00:00:00+00:00, run_after=2023-11-05T00:00:00+00:00
[2023-11-05T18:53:33.497+0000] {processor.py:179} INFO - Processing /home/airflow/.local/lib/python3.8/site-packages/airflow/example_dags/example_bash_operator.py took 0.126 seconds
[2023-11-05T18:54:07.788+0000] {processor.py:157} INFO - Started process (PID=456) to work on /home/airflow/.local/lib/python3.8/site-packages/airflow/example_dags/example_bash_operator.py
[2023-11-05T18:54:07.789+0000] {processor.py:829} INFO - Processing file /home/airflow/.local/lib/python3.8/site-packages/airflow/example_dags/example_bash_operator.py for tasks to queue
[2023-11-05T18:54:07.794+0000] {logging_mixin.py:151} INFO - [2023-11-05T18:54:07.792+0000] {dagbag.py:536} INFO - Filling up the DagBag from /home/airflow/.local/lib/python3.8/site-packages/airflow/example_dags/example_bash_operator.py
[2023-11-05T18:54:07.802+0000] {processor.py:839} INFO - DAG(s) dict_keys(['example_bash_operator']) retrieved from /home/airflow/.local/lib/python3.8/site-packages/airflow/example_dags/example_bash_operator.py
[2023-11-05T18:54:07.832+0000] {logging_mixin.py:151} INFO - [2023-11-05T18:54:07.832+0000] {dag.py:2941} INFO - Sync 1 DAGs
[2023-11-05T18:54:07.861+0000] {logging_mixin.py:151} INFO - [2023-11-05T18:54:07.861+0000] {dag.py:3722} INFO - Setting next_dagrun for example_bash_operator to 2023-11-04T00:00:00+00:00, run_after=2023-11-05T00:00:00+00:00
[2023-11-05T18:54:07.940+0000] {processor.py:179} INFO - Processing /home/airflow/.local/lib/python3.8/site-packages/airflow/example_dags/example_bash_operator.py took 0.154 seconds
[2023-11-05T18:54:38.314+0000] {processor.py:157} INFO - Started process (PID=510) to work on /home/airflow/.local/lib/python3.8/site-packages/airflow/example_dags/example_bash_operator.py
[2023-11-05T18:54:38.317+0000] {processor.py:829} INFO - Processing file /home/airflow/.local/lib/python3.8/site-packages/airflow/example_dags/example_bash_operator.py for tasks to queue
[2023-11-05T18:54:38.322+0000] {logging_mixin.py:151} INFO - [2023-11-05T18:54:38.322+0000] {dagbag.py:536} INFO - Filling up the DagBag from /home/airflow/.local/lib/python3.8/site-packages/airflow/example_dags/example_bash_operator.py
[2023-11-05T18:54:38.350+0000] {processor.py:839} INFO - DAG(s) dict_keys(['example_bash_operator']) retrieved from /home/airflow/.local/lib/python3.8/site-packages/airflow/example_dags/example_bash_operator.py
[2023-11-05T18:54:38.396+0000] {logging_mixin.py:151} INFO - [2023-11-05T18:54:38.396+0000] {dag.py:2941} INFO - Sync 1 DAGs
[2023-11-05T18:54:38.421+0000] {logging_mixin.py:151} INFO - [2023-11-05T18:54:38.421+0000] {dag.py:3722} INFO - Setting next_dagrun for example_bash_operator to 2023-11-04T00:00:00+00:00, run_after=2023-11-05T00:00:00+00:00
[2023-11-05T18:54:38.451+0000] {processor.py:179} INFO - Processing /home/airflow/.local/lib/python3.8/site-packages/airflow/example_dags/example_bash_operator.py took 0.150 seconds
