[2023-11-05T18:36:02.551+0000] {processor.py:157} INFO - Started process (PID=51) to work on /home/airflow/.local/lib/python3.8/site-packages/airflow/example_dags/example_complex.py
[2023-11-05T18:36:02.553+0000] {processor.py:829} INFO - Processing file /home/airflow/.local/lib/python3.8/site-packages/airflow/example_dags/example_complex.py for tasks to queue
[2023-11-05T18:36:02.555+0000] {logging_mixin.py:151} INFO - [2023-11-05T18:36:02.555+0000] {dagbag.py:536} INFO - Filling up the DagBag from /home/airflow/.local/lib/python3.8/site-packages/airflow/example_dags/example_complex.py
[2023-11-05T18:36:02.592+0000] {processor.py:839} INFO - DAG(s) dict_keys(['example_complex']) retrieved from /home/airflow/.local/lib/python3.8/site-packages/airflow/example_dags/example_complex.py
[2023-11-05T18:36:02.771+0000] {logging_mixin.py:151} INFO - [2023-11-05T18:36:02.771+0000] {dag.py:2941} INFO - Sync 1 DAGs
[2023-11-05T18:36:02.829+0000] {logging_mixin.py:151} INFO - [2023-11-05T18:36:02.829+0000] {dag.py:3722} INFO - Setting next_dagrun for example_complex to None, run_after=None
[2023-11-05T18:36:02.946+0000] {processor.py:179} INFO - Processing /home/airflow/.local/lib/python3.8/site-packages/airflow/example_dags/example_complex.py took 0.404 seconds
[2023-11-05T18:36:33.106+0000] {processor.py:157} INFO - Started process (PID=105) to work on /home/airflow/.local/lib/python3.8/site-packages/airflow/example_dags/example_complex.py
[2023-11-05T18:36:33.107+0000] {processor.py:829} INFO - Processing file /home/airflow/.local/lib/python3.8/site-packages/airflow/example_dags/example_complex.py for tasks to queue
[2023-11-05T18:36:33.110+0000] {logging_mixin.py:151} INFO - [2023-11-05T18:36:33.110+0000] {dagbag.py:536} INFO - Filling up the DagBag from /home/airflow/.local/lib/python3.8/site-packages/airflow/example_dags/example_complex.py
[2023-11-05T18:36:33.119+0000] {processor.py:839} INFO - DAG(s) dict_keys(['example_complex']) retrieved from /home/airflow/.local/lib/python3.8/site-packages/airflow/example_dags/example_complex.py
[2023-11-05T18:36:33.206+0000] {logging_mixin.py:151} INFO - [2023-11-05T18:36:33.206+0000] {dag.py:2941} INFO - Sync 1 DAGs
[2023-11-05T18:36:33.217+0000] {logging_mixin.py:151} INFO - [2023-11-05T18:36:33.217+0000] {dag.py:3722} INFO - Setting next_dagrun for example_complex to None, run_after=None
[2023-11-05T18:36:33.243+0000] {processor.py:179} INFO - Processing /home/airflow/.local/lib/python3.8/site-packages/airflow/example_dags/example_complex.py took 0.140 seconds
[2023-11-05T18:37:03.561+0000] {processor.py:157} INFO - Started process (PID=158) to work on /home/airflow/.local/lib/python3.8/site-packages/airflow/example_dags/example_complex.py
[2023-11-05T18:37:03.566+0000] {processor.py:829} INFO - Processing file /home/airflow/.local/lib/python3.8/site-packages/airflow/example_dags/example_complex.py for tasks to queue
[2023-11-05T18:37:03.571+0000] {logging_mixin.py:151} INFO - [2023-11-05T18:37:03.571+0000] {dagbag.py:536} INFO - Filling up the DagBag from /home/airflow/.local/lib/python3.8/site-packages/airflow/example_dags/example_complex.py
[2023-11-05T18:37:03.585+0000] {processor.py:839} INFO - DAG(s) dict_keys(['example_complex']) retrieved from /home/airflow/.local/lib/python3.8/site-packages/airflow/example_dags/example_complex.py
[2023-11-05T18:37:03.657+0000] {logging_mixin.py:151} INFO - [2023-11-05T18:37:03.656+0000] {dag.py:2941} INFO - Sync 1 DAGs
[2023-11-05T18:37:03.688+0000] {logging_mixin.py:151} INFO - [2023-11-05T18:37:03.688+0000] {dag.py:3722} INFO - Setting next_dagrun for example_complex to None, run_after=None
[2023-11-05T18:37:03.731+0000] {processor.py:179} INFO - Processing /home/airflow/.local/lib/python3.8/site-packages/airflow/example_dags/example_complex.py took 0.173 seconds
[2023-11-05T18:37:34.256+0000] {processor.py:157} INFO - Started process (PID=212) to work on /home/airflow/.local/lib/python3.8/site-packages/airflow/example_dags/example_complex.py
[2023-11-05T18:37:34.272+0000] {processor.py:829} INFO - Processing file /home/airflow/.local/lib/python3.8/site-packages/airflow/example_dags/example_complex.py for tasks to queue
[2023-11-05T18:37:34.288+0000] {logging_mixin.py:151} INFO - [2023-11-05T18:37:34.288+0000] {dagbag.py:536} INFO - Filling up the DagBag from /home/airflow/.local/lib/python3.8/site-packages/airflow/example_dags/example_complex.py
[2023-11-05T18:37:34.306+0000] {processor.py:839} INFO - DAG(s) dict_keys(['example_complex']) retrieved from /home/airflow/.local/lib/python3.8/site-packages/airflow/example_dags/example_complex.py
[2023-11-05T18:37:34.384+0000] {logging_mixin.py:151} INFO - [2023-11-05T18:37:34.384+0000] {dag.py:2941} INFO - Sync 1 DAGs
[2023-11-05T18:37:34.405+0000] {logging_mixin.py:151} INFO - [2023-11-05T18:37:34.405+0000] {dag.py:3722} INFO - Setting next_dagrun for example_complex to None, run_after=None
[2023-11-05T18:37:34.498+0000] {processor.py:179} INFO - Processing /home/airflow/.local/lib/python3.8/site-packages/airflow/example_dags/example_complex.py took 0.246 seconds
[2023-11-05T18:38:05.049+0000] {processor.py:157} INFO - Started process (PID=266) to work on /home/airflow/.local/lib/python3.8/site-packages/airflow/example_dags/example_complex.py
[2023-11-05T18:38:05.050+0000] {processor.py:829} INFO - Processing file /home/airflow/.local/lib/python3.8/site-packages/airflow/example_dags/example_complex.py for tasks to queue
[2023-11-05T18:38:05.058+0000] {logging_mixin.py:151} INFO - [2023-11-05T18:38:05.058+0000] {dagbag.py:536} INFO - Filling up the DagBag from /home/airflow/.local/lib/python3.8/site-packages/airflow/example_dags/example_complex.py
[2023-11-05T18:38:05.071+0000] {processor.py:839} INFO - DAG(s) dict_keys(['example_complex']) retrieved from /home/airflow/.local/lib/python3.8/site-packages/airflow/example_dags/example_complex.py
[2023-11-05T18:38:05.205+0000] {logging_mixin.py:151} INFO - [2023-11-05T18:38:05.205+0000] {dag.py:2941} INFO - Sync 1 DAGs
[2023-11-05T18:38:05.225+0000] {logging_mixin.py:151} INFO - [2023-11-05T18:38:05.225+0000] {dag.py:3722} INFO - Setting next_dagrun for example_complex to None, run_after=None
[2023-11-05T18:38:05.270+0000] {processor.py:179} INFO - Processing /home/airflow/.local/lib/python3.8/site-packages/airflow/example_dags/example_complex.py took 0.224 seconds
[2023-11-05T18:38:37.144+0000] {processor.py:157} INFO - Started process (PID=319) to work on /home/airflow/.local/lib/python3.8/site-packages/airflow/example_dags/example_complex.py
[2023-11-05T18:38:37.148+0000] {processor.py:829} INFO - Processing file /home/airflow/.local/lib/python3.8/site-packages/airflow/example_dags/example_complex.py for tasks to queue
[2023-11-05T18:38:37.153+0000] {logging_mixin.py:151} INFO - [2023-11-05T18:38:37.153+0000] {dagbag.py:536} INFO - Filling up the DagBag from /home/airflow/.local/lib/python3.8/site-packages/airflow/example_dags/example_complex.py
[2023-11-05T18:38:37.215+0000] {processor.py:839} INFO - DAG(s) dict_keys(['example_complex']) retrieved from /home/airflow/.local/lib/python3.8/site-packages/airflow/example_dags/example_complex.py
[2023-11-05T18:38:37.328+0000] {logging_mixin.py:151} INFO - [2023-11-05T18:38:37.328+0000] {dag.py:2941} INFO - Sync 1 DAGs
[2023-11-05T18:38:37.357+0000] {logging_mixin.py:151} INFO - [2023-11-05T18:38:37.357+0000] {dag.py:3722} INFO - Setting next_dagrun for example_complex to None, run_after=None
[2023-11-05T18:38:37.489+0000] {processor.py:179} INFO - Processing /home/airflow/.local/lib/python3.8/site-packages/airflow/example_dags/example_complex.py took 0.350 seconds
[2023-11-05T18:39:07.676+0000] {processor.py:157} INFO - Started process (PID=373) to work on /home/airflow/.local/lib/python3.8/site-packages/airflow/example_dags/example_complex.py
[2023-11-05T18:39:07.684+0000] {processor.py:829} INFO - Processing file /home/airflow/.local/lib/python3.8/site-packages/airflow/example_dags/example_complex.py for tasks to queue
[2023-11-05T18:39:07.687+0000] {logging_mixin.py:151} INFO - [2023-11-05T18:39:07.686+0000] {dagbag.py:536} INFO - Filling up the DagBag from /home/airflow/.local/lib/python3.8/site-packages/airflow/example_dags/example_complex.py
[2023-11-05T18:39:07.706+0000] {processor.py:839} INFO - DAG(s) dict_keys(['example_complex']) retrieved from /home/airflow/.local/lib/python3.8/site-packages/airflow/example_dags/example_complex.py
[2023-11-05T18:39:07.778+0000] {logging_mixin.py:151} INFO - [2023-11-05T18:39:07.777+0000] {dag.py:2941} INFO - Sync 1 DAGs
[2023-11-05T18:39:07.818+0000] {logging_mixin.py:151} INFO - [2023-11-05T18:39:07.818+0000] {dag.py:3722} INFO - Setting next_dagrun for example_complex to None, run_after=None
[2023-11-05T18:39:07.908+0000] {processor.py:179} INFO - Processing /home/airflow/.local/lib/python3.8/site-packages/airflow/example_dags/example_complex.py took 0.235 seconds
[2023-11-05T18:39:38.178+0000] {processor.py:157} INFO - Started process (PID=427) to work on /home/airflow/.local/lib/python3.8/site-packages/airflow/example_dags/example_complex.py
[2023-11-05T18:39:38.183+0000] {processor.py:829} INFO - Processing file /home/airflow/.local/lib/python3.8/site-packages/airflow/example_dags/example_complex.py for tasks to queue
[2023-11-05T18:39:38.186+0000] {logging_mixin.py:151} INFO - [2023-11-05T18:39:38.186+0000] {dagbag.py:536} INFO - Filling up the DagBag from /home/airflow/.local/lib/python3.8/site-packages/airflow/example_dags/example_complex.py
[2023-11-05T18:39:38.193+0000] {processor.py:839} INFO - DAG(s) dict_keys(['example_complex']) retrieved from /home/airflow/.local/lib/python3.8/site-packages/airflow/example_dags/example_complex.py
[2023-11-05T18:39:38.254+0000] {logging_mixin.py:151} INFO - [2023-11-05T18:39:38.254+0000] {dag.py:2941} INFO - Sync 1 DAGs
[2023-11-05T18:39:38.312+0000] {logging_mixin.py:151} INFO - [2023-11-05T18:39:38.311+0000] {dag.py:3722} INFO - Setting next_dagrun for example_complex to None, run_after=None
[2023-11-05T18:39:38.413+0000] {processor.py:179} INFO - Processing /home/airflow/.local/lib/python3.8/site-packages/airflow/example_dags/example_complex.py took 0.238 seconds
[2023-11-05T18:40:08.869+0000] {processor.py:157} INFO - Started process (PID=481) to work on /home/airflow/.local/lib/python3.8/site-packages/airflow/example_dags/example_complex.py
[2023-11-05T18:40:08.870+0000] {processor.py:829} INFO - Processing file /home/airflow/.local/lib/python3.8/site-packages/airflow/example_dags/example_complex.py for tasks to queue
[2023-11-05T18:40:08.872+0000] {logging_mixin.py:151} INFO - [2023-11-05T18:40:08.872+0000] {dagbag.py:536} INFO - Filling up the DagBag from /home/airflow/.local/lib/python3.8/site-packages/airflow/example_dags/example_complex.py
[2023-11-05T18:40:08.880+0000] {processor.py:839} INFO - DAG(s) dict_keys(['example_complex']) retrieved from /home/airflow/.local/lib/python3.8/site-packages/airflow/example_dags/example_complex.py
[2023-11-05T18:40:08.901+0000] {logging_mixin.py:151} INFO - [2023-11-05T18:40:08.901+0000] {dag.py:2941} INFO - Sync 1 DAGs
[2023-11-05T18:40:08.913+0000] {logging_mixin.py:151} INFO - [2023-11-05T18:40:08.913+0000] {dag.py:3722} INFO - Setting next_dagrun for example_complex to None, run_after=None
[2023-11-05T18:40:08.934+0000] {processor.py:179} INFO - Processing /home/airflow/.local/lib/python3.8/site-packages/airflow/example_dags/example_complex.py took 0.068 seconds
[2023-11-05T18:40:39.509+0000] {processor.py:157} INFO - Started process (PID=535) to work on /home/airflow/.local/lib/python3.8/site-packages/airflow/example_dags/example_complex.py
[2023-11-05T18:40:39.511+0000] {processor.py:829} INFO - Processing file /home/airflow/.local/lib/python3.8/site-packages/airflow/example_dags/example_complex.py for tasks to queue
[2023-11-05T18:40:39.513+0000] {logging_mixin.py:151} INFO - [2023-11-05T18:40:39.513+0000] {dagbag.py:536} INFO - Filling up the DagBag from /home/airflow/.local/lib/python3.8/site-packages/airflow/example_dags/example_complex.py
[2023-11-05T18:40:39.519+0000] {processor.py:839} INFO - DAG(s) dict_keys(['example_complex']) retrieved from /home/airflow/.local/lib/python3.8/site-packages/airflow/example_dags/example_complex.py
[2023-11-05T18:40:39.542+0000] {logging_mixin.py:151} INFO - [2023-11-05T18:40:39.542+0000] {dag.py:2941} INFO - Sync 1 DAGs
[2023-11-05T18:40:39.557+0000] {logging_mixin.py:151} INFO - [2023-11-05T18:40:39.557+0000] {dag.py:3722} INFO - Setting next_dagrun for example_complex to None, run_after=None
[2023-11-05T18:40:39.584+0000] {processor.py:179} INFO - Processing /home/airflow/.local/lib/python3.8/site-packages/airflow/example_dags/example_complex.py took 0.079 seconds
[2023-11-05T18:41:10.072+0000] {processor.py:157} INFO - Started process (PID=589) to work on /home/airflow/.local/lib/python3.8/site-packages/airflow/example_dags/example_complex.py
[2023-11-05T18:41:10.075+0000] {processor.py:829} INFO - Processing file /home/airflow/.local/lib/python3.8/site-packages/airflow/example_dags/example_complex.py for tasks to queue
[2023-11-05T18:41:10.079+0000] {logging_mixin.py:151} INFO - [2023-11-05T18:41:10.079+0000] {dagbag.py:536} INFO - Filling up the DagBag from /home/airflow/.local/lib/python3.8/site-packages/airflow/example_dags/example_complex.py
[2023-11-05T18:41:10.089+0000] {processor.py:839} INFO - DAG(s) dict_keys(['example_complex']) retrieved from /home/airflow/.local/lib/python3.8/site-packages/airflow/example_dags/example_complex.py
[2023-11-05T18:41:10.124+0000] {logging_mixin.py:151} INFO - [2023-11-05T18:41:10.124+0000] {dag.py:2941} INFO - Sync 1 DAGs
[2023-11-05T18:41:10.132+0000] {logging_mixin.py:151} INFO - [2023-11-05T18:41:10.132+0000] {dag.py:3722} INFO - Setting next_dagrun for example_complex to None, run_after=None
[2023-11-05T18:41:10.162+0000] {processor.py:179} INFO - Processing /home/airflow/.local/lib/python3.8/site-packages/airflow/example_dags/example_complex.py took 0.094 seconds
[2023-11-05T18:41:40.403+0000] {processor.py:157} INFO - Started process (PID=643) to work on /home/airflow/.local/lib/python3.8/site-packages/airflow/example_dags/example_complex.py
[2023-11-05T18:41:40.406+0000] {processor.py:829} INFO - Processing file /home/airflow/.local/lib/python3.8/site-packages/airflow/example_dags/example_complex.py for tasks to queue
[2023-11-05T18:41:40.422+0000] {logging_mixin.py:151} INFO - [2023-11-05T18:41:40.422+0000] {dagbag.py:536} INFO - Filling up the DagBag from /home/airflow/.local/lib/python3.8/site-packages/airflow/example_dags/example_complex.py
[2023-11-05T18:41:40.443+0000] {processor.py:839} INFO - DAG(s) dict_keys(['example_complex']) retrieved from /home/airflow/.local/lib/python3.8/site-packages/airflow/example_dags/example_complex.py
[2023-11-05T18:41:40.521+0000] {logging_mixin.py:151} INFO - [2023-11-05T18:41:40.520+0000] {dag.py:2941} INFO - Sync 1 DAGs
[2023-11-05T18:41:40.530+0000] {logging_mixin.py:151} INFO - [2023-11-05T18:41:40.530+0000] {dag.py:3722} INFO - Setting next_dagrun for example_complex to None, run_after=None
[2023-11-05T18:41:40.572+0000] {processor.py:179} INFO - Processing /home/airflow/.local/lib/python3.8/site-packages/airflow/example_dags/example_complex.py took 0.176 seconds
[2023-11-05T18:42:10.989+0000] {processor.py:157} INFO - Started process (PID=696) to work on /home/airflow/.local/lib/python3.8/site-packages/airflow/example_dags/example_complex.py
[2023-11-05T18:42:10.996+0000] {processor.py:829} INFO - Processing file /home/airflow/.local/lib/python3.8/site-packages/airflow/example_dags/example_complex.py for tasks to queue
[2023-11-05T18:42:11.002+0000] {logging_mixin.py:151} INFO - [2023-11-05T18:42:11.001+0000] {dagbag.py:536} INFO - Filling up the DagBag from /home/airflow/.local/lib/python3.8/site-packages/airflow/example_dags/example_complex.py
[2023-11-05T18:42:11.008+0000] {processor.py:839} INFO - DAG(s) dict_keys(['example_complex']) retrieved from /home/airflow/.local/lib/python3.8/site-packages/airflow/example_dags/example_complex.py
[2023-11-05T18:42:11.061+0000] {logging_mixin.py:151} INFO - [2023-11-05T18:42:11.061+0000] {dag.py:2941} INFO - Sync 1 DAGs
[2023-11-05T18:42:11.088+0000] {logging_mixin.py:151} INFO - [2023-11-05T18:42:11.088+0000] {dag.py:3722} INFO - Setting next_dagrun for example_complex to None, run_after=None
[2023-11-05T18:42:11.142+0000] {processor.py:179} INFO - Processing /home/airflow/.local/lib/python3.8/site-packages/airflow/example_dags/example_complex.py took 0.161 seconds
[2023-11-05T18:42:42.091+0000] {processor.py:157} INFO - Started process (PID=750) to work on /home/airflow/.local/lib/python3.8/site-packages/airflow/example_dags/example_complex.py
[2023-11-05T18:42:42.104+0000] {processor.py:829} INFO - Processing file /home/airflow/.local/lib/python3.8/site-packages/airflow/example_dags/example_complex.py for tasks to queue
[2023-11-05T18:42:42.109+0000] {logging_mixin.py:151} INFO - [2023-11-05T18:42:42.108+0000] {dagbag.py:536} INFO - Filling up the DagBag from /home/airflow/.local/lib/python3.8/site-packages/airflow/example_dags/example_complex.py
[2023-11-05T18:42:42.116+0000] {processor.py:839} INFO - DAG(s) dict_keys(['example_complex']) retrieved from /home/airflow/.local/lib/python3.8/site-packages/airflow/example_dags/example_complex.py
[2023-11-05T18:42:42.203+0000] {logging_mixin.py:151} INFO - [2023-11-05T18:42:42.203+0000] {dag.py:2941} INFO - Sync 1 DAGs
[2023-11-05T18:42:42.217+0000] {logging_mixin.py:151} INFO - [2023-11-05T18:42:42.217+0000] {dag.py:3722} INFO - Setting next_dagrun for example_complex to None, run_after=None
[2023-11-05T18:42:42.297+0000] {processor.py:179} INFO - Processing /home/airflow/.local/lib/python3.8/site-packages/airflow/example_dags/example_complex.py took 0.211 seconds
[2023-11-05T18:43:13.414+0000] {processor.py:157} INFO - Started process (PID=811) to work on /home/airflow/.local/lib/python3.8/site-packages/airflow/example_dags/example_complex.py
[2023-11-05T18:43:13.416+0000] {processor.py:829} INFO - Processing file /home/airflow/.local/lib/python3.8/site-packages/airflow/example_dags/example_complex.py for tasks to queue
[2023-11-05T18:43:13.418+0000] {logging_mixin.py:151} INFO - [2023-11-05T18:43:13.417+0000] {dagbag.py:536} INFO - Filling up the DagBag from /home/airflow/.local/lib/python3.8/site-packages/airflow/example_dags/example_complex.py
[2023-11-05T18:43:13.425+0000] {processor.py:839} INFO - DAG(s) dict_keys(['example_complex']) retrieved from /home/airflow/.local/lib/python3.8/site-packages/airflow/example_dags/example_complex.py
[2023-11-05T18:43:13.453+0000] {logging_mixin.py:151} INFO - [2023-11-05T18:43:13.452+0000] {dag.py:2941} INFO - Sync 1 DAGs
[2023-11-05T18:43:13.479+0000] {logging_mixin.py:151} INFO - [2023-11-05T18:43:13.479+0000] {dag.py:3722} INFO - Setting next_dagrun for example_complex to None, run_after=None
[2023-11-05T18:43:13.537+0000] {processor.py:179} INFO - Processing /home/airflow/.local/lib/python3.8/site-packages/airflow/example_dags/example_complex.py took 0.125 seconds
[2023-11-05T18:43:44.488+0000] {processor.py:157} INFO - Started process (PID=865) to work on /home/airflow/.local/lib/python3.8/site-packages/airflow/example_dags/example_complex.py
[2023-11-05T18:43:44.490+0000] {processor.py:829} INFO - Processing file /home/airflow/.local/lib/python3.8/site-packages/airflow/example_dags/example_complex.py for tasks to queue
[2023-11-05T18:43:44.497+0000] {logging_mixin.py:151} INFO - [2023-11-05T18:43:44.497+0000] {dagbag.py:536} INFO - Filling up the DagBag from /home/airflow/.local/lib/python3.8/site-packages/airflow/example_dags/example_complex.py
[2023-11-05T18:43:44.519+0000] {processor.py:839} INFO - DAG(s) dict_keys(['example_complex']) retrieved from /home/airflow/.local/lib/python3.8/site-packages/airflow/example_dags/example_complex.py
[2023-11-05T18:43:44.574+0000] {logging_mixin.py:151} INFO - [2023-11-05T18:43:44.573+0000] {dag.py:2941} INFO - Sync 1 DAGs
[2023-11-05T18:43:44.597+0000] {logging_mixin.py:151} INFO - [2023-11-05T18:43:44.597+0000] {dag.py:3722} INFO - Setting next_dagrun for example_complex to None, run_after=None
[2023-11-05T18:43:44.671+0000] {processor.py:179} INFO - Processing /home/airflow/.local/lib/python3.8/site-packages/airflow/example_dags/example_complex.py took 0.187 seconds
[2023-11-05T18:44:15.014+0000] {processor.py:157} INFO - Started process (PID=919) to work on /home/airflow/.local/lib/python3.8/site-packages/airflow/example_dags/example_complex.py
[2023-11-05T18:44:15.019+0000] {processor.py:829} INFO - Processing file /home/airflow/.local/lib/python3.8/site-packages/airflow/example_dags/example_complex.py for tasks to queue
[2023-11-05T18:44:15.032+0000] {logging_mixin.py:151} INFO - [2023-11-05T18:44:15.028+0000] {dagbag.py:536} INFO - Filling up the DagBag from /home/airflow/.local/lib/python3.8/site-packages/airflow/example_dags/example_complex.py
[2023-11-05T18:44:15.049+0000] {processor.py:839} INFO - DAG(s) dict_keys(['example_complex']) retrieved from /home/airflow/.local/lib/python3.8/site-packages/airflow/example_dags/example_complex.py
[2023-11-05T18:44:15.104+0000] {logging_mixin.py:151} INFO - [2023-11-05T18:44:15.103+0000] {dag.py:2941} INFO - Sync 1 DAGs
[2023-11-05T18:44:15.122+0000] {logging_mixin.py:151} INFO - [2023-11-05T18:44:15.121+0000] {dag.py:3722} INFO - Setting next_dagrun for example_complex to None, run_after=None
[2023-11-05T18:44:15.197+0000] {processor.py:179} INFO - Processing /home/airflow/.local/lib/python3.8/site-packages/airflow/example_dags/example_complex.py took 0.185 seconds
[2023-11-05T18:44:46.066+0000] {processor.py:157} INFO - Started process (PID=972) to work on /home/airflow/.local/lib/python3.8/site-packages/airflow/example_dags/example_complex.py
[2023-11-05T18:44:46.070+0000] {processor.py:829} INFO - Processing file /home/airflow/.local/lib/python3.8/site-packages/airflow/example_dags/example_complex.py for tasks to queue
[2023-11-05T18:44:46.073+0000] {logging_mixin.py:151} INFO - [2023-11-05T18:44:46.073+0000] {dagbag.py:536} INFO - Filling up the DagBag from /home/airflow/.local/lib/python3.8/site-packages/airflow/example_dags/example_complex.py
[2023-11-05T18:44:46.083+0000] {processor.py:839} INFO - DAG(s) dict_keys(['example_complex']) retrieved from /home/airflow/.local/lib/python3.8/site-packages/airflow/example_dags/example_complex.py
[2023-11-05T18:44:46.113+0000] {logging_mixin.py:151} INFO - [2023-11-05T18:44:46.113+0000] {dag.py:2941} INFO - Sync 1 DAGs
[2023-11-05T18:44:46.121+0000] {logging_mixin.py:151} INFO - [2023-11-05T18:44:46.121+0000] {dag.py:3722} INFO - Setting next_dagrun for example_complex to None, run_after=None
[2023-11-05T18:44:46.135+0000] {processor.py:179} INFO - Processing /home/airflow/.local/lib/python3.8/site-packages/airflow/example_dags/example_complex.py took 0.074 seconds
[2023-11-05T18:46:11.266+0000] {processor.py:157} INFO - Started process (PID=51) to work on /home/airflow/.local/lib/python3.8/site-packages/airflow/example_dags/example_complex.py
[2023-11-05T18:46:11.267+0000] {processor.py:829} INFO - Processing file /home/airflow/.local/lib/python3.8/site-packages/airflow/example_dags/example_complex.py for tasks to queue
[2023-11-05T18:46:11.271+0000] {logging_mixin.py:151} INFO - [2023-11-05T18:46:11.271+0000] {dagbag.py:536} INFO - Filling up the DagBag from /home/airflow/.local/lib/python3.8/site-packages/airflow/example_dags/example_complex.py
[2023-11-05T18:46:11.294+0000] {processor.py:839} INFO - DAG(s) dict_keys(['example_complex']) retrieved from /home/airflow/.local/lib/python3.8/site-packages/airflow/example_dags/example_complex.py
[2023-11-05T18:46:11.334+0000] {logging_mixin.py:151} INFO - [2023-11-05T18:46:11.334+0000] {dag.py:2941} INFO - Sync 1 DAGs
[2023-11-05T18:46:11.355+0000] {logging_mixin.py:151} INFO - [2023-11-05T18:46:11.355+0000] {dag.py:3722} INFO - Setting next_dagrun for example_complex to None, run_after=None
[2023-11-05T18:46:11.399+0000] {processor.py:179} INFO - Processing /home/airflow/.local/lib/python3.8/site-packages/airflow/example_dags/example_complex.py took 0.137 seconds
[2023-11-05T18:46:41.816+0000] {processor.py:157} INFO - Started process (PID=105) to work on /home/airflow/.local/lib/python3.8/site-packages/airflow/example_dags/example_complex.py
[2023-11-05T18:46:41.818+0000] {processor.py:829} INFO - Processing file /home/airflow/.local/lib/python3.8/site-packages/airflow/example_dags/example_complex.py for tasks to queue
[2023-11-05T18:46:41.821+0000] {logging_mixin.py:151} INFO - [2023-11-05T18:46:41.821+0000] {dagbag.py:536} INFO - Filling up the DagBag from /home/airflow/.local/lib/python3.8/site-packages/airflow/example_dags/example_complex.py
[2023-11-05T18:46:41.827+0000] {processor.py:839} INFO - DAG(s) dict_keys(['example_complex']) retrieved from /home/airflow/.local/lib/python3.8/site-packages/airflow/example_dags/example_complex.py
[2023-11-05T18:46:41.889+0000] {logging_mixin.py:151} INFO - [2023-11-05T18:46:41.888+0000] {dag.py:2941} INFO - Sync 1 DAGs
[2023-11-05T18:46:41.912+0000] {logging_mixin.py:151} INFO - [2023-11-05T18:46:41.912+0000] {dag.py:3722} INFO - Setting next_dagrun for example_complex to None, run_after=None
[2023-11-05T18:46:41.950+0000] {processor.py:179} INFO - Processing /home/airflow/.local/lib/python3.8/site-packages/airflow/example_dags/example_complex.py took 0.136 seconds
[2023-11-05T18:47:12.577+0000] {processor.py:157} INFO - Started process (PID=159) to work on /home/airflow/.local/lib/python3.8/site-packages/airflow/example_dags/example_complex.py
[2023-11-05T18:47:12.591+0000] {processor.py:829} INFO - Processing file /home/airflow/.local/lib/python3.8/site-packages/airflow/example_dags/example_complex.py for tasks to queue
[2023-11-05T18:47:12.602+0000] {logging_mixin.py:151} INFO - [2023-11-05T18:47:12.601+0000] {dagbag.py:536} INFO - Filling up the DagBag from /home/airflow/.local/lib/python3.8/site-packages/airflow/example_dags/example_complex.py
[2023-11-05T18:47:12.628+0000] {processor.py:839} INFO - DAG(s) dict_keys(['example_complex']) retrieved from /home/airflow/.local/lib/python3.8/site-packages/airflow/example_dags/example_complex.py
[2023-11-05T18:47:12.729+0000] {logging_mixin.py:151} INFO - [2023-11-05T18:47:12.728+0000] {dag.py:2941} INFO - Sync 1 DAGs
[2023-11-05T18:47:12.756+0000] {logging_mixin.py:151} INFO - [2023-11-05T18:47:12.755+0000] {dag.py:3722} INFO - Setting next_dagrun for example_complex to None, run_after=None
[2023-11-05T18:47:12.894+0000] {processor.py:179} INFO - Processing /home/airflow/.local/lib/python3.8/site-packages/airflow/example_dags/example_complex.py took 0.324 seconds
[2023-11-05T18:47:43.046+0000] {processor.py:157} INFO - Started process (PID=213) to work on /home/airflow/.local/lib/python3.8/site-packages/airflow/example_dags/example_complex.py
[2023-11-05T18:47:43.048+0000] {processor.py:829} INFO - Processing file /home/airflow/.local/lib/python3.8/site-packages/airflow/example_dags/example_complex.py for tasks to queue
[2023-11-05T18:47:43.055+0000] {logging_mixin.py:151} INFO - [2023-11-05T18:47:43.055+0000] {dagbag.py:536} INFO - Filling up the DagBag from /home/airflow/.local/lib/python3.8/site-packages/airflow/example_dags/example_complex.py
[2023-11-05T18:47:43.066+0000] {processor.py:839} INFO - DAG(s) dict_keys(['example_complex']) retrieved from /home/airflow/.local/lib/python3.8/site-packages/airflow/example_dags/example_complex.py
[2023-11-05T18:47:43.128+0000] {logging_mixin.py:151} INFO - [2023-11-05T18:47:43.128+0000] {dag.py:2941} INFO - Sync 1 DAGs
[2023-11-05T18:47:43.142+0000] {logging_mixin.py:151} INFO - [2023-11-05T18:47:43.142+0000] {dag.py:3722} INFO - Setting next_dagrun for example_complex to None, run_after=None
[2023-11-05T18:47:43.194+0000] {processor.py:179} INFO - Processing /home/airflow/.local/lib/python3.8/site-packages/airflow/example_dags/example_complex.py took 0.150 seconds
[2023-11-05T18:48:13.984+0000] {processor.py:157} INFO - Started process (PID=267) to work on /home/airflow/.local/lib/python3.8/site-packages/airflow/example_dags/example_complex.py
[2023-11-05T18:48:13.991+0000] {processor.py:829} INFO - Processing file /home/airflow/.local/lib/python3.8/site-packages/airflow/example_dags/example_complex.py for tasks to queue
[2023-11-05T18:48:13.994+0000] {logging_mixin.py:151} INFO - [2023-11-05T18:48:13.994+0000] {dagbag.py:536} INFO - Filling up the DagBag from /home/airflow/.local/lib/python3.8/site-packages/airflow/example_dags/example_complex.py
[2023-11-05T18:48:14.000+0000] {processor.py:839} INFO - DAG(s) dict_keys(['example_complex']) retrieved from /home/airflow/.local/lib/python3.8/site-packages/airflow/example_dags/example_complex.py
[2023-11-05T18:48:14.036+0000] {logging_mixin.py:151} INFO - [2023-11-05T18:48:14.035+0000] {dag.py:2941} INFO - Sync 1 DAGs
[2023-11-05T18:48:14.051+0000] {logging_mixin.py:151} INFO - [2023-11-05T18:48:14.050+0000] {dag.py:3722} INFO - Setting next_dagrun for example_complex to None, run_after=None
[2023-11-05T18:48:14.084+0000] {processor.py:179} INFO - Processing /home/airflow/.local/lib/python3.8/site-packages/airflow/example_dags/example_complex.py took 0.105 seconds
[2023-11-05T18:48:44.617+0000] {processor.py:157} INFO - Started process (PID=321) to work on /home/airflow/.local/lib/python3.8/site-packages/airflow/example_dags/example_complex.py
[2023-11-05T18:48:44.618+0000] {processor.py:829} INFO - Processing file /home/airflow/.local/lib/python3.8/site-packages/airflow/example_dags/example_complex.py for tasks to queue
[2023-11-05T18:48:44.622+0000] {logging_mixin.py:151} INFO - [2023-11-05T18:48:44.620+0000] {dagbag.py:536} INFO - Filling up the DagBag from /home/airflow/.local/lib/python3.8/site-packages/airflow/example_dags/example_complex.py
[2023-11-05T18:48:44.634+0000] {processor.py:839} INFO - DAG(s) dict_keys(['example_complex']) retrieved from /home/airflow/.local/lib/python3.8/site-packages/airflow/example_dags/example_complex.py
[2023-11-05T18:48:44.665+0000] {logging_mixin.py:151} INFO - [2023-11-05T18:48:44.664+0000] {dag.py:2941} INFO - Sync 1 DAGs
[2023-11-05T18:48:44.678+0000] {logging_mixin.py:151} INFO - [2023-11-05T18:48:44.678+0000] {dag.py:3722} INFO - Setting next_dagrun for example_complex to None, run_after=None
[2023-11-05T18:48:44.708+0000] {processor.py:179} INFO - Processing /home/airflow/.local/lib/python3.8/site-packages/airflow/example_dags/example_complex.py took 0.097 seconds
[2023-11-05T18:53:31.235+0000] {processor.py:157} INFO - Started process (PID=375) to work on /home/airflow/.local/lib/python3.8/site-packages/airflow/example_dags/example_complex.py
[2023-11-05T18:53:31.237+0000] {processor.py:829} INFO - Processing file /home/airflow/.local/lib/python3.8/site-packages/airflow/example_dags/example_complex.py for tasks to queue
[2023-11-05T18:53:31.242+0000] {logging_mixin.py:151} INFO - [2023-11-05T18:53:31.242+0000] {dagbag.py:536} INFO - Filling up the DagBag from /home/airflow/.local/lib/python3.8/site-packages/airflow/example_dags/example_complex.py
[2023-11-05T18:53:31.253+0000] {processor.py:839} INFO - DAG(s) dict_keys(['example_complex']) retrieved from /home/airflow/.local/lib/python3.8/site-packages/airflow/example_dags/example_complex.py
[2023-11-05T18:53:31.302+0000] {logging_mixin.py:151} INFO - [2023-11-05T18:53:31.302+0000] {dag.py:2941} INFO - Sync 1 DAGs
[2023-11-05T18:53:31.313+0000] {logging_mixin.py:151} INFO - [2023-11-05T18:53:31.313+0000] {dag.py:3722} INFO - Setting next_dagrun for example_complex to None, run_after=None
[2023-11-05T18:53:31.337+0000] {processor.py:179} INFO - Processing /home/airflow/.local/lib/python3.8/site-packages/airflow/example_dags/example_complex.py took 0.104 seconds
[2023-11-05T18:54:02.459+0000] {processor.py:157} INFO - Started process (PID=429) to work on /home/airflow/.local/lib/python3.8/site-packages/airflow/example_dags/example_complex.py
[2023-11-05T18:54:02.467+0000] {processor.py:829} INFO - Processing file /home/airflow/.local/lib/python3.8/site-packages/airflow/example_dags/example_complex.py for tasks to queue
[2023-11-05T18:54:02.478+0000] {logging_mixin.py:151} INFO - [2023-11-05T18:54:02.477+0000] {dagbag.py:536} INFO - Filling up the DagBag from /home/airflow/.local/lib/python3.8/site-packages/airflow/example_dags/example_complex.py
[2023-11-05T18:54:02.500+0000] {processor.py:839} INFO - DAG(s) dict_keys(['example_complex']) retrieved from /home/airflow/.local/lib/python3.8/site-packages/airflow/example_dags/example_complex.py
[2023-11-05T18:54:02.602+0000] {logging_mixin.py:151} INFO - [2023-11-05T18:54:02.602+0000] {dag.py:2941} INFO - Sync 1 DAGs
[2023-11-05T18:54:02.632+0000] {logging_mixin.py:151} INFO - [2023-11-05T18:54:02.632+0000] {dag.py:3722} INFO - Setting next_dagrun for example_complex to None, run_after=None
[2023-11-05T18:54:02.772+0000] {processor.py:179} INFO - Processing /home/airflow/.local/lib/python3.8/site-packages/airflow/example_dags/example_complex.py took 0.322 seconds
[2023-11-05T18:54:33.459+0000] {processor.py:157} INFO - Started process (PID=483) to work on /home/airflow/.local/lib/python3.8/site-packages/airflow/example_dags/example_complex.py
[2023-11-05T18:54:33.460+0000] {processor.py:829} INFO - Processing file /home/airflow/.local/lib/python3.8/site-packages/airflow/example_dags/example_complex.py for tasks to queue
[2023-11-05T18:54:33.462+0000] {logging_mixin.py:151} INFO - [2023-11-05T18:54:33.461+0000] {dagbag.py:536} INFO - Filling up the DagBag from /home/airflow/.local/lib/python3.8/site-packages/airflow/example_dags/example_complex.py
[2023-11-05T18:54:33.468+0000] {processor.py:839} INFO - DAG(s) dict_keys(['example_complex']) retrieved from /home/airflow/.local/lib/python3.8/site-packages/airflow/example_dags/example_complex.py
[2023-11-05T18:54:33.486+0000] {logging_mixin.py:151} INFO - [2023-11-05T18:54:33.486+0000] {dag.py:2941} INFO - Sync 1 DAGs
[2023-11-05T18:54:33.493+0000] {logging_mixin.py:151} INFO - [2023-11-05T18:54:33.493+0000] {dag.py:3722} INFO - Setting next_dagrun for example_complex to None, run_after=None
[2023-11-05T18:54:33.505+0000] {processor.py:179} INFO - Processing /home/airflow/.local/lib/python3.8/site-packages/airflow/example_dags/example_complex.py took 0.048 seconds
