[2023-11-05T18:36:10.452+0000] {processor.py:157} INFO - Started process (PID=82) to work on /home/airflow/.local/lib/python3.8/site-packages/airflow/example_dags/example_branch_datetime_operator.py
[2023-11-05T18:36:10.467+0000] {processor.py:829} INFO - Processing file /home/airflow/.local/lib/python3.8/site-packages/airflow/example_dags/example_branch_datetime_operator.py for tasks to queue
[2023-11-05T18:36:10.536+0000] {logging_mixin.py:151} INFO - [2023-11-05T18:36:10.507+0000] {dagbag.py:536} INFO - Filling up the DagBag from /home/airflow/.local/lib/python3.8/site-packages/airflow/example_dags/example_branch_datetime_operator.py
[2023-11-05T18:36:10.560+0000] {processor.py:839} INFO - DAG(s) dict_keys(['example_branch_datetime_operator_3', 'example_branch_datetime_operator_2', 'example_branch_datetime_operator']) retrieved from /home/airflow/.local/lib/python3.8/site-packages/airflow/example_dags/example_branch_datetime_operator.py
[2023-11-05T18:36:10.765+0000] {logging_mixin.py:151} INFO - [2023-11-05T18:36:10.764+0000] {dag.py:2941} INFO - Sync 3 DAGs
[2023-11-05T18:36:10.865+0000] {logging_mixin.py:151} INFO - [2023-11-05T18:36:10.865+0000] {dag.py:3722} INFO - Setting next_dagrun for example_branch_datetime_operator to 2023-11-04T00:00:00+00:00, run_after=2023-11-05T00:00:00+00:00
[2023-11-05T18:36:10.893+0000] {logging_mixin.py:151} INFO - [2023-11-05T18:36:10.893+0000] {dag.py:3722} INFO - Setting next_dagrun for example_branch_datetime_operator_2 to 2023-11-04T00:00:00+00:00, run_after=2023-11-05T00:00:00+00:00
[2023-11-05T18:36:10.911+0000] {logging_mixin.py:151} INFO - [2023-11-05T18:36:10.911+0000] {dag.py:3722} INFO - Setting next_dagrun for example_branch_datetime_operator_3 to 2023-11-04T00:00:00+00:00, run_after=2023-11-05T00:00:00+00:00
[2023-11-05T18:36:11.020+0000] {processor.py:179} INFO - Processing /home/airflow/.local/lib/python3.8/site-packages/airflow/example_dags/example_branch_datetime_operator.py took 0.571 seconds
[2023-11-05T18:36:41.147+0000] {processor.py:157} INFO - Started process (PID=135) to work on /home/airflow/.local/lib/python3.8/site-packages/airflow/example_dags/example_branch_datetime_operator.py
[2023-11-05T18:36:41.153+0000] {processor.py:829} INFO - Processing file /home/airflow/.local/lib/python3.8/site-packages/airflow/example_dags/example_branch_datetime_operator.py for tasks to queue
[2023-11-05T18:36:41.160+0000] {logging_mixin.py:151} INFO - [2023-11-05T18:36:41.160+0000] {dagbag.py:536} INFO - Filling up the DagBag from /home/airflow/.local/lib/python3.8/site-packages/airflow/example_dags/example_branch_datetime_operator.py
[2023-11-05T18:36:41.167+0000] {processor.py:839} INFO - DAG(s) dict_keys(['example_branch_datetime_operator_2', 'example_branch_datetime_operator_3', 'example_branch_datetime_operator']) retrieved from /home/airflow/.local/lib/python3.8/site-packages/airflow/example_dags/example_branch_datetime_operator.py
[2023-11-05T18:36:41.252+0000] {logging_mixin.py:151} INFO - [2023-11-05T18:36:41.251+0000] {dag.py:2941} INFO - Sync 3 DAGs
[2023-11-05T18:36:41.282+0000] {logging_mixin.py:151} INFO - [2023-11-05T18:36:41.281+0000] {dag.py:3722} INFO - Setting next_dagrun for example_branch_datetime_operator to 2023-11-04T00:00:00+00:00, run_after=2023-11-05T00:00:00+00:00
[2023-11-05T18:36:41.287+0000] {logging_mixin.py:151} INFO - [2023-11-05T18:36:41.287+0000] {dag.py:3722} INFO - Setting next_dagrun for example_branch_datetime_operator_2 to 2023-11-04T00:00:00+00:00, run_after=2023-11-05T00:00:00+00:00
[2023-11-05T18:36:41.292+0000] {logging_mixin.py:151} INFO - [2023-11-05T18:36:41.292+0000] {dag.py:3722} INFO - Setting next_dagrun for example_branch_datetime_operator_3 to 2023-11-04T00:00:00+00:00, run_after=2023-11-05T00:00:00+00:00
[2023-11-05T18:36:41.327+0000] {processor.py:179} INFO - Processing /home/airflow/.local/lib/python3.8/site-packages/airflow/example_dags/example_branch_datetime_operator.py took 0.183 seconds
[2023-11-05T18:37:12.004+0000] {processor.py:157} INFO - Started process (PID=189) to work on /home/airflow/.local/lib/python3.8/site-packages/airflow/example_dags/example_branch_datetime_operator.py
[2023-11-05T18:37:12.018+0000] {processor.py:829} INFO - Processing file /home/airflow/.local/lib/python3.8/site-packages/airflow/example_dags/example_branch_datetime_operator.py for tasks to queue
[2023-11-05T18:37:12.033+0000] {logging_mixin.py:151} INFO - [2023-11-05T18:37:12.031+0000] {dagbag.py:536} INFO - Filling up the DagBag from /home/airflow/.local/lib/python3.8/site-packages/airflow/example_dags/example_branch_datetime_operator.py
[2023-11-05T18:37:12.049+0000] {processor.py:839} INFO - DAG(s) dict_keys(['example_branch_datetime_operator_2', 'example_branch_datetime_operator_3', 'example_branch_datetime_operator']) retrieved from /home/airflow/.local/lib/python3.8/site-packages/airflow/example_dags/example_branch_datetime_operator.py
[2023-11-05T18:37:12.180+0000] {logging_mixin.py:151} INFO - [2023-11-05T18:37:12.177+0000] {dag.py:2941} INFO - Sync 3 DAGs
[2023-11-05T18:37:12.235+0000] {logging_mixin.py:151} INFO - [2023-11-05T18:37:12.235+0000] {dag.py:3722} INFO - Setting next_dagrun for example_branch_datetime_operator to 2023-11-04T00:00:00+00:00, run_after=2023-11-05T00:00:00+00:00
[2023-11-05T18:37:12.251+0000] {logging_mixin.py:151} INFO - [2023-11-05T18:37:12.251+0000] {dag.py:3722} INFO - Setting next_dagrun for example_branch_datetime_operator_2 to 2023-11-04T00:00:00+00:00, run_after=2023-11-05T00:00:00+00:00
[2023-11-05T18:37:12.271+0000] {logging_mixin.py:151} INFO - [2023-11-05T18:37:12.271+0000] {dag.py:3722} INFO - Setting next_dagrun for example_branch_datetime_operator_3 to 2023-11-04T00:00:00+00:00, run_after=2023-11-05T00:00:00+00:00
[2023-11-05T18:37:12.319+0000] {processor.py:179} INFO - Processing /home/airflow/.local/lib/python3.8/site-packages/airflow/example_dags/example_branch_datetime_operator.py took 0.323 seconds
[2023-11-05T18:37:42.759+0000] {processor.py:157} INFO - Started process (PID=243) to work on /home/airflow/.local/lib/python3.8/site-packages/airflow/example_dags/example_branch_datetime_operator.py
[2023-11-05T18:37:42.762+0000] {processor.py:829} INFO - Processing file /home/airflow/.local/lib/python3.8/site-packages/airflow/example_dags/example_branch_datetime_operator.py for tasks to queue
[2023-11-05T18:37:42.764+0000] {logging_mixin.py:151} INFO - [2023-11-05T18:37:42.763+0000] {dagbag.py:536} INFO - Filling up the DagBag from /home/airflow/.local/lib/python3.8/site-packages/airflow/example_dags/example_branch_datetime_operator.py
[2023-11-05T18:37:42.772+0000] {processor.py:839} INFO - DAG(s) dict_keys(['example_branch_datetime_operator_2', 'example_branch_datetime_operator', 'example_branch_datetime_operator_3']) retrieved from /home/airflow/.local/lib/python3.8/site-packages/airflow/example_dags/example_branch_datetime_operator.py
[2023-11-05T18:37:42.815+0000] {logging_mixin.py:151} INFO - [2023-11-05T18:37:42.814+0000] {dag.py:2941} INFO - Sync 3 DAGs
[2023-11-05T18:37:42.840+0000] {logging_mixin.py:151} INFO - [2023-11-05T18:37:42.838+0000] {dag.py:3722} INFO - Setting next_dagrun for example_branch_datetime_operator to 2023-11-04T00:00:00+00:00, run_after=2023-11-05T00:00:00+00:00
[2023-11-05T18:37:42.849+0000] {logging_mixin.py:151} INFO - [2023-11-05T18:37:42.849+0000] {dag.py:3722} INFO - Setting next_dagrun for example_branch_datetime_operator_2 to 2023-11-04T00:00:00+00:00, run_after=2023-11-05T00:00:00+00:00
[2023-11-05T18:37:42.858+0000] {logging_mixin.py:151} INFO - [2023-11-05T18:37:42.858+0000] {dag.py:3722} INFO - Setting next_dagrun for example_branch_datetime_operator_3 to 2023-11-04T00:00:00+00:00, run_after=2023-11-05T00:00:00+00:00
[2023-11-05T18:37:42.933+0000] {processor.py:179} INFO - Processing /home/airflow/.local/lib/python3.8/site-packages/airflow/example_dags/example_branch_datetime_operator.py took 0.177 seconds
[2023-11-05T18:38:13.739+0000] {processor.py:157} INFO - Started process (PID=296) to work on /home/airflow/.local/lib/python3.8/site-packages/airflow/example_dags/example_branch_datetime_operator.py
[2023-11-05T18:38:13.746+0000] {processor.py:829} INFO - Processing file /home/airflow/.local/lib/python3.8/site-packages/airflow/example_dags/example_branch_datetime_operator.py for tasks to queue
[2023-11-05T18:38:13.750+0000] {logging_mixin.py:151} INFO - [2023-11-05T18:38:13.750+0000] {dagbag.py:536} INFO - Filling up the DagBag from /home/airflow/.local/lib/python3.8/site-packages/airflow/example_dags/example_branch_datetime_operator.py
[2023-11-05T18:38:13.756+0000] {processor.py:839} INFO - DAG(s) dict_keys(['example_branch_datetime_operator', 'example_branch_datetime_operator_3', 'example_branch_datetime_operator_2']) retrieved from /home/airflow/.local/lib/python3.8/site-packages/airflow/example_dags/example_branch_datetime_operator.py
[2023-11-05T18:38:13.830+0000] {logging_mixin.py:151} INFO - [2023-11-05T18:38:13.830+0000] {dag.py:2941} INFO - Sync 3 DAGs
[2023-11-05T18:38:13.884+0000] {logging_mixin.py:151} INFO - [2023-11-05T18:38:13.884+0000] {dag.py:3722} INFO - Setting next_dagrun for example_branch_datetime_operator to 2023-11-04T00:00:00+00:00, run_after=2023-11-05T00:00:00+00:00
[2023-11-05T18:38:13.891+0000] {logging_mixin.py:151} INFO - [2023-11-05T18:38:13.891+0000] {dag.py:3722} INFO - Setting next_dagrun for example_branch_datetime_operator_2 to 2023-11-04T00:00:00+00:00, run_after=2023-11-05T00:00:00+00:00
[2023-11-05T18:38:13.906+0000] {logging_mixin.py:151} INFO - [2023-11-05T18:38:13.906+0000] {dag.py:3722} INFO - Setting next_dagrun for example_branch_datetime_operator_3 to 2023-11-04T00:00:00+00:00, run_after=2023-11-05T00:00:00+00:00
[2023-11-05T18:38:14.008+0000] {processor.py:179} INFO - Processing /home/airflow/.local/lib/python3.8/site-packages/airflow/example_dags/example_branch_datetime_operator.py took 0.271 seconds
[2023-11-05T18:38:44.225+0000] {processor.py:157} INFO - Started process (PID=350) to work on /home/airflow/.local/lib/python3.8/site-packages/airflow/example_dags/example_branch_datetime_operator.py
[2023-11-05T18:38:44.236+0000] {processor.py:829} INFO - Processing file /home/airflow/.local/lib/python3.8/site-packages/airflow/example_dags/example_branch_datetime_operator.py for tasks to queue
[2023-11-05T18:38:44.250+0000] {logging_mixin.py:151} INFO - [2023-11-05T18:38:44.250+0000] {dagbag.py:536} INFO - Filling up the DagBag from /home/airflow/.local/lib/python3.8/site-packages/airflow/example_dags/example_branch_datetime_operator.py
[2023-11-05T18:38:44.257+0000] {processor.py:839} INFO - DAG(s) dict_keys(['example_branch_datetime_operator_2', 'example_branch_datetime_operator', 'example_branch_datetime_operator_3']) retrieved from /home/airflow/.local/lib/python3.8/site-packages/airflow/example_dags/example_branch_datetime_operator.py
[2023-11-05T18:38:44.395+0000] {logging_mixin.py:151} INFO - [2023-11-05T18:38:44.394+0000] {dag.py:2941} INFO - Sync 3 DAGs
[2023-11-05T18:38:44.453+0000] {logging_mixin.py:151} INFO - [2023-11-05T18:38:44.453+0000] {dag.py:3722} INFO - Setting next_dagrun for example_branch_datetime_operator to 2023-11-04T00:00:00+00:00, run_after=2023-11-05T00:00:00+00:00
[2023-11-05T18:38:44.463+0000] {logging_mixin.py:151} INFO - [2023-11-05T18:38:44.463+0000] {dag.py:3722} INFO - Setting next_dagrun for example_branch_datetime_operator_2 to 2023-11-04T00:00:00+00:00, run_after=2023-11-05T00:00:00+00:00
[2023-11-05T18:38:44.472+0000] {logging_mixin.py:151} INFO - [2023-11-05T18:38:44.472+0000] {dag.py:3722} INFO - Setting next_dagrun for example_branch_datetime_operator_3 to 2023-11-04T00:00:00+00:00, run_after=2023-11-05T00:00:00+00:00
[2023-11-05T18:38:44.523+0000] {processor.py:179} INFO - Processing /home/airflow/.local/lib/python3.8/site-packages/airflow/example_dags/example_branch_datetime_operator.py took 0.300 seconds
[2023-11-05T18:39:14.600+0000] {processor.py:157} INFO - Started process (PID=404) to work on /home/airflow/.local/lib/python3.8/site-packages/airflow/example_dags/example_branch_datetime_operator.py
[2023-11-05T18:39:14.608+0000] {processor.py:829} INFO - Processing file /home/airflow/.local/lib/python3.8/site-packages/airflow/example_dags/example_branch_datetime_operator.py for tasks to queue
[2023-11-05T18:39:14.616+0000] {logging_mixin.py:151} INFO - [2023-11-05T18:39:14.616+0000] {dagbag.py:536} INFO - Filling up the DagBag from /home/airflow/.local/lib/python3.8/site-packages/airflow/example_dags/example_branch_datetime_operator.py
[2023-11-05T18:39:14.635+0000] {processor.py:839} INFO - DAG(s) dict_keys(['example_branch_datetime_operator_3', 'example_branch_datetime_operator_2', 'example_branch_datetime_operator']) retrieved from /home/airflow/.local/lib/python3.8/site-packages/airflow/example_dags/example_branch_datetime_operator.py
[2023-11-05T18:39:14.691+0000] {logging_mixin.py:151} INFO - [2023-11-05T18:39:14.690+0000] {dag.py:2941} INFO - Sync 3 DAGs
[2023-11-05T18:39:14.715+0000] {logging_mixin.py:151} INFO - [2023-11-05T18:39:14.715+0000] {dag.py:3722} INFO - Setting next_dagrun for example_branch_datetime_operator to 2023-11-04T00:00:00+00:00, run_after=2023-11-05T00:00:00+00:00
[2023-11-05T18:39:14.724+0000] {logging_mixin.py:151} INFO - [2023-11-05T18:39:14.724+0000] {dag.py:3722} INFO - Setting next_dagrun for example_branch_datetime_operator_2 to 2023-11-04T00:00:00+00:00, run_after=2023-11-05T00:00:00+00:00
[2023-11-05T18:39:14.734+0000] {logging_mixin.py:151} INFO - [2023-11-05T18:39:14.732+0000] {dag.py:3722} INFO - Setting next_dagrun for example_branch_datetime_operator_3 to 2023-11-04T00:00:00+00:00, run_after=2023-11-05T00:00:00+00:00
[2023-11-05T18:39:14.811+0000] {processor.py:179} INFO - Processing /home/airflow/.local/lib/python3.8/site-packages/airflow/example_dags/example_branch_datetime_operator.py took 0.216 seconds
[2023-11-05T18:39:45.382+0000] {processor.py:157} INFO - Started process (PID=458) to work on /home/airflow/.local/lib/python3.8/site-packages/airflow/example_dags/example_branch_datetime_operator.py
[2023-11-05T18:39:45.403+0000] {processor.py:829} INFO - Processing file /home/airflow/.local/lib/python3.8/site-packages/airflow/example_dags/example_branch_datetime_operator.py for tasks to queue
[2023-11-05T18:39:45.411+0000] {logging_mixin.py:151} INFO - [2023-11-05T18:39:45.410+0000] {dagbag.py:536} INFO - Filling up the DagBag from /home/airflow/.local/lib/python3.8/site-packages/airflow/example_dags/example_branch_datetime_operator.py
[2023-11-05T18:39:45.429+0000] {processor.py:839} INFO - DAG(s) dict_keys(['example_branch_datetime_operator', 'example_branch_datetime_operator_3', 'example_branch_datetime_operator_2']) retrieved from /home/airflow/.local/lib/python3.8/site-packages/airflow/example_dags/example_branch_datetime_operator.py
[2023-11-05T18:39:45.486+0000] {logging_mixin.py:151} INFO - [2023-11-05T18:39:45.486+0000] {dag.py:2941} INFO - Sync 3 DAGs
[2023-11-05T18:39:45.517+0000] {logging_mixin.py:151} INFO - [2023-11-05T18:39:45.516+0000] {dag.py:3722} INFO - Setting next_dagrun for example_branch_datetime_operator to 2023-11-04T00:00:00+00:00, run_after=2023-11-05T00:00:00+00:00
[2023-11-05T18:39:45.530+0000] {logging_mixin.py:151} INFO - [2023-11-05T18:39:45.530+0000] {dag.py:3722} INFO - Setting next_dagrun for example_branch_datetime_operator_2 to 2023-11-04T00:00:00+00:00, run_after=2023-11-05T00:00:00+00:00
[2023-11-05T18:39:45.541+0000] {logging_mixin.py:151} INFO - [2023-11-05T18:39:45.541+0000] {dag.py:3722} INFO - Setting next_dagrun for example_branch_datetime_operator_3 to 2023-11-04T00:00:00+00:00, run_after=2023-11-05T00:00:00+00:00
[2023-11-05T18:39:45.630+0000] {processor.py:179} INFO - Processing /home/airflow/.local/lib/python3.8/site-packages/airflow/example_dags/example_branch_datetime_operator.py took 0.250 seconds
[2023-11-05T18:40:16.537+0000] {processor.py:157} INFO - Started process (PID=512) to work on /home/airflow/.local/lib/python3.8/site-packages/airflow/example_dags/example_branch_datetime_operator.py
[2023-11-05T18:40:16.539+0000] {processor.py:829} INFO - Processing file /home/airflow/.local/lib/python3.8/site-packages/airflow/example_dags/example_branch_datetime_operator.py for tasks to queue
[2023-11-05T18:40:16.541+0000] {logging_mixin.py:151} INFO - [2023-11-05T18:40:16.541+0000] {dagbag.py:536} INFO - Filling up the DagBag from /home/airflow/.local/lib/python3.8/site-packages/airflow/example_dags/example_branch_datetime_operator.py
[2023-11-05T18:40:16.557+0000] {processor.py:839} INFO - DAG(s) dict_keys(['example_branch_datetime_operator', 'example_branch_datetime_operator_2', 'example_branch_datetime_operator_3']) retrieved from /home/airflow/.local/lib/python3.8/site-packages/airflow/example_dags/example_branch_datetime_operator.py
[2023-11-05T18:40:16.592+0000] {logging_mixin.py:151} INFO - [2023-11-05T18:40:16.591+0000] {dag.py:2941} INFO - Sync 3 DAGs
[2023-11-05T18:40:16.612+0000] {logging_mixin.py:151} INFO - [2023-11-05T18:40:16.612+0000] {dag.py:3722} INFO - Setting next_dagrun for example_branch_datetime_operator to 2023-11-04T00:00:00+00:00, run_after=2023-11-05T00:00:00+00:00
[2023-11-05T18:40:16.617+0000] {logging_mixin.py:151} INFO - [2023-11-05T18:40:16.617+0000] {dag.py:3722} INFO - Setting next_dagrun for example_branch_datetime_operator_2 to 2023-11-04T00:00:00+00:00, run_after=2023-11-05T00:00:00+00:00
[2023-11-05T18:40:16.620+0000] {logging_mixin.py:151} INFO - [2023-11-05T18:40:16.620+0000] {dag.py:3722} INFO - Setting next_dagrun for example_branch_datetime_operator_3 to 2023-11-04T00:00:00+00:00, run_after=2023-11-05T00:00:00+00:00
[2023-11-05T18:40:16.643+0000] {processor.py:179} INFO - Processing /home/airflow/.local/lib/python3.8/site-packages/airflow/example_dags/example_branch_datetime_operator.py took 0.109 seconds
[2023-11-05T18:40:47.397+0000] {processor.py:157} INFO - Started process (PID=566) to work on /home/airflow/.local/lib/python3.8/site-packages/airflow/example_dags/example_branch_datetime_operator.py
[2023-11-05T18:40:47.398+0000] {processor.py:829} INFO - Processing file /home/airflow/.local/lib/python3.8/site-packages/airflow/example_dags/example_branch_datetime_operator.py for tasks to queue
[2023-11-05T18:40:47.401+0000] {logging_mixin.py:151} INFO - [2023-11-05T18:40:47.401+0000] {dagbag.py:536} INFO - Filling up the DagBag from /home/airflow/.local/lib/python3.8/site-packages/airflow/example_dags/example_branch_datetime_operator.py
[2023-11-05T18:40:47.414+0000] {processor.py:839} INFO - DAG(s) dict_keys(['example_branch_datetime_operator_2', 'example_branch_datetime_operator_3', 'example_branch_datetime_operator']) retrieved from /home/airflow/.local/lib/python3.8/site-packages/airflow/example_dags/example_branch_datetime_operator.py
[2023-11-05T18:40:47.449+0000] {logging_mixin.py:151} INFO - [2023-11-05T18:40:47.449+0000] {dag.py:2941} INFO - Sync 3 DAGs
[2023-11-05T18:40:47.470+0000] {logging_mixin.py:151} INFO - [2023-11-05T18:40:47.470+0000] {dag.py:3722} INFO - Setting next_dagrun for example_branch_datetime_operator to 2023-11-04T00:00:00+00:00, run_after=2023-11-05T00:00:00+00:00
[2023-11-05T18:40:47.474+0000] {logging_mixin.py:151} INFO - [2023-11-05T18:40:47.474+0000] {dag.py:3722} INFO - Setting next_dagrun for example_branch_datetime_operator_2 to 2023-11-04T00:00:00+00:00, run_after=2023-11-05T00:00:00+00:00
[2023-11-05T18:40:47.476+0000] {logging_mixin.py:151} INFO - [2023-11-05T18:40:47.476+0000] {dag.py:3722} INFO - Setting next_dagrun for example_branch_datetime_operator_3 to 2023-11-04T00:00:00+00:00, run_after=2023-11-05T00:00:00+00:00
[2023-11-05T18:40:47.491+0000] {processor.py:179} INFO - Processing /home/airflow/.local/lib/python3.8/site-packages/airflow/example_dags/example_branch_datetime_operator.py took 0.097 seconds
[2023-11-05T18:41:17.552+0000] {processor.py:157} INFO - Started process (PID=620) to work on /home/airflow/.local/lib/python3.8/site-packages/airflow/example_dags/example_branch_datetime_operator.py
[2023-11-05T18:41:17.556+0000] {processor.py:829} INFO - Processing file /home/airflow/.local/lib/python3.8/site-packages/airflow/example_dags/example_branch_datetime_operator.py for tasks to queue
[2023-11-05T18:41:17.560+0000] {logging_mixin.py:151} INFO - [2023-11-05T18:41:17.560+0000] {dagbag.py:536} INFO - Filling up the DagBag from /home/airflow/.local/lib/python3.8/site-packages/airflow/example_dags/example_branch_datetime_operator.py
[2023-11-05T18:41:17.572+0000] {processor.py:839} INFO - DAG(s) dict_keys(['example_branch_datetime_operator_3', 'example_branch_datetime_operator', 'example_branch_datetime_operator_2']) retrieved from /home/airflow/.local/lib/python3.8/site-packages/airflow/example_dags/example_branch_datetime_operator.py
[2023-11-05T18:41:17.598+0000] {logging_mixin.py:151} INFO - [2023-11-05T18:41:17.598+0000] {dag.py:2941} INFO - Sync 3 DAGs
[2023-11-05T18:41:17.620+0000] {logging_mixin.py:151} INFO - [2023-11-05T18:41:17.620+0000] {dag.py:3722} INFO - Setting next_dagrun for example_branch_datetime_operator to 2023-11-04T00:00:00+00:00, run_after=2023-11-05T00:00:00+00:00
[2023-11-05T18:41:17.624+0000] {logging_mixin.py:151} INFO - [2023-11-05T18:41:17.624+0000] {dag.py:3722} INFO - Setting next_dagrun for example_branch_datetime_operator_2 to 2023-11-04T00:00:00+00:00, run_after=2023-11-05T00:00:00+00:00
[2023-11-05T18:41:17.625+0000] {logging_mixin.py:151} INFO - [2023-11-05T18:41:17.625+0000] {dag.py:3722} INFO - Setting next_dagrun for example_branch_datetime_operator_3 to 2023-11-04T00:00:00+00:00, run_after=2023-11-05T00:00:00+00:00
[2023-11-05T18:41:17.643+0000] {processor.py:179} INFO - Processing /home/airflow/.local/lib/python3.8/site-packages/airflow/example_dags/example_branch_datetime_operator.py took 0.097 seconds
[2023-11-05T18:41:47.875+0000] {processor.py:157} INFO - Started process (PID=673) to work on /home/airflow/.local/lib/python3.8/site-packages/airflow/example_dags/example_branch_datetime_operator.py
[2023-11-05T18:41:47.879+0000] {processor.py:829} INFO - Processing file /home/airflow/.local/lib/python3.8/site-packages/airflow/example_dags/example_branch_datetime_operator.py for tasks to queue
[2023-11-05T18:41:47.884+0000] {logging_mixin.py:151} INFO - [2023-11-05T18:41:47.884+0000] {dagbag.py:536} INFO - Filling up the DagBag from /home/airflow/.local/lib/python3.8/site-packages/airflow/example_dags/example_branch_datetime_operator.py
[2023-11-05T18:41:47.892+0000] {processor.py:839} INFO - DAG(s) dict_keys(['example_branch_datetime_operator', 'example_branch_datetime_operator_2', 'example_branch_datetime_operator_3']) retrieved from /home/airflow/.local/lib/python3.8/site-packages/airflow/example_dags/example_branch_datetime_operator.py
[2023-11-05T18:41:47.919+0000] {logging_mixin.py:151} INFO - [2023-11-05T18:41:47.919+0000] {dag.py:2941} INFO - Sync 3 DAGs
[2023-11-05T18:41:47.942+0000] {logging_mixin.py:151} INFO - [2023-11-05T18:41:47.942+0000] {dag.py:3722} INFO - Setting next_dagrun for example_branch_datetime_operator to 2023-11-04T00:00:00+00:00, run_after=2023-11-05T00:00:00+00:00
[2023-11-05T18:41:47.947+0000] {logging_mixin.py:151} INFO - [2023-11-05T18:41:47.946+0000] {dag.py:3722} INFO - Setting next_dagrun for example_branch_datetime_operator_2 to 2023-11-04T00:00:00+00:00, run_after=2023-11-05T00:00:00+00:00
[2023-11-05T18:41:47.949+0000] {logging_mixin.py:151} INFO - [2023-11-05T18:41:47.948+0000] {dag.py:3722} INFO - Setting next_dagrun for example_branch_datetime_operator_3 to 2023-11-04T00:00:00+00:00, run_after=2023-11-05T00:00:00+00:00
[2023-11-05T18:41:47.969+0000] {processor.py:179} INFO - Processing /home/airflow/.local/lib/python3.8/site-packages/airflow/example_dags/example_branch_datetime_operator.py took 0.097 seconds
[2023-11-05T18:42:18.772+0000] {processor.py:157} INFO - Started process (PID=727) to work on /home/airflow/.local/lib/python3.8/site-packages/airflow/example_dags/example_branch_datetime_operator.py
[2023-11-05T18:42:18.776+0000] {processor.py:829} INFO - Processing file /home/airflow/.local/lib/python3.8/site-packages/airflow/example_dags/example_branch_datetime_operator.py for tasks to queue
[2023-11-05T18:42:18.781+0000] {logging_mixin.py:151} INFO - [2023-11-05T18:42:18.780+0000] {dagbag.py:536} INFO - Filling up the DagBag from /home/airflow/.local/lib/python3.8/site-packages/airflow/example_dags/example_branch_datetime_operator.py
[2023-11-05T18:42:18.789+0000] {processor.py:839} INFO - DAG(s) dict_keys(['example_branch_datetime_operator_2', 'example_branch_datetime_operator', 'example_branch_datetime_operator_3']) retrieved from /home/airflow/.local/lib/python3.8/site-packages/airflow/example_dags/example_branch_datetime_operator.py
[2023-11-05T18:42:18.818+0000] {logging_mixin.py:151} INFO - [2023-11-05T18:42:18.817+0000] {dag.py:2941} INFO - Sync 3 DAGs
[2023-11-05T18:42:18.834+0000] {logging_mixin.py:151} INFO - [2023-11-05T18:42:18.833+0000] {dag.py:3722} INFO - Setting next_dagrun for example_branch_datetime_operator to 2023-11-04T00:00:00+00:00, run_after=2023-11-05T00:00:00+00:00
[2023-11-05T18:42:18.837+0000] {logging_mixin.py:151} INFO - [2023-11-05T18:42:18.837+0000] {dag.py:3722} INFO - Setting next_dagrun for example_branch_datetime_operator_2 to 2023-11-04T00:00:00+00:00, run_after=2023-11-05T00:00:00+00:00
[2023-11-05T18:42:18.840+0000] {logging_mixin.py:151} INFO - [2023-11-05T18:42:18.840+0000] {dag.py:3722} INFO - Setting next_dagrun for example_branch_datetime_operator_3 to 2023-11-04T00:00:00+00:00, run_after=2023-11-05T00:00:00+00:00
[2023-11-05T18:42:18.855+0000] {processor.py:179} INFO - Processing /home/airflow/.local/lib/python3.8/site-packages/airflow/example_dags/example_branch_datetime_operator.py took 0.088 seconds
[2023-11-05T18:42:49.711+0000] {processor.py:157} INFO - Started process (PID=781) to work on /home/airflow/.local/lib/python3.8/site-packages/airflow/example_dags/example_branch_datetime_operator.py
[2023-11-05T18:42:49.714+0000] {processor.py:829} INFO - Processing file /home/airflow/.local/lib/python3.8/site-packages/airflow/example_dags/example_branch_datetime_operator.py for tasks to queue
[2023-11-05T18:42:49.716+0000] {logging_mixin.py:151} INFO - [2023-11-05T18:42:49.716+0000] {dagbag.py:536} INFO - Filling up the DagBag from /home/airflow/.local/lib/python3.8/site-packages/airflow/example_dags/example_branch_datetime_operator.py
[2023-11-05T18:42:49.724+0000] {processor.py:839} INFO - DAG(s) dict_keys(['example_branch_datetime_operator', 'example_branch_datetime_operator_2', 'example_branch_datetime_operator_3']) retrieved from /home/airflow/.local/lib/python3.8/site-packages/airflow/example_dags/example_branch_datetime_operator.py
[2023-11-05T18:42:49.750+0000] {logging_mixin.py:151} INFO - [2023-11-05T18:42:49.749+0000] {dag.py:2941} INFO - Sync 3 DAGs
[2023-11-05T18:42:49.769+0000] {logging_mixin.py:151} INFO - [2023-11-05T18:42:49.768+0000] {dag.py:3722} INFO - Setting next_dagrun for example_branch_datetime_operator to 2023-11-04T00:00:00+00:00, run_after=2023-11-05T00:00:00+00:00
[2023-11-05T18:42:49.774+0000] {logging_mixin.py:151} INFO - [2023-11-05T18:42:49.774+0000] {dag.py:3722} INFO - Setting next_dagrun for example_branch_datetime_operator_2 to 2023-11-04T00:00:00+00:00, run_after=2023-11-05T00:00:00+00:00
[2023-11-05T18:42:49.775+0000] {logging_mixin.py:151} INFO - [2023-11-05T18:42:49.775+0000] {dag.py:3722} INFO - Setting next_dagrun for example_branch_datetime_operator_3 to 2023-11-04T00:00:00+00:00, run_after=2023-11-05T00:00:00+00:00
[2023-11-05T18:42:49.796+0000] {processor.py:179} INFO - Processing /home/airflow/.local/lib/python3.8/site-packages/airflow/example_dags/example_branch_datetime_operator.py took 0.090 seconds
[2023-11-05T18:43:20.197+0000] {processor.py:157} INFO - Started process (PID=835) to work on /home/airflow/.local/lib/python3.8/site-packages/airflow/example_dags/example_branch_datetime_operator.py
[2023-11-05T18:43:20.200+0000] {processor.py:829} INFO - Processing file /home/airflow/.local/lib/python3.8/site-packages/airflow/example_dags/example_branch_datetime_operator.py for tasks to queue
[2023-11-05T18:43:20.205+0000] {logging_mixin.py:151} INFO - [2023-11-05T18:43:20.204+0000] {dagbag.py:536} INFO - Filling up the DagBag from /home/airflow/.local/lib/python3.8/site-packages/airflow/example_dags/example_branch_datetime_operator.py
[2023-11-05T18:43:20.212+0000] {processor.py:839} INFO - DAG(s) dict_keys(['example_branch_datetime_operator_2', 'example_branch_datetime_operator_3', 'example_branch_datetime_operator']) retrieved from /home/airflow/.local/lib/python3.8/site-packages/airflow/example_dags/example_branch_datetime_operator.py
[2023-11-05T18:43:20.243+0000] {logging_mixin.py:151} INFO - [2023-11-05T18:43:20.242+0000] {dag.py:2941} INFO - Sync 3 DAGs
[2023-11-05T18:43:20.271+0000] {logging_mixin.py:151} INFO - [2023-11-05T18:43:20.271+0000] {dag.py:3722} INFO - Setting next_dagrun for example_branch_datetime_operator to 2023-11-04T00:00:00+00:00, run_after=2023-11-05T00:00:00+00:00
[2023-11-05T18:43:20.278+0000] {logging_mixin.py:151} INFO - [2023-11-05T18:43:20.278+0000] {dag.py:3722} INFO - Setting next_dagrun for example_branch_datetime_operator_2 to 2023-11-04T00:00:00+00:00, run_after=2023-11-05T00:00:00+00:00
[2023-11-05T18:43:20.281+0000] {logging_mixin.py:151} INFO - [2023-11-05T18:43:20.281+0000] {dag.py:3722} INFO - Setting next_dagrun for example_branch_datetime_operator_3 to 2023-11-04T00:00:00+00:00, run_after=2023-11-05T00:00:00+00:00
[2023-11-05T18:43:20.301+0000] {processor.py:179} INFO - Processing /home/airflow/.local/lib/python3.8/site-packages/airflow/example_dags/example_branch_datetime_operator.py took 0.108 seconds
[2023-11-05T18:43:51.153+0000] {processor.py:157} INFO - Started process (PID=889) to work on /home/airflow/.local/lib/python3.8/site-packages/airflow/example_dags/example_branch_datetime_operator.py
[2023-11-05T18:43:51.157+0000] {processor.py:829} INFO - Processing file /home/airflow/.local/lib/python3.8/site-packages/airflow/example_dags/example_branch_datetime_operator.py for tasks to queue
[2023-11-05T18:43:51.162+0000] {logging_mixin.py:151} INFO - [2023-11-05T18:43:51.162+0000] {dagbag.py:536} INFO - Filling up the DagBag from /home/airflow/.local/lib/python3.8/site-packages/airflow/example_dags/example_branch_datetime_operator.py
[2023-11-05T18:43:51.170+0000] {processor.py:839} INFO - DAG(s) dict_keys(['example_branch_datetime_operator_3', 'example_branch_datetime_operator_2', 'example_branch_datetime_operator']) retrieved from /home/airflow/.local/lib/python3.8/site-packages/airflow/example_dags/example_branch_datetime_operator.py
[2023-11-05T18:43:51.198+0000] {logging_mixin.py:151} INFO - [2023-11-05T18:43:51.198+0000] {dag.py:2941} INFO - Sync 3 DAGs
[2023-11-05T18:43:51.213+0000] {logging_mixin.py:151} INFO - [2023-11-05T18:43:51.213+0000] {dag.py:3722} INFO - Setting next_dagrun for example_branch_datetime_operator to 2023-11-04T00:00:00+00:00, run_after=2023-11-05T00:00:00+00:00
[2023-11-05T18:43:51.216+0000] {logging_mixin.py:151} INFO - [2023-11-05T18:43:51.216+0000] {dag.py:3722} INFO - Setting next_dagrun for example_branch_datetime_operator_2 to 2023-11-04T00:00:00+00:00, run_after=2023-11-05T00:00:00+00:00
[2023-11-05T18:43:51.221+0000] {logging_mixin.py:151} INFO - [2023-11-05T18:43:51.221+0000] {dag.py:3722} INFO - Setting next_dagrun for example_branch_datetime_operator_3 to 2023-11-04T00:00:00+00:00, run_after=2023-11-05T00:00:00+00:00
[2023-11-05T18:43:51.240+0000] {processor.py:179} INFO - Processing /home/airflow/.local/lib/python3.8/site-packages/airflow/example_dags/example_branch_datetime_operator.py took 0.092 seconds
[2023-11-05T18:44:21.552+0000] {processor.py:157} INFO - Started process (PID=943) to work on /home/airflow/.local/lib/python3.8/site-packages/airflow/example_dags/example_branch_datetime_operator.py
[2023-11-05T18:44:21.555+0000] {processor.py:829} INFO - Processing file /home/airflow/.local/lib/python3.8/site-packages/airflow/example_dags/example_branch_datetime_operator.py for tasks to queue
[2023-11-05T18:44:21.557+0000] {logging_mixin.py:151} INFO - [2023-11-05T18:44:21.556+0000] {dagbag.py:536} INFO - Filling up the DagBag from /home/airflow/.local/lib/python3.8/site-packages/airflow/example_dags/example_branch_datetime_operator.py
[2023-11-05T18:44:21.563+0000] {processor.py:839} INFO - DAG(s) dict_keys(['example_branch_datetime_operator_3', 'example_branch_datetime_operator', 'example_branch_datetime_operator_2']) retrieved from /home/airflow/.local/lib/python3.8/site-packages/airflow/example_dags/example_branch_datetime_operator.py
[2023-11-05T18:44:21.590+0000] {logging_mixin.py:151} INFO - [2023-11-05T18:44:21.590+0000] {dag.py:2941} INFO - Sync 3 DAGs
[2023-11-05T18:44:21.609+0000] {logging_mixin.py:151} INFO - [2023-11-05T18:44:21.609+0000] {dag.py:3722} INFO - Setting next_dagrun for example_branch_datetime_operator to 2023-11-04T00:00:00+00:00, run_after=2023-11-05T00:00:00+00:00
[2023-11-05T18:44:21.612+0000] {logging_mixin.py:151} INFO - [2023-11-05T18:44:21.612+0000] {dag.py:3722} INFO - Setting next_dagrun for example_branch_datetime_operator_2 to 2023-11-04T00:00:00+00:00, run_after=2023-11-05T00:00:00+00:00
[2023-11-05T18:44:21.614+0000] {logging_mixin.py:151} INFO - [2023-11-05T18:44:21.613+0000] {dag.py:3722} INFO - Setting next_dagrun for example_branch_datetime_operator_3 to 2023-11-04T00:00:00+00:00, run_after=2023-11-05T00:00:00+00:00
[2023-11-05T18:44:21.629+0000] {processor.py:179} INFO - Processing /home/airflow/.local/lib/python3.8/site-packages/airflow/example_dags/example_branch_datetime_operator.py took 0.084 seconds
[2023-11-05T18:44:51.912+0000] {processor.py:157} INFO - Started process (PID=996) to work on /home/airflow/.local/lib/python3.8/site-packages/airflow/example_dags/example_branch_datetime_operator.py
[2023-11-05T18:44:51.922+0000] {processor.py:829} INFO - Processing file /home/airflow/.local/lib/python3.8/site-packages/airflow/example_dags/example_branch_datetime_operator.py for tasks to queue
[2023-11-05T18:44:51.940+0000] {logging_mixin.py:151} INFO - [2023-11-05T18:44:51.939+0000] {dagbag.py:536} INFO - Filling up the DagBag from /home/airflow/.local/lib/python3.8/site-packages/airflow/example_dags/example_branch_datetime_operator.py
[2023-11-05T18:44:51.953+0000] {processor.py:839} INFO - DAG(s) dict_keys(['example_branch_datetime_operator_2', 'example_branch_datetime_operator', 'example_branch_datetime_operator_3']) retrieved from /home/airflow/.local/lib/python3.8/site-packages/airflow/example_dags/example_branch_datetime_operator.py
[2023-11-05T18:44:52.039+0000] {logging_mixin.py:151} INFO - [2023-11-05T18:44:52.038+0000] {dag.py:2941} INFO - Sync 3 DAGs
[2023-11-05T18:44:52.101+0000] {logging_mixin.py:151} INFO - [2023-11-05T18:44:52.101+0000] {dag.py:3722} INFO - Setting next_dagrun for example_branch_datetime_operator to 2023-11-04T00:00:00+00:00, run_after=2023-11-05T00:00:00+00:00
[2023-11-05T18:44:52.115+0000] {logging_mixin.py:151} INFO - [2023-11-05T18:44:52.115+0000] {dag.py:3722} INFO - Setting next_dagrun for example_branch_datetime_operator_2 to 2023-11-04T00:00:00+00:00, run_after=2023-11-05T00:00:00+00:00
[2023-11-05T18:44:52.146+0000] {logging_mixin.py:151} INFO - [2023-11-05T18:44:52.145+0000] {dag.py:3722} INFO - Setting next_dagrun for example_branch_datetime_operator_3 to 2023-11-04T00:00:00+00:00, run_after=2023-11-05T00:00:00+00:00
[2023-11-05T18:44:52.255+0000] {processor.py:179} INFO - Processing /home/airflow/.local/lib/python3.8/site-packages/airflow/example_dags/example_branch_datetime_operator.py took 0.346 seconds
[2023-11-05T18:46:15.096+0000] {processor.py:157} INFO - Started process (PID=75) to work on /home/airflow/.local/lib/python3.8/site-packages/airflow/example_dags/example_branch_datetime_operator.py
[2023-11-05T18:46:15.104+0000] {processor.py:829} INFO - Processing file /home/airflow/.local/lib/python3.8/site-packages/airflow/example_dags/example_branch_datetime_operator.py for tasks to queue
[2023-11-05T18:46:15.113+0000] {logging_mixin.py:151} INFO - [2023-11-05T18:46:15.112+0000] {dagbag.py:536} INFO - Filling up the DagBag from /home/airflow/.local/lib/python3.8/site-packages/airflow/example_dags/example_branch_datetime_operator.py
[2023-11-05T18:46:15.156+0000] {processor.py:839} INFO - DAG(s) dict_keys(['example_branch_datetime_operator_3', 'example_branch_datetime_operator', 'example_branch_datetime_operator_2']) retrieved from /home/airflow/.local/lib/python3.8/site-packages/airflow/example_dags/example_branch_datetime_operator.py
[2023-11-05T18:46:15.187+0000] {logging_mixin.py:151} INFO - [2023-11-05T18:46:15.187+0000] {dag.py:2941} INFO - Sync 3 DAGs
[2023-11-05T18:46:15.213+0000] {logging_mixin.py:151} INFO - [2023-11-05T18:46:15.213+0000] {dag.py:3722} INFO - Setting next_dagrun for example_branch_datetime_operator to 2023-11-04T00:00:00+00:00, run_after=2023-11-05T00:00:00+00:00
[2023-11-05T18:46:15.219+0000] {logging_mixin.py:151} INFO - [2023-11-05T18:46:15.219+0000] {dag.py:3722} INFO - Setting next_dagrun for example_branch_datetime_operator_2 to 2023-11-04T00:00:00+00:00, run_after=2023-11-05T00:00:00+00:00
[2023-11-05T18:46:15.222+0000] {logging_mixin.py:151} INFO - [2023-11-05T18:46:15.222+0000] {dag.py:3722} INFO - Setting next_dagrun for example_branch_datetime_operator_3 to 2023-11-04T00:00:00+00:00, run_after=2023-11-05T00:00:00+00:00
[2023-11-05T18:46:15.255+0000] {processor.py:179} INFO - Processing /home/airflow/.local/lib/python3.8/site-packages/airflow/example_dags/example_branch_datetime_operator.py took 0.163 seconds
[2023-11-05T18:46:45.309+0000] {processor.py:157} INFO - Started process (PID=129) to work on /home/airflow/.local/lib/python3.8/site-packages/airflow/example_dags/example_branch_datetime_operator.py
[2023-11-05T18:46:45.312+0000] {processor.py:829} INFO - Processing file /home/airflow/.local/lib/python3.8/site-packages/airflow/example_dags/example_branch_datetime_operator.py for tasks to queue
[2023-11-05T18:46:45.315+0000] {logging_mixin.py:151} INFO - [2023-11-05T18:46:45.315+0000] {dagbag.py:536} INFO - Filling up the DagBag from /home/airflow/.local/lib/python3.8/site-packages/airflow/example_dags/example_branch_datetime_operator.py
[2023-11-05T18:46:45.336+0000] {processor.py:839} INFO - DAG(s) dict_keys(['example_branch_datetime_operator', 'example_branch_datetime_operator_2', 'example_branch_datetime_operator_3']) retrieved from /home/airflow/.local/lib/python3.8/site-packages/airflow/example_dags/example_branch_datetime_operator.py
[2023-11-05T18:46:45.365+0000] {logging_mixin.py:151} INFO - [2023-11-05T18:46:45.365+0000] {dag.py:2941} INFO - Sync 3 DAGs
[2023-11-05T18:46:45.406+0000] {logging_mixin.py:151} INFO - [2023-11-05T18:46:45.405+0000] {dag.py:3722} INFO - Setting next_dagrun for example_branch_datetime_operator to 2023-11-04T00:00:00+00:00, run_after=2023-11-05T00:00:00+00:00
[2023-11-05T18:46:45.417+0000] {logging_mixin.py:151} INFO - [2023-11-05T18:46:45.417+0000] {dag.py:3722} INFO - Setting next_dagrun for example_branch_datetime_operator_2 to 2023-11-04T00:00:00+00:00, run_after=2023-11-05T00:00:00+00:00
[2023-11-05T18:46:45.422+0000] {logging_mixin.py:151} INFO - [2023-11-05T18:46:45.422+0000] {dag.py:3722} INFO - Setting next_dagrun for example_branch_datetime_operator_3 to 2023-11-04T00:00:00+00:00, run_after=2023-11-05T00:00:00+00:00
[2023-11-05T18:46:45.480+0000] {processor.py:179} INFO - Processing /home/airflow/.local/lib/python3.8/site-packages/airflow/example_dags/example_branch_datetime_operator.py took 0.178 seconds
[2023-11-05T18:47:15.668+0000] {processor.py:157} INFO - Started process (PID=183) to work on /home/airflow/.local/lib/python3.8/site-packages/airflow/example_dags/example_branch_datetime_operator.py
[2023-11-05T18:47:15.677+0000] {processor.py:829} INFO - Processing file /home/airflow/.local/lib/python3.8/site-packages/airflow/example_dags/example_branch_datetime_operator.py for tasks to queue
[2023-11-05T18:47:15.682+0000] {logging_mixin.py:151} INFO - [2023-11-05T18:47:15.681+0000] {dagbag.py:536} INFO - Filling up the DagBag from /home/airflow/.local/lib/python3.8/site-packages/airflow/example_dags/example_branch_datetime_operator.py
[2023-11-05T18:47:15.695+0000] {processor.py:839} INFO - DAG(s) dict_keys(['example_branch_datetime_operator', 'example_branch_datetime_operator_2', 'example_branch_datetime_operator_3']) retrieved from /home/airflow/.local/lib/python3.8/site-packages/airflow/example_dags/example_branch_datetime_operator.py
[2023-11-05T18:47:15.737+0000] {logging_mixin.py:151} INFO - [2023-11-05T18:47:15.737+0000] {dag.py:2941} INFO - Sync 3 DAGs
[2023-11-05T18:47:15.766+0000] {logging_mixin.py:151} INFO - [2023-11-05T18:47:15.766+0000] {dag.py:3722} INFO - Setting next_dagrun for example_branch_datetime_operator to 2023-11-04T00:00:00+00:00, run_after=2023-11-05T00:00:00+00:00
[2023-11-05T18:47:15.777+0000] {logging_mixin.py:151} INFO - [2023-11-05T18:47:15.776+0000] {dag.py:3722} INFO - Setting next_dagrun for example_branch_datetime_operator_2 to 2023-11-04T00:00:00+00:00, run_after=2023-11-05T00:00:00+00:00
[2023-11-05T18:47:15.783+0000] {logging_mixin.py:151} INFO - [2023-11-05T18:47:15.783+0000] {dag.py:3722} INFO - Setting next_dagrun for example_branch_datetime_operator_3 to 2023-11-04T00:00:00+00:00, run_after=2023-11-05T00:00:00+00:00
[2023-11-05T18:47:15.819+0000] {processor.py:179} INFO - Processing /home/airflow/.local/lib/python3.8/site-packages/airflow/example_dags/example_branch_datetime_operator.py took 0.158 seconds
[2023-11-05T18:47:45.886+0000] {processor.py:157} INFO - Started process (PID=237) to work on /home/airflow/.local/lib/python3.8/site-packages/airflow/example_dags/example_branch_datetime_operator.py
[2023-11-05T18:47:45.896+0000] {processor.py:829} INFO - Processing file /home/airflow/.local/lib/python3.8/site-packages/airflow/example_dags/example_branch_datetime_operator.py for tasks to queue
[2023-11-05T18:47:45.899+0000] {logging_mixin.py:151} INFO - [2023-11-05T18:47:45.899+0000] {dagbag.py:536} INFO - Filling up the DagBag from /home/airflow/.local/lib/python3.8/site-packages/airflow/example_dags/example_branch_datetime_operator.py
[2023-11-05T18:47:45.921+0000] {processor.py:839} INFO - DAG(s) dict_keys(['example_branch_datetime_operator', 'example_branch_datetime_operator_3', 'example_branch_datetime_operator_2']) retrieved from /home/airflow/.local/lib/python3.8/site-packages/airflow/example_dags/example_branch_datetime_operator.py
[2023-11-05T18:47:45.992+0000] {logging_mixin.py:151} INFO - [2023-11-05T18:47:45.992+0000] {dag.py:2941} INFO - Sync 3 DAGs
[2023-11-05T18:47:46.024+0000] {logging_mixin.py:151} INFO - [2023-11-05T18:47:46.024+0000] {dag.py:3722} INFO - Setting next_dagrun for example_branch_datetime_operator to 2023-11-04T00:00:00+00:00, run_after=2023-11-05T00:00:00+00:00
[2023-11-05T18:47:46.036+0000] {logging_mixin.py:151} INFO - [2023-11-05T18:47:46.036+0000] {dag.py:3722} INFO - Setting next_dagrun for example_branch_datetime_operator_2 to 2023-11-04T00:00:00+00:00, run_after=2023-11-05T00:00:00+00:00
[2023-11-05T18:47:46.051+0000] {logging_mixin.py:151} INFO - [2023-11-05T18:47:46.050+0000] {dag.py:3722} INFO - Setting next_dagrun for example_branch_datetime_operator_3 to 2023-11-04T00:00:00+00:00, run_after=2023-11-05T00:00:00+00:00
[2023-11-05T18:47:46.150+0000] {processor.py:179} INFO - Processing /home/airflow/.local/lib/python3.8/site-packages/airflow/example_dags/example_branch_datetime_operator.py took 0.274 seconds
[2023-11-05T18:48:16.904+0000] {processor.py:157} INFO - Started process (PID=291) to work on /home/airflow/.local/lib/python3.8/site-packages/airflow/example_dags/example_branch_datetime_operator.py
[2023-11-05T18:48:16.910+0000] {processor.py:829} INFO - Processing file /home/airflow/.local/lib/python3.8/site-packages/airflow/example_dags/example_branch_datetime_operator.py for tasks to queue
[2023-11-05T18:48:16.918+0000] {logging_mixin.py:151} INFO - [2023-11-05T18:48:16.918+0000] {dagbag.py:536} INFO - Filling up the DagBag from /home/airflow/.local/lib/python3.8/site-packages/airflow/example_dags/example_branch_datetime_operator.py
[2023-11-05T18:48:16.932+0000] {processor.py:839} INFO - DAG(s) dict_keys(['example_branch_datetime_operator_2', 'example_branch_datetime_operator', 'example_branch_datetime_operator_3']) retrieved from /home/airflow/.local/lib/python3.8/site-packages/airflow/example_dags/example_branch_datetime_operator.py
[2023-11-05T18:48:17.006+0000] {logging_mixin.py:151} INFO - [2023-11-05T18:48:17.006+0000] {dag.py:2941} INFO - Sync 3 DAGs
[2023-11-05T18:48:17.025+0000] {logging_mixin.py:151} INFO - [2023-11-05T18:48:17.024+0000] {dag.py:3722} INFO - Setting next_dagrun for example_branch_datetime_operator to 2023-11-04T00:00:00+00:00, run_after=2023-11-05T00:00:00+00:00
[2023-11-05T18:48:17.027+0000] {logging_mixin.py:151} INFO - [2023-11-05T18:48:17.027+0000] {dag.py:3722} INFO - Setting next_dagrun for example_branch_datetime_operator_2 to 2023-11-04T00:00:00+00:00, run_after=2023-11-05T00:00:00+00:00
[2023-11-05T18:48:17.029+0000] {logging_mixin.py:151} INFO - [2023-11-05T18:48:17.029+0000] {dag.py:3722} INFO - Setting next_dagrun for example_branch_datetime_operator_3 to 2023-11-04T00:00:00+00:00, run_after=2023-11-05T00:00:00+00:00
[2023-11-05T18:48:17.068+0000] {processor.py:179} INFO - Processing /home/airflow/.local/lib/python3.8/site-packages/airflow/example_dags/example_branch_datetime_operator.py took 0.172 seconds
[2023-11-05T18:48:47.750+0000] {processor.py:157} INFO - Started process (PID=345) to work on /home/airflow/.local/lib/python3.8/site-packages/airflow/example_dags/example_branch_datetime_operator.py
[2023-11-05T18:48:47.754+0000] {processor.py:829} INFO - Processing file /home/airflow/.local/lib/python3.8/site-packages/airflow/example_dags/example_branch_datetime_operator.py for tasks to queue
[2023-11-05T18:48:47.760+0000] {logging_mixin.py:151} INFO - [2023-11-05T18:48:47.760+0000] {dagbag.py:536} INFO - Filling up the DagBag from /home/airflow/.local/lib/python3.8/site-packages/airflow/example_dags/example_branch_datetime_operator.py
[2023-11-05T18:48:47.771+0000] {processor.py:839} INFO - DAG(s) dict_keys(['example_branch_datetime_operator_2', 'example_branch_datetime_operator_3', 'example_branch_datetime_operator']) retrieved from /home/airflow/.local/lib/python3.8/site-packages/airflow/example_dags/example_branch_datetime_operator.py
[2023-11-05T18:48:47.836+0000] {logging_mixin.py:151} INFO - [2023-11-05T18:48:47.836+0000] {dag.py:2941} INFO - Sync 3 DAGs
[2023-11-05T18:48:47.862+0000] {logging_mixin.py:151} INFO - [2023-11-05T18:48:47.862+0000] {dag.py:3722} INFO - Setting next_dagrun for example_branch_datetime_operator to 2023-11-04T00:00:00+00:00, run_after=2023-11-05T00:00:00+00:00
[2023-11-05T18:48:47.869+0000] {logging_mixin.py:151} INFO - [2023-11-05T18:48:47.868+0000] {dag.py:3722} INFO - Setting next_dagrun for example_branch_datetime_operator_2 to 2023-11-04T00:00:00+00:00, run_after=2023-11-05T00:00:00+00:00
[2023-11-05T18:48:47.877+0000] {logging_mixin.py:151} INFO - [2023-11-05T18:48:47.877+0000] {dag.py:3722} INFO - Setting next_dagrun for example_branch_datetime_operator_3 to 2023-11-04T00:00:00+00:00, run_after=2023-11-05T00:00:00+00:00
[2023-11-05T18:48:47.904+0000] {processor.py:179} INFO - Processing /home/airflow/.local/lib/python3.8/site-packages/airflow/example_dags/example_branch_datetime_operator.py took 0.156 seconds
[2023-11-05T18:53:33.052+0000] {processor.py:157} INFO - Started process (PID=399) to work on /home/airflow/.local/lib/python3.8/site-packages/airflow/example_dags/example_branch_datetime_operator.py
[2023-11-05T18:53:33.080+0000] {processor.py:829} INFO - Processing file /home/airflow/.local/lib/python3.8/site-packages/airflow/example_dags/example_branch_datetime_operator.py for tasks to queue
[2023-11-05T18:53:33.084+0000] {logging_mixin.py:151} INFO - [2023-11-05T18:53:33.083+0000] {dagbag.py:536} INFO - Filling up the DagBag from /home/airflow/.local/lib/python3.8/site-packages/airflow/example_dags/example_branch_datetime_operator.py
[2023-11-05T18:53:33.098+0000] {processor.py:839} INFO - DAG(s) dict_keys(['example_branch_datetime_operator_3', 'example_branch_datetime_operator_2', 'example_branch_datetime_operator']) retrieved from /home/airflow/.local/lib/python3.8/site-packages/airflow/example_dags/example_branch_datetime_operator.py
[2023-11-05T18:53:33.165+0000] {logging_mixin.py:151} INFO - [2023-11-05T18:53:33.165+0000] {dag.py:2941} INFO - Sync 3 DAGs
[2023-11-05T18:53:33.179+0000] {logging_mixin.py:151} INFO - [2023-11-05T18:53:33.179+0000] {dag.py:3722} INFO - Setting next_dagrun for example_branch_datetime_operator to 2023-11-04T00:00:00+00:00, run_after=2023-11-05T00:00:00+00:00
[2023-11-05T18:53:33.187+0000] {logging_mixin.py:151} INFO - [2023-11-05T18:53:33.187+0000] {dag.py:3722} INFO - Setting next_dagrun for example_branch_datetime_operator_2 to 2023-11-04T00:00:00+00:00, run_after=2023-11-05T00:00:00+00:00
[2023-11-05T18:53:33.190+0000] {logging_mixin.py:151} INFO - [2023-11-05T18:53:33.189+0000] {dag.py:3722} INFO - Setting next_dagrun for example_branch_datetime_operator_3 to 2023-11-04T00:00:00+00:00, run_after=2023-11-05T00:00:00+00:00
[2023-11-05T18:53:33.209+0000] {processor.py:179} INFO - Processing /home/airflow/.local/lib/python3.8/site-packages/airflow/example_dags/example_branch_datetime_operator.py took 0.162 seconds
[2023-11-05T18:54:07.526+0000] {processor.py:157} INFO - Started process (PID=453) to work on /home/airflow/.local/lib/python3.8/site-packages/airflow/example_dags/example_branch_datetime_operator.py
[2023-11-05T18:54:07.527+0000] {processor.py:829} INFO - Processing file /home/airflow/.local/lib/python3.8/site-packages/airflow/example_dags/example_branch_datetime_operator.py for tasks to queue
[2023-11-05T18:54:07.529+0000] {logging_mixin.py:151} INFO - [2023-11-05T18:54:07.529+0000] {dagbag.py:536} INFO - Filling up the DagBag from /home/airflow/.local/lib/python3.8/site-packages/airflow/example_dags/example_branch_datetime_operator.py
[2023-11-05T18:54:07.542+0000] {processor.py:839} INFO - DAG(s) dict_keys(['example_branch_datetime_operator', 'example_branch_datetime_operator_3', 'example_branch_datetime_operator_2']) retrieved from /home/airflow/.local/lib/python3.8/site-packages/airflow/example_dags/example_branch_datetime_operator.py
[2023-11-05T18:54:07.616+0000] {logging_mixin.py:151} INFO - [2023-11-05T18:54:07.615+0000] {dag.py:2941} INFO - Sync 3 DAGs
[2023-11-05T18:54:07.642+0000] {logging_mixin.py:151} INFO - [2023-11-05T18:54:07.642+0000] {dag.py:3722} INFO - Setting next_dagrun for example_branch_datetime_operator to 2023-11-04T00:00:00+00:00, run_after=2023-11-05T00:00:00+00:00
[2023-11-05T18:54:07.646+0000] {logging_mixin.py:151} INFO - [2023-11-05T18:54:07.646+0000] {dag.py:3722} INFO - Setting next_dagrun for example_branch_datetime_operator_2 to 2023-11-04T00:00:00+00:00, run_after=2023-11-05T00:00:00+00:00
[2023-11-05T18:54:07.648+0000] {logging_mixin.py:151} INFO - [2023-11-05T18:54:07.648+0000] {dag.py:3722} INFO - Setting next_dagrun for example_branch_datetime_operator_3 to 2023-11-04T00:00:00+00:00, run_after=2023-11-05T00:00:00+00:00
[2023-11-05T18:54:07.662+0000] {processor.py:179} INFO - Processing /home/airflow/.local/lib/python3.8/site-packages/airflow/example_dags/example_branch_datetime_operator.py took 0.141 seconds
[2023-11-05T18:54:37.855+0000] {processor.py:157} INFO - Started process (PID=507) to work on /home/airflow/.local/lib/python3.8/site-packages/airflow/example_dags/example_branch_datetime_operator.py
[2023-11-05T18:54:37.859+0000] {processor.py:829} INFO - Processing file /home/airflow/.local/lib/python3.8/site-packages/airflow/example_dags/example_branch_datetime_operator.py for tasks to queue
[2023-11-05T18:54:37.870+0000] {logging_mixin.py:151} INFO - [2023-11-05T18:54:37.870+0000] {dagbag.py:536} INFO - Filling up the DagBag from /home/airflow/.local/lib/python3.8/site-packages/airflow/example_dags/example_branch_datetime_operator.py
[2023-11-05T18:54:37.881+0000] {processor.py:839} INFO - DAG(s) dict_keys(['example_branch_datetime_operator', 'example_branch_datetime_operator_2', 'example_branch_datetime_operator_3']) retrieved from /home/airflow/.local/lib/python3.8/site-packages/airflow/example_dags/example_branch_datetime_operator.py
[2023-11-05T18:54:37.947+0000] {logging_mixin.py:151} INFO - [2023-11-05T18:54:37.947+0000] {dag.py:2941} INFO - Sync 3 DAGs
[2023-11-05T18:54:37.989+0000] {logging_mixin.py:151} INFO - [2023-11-05T18:54:37.989+0000] {dag.py:3722} INFO - Setting next_dagrun for example_branch_datetime_operator to 2023-11-04T00:00:00+00:00, run_after=2023-11-05T00:00:00+00:00
[2023-11-05T18:54:38.005+0000] {logging_mixin.py:151} INFO - [2023-11-05T18:54:38.004+0000] {dag.py:3722} INFO - Setting next_dagrun for example_branch_datetime_operator_2 to 2023-11-04T00:00:00+00:00, run_after=2023-11-05T00:00:00+00:00
[2023-11-05T18:54:38.017+0000] {logging_mixin.py:151} INFO - [2023-11-05T18:54:38.017+0000] {dag.py:3722} INFO - Setting next_dagrun for example_branch_datetime_operator_3 to 2023-11-04T00:00:00+00:00, run_after=2023-11-05T00:00:00+00:00
[2023-11-05T18:54:38.049+0000] {processor.py:179} INFO - Processing /home/airflow/.local/lib/python3.8/site-packages/airflow/example_dags/example_branch_datetime_operator.py took 0.199 seconds
