[2023-11-05T18:36:02.066+0000] {processor.py:157} INFO - Started process (PID=49) to work on /home/airflow/.local/lib/python3.8/site-packages/airflow/example_dags/example_skip_dag.py
[2023-11-05T18:36:02.083+0000] {processor.py:829} INFO - Processing file /home/airflow/.local/lib/python3.8/site-packages/airflow/example_dags/example_skip_dag.py for tasks to queue
[2023-11-05T18:36:02.093+0000] {logging_mixin.py:151} INFO - [2023-11-05T18:36:02.092+0000] {dagbag.py:536} INFO - Filling up the DagBag from /home/airflow/.local/lib/python3.8/site-packages/airflow/example_dags/example_skip_dag.py
[2023-11-05T18:36:02.120+0000] {processor.py:839} INFO - DAG(s) dict_keys(['example_skip_dag']) retrieved from /home/airflow/.local/lib/python3.8/site-packages/airflow/example_dags/example_skip_dag.py
[2023-11-05T18:36:02.241+0000] {logging_mixin.py:151} INFO - [2023-11-05T18:36:02.241+0000] {dag.py:2941} INFO - Sync 1 DAGs
[2023-11-05T18:36:02.299+0000] {logging_mixin.py:151} INFO - [2023-11-05T18:36:02.299+0000] {dag.py:3722} INFO - Setting next_dagrun for example_skip_dag to 2023-11-04T18:36:02.299473+00:00, run_after=2023-11-05T18:36:02.299473+00:00
[2023-11-05T18:36:02.410+0000] {processor.py:179} INFO - Processing /home/airflow/.local/lib/python3.8/site-packages/airflow/example_dags/example_skip_dag.py took 0.349 seconds
[2023-11-05T18:36:32.621+0000] {processor.py:157} INFO - Started process (PID=103) to work on /home/airflow/.local/lib/python3.8/site-packages/airflow/example_dags/example_skip_dag.py
[2023-11-05T18:36:32.647+0000] {processor.py:829} INFO - Processing file /home/airflow/.local/lib/python3.8/site-packages/airflow/example_dags/example_skip_dag.py for tasks to queue
[2023-11-05T18:36:32.667+0000] {logging_mixin.py:151} INFO - [2023-11-05T18:36:32.667+0000] {dagbag.py:536} INFO - Filling up the DagBag from /home/airflow/.local/lib/python3.8/site-packages/airflow/example_dags/example_skip_dag.py
[2023-11-05T18:36:32.688+0000] {processor.py:839} INFO - DAG(s) dict_keys(['example_skip_dag']) retrieved from /home/airflow/.local/lib/python3.8/site-packages/airflow/example_dags/example_skip_dag.py
[2023-11-05T18:36:32.769+0000] {logging_mixin.py:151} INFO - [2023-11-05T18:36:32.768+0000] {dag.py:2941} INFO - Sync 1 DAGs
[2023-11-05T18:36:32.815+0000] {logging_mixin.py:151} INFO - [2023-11-05T18:36:32.815+0000] {dag.py:3722} INFO - Setting next_dagrun for example_skip_dag to 2023-11-04T18:36:32.815535+00:00, run_after=2023-11-05T18:36:32.815535+00:00
[2023-11-05T18:36:32.902+0000] {processor.py:179} INFO - Processing /home/airflow/.local/lib/python3.8/site-packages/airflow/example_dags/example_skip_dag.py took 0.283 seconds
[2023-11-05T18:37:03.333+0000] {processor.py:157} INFO - Started process (PID=155) to work on /home/airflow/.local/lib/python3.8/site-packages/airflow/example_dags/example_skip_dag.py
[2023-11-05T18:37:03.340+0000] {processor.py:829} INFO - Processing file /home/airflow/.local/lib/python3.8/site-packages/airflow/example_dags/example_skip_dag.py for tasks to queue
[2023-11-05T18:37:03.349+0000] {logging_mixin.py:151} INFO - [2023-11-05T18:37:03.348+0000] {dagbag.py:536} INFO - Filling up the DagBag from /home/airflow/.local/lib/python3.8/site-packages/airflow/example_dags/example_skip_dag.py
[2023-11-05T18:37:03.358+0000] {processor.py:839} INFO - DAG(s) dict_keys(['example_skip_dag']) retrieved from /home/airflow/.local/lib/python3.8/site-packages/airflow/example_dags/example_skip_dag.py
[2023-11-05T18:37:03.438+0000] {logging_mixin.py:151} INFO - [2023-11-05T18:37:03.437+0000] {dag.py:2941} INFO - Sync 1 DAGs
[2023-11-05T18:37:03.473+0000] {logging_mixin.py:151} INFO - [2023-11-05T18:37:03.473+0000] {dag.py:3722} INFO - Setting next_dagrun for example_skip_dag to 2023-11-04T18:37:03.473083+00:00, run_after=2023-11-05T18:37:03.473083+00:00
[2023-11-05T18:37:03.502+0000] {processor.py:179} INFO - Processing /home/airflow/.local/lib/python3.8/site-packages/airflow/example_dags/example_skip_dag.py took 0.174 seconds
[2023-11-05T18:37:33.749+0000] {processor.py:157} INFO - Started process (PID=210) to work on /home/airflow/.local/lib/python3.8/site-packages/airflow/example_dags/example_skip_dag.py
[2023-11-05T18:37:33.765+0000] {processor.py:829} INFO - Processing file /home/airflow/.local/lib/python3.8/site-packages/airflow/example_dags/example_skip_dag.py for tasks to queue
[2023-11-05T18:37:33.774+0000] {logging_mixin.py:151} INFO - [2023-11-05T18:37:33.772+0000] {dagbag.py:536} INFO - Filling up the DagBag from /home/airflow/.local/lib/python3.8/site-packages/airflow/example_dags/example_skip_dag.py
[2023-11-05T18:37:33.786+0000] {processor.py:839} INFO - DAG(s) dict_keys(['example_skip_dag']) retrieved from /home/airflow/.local/lib/python3.8/site-packages/airflow/example_dags/example_skip_dag.py
[2023-11-05T18:37:33.888+0000] {logging_mixin.py:151} INFO - [2023-11-05T18:37:33.888+0000] {dag.py:2941} INFO - Sync 1 DAGs
[2023-11-05T18:37:33.926+0000] {logging_mixin.py:151} INFO - [2023-11-05T18:37:33.926+0000] {dag.py:3722} INFO - Setting next_dagrun for example_skip_dag to 2023-11-04T18:37:33.926570+00:00, run_after=2023-11-05T18:37:33.926570+00:00
[2023-11-05T18:37:33.963+0000] {processor.py:179} INFO - Processing /home/airflow/.local/lib/python3.8/site-packages/airflow/example_dags/example_skip_dag.py took 0.217 seconds
[2023-11-05T18:38:04.726+0000] {processor.py:157} INFO - Started process (PID=264) to work on /home/airflow/.local/lib/python3.8/site-packages/airflow/example_dags/example_skip_dag.py
[2023-11-05T18:38:04.742+0000] {processor.py:829} INFO - Processing file /home/airflow/.local/lib/python3.8/site-packages/airflow/example_dags/example_skip_dag.py for tasks to queue
[2023-11-05T18:38:04.770+0000] {logging_mixin.py:151} INFO - [2023-11-05T18:38:04.770+0000] {dagbag.py:536} INFO - Filling up the DagBag from /home/airflow/.local/lib/python3.8/site-packages/airflow/example_dags/example_skip_dag.py
[2023-11-05T18:38:04.799+0000] {processor.py:839} INFO - DAG(s) dict_keys(['example_skip_dag']) retrieved from /home/airflow/.local/lib/python3.8/site-packages/airflow/example_dags/example_skip_dag.py
[2023-11-05T18:38:04.850+0000] {logging_mixin.py:151} INFO - [2023-11-05T18:38:04.850+0000] {dag.py:2941} INFO - Sync 1 DAGs
[2023-11-05T18:38:04.877+0000] {logging_mixin.py:151} INFO - [2023-11-05T18:38:04.877+0000] {dag.py:3722} INFO - Setting next_dagrun for example_skip_dag to 2023-11-04T18:38:04.876903+00:00, run_after=2023-11-05T18:38:04.876903+00:00
[2023-11-05T18:38:04.951+0000] {processor.py:179} INFO - Processing /home/airflow/.local/lib/python3.8/site-packages/airflow/example_dags/example_skip_dag.py took 0.227 seconds
[2023-11-05T18:38:36.271+0000] {processor.py:157} INFO - Started process (PID=317) to work on /home/airflow/.local/lib/python3.8/site-packages/airflow/example_dags/example_skip_dag.py
[2023-11-05T18:38:36.282+0000] {processor.py:829} INFO - Processing file /home/airflow/.local/lib/python3.8/site-packages/airflow/example_dags/example_skip_dag.py for tasks to queue
[2023-11-05T18:38:36.289+0000] {logging_mixin.py:151} INFO - [2023-11-05T18:38:36.288+0000] {dagbag.py:536} INFO - Filling up the DagBag from /home/airflow/.local/lib/python3.8/site-packages/airflow/example_dags/example_skip_dag.py
[2023-11-05T18:38:36.343+0000] {processor.py:839} INFO - DAG(s) dict_keys(['example_skip_dag']) retrieved from /home/airflow/.local/lib/python3.8/site-packages/airflow/example_dags/example_skip_dag.py
[2023-11-05T18:38:36.408+0000] {logging_mixin.py:151} INFO - [2023-11-05T18:38:36.407+0000] {dag.py:2941} INFO - Sync 1 DAGs
[2023-11-05T18:38:36.729+0000] {logging_mixin.py:151} INFO - [2023-11-05T18:38:36.728+0000] {dag.py:3722} INFO - Setting next_dagrun for example_skip_dag to 2023-11-04T18:38:36.725229+00:00, run_after=2023-11-05T18:38:36.725229+00:00
[2023-11-05T18:38:37.065+0000] {processor.py:179} INFO - Processing /home/airflow/.local/lib/python3.8/site-packages/airflow/example_dags/example_skip_dag.py took 0.788 seconds
[2023-11-05T18:39:07.160+0000] {processor.py:157} INFO - Started process (PID=371) to work on /home/airflow/.local/lib/python3.8/site-packages/airflow/example_dags/example_skip_dag.py
[2023-11-05T18:39:07.171+0000] {processor.py:829} INFO - Processing file /home/airflow/.local/lib/python3.8/site-packages/airflow/example_dags/example_skip_dag.py for tasks to queue
[2023-11-05T18:39:07.174+0000] {logging_mixin.py:151} INFO - [2023-11-05T18:39:07.174+0000] {dagbag.py:536} INFO - Filling up the DagBag from /home/airflow/.local/lib/python3.8/site-packages/airflow/example_dags/example_skip_dag.py
[2023-11-05T18:39:07.183+0000] {processor.py:839} INFO - DAG(s) dict_keys(['example_skip_dag']) retrieved from /home/airflow/.local/lib/python3.8/site-packages/airflow/example_dags/example_skip_dag.py
[2023-11-05T18:39:07.249+0000] {logging_mixin.py:151} INFO - [2023-11-05T18:39:07.249+0000] {dag.py:2941} INFO - Sync 1 DAGs
[2023-11-05T18:39:07.284+0000] {logging_mixin.py:151} INFO - [2023-11-05T18:39:07.284+0000] {dag.py:3722} INFO - Setting next_dagrun for example_skip_dag to 2023-11-04T18:39:07.284620+00:00, run_after=2023-11-05T18:39:07.284620+00:00
[2023-11-05T18:39:07.350+0000] {processor.py:179} INFO - Processing /home/airflow/.local/lib/python3.8/site-packages/airflow/example_dags/example_skip_dag.py took 0.193 seconds
[2023-11-05T18:39:37.598+0000] {processor.py:157} INFO - Started process (PID=425) to work on /home/airflow/.local/lib/python3.8/site-packages/airflow/example_dags/example_skip_dag.py
[2023-11-05T18:39:37.607+0000] {processor.py:829} INFO - Processing file /home/airflow/.local/lib/python3.8/site-packages/airflow/example_dags/example_skip_dag.py for tasks to queue
[2023-11-05T18:39:37.609+0000] {logging_mixin.py:151} INFO - [2023-11-05T18:39:37.609+0000] {dagbag.py:536} INFO - Filling up the DagBag from /home/airflow/.local/lib/python3.8/site-packages/airflow/example_dags/example_skip_dag.py
[2023-11-05T18:39:37.616+0000] {processor.py:839} INFO - DAG(s) dict_keys(['example_skip_dag']) retrieved from /home/airflow/.local/lib/python3.8/site-packages/airflow/example_dags/example_skip_dag.py
[2023-11-05T18:39:37.692+0000] {logging_mixin.py:151} INFO - [2023-11-05T18:39:37.691+0000] {dag.py:2941} INFO - Sync 1 DAGs
[2023-11-05T18:39:37.766+0000] {logging_mixin.py:151} INFO - [2023-11-05T18:39:37.766+0000] {dag.py:3722} INFO - Setting next_dagrun for example_skip_dag to 2023-11-04T18:39:37.766074+00:00, run_after=2023-11-05T18:39:37.766074+00:00
[2023-11-05T18:39:37.901+0000] {processor.py:179} INFO - Processing /home/airflow/.local/lib/python3.8/site-packages/airflow/example_dags/example_skip_dag.py took 0.305 seconds
[2023-11-05T18:40:08.772+0000] {processor.py:157} INFO - Started process (PID=479) to work on /home/airflow/.local/lib/python3.8/site-packages/airflow/example_dags/example_skip_dag.py
[2023-11-05T18:40:08.774+0000] {processor.py:829} INFO - Processing file /home/airflow/.local/lib/python3.8/site-packages/airflow/example_dags/example_skip_dag.py for tasks to queue
[2023-11-05T18:40:08.779+0000] {logging_mixin.py:151} INFO - [2023-11-05T18:40:08.779+0000] {dagbag.py:536} INFO - Filling up the DagBag from /home/airflow/.local/lib/python3.8/site-packages/airflow/example_dags/example_skip_dag.py
[2023-11-05T18:40:08.787+0000] {processor.py:839} INFO - DAG(s) dict_keys(['example_skip_dag']) retrieved from /home/airflow/.local/lib/python3.8/site-packages/airflow/example_dags/example_skip_dag.py
[2023-11-05T18:40:08.809+0000] {logging_mixin.py:151} INFO - [2023-11-05T18:40:08.809+0000] {dag.py:2941} INFO - Sync 1 DAGs
[2023-11-05T18:40:08.829+0000] {logging_mixin.py:151} INFO - [2023-11-05T18:40:08.829+0000] {dag.py:3722} INFO - Setting next_dagrun for example_skip_dag to 2023-11-04T18:40:08.829462+00:00, run_after=2023-11-05T18:40:08.829462+00:00
[2023-11-05T18:40:08.850+0000] {processor.py:179} INFO - Processing /home/airflow/.local/lib/python3.8/site-packages/airflow/example_dags/example_skip_dag.py took 0.082 seconds
[2023-11-05T18:40:39.400+0000] {processor.py:157} INFO - Started process (PID=533) to work on /home/airflow/.local/lib/python3.8/site-packages/airflow/example_dags/example_skip_dag.py
[2023-11-05T18:40:39.401+0000] {processor.py:829} INFO - Processing file /home/airflow/.local/lib/python3.8/site-packages/airflow/example_dags/example_skip_dag.py for tasks to queue
[2023-11-05T18:40:39.404+0000] {logging_mixin.py:151} INFO - [2023-11-05T18:40:39.404+0000] {dagbag.py:536} INFO - Filling up the DagBag from /home/airflow/.local/lib/python3.8/site-packages/airflow/example_dags/example_skip_dag.py
[2023-11-05T18:40:39.409+0000] {processor.py:839} INFO - DAG(s) dict_keys(['example_skip_dag']) retrieved from /home/airflow/.local/lib/python3.8/site-packages/airflow/example_dags/example_skip_dag.py
[2023-11-05T18:40:39.435+0000] {logging_mixin.py:151} INFO - [2023-11-05T18:40:39.433+0000] {dag.py:2941} INFO - Sync 1 DAGs
[2023-11-05T18:40:39.461+0000] {logging_mixin.py:151} INFO - [2023-11-05T18:40:39.461+0000] {dag.py:3722} INFO - Setting next_dagrun for example_skip_dag to 2023-11-04T18:40:39.461353+00:00, run_after=2023-11-05T18:40:39.461353+00:00
[2023-11-05T18:40:39.488+0000] {processor.py:179} INFO - Processing /home/airflow/.local/lib/python3.8/site-packages/airflow/example_dags/example_skip_dag.py took 0.091 seconds
[2023-11-05T18:41:09.939+0000] {processor.py:157} INFO - Started process (PID=587) to work on /home/airflow/.local/lib/python3.8/site-packages/airflow/example_dags/example_skip_dag.py
[2023-11-05T18:41:09.945+0000] {processor.py:829} INFO - Processing file /home/airflow/.local/lib/python3.8/site-packages/airflow/example_dags/example_skip_dag.py for tasks to queue
[2023-11-05T18:41:09.947+0000] {logging_mixin.py:151} INFO - [2023-11-05T18:41:09.947+0000] {dagbag.py:536} INFO - Filling up the DagBag from /home/airflow/.local/lib/python3.8/site-packages/airflow/example_dags/example_skip_dag.py
[2023-11-05T18:41:09.954+0000] {processor.py:839} INFO - DAG(s) dict_keys(['example_skip_dag']) retrieved from /home/airflow/.local/lib/python3.8/site-packages/airflow/example_dags/example_skip_dag.py
[2023-11-05T18:41:09.980+0000] {logging_mixin.py:151} INFO - [2023-11-05T18:41:09.980+0000] {dag.py:2941} INFO - Sync 1 DAGs
[2023-11-05T18:41:09.994+0000] {logging_mixin.py:151} INFO - [2023-11-05T18:41:09.994+0000] {dag.py:3722} INFO - Setting next_dagrun for example_skip_dag to 2023-11-04T18:41:09.994403+00:00, run_after=2023-11-05T18:41:09.994403+00:00
[2023-11-05T18:41:10.036+0000] {processor.py:179} INFO - Processing /home/airflow/.local/lib/python3.8/site-packages/airflow/example_dags/example_skip_dag.py took 0.101 seconds
[2023-11-05T18:41:40.087+0000] {processor.py:157} INFO - Started process (PID=641) to work on /home/airflow/.local/lib/python3.8/site-packages/airflow/example_dags/example_skip_dag.py
[2023-11-05T18:41:40.095+0000] {processor.py:829} INFO - Processing file /home/airflow/.local/lib/python3.8/site-packages/airflow/example_dags/example_skip_dag.py for tasks to queue
[2023-11-05T18:41:40.107+0000] {logging_mixin.py:151} INFO - [2023-11-05T18:41:40.106+0000] {dagbag.py:536} INFO - Filling up the DagBag from /home/airflow/.local/lib/python3.8/site-packages/airflow/example_dags/example_skip_dag.py
[2023-11-05T18:41:40.122+0000] {processor.py:839} INFO - DAG(s) dict_keys(['example_skip_dag']) retrieved from /home/airflow/.local/lib/python3.8/site-packages/airflow/example_dags/example_skip_dag.py
[2023-11-05T18:41:40.192+0000] {logging_mixin.py:151} INFO - [2023-11-05T18:41:40.192+0000] {dag.py:2941} INFO - Sync 1 DAGs
[2023-11-05T18:41:40.235+0000] {logging_mixin.py:151} INFO - [2023-11-05T18:41:40.235+0000] {dag.py:3722} INFO - Setting next_dagrun for example_skip_dag to 2023-11-04T18:41:40.234831+00:00, run_after=2023-11-05T18:41:40.234831+00:00
[2023-11-05T18:41:40.317+0000] {processor.py:179} INFO - Processing /home/airflow/.local/lib/python3.8/site-packages/airflow/example_dags/example_skip_dag.py took 0.238 seconds
[2023-11-05T18:42:10.686+0000] {processor.py:157} INFO - Started process (PID=694) to work on /home/airflow/.local/lib/python3.8/site-packages/airflow/example_dags/example_skip_dag.py
[2023-11-05T18:42:10.691+0000] {processor.py:829} INFO - Processing file /home/airflow/.local/lib/python3.8/site-packages/airflow/example_dags/example_skip_dag.py for tasks to queue
[2023-11-05T18:42:10.704+0000] {logging_mixin.py:151} INFO - [2023-11-05T18:42:10.704+0000] {dagbag.py:536} INFO - Filling up the DagBag from /home/airflow/.local/lib/python3.8/site-packages/airflow/example_dags/example_skip_dag.py
[2023-11-05T18:42:10.725+0000] {processor.py:839} INFO - DAG(s) dict_keys(['example_skip_dag']) retrieved from /home/airflow/.local/lib/python3.8/site-packages/airflow/example_dags/example_skip_dag.py
[2023-11-05T18:42:10.813+0000] {logging_mixin.py:151} INFO - [2023-11-05T18:42:10.813+0000] {dag.py:2941} INFO - Sync 1 DAGs
[2023-11-05T18:42:10.841+0000] {logging_mixin.py:151} INFO - [2023-11-05T18:42:10.841+0000] {dag.py:3722} INFO - Setting next_dagrun for example_skip_dag to 2023-11-04T18:42:10.841595+00:00, run_after=2023-11-05T18:42:10.841595+00:00
[2023-11-05T18:42:10.931+0000] {processor.py:179} INFO - Processing /home/airflow/.local/lib/python3.8/site-packages/airflow/example_dags/example_skip_dag.py took 0.247 seconds
[2023-11-05T18:42:41.712+0000] {processor.py:157} INFO - Started process (PID=748) to work on /home/airflow/.local/lib/python3.8/site-packages/airflow/example_dags/example_skip_dag.py
[2023-11-05T18:42:41.716+0000] {processor.py:829} INFO - Processing file /home/airflow/.local/lib/python3.8/site-packages/airflow/example_dags/example_skip_dag.py for tasks to queue
[2023-11-05T18:42:41.726+0000] {logging_mixin.py:151} INFO - [2023-11-05T18:42:41.725+0000] {dagbag.py:536} INFO - Filling up the DagBag from /home/airflow/.local/lib/python3.8/site-packages/airflow/example_dags/example_skip_dag.py
[2023-11-05T18:42:41.733+0000] {processor.py:839} INFO - DAG(s) dict_keys(['example_skip_dag']) retrieved from /home/airflow/.local/lib/python3.8/site-packages/airflow/example_dags/example_skip_dag.py
[2023-11-05T18:42:41.834+0000] {logging_mixin.py:151} INFO - [2023-11-05T18:42:41.834+0000] {dag.py:2941} INFO - Sync 1 DAGs
[2023-11-05T18:42:41.878+0000] {logging_mixin.py:151} INFO - [2023-11-05T18:42:41.878+0000] {dag.py:3722} INFO - Setting next_dagrun for example_skip_dag to 2023-11-04T18:42:41.878566+00:00, run_after=2023-11-05T18:42:41.878566+00:00
[2023-11-05T18:42:41.994+0000] {processor.py:179} INFO - Processing /home/airflow/.local/lib/python3.8/site-packages/airflow/example_dags/example_skip_dag.py took 0.305 seconds
[2023-11-05T18:43:13.217+0000] {processor.py:157} INFO - Started process (PID=809) to work on /home/airflow/.local/lib/python3.8/site-packages/airflow/example_dags/example_skip_dag.py
[2023-11-05T18:43:13.227+0000] {processor.py:829} INFO - Processing file /home/airflow/.local/lib/python3.8/site-packages/airflow/example_dags/example_skip_dag.py for tasks to queue
[2023-11-05T18:43:13.234+0000] {logging_mixin.py:151} INFO - [2023-11-05T18:43:13.233+0000] {dagbag.py:536} INFO - Filling up the DagBag from /home/airflow/.local/lib/python3.8/site-packages/airflow/example_dags/example_skip_dag.py
[2023-11-05T18:43:13.249+0000] {processor.py:839} INFO - DAG(s) dict_keys(['example_skip_dag']) retrieved from /home/airflow/.local/lib/python3.8/site-packages/airflow/example_dags/example_skip_dag.py
[2023-11-05T18:43:13.287+0000] {logging_mixin.py:151} INFO - [2023-11-05T18:43:13.287+0000] {dag.py:2941} INFO - Sync 1 DAGs
[2023-11-05T18:43:13.316+0000] {logging_mixin.py:151} INFO - [2023-11-05T18:43:13.316+0000] {dag.py:3722} INFO - Setting next_dagrun for example_skip_dag to 2023-11-04T18:43:13.316546+00:00, run_after=2023-11-05T18:43:13.316546+00:00
[2023-11-05T18:43:13.391+0000] {processor.py:179} INFO - Processing /home/airflow/.local/lib/python3.8/site-packages/airflow/example_dags/example_skip_dag.py took 0.180 seconds
[2023-11-05T18:43:44.210+0000] {processor.py:157} INFO - Started process (PID=863) to work on /home/airflow/.local/lib/python3.8/site-packages/airflow/example_dags/example_skip_dag.py
[2023-11-05T18:43:44.212+0000] {processor.py:829} INFO - Processing file /home/airflow/.local/lib/python3.8/site-packages/airflow/example_dags/example_skip_dag.py for tasks to queue
[2023-11-05T18:43:44.214+0000] {logging_mixin.py:151} INFO - [2023-11-05T18:43:44.214+0000] {dagbag.py:536} INFO - Filling up the DagBag from /home/airflow/.local/lib/python3.8/site-packages/airflow/example_dags/example_skip_dag.py
[2023-11-05T18:43:44.219+0000] {processor.py:839} INFO - DAG(s) dict_keys(['example_skip_dag']) retrieved from /home/airflow/.local/lib/python3.8/site-packages/airflow/example_dags/example_skip_dag.py
[2023-11-05T18:43:44.236+0000] {logging_mixin.py:151} INFO - [2023-11-05T18:43:44.236+0000] {dag.py:2941} INFO - Sync 1 DAGs
[2023-11-05T18:43:44.250+0000] {logging_mixin.py:151} INFO - [2023-11-05T18:43:44.250+0000] {dag.py:3722} INFO - Setting next_dagrun for example_skip_dag to 2023-11-04T18:43:44.250165+00:00, run_after=2023-11-05T18:43:44.250165+00:00
[2023-11-05T18:43:44.269+0000] {processor.py:179} INFO - Processing /home/airflow/.local/lib/python3.8/site-packages/airflow/example_dags/example_skip_dag.py took 0.061 seconds
[2023-11-05T18:44:14.763+0000] {processor.py:157} INFO - Started process (PID=917) to work on /home/airflow/.local/lib/python3.8/site-packages/airflow/example_dags/example_skip_dag.py
[2023-11-05T18:44:14.764+0000] {processor.py:829} INFO - Processing file /home/airflow/.local/lib/python3.8/site-packages/airflow/example_dags/example_skip_dag.py for tasks to queue
[2023-11-05T18:44:14.766+0000] {logging_mixin.py:151} INFO - [2023-11-05T18:44:14.766+0000] {dagbag.py:536} INFO - Filling up the DagBag from /home/airflow/.local/lib/python3.8/site-packages/airflow/example_dags/example_skip_dag.py
[2023-11-05T18:44:14.771+0000] {processor.py:839} INFO - DAG(s) dict_keys(['example_skip_dag']) retrieved from /home/airflow/.local/lib/python3.8/site-packages/airflow/example_dags/example_skip_dag.py
[2023-11-05T18:44:14.798+0000] {logging_mixin.py:151} INFO - [2023-11-05T18:44:14.798+0000] {dag.py:2941} INFO - Sync 1 DAGs
[2023-11-05T18:44:14.824+0000] {logging_mixin.py:151} INFO - [2023-11-05T18:44:14.824+0000] {dag.py:3722} INFO - Setting next_dagrun for example_skip_dag to 2023-11-04T18:44:14.824080+00:00, run_after=2023-11-05T18:44:14.824080+00:00
[2023-11-05T18:44:14.840+0000] {processor.py:179} INFO - Processing /home/airflow/.local/lib/python3.8/site-packages/airflow/example_dags/example_skip_dag.py took 0.080 seconds
[2023-11-05T18:44:45.011+0000] {processor.py:157} INFO - Started process (PID=969) to work on /home/airflow/.local/lib/python3.8/site-packages/airflow/example_dags/example_skip_dag.py
[2023-11-05T18:44:45.014+0000] {processor.py:829} INFO - Processing file /home/airflow/.local/lib/python3.8/site-packages/airflow/example_dags/example_skip_dag.py for tasks to queue
[2023-11-05T18:44:45.019+0000] {logging_mixin.py:151} INFO - [2023-11-05T18:44:45.018+0000] {dagbag.py:536} INFO - Filling up the DagBag from /home/airflow/.local/lib/python3.8/site-packages/airflow/example_dags/example_skip_dag.py
[2023-11-05T18:44:45.025+0000] {processor.py:839} INFO - DAG(s) dict_keys(['example_skip_dag']) retrieved from /home/airflow/.local/lib/python3.8/site-packages/airflow/example_dags/example_skip_dag.py
[2023-11-05T18:44:45.051+0000] {logging_mixin.py:151} INFO - [2023-11-05T18:44:45.051+0000] {dag.py:2941} INFO - Sync 1 DAGs
[2023-11-05T18:44:45.065+0000] {logging_mixin.py:151} INFO - [2023-11-05T18:44:45.065+0000] {dag.py:3722} INFO - Setting next_dagrun for example_skip_dag to 2023-11-04T18:44:45.065228+00:00, run_after=2023-11-05T18:44:45.065228+00:00
[2023-11-05T18:44:45.082+0000] {processor.py:179} INFO - Processing /home/airflow/.local/lib/python3.8/site-packages/airflow/example_dags/example_skip_dag.py took 0.075 seconds
[2023-11-05T18:46:11.101+0000] {processor.py:157} INFO - Started process (PID=49) to work on /home/airflow/.local/lib/python3.8/site-packages/airflow/example_dags/example_skip_dag.py
[2023-11-05T18:46:11.106+0000] {processor.py:829} INFO - Processing file /home/airflow/.local/lib/python3.8/site-packages/airflow/example_dags/example_skip_dag.py for tasks to queue
[2023-11-05T18:46:11.112+0000] {logging_mixin.py:151} INFO - [2023-11-05T18:46:11.111+0000] {dagbag.py:536} INFO - Filling up the DagBag from /home/airflow/.local/lib/python3.8/site-packages/airflow/example_dags/example_skip_dag.py
[2023-11-05T18:46:11.135+0000] {processor.py:839} INFO - DAG(s) dict_keys(['example_skip_dag']) retrieved from /home/airflow/.local/lib/python3.8/site-packages/airflow/example_dags/example_skip_dag.py
[2023-11-05T18:46:11.173+0000] {logging_mixin.py:151} INFO - [2023-11-05T18:46:11.173+0000] {dag.py:2941} INFO - Sync 1 DAGs
[2023-11-05T18:46:11.207+0000] {logging_mixin.py:151} INFO - [2023-11-05T18:46:11.207+0000] {dag.py:3722} INFO - Setting next_dagrun for example_skip_dag to 2023-11-04T18:46:11.206905+00:00, run_after=2023-11-05T18:46:11.206905+00:00
[2023-11-05T18:46:11.231+0000] {processor.py:179} INFO - Processing /home/airflow/.local/lib/python3.8/site-packages/airflow/example_dags/example_skip_dag.py took 0.135 seconds
[2023-11-05T18:46:41.649+0000] {processor.py:157} INFO - Started process (PID=103) to work on /home/airflow/.local/lib/python3.8/site-packages/airflow/example_dags/example_skip_dag.py
[2023-11-05T18:46:41.653+0000] {processor.py:829} INFO - Processing file /home/airflow/.local/lib/python3.8/site-packages/airflow/example_dags/example_skip_dag.py for tasks to queue
[2023-11-05T18:46:41.658+0000] {logging_mixin.py:151} INFO - [2023-11-05T18:46:41.658+0000] {dagbag.py:536} INFO - Filling up the DagBag from /home/airflow/.local/lib/python3.8/site-packages/airflow/example_dags/example_skip_dag.py
[2023-11-05T18:46:41.671+0000] {processor.py:839} INFO - DAG(s) dict_keys(['example_skip_dag']) retrieved from /home/airflow/.local/lib/python3.8/site-packages/airflow/example_dags/example_skip_dag.py
[2023-11-05T18:46:41.732+0000] {logging_mixin.py:151} INFO - [2023-11-05T18:46:41.732+0000] {dag.py:2941} INFO - Sync 1 DAGs
[2023-11-05T18:46:41.754+0000] {logging_mixin.py:151} INFO - [2023-11-05T18:46:41.754+0000] {dag.py:3722} INFO - Setting next_dagrun for example_skip_dag to 2023-11-04T18:46:41.754412+00:00, run_after=2023-11-05T18:46:41.754412+00:00
[2023-11-05T18:46:41.776+0000] {processor.py:179} INFO - Processing /home/airflow/.local/lib/python3.8/site-packages/airflow/example_dags/example_skip_dag.py took 0.129 seconds
[2023-11-05T18:47:12.250+0000] {processor.py:157} INFO - Started process (PID=157) to work on /home/airflow/.local/lib/python3.8/site-packages/airflow/example_dags/example_skip_dag.py
[2023-11-05T18:47:12.258+0000] {processor.py:829} INFO - Processing file /home/airflow/.local/lib/python3.8/site-packages/airflow/example_dags/example_skip_dag.py for tasks to queue
[2023-11-05T18:47:12.270+0000] {logging_mixin.py:151} INFO - [2023-11-05T18:47:12.269+0000] {dagbag.py:536} INFO - Filling up the DagBag from /home/airflow/.local/lib/python3.8/site-packages/airflow/example_dags/example_skip_dag.py
[2023-11-05T18:47:12.284+0000] {processor.py:839} INFO - DAG(s) dict_keys(['example_skip_dag']) retrieved from /home/airflow/.local/lib/python3.8/site-packages/airflow/example_dags/example_skip_dag.py
[2023-11-05T18:47:12.355+0000] {logging_mixin.py:151} INFO - [2023-11-05T18:47:12.355+0000] {dag.py:2941} INFO - Sync 1 DAGs
[2023-11-05T18:47:12.395+0000] {logging_mixin.py:151} INFO - [2023-11-05T18:47:12.395+0000] {dag.py:3722} INFO - Setting next_dagrun for example_skip_dag to 2023-11-04T18:47:12.394816+00:00, run_after=2023-11-05T18:47:12.394816+00:00
[2023-11-05T18:47:12.467+0000] {processor.py:179} INFO - Processing /home/airflow/.local/lib/python3.8/site-packages/airflow/example_dags/example_skip_dag.py took 0.222 seconds
[2023-11-05T18:47:42.890+0000] {processor.py:157} INFO - Started process (PID=211) to work on /home/airflow/.local/lib/python3.8/site-packages/airflow/example_dags/example_skip_dag.py
[2023-11-05T18:47:42.897+0000] {processor.py:829} INFO - Processing file /home/airflow/.local/lib/python3.8/site-packages/airflow/example_dags/example_skip_dag.py for tasks to queue
[2023-11-05T18:47:42.901+0000] {logging_mixin.py:151} INFO - [2023-11-05T18:47:42.900+0000] {dagbag.py:536} INFO - Filling up the DagBag from /home/airflow/.local/lib/python3.8/site-packages/airflow/example_dags/example_skip_dag.py
[2023-11-05T18:47:42.906+0000] {processor.py:839} INFO - DAG(s) dict_keys(['example_skip_dag']) retrieved from /home/airflow/.local/lib/python3.8/site-packages/airflow/example_dags/example_skip_dag.py
[2023-11-05T18:47:42.941+0000] {logging_mixin.py:151} INFO - [2023-11-05T18:47:42.940+0000] {dag.py:2941} INFO - Sync 1 DAGs
[2023-11-05T18:47:42.967+0000] {logging_mixin.py:151} INFO - [2023-11-05T18:47:42.967+0000] {dag.py:3722} INFO - Setting next_dagrun for example_skip_dag to 2023-11-04T18:47:42.966932+00:00, run_after=2023-11-05T18:47:42.966932+00:00
[2023-11-05T18:47:43.006+0000] {processor.py:179} INFO - Processing /home/airflow/.local/lib/python3.8/site-packages/airflow/example_dags/example_skip_dag.py took 0.119 seconds
[2023-11-05T18:48:13.839+0000] {processor.py:157} INFO - Started process (PID=265) to work on /home/airflow/.local/lib/python3.8/site-packages/airflow/example_dags/example_skip_dag.py
[2023-11-05T18:48:13.840+0000] {processor.py:829} INFO - Processing file /home/airflow/.local/lib/python3.8/site-packages/airflow/example_dags/example_skip_dag.py for tasks to queue
[2023-11-05T18:48:13.842+0000] {logging_mixin.py:151} INFO - [2023-11-05T18:48:13.842+0000] {dagbag.py:536} INFO - Filling up the DagBag from /home/airflow/.local/lib/python3.8/site-packages/airflow/example_dags/example_skip_dag.py
[2023-11-05T18:48:13.847+0000] {processor.py:839} INFO - DAG(s) dict_keys(['example_skip_dag']) retrieved from /home/airflow/.local/lib/python3.8/site-packages/airflow/example_dags/example_skip_dag.py
[2023-11-05T18:48:13.897+0000] {logging_mixin.py:151} INFO - [2023-11-05T18:48:13.897+0000] {dag.py:2941} INFO - Sync 1 DAGs
[2023-11-05T18:48:13.917+0000] {logging_mixin.py:151} INFO - [2023-11-05T18:48:13.917+0000] {dag.py:3722} INFO - Setting next_dagrun for example_skip_dag to 2023-11-04T18:48:13.917065+00:00, run_after=2023-11-05T18:48:13.917065+00:00
[2023-11-05T18:48:13.931+0000] {processor.py:179} INFO - Processing /home/airflow/.local/lib/python3.8/site-packages/airflow/example_dags/example_skip_dag.py took 0.096 seconds
[2023-11-05T18:48:44.404+0000] {processor.py:157} INFO - Started process (PID=319) to work on /home/airflow/.local/lib/python3.8/site-packages/airflow/example_dags/example_skip_dag.py
[2023-11-05T18:48:44.407+0000] {processor.py:829} INFO - Processing file /home/airflow/.local/lib/python3.8/site-packages/airflow/example_dags/example_skip_dag.py for tasks to queue
[2023-11-05T18:48:44.411+0000] {logging_mixin.py:151} INFO - [2023-11-05T18:48:44.410+0000] {dagbag.py:536} INFO - Filling up the DagBag from /home/airflow/.local/lib/python3.8/site-packages/airflow/example_dags/example_skip_dag.py
[2023-11-05T18:48:44.426+0000] {processor.py:839} INFO - DAG(s) dict_keys(['example_skip_dag']) retrieved from /home/airflow/.local/lib/python3.8/site-packages/airflow/example_dags/example_skip_dag.py
[2023-11-05T18:48:44.470+0000] {logging_mixin.py:151} INFO - [2023-11-05T18:48:44.470+0000] {dag.py:2941} INFO - Sync 1 DAGs
[2023-11-05T18:48:44.500+0000] {logging_mixin.py:151} INFO - [2023-11-05T18:48:44.499+0000] {dag.py:3722} INFO - Setting next_dagrun for example_skip_dag to 2023-11-04T18:48:44.499395+00:00, run_after=2023-11-05T18:48:44.499395+00:00
[2023-11-05T18:48:44.554+0000] {processor.py:179} INFO - Processing /home/airflow/.local/lib/python3.8/site-packages/airflow/example_dags/example_skip_dag.py took 0.153 seconds
[2023-11-05T18:53:31.140+0000] {processor.py:157} INFO - Started process (PID=373) to work on /home/airflow/.local/lib/python3.8/site-packages/airflow/example_dags/example_skip_dag.py
[2023-11-05T18:53:31.143+0000] {processor.py:829} INFO - Processing file /home/airflow/.local/lib/python3.8/site-packages/airflow/example_dags/example_skip_dag.py for tasks to queue
[2023-11-05T18:53:31.146+0000] {logging_mixin.py:151} INFO - [2023-11-05T18:53:31.146+0000] {dagbag.py:536} INFO - Filling up the DagBag from /home/airflow/.local/lib/python3.8/site-packages/airflow/example_dags/example_skip_dag.py
[2023-11-05T18:53:31.151+0000] {processor.py:839} INFO - DAG(s) dict_keys(['example_skip_dag']) retrieved from /home/airflow/.local/lib/python3.8/site-packages/airflow/example_dags/example_skip_dag.py
[2023-11-05T18:53:31.174+0000] {logging_mixin.py:151} INFO - [2023-11-05T18:53:31.173+0000] {dag.py:2941} INFO - Sync 1 DAGs
[2023-11-05T18:53:31.192+0000] {logging_mixin.py:151} INFO - [2023-11-05T18:53:31.192+0000] {dag.py:3722} INFO - Setting next_dagrun for example_skip_dag to 2023-11-04T18:53:31.191976+00:00, run_after=2023-11-05T18:53:31.191976+00:00
[2023-11-05T18:53:31.209+0000] {processor.py:179} INFO - Processing /home/airflow/.local/lib/python3.8/site-packages/airflow/example_dags/example_skip_dag.py took 0.074 seconds
[2023-11-05T18:54:01.747+0000] {processor.py:157} INFO - Started process (PID=427) to work on /home/airflow/.local/lib/python3.8/site-packages/airflow/example_dags/example_skip_dag.py
[2023-11-05T18:54:01.752+0000] {processor.py:829} INFO - Processing file /home/airflow/.local/lib/python3.8/site-packages/airflow/example_dags/example_skip_dag.py for tasks to queue
[2023-11-05T18:54:01.760+0000] {logging_mixin.py:151} INFO - [2023-11-05T18:54:01.757+0000] {dagbag.py:536} INFO - Filling up the DagBag from /home/airflow/.local/lib/python3.8/site-packages/airflow/example_dags/example_skip_dag.py
[2023-11-05T18:54:01.773+0000] {processor.py:839} INFO - DAG(s) dict_keys(['example_skip_dag']) retrieved from /home/airflow/.local/lib/python3.8/site-packages/airflow/example_dags/example_skip_dag.py
[2023-11-05T18:54:01.827+0000] {logging_mixin.py:151} INFO - [2023-11-05T18:54:01.826+0000] {dag.py:2941} INFO - Sync 1 DAGs
[2023-11-05T18:54:01.874+0000] {logging_mixin.py:151} INFO - [2023-11-05T18:54:01.874+0000] {dag.py:3722} INFO - Setting next_dagrun for example_skip_dag to 2023-11-04T18:54:01.874428+00:00, run_after=2023-11-05T18:54:01.874428+00:00
[2023-11-05T18:54:02.023+0000] {processor.py:179} INFO - Processing /home/airflow/.local/lib/python3.8/site-packages/airflow/example_dags/example_skip_dag.py took 0.278 seconds
[2023-11-05T18:54:32.326+0000] {processor.py:157} INFO - Started process (PID=481) to work on /home/airflow/.local/lib/python3.8/site-packages/airflow/example_dags/example_skip_dag.py
[2023-11-05T18:54:32.344+0000] {processor.py:829} INFO - Processing file /home/airflow/.local/lib/python3.8/site-packages/airflow/example_dags/example_skip_dag.py for tasks to queue
[2023-11-05T18:54:32.353+0000] {logging_mixin.py:151} INFO - [2023-11-05T18:54:32.353+0000] {dagbag.py:536} INFO - Filling up the DagBag from /home/airflow/.local/lib/python3.8/site-packages/airflow/example_dags/example_skip_dag.py
[2023-11-05T18:54:32.366+0000] {processor.py:839} INFO - DAG(s) dict_keys(['example_skip_dag']) retrieved from /home/airflow/.local/lib/python3.8/site-packages/airflow/example_dags/example_skip_dag.py
[2023-11-05T18:54:32.391+0000] {logging_mixin.py:151} INFO - [2023-11-05T18:54:32.391+0000] {dag.py:2941} INFO - Sync 1 DAGs
[2023-11-05T18:54:32.405+0000] {logging_mixin.py:151} INFO - [2023-11-05T18:54:32.405+0000] {dag.py:3722} INFO - Setting next_dagrun for example_skip_dag to 2023-11-04T18:54:32.405088+00:00, run_after=2023-11-05T18:54:32.405088+00:00
[2023-11-05T18:54:32.420+0000] {processor.py:179} INFO - Processing /home/airflow/.local/lib/python3.8/site-packages/airflow/example_dags/example_skip_dag.py took 0.096 seconds
