[2023-11-05T18:35:57.897+0000] {processor.py:157} INFO - Started process (PID=38) to work on /home/airflow/.local/lib/python3.8/site-packages/airflow/example_dags/example_sensors.py
[2023-11-05T18:35:57.922+0000] {processor.py:829} INFO - Processing file /home/airflow/.local/lib/python3.8/site-packages/airflow/example_dags/example_sensors.py for tasks to queue
[2023-11-05T18:35:57.950+0000] {logging_mixin.py:151} INFO - [2023-11-05T18:35:57.950+0000] {dagbag.py:536} INFO - Filling up the DagBag from /home/airflow/.local/lib/python3.8/site-packages/airflow/example_dags/example_sensors.py
[2023-11-05T18:35:57.964+0000] {processor.py:839} INFO - DAG(s) dict_keys(['example_sensors']) retrieved from /home/airflow/.local/lib/python3.8/site-packages/airflow/example_dags/example_sensors.py
[2023-11-05T18:35:58.192+0000] {logging_mixin.py:151} INFO - [2023-11-05T18:35:58.192+0000] {dag.py:2941} INFO - Sync 1 DAGs
[2023-11-05T18:35:58.211+0000] {logging_mixin.py:151} INFO - [2023-11-05T18:35:58.211+0000] {dag.py:3722} INFO - Setting next_dagrun for example_sensors to None, run_after=None
[2023-11-05T18:35:58.334+0000] {processor.py:179} INFO - Processing /home/airflow/.local/lib/python3.8/site-packages/airflow/example_dags/example_sensors.py took 0.441 seconds
[2023-11-05T18:36:29.223+0000] {processor.py:157} INFO - Started process (PID=92) to work on /home/airflow/.local/lib/python3.8/site-packages/airflow/example_dags/example_sensors.py
[2023-11-05T18:36:29.246+0000] {processor.py:829} INFO - Processing file /home/airflow/.local/lib/python3.8/site-packages/airflow/example_dags/example_sensors.py for tasks to queue
[2023-11-05T18:36:29.266+0000] {logging_mixin.py:151} INFO - [2023-11-05T18:36:29.265+0000] {dagbag.py:536} INFO - Filling up the DagBag from /home/airflow/.local/lib/python3.8/site-packages/airflow/example_dags/example_sensors.py
[2023-11-05T18:36:29.308+0000] {processor.py:839} INFO - DAG(s) dict_keys(['example_sensors']) retrieved from /home/airflow/.local/lib/python3.8/site-packages/airflow/example_dags/example_sensors.py
[2023-11-05T18:36:29.520+0000] {logging_mixin.py:151} INFO - [2023-11-05T18:36:29.519+0000] {dag.py:2941} INFO - Sync 1 DAGs
[2023-11-05T18:36:29.555+0000] {logging_mixin.py:151} INFO - [2023-11-05T18:36:29.554+0000] {dag.py:3722} INFO - Setting next_dagrun for example_sensors to None, run_after=None
[2023-11-05T18:36:29.715+0000] {processor.py:179} INFO - Processing /home/airflow/.local/lib/python3.8/site-packages/airflow/example_dags/example_sensors.py took 0.504 seconds
[2023-11-05T18:36:59.861+0000] {processor.py:157} INFO - Started process (PID=144) to work on /home/airflow/.local/lib/python3.8/site-packages/airflow/example_dags/example_sensors.py
[2023-11-05T18:36:59.864+0000] {processor.py:829} INFO - Processing file /home/airflow/.local/lib/python3.8/site-packages/airflow/example_dags/example_sensors.py for tasks to queue
[2023-11-05T18:36:59.885+0000] {logging_mixin.py:151} INFO - [2023-11-05T18:36:59.885+0000] {dagbag.py:536} INFO - Filling up the DagBag from /home/airflow/.local/lib/python3.8/site-packages/airflow/example_dags/example_sensors.py
[2023-11-05T18:36:59.909+0000] {processor.py:839} INFO - DAG(s) dict_keys(['example_sensors']) retrieved from /home/airflow/.local/lib/python3.8/site-packages/airflow/example_dags/example_sensors.py
[2023-11-05T18:36:59.964+0000] {logging_mixin.py:151} INFO - [2023-11-05T18:36:59.964+0000] {dag.py:2941} INFO - Sync 1 DAGs
[2023-11-05T18:36:59.989+0000] {logging_mixin.py:151} INFO - [2023-11-05T18:36:59.989+0000] {dag.py:3722} INFO - Setting next_dagrun for example_sensors to None, run_after=None
[2023-11-05T18:37:00.042+0000] {processor.py:179} INFO - Processing /home/airflow/.local/lib/python3.8/site-packages/airflow/example_dags/example_sensors.py took 0.193 seconds
[2023-11-05T18:37:30.163+0000] {processor.py:157} INFO - Started process (PID=198) to work on /home/airflow/.local/lib/python3.8/site-packages/airflow/example_dags/example_sensors.py
[2023-11-05T18:37:30.176+0000] {processor.py:829} INFO - Processing file /home/airflow/.local/lib/python3.8/site-packages/airflow/example_dags/example_sensors.py for tasks to queue
[2023-11-05T18:37:30.198+0000] {logging_mixin.py:151} INFO - [2023-11-05T18:37:30.197+0000] {dagbag.py:536} INFO - Filling up the DagBag from /home/airflow/.local/lib/python3.8/site-packages/airflow/example_dags/example_sensors.py
[2023-11-05T18:37:30.216+0000] {processor.py:839} INFO - DAG(s) dict_keys(['example_sensors']) retrieved from /home/airflow/.local/lib/python3.8/site-packages/airflow/example_dags/example_sensors.py
[2023-11-05T18:37:30.272+0000] {logging_mixin.py:151} INFO - [2023-11-05T18:37:30.271+0000] {dag.py:2941} INFO - Sync 1 DAGs
[2023-11-05T18:37:30.291+0000] {logging_mixin.py:151} INFO - [2023-11-05T18:37:30.291+0000] {dag.py:3722} INFO - Setting next_dagrun for example_sensors to None, run_after=None
[2023-11-05T18:37:30.339+0000] {processor.py:179} INFO - Processing /home/airflow/.local/lib/python3.8/site-packages/airflow/example_dags/example_sensors.py took 0.180 seconds
[2023-11-05T18:38:00.523+0000] {processor.py:157} INFO - Started process (PID=252) to work on /home/airflow/.local/lib/python3.8/site-packages/airflow/example_dags/example_sensors.py
[2023-11-05T18:38:00.532+0000] {processor.py:829} INFO - Processing file /home/airflow/.local/lib/python3.8/site-packages/airflow/example_dags/example_sensors.py for tasks to queue
[2023-11-05T18:38:00.548+0000] {logging_mixin.py:151} INFO - [2023-11-05T18:38:00.548+0000] {dagbag.py:536} INFO - Filling up the DagBag from /home/airflow/.local/lib/python3.8/site-packages/airflow/example_dags/example_sensors.py
[2023-11-05T18:38:00.581+0000] {processor.py:839} INFO - DAG(s) dict_keys(['example_sensors']) retrieved from /home/airflow/.local/lib/python3.8/site-packages/airflow/example_dags/example_sensors.py
[2023-11-05T18:38:00.662+0000] {logging_mixin.py:151} INFO - [2023-11-05T18:38:00.660+0000] {dag.py:2941} INFO - Sync 1 DAGs
[2023-11-05T18:38:00.688+0000] {logging_mixin.py:151} INFO - [2023-11-05T18:38:00.688+0000] {dag.py:3722} INFO - Setting next_dagrun for example_sensors to None, run_after=None
[2023-11-05T18:38:00.764+0000] {processor.py:179} INFO - Processing /home/airflow/.local/lib/python3.8/site-packages/airflow/example_dags/example_sensors.py took 0.249 seconds
[2023-11-05T18:38:30.894+0000] {processor.py:157} INFO - Started process (PID=305) to work on /home/airflow/.local/lib/python3.8/site-packages/airflow/example_dags/example_sensors.py
[2023-11-05T18:38:30.898+0000] {processor.py:829} INFO - Processing file /home/airflow/.local/lib/python3.8/site-packages/airflow/example_dags/example_sensors.py for tasks to queue
[2023-11-05T18:38:30.905+0000] {logging_mixin.py:151} INFO - [2023-11-05T18:38:30.905+0000] {dagbag.py:536} INFO - Filling up the DagBag from /home/airflow/.local/lib/python3.8/site-packages/airflow/example_dags/example_sensors.py
[2023-11-05T18:38:30.919+0000] {processor.py:839} INFO - DAG(s) dict_keys(['example_sensors']) retrieved from /home/airflow/.local/lib/python3.8/site-packages/airflow/example_dags/example_sensors.py
[2023-11-05T18:38:31.155+0000] {logging_mixin.py:151} INFO - [2023-11-05T18:38:31.154+0000] {dag.py:2941} INFO - Sync 1 DAGs
[2023-11-05T18:38:31.191+0000] {logging_mixin.py:151} INFO - [2023-11-05T18:38:31.191+0000] {dag.py:3722} INFO - Setting next_dagrun for example_sensors to None, run_after=None
[2023-11-05T18:38:31.271+0000] {processor.py:179} INFO - Processing /home/airflow/.local/lib/python3.8/site-packages/airflow/example_dags/example_sensors.py took 0.386 seconds
[2023-11-05T18:39:01.696+0000] {processor.py:157} INFO - Started process (PID=360) to work on /home/airflow/.local/lib/python3.8/site-packages/airflow/example_dags/example_sensors.py
[2023-11-05T18:39:01.703+0000] {processor.py:829} INFO - Processing file /home/airflow/.local/lib/python3.8/site-packages/airflow/example_dags/example_sensors.py for tasks to queue
[2023-11-05T18:39:01.712+0000] {logging_mixin.py:151} INFO - [2023-11-05T18:39:01.712+0000] {dagbag.py:536} INFO - Filling up the DagBag from /home/airflow/.local/lib/python3.8/site-packages/airflow/example_dags/example_sensors.py
[2023-11-05T18:39:01.729+0000] {processor.py:839} INFO - DAG(s) dict_keys(['example_sensors']) retrieved from /home/airflow/.local/lib/python3.8/site-packages/airflow/example_dags/example_sensors.py
[2023-11-05T18:39:01.792+0000] {logging_mixin.py:151} INFO - [2023-11-05T18:39:01.792+0000] {dag.py:2941} INFO - Sync 1 DAGs
[2023-11-05T18:39:01.806+0000] {logging_mixin.py:151} INFO - [2023-11-05T18:39:01.806+0000] {dag.py:3722} INFO - Setting next_dagrun for example_sensors to None, run_after=None
[2023-11-05T18:39:01.865+0000] {processor.py:179} INFO - Processing /home/airflow/.local/lib/python3.8/site-packages/airflow/example_dags/example_sensors.py took 0.173 seconds
[2023-11-05T18:39:32.889+0000] {processor.py:157} INFO - Started process (PID=414) to work on /home/airflow/.local/lib/python3.8/site-packages/airflow/example_dags/example_sensors.py
[2023-11-05T18:39:32.894+0000] {processor.py:829} INFO - Processing file /home/airflow/.local/lib/python3.8/site-packages/airflow/example_dags/example_sensors.py for tasks to queue
[2023-11-05T18:39:32.896+0000] {logging_mixin.py:151} INFO - [2023-11-05T18:39:32.896+0000] {dagbag.py:536} INFO - Filling up the DagBag from /home/airflow/.local/lib/python3.8/site-packages/airflow/example_dags/example_sensors.py
[2023-11-05T18:39:32.906+0000] {processor.py:839} INFO - DAG(s) dict_keys(['example_sensors']) retrieved from /home/airflow/.local/lib/python3.8/site-packages/airflow/example_dags/example_sensors.py
[2023-11-05T18:39:32.980+0000] {logging_mixin.py:151} INFO - [2023-11-05T18:39:32.980+0000] {dag.py:2941} INFO - Sync 1 DAGs
[2023-11-05T18:39:33.004+0000] {logging_mixin.py:151} INFO - [2023-11-05T18:39:33.004+0000] {dag.py:3722} INFO - Setting next_dagrun for example_sensors to None, run_after=None
[2023-11-05T18:39:33.051+0000] {processor.py:179} INFO - Processing /home/airflow/.local/lib/python3.8/site-packages/airflow/example_dags/example_sensors.py took 0.164 seconds
[2023-11-05T18:40:03.426+0000] {processor.py:157} INFO - Started process (PID=468) to work on /home/airflow/.local/lib/python3.8/site-packages/airflow/example_dags/example_sensors.py
[2023-11-05T18:40:03.433+0000] {processor.py:829} INFO - Processing file /home/airflow/.local/lib/python3.8/site-packages/airflow/example_dags/example_sensors.py for tasks to queue
[2023-11-05T18:40:03.441+0000] {logging_mixin.py:151} INFO - [2023-11-05T18:40:03.440+0000] {dagbag.py:536} INFO - Filling up the DagBag from /home/airflow/.local/lib/python3.8/site-packages/airflow/example_dags/example_sensors.py
[2023-11-05T18:40:03.479+0000] {processor.py:839} INFO - DAG(s) dict_keys(['example_sensors']) retrieved from /home/airflow/.local/lib/python3.8/site-packages/airflow/example_dags/example_sensors.py
[2023-11-05T18:40:03.574+0000] {logging_mixin.py:151} INFO - [2023-11-05T18:40:03.573+0000] {dag.py:2941} INFO - Sync 1 DAGs
[2023-11-05T18:40:03.619+0000] {logging_mixin.py:151} INFO - [2023-11-05T18:40:03.619+0000] {dag.py:3722} INFO - Setting next_dagrun for example_sensors to None, run_after=None
[2023-11-05T18:40:03.681+0000] {processor.py:179} INFO - Processing /home/airflow/.local/lib/python3.8/site-packages/airflow/example_dags/example_sensors.py took 0.285 seconds
[2023-11-05T18:40:34.092+0000] {processor.py:157} INFO - Started process (PID=522) to work on /home/airflow/.local/lib/python3.8/site-packages/airflow/example_dags/example_sensors.py
[2023-11-05T18:40:34.097+0000] {processor.py:829} INFO - Processing file /home/airflow/.local/lib/python3.8/site-packages/airflow/example_dags/example_sensors.py for tasks to queue
[2023-11-05T18:40:34.104+0000] {logging_mixin.py:151} INFO - [2023-11-05T18:40:34.103+0000] {dagbag.py:536} INFO - Filling up the DagBag from /home/airflow/.local/lib/python3.8/site-packages/airflow/example_dags/example_sensors.py
[2023-11-05T18:40:34.111+0000] {processor.py:839} INFO - DAG(s) dict_keys(['example_sensors']) retrieved from /home/airflow/.local/lib/python3.8/site-packages/airflow/example_dags/example_sensors.py
[2023-11-05T18:40:34.138+0000] {logging_mixin.py:151} INFO - [2023-11-05T18:40:34.138+0000] {dag.py:2941} INFO - Sync 1 DAGs
[2023-11-05T18:40:34.153+0000] {logging_mixin.py:151} INFO - [2023-11-05T18:40:34.153+0000] {dag.py:3722} INFO - Setting next_dagrun for example_sensors to None, run_after=None
[2023-11-05T18:40:34.208+0000] {processor.py:179} INFO - Processing /home/airflow/.local/lib/python3.8/site-packages/airflow/example_dags/example_sensors.py took 0.119 seconds
[2023-11-05T18:41:04.300+0000] {processor.py:157} INFO - Started process (PID=576) to work on /home/airflow/.local/lib/python3.8/site-packages/airflow/example_dags/example_sensors.py
[2023-11-05T18:41:04.302+0000] {processor.py:829} INFO - Processing file /home/airflow/.local/lib/python3.8/site-packages/airflow/example_dags/example_sensors.py for tasks to queue
[2023-11-05T18:41:04.303+0000] {logging_mixin.py:151} INFO - [2023-11-05T18:41:04.303+0000] {dagbag.py:536} INFO - Filling up the DagBag from /home/airflow/.local/lib/python3.8/site-packages/airflow/example_dags/example_sensors.py
[2023-11-05T18:41:04.309+0000] {processor.py:839} INFO - DAG(s) dict_keys(['example_sensors']) retrieved from /home/airflow/.local/lib/python3.8/site-packages/airflow/example_dags/example_sensors.py
[2023-11-05T18:41:04.329+0000] {logging_mixin.py:151} INFO - [2023-11-05T18:41:04.329+0000] {dag.py:2941} INFO - Sync 1 DAGs
[2023-11-05T18:41:04.344+0000] {logging_mixin.py:151} INFO - [2023-11-05T18:41:04.344+0000] {dag.py:3722} INFO - Setting next_dagrun for example_sensors to None, run_after=None
[2023-11-05T18:41:04.367+0000] {processor.py:179} INFO - Processing /home/airflow/.local/lib/python3.8/site-packages/airflow/example_dags/example_sensors.py took 0.069 seconds
[2023-11-05T18:41:34.981+0000] {processor.py:157} INFO - Started process (PID=630) to work on /home/airflow/.local/lib/python3.8/site-packages/airflow/example_dags/example_sensors.py
[2023-11-05T18:41:34.985+0000] {processor.py:829} INFO - Processing file /home/airflow/.local/lib/python3.8/site-packages/airflow/example_dags/example_sensors.py for tasks to queue
[2023-11-05T18:41:34.988+0000] {logging_mixin.py:151} INFO - [2023-11-05T18:41:34.988+0000] {dagbag.py:536} INFO - Filling up the DagBag from /home/airflow/.local/lib/python3.8/site-packages/airflow/example_dags/example_sensors.py
[2023-11-05T18:41:34.997+0000] {processor.py:839} INFO - DAG(s) dict_keys(['example_sensors']) retrieved from /home/airflow/.local/lib/python3.8/site-packages/airflow/example_dags/example_sensors.py
[2023-11-05T18:41:35.025+0000] {logging_mixin.py:151} INFO - [2023-11-05T18:41:35.025+0000] {dag.py:2941} INFO - Sync 1 DAGs
[2023-11-05T18:41:35.035+0000] {logging_mixin.py:151} INFO - [2023-11-05T18:41:35.035+0000] {dag.py:3722} INFO - Setting next_dagrun for example_sensors to None, run_after=None
[2023-11-05T18:41:35.054+0000] {processor.py:179} INFO - Processing /home/airflow/.local/lib/python3.8/site-packages/airflow/example_dags/example_sensors.py took 0.076 seconds
[2023-11-05T18:42:05.326+0000] {processor.py:157} INFO - Started process (PID=683) to work on /home/airflow/.local/lib/python3.8/site-packages/airflow/example_dags/example_sensors.py
[2023-11-05T18:42:05.328+0000] {processor.py:829} INFO - Processing file /home/airflow/.local/lib/python3.8/site-packages/airflow/example_dags/example_sensors.py for tasks to queue
[2023-11-05T18:42:05.333+0000] {logging_mixin.py:151} INFO - [2023-11-05T18:42:05.333+0000] {dagbag.py:536} INFO - Filling up the DagBag from /home/airflow/.local/lib/python3.8/site-packages/airflow/example_dags/example_sensors.py
[2023-11-05T18:42:05.341+0000] {processor.py:839} INFO - DAG(s) dict_keys(['example_sensors']) retrieved from /home/airflow/.local/lib/python3.8/site-packages/airflow/example_dags/example_sensors.py
[2023-11-05T18:42:05.365+0000] {logging_mixin.py:151} INFO - [2023-11-05T18:42:05.364+0000] {dag.py:2941} INFO - Sync 1 DAGs
[2023-11-05T18:42:05.372+0000] {logging_mixin.py:151} INFO - [2023-11-05T18:42:05.371+0000] {dag.py:3722} INFO - Setting next_dagrun for example_sensors to None, run_after=None
[2023-11-05T18:42:05.392+0000] {processor.py:179} INFO - Processing /home/airflow/.local/lib/python3.8/site-packages/airflow/example_dags/example_sensors.py took 0.069 seconds
[2023-11-05T18:42:35.635+0000] {processor.py:157} INFO - Started process (PID=737) to work on /home/airflow/.local/lib/python3.8/site-packages/airflow/example_dags/example_sensors.py
[2023-11-05T18:42:35.638+0000] {processor.py:829} INFO - Processing file /home/airflow/.local/lib/python3.8/site-packages/airflow/example_dags/example_sensors.py for tasks to queue
[2023-11-05T18:42:35.641+0000] {logging_mixin.py:151} INFO - [2023-11-05T18:42:35.640+0000] {dagbag.py:536} INFO - Filling up the DagBag from /home/airflow/.local/lib/python3.8/site-packages/airflow/example_dags/example_sensors.py
[2023-11-05T18:42:35.650+0000] {processor.py:839} INFO - DAG(s) dict_keys(['example_sensors']) retrieved from /home/airflow/.local/lib/python3.8/site-packages/airflow/example_dags/example_sensors.py
[2023-11-05T18:42:35.678+0000] {logging_mixin.py:151} INFO - [2023-11-05T18:42:35.678+0000] {dag.py:2941} INFO - Sync 1 DAGs
[2023-11-05T18:42:35.695+0000] {logging_mixin.py:151} INFO - [2023-11-05T18:42:35.694+0000] {dag.py:3722} INFO - Setting next_dagrun for example_sensors to None, run_after=None
[2023-11-05T18:42:35.716+0000] {processor.py:179} INFO - Processing /home/airflow/.local/lib/python3.8/site-packages/airflow/example_dags/example_sensors.py took 0.084 seconds
[2023-11-05T18:43:06.086+0000] {processor.py:157} INFO - Started process (PID=791) to work on /home/airflow/.local/lib/python3.8/site-packages/airflow/example_dags/example_sensors.py
[2023-11-05T18:43:06.088+0000] {processor.py:829} INFO - Processing file /home/airflow/.local/lib/python3.8/site-packages/airflow/example_dags/example_sensors.py for tasks to queue
[2023-11-05T18:43:06.089+0000] {logging_mixin.py:151} INFO - [2023-11-05T18:43:06.089+0000] {dagbag.py:536} INFO - Filling up the DagBag from /home/airflow/.local/lib/python3.8/site-packages/airflow/example_dags/example_sensors.py
[2023-11-05T18:43:06.095+0000] {processor.py:839} INFO - DAG(s) dict_keys(['example_sensors']) retrieved from /home/airflow/.local/lib/python3.8/site-packages/airflow/example_dags/example_sensors.py
[2023-11-05T18:43:06.117+0000] {logging_mixin.py:151} INFO - [2023-11-05T18:43:06.117+0000] {dag.py:2941} INFO - Sync 1 DAGs
[2023-11-05T18:43:06.135+0000] {logging_mixin.py:151} INFO - [2023-11-05T18:43:06.135+0000] {dag.py:3722} INFO - Setting next_dagrun for example_sensors to None, run_after=None
[2023-11-05T18:43:06.152+0000] {processor.py:179} INFO - Processing /home/airflow/.local/lib/python3.8/site-packages/airflow/example_dags/example_sensors.py took 0.071 seconds
[2023-11-05T18:43:36.668+0000] {processor.py:157} INFO - Started process (PID=845) to work on /home/airflow/.local/lib/python3.8/site-packages/airflow/example_dags/example_sensors.py
[2023-11-05T18:43:36.670+0000] {processor.py:829} INFO - Processing file /home/airflow/.local/lib/python3.8/site-packages/airflow/example_dags/example_sensors.py for tasks to queue
[2023-11-05T18:43:36.673+0000] {logging_mixin.py:151} INFO - [2023-11-05T18:43:36.673+0000] {dagbag.py:536} INFO - Filling up the DagBag from /home/airflow/.local/lib/python3.8/site-packages/airflow/example_dags/example_sensors.py
[2023-11-05T18:43:36.683+0000] {processor.py:839} INFO - DAG(s) dict_keys(['example_sensors']) retrieved from /home/airflow/.local/lib/python3.8/site-packages/airflow/example_dags/example_sensors.py
[2023-11-05T18:43:36.707+0000] {logging_mixin.py:151} INFO - [2023-11-05T18:43:36.707+0000] {dag.py:2941} INFO - Sync 1 DAGs
[2023-11-05T18:43:36.716+0000] {logging_mixin.py:151} INFO - [2023-11-05T18:43:36.716+0000] {dag.py:3722} INFO - Setting next_dagrun for example_sensors to None, run_after=None
[2023-11-05T18:43:36.737+0000] {processor.py:179} INFO - Processing /home/airflow/.local/lib/python3.8/site-packages/airflow/example_dags/example_sensors.py took 0.072 seconds
[2023-11-05T18:44:07.079+0000] {processor.py:157} INFO - Started process (PID=899) to work on /home/airflow/.local/lib/python3.8/site-packages/airflow/example_dags/example_sensors.py
[2023-11-05T18:44:07.083+0000] {processor.py:829} INFO - Processing file /home/airflow/.local/lib/python3.8/site-packages/airflow/example_dags/example_sensors.py for tasks to queue
[2023-11-05T18:44:07.087+0000] {logging_mixin.py:151} INFO - [2023-11-05T18:44:07.086+0000] {dagbag.py:536} INFO - Filling up the DagBag from /home/airflow/.local/lib/python3.8/site-packages/airflow/example_dags/example_sensors.py
[2023-11-05T18:44:07.097+0000] {processor.py:839} INFO - DAG(s) dict_keys(['example_sensors']) retrieved from /home/airflow/.local/lib/python3.8/site-packages/airflow/example_dags/example_sensors.py
[2023-11-05T18:44:07.128+0000] {logging_mixin.py:151} INFO - [2023-11-05T18:44:07.128+0000] {dag.py:2941} INFO - Sync 1 DAGs
[2023-11-05T18:44:07.142+0000] {logging_mixin.py:151} INFO - [2023-11-05T18:44:07.142+0000] {dag.py:3722} INFO - Setting next_dagrun for example_sensors to None, run_after=None
[2023-11-05T18:44:07.168+0000] {processor.py:179} INFO - Processing /home/airflow/.local/lib/python3.8/site-packages/airflow/example_dags/example_sensors.py took 0.092 seconds
[2023-11-05T18:44:37.284+0000] {processor.py:157} INFO - Started process (PID=953) to work on /home/airflow/.local/lib/python3.8/site-packages/airflow/example_dags/example_sensors.py
[2023-11-05T18:44:37.285+0000] {processor.py:829} INFO - Processing file /home/airflow/.local/lib/python3.8/site-packages/airflow/example_dags/example_sensors.py for tasks to queue
[2023-11-05T18:44:37.287+0000] {logging_mixin.py:151} INFO - [2023-11-05T18:44:37.287+0000] {dagbag.py:536} INFO - Filling up the DagBag from /home/airflow/.local/lib/python3.8/site-packages/airflow/example_dags/example_sensors.py
[2023-11-05T18:44:37.293+0000] {processor.py:839} INFO - DAG(s) dict_keys(['example_sensors']) retrieved from /home/airflow/.local/lib/python3.8/site-packages/airflow/example_dags/example_sensors.py
[2023-11-05T18:44:37.312+0000] {logging_mixin.py:151} INFO - [2023-11-05T18:44:37.312+0000] {dag.py:2941} INFO - Sync 1 DAGs
[2023-11-05T18:44:37.319+0000] {logging_mixin.py:151} INFO - [2023-11-05T18:44:37.319+0000] {dag.py:3722} INFO - Setting next_dagrun for example_sensors to None, run_after=None
[2023-11-05T18:44:37.442+0000] {processor.py:179} INFO - Processing /home/airflow/.local/lib/python3.8/site-packages/airflow/example_dags/example_sensors.py took 0.161 seconds
[2023-11-05T18:45:07.809+0000] {processor.py:157} INFO - Started process (PID=1006) to work on /home/airflow/.local/lib/python3.8/site-packages/airflow/example_dags/example_sensors.py
[2023-11-05T18:45:07.812+0000] {processor.py:829} INFO - Processing file /home/airflow/.local/lib/python3.8/site-packages/airflow/example_dags/example_sensors.py for tasks to queue
[2023-11-05T18:45:07.819+0000] {logging_mixin.py:151} INFO - [2023-11-05T18:45:07.819+0000] {dagbag.py:536} INFO - Filling up the DagBag from /home/airflow/.local/lib/python3.8/site-packages/airflow/example_dags/example_sensors.py
[2023-11-05T18:45:07.825+0000] {processor.py:839} INFO - DAG(s) dict_keys(['example_sensors']) retrieved from /home/airflow/.local/lib/python3.8/site-packages/airflow/example_dags/example_sensors.py
[2023-11-05T18:45:07.855+0000] {logging_mixin.py:151} INFO - [2023-11-05T18:45:07.855+0000] {dag.py:2941} INFO - Sync 1 DAGs
[2023-11-05T18:45:07.863+0000] {logging_mixin.py:151} INFO - [2023-11-05T18:45:07.863+0000] {dag.py:3722} INFO - Setting next_dagrun for example_sensors to None, run_after=None
[2023-11-05T18:45:07.881+0000] {processor.py:179} INFO - Processing /home/airflow/.local/lib/python3.8/site-packages/airflow/example_dags/example_sensors.py took 0.076 seconds
[2023-11-05T18:46:09.493+0000] {processor.py:157} INFO - Started process (PID=38) to work on /home/airflow/.local/lib/python3.8/site-packages/airflow/example_dags/example_sensors.py
[2023-11-05T18:46:09.505+0000] {processor.py:829} INFO - Processing file /home/airflow/.local/lib/python3.8/site-packages/airflow/example_dags/example_sensors.py for tasks to queue
[2023-11-05T18:46:09.520+0000] {logging_mixin.py:151} INFO - [2023-11-05T18:46:09.520+0000] {dagbag.py:536} INFO - Filling up the DagBag from /home/airflow/.local/lib/python3.8/site-packages/airflow/example_dags/example_sensors.py
[2023-11-05T18:46:09.552+0000] {processor.py:839} INFO - DAG(s) dict_keys(['example_sensors']) retrieved from /home/airflow/.local/lib/python3.8/site-packages/airflow/example_dags/example_sensors.py
[2023-11-05T18:46:09.640+0000] {logging_mixin.py:151} INFO - [2023-11-05T18:46:09.639+0000] {dag.py:2941} INFO - Sync 1 DAGs
[2023-11-05T18:46:09.666+0000] {logging_mixin.py:151} INFO - [2023-11-05T18:46:09.663+0000] {dag.py:3722} INFO - Setting next_dagrun for example_sensors to None, run_after=None
[2023-11-05T18:46:09.748+0000] {processor.py:179} INFO - Processing /home/airflow/.local/lib/python3.8/site-packages/airflow/example_dags/example_sensors.py took 0.263 seconds
[2023-11-05T18:46:40.244+0000] {processor.py:157} INFO - Started process (PID=92) to work on /home/airflow/.local/lib/python3.8/site-packages/airflow/example_dags/example_sensors.py
[2023-11-05T18:46:40.245+0000] {processor.py:829} INFO - Processing file /home/airflow/.local/lib/python3.8/site-packages/airflow/example_dags/example_sensors.py for tasks to queue
[2023-11-05T18:46:40.249+0000] {logging_mixin.py:151} INFO - [2023-11-05T18:46:40.248+0000] {dagbag.py:536} INFO - Filling up the DagBag from /home/airflow/.local/lib/python3.8/site-packages/airflow/example_dags/example_sensors.py
[2023-11-05T18:46:40.263+0000] {processor.py:839} INFO - DAG(s) dict_keys(['example_sensors']) retrieved from /home/airflow/.local/lib/python3.8/site-packages/airflow/example_dags/example_sensors.py
[2023-11-05T18:46:40.290+0000] {logging_mixin.py:151} INFO - [2023-11-05T18:46:40.289+0000] {dag.py:2941} INFO - Sync 1 DAGs
[2023-11-05T18:46:40.302+0000] {logging_mixin.py:151} INFO - [2023-11-05T18:46:40.302+0000] {dag.py:3722} INFO - Setting next_dagrun for example_sensors to None, run_after=None
[2023-11-05T18:46:40.351+0000] {processor.py:179} INFO - Processing /home/airflow/.local/lib/python3.8/site-packages/airflow/example_dags/example_sensors.py took 0.109 seconds
[2023-11-05T18:47:10.671+0000] {processor.py:157} INFO - Started process (PID=146) to work on /home/airflow/.local/lib/python3.8/site-packages/airflow/example_dags/example_sensors.py
[2023-11-05T18:47:10.676+0000] {processor.py:829} INFO - Processing file /home/airflow/.local/lib/python3.8/site-packages/airflow/example_dags/example_sensors.py for tasks to queue
[2023-11-05T18:47:10.679+0000] {logging_mixin.py:151} INFO - [2023-11-05T18:47:10.679+0000] {dagbag.py:536} INFO - Filling up the DagBag from /home/airflow/.local/lib/python3.8/site-packages/airflow/example_dags/example_sensors.py
[2023-11-05T18:47:10.709+0000] {processor.py:839} INFO - DAG(s) dict_keys(['example_sensors']) retrieved from /home/airflow/.local/lib/python3.8/site-packages/airflow/example_dags/example_sensors.py
[2023-11-05T18:47:10.752+0000] {logging_mixin.py:151} INFO - [2023-11-05T18:47:10.752+0000] {dag.py:2941} INFO - Sync 1 DAGs
[2023-11-05T18:47:10.766+0000] {logging_mixin.py:151} INFO - [2023-11-05T18:47:10.766+0000] {dag.py:3722} INFO - Setting next_dagrun for example_sensors to None, run_after=None
[2023-11-05T18:47:10.794+0000] {processor.py:179} INFO - Processing /home/airflow/.local/lib/python3.8/site-packages/airflow/example_dags/example_sensors.py took 0.127 seconds
[2023-11-05T18:47:40.830+0000] {processor.py:157} INFO - Started process (PID=199) to work on /home/airflow/.local/lib/python3.8/site-packages/airflow/example_dags/example_sensors.py
[2023-11-05T18:47:40.834+0000] {processor.py:829} INFO - Processing file /home/airflow/.local/lib/python3.8/site-packages/airflow/example_dags/example_sensors.py for tasks to queue
[2023-11-05T18:47:40.837+0000] {logging_mixin.py:151} INFO - [2023-11-05T18:47:40.837+0000] {dagbag.py:536} INFO - Filling up the DagBag from /home/airflow/.local/lib/python3.8/site-packages/airflow/example_dags/example_sensors.py
[2023-11-05T18:47:40.849+0000] {processor.py:839} INFO - DAG(s) dict_keys(['example_sensors']) retrieved from /home/airflow/.local/lib/python3.8/site-packages/airflow/example_dags/example_sensors.py
[2023-11-05T18:47:40.885+0000] {logging_mixin.py:151} INFO - [2023-11-05T18:47:40.884+0000] {dag.py:2941} INFO - Sync 1 DAGs
[2023-11-05T18:47:40.896+0000] {logging_mixin.py:151} INFO - [2023-11-05T18:47:40.895+0000] {dag.py:3722} INFO - Setting next_dagrun for example_sensors to None, run_after=None
[2023-11-05T18:47:40.913+0000] {processor.py:179} INFO - Processing /home/airflow/.local/lib/python3.8/site-packages/airflow/example_dags/example_sensors.py took 0.089 seconds
[2023-11-05T18:48:11.169+0000] {processor.py:157} INFO - Started process (PID=254) to work on /home/airflow/.local/lib/python3.8/site-packages/airflow/example_dags/example_sensors.py
[2023-11-05T18:48:11.172+0000] {processor.py:829} INFO - Processing file /home/airflow/.local/lib/python3.8/site-packages/airflow/example_dags/example_sensors.py for tasks to queue
[2023-11-05T18:48:11.175+0000] {logging_mixin.py:151} INFO - [2023-11-05T18:48:11.174+0000] {dagbag.py:536} INFO - Filling up the DagBag from /home/airflow/.local/lib/python3.8/site-packages/airflow/example_dags/example_sensors.py
[2023-11-05T18:48:11.183+0000] {processor.py:839} INFO - DAG(s) dict_keys(['example_sensors']) retrieved from /home/airflow/.local/lib/python3.8/site-packages/airflow/example_dags/example_sensors.py
[2023-11-05T18:48:11.208+0000] {logging_mixin.py:151} INFO - [2023-11-05T18:48:11.208+0000] {dag.py:2941} INFO - Sync 1 DAGs
[2023-11-05T18:48:11.219+0000] {logging_mixin.py:151} INFO - [2023-11-05T18:48:11.219+0000] {dag.py:3722} INFO - Setting next_dagrun for example_sensors to None, run_after=None
[2023-11-05T18:48:11.236+0000] {processor.py:179} INFO - Processing /home/airflow/.local/lib/python3.8/site-packages/airflow/example_dags/example_sensors.py took 0.071 seconds
[2023-11-05T18:48:41.731+0000] {processor.py:157} INFO - Started process (PID=308) to work on /home/airflow/.local/lib/python3.8/site-packages/airflow/example_dags/example_sensors.py
[2023-11-05T18:48:41.733+0000] {processor.py:829} INFO - Processing file /home/airflow/.local/lib/python3.8/site-packages/airflow/example_dags/example_sensors.py for tasks to queue
[2023-11-05T18:48:41.738+0000] {logging_mixin.py:151} INFO - [2023-11-05T18:48:41.737+0000] {dagbag.py:536} INFO - Filling up the DagBag from /home/airflow/.local/lib/python3.8/site-packages/airflow/example_dags/example_sensors.py
[2023-11-05T18:48:41.746+0000] {processor.py:839} INFO - DAG(s) dict_keys(['example_sensors']) retrieved from /home/airflow/.local/lib/python3.8/site-packages/airflow/example_dags/example_sensors.py
[2023-11-05T18:48:41.777+0000] {logging_mixin.py:151} INFO - [2023-11-05T18:48:41.776+0000] {dag.py:2941} INFO - Sync 1 DAGs
[2023-11-05T18:48:41.785+0000] {logging_mixin.py:151} INFO - [2023-11-05T18:48:41.785+0000] {dag.py:3722} INFO - Setting next_dagrun for example_sensors to None, run_after=None
[2023-11-05T18:48:41.796+0000] {processor.py:179} INFO - Processing /home/airflow/.local/lib/python3.8/site-packages/airflow/example_dags/example_sensors.py took 0.070 seconds
[2023-11-05T18:53:29.136+0000] {processor.py:157} INFO - Started process (PID=362) to work on /home/airflow/.local/lib/python3.8/site-packages/airflow/example_dags/example_sensors.py
[2023-11-05T18:53:29.137+0000] {processor.py:829} INFO - Processing file /home/airflow/.local/lib/python3.8/site-packages/airflow/example_dags/example_sensors.py for tasks to queue
[2023-11-05T18:53:29.140+0000] {logging_mixin.py:151} INFO - [2023-11-05T18:53:29.139+0000] {dagbag.py:536} INFO - Filling up the DagBag from /home/airflow/.local/lib/python3.8/site-packages/airflow/example_dags/example_sensors.py
[2023-11-05T18:53:29.161+0000] {processor.py:839} INFO - DAG(s) dict_keys(['example_sensors']) retrieved from /home/airflow/.local/lib/python3.8/site-packages/airflow/example_dags/example_sensors.py
[2023-11-05T18:53:29.198+0000] {logging_mixin.py:151} INFO - [2023-11-05T18:53:29.198+0000] {dag.py:2941} INFO - Sync 1 DAGs
[2023-11-05T18:53:29.210+0000] {logging_mixin.py:151} INFO - [2023-11-05T18:53:29.210+0000] {dag.py:3722} INFO - Setting next_dagrun for example_sensors to None, run_after=None
[2023-11-05T18:53:29.281+0000] {processor.py:179} INFO - Processing /home/airflow/.local/lib/python3.8/site-packages/airflow/example_dags/example_sensors.py took 0.149 seconds
[2023-11-05T18:54:00.155+0000] {processor.py:157} INFO - Started process (PID=416) to work on /home/airflow/.local/lib/python3.8/site-packages/airflow/example_dags/example_sensors.py
[2023-11-05T18:54:00.157+0000] {processor.py:829} INFO - Processing file /home/airflow/.local/lib/python3.8/site-packages/airflow/example_dags/example_sensors.py for tasks to queue
[2023-11-05T18:54:00.160+0000] {logging_mixin.py:151} INFO - [2023-11-05T18:54:00.159+0000] {dagbag.py:536} INFO - Filling up the DagBag from /home/airflow/.local/lib/python3.8/site-packages/airflow/example_dags/example_sensors.py
[2023-11-05T18:54:00.169+0000] {processor.py:839} INFO - DAG(s) dict_keys(['example_sensors']) retrieved from /home/airflow/.local/lib/python3.8/site-packages/airflow/example_dags/example_sensors.py
[2023-11-05T18:54:00.197+0000] {logging_mixin.py:151} INFO - [2023-11-05T18:54:00.197+0000] {dag.py:2941} INFO - Sync 1 DAGs
[2023-11-05T18:54:00.219+0000] {logging_mixin.py:151} INFO - [2023-11-05T18:54:00.219+0000] {dag.py:3722} INFO - Setting next_dagrun for example_sensors to None, run_after=None
[2023-11-05T18:54:00.240+0000] {processor.py:179} INFO - Processing /home/airflow/.local/lib/python3.8/site-packages/airflow/example_dags/example_sensors.py took 0.089 seconds
[2023-11-05T18:54:30.528+0000] {processor.py:157} INFO - Started process (PID=470) to work on /home/airflow/.local/lib/python3.8/site-packages/airflow/example_dags/example_sensors.py
[2023-11-05T18:54:30.530+0000] {processor.py:829} INFO - Processing file /home/airflow/.local/lib/python3.8/site-packages/airflow/example_dags/example_sensors.py for tasks to queue
[2023-11-05T18:54:30.532+0000] {logging_mixin.py:151} INFO - [2023-11-05T18:54:30.532+0000] {dagbag.py:536} INFO - Filling up the DagBag from /home/airflow/.local/lib/python3.8/site-packages/airflow/example_dags/example_sensors.py
[2023-11-05T18:54:30.540+0000] {processor.py:839} INFO - DAG(s) dict_keys(['example_sensors']) retrieved from /home/airflow/.local/lib/python3.8/site-packages/airflow/example_dags/example_sensors.py
[2023-11-05T18:54:30.572+0000] {logging_mixin.py:151} INFO - [2023-11-05T18:54:30.572+0000] {dag.py:2941} INFO - Sync 1 DAGs
[2023-11-05T18:54:30.588+0000] {logging_mixin.py:151} INFO - [2023-11-05T18:54:30.588+0000] {dag.py:3722} INFO - Setting next_dagrun for example_sensors to None, run_after=None
[2023-11-05T18:54:30.606+0000] {processor.py:179} INFO - Processing /home/airflow/.local/lib/python3.8/site-packages/airflow/example_dags/example_sensors.py took 0.081 seconds
