[2023-11-05T18:36:06.066+0000] {processor.py:157} INFO - Started process (PID=61) to work on /home/airflow/.local/lib/python3.8/site-packages/airflow/example_dags/example_latest_only_with_trigger.py
[2023-11-05T18:36:06.087+0000] {processor.py:829} INFO - Processing file /home/airflow/.local/lib/python3.8/site-packages/airflow/example_dags/example_latest_only_with_trigger.py for tasks to queue
[2023-11-05T18:36:06.122+0000] {logging_mixin.py:151} INFO - [2023-11-05T18:36:06.121+0000] {dagbag.py:536} INFO - Filling up the DagBag from /home/airflow/.local/lib/python3.8/site-packages/airflow/example_dags/example_latest_only_with_trigger.py
[2023-11-05T18:36:06.143+0000] {processor.py:839} INFO - DAG(s) dict_keys(['latest_only_with_trigger']) retrieved from /home/airflow/.local/lib/python3.8/site-packages/airflow/example_dags/example_latest_only_with_trigger.py
[2023-11-05T18:36:06.390+0000] {logging_mixin.py:151} INFO - [2023-11-05T18:36:06.390+0000] {dag.py:2941} INFO - Sync 1 DAGs
[2023-11-05T18:36:06.409+0000] {logging_mixin.py:151} INFO - [2023-11-05T18:36:06.409+0000] {dag.py:3722} INFO - Setting next_dagrun for latest_only_with_trigger to 2023-11-05T14:36:06.409025+00:00, run_after=2023-11-05T18:36:06.409025+00:00
[2023-11-05T18:36:06.515+0000] {processor.py:179} INFO - Processing /home/airflow/.local/lib/python3.8/site-packages/airflow/example_dags/example_latest_only_with_trigger.py took 0.462 seconds
[2023-11-05T18:36:36.830+0000] {processor.py:157} INFO - Started process (PID=115) to work on /home/airflow/.local/lib/python3.8/site-packages/airflow/example_dags/example_latest_only_with_trigger.py
[2023-11-05T18:36:36.846+0000] {processor.py:829} INFO - Processing file /home/airflow/.local/lib/python3.8/site-packages/airflow/example_dags/example_latest_only_with_trigger.py for tasks to queue
[2023-11-05T18:36:36.856+0000] {logging_mixin.py:151} INFO - [2023-11-05T18:36:36.856+0000] {dagbag.py:536} INFO - Filling up the DagBag from /home/airflow/.local/lib/python3.8/site-packages/airflow/example_dags/example_latest_only_with_trigger.py
[2023-11-05T18:36:36.871+0000] {processor.py:839} INFO - DAG(s) dict_keys(['latest_only_with_trigger']) retrieved from /home/airflow/.local/lib/python3.8/site-packages/airflow/example_dags/example_latest_only_with_trigger.py
[2023-11-05T18:36:36.952+0000] {logging_mixin.py:151} INFO - [2023-11-05T18:36:36.947+0000] {dag.py:2941} INFO - Sync 1 DAGs
[2023-11-05T18:36:36.985+0000] {logging_mixin.py:151} INFO - [2023-11-05T18:36:36.984+0000] {dag.py:3722} INFO - Setting next_dagrun for latest_only_with_trigger to 2023-11-05T14:36:36.984704+00:00, run_after=2023-11-05T18:36:36.984704+00:00
[2023-11-05T18:36:37.059+0000] {processor.py:179} INFO - Processing /home/airflow/.local/lib/python3.8/site-packages/airflow/example_dags/example_latest_only_with_trigger.py took 0.233 seconds
[2023-11-05T18:37:07.222+0000] {processor.py:157} INFO - Started process (PID=168) to work on /home/airflow/.local/lib/python3.8/site-packages/airflow/example_dags/example_latest_only_with_trigger.py
[2023-11-05T18:37:07.226+0000] {processor.py:829} INFO - Processing file /home/airflow/.local/lib/python3.8/site-packages/airflow/example_dags/example_latest_only_with_trigger.py for tasks to queue
[2023-11-05T18:37:07.245+0000] {logging_mixin.py:151} INFO - [2023-11-05T18:37:07.245+0000] {dagbag.py:536} INFO - Filling up the DagBag from /home/airflow/.local/lib/python3.8/site-packages/airflow/example_dags/example_latest_only_with_trigger.py
[2023-11-05T18:37:07.252+0000] {processor.py:839} INFO - DAG(s) dict_keys(['latest_only_with_trigger']) retrieved from /home/airflow/.local/lib/python3.8/site-packages/airflow/example_dags/example_latest_only_with_trigger.py
[2023-11-05T18:37:07.312+0000] {logging_mixin.py:151} INFO - [2023-11-05T18:37:07.311+0000] {dag.py:2941} INFO - Sync 1 DAGs
[2023-11-05T18:37:07.345+0000] {logging_mixin.py:151} INFO - [2023-11-05T18:37:07.345+0000] {dag.py:3722} INFO - Setting next_dagrun for latest_only_with_trigger to 2023-11-05T14:37:07.344878+00:00, run_after=2023-11-05T18:37:07.344878+00:00
[2023-11-05T18:37:07.422+0000] {processor.py:179} INFO - Processing /home/airflow/.local/lib/python3.8/site-packages/airflow/example_dags/example_latest_only_with_trigger.py took 0.203 seconds
[2023-11-05T18:37:37.949+0000] {processor.py:157} INFO - Started process (PID=222) to work on /home/airflow/.local/lib/python3.8/site-packages/airflow/example_dags/example_latest_only_with_trigger.py
[2023-11-05T18:37:37.965+0000] {processor.py:829} INFO - Processing file /home/airflow/.local/lib/python3.8/site-packages/airflow/example_dags/example_latest_only_with_trigger.py for tasks to queue
[2023-11-05T18:37:37.977+0000] {logging_mixin.py:151} INFO - [2023-11-05T18:37:37.976+0000] {dagbag.py:536} INFO - Filling up the DagBag from /home/airflow/.local/lib/python3.8/site-packages/airflow/example_dags/example_latest_only_with_trigger.py
[2023-11-05T18:37:37.985+0000] {processor.py:839} INFO - DAG(s) dict_keys(['latest_only_with_trigger']) retrieved from /home/airflow/.local/lib/python3.8/site-packages/airflow/example_dags/example_latest_only_with_trigger.py
[2023-11-05T18:37:38.132+0000] {logging_mixin.py:151} INFO - [2023-11-05T18:37:38.132+0000] {dag.py:2941} INFO - Sync 1 DAGs
[2023-11-05T18:37:38.172+0000] {logging_mixin.py:151} INFO - [2023-11-05T18:37:38.172+0000] {dag.py:3722} INFO - Setting next_dagrun for latest_only_with_trigger to 2023-11-05T14:37:38.170265+00:00, run_after=2023-11-05T18:37:38.170265+00:00
[2023-11-05T18:37:38.256+0000] {processor.py:179} INFO - Processing /home/airflow/.local/lib/python3.8/site-packages/airflow/example_dags/example_latest_only_with_trigger.py took 0.310 seconds
[2023-11-05T18:38:08.854+0000] {processor.py:157} INFO - Started process (PID=276) to work on /home/airflow/.local/lib/python3.8/site-packages/airflow/example_dags/example_latest_only_with_trigger.py
[2023-11-05T18:38:08.912+0000] {processor.py:829} INFO - Processing file /home/airflow/.local/lib/python3.8/site-packages/airflow/example_dags/example_latest_only_with_trigger.py for tasks to queue
[2023-11-05T18:38:08.917+0000] {logging_mixin.py:151} INFO - [2023-11-05T18:38:08.916+0000] {dagbag.py:536} INFO - Filling up the DagBag from /home/airflow/.local/lib/python3.8/site-packages/airflow/example_dags/example_latest_only_with_trigger.py
[2023-11-05T18:38:08.931+0000] {processor.py:839} INFO - DAG(s) dict_keys(['latest_only_with_trigger']) retrieved from /home/airflow/.local/lib/python3.8/site-packages/airflow/example_dags/example_latest_only_with_trigger.py
[2023-11-05T18:38:08.999+0000] {logging_mixin.py:151} INFO - [2023-11-05T18:38:08.998+0000] {dag.py:2941} INFO - Sync 1 DAGs
[2023-11-05T18:38:09.029+0000] {logging_mixin.py:151} INFO - [2023-11-05T18:38:09.028+0000] {dag.py:3722} INFO - Setting next_dagrun for latest_only_with_trigger to 2023-11-05T14:38:09.028621+00:00, run_after=2023-11-05T18:38:09.028621+00:00
[2023-11-05T18:38:09.105+0000] {processor.py:179} INFO - Processing /home/airflow/.local/lib/python3.8/site-packages/airflow/example_dags/example_latest_only_with_trigger.py took 0.345 seconds
[2023-11-05T18:38:39.559+0000] {processor.py:157} INFO - Started process (PID=329) to work on /home/airflow/.local/lib/python3.8/site-packages/airflow/example_dags/example_latest_only_with_trigger.py
[2023-11-05T18:38:39.563+0000] {processor.py:829} INFO - Processing file /home/airflow/.local/lib/python3.8/site-packages/airflow/example_dags/example_latest_only_with_trigger.py for tasks to queue
[2023-11-05T18:38:39.568+0000] {logging_mixin.py:151} INFO - [2023-11-05T18:38:39.568+0000] {dagbag.py:536} INFO - Filling up the DagBag from /home/airflow/.local/lib/python3.8/site-packages/airflow/example_dags/example_latest_only_with_trigger.py
[2023-11-05T18:38:39.577+0000] {processor.py:839} INFO - DAG(s) dict_keys(['latest_only_with_trigger']) retrieved from /home/airflow/.local/lib/python3.8/site-packages/airflow/example_dags/example_latest_only_with_trigger.py
[2023-11-05T18:38:39.654+0000] {logging_mixin.py:151} INFO - [2023-11-05T18:38:39.654+0000] {dag.py:2941} INFO - Sync 1 DAGs
[2023-11-05T18:38:39.790+0000] {logging_mixin.py:151} INFO - [2023-11-05T18:38:39.789+0000] {dag.py:3722} INFO - Setting next_dagrun for latest_only_with_trigger to 2023-11-05T14:38:39.788806+00:00, run_after=2023-11-05T18:38:39.788806+00:00
[2023-11-05T18:38:40.106+0000] {processor.py:179} INFO - Processing /home/airflow/.local/lib/python3.8/site-packages/airflow/example_dags/example_latest_only_with_trigger.py took 0.554 seconds
[2023-11-05T18:39:10.656+0000] {processor.py:157} INFO - Started process (PID=383) to work on /home/airflow/.local/lib/python3.8/site-packages/airflow/example_dags/example_latest_only_with_trigger.py
[2023-11-05T18:39:10.661+0000] {processor.py:829} INFO - Processing file /home/airflow/.local/lib/python3.8/site-packages/airflow/example_dags/example_latest_only_with_trigger.py for tasks to queue
[2023-11-05T18:39:10.670+0000] {logging_mixin.py:151} INFO - [2023-11-05T18:39:10.669+0000] {dagbag.py:536} INFO - Filling up the DagBag from /home/airflow/.local/lib/python3.8/site-packages/airflow/example_dags/example_latest_only_with_trigger.py
[2023-11-05T18:39:10.692+0000] {processor.py:839} INFO - DAG(s) dict_keys(['latest_only_with_trigger']) retrieved from /home/airflow/.local/lib/python3.8/site-packages/airflow/example_dags/example_latest_only_with_trigger.py
[2023-11-05T18:39:10.776+0000] {logging_mixin.py:151} INFO - [2023-11-05T18:39:10.775+0000] {dag.py:2941} INFO - Sync 1 DAGs
[2023-11-05T18:39:10.833+0000] {logging_mixin.py:151} INFO - [2023-11-05T18:39:10.832+0000] {dag.py:3722} INFO - Setting next_dagrun for latest_only_with_trigger to 2023-11-05T14:39:10.831558+00:00, run_after=2023-11-05T18:39:10.831558+00:00
[2023-11-05T18:39:10.905+0000] {processor.py:179} INFO - Processing /home/airflow/.local/lib/python3.8/site-packages/airflow/example_dags/example_latest_only_with_trigger.py took 0.272 seconds
[2023-11-05T18:39:41.190+0000] {processor.py:157} INFO - Started process (PID=437) to work on /home/airflow/.local/lib/python3.8/site-packages/airflow/example_dags/example_latest_only_with_trigger.py
[2023-11-05T18:39:41.200+0000] {processor.py:829} INFO - Processing file /home/airflow/.local/lib/python3.8/site-packages/airflow/example_dags/example_latest_only_with_trigger.py for tasks to queue
[2023-11-05T18:39:41.226+0000] {logging_mixin.py:151} INFO - [2023-11-05T18:39:41.225+0000] {dagbag.py:536} INFO - Filling up the DagBag from /home/airflow/.local/lib/python3.8/site-packages/airflow/example_dags/example_latest_only_with_trigger.py
[2023-11-05T18:39:41.267+0000] {processor.py:839} INFO - DAG(s) dict_keys(['latest_only_with_trigger']) retrieved from /home/airflow/.local/lib/python3.8/site-packages/airflow/example_dags/example_latest_only_with_trigger.py
[2023-11-05T18:39:41.388+0000] {logging_mixin.py:151} INFO - [2023-11-05T18:39:41.388+0000] {dag.py:2941} INFO - Sync 1 DAGs
[2023-11-05T18:39:41.458+0000] {logging_mixin.py:151} INFO - [2023-11-05T18:39:41.457+0000] {dag.py:3722} INFO - Setting next_dagrun for latest_only_with_trigger to 2023-11-05T14:39:41.456017+00:00, run_after=2023-11-05T18:39:41.456017+00:00
[2023-11-05T18:39:41.514+0000] {processor.py:179} INFO - Processing /home/airflow/.local/lib/python3.8/site-packages/airflow/example_dags/example_latest_only_with_trigger.py took 0.339 seconds
[2023-11-05T18:40:12.364+0000] {processor.py:157} INFO - Started process (PID=498) to work on /home/airflow/.local/lib/python3.8/site-packages/airflow/example_dags/example_latest_only_with_trigger.py
[2023-11-05T18:40:12.365+0000] {processor.py:829} INFO - Processing file /home/airflow/.local/lib/python3.8/site-packages/airflow/example_dags/example_latest_only_with_trigger.py for tasks to queue
[2023-11-05T18:40:12.368+0000] {logging_mixin.py:151} INFO - [2023-11-05T18:40:12.368+0000] {dagbag.py:536} INFO - Filling up the DagBag from /home/airflow/.local/lib/python3.8/site-packages/airflow/example_dags/example_latest_only_with_trigger.py
[2023-11-05T18:40:12.376+0000] {processor.py:839} INFO - DAG(s) dict_keys(['latest_only_with_trigger']) retrieved from /home/airflow/.local/lib/python3.8/site-packages/airflow/example_dags/example_latest_only_with_trigger.py
[2023-11-05T18:40:12.405+0000] {logging_mixin.py:151} INFO - [2023-11-05T18:40:12.405+0000] {dag.py:2941} INFO - Sync 1 DAGs
[2023-11-05T18:40:12.422+0000] {logging_mixin.py:151} INFO - [2023-11-05T18:40:12.422+0000] {dag.py:3722} INFO - Setting next_dagrun for latest_only_with_trigger to 2023-11-05T14:40:12.422234+00:00, run_after=2023-11-05T18:40:12.422234+00:00
[2023-11-05T18:40:12.442+0000] {processor.py:179} INFO - Processing /home/airflow/.local/lib/python3.8/site-packages/airflow/example_dags/example_latest_only_with_trigger.py took 0.082 seconds
[2023-11-05T18:40:43.393+0000] {processor.py:157} INFO - Started process (PID=552) to work on /home/airflow/.local/lib/python3.8/site-packages/airflow/example_dags/example_latest_only_with_trigger.py
[2023-11-05T18:40:43.395+0000] {processor.py:829} INFO - Processing file /home/airflow/.local/lib/python3.8/site-packages/airflow/example_dags/example_latest_only_with_trigger.py for tasks to queue
[2023-11-05T18:40:43.401+0000] {logging_mixin.py:151} INFO - [2023-11-05T18:40:43.401+0000] {dagbag.py:536} INFO - Filling up the DagBag from /home/airflow/.local/lib/python3.8/site-packages/airflow/example_dags/example_latest_only_with_trigger.py
[2023-11-05T18:40:43.411+0000] {processor.py:839} INFO - DAG(s) dict_keys(['latest_only_with_trigger']) retrieved from /home/airflow/.local/lib/python3.8/site-packages/airflow/example_dags/example_latest_only_with_trigger.py
[2023-11-05T18:40:43.441+0000] {logging_mixin.py:151} INFO - [2023-11-05T18:40:43.440+0000] {dag.py:2941} INFO - Sync 1 DAGs
[2023-11-05T18:40:43.466+0000] {logging_mixin.py:151} INFO - [2023-11-05T18:40:43.466+0000] {dag.py:3722} INFO - Setting next_dagrun for latest_only_with_trigger to 2023-11-05T14:40:43.465901+00:00, run_after=2023-11-05T18:40:43.465901+00:00
[2023-11-05T18:40:43.486+0000] {processor.py:179} INFO - Processing /home/airflow/.local/lib/python3.8/site-packages/airflow/example_dags/example_latest_only_with_trigger.py took 0.096 seconds
[2023-11-05T18:41:13.640+0000] {processor.py:157} INFO - Started process (PID=606) to work on /home/airflow/.local/lib/python3.8/site-packages/airflow/example_dags/example_latest_only_with_trigger.py
[2023-11-05T18:41:13.645+0000] {processor.py:829} INFO - Processing file /home/airflow/.local/lib/python3.8/site-packages/airflow/example_dags/example_latest_only_with_trigger.py for tasks to queue
[2023-11-05T18:41:13.648+0000] {logging_mixin.py:151} INFO - [2023-11-05T18:41:13.647+0000] {dagbag.py:536} INFO - Filling up the DagBag from /home/airflow/.local/lib/python3.8/site-packages/airflow/example_dags/example_latest_only_with_trigger.py
[2023-11-05T18:41:13.651+0000] {processor.py:839} INFO - DAG(s) dict_keys(['latest_only_with_trigger']) retrieved from /home/airflow/.local/lib/python3.8/site-packages/airflow/example_dags/example_latest_only_with_trigger.py
[2023-11-05T18:41:13.680+0000] {logging_mixin.py:151} INFO - [2023-11-05T18:41:13.680+0000] {dag.py:2941} INFO - Sync 1 DAGs
[2023-11-05T18:41:13.696+0000] {logging_mixin.py:151} INFO - [2023-11-05T18:41:13.696+0000] {dag.py:3722} INFO - Setting next_dagrun for latest_only_with_trigger to 2023-11-05T14:41:13.696180+00:00, run_after=2023-11-05T18:41:13.696180+00:00
[2023-11-05T18:41:13.717+0000] {processor.py:179} INFO - Processing /home/airflow/.local/lib/python3.8/site-packages/airflow/example_dags/example_latest_only_with_trigger.py took 0.079 seconds
[2023-11-05T18:41:44.023+0000] {processor.py:157} INFO - Started process (PID=659) to work on /home/airflow/.local/lib/python3.8/site-packages/airflow/example_dags/example_latest_only_with_trigger.py
[2023-11-05T18:41:44.026+0000] {processor.py:829} INFO - Processing file /home/airflow/.local/lib/python3.8/site-packages/airflow/example_dags/example_latest_only_with_trigger.py for tasks to queue
[2023-11-05T18:41:44.028+0000] {logging_mixin.py:151} INFO - [2023-11-05T18:41:44.028+0000] {dagbag.py:536} INFO - Filling up the DagBag from /home/airflow/.local/lib/python3.8/site-packages/airflow/example_dags/example_latest_only_with_trigger.py
[2023-11-05T18:41:44.032+0000] {processor.py:839} INFO - DAG(s) dict_keys(['latest_only_with_trigger']) retrieved from /home/airflow/.local/lib/python3.8/site-packages/airflow/example_dags/example_latest_only_with_trigger.py
[2023-11-05T18:41:44.054+0000] {logging_mixin.py:151} INFO - [2023-11-05T18:41:44.054+0000] {dag.py:2941} INFO - Sync 1 DAGs
[2023-11-05T18:41:44.067+0000] {logging_mixin.py:151} INFO - [2023-11-05T18:41:44.066+0000] {dag.py:3722} INFO - Setting next_dagrun for latest_only_with_trigger to 2023-11-05T14:41:44.066743+00:00, run_after=2023-11-05T18:41:44.066743+00:00
[2023-11-05T18:41:44.085+0000] {processor.py:179} INFO - Processing /home/airflow/.local/lib/python3.8/site-packages/airflow/example_dags/example_latest_only_with_trigger.py took 0.067 seconds
[2023-11-05T18:42:14.795+0000] {processor.py:157} INFO - Started process (PID=713) to work on /home/airflow/.local/lib/python3.8/site-packages/airflow/example_dags/example_latest_only_with_trigger.py
[2023-11-05T18:42:14.800+0000] {processor.py:829} INFO - Processing file /home/airflow/.local/lib/python3.8/site-packages/airflow/example_dags/example_latest_only_with_trigger.py for tasks to queue
[2023-11-05T18:42:14.805+0000] {logging_mixin.py:151} INFO - [2023-11-05T18:42:14.805+0000] {dagbag.py:536} INFO - Filling up the DagBag from /home/airflow/.local/lib/python3.8/site-packages/airflow/example_dags/example_latest_only_with_trigger.py
[2023-11-05T18:42:14.814+0000] {processor.py:839} INFO - DAG(s) dict_keys(['latest_only_with_trigger']) retrieved from /home/airflow/.local/lib/python3.8/site-packages/airflow/example_dags/example_latest_only_with_trigger.py
[2023-11-05T18:42:14.835+0000] {logging_mixin.py:151} INFO - [2023-11-05T18:42:14.835+0000] {dag.py:2941} INFO - Sync 1 DAGs
[2023-11-05T18:42:14.852+0000] {logging_mixin.py:151} INFO - [2023-11-05T18:42:14.852+0000] {dag.py:3722} INFO - Setting next_dagrun for latest_only_with_trigger to 2023-11-05T14:42:14.851878+00:00, run_after=2023-11-05T18:42:14.851878+00:00
[2023-11-05T18:42:14.872+0000] {processor.py:179} INFO - Processing /home/airflow/.local/lib/python3.8/site-packages/airflow/example_dags/example_latest_only_with_trigger.py took 0.082 seconds
[2023-11-05T18:42:45.700+0000] {processor.py:157} INFO - Started process (PID=767) to work on /home/airflow/.local/lib/python3.8/site-packages/airflow/example_dags/example_latest_only_with_trigger.py
[2023-11-05T18:42:45.701+0000] {processor.py:829} INFO - Processing file /home/airflow/.local/lib/python3.8/site-packages/airflow/example_dags/example_latest_only_with_trigger.py for tasks to queue
[2023-11-05T18:42:45.703+0000] {logging_mixin.py:151} INFO - [2023-11-05T18:42:45.703+0000] {dagbag.py:536} INFO - Filling up the DagBag from /home/airflow/.local/lib/python3.8/site-packages/airflow/example_dags/example_latest_only_with_trigger.py
[2023-11-05T18:42:45.706+0000] {processor.py:839} INFO - DAG(s) dict_keys(['latest_only_with_trigger']) retrieved from /home/airflow/.local/lib/python3.8/site-packages/airflow/example_dags/example_latest_only_with_trigger.py
[2023-11-05T18:42:45.727+0000] {logging_mixin.py:151} INFO - [2023-11-05T18:42:45.727+0000] {dag.py:2941} INFO - Sync 1 DAGs
[2023-11-05T18:42:45.740+0000] {logging_mixin.py:151} INFO - [2023-11-05T18:42:45.740+0000] {dag.py:3722} INFO - Setting next_dagrun for latest_only_with_trigger to 2023-11-05T14:42:45.740280+00:00, run_after=2023-11-05T18:42:45.740280+00:00
[2023-11-05T18:42:45.760+0000] {processor.py:179} INFO - Processing /home/airflow/.local/lib/python3.8/site-packages/airflow/example_dags/example_latest_only_with_trigger.py took 0.064 seconds
[2023-11-05T18:43:15.955+0000] {processor.py:157} INFO - Started process (PID=821) to work on /home/airflow/.local/lib/python3.8/site-packages/airflow/example_dags/example_latest_only_with_trigger.py
[2023-11-05T18:43:15.963+0000] {processor.py:829} INFO - Processing file /home/airflow/.local/lib/python3.8/site-packages/airflow/example_dags/example_latest_only_with_trigger.py for tasks to queue
[2023-11-05T18:43:15.977+0000] {logging_mixin.py:151} INFO - [2023-11-05T18:43:15.976+0000] {dagbag.py:536} INFO - Filling up the DagBag from /home/airflow/.local/lib/python3.8/site-packages/airflow/example_dags/example_latest_only_with_trigger.py
[2023-11-05T18:43:16.004+0000] {processor.py:839} INFO - DAG(s) dict_keys(['latest_only_with_trigger']) retrieved from /home/airflow/.local/lib/python3.8/site-packages/airflow/example_dags/example_latest_only_with_trigger.py
[2023-11-05T18:43:16.091+0000] {logging_mixin.py:151} INFO - [2023-11-05T18:43:16.091+0000] {dag.py:2941} INFO - Sync 1 DAGs
[2023-11-05T18:43:16.143+0000] {logging_mixin.py:151} INFO - [2023-11-05T18:43:16.143+0000] {dag.py:3722} INFO - Setting next_dagrun for latest_only_with_trigger to 2023-11-05T14:43:16.143009+00:00, run_after=2023-11-05T18:43:16.143009+00:00
[2023-11-05T18:43:16.201+0000] {processor.py:179} INFO - Processing /home/airflow/.local/lib/python3.8/site-packages/airflow/example_dags/example_latest_only_with_trigger.py took 0.255 seconds
[2023-11-05T18:43:46.524+0000] {processor.py:157} INFO - Started process (PID=875) to work on /home/airflow/.local/lib/python3.8/site-packages/airflow/example_dags/example_latest_only_with_trigger.py
[2023-11-05T18:43:46.530+0000] {processor.py:829} INFO - Processing file /home/airflow/.local/lib/python3.8/site-packages/airflow/example_dags/example_latest_only_with_trigger.py for tasks to queue
[2023-11-05T18:43:46.533+0000] {logging_mixin.py:151} INFO - [2023-11-05T18:43:46.533+0000] {dagbag.py:536} INFO - Filling up the DagBag from /home/airflow/.local/lib/python3.8/site-packages/airflow/example_dags/example_latest_only_with_trigger.py
[2023-11-05T18:43:46.549+0000] {processor.py:839} INFO - DAG(s) dict_keys(['latest_only_with_trigger']) retrieved from /home/airflow/.local/lib/python3.8/site-packages/airflow/example_dags/example_latest_only_with_trigger.py
[2023-11-05T18:43:46.637+0000] {logging_mixin.py:151} INFO - [2023-11-05T18:43:46.636+0000] {dag.py:2941} INFO - Sync 1 DAGs
[2023-11-05T18:43:46.701+0000] {logging_mixin.py:151} INFO - [2023-11-05T18:43:46.701+0000] {dag.py:3722} INFO - Setting next_dagrun for latest_only_with_trigger to 2023-11-05T14:43:46.701219+00:00, run_after=2023-11-05T18:43:46.701219+00:00
[2023-11-05T18:43:46.777+0000] {processor.py:179} INFO - Processing /home/airflow/.local/lib/python3.8/site-packages/airflow/example_dags/example_latest_only_with_trigger.py took 0.255 seconds
[2023-11-05T18:44:17.209+0000] {processor.py:157} INFO - Started process (PID=929) to work on /home/airflow/.local/lib/python3.8/site-packages/airflow/example_dags/example_latest_only_with_trigger.py
[2023-11-05T18:44:17.210+0000] {processor.py:829} INFO - Processing file /home/airflow/.local/lib/python3.8/site-packages/airflow/example_dags/example_latest_only_with_trigger.py for tasks to queue
[2023-11-05T18:44:17.217+0000] {logging_mixin.py:151} INFO - [2023-11-05T18:44:17.217+0000] {dagbag.py:536} INFO - Filling up the DagBag from /home/airflow/.local/lib/python3.8/site-packages/airflow/example_dags/example_latest_only_with_trigger.py
[2023-11-05T18:44:17.228+0000] {processor.py:839} INFO - DAG(s) dict_keys(['latest_only_with_trigger']) retrieved from /home/airflow/.local/lib/python3.8/site-packages/airflow/example_dags/example_latest_only_with_trigger.py
[2023-11-05T18:44:17.270+0000] {logging_mixin.py:151} INFO - [2023-11-05T18:44:17.270+0000] {dag.py:2941} INFO - Sync 1 DAGs
[2023-11-05T18:44:17.311+0000] {logging_mixin.py:151} INFO - [2023-11-05T18:44:17.311+0000] {dag.py:3722} INFO - Setting next_dagrun for latest_only_with_trigger to 2023-11-05T14:44:17.310884+00:00, run_after=2023-11-05T18:44:17.310884+00:00
[2023-11-05T18:44:17.390+0000] {processor.py:179} INFO - Processing /home/airflow/.local/lib/python3.8/site-packages/airflow/example_dags/example_latest_only_with_trigger.py took 0.189 seconds
[2023-11-05T18:44:48.230+0000] {processor.py:157} INFO - Started process (PID=982) to work on /home/airflow/.local/lib/python3.8/site-packages/airflow/example_dags/example_latest_only_with_trigger.py
[2023-11-05T18:44:48.233+0000] {processor.py:829} INFO - Processing file /home/airflow/.local/lib/python3.8/site-packages/airflow/example_dags/example_latest_only_with_trigger.py for tasks to queue
[2023-11-05T18:44:48.235+0000] {logging_mixin.py:151} INFO - [2023-11-05T18:44:48.235+0000] {dagbag.py:536} INFO - Filling up the DagBag from /home/airflow/.local/lib/python3.8/site-packages/airflow/example_dags/example_latest_only_with_trigger.py
[2023-11-05T18:44:48.240+0000] {processor.py:839} INFO - DAG(s) dict_keys(['latest_only_with_trigger']) retrieved from /home/airflow/.local/lib/python3.8/site-packages/airflow/example_dags/example_latest_only_with_trigger.py
[2023-11-05T18:44:48.267+0000] {logging_mixin.py:151} INFO - [2023-11-05T18:44:48.267+0000] {dag.py:2941} INFO - Sync 1 DAGs
[2023-11-05T18:44:48.284+0000] {logging_mixin.py:151} INFO - [2023-11-05T18:44:48.284+0000] {dag.py:3722} INFO - Setting next_dagrun for latest_only_with_trigger to 2023-11-05T14:44:48.284351+00:00, run_after=2023-11-05T18:44:48.284351+00:00
[2023-11-05T18:44:48.335+0000] {processor.py:179} INFO - Processing /home/airflow/.local/lib/python3.8/site-packages/airflow/example_dags/example_latest_only_with_trigger.py took 0.107 seconds
[2023-11-05T18:46:12.488+0000] {processor.py:157} INFO - Started process (PID=61) to work on /home/airflow/.local/lib/python3.8/site-packages/airflow/example_dags/example_latest_only_with_trigger.py
[2023-11-05T18:46:12.496+0000] {processor.py:829} INFO - Processing file /home/airflow/.local/lib/python3.8/site-packages/airflow/example_dags/example_latest_only_with_trigger.py for tasks to queue
[2023-11-05T18:46:12.506+0000] {logging_mixin.py:151} INFO - [2023-11-05T18:46:12.505+0000] {dagbag.py:536} INFO - Filling up the DagBag from /home/airflow/.local/lib/python3.8/site-packages/airflow/example_dags/example_latest_only_with_trigger.py
[2023-11-05T18:46:12.533+0000] {processor.py:839} INFO - DAG(s) dict_keys(['latest_only_with_trigger']) retrieved from /home/airflow/.local/lib/python3.8/site-packages/airflow/example_dags/example_latest_only_with_trigger.py
[2023-11-05T18:46:12.590+0000] {logging_mixin.py:151} INFO - [2023-11-05T18:46:12.586+0000] {dag.py:2941} INFO - Sync 1 DAGs
[2023-11-05T18:46:12.646+0000] {logging_mixin.py:151} INFO - [2023-11-05T18:46:12.646+0000] {dag.py:3722} INFO - Setting next_dagrun for latest_only_with_trigger to 2023-11-05T14:46:12.644158+00:00, run_after=2023-11-05T18:46:12.644158+00:00
[2023-11-05T18:46:12.690+0000] {processor.py:179} INFO - Processing /home/airflow/.local/lib/python3.8/site-packages/airflow/example_dags/example_latest_only_with_trigger.py took 0.218 seconds
[2023-11-05T18:46:42.782+0000] {processor.py:157} INFO - Started process (PID=115) to work on /home/airflow/.local/lib/python3.8/site-packages/airflow/example_dags/example_latest_only_with_trigger.py
[2023-11-05T18:46:42.787+0000] {processor.py:829} INFO - Processing file /home/airflow/.local/lib/python3.8/site-packages/airflow/example_dags/example_latest_only_with_trigger.py for tasks to queue
[2023-11-05T18:46:42.793+0000] {logging_mixin.py:151} INFO - [2023-11-05T18:46:42.793+0000] {dagbag.py:536} INFO - Filling up the DagBag from /home/airflow/.local/lib/python3.8/site-packages/airflow/example_dags/example_latest_only_with_trigger.py
[2023-11-05T18:46:42.807+0000] {processor.py:839} INFO - DAG(s) dict_keys(['latest_only_with_trigger']) retrieved from /home/airflow/.local/lib/python3.8/site-packages/airflow/example_dags/example_latest_only_with_trigger.py
[2023-11-05T18:46:42.857+0000] {logging_mixin.py:151} INFO - [2023-11-05T18:46:42.856+0000] {dag.py:2941} INFO - Sync 1 DAGs
[2023-11-05T18:46:42.901+0000] {logging_mixin.py:151} INFO - [2023-11-05T18:46:42.900+0000] {dag.py:3722} INFO - Setting next_dagrun for latest_only_with_trigger to 2023-11-05T14:46:42.900394+00:00, run_after=2023-11-05T18:46:42.900394+00:00
[2023-11-05T18:46:42.937+0000] {processor.py:179} INFO - Processing /home/airflow/.local/lib/python3.8/site-packages/airflow/example_dags/example_latest_only_with_trigger.py took 0.157 seconds
[2023-11-05T18:47:13.914+0000] {processor.py:157} INFO - Started process (PID=169) to work on /home/airflow/.local/lib/python3.8/site-packages/airflow/example_dags/example_latest_only_with_trigger.py
[2023-11-05T18:47:13.924+0000] {processor.py:829} INFO - Processing file /home/airflow/.local/lib/python3.8/site-packages/airflow/example_dags/example_latest_only_with_trigger.py for tasks to queue
[2023-11-05T18:47:13.940+0000] {logging_mixin.py:151} INFO - [2023-11-05T18:47:13.939+0000] {dagbag.py:536} INFO - Filling up the DagBag from /home/airflow/.local/lib/python3.8/site-packages/airflow/example_dags/example_latest_only_with_trigger.py
[2023-11-05T18:47:13.945+0000] {processor.py:839} INFO - DAG(s) dict_keys(['latest_only_with_trigger']) retrieved from /home/airflow/.local/lib/python3.8/site-packages/airflow/example_dags/example_latest_only_with_trigger.py
[2023-11-05T18:47:13.985+0000] {logging_mixin.py:151} INFO - [2023-11-05T18:47:13.985+0000] {dag.py:2941} INFO - Sync 1 DAGs
[2023-11-05T18:47:14.004+0000] {logging_mixin.py:151} INFO - [2023-11-05T18:47:14.004+0000] {dag.py:3722} INFO - Setting next_dagrun for latest_only_with_trigger to 2023-11-05T14:47:14.003948+00:00, run_after=2023-11-05T18:47:14.003948+00:00
[2023-11-05T18:47:14.073+0000] {processor.py:179} INFO - Processing /home/airflow/.local/lib/python3.8/site-packages/airflow/example_dags/example_latest_only_with_trigger.py took 0.161 seconds
[2023-11-05T18:47:44.402+0000] {processor.py:157} INFO - Started process (PID=223) to work on /home/airflow/.local/lib/python3.8/site-packages/airflow/example_dags/example_latest_only_with_trigger.py
[2023-11-05T18:47:44.404+0000] {processor.py:829} INFO - Processing file /home/airflow/.local/lib/python3.8/site-packages/airflow/example_dags/example_latest_only_with_trigger.py for tasks to queue
[2023-11-05T18:47:44.407+0000] {logging_mixin.py:151} INFO - [2023-11-05T18:47:44.406+0000] {dagbag.py:536} INFO - Filling up the DagBag from /home/airflow/.local/lib/python3.8/site-packages/airflow/example_dags/example_latest_only_with_trigger.py
[2023-11-05T18:47:44.418+0000] {processor.py:839} INFO - DAG(s) dict_keys(['latest_only_with_trigger']) retrieved from /home/airflow/.local/lib/python3.8/site-packages/airflow/example_dags/example_latest_only_with_trigger.py
[2023-11-05T18:47:44.473+0000] {logging_mixin.py:151} INFO - [2023-11-05T18:47:44.473+0000] {dag.py:2941} INFO - Sync 1 DAGs
[2023-11-05T18:47:44.498+0000] {logging_mixin.py:151} INFO - [2023-11-05T18:47:44.498+0000] {dag.py:3722} INFO - Setting next_dagrun for latest_only_with_trigger to 2023-11-05T14:47:44.498624+00:00, run_after=2023-11-05T18:47:44.498624+00:00
[2023-11-05T18:47:44.564+0000] {processor.py:179} INFO - Processing /home/airflow/.local/lib/python3.8/site-packages/airflow/example_dags/example_latest_only_with_trigger.py took 0.168 seconds
[2023-11-05T18:48:15.205+0000] {processor.py:157} INFO - Started process (PID=277) to work on /home/airflow/.local/lib/python3.8/site-packages/airflow/example_dags/example_latest_only_with_trigger.py
[2023-11-05T18:48:15.212+0000] {processor.py:829} INFO - Processing file /home/airflow/.local/lib/python3.8/site-packages/airflow/example_dags/example_latest_only_with_trigger.py for tasks to queue
[2023-11-05T18:48:15.217+0000] {logging_mixin.py:151} INFO - [2023-11-05T18:48:15.216+0000] {dagbag.py:536} INFO - Filling up the DagBag from /home/airflow/.local/lib/python3.8/site-packages/airflow/example_dags/example_latest_only_with_trigger.py
[2023-11-05T18:48:15.221+0000] {processor.py:839} INFO - DAG(s) dict_keys(['latest_only_with_trigger']) retrieved from /home/airflow/.local/lib/python3.8/site-packages/airflow/example_dags/example_latest_only_with_trigger.py
[2023-11-05T18:48:15.256+0000] {logging_mixin.py:151} INFO - [2023-11-05T18:48:15.256+0000] {dag.py:2941} INFO - Sync 1 DAGs
[2023-11-05T18:48:15.298+0000] {logging_mixin.py:151} INFO - [2023-11-05T18:48:15.298+0000] {dag.py:3722} INFO - Setting next_dagrun for latest_only_with_trigger to 2023-11-05T14:48:15.297948+00:00, run_after=2023-11-05T18:48:15.297948+00:00
[2023-11-05T18:48:15.340+0000] {processor.py:179} INFO - Processing /home/airflow/.local/lib/python3.8/site-packages/airflow/example_dags/example_latest_only_with_trigger.py took 0.140 seconds
[2023-11-05T18:48:45.753+0000] {processor.py:157} INFO - Started process (PID=331) to work on /home/airflow/.local/lib/python3.8/site-packages/airflow/example_dags/example_latest_only_with_trigger.py
[2023-11-05T18:48:45.759+0000] {processor.py:829} INFO - Processing file /home/airflow/.local/lib/python3.8/site-packages/airflow/example_dags/example_latest_only_with_trigger.py for tasks to queue
[2023-11-05T18:48:45.764+0000] {logging_mixin.py:151} INFO - [2023-11-05T18:48:45.763+0000] {dagbag.py:536} INFO - Filling up the DagBag from /home/airflow/.local/lib/python3.8/site-packages/airflow/example_dags/example_latest_only_with_trigger.py
[2023-11-05T18:48:45.768+0000] {processor.py:839} INFO - DAG(s) dict_keys(['latest_only_with_trigger']) retrieved from /home/airflow/.local/lib/python3.8/site-packages/airflow/example_dags/example_latest_only_with_trigger.py
[2023-11-05T18:48:45.784+0000] {logging_mixin.py:151} INFO - [2023-11-05T18:48:45.784+0000] {dag.py:2941} INFO - Sync 1 DAGs
[2023-11-05T18:48:45.804+0000] {logging_mixin.py:151} INFO - [2023-11-05T18:48:45.802+0000] {dag.py:3722} INFO - Setting next_dagrun for latest_only_with_trigger to 2023-11-05T14:48:45.802480+00:00, run_after=2023-11-05T18:48:45.802480+00:00
[2023-11-05T18:48:45.828+0000] {processor.py:179} INFO - Processing /home/airflow/.local/lib/python3.8/site-packages/airflow/example_dags/example_latest_only_with_trigger.py took 0.077 seconds
[2023-11-05T18:53:31.876+0000] {processor.py:157} INFO - Started process (PID=385) to work on /home/airflow/.local/lib/python3.8/site-packages/airflow/example_dags/example_latest_only_with_trigger.py
[2023-11-05T18:53:31.878+0000] {processor.py:829} INFO - Processing file /home/airflow/.local/lib/python3.8/site-packages/airflow/example_dags/example_latest_only_with_trigger.py for tasks to queue
[2023-11-05T18:53:31.880+0000] {logging_mixin.py:151} INFO - [2023-11-05T18:53:31.880+0000] {dagbag.py:536} INFO - Filling up the DagBag from /home/airflow/.local/lib/python3.8/site-packages/airflow/example_dags/example_latest_only_with_trigger.py
[2023-11-05T18:53:31.885+0000] {processor.py:839} INFO - DAG(s) dict_keys(['latest_only_with_trigger']) retrieved from /home/airflow/.local/lib/python3.8/site-packages/airflow/example_dags/example_latest_only_with_trigger.py
[2023-11-05T18:53:31.907+0000] {logging_mixin.py:151} INFO - [2023-11-05T18:53:31.907+0000] {dag.py:2941} INFO - Sync 1 DAGs
[2023-11-05T18:53:31.928+0000] {logging_mixin.py:151} INFO - [2023-11-05T18:53:31.928+0000] {dag.py:3722} INFO - Setting next_dagrun for latest_only_with_trigger to 2023-11-05T14:53:31.928003+00:00, run_after=2023-11-05T18:53:31.928003+00:00
[2023-11-05T18:53:31.949+0000] {processor.py:179} INFO - Processing /home/airflow/.local/lib/python3.8/site-packages/airflow/example_dags/example_latest_only_with_trigger.py took 0.075 seconds
[2023-11-05T18:54:04.991+0000] {processor.py:157} INFO - Started process (PID=439) to work on /home/airflow/.local/lib/python3.8/site-packages/airflow/example_dags/example_latest_only_with_trigger.py
[2023-11-05T18:54:05.007+0000] {processor.py:829} INFO - Processing file /home/airflow/.local/lib/python3.8/site-packages/airflow/example_dags/example_latest_only_with_trigger.py for tasks to queue
[2023-11-05T18:54:05.028+0000] {logging_mixin.py:151} INFO - [2023-11-05T18:54:05.028+0000] {dagbag.py:536} INFO - Filling up the DagBag from /home/airflow/.local/lib/python3.8/site-packages/airflow/example_dags/example_latest_only_with_trigger.py
[2023-11-05T18:54:05.038+0000] {processor.py:839} INFO - DAG(s) dict_keys(['latest_only_with_trigger']) retrieved from /home/airflow/.local/lib/python3.8/site-packages/airflow/example_dags/example_latest_only_with_trigger.py
[2023-11-05T18:54:05.086+0000] {logging_mixin.py:151} INFO - [2023-11-05T18:54:05.085+0000] {dag.py:2941} INFO - Sync 1 DAGs
[2023-11-05T18:54:05.169+0000] {logging_mixin.py:151} INFO - [2023-11-05T18:54:05.168+0000] {dag.py:3722} INFO - Setting next_dagrun for latest_only_with_trigger to 2023-11-05T14:54:05.168712+00:00, run_after=2023-11-05T18:54:05.168712+00:00
[2023-11-05T18:54:05.312+0000] {processor.py:179} INFO - Processing /home/airflow/.local/lib/python3.8/site-packages/airflow/example_dags/example_latest_only_with_trigger.py took 0.336 seconds
[2023-11-05T18:54:35.889+0000] {processor.py:157} INFO - Started process (PID=493) to work on /home/airflow/.local/lib/python3.8/site-packages/airflow/example_dags/example_latest_only_with_trigger.py
[2023-11-05T18:54:35.890+0000] {processor.py:829} INFO - Processing file /home/airflow/.local/lib/python3.8/site-packages/airflow/example_dags/example_latest_only_with_trigger.py for tasks to queue
[2023-11-05T18:54:35.892+0000] {logging_mixin.py:151} INFO - [2023-11-05T18:54:35.892+0000] {dagbag.py:536} INFO - Filling up the DagBag from /home/airflow/.local/lib/python3.8/site-packages/airflow/example_dags/example_latest_only_with_trigger.py
[2023-11-05T18:54:35.896+0000] {processor.py:839} INFO - DAG(s) dict_keys(['latest_only_with_trigger']) retrieved from /home/airflow/.local/lib/python3.8/site-packages/airflow/example_dags/example_latest_only_with_trigger.py
[2023-11-05T18:54:35.911+0000] {logging_mixin.py:151} INFO - [2023-11-05T18:54:35.910+0000] {dag.py:2941} INFO - Sync 1 DAGs
[2023-11-05T18:54:35.928+0000] {logging_mixin.py:151} INFO - [2023-11-05T18:54:35.928+0000] {dag.py:3722} INFO - Setting next_dagrun for latest_only_with_trigger to 2023-11-05T14:54:35.927881+00:00, run_after=2023-11-05T18:54:35.927881+00:00
[2023-11-05T18:54:35.942+0000] {processor.py:179} INFO - Processing /home/airflow/.local/lib/python3.8/site-packages/airflow/example_dags/example_latest_only_with_trigger.py took 0.055 seconds
