[2023-11-05T18:36:08.434+0000] {processor.py:157} INFO - Started process (PID=69) to work on /home/airflow/.local/lib/python3.8/site-packages/airflow/example_dags/example_task_group.py
[2023-11-05T18:36:08.463+0000] {processor.py:829} INFO - Processing file /home/airflow/.local/lib/python3.8/site-packages/airflow/example_dags/example_task_group.py for tasks to queue
[2023-11-05T18:36:08.498+0000] {logging_mixin.py:151} INFO - [2023-11-05T18:36:08.497+0000] {dagbag.py:536} INFO - Filling up the DagBag from /home/airflow/.local/lib/python3.8/site-packages/airflow/example_dags/example_task_group.py
[2023-11-05T18:36:08.519+0000] {processor.py:839} INFO - DAG(s) dict_keys(['example_task_group']) retrieved from /home/airflow/.local/lib/python3.8/site-packages/airflow/example_dags/example_task_group.py
[2023-11-05T18:36:08.609+0000] {logging_mixin.py:151} INFO - [2023-11-05T18:36:08.608+0000] {dag.py:2941} INFO - Sync 1 DAGs
[2023-11-05T18:36:08.722+0000] {logging_mixin.py:151} INFO - [2023-11-05T18:36:08.722+0000] {dag.py:3722} INFO - Setting next_dagrun for example_task_group to 2023-11-04T18:36:08.722496+00:00, run_after=2023-11-05T18:36:08.722496+00:00
[2023-11-05T18:36:08.828+0000] {processor.py:179} INFO - Processing /home/airflow/.local/lib/python3.8/site-packages/airflow/example_dags/example_task_group.py took 0.396 seconds
[2023-11-05T18:36:39.175+0000] {processor.py:157} INFO - Started process (PID=123) to work on /home/airflow/.local/lib/python3.8/site-packages/airflow/example_dags/example_task_group.py
[2023-11-05T18:36:39.178+0000] {processor.py:829} INFO - Processing file /home/airflow/.local/lib/python3.8/site-packages/airflow/example_dags/example_task_group.py for tasks to queue
[2023-11-05T18:36:39.200+0000] {logging_mixin.py:151} INFO - [2023-11-05T18:36:39.200+0000] {dagbag.py:536} INFO - Filling up the DagBag from /home/airflow/.local/lib/python3.8/site-packages/airflow/example_dags/example_task_group.py
[2023-11-05T18:36:39.217+0000] {processor.py:839} INFO - DAG(s) dict_keys(['example_task_group']) retrieved from /home/airflow/.local/lib/python3.8/site-packages/airflow/example_dags/example_task_group.py
[2023-11-05T18:36:39.275+0000] {logging_mixin.py:151} INFO - [2023-11-05T18:36:39.275+0000] {dag.py:2941} INFO - Sync 1 DAGs
[2023-11-05T18:36:39.305+0000] {logging_mixin.py:151} INFO - [2023-11-05T18:36:39.304+0000] {dag.py:3722} INFO - Setting next_dagrun for example_task_group to 2023-11-04T18:36:39.304716+00:00, run_after=2023-11-05T18:36:39.304716+00:00
[2023-11-05T18:36:39.416+0000] {processor.py:179} INFO - Processing /home/airflow/.local/lib/python3.8/site-packages/airflow/example_dags/example_task_group.py took 0.246 seconds
[2023-11-05T18:37:10.010+0000] {processor.py:157} INFO - Started process (PID=183) to work on /home/airflow/.local/lib/python3.8/site-packages/airflow/example_dags/example_task_group.py
[2023-11-05T18:37:10.018+0000] {processor.py:829} INFO - Processing file /home/airflow/.local/lib/python3.8/site-packages/airflow/example_dags/example_task_group.py for tasks to queue
[2023-11-05T18:37:10.021+0000] {logging_mixin.py:151} INFO - [2023-11-05T18:37:10.020+0000] {dagbag.py:536} INFO - Filling up the DagBag from /home/airflow/.local/lib/python3.8/site-packages/airflow/example_dags/example_task_group.py
[2023-11-05T18:37:10.026+0000] {processor.py:839} INFO - DAG(s) dict_keys(['example_task_group']) retrieved from /home/airflow/.local/lib/python3.8/site-packages/airflow/example_dags/example_task_group.py
[2023-11-05T18:37:10.076+0000] {logging_mixin.py:151} INFO - [2023-11-05T18:37:10.076+0000] {dag.py:2941} INFO - Sync 1 DAGs
[2023-11-05T18:37:10.123+0000] {logging_mixin.py:151} INFO - [2023-11-05T18:37:10.122+0000] {dag.py:3722} INFO - Setting next_dagrun for example_task_group to 2023-11-04T18:37:10.121405+00:00, run_after=2023-11-05T18:37:10.121405+00:00
[2023-11-05T18:37:10.203+0000] {processor.py:179} INFO - Processing /home/airflow/.local/lib/python3.8/site-packages/airflow/example_dags/example_task_group.py took 0.196 seconds
[2023-11-05T18:37:41.095+0000] {processor.py:157} INFO - Started process (PID=237) to work on /home/airflow/.local/lib/python3.8/site-packages/airflow/example_dags/example_task_group.py
[2023-11-05T18:37:41.097+0000] {processor.py:829} INFO - Processing file /home/airflow/.local/lib/python3.8/site-packages/airflow/example_dags/example_task_group.py for tasks to queue
[2023-11-05T18:37:41.102+0000] {logging_mixin.py:151} INFO - [2023-11-05T18:37:41.102+0000] {dagbag.py:536} INFO - Filling up the DagBag from /home/airflow/.local/lib/python3.8/site-packages/airflow/example_dags/example_task_group.py
[2023-11-05T18:37:41.109+0000] {processor.py:839} INFO - DAG(s) dict_keys(['example_task_group']) retrieved from /home/airflow/.local/lib/python3.8/site-packages/airflow/example_dags/example_task_group.py
[2023-11-05T18:37:41.144+0000] {logging_mixin.py:151} INFO - [2023-11-05T18:37:41.143+0000] {dag.py:2941} INFO - Sync 1 DAGs
[2023-11-05T18:37:41.172+0000] {logging_mixin.py:151} INFO - [2023-11-05T18:37:41.172+0000] {dag.py:3722} INFO - Setting next_dagrun for example_task_group to 2023-11-04T18:37:41.172083+00:00, run_after=2023-11-05T18:37:41.172083+00:00
[2023-11-05T18:37:41.248+0000] {processor.py:179} INFO - Processing /home/airflow/.local/lib/python3.8/site-packages/airflow/example_dags/example_task_group.py took 0.157 seconds
[2023-11-05T18:38:11.433+0000] {processor.py:157} INFO - Started process (PID=290) to work on /home/airflow/.local/lib/python3.8/site-packages/airflow/example_dags/example_task_group.py
[2023-11-05T18:38:11.449+0000] {processor.py:829} INFO - Processing file /home/airflow/.local/lib/python3.8/site-packages/airflow/example_dags/example_task_group.py for tasks to queue
[2023-11-05T18:38:11.459+0000] {logging_mixin.py:151} INFO - [2023-11-05T18:38:11.459+0000] {dagbag.py:536} INFO - Filling up the DagBag from /home/airflow/.local/lib/python3.8/site-packages/airflow/example_dags/example_task_group.py
[2023-11-05T18:38:11.469+0000] {processor.py:839} INFO - DAG(s) dict_keys(['example_task_group']) retrieved from /home/airflow/.local/lib/python3.8/site-packages/airflow/example_dags/example_task_group.py
[2023-11-05T18:38:11.520+0000] {logging_mixin.py:151} INFO - [2023-11-05T18:38:11.519+0000] {dag.py:2941} INFO - Sync 1 DAGs
[2023-11-05T18:38:11.544+0000] {logging_mixin.py:151} INFO - [2023-11-05T18:38:11.544+0000] {dag.py:3722} INFO - Setting next_dagrun for example_task_group to 2023-11-04T18:38:11.543783+00:00, run_after=2023-11-05T18:38:11.543783+00:00
[2023-11-05T18:38:11.565+0000] {processor.py:179} INFO - Processing /home/airflow/.local/lib/python3.8/site-packages/airflow/example_dags/example_task_group.py took 0.134 seconds
[2023-11-05T18:38:42.392+0000] {processor.py:157} INFO - Started process (PID=344) to work on /home/airflow/.local/lib/python3.8/site-packages/airflow/example_dags/example_task_group.py
[2023-11-05T18:38:42.394+0000] {processor.py:829} INFO - Processing file /home/airflow/.local/lib/python3.8/site-packages/airflow/example_dags/example_task_group.py for tasks to queue
[2023-11-05T18:38:42.398+0000] {logging_mixin.py:151} INFO - [2023-11-05T18:38:42.398+0000] {dagbag.py:536} INFO - Filling up the DagBag from /home/airflow/.local/lib/python3.8/site-packages/airflow/example_dags/example_task_group.py
[2023-11-05T18:38:42.407+0000] {processor.py:839} INFO - DAG(s) dict_keys(['example_task_group']) retrieved from /home/airflow/.local/lib/python3.8/site-packages/airflow/example_dags/example_task_group.py
[2023-11-05T18:38:42.442+0000] {logging_mixin.py:151} INFO - [2023-11-05T18:38:42.441+0000] {dag.py:2941} INFO - Sync 1 DAGs
[2023-11-05T18:38:42.482+0000] {logging_mixin.py:151} INFO - [2023-11-05T18:38:42.481+0000] {dag.py:3722} INFO - Setting next_dagrun for example_task_group to 2023-11-04T18:38:42.481175+00:00, run_after=2023-11-05T18:38:42.481175+00:00
[2023-11-05T18:38:42.569+0000] {processor.py:179} INFO - Processing /home/airflow/.local/lib/python3.8/site-packages/airflow/example_dags/example_task_group.py took 0.183 seconds
[2023-11-05T18:39:12.728+0000] {processor.py:157} INFO - Started process (PID=398) to work on /home/airflow/.local/lib/python3.8/site-packages/airflow/example_dags/example_task_group.py
[2023-11-05T18:39:12.740+0000] {processor.py:829} INFO - Processing file /home/airflow/.local/lib/python3.8/site-packages/airflow/example_dags/example_task_group.py for tasks to queue
[2023-11-05T18:39:12.752+0000] {logging_mixin.py:151} INFO - [2023-11-05T18:39:12.752+0000] {dagbag.py:536} INFO - Filling up the DagBag from /home/airflow/.local/lib/python3.8/site-packages/airflow/example_dags/example_task_group.py
[2023-11-05T18:39:12.767+0000] {processor.py:839} INFO - DAG(s) dict_keys(['example_task_group']) retrieved from /home/airflow/.local/lib/python3.8/site-packages/airflow/example_dags/example_task_group.py
[2023-11-05T18:39:12.841+0000] {logging_mixin.py:151} INFO - [2023-11-05T18:39:12.841+0000] {dag.py:2941} INFO - Sync 1 DAGs
[2023-11-05T18:39:12.869+0000] {logging_mixin.py:151} INFO - [2023-11-05T18:39:12.869+0000] {dag.py:3722} INFO - Setting next_dagrun for example_task_group to 2023-11-04T18:39:12.868901+00:00, run_after=2023-11-05T18:39:12.868901+00:00
[2023-11-05T18:39:12.934+0000] {processor.py:179} INFO - Processing /home/airflow/.local/lib/python3.8/site-packages/airflow/example_dags/example_task_group.py took 0.213 seconds
[2023-11-05T18:39:43.572+0000] {processor.py:157} INFO - Started process (PID=452) to work on /home/airflow/.local/lib/python3.8/site-packages/airflow/example_dags/example_task_group.py
[2023-11-05T18:39:43.578+0000] {processor.py:829} INFO - Processing file /home/airflow/.local/lib/python3.8/site-packages/airflow/example_dags/example_task_group.py for tasks to queue
[2023-11-05T18:39:43.590+0000] {logging_mixin.py:151} INFO - [2023-11-05T18:39:43.589+0000] {dagbag.py:536} INFO - Filling up the DagBag from /home/airflow/.local/lib/python3.8/site-packages/airflow/example_dags/example_task_group.py
[2023-11-05T18:39:43.604+0000] {processor.py:839} INFO - DAG(s) dict_keys(['example_task_group']) retrieved from /home/airflow/.local/lib/python3.8/site-packages/airflow/example_dags/example_task_group.py
[2023-11-05T18:39:43.665+0000] {logging_mixin.py:151} INFO - [2023-11-05T18:39:43.665+0000] {dag.py:2941} INFO - Sync 1 DAGs
[2023-11-05T18:39:43.693+0000] {logging_mixin.py:151} INFO - [2023-11-05T18:39:43.693+0000] {dag.py:3722} INFO - Setting next_dagrun for example_task_group to 2023-11-04T18:39:43.693594+00:00, run_after=2023-11-05T18:39:43.693594+00:00
[2023-11-05T18:39:43.753+0000] {processor.py:179} INFO - Processing /home/airflow/.local/lib/python3.8/site-packages/airflow/example_dags/example_task_group.py took 0.184 seconds
[2023-11-05T18:40:13.980+0000] {processor.py:157} INFO - Started process (PID=506) to work on /home/airflow/.local/lib/python3.8/site-packages/airflow/example_dags/example_task_group.py
[2023-11-05T18:40:13.988+0000] {processor.py:829} INFO - Processing file /home/airflow/.local/lib/python3.8/site-packages/airflow/example_dags/example_task_group.py for tasks to queue
[2023-11-05T18:40:13.996+0000] {logging_mixin.py:151} INFO - [2023-11-05T18:40:13.996+0000] {dagbag.py:536} INFO - Filling up the DagBag from /home/airflow/.local/lib/python3.8/site-packages/airflow/example_dags/example_task_group.py
[2023-11-05T18:40:14.016+0000] {processor.py:839} INFO - DAG(s) dict_keys(['example_task_group']) retrieved from /home/airflow/.local/lib/python3.8/site-packages/airflow/example_dags/example_task_group.py
[2023-11-05T18:40:14.088+0000] {logging_mixin.py:151} INFO - [2023-11-05T18:40:14.088+0000] {dag.py:2941} INFO - Sync 1 DAGs
[2023-11-05T18:40:14.128+0000] {logging_mixin.py:151} INFO - [2023-11-05T18:40:14.128+0000] {dag.py:3722} INFO - Setting next_dagrun for example_task_group to 2023-11-04T18:40:14.128425+00:00, run_after=2023-11-05T18:40:14.128425+00:00
[2023-11-05T18:40:14.201+0000] {processor.py:179} INFO - Processing /home/airflow/.local/lib/python3.8/site-packages/airflow/example_dags/example_task_group.py took 0.224 seconds
[2023-11-05T18:40:44.842+0000] {processor.py:157} INFO - Started process (PID=560) to work on /home/airflow/.local/lib/python3.8/site-packages/airflow/example_dags/example_task_group.py
[2023-11-05T18:40:44.848+0000] {processor.py:829} INFO - Processing file /home/airflow/.local/lib/python3.8/site-packages/airflow/example_dags/example_task_group.py for tasks to queue
[2023-11-05T18:40:44.855+0000] {logging_mixin.py:151} INFO - [2023-11-05T18:40:44.854+0000] {dagbag.py:536} INFO - Filling up the DagBag from /home/airflow/.local/lib/python3.8/site-packages/airflow/example_dags/example_task_group.py
[2023-11-05T18:40:44.870+0000] {processor.py:839} INFO - DAG(s) dict_keys(['example_task_group']) retrieved from /home/airflow/.local/lib/python3.8/site-packages/airflow/example_dags/example_task_group.py
[2023-11-05T18:40:44.937+0000] {logging_mixin.py:151} INFO - [2023-11-05T18:40:44.936+0000] {dag.py:2941} INFO - Sync 1 DAGs
[2023-11-05T18:40:44.980+0000] {logging_mixin.py:151} INFO - [2023-11-05T18:40:44.979+0000] {dag.py:3722} INFO - Setting next_dagrun for example_task_group to 2023-11-04T18:40:44.979665+00:00, run_after=2023-11-05T18:40:44.979665+00:00
[2023-11-05T18:40:45.008+0000] {processor.py:179} INFO - Processing /home/airflow/.local/lib/python3.8/site-packages/airflow/example_dags/example_task_group.py took 0.168 seconds
[2023-11-05T18:41:15.063+0000] {processor.py:157} INFO - Started process (PID=614) to work on /home/airflow/.local/lib/python3.8/site-packages/airflow/example_dags/example_task_group.py
[2023-11-05T18:41:15.066+0000] {processor.py:829} INFO - Processing file /home/airflow/.local/lib/python3.8/site-packages/airflow/example_dags/example_task_group.py for tasks to queue
[2023-11-05T18:41:15.074+0000] {logging_mixin.py:151} INFO - [2023-11-05T18:41:15.073+0000] {dagbag.py:536} INFO - Filling up the DagBag from /home/airflow/.local/lib/python3.8/site-packages/airflow/example_dags/example_task_group.py
[2023-11-05T18:41:15.087+0000] {processor.py:839} INFO - DAG(s) dict_keys(['example_task_group']) retrieved from /home/airflow/.local/lib/python3.8/site-packages/airflow/example_dags/example_task_group.py
[2023-11-05T18:41:15.157+0000] {logging_mixin.py:151} INFO - [2023-11-05T18:41:15.157+0000] {dag.py:2941} INFO - Sync 1 DAGs
[2023-11-05T18:41:15.189+0000] {logging_mixin.py:151} INFO - [2023-11-05T18:41:15.189+0000] {dag.py:3722} INFO - Setting next_dagrun for example_task_group to 2023-11-04T18:41:15.189082+00:00, run_after=2023-11-05T18:41:15.189082+00:00
[2023-11-05T18:41:15.230+0000] {processor.py:179} INFO - Processing /home/airflow/.local/lib/python3.8/site-packages/airflow/example_dags/example_task_group.py took 0.173 seconds
[2023-11-05T18:41:45.538+0000] {processor.py:157} INFO - Started process (PID=667) to work on /home/airflow/.local/lib/python3.8/site-packages/airflow/example_dags/example_task_group.py
[2023-11-05T18:41:45.542+0000] {processor.py:829} INFO - Processing file /home/airflow/.local/lib/python3.8/site-packages/airflow/example_dags/example_task_group.py for tasks to queue
[2023-11-05T18:41:45.549+0000] {logging_mixin.py:151} INFO - [2023-11-05T18:41:45.548+0000] {dagbag.py:536} INFO - Filling up the DagBag from /home/airflow/.local/lib/python3.8/site-packages/airflow/example_dags/example_task_group.py
[2023-11-05T18:41:45.557+0000] {processor.py:839} INFO - DAG(s) dict_keys(['example_task_group']) retrieved from /home/airflow/.local/lib/python3.8/site-packages/airflow/example_dags/example_task_group.py
[2023-11-05T18:41:45.584+0000] {logging_mixin.py:151} INFO - [2023-11-05T18:41:45.584+0000] {dag.py:2941} INFO - Sync 1 DAGs
[2023-11-05T18:41:45.617+0000] {logging_mixin.py:151} INFO - [2023-11-05T18:41:45.616+0000] {dag.py:3722} INFO - Setting next_dagrun for example_task_group to 2023-11-04T18:41:45.615763+00:00, run_after=2023-11-05T18:41:45.615763+00:00
[2023-11-05T18:41:45.657+0000] {processor.py:179} INFO - Processing /home/airflow/.local/lib/python3.8/site-packages/airflow/example_dags/example_task_group.py took 0.125 seconds
[2023-11-05T18:42:16.213+0000] {processor.py:157} INFO - Started process (PID=721) to work on /home/airflow/.local/lib/python3.8/site-packages/airflow/example_dags/example_task_group.py
[2023-11-05T18:42:16.218+0000] {processor.py:829} INFO - Processing file /home/airflow/.local/lib/python3.8/site-packages/airflow/example_dags/example_task_group.py for tasks to queue
[2023-11-05T18:42:16.222+0000] {logging_mixin.py:151} INFO - [2023-11-05T18:42:16.221+0000] {dagbag.py:536} INFO - Filling up the DagBag from /home/airflow/.local/lib/python3.8/site-packages/airflow/example_dags/example_task_group.py
[2023-11-05T18:42:16.235+0000] {processor.py:839} INFO - DAG(s) dict_keys(['example_task_group']) retrieved from /home/airflow/.local/lib/python3.8/site-packages/airflow/example_dags/example_task_group.py
[2023-11-05T18:42:16.326+0000] {logging_mixin.py:151} INFO - [2023-11-05T18:42:16.326+0000] {dag.py:2941} INFO - Sync 1 DAGs
[2023-11-05T18:42:16.365+0000] {logging_mixin.py:151} INFO - [2023-11-05T18:42:16.365+0000] {dag.py:3722} INFO - Setting next_dagrun for example_task_group to 2023-11-04T18:42:16.365500+00:00, run_after=2023-11-05T18:42:16.365500+00:00
[2023-11-05T18:42:16.442+0000] {processor.py:179} INFO - Processing /home/airflow/.local/lib/python3.8/site-packages/airflow/example_dags/example_task_group.py took 0.233 seconds
[2023-11-05T18:42:47.238+0000] {processor.py:157} INFO - Started process (PID=775) to work on /home/airflow/.local/lib/python3.8/site-packages/airflow/example_dags/example_task_group.py
[2023-11-05T18:42:47.243+0000] {processor.py:829} INFO - Processing file /home/airflow/.local/lib/python3.8/site-packages/airflow/example_dags/example_task_group.py for tasks to queue
[2023-11-05T18:42:47.250+0000] {logging_mixin.py:151} INFO - [2023-11-05T18:42:47.249+0000] {dagbag.py:536} INFO - Filling up the DagBag from /home/airflow/.local/lib/python3.8/site-packages/airflow/example_dags/example_task_group.py
[2023-11-05T18:42:47.267+0000] {processor.py:839} INFO - DAG(s) dict_keys(['example_task_group']) retrieved from /home/airflow/.local/lib/python3.8/site-packages/airflow/example_dags/example_task_group.py
[2023-11-05T18:42:47.312+0000] {logging_mixin.py:151} INFO - [2023-11-05T18:42:47.312+0000] {dag.py:2941} INFO - Sync 1 DAGs
[2023-11-05T18:42:47.340+0000] {logging_mixin.py:151} INFO - [2023-11-05T18:42:47.340+0000] {dag.py:3722} INFO - Setting next_dagrun for example_task_group to 2023-11-04T18:42:47.340008+00:00, run_after=2023-11-05T18:42:47.340008+00:00
[2023-11-05T18:42:47.375+0000] {processor.py:179} INFO - Processing /home/airflow/.local/lib/python3.8/site-packages/airflow/example_dags/example_task_group.py took 0.143 seconds
[2023-11-05T18:43:17.733+0000] {processor.py:157} INFO - Started process (PID=829) to work on /home/airflow/.local/lib/python3.8/site-packages/airflow/example_dags/example_task_group.py
[2023-11-05T18:43:17.739+0000] {processor.py:829} INFO - Processing file /home/airflow/.local/lib/python3.8/site-packages/airflow/example_dags/example_task_group.py for tasks to queue
[2023-11-05T18:43:17.747+0000] {logging_mixin.py:151} INFO - [2023-11-05T18:43:17.747+0000] {dagbag.py:536} INFO - Filling up the DagBag from /home/airflow/.local/lib/python3.8/site-packages/airflow/example_dags/example_task_group.py
[2023-11-05T18:43:17.756+0000] {processor.py:839} INFO - DAG(s) dict_keys(['example_task_group']) retrieved from /home/airflow/.local/lib/python3.8/site-packages/airflow/example_dags/example_task_group.py
[2023-11-05T18:43:17.794+0000] {logging_mixin.py:151} INFO - [2023-11-05T18:43:17.793+0000] {dag.py:2941} INFO - Sync 1 DAGs
[2023-11-05T18:43:17.819+0000] {logging_mixin.py:151} INFO - [2023-11-05T18:43:17.819+0000] {dag.py:3722} INFO - Setting next_dagrun for example_task_group to 2023-11-04T18:43:17.819313+00:00, run_after=2023-11-05T18:43:17.819313+00:00
[2023-11-05T18:43:17.883+0000] {processor.py:179} INFO - Processing /home/airflow/.local/lib/python3.8/site-packages/airflow/example_dags/example_task_group.py took 0.158 seconds
[2023-11-05T18:43:48.600+0000] {processor.py:157} INFO - Started process (PID=883) to work on /home/airflow/.local/lib/python3.8/site-packages/airflow/example_dags/example_task_group.py
[2023-11-05T18:43:48.609+0000] {processor.py:829} INFO - Processing file /home/airflow/.local/lib/python3.8/site-packages/airflow/example_dags/example_task_group.py for tasks to queue
[2023-11-05T18:43:48.613+0000] {logging_mixin.py:151} INFO - [2023-11-05T18:43:48.612+0000] {dagbag.py:536} INFO - Filling up the DagBag from /home/airflow/.local/lib/python3.8/site-packages/airflow/example_dags/example_task_group.py
[2023-11-05T18:43:48.625+0000] {processor.py:839} INFO - DAG(s) dict_keys(['example_task_group']) retrieved from /home/airflow/.local/lib/python3.8/site-packages/airflow/example_dags/example_task_group.py
[2023-11-05T18:43:48.697+0000] {logging_mixin.py:151} INFO - [2023-11-05T18:43:48.697+0000] {dag.py:2941} INFO - Sync 1 DAGs
[2023-11-05T18:43:48.752+0000] {logging_mixin.py:151} INFO - [2023-11-05T18:43:48.751+0000] {dag.py:3722} INFO - Setting next_dagrun for example_task_group to 2023-11-04T18:43:48.746995+00:00, run_after=2023-11-05T18:43:48.746995+00:00
[2023-11-05T18:43:48.786+0000] {processor.py:179} INFO - Processing /home/airflow/.local/lib/python3.8/site-packages/airflow/example_dags/example_task_group.py took 0.189 seconds
[2023-11-05T18:44:19.011+0000] {processor.py:157} INFO - Started process (PID=937) to work on /home/airflow/.local/lib/python3.8/site-packages/airflow/example_dags/example_task_group.py
[2023-11-05T18:44:19.018+0000] {processor.py:829} INFO - Processing file /home/airflow/.local/lib/python3.8/site-packages/airflow/example_dags/example_task_group.py for tasks to queue
[2023-11-05T18:44:19.032+0000] {logging_mixin.py:151} INFO - [2023-11-05T18:44:19.031+0000] {dagbag.py:536} INFO - Filling up the DagBag from /home/airflow/.local/lib/python3.8/site-packages/airflow/example_dags/example_task_group.py
[2023-11-05T18:44:19.062+0000] {processor.py:839} INFO - DAG(s) dict_keys(['example_task_group']) retrieved from /home/airflow/.local/lib/python3.8/site-packages/airflow/example_dags/example_task_group.py
[2023-11-05T18:44:19.096+0000] {logging_mixin.py:151} INFO - [2023-11-05T18:44:19.096+0000] {dag.py:2941} INFO - Sync 1 DAGs
[2023-11-05T18:44:19.120+0000] {logging_mixin.py:151} INFO - [2023-11-05T18:44:19.120+0000] {dag.py:3722} INFO - Setting next_dagrun for example_task_group to 2023-11-04T18:44:19.120059+00:00, run_after=2023-11-05T18:44:19.120059+00:00
[2023-11-05T18:44:19.161+0000] {processor.py:179} INFO - Processing /home/airflow/.local/lib/python3.8/site-packages/airflow/example_dags/example_task_group.py took 0.152 seconds
[2023-11-05T18:44:49.248+0000] {processor.py:157} INFO - Started process (PID=990) to work on /home/airflow/.local/lib/python3.8/site-packages/airflow/example_dags/example_task_group.py
[2023-11-05T18:44:49.250+0000] {processor.py:829} INFO - Processing file /home/airflow/.local/lib/python3.8/site-packages/airflow/example_dags/example_task_group.py for tasks to queue
[2023-11-05T18:44:49.255+0000] {logging_mixin.py:151} INFO - [2023-11-05T18:44:49.255+0000] {dagbag.py:536} INFO - Filling up the DagBag from /home/airflow/.local/lib/python3.8/site-packages/airflow/example_dags/example_task_group.py
[2023-11-05T18:44:49.268+0000] {processor.py:839} INFO - DAG(s) dict_keys(['example_task_group']) retrieved from /home/airflow/.local/lib/python3.8/site-packages/airflow/example_dags/example_task_group.py
[2023-11-05T18:44:49.332+0000] {logging_mixin.py:151} INFO - [2023-11-05T18:44:49.331+0000] {dag.py:2941} INFO - Sync 1 DAGs
[2023-11-05T18:44:49.386+0000] {logging_mixin.py:151} INFO - [2023-11-05T18:44:49.386+0000] {dag.py:3722} INFO - Setting next_dagrun for example_task_group to 2023-11-04T18:44:49.386082+00:00, run_after=2023-11-05T18:44:49.386082+00:00
[2023-11-05T18:44:49.472+0000] {processor.py:179} INFO - Processing /home/airflow/.local/lib/python3.8/site-packages/airflow/example_dags/example_task_group.py took 0.226 seconds
[2023-11-05T18:46:14.270+0000] {processor.py:157} INFO - Started process (PID=69) to work on /home/airflow/.local/lib/python3.8/site-packages/airflow/example_dags/example_task_group.py
[2023-11-05T18:46:14.288+0000] {processor.py:829} INFO - Processing file /home/airflow/.local/lib/python3.8/site-packages/airflow/example_dags/example_task_group.py for tasks to queue
[2023-11-05T18:46:14.307+0000] {logging_mixin.py:151} INFO - [2023-11-05T18:46:14.307+0000] {dagbag.py:536} INFO - Filling up the DagBag from /home/airflow/.local/lib/python3.8/site-packages/airflow/example_dags/example_task_group.py
[2023-11-05T18:46:14.328+0000] {processor.py:839} INFO - DAG(s) dict_keys(['example_task_group']) retrieved from /home/airflow/.local/lib/python3.8/site-packages/airflow/example_dags/example_task_group.py
[2023-11-05T18:46:14.391+0000] {logging_mixin.py:151} INFO - [2023-11-05T18:46:14.391+0000] {dag.py:2941} INFO - Sync 1 DAGs
[2023-11-05T18:46:14.414+0000] {logging_mixin.py:151} INFO - [2023-11-05T18:46:14.413+0000] {dag.py:3722} INFO - Setting next_dagrun for example_task_group to 2023-11-04T18:46:14.413594+00:00, run_after=2023-11-05T18:46:14.413594+00:00
[2023-11-05T18:46:14.467+0000] {processor.py:179} INFO - Processing /home/airflow/.local/lib/python3.8/site-packages/airflow/example_dags/example_task_group.py took 0.200 seconds
[2023-11-05T18:46:44.550+0000] {processor.py:157} INFO - Started process (PID=123) to work on /home/airflow/.local/lib/python3.8/site-packages/airflow/example_dags/example_task_group.py
[2023-11-05T18:46:44.553+0000] {processor.py:829} INFO - Processing file /home/airflow/.local/lib/python3.8/site-packages/airflow/example_dags/example_task_group.py for tasks to queue
[2023-11-05T18:46:44.561+0000] {logging_mixin.py:151} INFO - [2023-11-05T18:46:44.560+0000] {dagbag.py:536} INFO - Filling up the DagBag from /home/airflow/.local/lib/python3.8/site-packages/airflow/example_dags/example_task_group.py
[2023-11-05T18:46:44.567+0000] {processor.py:839} INFO - DAG(s) dict_keys(['example_task_group']) retrieved from /home/airflow/.local/lib/python3.8/site-packages/airflow/example_dags/example_task_group.py
[2023-11-05T18:46:44.625+0000] {logging_mixin.py:151} INFO - [2023-11-05T18:46:44.624+0000] {dag.py:2941} INFO - Sync 1 DAGs
[2023-11-05T18:46:44.662+0000] {logging_mixin.py:151} INFO - [2023-11-05T18:46:44.662+0000] {dag.py:3722} INFO - Setting next_dagrun for example_task_group to 2023-11-04T18:46:44.662337+00:00, run_after=2023-11-05T18:46:44.662337+00:00
[2023-11-05T18:46:44.698+0000] {processor.py:179} INFO - Processing /home/airflow/.local/lib/python3.8/site-packages/airflow/example_dags/example_task_group.py took 0.151 seconds
[2023-11-05T18:47:14.816+0000] {processor.py:157} INFO - Started process (PID=177) to work on /home/airflow/.local/lib/python3.8/site-packages/airflow/example_dags/example_task_group.py
[2023-11-05T18:47:14.818+0000] {processor.py:829} INFO - Processing file /home/airflow/.local/lib/python3.8/site-packages/airflow/example_dags/example_task_group.py for tasks to queue
[2023-11-05T18:47:14.820+0000] {logging_mixin.py:151} INFO - [2023-11-05T18:47:14.820+0000] {dagbag.py:536} INFO - Filling up the DagBag from /home/airflow/.local/lib/python3.8/site-packages/airflow/example_dags/example_task_group.py
[2023-11-05T18:47:14.831+0000] {processor.py:839} INFO - DAG(s) dict_keys(['example_task_group']) retrieved from /home/airflow/.local/lib/python3.8/site-packages/airflow/example_dags/example_task_group.py
[2023-11-05T18:47:14.901+0000] {logging_mixin.py:151} INFO - [2023-11-05T18:47:14.900+0000] {dag.py:2941} INFO - Sync 1 DAGs
[2023-11-05T18:47:14.919+0000] {logging_mixin.py:151} INFO - [2023-11-05T18:47:14.919+0000] {dag.py:3722} INFO - Setting next_dagrun for example_task_group to 2023-11-04T18:47:14.919090+00:00, run_after=2023-11-05T18:47:14.919090+00:00
[2023-11-05T18:47:14.955+0000] {processor.py:179} INFO - Processing /home/airflow/.local/lib/python3.8/site-packages/airflow/example_dags/example_task_group.py took 0.142 seconds
[2023-11-05T18:47:45.217+0000] {processor.py:157} INFO - Started process (PID=231) to work on /home/airflow/.local/lib/python3.8/site-packages/airflow/example_dags/example_task_group.py
[2023-11-05T18:47:45.219+0000] {processor.py:829} INFO - Processing file /home/airflow/.local/lib/python3.8/site-packages/airflow/example_dags/example_task_group.py for tasks to queue
[2023-11-05T18:47:45.232+0000] {logging_mixin.py:151} INFO - [2023-11-05T18:47:45.231+0000] {dagbag.py:536} INFO - Filling up the DagBag from /home/airflow/.local/lib/python3.8/site-packages/airflow/example_dags/example_task_group.py
[2023-11-05T18:47:45.253+0000] {processor.py:839} INFO - DAG(s) dict_keys(['example_task_group']) retrieved from /home/airflow/.local/lib/python3.8/site-packages/airflow/example_dags/example_task_group.py
[2023-11-05T18:47:45.300+0000] {logging_mixin.py:151} INFO - [2023-11-05T18:47:45.300+0000] {dag.py:2941} INFO - Sync 1 DAGs
[2023-11-05T18:47:45.321+0000] {logging_mixin.py:151} INFO - [2023-11-05T18:47:45.321+0000] {dag.py:3722} INFO - Setting next_dagrun for example_task_group to 2023-11-04T18:47:45.320813+00:00, run_after=2023-11-05T18:47:45.320813+00:00
[2023-11-05T18:47:45.362+0000] {processor.py:179} INFO - Processing /home/airflow/.local/lib/python3.8/site-packages/airflow/example_dags/example_task_group.py took 0.151 seconds
[2023-11-05T18:48:16.004+0000] {processor.py:157} INFO - Started process (PID=285) to work on /home/airflow/.local/lib/python3.8/site-packages/airflow/example_dags/example_task_group.py
[2023-11-05T18:48:16.008+0000] {processor.py:829} INFO - Processing file /home/airflow/.local/lib/python3.8/site-packages/airflow/example_dags/example_task_group.py for tasks to queue
[2023-11-05T18:48:16.013+0000] {logging_mixin.py:151} INFO - [2023-11-05T18:48:16.013+0000] {dagbag.py:536} INFO - Filling up the DagBag from /home/airflow/.local/lib/python3.8/site-packages/airflow/example_dags/example_task_group.py
[2023-11-05T18:48:16.024+0000] {processor.py:839} INFO - DAG(s) dict_keys(['example_task_group']) retrieved from /home/airflow/.local/lib/python3.8/site-packages/airflow/example_dags/example_task_group.py
[2023-11-05T18:48:16.066+0000] {logging_mixin.py:151} INFO - [2023-11-05T18:48:16.066+0000] {dag.py:2941} INFO - Sync 1 DAGs
[2023-11-05T18:48:16.085+0000] {logging_mixin.py:151} INFO - [2023-11-05T18:48:16.085+0000] {dag.py:3722} INFO - Setting next_dagrun for example_task_group to 2023-11-04T18:48:16.085040+00:00, run_after=2023-11-05T18:48:16.085040+00:00
[2023-11-05T18:48:16.105+0000] {processor.py:179} INFO - Processing /home/airflow/.local/lib/python3.8/site-packages/airflow/example_dags/example_task_group.py took 0.104 seconds
[2023-11-05T18:48:46.747+0000] {processor.py:157} INFO - Started process (PID=338) to work on /home/airflow/.local/lib/python3.8/site-packages/airflow/example_dags/example_task_group.py
[2023-11-05T18:48:46.753+0000] {processor.py:829} INFO - Processing file /home/airflow/.local/lib/python3.8/site-packages/airflow/example_dags/example_task_group.py for tasks to queue
[2023-11-05T18:48:46.754+0000] {logging_mixin.py:151} INFO - [2023-11-05T18:48:46.754+0000] {dagbag.py:536} INFO - Filling up the DagBag from /home/airflow/.local/lib/python3.8/site-packages/airflow/example_dags/example_task_group.py
[2023-11-05T18:48:46.761+0000] {processor.py:839} INFO - DAG(s) dict_keys(['example_task_group']) retrieved from /home/airflow/.local/lib/python3.8/site-packages/airflow/example_dags/example_task_group.py
[2023-11-05T18:48:46.817+0000] {logging_mixin.py:151} INFO - [2023-11-05T18:48:46.817+0000] {dag.py:2941} INFO - Sync 1 DAGs
[2023-11-05T18:48:46.849+0000] {logging_mixin.py:151} INFO - [2023-11-05T18:48:46.848+0000] {dag.py:3722} INFO - Setting next_dagrun for example_task_group to 2023-11-04T18:48:46.848479+00:00, run_after=2023-11-05T18:48:46.848479+00:00
[2023-11-05T18:48:46.914+0000] {processor.py:179} INFO - Processing /home/airflow/.local/lib/python3.8/site-packages/airflow/example_dags/example_task_group.py took 0.169 seconds
[2023-11-05T18:53:32.338+0000] {processor.py:157} INFO - Started process (PID=393) to work on /home/airflow/.local/lib/python3.8/site-packages/airflow/example_dags/example_task_group.py
[2023-11-05T18:53:32.347+0000] {processor.py:829} INFO - Processing file /home/airflow/.local/lib/python3.8/site-packages/airflow/example_dags/example_task_group.py for tasks to queue
[2023-11-05T18:53:32.351+0000] {logging_mixin.py:151} INFO - [2023-11-05T18:53:32.351+0000] {dagbag.py:536} INFO - Filling up the DagBag from /home/airflow/.local/lib/python3.8/site-packages/airflow/example_dags/example_task_group.py
[2023-11-05T18:53:32.364+0000] {processor.py:839} INFO - DAG(s) dict_keys(['example_task_group']) retrieved from /home/airflow/.local/lib/python3.8/site-packages/airflow/example_dags/example_task_group.py
[2023-11-05T18:53:32.395+0000] {logging_mixin.py:151} INFO - [2023-11-05T18:53:32.394+0000] {dag.py:2941} INFO - Sync 1 DAGs
[2023-11-05T18:53:32.438+0000] {logging_mixin.py:151} INFO - [2023-11-05T18:53:32.438+0000] {dag.py:3722} INFO - Setting next_dagrun for example_task_group to 2023-11-04T18:53:32.437958+00:00, run_after=2023-11-05T18:53:32.437958+00:00
[2023-11-05T18:53:32.493+0000] {processor.py:179} INFO - Processing /home/airflow/.local/lib/python3.8/site-packages/airflow/example_dags/example_task_group.py took 0.160 seconds
[2023-11-05T18:54:06.449+0000] {processor.py:157} INFO - Started process (PID=447) to work on /home/airflow/.local/lib/python3.8/site-packages/airflow/example_dags/example_task_group.py
[2023-11-05T18:54:06.455+0000] {processor.py:829} INFO - Processing file /home/airflow/.local/lib/python3.8/site-packages/airflow/example_dags/example_task_group.py for tasks to queue
[2023-11-05T18:54:06.486+0000] {logging_mixin.py:151} INFO - [2023-11-05T18:54:06.485+0000] {dagbag.py:536} INFO - Filling up the DagBag from /home/airflow/.local/lib/python3.8/site-packages/airflow/example_dags/example_task_group.py
[2023-11-05T18:54:06.511+0000] {processor.py:839} INFO - DAG(s) dict_keys(['example_task_group']) retrieved from /home/airflow/.local/lib/python3.8/site-packages/airflow/example_dags/example_task_group.py
[2023-11-05T18:54:06.591+0000] {logging_mixin.py:151} INFO - [2023-11-05T18:54:06.591+0000] {dag.py:2941} INFO - Sync 1 DAGs
[2023-11-05T18:54:06.645+0000] {logging_mixin.py:151} INFO - [2023-11-05T18:54:06.645+0000] {dag.py:3722} INFO - Setting next_dagrun for example_task_group to 2023-11-04T18:54:06.645044+00:00, run_after=2023-11-05T18:54:06.645044+00:00
[2023-11-05T18:54:06.701+0000] {processor.py:179} INFO - Processing /home/airflow/.local/lib/python3.8/site-packages/airflow/example_dags/example_task_group.py took 0.255 seconds
[2023-11-05T18:54:37.108+0000] {processor.py:157} INFO - Started process (PID=501) to work on /home/airflow/.local/lib/python3.8/site-packages/airflow/example_dags/example_task_group.py
[2023-11-05T18:54:37.115+0000] {processor.py:829} INFO - Processing file /home/airflow/.local/lib/python3.8/site-packages/airflow/example_dags/example_task_group.py for tasks to queue
[2023-11-05T18:54:37.118+0000] {logging_mixin.py:151} INFO - [2023-11-05T18:54:37.117+0000] {dagbag.py:536} INFO - Filling up the DagBag from /home/airflow/.local/lib/python3.8/site-packages/airflow/example_dags/example_task_group.py
[2023-11-05T18:54:37.122+0000] {processor.py:839} INFO - DAG(s) dict_keys(['example_task_group']) retrieved from /home/airflow/.local/lib/python3.8/site-packages/airflow/example_dags/example_task_group.py
[2023-11-05T18:54:37.155+0000] {logging_mixin.py:151} INFO - [2023-11-05T18:54:37.155+0000] {dag.py:2941} INFO - Sync 1 DAGs
[2023-11-05T18:54:37.185+0000] {logging_mixin.py:151} INFO - [2023-11-05T18:54:37.185+0000] {dag.py:3722} INFO - Setting next_dagrun for example_task_group to 2023-11-04T18:54:37.185085+00:00, run_after=2023-11-05T18:54:37.185085+00:00
[2023-11-05T18:54:37.217+0000] {processor.py:179} INFO - Processing /home/airflow/.local/lib/python3.8/site-packages/airflow/example_dags/example_task_group.py took 0.125 seconds
