[2023-11-05T18:36:09.109+0000] {processor.py:157} INFO - Started process (PID=78) to work on /home/airflow/.local/lib/python3.8/site-packages/airflow/example_dags/tutorial_dag.py
[2023-11-05T18:36:09.113+0000] {processor.py:829} INFO - Processing file /home/airflow/.local/lib/python3.8/site-packages/airflow/example_dags/tutorial_dag.py for tasks to queue
[2023-11-05T18:36:09.116+0000] {logging_mixin.py:151} INFO - [2023-11-05T18:36:09.116+0000] {dagbag.py:536} INFO - Filling up the DagBag from /home/airflow/.local/lib/python3.8/site-packages/airflow/example_dags/tutorial_dag.py
[2023-11-05T18:36:09.180+0000] {processor.py:839} INFO - DAG(s) dict_keys(['tutorial_dag']) retrieved from /home/airflow/.local/lib/python3.8/site-packages/airflow/example_dags/tutorial_dag.py
[2023-11-05T18:36:09.341+0000] {logging_mixin.py:151} INFO - [2023-11-05T18:36:09.341+0000] {dag.py:2941} INFO - Sync 1 DAGs
[2023-11-05T18:36:09.390+0000] {logging_mixin.py:151} INFO - [2023-11-05T18:36:09.390+0000] {dag.py:3722} INFO - Setting next_dagrun for tutorial_dag to None, run_after=None
[2023-11-05T18:36:09.542+0000] {processor.py:179} INFO - Processing /home/airflow/.local/lib/python3.8/site-packages/airflow/example_dags/tutorial_dag.py took 0.437 seconds
[2023-11-05T18:36:40.014+0000] {processor.py:157} INFO - Started process (PID=131) to work on /home/airflow/.local/lib/python3.8/site-packages/airflow/example_dags/tutorial_dag.py
[2023-11-05T18:36:40.035+0000] {processor.py:829} INFO - Processing file /home/airflow/.local/lib/python3.8/site-packages/airflow/example_dags/tutorial_dag.py for tasks to queue
[2023-11-05T18:36:40.042+0000] {logging_mixin.py:151} INFO - [2023-11-05T18:36:40.041+0000] {dagbag.py:536} INFO - Filling up the DagBag from /home/airflow/.local/lib/python3.8/site-packages/airflow/example_dags/tutorial_dag.py
[2023-11-05T18:36:40.047+0000] {processor.py:839} INFO - DAG(s) dict_keys(['tutorial_dag']) retrieved from /home/airflow/.local/lib/python3.8/site-packages/airflow/example_dags/tutorial_dag.py
[2023-11-05T18:36:40.127+0000] {logging_mixin.py:151} INFO - [2023-11-05T18:36:40.125+0000] {dag.py:2941} INFO - Sync 1 DAGs
[2023-11-05T18:36:40.169+0000] {logging_mixin.py:151} INFO - [2023-11-05T18:36:40.168+0000] {dag.py:3722} INFO - Setting next_dagrun for tutorial_dag to None, run_after=None
[2023-11-05T18:36:40.288+0000] {processor.py:179} INFO - Processing /home/airflow/.local/lib/python3.8/site-packages/airflow/example_dags/tutorial_dag.py took 0.278 seconds
[2023-11-05T18:37:10.475+0000] {processor.py:157} INFO - Started process (PID=185) to work on /home/airflow/.local/lib/python3.8/site-packages/airflow/example_dags/tutorial_dag.py
[2023-11-05T18:37:10.480+0000] {processor.py:829} INFO - Processing file /home/airflow/.local/lib/python3.8/site-packages/airflow/example_dags/tutorial_dag.py for tasks to queue
[2023-11-05T18:37:10.494+0000] {logging_mixin.py:151} INFO - [2023-11-05T18:37:10.493+0000] {dagbag.py:536} INFO - Filling up the DagBag from /home/airflow/.local/lib/python3.8/site-packages/airflow/example_dags/tutorial_dag.py
[2023-11-05T18:37:10.516+0000] {processor.py:839} INFO - DAG(s) dict_keys(['tutorial_dag']) retrieved from /home/airflow/.local/lib/python3.8/site-packages/airflow/example_dags/tutorial_dag.py
[2023-11-05T18:37:10.613+0000] {logging_mixin.py:151} INFO - [2023-11-05T18:37:10.613+0000] {dag.py:2941} INFO - Sync 1 DAGs
[2023-11-05T18:37:10.629+0000] {logging_mixin.py:151} INFO - [2023-11-05T18:37:10.628+0000] {dag.py:3722} INFO - Setting next_dagrun for tutorial_dag to None, run_after=None
[2023-11-05T18:37:10.663+0000] {processor.py:179} INFO - Processing /home/airflow/.local/lib/python3.8/site-packages/airflow/example_dags/tutorial_dag.py took 0.192 seconds
[2023-11-05T18:37:41.288+0000] {processor.py:157} INFO - Started process (PID=239) to work on /home/airflow/.local/lib/python3.8/site-packages/airflow/example_dags/tutorial_dag.py
[2023-11-05T18:37:41.297+0000] {processor.py:829} INFO - Processing file /home/airflow/.local/lib/python3.8/site-packages/airflow/example_dags/tutorial_dag.py for tasks to queue
[2023-11-05T18:37:41.307+0000] {logging_mixin.py:151} INFO - [2023-11-05T18:37:41.307+0000] {dagbag.py:536} INFO - Filling up the DagBag from /home/airflow/.local/lib/python3.8/site-packages/airflow/example_dags/tutorial_dag.py
[2023-11-05T18:37:41.318+0000] {processor.py:839} INFO - DAG(s) dict_keys(['tutorial_dag']) retrieved from /home/airflow/.local/lib/python3.8/site-packages/airflow/example_dags/tutorial_dag.py
[2023-11-05T18:37:41.362+0000] {logging_mixin.py:151} INFO - [2023-11-05T18:37:41.362+0000] {dag.py:2941} INFO - Sync 1 DAGs
[2023-11-05T18:37:41.373+0000] {logging_mixin.py:151} INFO - [2023-11-05T18:37:41.373+0000] {dag.py:3722} INFO - Setting next_dagrun for tutorial_dag to None, run_after=None
[2023-11-05T18:37:41.431+0000] {processor.py:179} INFO - Processing /home/airflow/.local/lib/python3.8/site-packages/airflow/example_dags/tutorial_dag.py took 0.148 seconds
[2023-11-05T18:38:11.832+0000] {processor.py:157} INFO - Started process (PID=292) to work on /home/airflow/.local/lib/python3.8/site-packages/airflow/example_dags/tutorial_dag.py
[2023-11-05T18:38:11.834+0000] {processor.py:829} INFO - Processing file /home/airflow/.local/lib/python3.8/site-packages/airflow/example_dags/tutorial_dag.py for tasks to queue
[2023-11-05T18:38:11.847+0000] {logging_mixin.py:151} INFO - [2023-11-05T18:38:11.847+0000] {dagbag.py:536} INFO - Filling up the DagBag from /home/airflow/.local/lib/python3.8/site-packages/airflow/example_dags/tutorial_dag.py
[2023-11-05T18:38:11.856+0000] {processor.py:839} INFO - DAG(s) dict_keys(['tutorial_dag']) retrieved from /home/airflow/.local/lib/python3.8/site-packages/airflow/example_dags/tutorial_dag.py
[2023-11-05T18:38:12.031+0000] {logging_mixin.py:151} INFO - [2023-11-05T18:38:12.031+0000] {dag.py:2941} INFO - Sync 1 DAGs
[2023-11-05T18:38:12.052+0000] {logging_mixin.py:151} INFO - [2023-11-05T18:38:12.052+0000] {dag.py:3722} INFO - Setting next_dagrun for tutorial_dag to None, run_after=None
[2023-11-05T18:38:12.142+0000] {processor.py:179} INFO - Processing /home/airflow/.local/lib/python3.8/site-packages/airflow/example_dags/tutorial_dag.py took 0.313 seconds
[2023-11-05T18:38:42.624+0000] {processor.py:157} INFO - Started process (PID=346) to work on /home/airflow/.local/lib/python3.8/site-packages/airflow/example_dags/tutorial_dag.py
[2023-11-05T18:38:42.630+0000] {processor.py:829} INFO - Processing file /home/airflow/.local/lib/python3.8/site-packages/airflow/example_dags/tutorial_dag.py for tasks to queue
[2023-11-05T18:38:42.645+0000] {logging_mixin.py:151} INFO - [2023-11-05T18:38:42.643+0000] {dagbag.py:536} INFO - Filling up the DagBag from /home/airflow/.local/lib/python3.8/site-packages/airflow/example_dags/tutorial_dag.py
[2023-11-05T18:38:42.661+0000] {processor.py:839} INFO - DAG(s) dict_keys(['tutorial_dag']) retrieved from /home/airflow/.local/lib/python3.8/site-packages/airflow/example_dags/tutorial_dag.py
[2023-11-05T18:38:42.762+0000] {logging_mixin.py:151} INFO - [2023-11-05T18:38:42.761+0000] {dag.py:2941} INFO - Sync 1 DAGs
[2023-11-05T18:38:42.778+0000] {logging_mixin.py:151} INFO - [2023-11-05T18:38:42.777+0000] {dag.py:3722} INFO - Setting next_dagrun for tutorial_dag to None, run_after=None
[2023-11-05T18:38:42.815+0000] {processor.py:179} INFO - Processing /home/airflow/.local/lib/python3.8/site-packages/airflow/example_dags/tutorial_dag.py took 0.194 seconds
[2023-11-05T18:39:13.013+0000] {processor.py:157} INFO - Started process (PID=400) to work on /home/airflow/.local/lib/python3.8/site-packages/airflow/example_dags/tutorial_dag.py
[2023-11-05T18:39:13.020+0000] {processor.py:829} INFO - Processing file /home/airflow/.local/lib/python3.8/site-packages/airflow/example_dags/tutorial_dag.py for tasks to queue
[2023-11-05T18:39:13.033+0000] {logging_mixin.py:151} INFO - [2023-11-05T18:39:13.033+0000] {dagbag.py:536} INFO - Filling up the DagBag from /home/airflow/.local/lib/python3.8/site-packages/airflow/example_dags/tutorial_dag.py
[2023-11-05T18:39:13.054+0000] {processor.py:839} INFO - DAG(s) dict_keys(['tutorial_dag']) retrieved from /home/airflow/.local/lib/python3.8/site-packages/airflow/example_dags/tutorial_dag.py
[2023-11-05T18:39:13.113+0000] {logging_mixin.py:151} INFO - [2023-11-05T18:39:13.113+0000] {dag.py:2941} INFO - Sync 1 DAGs
[2023-11-05T18:39:13.131+0000] {logging_mixin.py:151} INFO - [2023-11-05T18:39:13.131+0000] {dag.py:3722} INFO - Setting next_dagrun for tutorial_dag to None, run_after=None
[2023-11-05T18:39:13.181+0000] {processor.py:179} INFO - Processing /home/airflow/.local/lib/python3.8/site-packages/airflow/example_dags/tutorial_dag.py took 0.169 seconds
[2023-11-05T18:39:43.839+0000] {processor.py:157} INFO - Started process (PID=454) to work on /home/airflow/.local/lib/python3.8/site-packages/airflow/example_dags/tutorial_dag.py
[2023-11-05T18:39:43.844+0000] {processor.py:829} INFO - Processing file /home/airflow/.local/lib/python3.8/site-packages/airflow/example_dags/tutorial_dag.py for tasks to queue
[2023-11-05T18:39:43.849+0000] {logging_mixin.py:151} INFO - [2023-11-05T18:39:43.848+0000] {dagbag.py:536} INFO - Filling up the DagBag from /home/airflow/.local/lib/python3.8/site-packages/airflow/example_dags/tutorial_dag.py
[2023-11-05T18:39:43.859+0000] {processor.py:839} INFO - DAG(s) dict_keys(['tutorial_dag']) retrieved from /home/airflow/.local/lib/python3.8/site-packages/airflow/example_dags/tutorial_dag.py
[2023-11-05T18:39:43.888+0000] {logging_mixin.py:151} INFO - [2023-11-05T18:39:43.888+0000] {dag.py:2941} INFO - Sync 1 DAGs
[2023-11-05T18:39:43.898+0000] {logging_mixin.py:151} INFO - [2023-11-05T18:39:43.898+0000] {dag.py:3722} INFO - Setting next_dagrun for tutorial_dag to None, run_after=None
[2023-11-05T18:39:43.917+0000] {processor.py:179} INFO - Processing /home/airflow/.local/lib/python3.8/site-packages/airflow/example_dags/tutorial_dag.py took 0.084 seconds
[2023-11-05T18:40:14.254+0000] {processor.py:157} INFO - Started process (PID=508) to work on /home/airflow/.local/lib/python3.8/site-packages/airflow/example_dags/tutorial_dag.py
[2023-11-05T18:40:14.258+0000] {processor.py:829} INFO - Processing file /home/airflow/.local/lib/python3.8/site-packages/airflow/example_dags/tutorial_dag.py for tasks to queue
[2023-11-05T18:40:14.274+0000] {logging_mixin.py:151} INFO - [2023-11-05T18:40:14.273+0000] {dagbag.py:536} INFO - Filling up the DagBag from /home/airflow/.local/lib/python3.8/site-packages/airflow/example_dags/tutorial_dag.py
[2023-11-05T18:40:14.283+0000] {processor.py:839} INFO - DAG(s) dict_keys(['tutorial_dag']) retrieved from /home/airflow/.local/lib/python3.8/site-packages/airflow/example_dags/tutorial_dag.py
[2023-11-05T18:40:14.345+0000] {logging_mixin.py:151} INFO - [2023-11-05T18:40:14.345+0000] {dag.py:2941} INFO - Sync 1 DAGs
[2023-11-05T18:40:14.361+0000] {logging_mixin.py:151} INFO - [2023-11-05T18:40:14.361+0000] {dag.py:3722} INFO - Setting next_dagrun for tutorial_dag to None, run_after=None
[2023-11-05T18:40:14.426+0000] {processor.py:179} INFO - Processing /home/airflow/.local/lib/python3.8/site-packages/airflow/example_dags/tutorial_dag.py took 0.177 seconds
[2023-11-05T18:40:45.056+0000] {processor.py:157} INFO - Started process (PID=562) to work on /home/airflow/.local/lib/python3.8/site-packages/airflow/example_dags/tutorial_dag.py
[2023-11-05T18:40:45.065+0000] {processor.py:829} INFO - Processing file /home/airflow/.local/lib/python3.8/site-packages/airflow/example_dags/tutorial_dag.py for tasks to queue
[2023-11-05T18:40:45.077+0000] {logging_mixin.py:151} INFO - [2023-11-05T18:40:45.076+0000] {dagbag.py:536} INFO - Filling up the DagBag from /home/airflow/.local/lib/python3.8/site-packages/airflow/example_dags/tutorial_dag.py
[2023-11-05T18:40:45.088+0000] {processor.py:839} INFO - DAG(s) dict_keys(['tutorial_dag']) retrieved from /home/airflow/.local/lib/python3.8/site-packages/airflow/example_dags/tutorial_dag.py
[2023-11-05T18:40:45.131+0000] {logging_mixin.py:151} INFO - [2023-11-05T18:40:45.131+0000] {dag.py:2941} INFO - Sync 1 DAGs
[2023-11-05T18:40:45.152+0000] {logging_mixin.py:151} INFO - [2023-11-05T18:40:45.152+0000] {dag.py:3722} INFO - Setting next_dagrun for tutorial_dag to None, run_after=None
[2023-11-05T18:40:45.222+0000] {processor.py:179} INFO - Processing /home/airflow/.local/lib/python3.8/site-packages/airflow/example_dags/tutorial_dag.py took 0.169 seconds
[2023-11-05T18:41:15.291+0000] {processor.py:157} INFO - Started process (PID=616) to work on /home/airflow/.local/lib/python3.8/site-packages/airflow/example_dags/tutorial_dag.py
[2023-11-05T18:41:15.293+0000] {processor.py:829} INFO - Processing file /home/airflow/.local/lib/python3.8/site-packages/airflow/example_dags/tutorial_dag.py for tasks to queue
[2023-11-05T18:41:15.298+0000] {logging_mixin.py:151} INFO - [2023-11-05T18:41:15.298+0000] {dagbag.py:536} INFO - Filling up the DagBag from /home/airflow/.local/lib/python3.8/site-packages/airflow/example_dags/tutorial_dag.py
[2023-11-05T18:41:15.309+0000] {processor.py:839} INFO - DAG(s) dict_keys(['tutorial_dag']) retrieved from /home/airflow/.local/lib/python3.8/site-packages/airflow/example_dags/tutorial_dag.py
[2023-11-05T18:41:15.353+0000] {logging_mixin.py:151} INFO - [2023-11-05T18:41:15.353+0000] {dag.py:2941} INFO - Sync 1 DAGs
[2023-11-05T18:41:15.360+0000] {logging_mixin.py:151} INFO - [2023-11-05T18:41:15.360+0000] {dag.py:3722} INFO - Setting next_dagrun for tutorial_dag to None, run_after=None
[2023-11-05T18:41:15.410+0000] {processor.py:179} INFO - Processing /home/airflow/.local/lib/python3.8/site-packages/airflow/example_dags/tutorial_dag.py took 0.127 seconds
[2023-11-05T18:41:45.705+0000] {processor.py:157} INFO - Started process (PID=669) to work on /home/airflow/.local/lib/python3.8/site-packages/airflow/example_dags/tutorial_dag.py
[2023-11-05T18:41:45.709+0000] {processor.py:829} INFO - Processing file /home/airflow/.local/lib/python3.8/site-packages/airflow/example_dags/tutorial_dag.py for tasks to queue
[2023-11-05T18:41:45.713+0000] {logging_mixin.py:151} INFO - [2023-11-05T18:41:45.713+0000] {dagbag.py:536} INFO - Filling up the DagBag from /home/airflow/.local/lib/python3.8/site-packages/airflow/example_dags/tutorial_dag.py
[2023-11-05T18:41:45.724+0000] {processor.py:839} INFO - DAG(s) dict_keys(['tutorial_dag']) retrieved from /home/airflow/.local/lib/python3.8/site-packages/airflow/example_dags/tutorial_dag.py
[2023-11-05T18:41:45.779+0000] {logging_mixin.py:151} INFO - [2023-11-05T18:41:45.779+0000] {dag.py:2941} INFO - Sync 1 DAGs
[2023-11-05T18:41:45.788+0000] {logging_mixin.py:151} INFO - [2023-11-05T18:41:45.788+0000] {dag.py:3722} INFO - Setting next_dagrun for tutorial_dag to None, run_after=None
[2023-11-05T18:41:45.804+0000] {processor.py:179} INFO - Processing /home/airflow/.local/lib/python3.8/site-packages/airflow/example_dags/tutorial_dag.py took 0.105 seconds
[2023-11-05T18:42:16.625+0000] {processor.py:157} INFO - Started process (PID=723) to work on /home/airflow/.local/lib/python3.8/site-packages/airflow/example_dags/tutorial_dag.py
[2023-11-05T18:42:16.629+0000] {processor.py:829} INFO - Processing file /home/airflow/.local/lib/python3.8/site-packages/airflow/example_dags/tutorial_dag.py for tasks to queue
[2023-11-05T18:42:16.633+0000] {logging_mixin.py:151} INFO - [2023-11-05T18:42:16.633+0000] {dagbag.py:536} INFO - Filling up the DagBag from /home/airflow/.local/lib/python3.8/site-packages/airflow/example_dags/tutorial_dag.py
[2023-11-05T18:42:16.637+0000] {processor.py:839} INFO - DAG(s) dict_keys(['tutorial_dag']) retrieved from /home/airflow/.local/lib/python3.8/site-packages/airflow/example_dags/tutorial_dag.py
[2023-11-05T18:42:16.667+0000] {logging_mixin.py:151} INFO - [2023-11-05T18:42:16.666+0000] {dag.py:2941} INFO - Sync 1 DAGs
[2023-11-05T18:42:16.682+0000] {logging_mixin.py:151} INFO - [2023-11-05T18:42:16.682+0000] {dag.py:3722} INFO - Setting next_dagrun for tutorial_dag to None, run_after=None
[2023-11-05T18:42:16.701+0000] {processor.py:179} INFO - Processing /home/airflow/.local/lib/python3.8/site-packages/airflow/example_dags/tutorial_dag.py took 0.079 seconds
[2023-11-05T18:42:47.405+0000] {processor.py:157} INFO - Started process (PID=777) to work on /home/airflow/.local/lib/python3.8/site-packages/airflow/example_dags/tutorial_dag.py
[2023-11-05T18:42:47.414+0000] {processor.py:829} INFO - Processing file /home/airflow/.local/lib/python3.8/site-packages/airflow/example_dags/tutorial_dag.py for tasks to queue
[2023-11-05T18:42:47.420+0000] {logging_mixin.py:151} INFO - [2023-11-05T18:42:47.419+0000] {dagbag.py:536} INFO - Filling up the DagBag from /home/airflow/.local/lib/python3.8/site-packages/airflow/example_dags/tutorial_dag.py
[2023-11-05T18:42:47.436+0000] {processor.py:839} INFO - DAG(s) dict_keys(['tutorial_dag']) retrieved from /home/airflow/.local/lib/python3.8/site-packages/airflow/example_dags/tutorial_dag.py
[2023-11-05T18:42:47.474+0000] {logging_mixin.py:151} INFO - [2023-11-05T18:42:47.474+0000] {dag.py:2941} INFO - Sync 1 DAGs
[2023-11-05T18:42:47.489+0000] {logging_mixin.py:151} INFO - [2023-11-05T18:42:47.489+0000] {dag.py:3722} INFO - Setting next_dagrun for tutorial_dag to None, run_after=None
[2023-11-05T18:42:47.520+0000] {processor.py:179} INFO - Processing /home/airflow/.local/lib/python3.8/site-packages/airflow/example_dags/tutorial_dag.py took 0.118 seconds
[2023-11-05T18:43:17.931+0000] {processor.py:157} INFO - Started process (PID=831) to work on /home/airflow/.local/lib/python3.8/site-packages/airflow/example_dags/tutorial_dag.py
[2023-11-05T18:43:17.943+0000] {processor.py:829} INFO - Processing file /home/airflow/.local/lib/python3.8/site-packages/airflow/example_dags/tutorial_dag.py for tasks to queue
[2023-11-05T18:43:17.947+0000] {logging_mixin.py:151} INFO - [2023-11-05T18:43:17.946+0000] {dagbag.py:536} INFO - Filling up the DagBag from /home/airflow/.local/lib/python3.8/site-packages/airflow/example_dags/tutorial_dag.py
[2023-11-05T18:43:17.967+0000] {processor.py:839} INFO - DAG(s) dict_keys(['tutorial_dag']) retrieved from /home/airflow/.local/lib/python3.8/site-packages/airflow/example_dags/tutorial_dag.py
[2023-11-05T18:43:18.021+0000] {logging_mixin.py:151} INFO - [2023-11-05T18:43:18.021+0000] {dag.py:2941} INFO - Sync 1 DAGs
[2023-11-05T18:43:18.035+0000] {logging_mixin.py:151} INFO - [2023-11-05T18:43:18.035+0000] {dag.py:3722} INFO - Setting next_dagrun for tutorial_dag to None, run_after=None
[2023-11-05T18:43:18.089+0000] {processor.py:179} INFO - Processing /home/airflow/.local/lib/python3.8/site-packages/airflow/example_dags/tutorial_dag.py took 0.160 seconds
[2023-11-05T18:43:48.922+0000] {processor.py:157} INFO - Started process (PID=885) to work on /home/airflow/.local/lib/python3.8/site-packages/airflow/example_dags/tutorial_dag.py
[2023-11-05T18:43:48.924+0000] {processor.py:829} INFO - Processing file /home/airflow/.local/lib/python3.8/site-packages/airflow/example_dags/tutorial_dag.py for tasks to queue
[2023-11-05T18:43:48.928+0000] {logging_mixin.py:151} INFO - [2023-11-05T18:43:48.927+0000] {dagbag.py:536} INFO - Filling up the DagBag from /home/airflow/.local/lib/python3.8/site-packages/airflow/example_dags/tutorial_dag.py
[2023-11-05T18:43:48.936+0000] {processor.py:839} INFO - DAG(s) dict_keys(['tutorial_dag']) retrieved from /home/airflow/.local/lib/python3.8/site-packages/airflow/example_dags/tutorial_dag.py
[2023-11-05T18:43:48.962+0000] {logging_mixin.py:151} INFO - [2023-11-05T18:43:48.962+0000] {dag.py:2941} INFO - Sync 1 DAGs
[2023-11-05T18:43:48.971+0000] {logging_mixin.py:151} INFO - [2023-11-05T18:43:48.971+0000] {dag.py:3722} INFO - Setting next_dagrun for tutorial_dag to None, run_after=None
[2023-11-05T18:43:48.995+0000] {processor.py:179} INFO - Processing /home/airflow/.local/lib/python3.8/site-packages/airflow/example_dags/tutorial_dag.py took 0.076 seconds
[2023-11-05T18:44:19.217+0000] {processor.py:157} INFO - Started process (PID=939) to work on /home/airflow/.local/lib/python3.8/site-packages/airflow/example_dags/tutorial_dag.py
[2023-11-05T18:44:19.226+0000] {processor.py:829} INFO - Processing file /home/airflow/.local/lib/python3.8/site-packages/airflow/example_dags/tutorial_dag.py for tasks to queue
[2023-11-05T18:44:19.228+0000] {logging_mixin.py:151} INFO - [2023-11-05T18:44:19.228+0000] {dagbag.py:536} INFO - Filling up the DagBag from /home/airflow/.local/lib/python3.8/site-packages/airflow/example_dags/tutorial_dag.py
[2023-11-05T18:44:19.244+0000] {processor.py:839} INFO - DAG(s) dict_keys(['tutorial_dag']) retrieved from /home/airflow/.local/lib/python3.8/site-packages/airflow/example_dags/tutorial_dag.py
[2023-11-05T18:44:19.275+0000] {logging_mixin.py:151} INFO - [2023-11-05T18:44:19.274+0000] {dag.py:2941} INFO - Sync 1 DAGs
[2023-11-05T18:44:19.294+0000] {logging_mixin.py:151} INFO - [2023-11-05T18:44:19.294+0000] {dag.py:3722} INFO - Setting next_dagrun for tutorial_dag to None, run_after=None
[2023-11-05T18:44:19.314+0000] {processor.py:179} INFO - Processing /home/airflow/.local/lib/python3.8/site-packages/airflow/example_dags/tutorial_dag.py took 0.100 seconds
[2023-11-05T18:44:49.564+0000] {processor.py:157} INFO - Started process (PID=992) to work on /home/airflow/.local/lib/python3.8/site-packages/airflow/example_dags/tutorial_dag.py
[2023-11-05T18:44:49.568+0000] {processor.py:829} INFO - Processing file /home/airflow/.local/lib/python3.8/site-packages/airflow/example_dags/tutorial_dag.py for tasks to queue
[2023-11-05T18:44:49.583+0000] {logging_mixin.py:151} INFO - [2023-11-05T18:44:49.582+0000] {dagbag.py:536} INFO - Filling up the DagBag from /home/airflow/.local/lib/python3.8/site-packages/airflow/example_dags/tutorial_dag.py
[2023-11-05T18:44:49.599+0000] {processor.py:839} INFO - DAG(s) dict_keys(['tutorial_dag']) retrieved from /home/airflow/.local/lib/python3.8/site-packages/airflow/example_dags/tutorial_dag.py
[2023-11-05T18:44:49.692+0000] {logging_mixin.py:151} INFO - [2023-11-05T18:44:49.692+0000] {dag.py:2941} INFO - Sync 1 DAGs
[2023-11-05T18:44:49.717+0000] {logging_mixin.py:151} INFO - [2023-11-05T18:44:49.717+0000] {dag.py:3722} INFO - Setting next_dagrun for tutorial_dag to None, run_after=None
[2023-11-05T18:44:49.788+0000] {processor.py:179} INFO - Processing /home/airflow/.local/lib/python3.8/site-packages/airflow/example_dags/tutorial_dag.py took 0.227 seconds
[2023-11-05T18:46:14.549+0000] {processor.py:157} INFO - Started process (PID=71) to work on /home/airflow/.local/lib/python3.8/site-packages/airflow/example_dags/tutorial_dag.py
[2023-11-05T18:46:14.552+0000] {processor.py:829} INFO - Processing file /home/airflow/.local/lib/python3.8/site-packages/airflow/example_dags/tutorial_dag.py for tasks to queue
[2023-11-05T18:46:14.559+0000] {logging_mixin.py:151} INFO - [2023-11-05T18:46:14.559+0000] {dagbag.py:536} INFO - Filling up the DagBag from /home/airflow/.local/lib/python3.8/site-packages/airflow/example_dags/tutorial_dag.py
[2023-11-05T18:46:14.569+0000] {processor.py:839} INFO - DAG(s) dict_keys(['tutorial_dag']) retrieved from /home/airflow/.local/lib/python3.8/site-packages/airflow/example_dags/tutorial_dag.py
[2023-11-05T18:46:14.644+0000] {logging_mixin.py:151} INFO - [2023-11-05T18:46:14.644+0000] {dag.py:2941} INFO - Sync 1 DAGs
[2023-11-05T18:46:14.681+0000] {logging_mixin.py:151} INFO - [2023-11-05T18:46:14.680+0000] {dag.py:3722} INFO - Setting next_dagrun for tutorial_dag to None, run_after=None
[2023-11-05T18:46:14.721+0000] {processor.py:179} INFO - Processing /home/airflow/.local/lib/python3.8/site-packages/airflow/example_dags/tutorial_dag.py took 0.182 seconds
[2023-11-05T18:46:44.915+0000] {processor.py:157} INFO - Started process (PID=125) to work on /home/airflow/.local/lib/python3.8/site-packages/airflow/example_dags/tutorial_dag.py
[2023-11-05T18:46:44.918+0000] {processor.py:829} INFO - Processing file /home/airflow/.local/lib/python3.8/site-packages/airflow/example_dags/tutorial_dag.py for tasks to queue
[2023-11-05T18:46:44.923+0000] {logging_mixin.py:151} INFO - [2023-11-05T18:46:44.923+0000] {dagbag.py:536} INFO - Filling up the DagBag from /home/airflow/.local/lib/python3.8/site-packages/airflow/example_dags/tutorial_dag.py
[2023-11-05T18:46:44.937+0000] {processor.py:839} INFO - DAG(s) dict_keys(['tutorial_dag']) retrieved from /home/airflow/.local/lib/python3.8/site-packages/airflow/example_dags/tutorial_dag.py
[2023-11-05T18:46:44.983+0000] {logging_mixin.py:151} INFO - [2023-11-05T18:46:44.983+0000] {dag.py:2941} INFO - Sync 1 DAGs
[2023-11-05T18:46:45.013+0000] {logging_mixin.py:151} INFO - [2023-11-05T18:46:45.013+0000] {dag.py:3722} INFO - Setting next_dagrun for tutorial_dag to None, run_after=None
[2023-11-05T18:46:45.048+0000] {processor.py:179} INFO - Processing /home/airflow/.local/lib/python3.8/site-packages/airflow/example_dags/tutorial_dag.py took 0.140 seconds
[2023-11-05T18:47:15.212+0000] {processor.py:157} INFO - Started process (PID=179) to work on /home/airflow/.local/lib/python3.8/site-packages/airflow/example_dags/tutorial_dag.py
[2023-11-05T18:47:15.217+0000] {processor.py:829} INFO - Processing file /home/airflow/.local/lib/python3.8/site-packages/airflow/example_dags/tutorial_dag.py for tasks to queue
[2023-11-05T18:47:15.220+0000] {logging_mixin.py:151} INFO - [2023-11-05T18:47:15.219+0000] {dagbag.py:536} INFO - Filling up the DagBag from /home/airflow/.local/lib/python3.8/site-packages/airflow/example_dags/tutorial_dag.py
[2023-11-05T18:47:15.224+0000] {processor.py:839} INFO - DAG(s) dict_keys(['tutorial_dag']) retrieved from /home/airflow/.local/lib/python3.8/site-packages/airflow/example_dags/tutorial_dag.py
[2023-11-05T18:47:15.257+0000] {logging_mixin.py:151} INFO - [2023-11-05T18:47:15.257+0000] {dag.py:2941} INFO - Sync 1 DAGs
[2023-11-05T18:47:15.269+0000] {logging_mixin.py:151} INFO - [2023-11-05T18:47:15.269+0000] {dag.py:3722} INFO - Setting next_dagrun for tutorial_dag to None, run_after=None
[2023-11-05T18:47:15.305+0000] {processor.py:179} INFO - Processing /home/airflow/.local/lib/python3.8/site-packages/airflow/example_dags/tutorial_dag.py took 0.098 seconds
[2023-11-05T18:47:45.408+0000] {processor.py:157} INFO - Started process (PID=233) to work on /home/airflow/.local/lib/python3.8/site-packages/airflow/example_dags/tutorial_dag.py
[2023-11-05T18:47:45.414+0000] {processor.py:829} INFO - Processing file /home/airflow/.local/lib/python3.8/site-packages/airflow/example_dags/tutorial_dag.py for tasks to queue
[2023-11-05T18:47:45.419+0000] {logging_mixin.py:151} INFO - [2023-11-05T18:47:45.419+0000] {dagbag.py:536} INFO - Filling up the DagBag from /home/airflow/.local/lib/python3.8/site-packages/airflow/example_dags/tutorial_dag.py
[2023-11-05T18:47:45.431+0000] {processor.py:839} INFO - DAG(s) dict_keys(['tutorial_dag']) retrieved from /home/airflow/.local/lib/python3.8/site-packages/airflow/example_dags/tutorial_dag.py
[2023-11-05T18:47:45.475+0000] {logging_mixin.py:151} INFO - [2023-11-05T18:47:45.475+0000] {dag.py:2941} INFO - Sync 1 DAGs
[2023-11-05T18:47:45.488+0000] {logging_mixin.py:151} INFO - [2023-11-05T18:47:45.488+0000] {dag.py:3722} INFO - Setting next_dagrun for tutorial_dag to None, run_after=None
[2023-11-05T18:47:45.523+0000] {processor.py:179} INFO - Processing /home/airflow/.local/lib/python3.8/site-packages/airflow/example_dags/tutorial_dag.py took 0.117 seconds
[2023-11-05T18:48:16.309+0000] {processor.py:157} INFO - Started process (PID=287) to work on /home/airflow/.local/lib/python3.8/site-packages/airflow/example_dags/tutorial_dag.py
[2023-11-05T18:48:16.312+0000] {processor.py:829} INFO - Processing file /home/airflow/.local/lib/python3.8/site-packages/airflow/example_dags/tutorial_dag.py for tasks to queue
[2023-11-05T18:48:16.314+0000] {logging_mixin.py:151} INFO - [2023-11-05T18:48:16.314+0000] {dagbag.py:536} INFO - Filling up the DagBag from /home/airflow/.local/lib/python3.8/site-packages/airflow/example_dags/tutorial_dag.py
[2023-11-05T18:48:16.318+0000] {processor.py:839} INFO - DAG(s) dict_keys(['tutorial_dag']) retrieved from /home/airflow/.local/lib/python3.8/site-packages/airflow/example_dags/tutorial_dag.py
[2023-11-05T18:48:16.355+0000] {logging_mixin.py:151} INFO - [2023-11-05T18:48:16.354+0000] {dag.py:2941} INFO - Sync 1 DAGs
[2023-11-05T18:48:16.368+0000] {logging_mixin.py:151} INFO - [2023-11-05T18:48:16.367+0000] {dag.py:3722} INFO - Setting next_dagrun for tutorial_dag to None, run_after=None
[2023-11-05T18:48:16.423+0000] {processor.py:179} INFO - Processing /home/airflow/.local/lib/python3.8/site-packages/airflow/example_dags/tutorial_dag.py took 0.120 seconds
[2023-11-05T18:48:47.377+0000] {processor.py:157} INFO - Started process (PID=341) to work on /home/airflow/.local/lib/python3.8/site-packages/airflow/example_dags/tutorial_dag.py
[2023-11-05T18:48:47.379+0000] {processor.py:829} INFO - Processing file /home/airflow/.local/lib/python3.8/site-packages/airflow/example_dags/tutorial_dag.py for tasks to queue
[2023-11-05T18:48:47.399+0000] {logging_mixin.py:151} INFO - [2023-11-05T18:48:47.398+0000] {dagbag.py:536} INFO - Filling up the DagBag from /home/airflow/.local/lib/python3.8/site-packages/airflow/example_dags/tutorial_dag.py
[2023-11-05T18:48:47.409+0000] {processor.py:839} INFO - DAG(s) dict_keys(['tutorial_dag']) retrieved from /home/airflow/.local/lib/python3.8/site-packages/airflow/example_dags/tutorial_dag.py
[2023-11-05T18:48:47.481+0000] {logging_mixin.py:151} INFO - [2023-11-05T18:48:47.481+0000] {dag.py:2941} INFO - Sync 1 DAGs
[2023-11-05T18:48:47.506+0000] {logging_mixin.py:151} INFO - [2023-11-05T18:48:47.506+0000] {dag.py:3722} INFO - Setting next_dagrun for tutorial_dag to None, run_after=None
[2023-11-05T18:48:47.547+0000] {processor.py:179} INFO - Processing /home/airflow/.local/lib/python3.8/site-packages/airflow/example_dags/tutorial_dag.py took 0.172 seconds
[2023-11-05T18:53:32.564+0000] {processor.py:157} INFO - Started process (PID=395) to work on /home/airflow/.local/lib/python3.8/site-packages/airflow/example_dags/tutorial_dag.py
[2023-11-05T18:53:32.567+0000] {processor.py:829} INFO - Processing file /home/airflow/.local/lib/python3.8/site-packages/airflow/example_dags/tutorial_dag.py for tasks to queue
[2023-11-05T18:53:32.572+0000] {logging_mixin.py:151} INFO - [2023-11-05T18:53:32.571+0000] {dagbag.py:536} INFO - Filling up the DagBag from /home/airflow/.local/lib/python3.8/site-packages/airflow/example_dags/tutorial_dag.py
[2023-11-05T18:53:32.582+0000] {processor.py:839} INFO - DAG(s) dict_keys(['tutorial_dag']) retrieved from /home/airflow/.local/lib/python3.8/site-packages/airflow/example_dags/tutorial_dag.py
[2023-11-05T18:53:32.635+0000] {logging_mixin.py:151} INFO - [2023-11-05T18:53:32.635+0000] {dag.py:2941} INFO - Sync 1 DAGs
[2023-11-05T18:53:32.661+0000] {logging_mixin.py:151} INFO - [2023-11-05T18:53:32.660+0000] {dag.py:3722} INFO - Setting next_dagrun for tutorial_dag to None, run_after=None
[2023-11-05T18:53:32.725+0000] {processor.py:179} INFO - Processing /home/airflow/.local/lib/python3.8/site-packages/airflow/example_dags/tutorial_dag.py took 0.163 seconds
[2023-11-05T18:54:06.772+0000] {processor.py:157} INFO - Started process (PID=449) to work on /home/airflow/.local/lib/python3.8/site-packages/airflow/example_dags/tutorial_dag.py
[2023-11-05T18:54:06.777+0000] {processor.py:829} INFO - Processing file /home/airflow/.local/lib/python3.8/site-packages/airflow/example_dags/tutorial_dag.py for tasks to queue
[2023-11-05T18:54:06.781+0000] {logging_mixin.py:151} INFO - [2023-11-05T18:54:06.780+0000] {dagbag.py:536} INFO - Filling up the DagBag from /home/airflow/.local/lib/python3.8/site-packages/airflow/example_dags/tutorial_dag.py
[2023-11-05T18:54:06.801+0000] {processor.py:839} INFO - DAG(s) dict_keys(['tutorial_dag']) retrieved from /home/airflow/.local/lib/python3.8/site-packages/airflow/example_dags/tutorial_dag.py
[2023-11-05T18:54:06.868+0000] {logging_mixin.py:151} INFO - [2023-11-05T18:54:06.868+0000] {dag.py:2941} INFO - Sync 1 DAGs
[2023-11-05T18:54:06.884+0000] {logging_mixin.py:151} INFO - [2023-11-05T18:54:06.884+0000] {dag.py:3722} INFO - Setting next_dagrun for tutorial_dag to None, run_after=None
[2023-11-05T18:54:06.987+0000] {processor.py:179} INFO - Processing /home/airflow/.local/lib/python3.8/site-packages/airflow/example_dags/tutorial_dag.py took 0.219 seconds
[2023-11-05T18:54:37.260+0000] {processor.py:157} INFO - Started process (PID=503) to work on /home/airflow/.local/lib/python3.8/site-packages/airflow/example_dags/tutorial_dag.py
[2023-11-05T18:54:37.269+0000] {processor.py:829} INFO - Processing file /home/airflow/.local/lib/python3.8/site-packages/airflow/example_dags/tutorial_dag.py for tasks to queue
[2023-11-05T18:54:37.275+0000] {logging_mixin.py:151} INFO - [2023-11-05T18:54:37.275+0000] {dagbag.py:536} INFO - Filling up the DagBag from /home/airflow/.local/lib/python3.8/site-packages/airflow/example_dags/tutorial_dag.py
[2023-11-05T18:54:37.279+0000] {processor.py:839} INFO - DAG(s) dict_keys(['tutorial_dag']) retrieved from /home/airflow/.local/lib/python3.8/site-packages/airflow/example_dags/tutorial_dag.py
[2023-11-05T18:54:37.319+0000] {logging_mixin.py:151} INFO - [2023-11-05T18:54:37.319+0000] {dag.py:2941} INFO - Sync 1 DAGs
[2023-11-05T18:54:37.330+0000] {logging_mixin.py:151} INFO - [2023-11-05T18:54:37.330+0000] {dag.py:3722} INFO - Setting next_dagrun for tutorial_dag to None, run_after=None
[2023-11-05T18:54:37.369+0000] {processor.py:179} INFO - Processing /home/airflow/.local/lib/python3.8/site-packages/airflow/example_dags/tutorial_dag.py took 0.114 seconds
