[2023-11-05T18:36:10.598+0000] {processor.py:157} INFO - Started process (PID=83) to work on /home/airflow/.local/lib/python3.8/site-packages/airflow/example_dags/tutorial.py
[2023-11-05T18:36:10.602+0000] {processor.py:829} INFO - Processing file /home/airflow/.local/lib/python3.8/site-packages/airflow/example_dags/tutorial.py for tasks to queue
[2023-11-05T18:36:10.630+0000] {logging_mixin.py:151} INFO - [2023-11-05T18:36:10.629+0000] {dagbag.py:536} INFO - Filling up the DagBag from /home/airflow/.local/lib/python3.8/site-packages/airflow/example_dags/tutorial.py
[2023-11-05T18:36:10.708+0000] {processor.py:839} INFO - DAG(s) dict_keys(['tutorial']) retrieved from /home/airflow/.local/lib/python3.8/site-packages/airflow/example_dags/tutorial.py
[2023-11-05T18:36:10.780+0000] {logging_mixin.py:151} INFO - [2023-11-05T18:36:10.779+0000] {dag.py:2941} INFO - Sync 1 DAGs
[2023-11-05T18:36:10.867+0000] {logging_mixin.py:151} INFO - [2023-11-05T18:36:10.867+0000] {dag.py:3722} INFO - Setting next_dagrun for tutorial to 2023-11-04T18:36:10.865730+00:00, run_after=2023-11-05T18:36:10.865730+00:00
[2023-11-05T18:36:10.973+0000] {processor.py:179} INFO - Processing /home/airflow/.local/lib/python3.8/site-packages/airflow/example_dags/tutorial.py took 0.384 seconds
[2023-11-05T18:36:41.148+0000] {processor.py:157} INFO - Started process (PID=136) to work on /home/airflow/.local/lib/python3.8/site-packages/airflow/example_dags/tutorial.py
[2023-11-05T18:36:41.154+0000] {processor.py:829} INFO - Processing file /home/airflow/.local/lib/python3.8/site-packages/airflow/example_dags/tutorial.py for tasks to queue
[2023-11-05T18:36:41.160+0000] {logging_mixin.py:151} INFO - [2023-11-05T18:36:41.160+0000] {dagbag.py:536} INFO - Filling up the DagBag from /home/airflow/.local/lib/python3.8/site-packages/airflow/example_dags/tutorial.py
[2023-11-05T18:36:41.165+0000] {processor.py:839} INFO - DAG(s) dict_keys(['tutorial']) retrieved from /home/airflow/.local/lib/python3.8/site-packages/airflow/example_dags/tutorial.py
[2023-11-05T18:36:41.228+0000] {logging_mixin.py:151} INFO - [2023-11-05T18:36:41.227+0000] {dag.py:2941} INFO - Sync 1 DAGs
[2023-11-05T18:36:41.272+0000] {logging_mixin.py:151} INFO - [2023-11-05T18:36:41.272+0000] {dag.py:3722} INFO - Setting next_dagrun for tutorial to 2023-11-04T18:36:41.272123+00:00, run_after=2023-11-05T18:36:41.272123+00:00
[2023-11-05T18:36:41.324+0000] {processor.py:179} INFO - Processing /home/airflow/.local/lib/python3.8/site-packages/airflow/example_dags/tutorial.py took 0.179 seconds
[2023-11-05T18:37:12.027+0000] {processor.py:157} INFO - Started process (PID=190) to work on /home/airflow/.local/lib/python3.8/site-packages/airflow/example_dags/tutorial.py
[2023-11-05T18:37:12.034+0000] {processor.py:829} INFO - Processing file /home/airflow/.local/lib/python3.8/site-packages/airflow/example_dags/tutorial.py for tasks to queue
[2023-11-05T18:37:12.044+0000] {logging_mixin.py:151} INFO - [2023-11-05T18:37:12.044+0000] {dagbag.py:536} INFO - Filling up the DagBag from /home/airflow/.local/lib/python3.8/site-packages/airflow/example_dags/tutorial.py
[2023-11-05T18:37:12.072+0000] {processor.py:839} INFO - DAG(s) dict_keys(['tutorial']) retrieved from /home/airflow/.local/lib/python3.8/site-packages/airflow/example_dags/tutorial.py
[2023-11-05T18:37:12.167+0000] {logging_mixin.py:151} INFO - [2023-11-05T18:37:12.166+0000] {dag.py:2941} INFO - Sync 1 DAGs
[2023-11-05T18:37:12.240+0000] {logging_mixin.py:151} INFO - [2023-11-05T18:37:12.240+0000] {dag.py:3722} INFO - Setting next_dagrun for tutorial to 2023-11-04T18:37:12.239211+00:00, run_after=2023-11-05T18:37:12.239211+00:00
[2023-11-05T18:37:12.302+0000] {processor.py:179} INFO - Processing /home/airflow/.local/lib/python3.8/site-packages/airflow/example_dags/tutorial.py took 0.278 seconds
[2023-11-05T18:37:42.759+0000] {processor.py:157} INFO - Started process (PID=244) to work on /home/airflow/.local/lib/python3.8/site-packages/airflow/example_dags/tutorial.py
[2023-11-05T18:37:42.762+0000] {processor.py:829} INFO - Processing file /home/airflow/.local/lib/python3.8/site-packages/airflow/example_dags/tutorial.py for tasks to queue
[2023-11-05T18:37:42.764+0000] {logging_mixin.py:151} INFO - [2023-11-05T18:37:42.764+0000] {dagbag.py:536} INFO - Filling up the DagBag from /home/airflow/.local/lib/python3.8/site-packages/airflow/example_dags/tutorial.py
[2023-11-05T18:37:42.769+0000] {processor.py:839} INFO - DAG(s) dict_keys(['tutorial']) retrieved from /home/airflow/.local/lib/python3.8/site-packages/airflow/example_dags/tutorial.py
[2023-11-05T18:37:42.798+0000] {logging_mixin.py:151} INFO - [2023-11-05T18:37:42.797+0000] {dag.py:2941} INFO - Sync 1 DAGs
[2023-11-05T18:37:42.818+0000] {logging_mixin.py:151} INFO - [2023-11-05T18:37:42.818+0000] {dag.py:3722} INFO - Setting next_dagrun for tutorial to 2023-11-04T18:37:42.818293+00:00, run_after=2023-11-05T18:37:42.818293+00:00
[2023-11-05T18:37:42.864+0000] {processor.py:179} INFO - Processing /home/airflow/.local/lib/python3.8/site-packages/airflow/example_dags/tutorial.py took 0.106 seconds
[2023-11-05T18:38:13.886+0000] {processor.py:157} INFO - Started process (PID=297) to work on /home/airflow/.local/lib/python3.8/site-packages/airflow/example_dags/tutorial.py
[2023-11-05T18:38:13.898+0000] {processor.py:829} INFO - Processing file /home/airflow/.local/lib/python3.8/site-packages/airflow/example_dags/tutorial.py for tasks to queue
[2023-11-05T18:38:13.918+0000] {logging_mixin.py:151} INFO - [2023-11-05T18:38:13.918+0000] {dagbag.py:536} INFO - Filling up the DagBag from /home/airflow/.local/lib/python3.8/site-packages/airflow/example_dags/tutorial.py
[2023-11-05T18:38:13.934+0000] {processor.py:839} INFO - DAG(s) dict_keys(['tutorial']) retrieved from /home/airflow/.local/lib/python3.8/site-packages/airflow/example_dags/tutorial.py
[2023-11-05T18:38:14.000+0000] {logging_mixin.py:151} INFO - [2023-11-05T18:38:14.000+0000] {dag.py:2941} INFO - Sync 1 DAGs
[2023-11-05T18:38:14.042+0000] {logging_mixin.py:151} INFO - [2023-11-05T18:38:14.042+0000] {dag.py:3722} INFO - Setting next_dagrun for tutorial to 2023-11-04T18:38:14.042325+00:00, run_after=2023-11-05T18:38:14.042325+00:00
[2023-11-05T18:38:14.121+0000] {processor.py:179} INFO - Processing /home/airflow/.local/lib/python3.8/site-packages/airflow/example_dags/tutorial.py took 0.250 seconds
[2023-11-05T18:38:44.356+0000] {processor.py:157} INFO - Started process (PID=351) to work on /home/airflow/.local/lib/python3.8/site-packages/airflow/example_dags/tutorial.py
[2023-11-05T18:38:44.357+0000] {processor.py:829} INFO - Processing file /home/airflow/.local/lib/python3.8/site-packages/airflow/example_dags/tutorial.py for tasks to queue
[2023-11-05T18:38:44.359+0000] {logging_mixin.py:151} INFO - [2023-11-05T18:38:44.359+0000] {dagbag.py:536} INFO - Filling up the DagBag from /home/airflow/.local/lib/python3.8/site-packages/airflow/example_dags/tutorial.py
[2023-11-05T18:38:44.364+0000] {processor.py:839} INFO - DAG(s) dict_keys(['tutorial']) retrieved from /home/airflow/.local/lib/python3.8/site-packages/airflow/example_dags/tutorial.py
[2023-11-05T18:38:44.434+0000] {logging_mixin.py:151} INFO - [2023-11-05T18:38:44.432+0000] {dag.py:2941} INFO - Sync 1 DAGs
[2023-11-05T18:38:44.462+0000] {logging_mixin.py:151} INFO - [2023-11-05T18:38:44.462+0000] {dag.py:3722} INFO - Setting next_dagrun for tutorial to 2023-11-04T18:38:44.461835+00:00, run_after=2023-11-05T18:38:44.461835+00:00
[2023-11-05T18:38:44.520+0000] {processor.py:179} INFO - Processing /home/airflow/.local/lib/python3.8/site-packages/airflow/example_dags/tutorial.py took 0.166 seconds
[2023-11-05T18:39:14.872+0000] {processor.py:157} INFO - Started process (PID=405) to work on /home/airflow/.local/lib/python3.8/site-packages/airflow/example_dags/tutorial.py
[2023-11-05T18:39:14.884+0000] {processor.py:829} INFO - Processing file /home/airflow/.local/lib/python3.8/site-packages/airflow/example_dags/tutorial.py for tasks to queue
[2023-11-05T18:39:14.899+0000] {logging_mixin.py:151} INFO - [2023-11-05T18:39:14.899+0000] {dagbag.py:536} INFO - Filling up the DagBag from /home/airflow/.local/lib/python3.8/site-packages/airflow/example_dags/tutorial.py
[2023-11-05T18:39:14.918+0000] {processor.py:839} INFO - DAG(s) dict_keys(['tutorial']) retrieved from /home/airflow/.local/lib/python3.8/site-packages/airflow/example_dags/tutorial.py
[2023-11-05T18:39:14.971+0000] {logging_mixin.py:151} INFO - [2023-11-05T18:39:14.971+0000] {dag.py:2941} INFO - Sync 1 DAGs
[2023-11-05T18:39:15.006+0000] {logging_mixin.py:151} INFO - [2023-11-05T18:39:15.006+0000] {dag.py:3722} INFO - Setting next_dagrun for tutorial to 2023-11-04T18:39:15.005645+00:00, run_after=2023-11-05T18:39:15.005645+00:00
[2023-11-05T18:39:15.093+0000] {processor.py:179} INFO - Processing /home/airflow/.local/lib/python3.8/site-packages/airflow/example_dags/tutorial.py took 0.225 seconds
[2023-11-05T18:39:45.422+0000] {processor.py:157} INFO - Started process (PID=459) to work on /home/airflow/.local/lib/python3.8/site-packages/airflow/example_dags/tutorial.py
[2023-11-05T18:39:45.435+0000] {processor.py:829} INFO - Processing file /home/airflow/.local/lib/python3.8/site-packages/airflow/example_dags/tutorial.py for tasks to queue
[2023-11-05T18:39:45.446+0000] {logging_mixin.py:151} INFO - [2023-11-05T18:39:45.446+0000] {dagbag.py:536} INFO - Filling up the DagBag from /home/airflow/.local/lib/python3.8/site-packages/airflow/example_dags/tutorial.py
[2023-11-05T18:39:45.455+0000] {processor.py:839} INFO - DAG(s) dict_keys(['tutorial']) retrieved from /home/airflow/.local/lib/python3.8/site-packages/airflow/example_dags/tutorial.py
[2023-11-05T18:39:45.565+0000] {logging_mixin.py:151} INFO - [2023-11-05T18:39:45.565+0000] {dag.py:2941} INFO - Sync 1 DAGs
[2023-11-05T18:39:45.610+0000] {logging_mixin.py:151} INFO - [2023-11-05T18:39:45.609+0000] {dag.py:3722} INFO - Setting next_dagrun for tutorial to 2023-11-04T18:39:45.609437+00:00, run_after=2023-11-05T18:39:45.609437+00:00
[2023-11-05T18:39:45.658+0000] {processor.py:179} INFO - Processing /home/airflow/.local/lib/python3.8/site-packages/airflow/example_dags/tutorial.py took 0.241 seconds
[2023-11-05T18:40:16.537+0000] {processor.py:157} INFO - Started process (PID=513) to work on /home/airflow/.local/lib/python3.8/site-packages/airflow/example_dags/tutorial.py
[2023-11-05T18:40:16.538+0000] {processor.py:829} INFO - Processing file /home/airflow/.local/lib/python3.8/site-packages/airflow/example_dags/tutorial.py for tasks to queue
[2023-11-05T18:40:16.541+0000] {logging_mixin.py:151} INFO - [2023-11-05T18:40:16.540+0000] {dagbag.py:536} INFO - Filling up the DagBag from /home/airflow/.local/lib/python3.8/site-packages/airflow/example_dags/tutorial.py
[2023-11-05T18:40:16.549+0000] {processor.py:839} INFO - DAG(s) dict_keys(['tutorial']) retrieved from /home/airflow/.local/lib/python3.8/site-packages/airflow/example_dags/tutorial.py
[2023-11-05T18:40:16.571+0000] {logging_mixin.py:151} INFO - [2023-11-05T18:40:16.571+0000] {dag.py:2941} INFO - Sync 1 DAGs
[2023-11-05T18:40:16.591+0000] {logging_mixin.py:151} INFO - [2023-11-05T18:40:16.591+0000] {dag.py:3722} INFO - Setting next_dagrun for tutorial to 2023-11-04T18:40:16.591506+00:00, run_after=2023-11-05T18:40:16.591506+00:00
[2023-11-05T18:40:16.616+0000] {processor.py:179} INFO - Processing /home/airflow/.local/lib/python3.8/site-packages/airflow/example_dags/tutorial.py took 0.082 seconds
[2023-11-05T18:40:47.402+0000] {processor.py:157} INFO - Started process (PID=567) to work on /home/airflow/.local/lib/python3.8/site-packages/airflow/example_dags/tutorial.py
[2023-11-05T18:40:47.403+0000] {processor.py:829} INFO - Processing file /home/airflow/.local/lib/python3.8/site-packages/airflow/example_dags/tutorial.py for tasks to queue
[2023-11-05T18:40:47.405+0000] {logging_mixin.py:151} INFO - [2023-11-05T18:40:47.405+0000] {dagbag.py:536} INFO - Filling up the DagBag from /home/airflow/.local/lib/python3.8/site-packages/airflow/example_dags/tutorial.py
[2023-11-05T18:40:47.415+0000] {processor.py:839} INFO - DAG(s) dict_keys(['tutorial']) retrieved from /home/airflow/.local/lib/python3.8/site-packages/airflow/example_dags/tutorial.py
[2023-11-05T18:40:47.443+0000] {logging_mixin.py:151} INFO - [2023-11-05T18:40:47.443+0000] {dag.py:2941} INFO - Sync 1 DAGs
[2023-11-05T18:40:47.468+0000] {logging_mixin.py:151} INFO - [2023-11-05T18:40:47.468+0000] {dag.py:3722} INFO - Setting next_dagrun for tutorial to 2023-11-04T18:40:47.468535+00:00, run_after=2023-11-05T18:40:47.468535+00:00
[2023-11-05T18:40:47.490+0000] {processor.py:179} INFO - Processing /home/airflow/.local/lib/python3.8/site-packages/airflow/example_dags/tutorial.py took 0.091 seconds
[2023-11-05T18:41:17.553+0000] {processor.py:157} INFO - Started process (PID=621) to work on /home/airflow/.local/lib/python3.8/site-packages/airflow/example_dags/tutorial.py
[2023-11-05T18:41:17.558+0000] {processor.py:829} INFO - Processing file /home/airflow/.local/lib/python3.8/site-packages/airflow/example_dags/tutorial.py for tasks to queue
[2023-11-05T18:41:17.560+0000] {logging_mixin.py:151} INFO - [2023-11-05T18:41:17.560+0000] {dagbag.py:536} INFO - Filling up the DagBag from /home/airflow/.local/lib/python3.8/site-packages/airflow/example_dags/tutorial.py
[2023-11-05T18:41:17.570+0000] {processor.py:839} INFO - DAG(s) dict_keys(['tutorial']) retrieved from /home/airflow/.local/lib/python3.8/site-packages/airflow/example_dags/tutorial.py
[2023-11-05T18:41:17.594+0000] {logging_mixin.py:151} INFO - [2023-11-05T18:41:17.594+0000] {dag.py:2941} INFO - Sync 1 DAGs
[2023-11-05T18:41:17.615+0000] {logging_mixin.py:151} INFO - [2023-11-05T18:41:17.615+0000] {dag.py:3722} INFO - Setting next_dagrun for tutorial to 2023-11-04T18:41:17.615292+00:00, run_after=2023-11-05T18:41:17.615292+00:00
[2023-11-05T18:41:17.634+0000] {processor.py:179} INFO - Processing /home/airflow/.local/lib/python3.8/site-packages/airflow/example_dags/tutorial.py took 0.084 seconds
[2023-11-05T18:41:47.888+0000] {processor.py:157} INFO - Started process (PID=674) to work on /home/airflow/.local/lib/python3.8/site-packages/airflow/example_dags/tutorial.py
[2023-11-05T18:41:47.889+0000] {processor.py:829} INFO - Processing file /home/airflow/.local/lib/python3.8/site-packages/airflow/example_dags/tutorial.py for tasks to queue
[2023-11-05T18:41:47.890+0000] {logging_mixin.py:151} INFO - [2023-11-05T18:41:47.890+0000] {dagbag.py:536} INFO - Filling up the DagBag from /home/airflow/.local/lib/python3.8/site-packages/airflow/example_dags/tutorial.py
[2023-11-05T18:41:47.894+0000] {processor.py:839} INFO - DAG(s) dict_keys(['tutorial']) retrieved from /home/airflow/.local/lib/python3.8/site-packages/airflow/example_dags/tutorial.py
[2023-11-05T18:41:47.914+0000] {logging_mixin.py:151} INFO - [2023-11-05T18:41:47.914+0000] {dag.py:2941} INFO - Sync 1 DAGs
[2023-11-05T18:41:47.937+0000] {logging_mixin.py:151} INFO - [2023-11-05T18:41:47.937+0000] {dag.py:3722} INFO - Setting next_dagrun for tutorial to 2023-11-04T18:41:47.937004+00:00, run_after=2023-11-05T18:41:47.937004+00:00
[2023-11-05T18:41:47.954+0000] {processor.py:179} INFO - Processing /home/airflow/.local/lib/python3.8/site-packages/airflow/example_dags/tutorial.py took 0.068 seconds
[2023-11-05T18:42:18.785+0000] {processor.py:157} INFO - Started process (PID=728) to work on /home/airflow/.local/lib/python3.8/site-packages/airflow/example_dags/tutorial.py
[2023-11-05T18:42:18.786+0000] {processor.py:829} INFO - Processing file /home/airflow/.local/lib/python3.8/site-packages/airflow/example_dags/tutorial.py for tasks to queue
[2023-11-05T18:42:18.788+0000] {logging_mixin.py:151} INFO - [2023-11-05T18:42:18.788+0000] {dagbag.py:536} INFO - Filling up the DagBag from /home/airflow/.local/lib/python3.8/site-packages/airflow/example_dags/tutorial.py
[2023-11-05T18:42:18.794+0000] {processor.py:839} INFO - DAG(s) dict_keys(['tutorial']) retrieved from /home/airflow/.local/lib/python3.8/site-packages/airflow/example_dags/tutorial.py
[2023-11-05T18:42:18.814+0000] {logging_mixin.py:151} INFO - [2023-11-05T18:42:18.813+0000] {dag.py:2941} INFO - Sync 1 DAGs
[2023-11-05T18:42:18.833+0000] {logging_mixin.py:151} INFO - [2023-11-05T18:42:18.833+0000] {dag.py:3722} INFO - Setting next_dagrun for tutorial to 2023-11-04T18:42:18.832873+00:00, run_after=2023-11-05T18:42:18.832873+00:00
[2023-11-05T18:42:18.851+0000] {processor.py:179} INFO - Processing /home/airflow/.local/lib/python3.8/site-packages/airflow/example_dags/tutorial.py took 0.071 seconds
[2023-11-05T18:42:49.719+0000] {processor.py:157} INFO - Started process (PID=782) to work on /home/airflow/.local/lib/python3.8/site-packages/airflow/example_dags/tutorial.py
[2023-11-05T18:42:49.721+0000] {processor.py:829} INFO - Processing file /home/airflow/.local/lib/python3.8/site-packages/airflow/example_dags/tutorial.py for tasks to queue
[2023-11-05T18:42:49.723+0000] {logging_mixin.py:151} INFO - [2023-11-05T18:42:49.722+0000] {dagbag.py:536} INFO - Filling up the DagBag from /home/airflow/.local/lib/python3.8/site-packages/airflow/example_dags/tutorial.py
[2023-11-05T18:42:49.728+0000] {processor.py:839} INFO - DAG(s) dict_keys(['tutorial']) retrieved from /home/airflow/.local/lib/python3.8/site-packages/airflow/example_dags/tutorial.py
[2023-11-05T18:42:49.747+0000] {logging_mixin.py:151} INFO - [2023-11-05T18:42:49.747+0000] {dag.py:2941} INFO - Sync 1 DAGs
[2023-11-05T18:42:49.765+0000] {logging_mixin.py:151} INFO - [2023-11-05T18:42:49.764+0000] {dag.py:3722} INFO - Setting next_dagrun for tutorial to 2023-11-04T18:42:49.764831+00:00, run_after=2023-11-05T18:42:49.764831+00:00
[2023-11-05T18:42:49.786+0000] {processor.py:179} INFO - Processing /home/airflow/.local/lib/python3.8/site-packages/airflow/example_dags/tutorial.py took 0.069 seconds
[2023-11-05T18:43:20.200+0000] {processor.py:157} INFO - Started process (PID=836) to work on /home/airflow/.local/lib/python3.8/site-packages/airflow/example_dags/tutorial.py
[2023-11-05T18:43:20.202+0000] {processor.py:829} INFO - Processing file /home/airflow/.local/lib/python3.8/site-packages/airflow/example_dags/tutorial.py for tasks to queue
[2023-11-05T18:43:20.204+0000] {logging_mixin.py:151} INFO - [2023-11-05T18:43:20.204+0000] {dagbag.py:536} INFO - Filling up the DagBag from /home/airflow/.local/lib/python3.8/site-packages/airflow/example_dags/tutorial.py
[2023-11-05T18:43:20.213+0000] {processor.py:839} INFO - DAG(s) dict_keys(['tutorial']) retrieved from /home/airflow/.local/lib/python3.8/site-packages/airflow/example_dags/tutorial.py
[2023-11-05T18:43:20.236+0000] {logging_mixin.py:151} INFO - [2023-11-05T18:43:20.236+0000] {dag.py:2941} INFO - Sync 1 DAGs
[2023-11-05T18:43:20.254+0000] {logging_mixin.py:151} INFO - [2023-11-05T18:43:20.254+0000] {dag.py:3722} INFO - Setting next_dagrun for tutorial to 2023-11-04T18:43:20.254376+00:00, run_after=2023-11-05T18:43:20.254376+00:00
[2023-11-05T18:43:20.285+0000] {processor.py:179} INFO - Processing /home/airflow/.local/lib/python3.8/site-packages/airflow/example_dags/tutorial.py took 0.088 seconds
[2023-11-05T18:43:51.164+0000] {processor.py:157} INFO - Started process (PID=890) to work on /home/airflow/.local/lib/python3.8/site-packages/airflow/example_dags/tutorial.py
[2023-11-05T18:43:51.165+0000] {processor.py:829} INFO - Processing file /home/airflow/.local/lib/python3.8/site-packages/airflow/example_dags/tutorial.py for tasks to queue
[2023-11-05T18:43:51.168+0000] {logging_mixin.py:151} INFO - [2023-11-05T18:43:51.167+0000] {dagbag.py:536} INFO - Filling up the DagBag from /home/airflow/.local/lib/python3.8/site-packages/airflow/example_dags/tutorial.py
[2023-11-05T18:43:51.172+0000] {processor.py:839} INFO - DAG(s) dict_keys(['tutorial']) retrieved from /home/airflow/.local/lib/python3.8/site-packages/airflow/example_dags/tutorial.py
[2023-11-05T18:43:51.190+0000] {logging_mixin.py:151} INFO - [2023-11-05T18:43:51.190+0000] {dag.py:2941} INFO - Sync 1 DAGs
[2023-11-05T18:43:51.203+0000] {logging_mixin.py:151} INFO - [2023-11-05T18:43:51.203+0000] {dag.py:3722} INFO - Setting next_dagrun for tutorial to 2023-11-04T18:43:51.203486+00:00, run_after=2023-11-05T18:43:51.203486+00:00
[2023-11-05T18:43:51.379+0000] {processor.py:179} INFO - Processing /home/airflow/.local/lib/python3.8/site-packages/airflow/example_dags/tutorial.py took 0.218 seconds
[2023-11-05T18:44:21.560+0000] {processor.py:157} INFO - Started process (PID=944) to work on /home/airflow/.local/lib/python3.8/site-packages/airflow/example_dags/tutorial.py
[2023-11-05T18:44:21.561+0000] {processor.py:829} INFO - Processing file /home/airflow/.local/lib/python3.8/site-packages/airflow/example_dags/tutorial.py for tasks to queue
[2023-11-05T18:44:21.565+0000] {logging_mixin.py:151} INFO - [2023-11-05T18:44:21.564+0000] {dagbag.py:536} INFO - Filling up the DagBag from /home/airflow/.local/lib/python3.8/site-packages/airflow/example_dags/tutorial.py
[2023-11-05T18:44:21.570+0000] {processor.py:839} INFO - DAG(s) dict_keys(['tutorial']) retrieved from /home/airflow/.local/lib/python3.8/site-packages/airflow/example_dags/tutorial.py
[2023-11-05T18:44:21.598+0000] {logging_mixin.py:151} INFO - [2023-11-05T18:44:21.598+0000] {dag.py:2941} INFO - Sync 1 DAGs
[2023-11-05T18:44:21.614+0000] {logging_mixin.py:151} INFO - [2023-11-05T18:44:21.614+0000] {dag.py:3722} INFO - Setting next_dagrun for tutorial to 2023-11-04T18:44:21.614084+00:00, run_after=2023-11-05T18:44:21.614084+00:00
[2023-11-05T18:44:21.632+0000] {processor.py:179} INFO - Processing /home/airflow/.local/lib/python3.8/site-packages/airflow/example_dags/tutorial.py took 0.075 seconds
[2023-11-05T18:44:51.930+0000] {processor.py:157} INFO - Started process (PID=997) to work on /home/airflow/.local/lib/python3.8/site-packages/airflow/example_dags/tutorial.py
[2023-11-05T18:44:51.938+0000] {processor.py:829} INFO - Processing file /home/airflow/.local/lib/python3.8/site-packages/airflow/example_dags/tutorial.py for tasks to queue
[2023-11-05T18:44:51.944+0000] {logging_mixin.py:151} INFO - [2023-11-05T18:44:51.944+0000] {dagbag.py:536} INFO - Filling up the DagBag from /home/airflow/.local/lib/python3.8/site-packages/airflow/example_dags/tutorial.py
[2023-11-05T18:44:51.954+0000] {processor.py:839} INFO - DAG(s) dict_keys(['tutorial']) retrieved from /home/airflow/.local/lib/python3.8/site-packages/airflow/example_dags/tutorial.py
[2023-11-05T18:44:52.011+0000] {logging_mixin.py:151} INFO - [2023-11-05T18:44:52.007+0000] {dag.py:2941} INFO - Sync 1 DAGs
[2023-11-05T18:44:52.084+0000] {logging_mixin.py:151} INFO - [2023-11-05T18:44:52.083+0000] {dag.py:3722} INFO - Setting next_dagrun for tutorial to 2023-11-04T18:44:52.083751+00:00, run_after=2023-11-05T18:44:52.083751+00:00
[2023-11-05T18:44:52.148+0000] {processor.py:179} INFO - Processing /home/airflow/.local/lib/python3.8/site-packages/airflow/example_dags/tutorial.py took 0.223 seconds
[2023-11-05T18:46:15.205+0000] {processor.py:157} INFO - Started process (PID=76) to work on /home/airflow/.local/lib/python3.8/site-packages/airflow/example_dags/tutorial.py
[2023-11-05T18:46:15.214+0000] {processor.py:829} INFO - Processing file /home/airflow/.local/lib/python3.8/site-packages/airflow/example_dags/tutorial.py for tasks to queue
[2023-11-05T18:46:15.216+0000] {logging_mixin.py:151} INFO - [2023-11-05T18:46:15.216+0000] {dagbag.py:536} INFO - Filling up the DagBag from /home/airflow/.local/lib/python3.8/site-packages/airflow/example_dags/tutorial.py
[2023-11-05T18:46:15.223+0000] {processor.py:839} INFO - DAG(s) dict_keys(['tutorial']) retrieved from /home/airflow/.local/lib/python3.8/site-packages/airflow/example_dags/tutorial.py
[2023-11-05T18:46:15.261+0000] {logging_mixin.py:151} INFO - [2023-11-05T18:46:15.261+0000] {dag.py:2941} INFO - Sync 1 DAGs
[2023-11-05T18:46:15.285+0000] {logging_mixin.py:151} INFO - [2023-11-05T18:46:15.285+0000] {dag.py:3722} INFO - Setting next_dagrun for tutorial to 2023-11-04T18:46:15.284893+00:00, run_after=2023-11-05T18:46:15.284893+00:00
[2023-11-05T18:46:15.320+0000] {processor.py:179} INFO - Processing /home/airflow/.local/lib/python3.8/site-packages/airflow/example_dags/tutorial.py took 0.117 seconds
[2023-11-05T18:46:45.488+0000] {processor.py:157} INFO - Started process (PID=130) to work on /home/airflow/.local/lib/python3.8/site-packages/airflow/example_dags/tutorial.py
[2023-11-05T18:46:45.509+0000] {processor.py:829} INFO - Processing file /home/airflow/.local/lib/python3.8/site-packages/airflow/example_dags/tutorial.py for tasks to queue
[2023-11-05T18:46:45.525+0000] {logging_mixin.py:151} INFO - [2023-11-05T18:46:45.524+0000] {dagbag.py:536} INFO - Filling up the DagBag from /home/airflow/.local/lib/python3.8/site-packages/airflow/example_dags/tutorial.py
[2023-11-05T18:46:45.553+0000] {processor.py:839} INFO - DAG(s) dict_keys(['tutorial']) retrieved from /home/airflow/.local/lib/python3.8/site-packages/airflow/example_dags/tutorial.py
[2023-11-05T18:46:45.658+0000] {logging_mixin.py:151} INFO - [2023-11-05T18:46:45.658+0000] {dag.py:2941} INFO - Sync 1 DAGs
[2023-11-05T18:46:45.684+0000] {logging_mixin.py:151} INFO - [2023-11-05T18:46:45.683+0000] {dag.py:3722} INFO - Setting next_dagrun for tutorial to 2023-11-04T18:46:45.683523+00:00, run_after=2023-11-05T18:46:45.683523+00:00
[2023-11-05T18:46:45.730+0000] {processor.py:179} INFO - Processing /home/airflow/.local/lib/python3.8/site-packages/airflow/example_dags/tutorial.py took 0.245 seconds
[2023-11-05T18:47:15.863+0000] {processor.py:157} INFO - Started process (PID=184) to work on /home/airflow/.local/lib/python3.8/site-packages/airflow/example_dags/tutorial.py
[2023-11-05T18:47:15.865+0000] {processor.py:829} INFO - Processing file /home/airflow/.local/lib/python3.8/site-packages/airflow/example_dags/tutorial.py for tasks to queue
[2023-11-05T18:47:15.868+0000] {logging_mixin.py:151} INFO - [2023-11-05T18:47:15.867+0000] {dagbag.py:536} INFO - Filling up the DagBag from /home/airflow/.local/lib/python3.8/site-packages/airflow/example_dags/tutorial.py
[2023-11-05T18:47:15.872+0000] {processor.py:839} INFO - DAG(s) dict_keys(['tutorial']) retrieved from /home/airflow/.local/lib/python3.8/site-packages/airflow/example_dags/tutorial.py
[2023-11-05T18:47:15.932+0000] {logging_mixin.py:151} INFO - [2023-11-05T18:47:15.932+0000] {dag.py:2941} INFO - Sync 1 DAGs
[2023-11-05T18:47:15.962+0000] {logging_mixin.py:151} INFO - [2023-11-05T18:47:15.962+0000] {dag.py:3722} INFO - Setting next_dagrun for tutorial to 2023-11-04T18:47:15.961867+00:00, run_after=2023-11-05T18:47:15.961867+00:00
[2023-11-05T18:47:16.023+0000] {processor.py:179} INFO - Processing /home/airflow/.local/lib/python3.8/site-packages/airflow/example_dags/tutorial.py took 0.162 seconds
[2023-11-05T18:47:46.227+0000] {processor.py:157} INFO - Started process (PID=238) to work on /home/airflow/.local/lib/python3.8/site-packages/airflow/example_dags/tutorial.py
[2023-11-05T18:47:46.241+0000] {processor.py:829} INFO - Processing file /home/airflow/.local/lib/python3.8/site-packages/airflow/example_dags/tutorial.py for tasks to queue
[2023-11-05T18:47:46.251+0000] {logging_mixin.py:151} INFO - [2023-11-05T18:47:46.250+0000] {dagbag.py:536} INFO - Filling up the DagBag from /home/airflow/.local/lib/python3.8/site-packages/airflow/example_dags/tutorial.py
[2023-11-05T18:47:46.261+0000] {processor.py:839} INFO - DAG(s) dict_keys(['tutorial']) retrieved from /home/airflow/.local/lib/python3.8/site-packages/airflow/example_dags/tutorial.py
[2023-11-05T18:47:46.330+0000] {logging_mixin.py:151} INFO - [2023-11-05T18:47:46.330+0000] {dag.py:2941} INFO - Sync 1 DAGs
[2023-11-05T18:47:46.383+0000] {logging_mixin.py:151} INFO - [2023-11-05T18:47:46.380+0000] {dag.py:3722} INFO - Setting next_dagrun for tutorial to 2023-11-04T18:47:46.378662+00:00, run_after=2023-11-05T18:47:46.378662+00:00
[2023-11-05T18:47:46.451+0000] {processor.py:179} INFO - Processing /home/airflow/.local/lib/python3.8/site-packages/airflow/example_dags/tutorial.py took 0.226 seconds
[2023-11-05T18:48:16.898+0000] {processor.py:157} INFO - Started process (PID=292) to work on /home/airflow/.local/lib/python3.8/site-packages/airflow/example_dags/tutorial.py
[2023-11-05T18:48:16.904+0000] {processor.py:829} INFO - Processing file /home/airflow/.local/lib/python3.8/site-packages/airflow/example_dags/tutorial.py for tasks to queue
[2023-11-05T18:48:16.916+0000] {logging_mixin.py:151} INFO - [2023-11-05T18:48:16.916+0000] {dagbag.py:536} INFO - Filling up the DagBag from /home/airflow/.local/lib/python3.8/site-packages/airflow/example_dags/tutorial.py
[2023-11-05T18:48:16.927+0000] {processor.py:839} INFO - DAG(s) dict_keys(['tutorial']) retrieved from /home/airflow/.local/lib/python3.8/site-packages/airflow/example_dags/tutorial.py
[2023-11-05T18:48:16.996+0000] {logging_mixin.py:151} INFO - [2023-11-05T18:48:16.996+0000] {dag.py:2941} INFO - Sync 1 DAGs
[2023-11-05T18:48:17.035+0000] {logging_mixin.py:151} INFO - [2023-11-05T18:48:17.035+0000] {dag.py:3722} INFO - Setting next_dagrun for tutorial to 2023-11-04T18:48:17.035181+00:00, run_after=2023-11-05T18:48:17.035181+00:00
[2023-11-05T18:48:17.085+0000] {processor.py:179} INFO - Processing /home/airflow/.local/lib/python3.8/site-packages/airflow/example_dags/tutorial.py took 0.189 seconds
[2023-11-05T18:48:47.800+0000] {processor.py:157} INFO - Started process (PID=346) to work on /home/airflow/.local/lib/python3.8/site-packages/airflow/example_dags/tutorial.py
[2023-11-05T18:48:47.807+0000] {processor.py:829} INFO - Processing file /home/airflow/.local/lib/python3.8/site-packages/airflow/example_dags/tutorial.py for tasks to queue
[2023-11-05T18:48:47.810+0000] {logging_mixin.py:151} INFO - [2023-11-05T18:48:47.810+0000] {dagbag.py:536} INFO - Filling up the DagBag from /home/airflow/.local/lib/python3.8/site-packages/airflow/example_dags/tutorial.py
[2023-11-05T18:48:47.815+0000] {processor.py:839} INFO - DAG(s) dict_keys(['tutorial']) retrieved from /home/airflow/.local/lib/python3.8/site-packages/airflow/example_dags/tutorial.py
[2023-11-05T18:48:47.851+0000] {logging_mixin.py:151} INFO - [2023-11-05T18:48:47.851+0000] {dag.py:2941} INFO - Sync 1 DAGs
[2023-11-05T18:48:47.876+0000] {logging_mixin.py:151} INFO - [2023-11-05T18:48:47.876+0000] {dag.py:3722} INFO - Setting next_dagrun for tutorial to 2023-11-04T18:48:47.875692+00:00, run_after=2023-11-05T18:48:47.875692+00:00
[2023-11-05T18:48:47.902+0000] {processor.py:179} INFO - Processing /home/airflow/.local/lib/python3.8/site-packages/airflow/example_dags/tutorial.py took 0.107 seconds
[2023-11-05T18:53:33.203+0000] {processor.py:157} INFO - Started process (PID=400) to work on /home/airflow/.local/lib/python3.8/site-packages/airflow/example_dags/tutorial.py
[2023-11-05T18:53:33.204+0000] {processor.py:829} INFO - Processing file /home/airflow/.local/lib/python3.8/site-packages/airflow/example_dags/tutorial.py for tasks to queue
[2023-11-05T18:53:33.206+0000] {logging_mixin.py:151} INFO - [2023-11-05T18:53:33.206+0000] {dagbag.py:536} INFO - Filling up the DagBag from /home/airflow/.local/lib/python3.8/site-packages/airflow/example_dags/tutorial.py
[2023-11-05T18:53:33.210+0000] {processor.py:839} INFO - DAG(s) dict_keys(['tutorial']) retrieved from /home/airflow/.local/lib/python3.8/site-packages/airflow/example_dags/tutorial.py
[2023-11-05T18:53:33.268+0000] {logging_mixin.py:151} INFO - [2023-11-05T18:53:33.267+0000] {dag.py:2941} INFO - Sync 1 DAGs
[2023-11-05T18:53:33.293+0000] {logging_mixin.py:151} INFO - [2023-11-05T18:53:33.293+0000] {dag.py:3722} INFO - Setting next_dagrun for tutorial to 2023-11-04T18:53:33.293427+00:00, run_after=2023-11-05T18:53:33.293427+00:00
[2023-11-05T18:53:33.329+0000] {processor.py:179} INFO - Processing /home/airflow/.local/lib/python3.8/site-packages/airflow/example_dags/tutorial.py took 0.130 seconds
[2023-11-05T18:54:07.527+0000] {processor.py:157} INFO - Started process (PID=454) to work on /home/airflow/.local/lib/python3.8/site-packages/airflow/example_dags/tutorial.py
[2023-11-05T18:54:07.528+0000] {processor.py:829} INFO - Processing file /home/airflow/.local/lib/python3.8/site-packages/airflow/example_dags/tutorial.py for tasks to queue
[2023-11-05T18:54:07.530+0000] {logging_mixin.py:151} INFO - [2023-11-05T18:54:07.530+0000] {dagbag.py:536} INFO - Filling up the DagBag from /home/airflow/.local/lib/python3.8/site-packages/airflow/example_dags/tutorial.py
[2023-11-05T18:54:07.547+0000] {processor.py:839} INFO - DAG(s) dict_keys(['tutorial']) retrieved from /home/airflow/.local/lib/python3.8/site-packages/airflow/example_dags/tutorial.py
[2023-11-05T18:54:07.616+0000] {logging_mixin.py:151} INFO - [2023-11-05T18:54:07.615+0000] {dag.py:2941} INFO - Sync 1 DAGs
[2023-11-05T18:54:07.639+0000] {logging_mixin.py:151} INFO - [2023-11-05T18:54:07.639+0000] {dag.py:3722} INFO - Setting next_dagrun for tutorial to 2023-11-04T18:54:07.639469+00:00, run_after=2023-11-05T18:54:07.639469+00:00
[2023-11-05T18:54:07.657+0000] {processor.py:179} INFO - Processing /home/airflow/.local/lib/python3.8/site-packages/airflow/example_dags/tutorial.py took 0.136 seconds
[2023-11-05T18:54:37.857+0000] {processor.py:157} INFO - Started process (PID=508) to work on /home/airflow/.local/lib/python3.8/site-packages/airflow/example_dags/tutorial.py
[2023-11-05T18:54:37.864+0000] {processor.py:829} INFO - Processing file /home/airflow/.local/lib/python3.8/site-packages/airflow/example_dags/tutorial.py for tasks to queue
[2023-11-05T18:54:37.870+0000] {logging_mixin.py:151} INFO - [2023-11-05T18:54:37.870+0000] {dagbag.py:536} INFO - Filling up the DagBag from /home/airflow/.local/lib/python3.8/site-packages/airflow/example_dags/tutorial.py
[2023-11-05T18:54:37.879+0000] {processor.py:839} INFO - DAG(s) dict_keys(['tutorial']) retrieved from /home/airflow/.local/lib/python3.8/site-packages/airflow/example_dags/tutorial.py
[2023-11-05T18:54:37.937+0000] {logging_mixin.py:151} INFO - [2023-11-05T18:54:37.937+0000] {dag.py:2941} INFO - Sync 1 DAGs
[2023-11-05T18:54:37.968+0000] {logging_mixin.py:151} INFO - [2023-11-05T18:54:37.968+0000] {dag.py:3722} INFO - Setting next_dagrun for tutorial to 2023-11-04T18:54:37.967892+00:00, run_after=2023-11-05T18:54:37.967892+00:00
[2023-11-05T18:54:38.029+0000] {processor.py:179} INFO - Processing /home/airflow/.local/lib/python3.8/site-packages/airflow/example_dags/tutorial.py took 0.178 seconds
