[2023-11-05T18:36:11.164+0000] {processor.py:157} INFO - Started process (PID=84) to work on /home/airflow/.local/lib/python3.8/site-packages/airflow/example_dags/tutorial_taskflow_api.py
[2023-11-05T18:36:11.192+0000] {processor.py:829} INFO - Processing file /home/airflow/.local/lib/python3.8/site-packages/airflow/example_dags/tutorial_taskflow_api.py for tasks to queue
[2023-11-05T18:36:11.204+0000] {logging_mixin.py:151} INFO - [2023-11-05T18:36:11.204+0000] {dagbag.py:536} INFO - Filling up the DagBag from /home/airflow/.local/lib/python3.8/site-packages/airflow/example_dags/tutorial_taskflow_api.py
[2023-11-05T18:36:11.228+0000] {processor.py:839} INFO - DAG(s) dict_keys(['tutorial_taskflow_api']) retrieved from /home/airflow/.local/lib/python3.8/site-packages/airflow/example_dags/tutorial_taskflow_api.py
[2023-11-05T18:36:11.288+0000] {logging_mixin.py:151} INFO - [2023-11-05T18:36:11.287+0000] {dag.py:2941} INFO - Sync 1 DAGs
[2023-11-05T18:36:11.302+0000] {logging_mixin.py:151} INFO - [2023-11-05T18:36:11.302+0000] {dag.py:3722} INFO - Setting next_dagrun for tutorial_taskflow_api to None, run_after=None
[2023-11-05T18:36:11.349+0000] {processor.py:179} INFO - Processing /home/airflow/.local/lib/python3.8/site-packages/airflow/example_dags/tutorial_taskflow_api.py took 0.189 seconds
[2023-11-05T18:36:41.441+0000] {processor.py:157} INFO - Started process (PID=137) to work on /home/airflow/.local/lib/python3.8/site-packages/airflow/example_dags/tutorial_taskflow_api.py
[2023-11-05T18:36:41.449+0000] {processor.py:829} INFO - Processing file /home/airflow/.local/lib/python3.8/site-packages/airflow/example_dags/tutorial_taskflow_api.py for tasks to queue
[2023-11-05T18:36:41.459+0000] {logging_mixin.py:151} INFO - [2023-11-05T18:36:41.458+0000] {dagbag.py:536} INFO - Filling up the DagBag from /home/airflow/.local/lib/python3.8/site-packages/airflow/example_dags/tutorial_taskflow_api.py
[2023-11-05T18:36:41.478+0000] {processor.py:839} INFO - DAG(s) dict_keys(['tutorial_taskflow_api']) retrieved from /home/airflow/.local/lib/python3.8/site-packages/airflow/example_dags/tutorial_taskflow_api.py
[2023-11-05T18:36:41.683+0000] {logging_mixin.py:151} INFO - [2023-11-05T18:36:41.683+0000] {dag.py:2941} INFO - Sync 1 DAGs
[2023-11-05T18:36:41.726+0000] {logging_mixin.py:151} INFO - [2023-11-05T18:36:41.725+0000] {dag.py:3722} INFO - Setting next_dagrun for tutorial_taskflow_api to None, run_after=None
[2023-11-05T18:36:41.786+0000] {processor.py:179} INFO - Processing /home/airflow/.local/lib/python3.8/site-packages/airflow/example_dags/tutorial_taskflow_api.py took 0.352 seconds
[2023-11-05T18:37:12.366+0000] {processor.py:157} INFO - Started process (PID=191) to work on /home/airflow/.local/lib/python3.8/site-packages/airflow/example_dags/tutorial_taskflow_api.py
[2023-11-05T18:37:12.374+0000] {processor.py:829} INFO - Processing file /home/airflow/.local/lib/python3.8/site-packages/airflow/example_dags/tutorial_taskflow_api.py for tasks to queue
[2023-11-05T18:37:12.383+0000] {logging_mixin.py:151} INFO - [2023-11-05T18:37:12.382+0000] {dagbag.py:536} INFO - Filling up the DagBag from /home/airflow/.local/lib/python3.8/site-packages/airflow/example_dags/tutorial_taskflow_api.py
[2023-11-05T18:37:12.397+0000] {processor.py:839} INFO - DAG(s) dict_keys(['tutorial_taskflow_api']) retrieved from /home/airflow/.local/lib/python3.8/site-packages/airflow/example_dags/tutorial_taskflow_api.py
[2023-11-05T18:37:12.470+0000] {logging_mixin.py:151} INFO - [2023-11-05T18:37:12.469+0000] {dag.py:2941} INFO - Sync 1 DAGs
[2023-11-05T18:37:12.510+0000] {logging_mixin.py:151} INFO - [2023-11-05T18:37:12.510+0000] {dag.py:3722} INFO - Setting next_dagrun for tutorial_taskflow_api to None, run_after=None
[2023-11-05T18:37:12.596+0000] {processor.py:179} INFO - Processing /home/airflow/.local/lib/python3.8/site-packages/airflow/example_dags/tutorial_taskflow_api.py took 0.233 seconds
[2023-11-05T18:37:42.930+0000] {processor.py:157} INFO - Started process (PID=245) to work on /home/airflow/.local/lib/python3.8/site-packages/airflow/example_dags/tutorial_taskflow_api.py
[2023-11-05T18:37:42.935+0000] {processor.py:829} INFO - Processing file /home/airflow/.local/lib/python3.8/site-packages/airflow/example_dags/tutorial_taskflow_api.py for tasks to queue
[2023-11-05T18:37:42.940+0000] {logging_mixin.py:151} INFO - [2023-11-05T18:37:42.940+0000] {dagbag.py:536} INFO - Filling up the DagBag from /home/airflow/.local/lib/python3.8/site-packages/airflow/example_dags/tutorial_taskflow_api.py
[2023-11-05T18:37:42.951+0000] {processor.py:839} INFO - DAG(s) dict_keys(['tutorial_taskflow_api']) retrieved from /home/airflow/.local/lib/python3.8/site-packages/airflow/example_dags/tutorial_taskflow_api.py
[2023-11-05T18:37:42.984+0000] {logging_mixin.py:151} INFO - [2023-11-05T18:37:42.984+0000] {dag.py:2941} INFO - Sync 1 DAGs
[2023-11-05T18:37:42.996+0000] {logging_mixin.py:151} INFO - [2023-11-05T18:37:42.996+0000] {dag.py:3722} INFO - Setting next_dagrun for tutorial_taskflow_api to None, run_after=None
[2023-11-05T18:37:43.180+0000] {processor.py:179} INFO - Processing /home/airflow/.local/lib/python3.8/site-packages/airflow/example_dags/tutorial_taskflow_api.py took 0.257 seconds
[2023-11-05T18:38:14.085+0000] {processor.py:157} INFO - Started process (PID=298) to work on /home/airflow/.local/lib/python3.8/site-packages/airflow/example_dags/tutorial_taskflow_api.py
[2023-11-05T18:38:14.087+0000] {processor.py:829} INFO - Processing file /home/airflow/.local/lib/python3.8/site-packages/airflow/example_dags/tutorial_taskflow_api.py for tasks to queue
[2023-11-05T18:38:14.096+0000] {logging_mixin.py:151} INFO - [2023-11-05T18:38:14.096+0000] {dagbag.py:536} INFO - Filling up the DagBag from /home/airflow/.local/lib/python3.8/site-packages/airflow/example_dags/tutorial_taskflow_api.py
[2023-11-05T18:38:14.108+0000] {processor.py:839} INFO - DAG(s) dict_keys(['tutorial_taskflow_api']) retrieved from /home/airflow/.local/lib/python3.8/site-packages/airflow/example_dags/tutorial_taskflow_api.py
[2023-11-05T18:38:14.184+0000] {logging_mixin.py:151} INFO - [2023-11-05T18:38:14.184+0000] {dag.py:2941} INFO - Sync 1 DAGs
[2023-11-05T18:38:14.213+0000] {logging_mixin.py:151} INFO - [2023-11-05T18:38:14.213+0000] {dag.py:3722} INFO - Setting next_dagrun for tutorial_taskflow_api to None, run_after=None
[2023-11-05T18:38:14.267+0000] {processor.py:179} INFO - Processing /home/airflow/.local/lib/python3.8/site-packages/airflow/example_dags/tutorial_taskflow_api.py took 0.185 seconds
[2023-11-05T18:38:44.571+0000] {processor.py:157} INFO - Started process (PID=352) to work on /home/airflow/.local/lib/python3.8/site-packages/airflow/example_dags/tutorial_taskflow_api.py
[2023-11-05T18:38:44.580+0000] {processor.py:829} INFO - Processing file /home/airflow/.local/lib/python3.8/site-packages/airflow/example_dags/tutorial_taskflow_api.py for tasks to queue
[2023-11-05T18:38:44.591+0000] {logging_mixin.py:151} INFO - [2023-11-05T18:38:44.591+0000] {dagbag.py:536} INFO - Filling up the DagBag from /home/airflow/.local/lib/python3.8/site-packages/airflow/example_dags/tutorial_taskflow_api.py
[2023-11-05T18:38:44.609+0000] {processor.py:839} INFO - DAG(s) dict_keys(['tutorial_taskflow_api']) retrieved from /home/airflow/.local/lib/python3.8/site-packages/airflow/example_dags/tutorial_taskflow_api.py
[2023-11-05T18:38:44.671+0000] {logging_mixin.py:151} INFO - [2023-11-05T18:38:44.671+0000] {dag.py:2941} INFO - Sync 1 DAGs
[2023-11-05T18:38:44.705+0000] {logging_mixin.py:151} INFO - [2023-11-05T18:38:44.705+0000] {dag.py:3722} INFO - Setting next_dagrun for tutorial_taskflow_api to None, run_after=None
[2023-11-05T18:38:44.770+0000] {processor.py:179} INFO - Processing /home/airflow/.local/lib/python3.8/site-packages/airflow/example_dags/tutorial_taskflow_api.py took 0.202 seconds
[2023-11-05T18:39:14.935+0000] {processor.py:157} INFO - Started process (PID=406) to work on /home/airflow/.local/lib/python3.8/site-packages/airflow/example_dags/tutorial_taskflow_api.py
[2023-11-05T18:39:14.943+0000] {processor.py:829} INFO - Processing file /home/airflow/.local/lib/python3.8/site-packages/airflow/example_dags/tutorial_taskflow_api.py for tasks to queue
[2023-11-05T18:39:14.958+0000] {logging_mixin.py:151} INFO - [2023-11-05T18:39:14.958+0000] {dagbag.py:536} INFO - Filling up the DagBag from /home/airflow/.local/lib/python3.8/site-packages/airflow/example_dags/tutorial_taskflow_api.py
[2023-11-05T18:39:14.970+0000] {processor.py:839} INFO - DAG(s) dict_keys(['tutorial_taskflow_api']) retrieved from /home/airflow/.local/lib/python3.8/site-packages/airflow/example_dags/tutorial_taskflow_api.py
[2023-11-05T18:39:15.023+0000] {logging_mixin.py:151} INFO - [2023-11-05T18:39:15.023+0000] {dag.py:2941} INFO - Sync 1 DAGs
[2023-11-05T18:39:15.060+0000] {logging_mixin.py:151} INFO - [2023-11-05T18:39:15.060+0000] {dag.py:3722} INFO - Setting next_dagrun for tutorial_taskflow_api to None, run_after=None
[2023-11-05T18:39:15.135+0000] {processor.py:179} INFO - Processing /home/airflow/.local/lib/python3.8/site-packages/airflow/example_dags/tutorial_taskflow_api.py took 0.204 seconds
[2023-11-05T18:39:45.657+0000] {processor.py:157} INFO - Started process (PID=460) to work on /home/airflow/.local/lib/python3.8/site-packages/airflow/example_dags/tutorial_taskflow_api.py
[2023-11-05T18:39:45.659+0000] {processor.py:829} INFO - Processing file /home/airflow/.local/lib/python3.8/site-packages/airflow/example_dags/tutorial_taskflow_api.py for tasks to queue
[2023-11-05T18:39:45.665+0000] {logging_mixin.py:151} INFO - [2023-11-05T18:39:45.664+0000] {dagbag.py:536} INFO - Filling up the DagBag from /home/airflow/.local/lib/python3.8/site-packages/airflow/example_dags/tutorial_taskflow_api.py
[2023-11-05T18:39:45.670+0000] {processor.py:839} INFO - DAG(s) dict_keys(['tutorial_taskflow_api']) retrieved from /home/airflow/.local/lib/python3.8/site-packages/airflow/example_dags/tutorial_taskflow_api.py
[2023-11-05T18:39:45.711+0000] {logging_mixin.py:151} INFO - [2023-11-05T18:39:45.711+0000] {dag.py:2941} INFO - Sync 1 DAGs
[2023-11-05T18:39:45.736+0000] {logging_mixin.py:151} INFO - [2023-11-05T18:39:45.736+0000] {dag.py:3722} INFO - Setting next_dagrun for tutorial_taskflow_api to None, run_after=None
[2023-11-05T18:39:45.799+0000] {processor.py:179} INFO - Processing /home/airflow/.local/lib/python3.8/site-packages/airflow/example_dags/tutorial_taskflow_api.py took 0.145 seconds
[2023-11-05T18:40:16.641+0000] {processor.py:157} INFO - Started process (PID=514) to work on /home/airflow/.local/lib/python3.8/site-packages/airflow/example_dags/tutorial_taskflow_api.py
[2023-11-05T18:40:16.642+0000] {processor.py:829} INFO - Processing file /home/airflow/.local/lib/python3.8/site-packages/airflow/example_dags/tutorial_taskflow_api.py for tasks to queue
[2023-11-05T18:40:16.646+0000] {logging_mixin.py:151} INFO - [2023-11-05T18:40:16.646+0000] {dagbag.py:536} INFO - Filling up the DagBag from /home/airflow/.local/lib/python3.8/site-packages/airflow/example_dags/tutorial_taskflow_api.py
[2023-11-05T18:40:16.652+0000] {processor.py:839} INFO - DAG(s) dict_keys(['tutorial_taskflow_api']) retrieved from /home/airflow/.local/lib/python3.8/site-packages/airflow/example_dags/tutorial_taskflow_api.py
[2023-11-05T18:40:16.675+0000] {logging_mixin.py:151} INFO - [2023-11-05T18:40:16.675+0000] {dag.py:2941} INFO - Sync 1 DAGs
[2023-11-05T18:40:16.686+0000] {logging_mixin.py:151} INFO - [2023-11-05T18:40:16.686+0000] {dag.py:3722} INFO - Setting next_dagrun for tutorial_taskflow_api to None, run_after=None
[2023-11-05T18:40:16.707+0000] {processor.py:179} INFO - Processing /home/airflow/.local/lib/python3.8/site-packages/airflow/example_dags/tutorial_taskflow_api.py took 0.068 seconds
[2023-11-05T18:40:47.511+0000] {processor.py:157} INFO - Started process (PID=568) to work on /home/airflow/.local/lib/python3.8/site-packages/airflow/example_dags/tutorial_taskflow_api.py
[2023-11-05T18:40:47.512+0000] {processor.py:829} INFO - Processing file /home/airflow/.local/lib/python3.8/site-packages/airflow/example_dags/tutorial_taskflow_api.py for tasks to queue
[2023-11-05T18:40:47.514+0000] {logging_mixin.py:151} INFO - [2023-11-05T18:40:47.514+0000] {dagbag.py:536} INFO - Filling up the DagBag from /home/airflow/.local/lib/python3.8/site-packages/airflow/example_dags/tutorial_taskflow_api.py
[2023-11-05T18:40:47.519+0000] {processor.py:839} INFO - DAG(s) dict_keys(['tutorial_taskflow_api']) retrieved from /home/airflow/.local/lib/python3.8/site-packages/airflow/example_dags/tutorial_taskflow_api.py
[2023-11-05T18:40:47.544+0000] {logging_mixin.py:151} INFO - [2023-11-05T18:40:47.544+0000] {dag.py:2941} INFO - Sync 1 DAGs
[2023-11-05T18:40:47.556+0000] {logging_mixin.py:151} INFO - [2023-11-05T18:40:47.556+0000] {dag.py:3722} INFO - Setting next_dagrun for tutorial_taskflow_api to None, run_after=None
[2023-11-05T18:40:47.580+0000] {processor.py:179} INFO - Processing /home/airflow/.local/lib/python3.8/site-packages/airflow/example_dags/tutorial_taskflow_api.py took 0.072 seconds
[2023-11-05T18:41:17.657+0000] {processor.py:157} INFO - Started process (PID=622) to work on /home/airflow/.local/lib/python3.8/site-packages/airflow/example_dags/tutorial_taskflow_api.py
[2023-11-05T18:41:17.658+0000] {processor.py:829} INFO - Processing file /home/airflow/.local/lib/python3.8/site-packages/airflow/example_dags/tutorial_taskflow_api.py for tasks to queue
[2023-11-05T18:41:17.662+0000] {logging_mixin.py:151} INFO - [2023-11-05T18:41:17.661+0000] {dagbag.py:536} INFO - Filling up the DagBag from /home/airflow/.local/lib/python3.8/site-packages/airflow/example_dags/tutorial_taskflow_api.py
[2023-11-05T18:41:17.667+0000] {processor.py:839} INFO - DAG(s) dict_keys(['tutorial_taskflow_api']) retrieved from /home/airflow/.local/lib/python3.8/site-packages/airflow/example_dags/tutorial_taskflow_api.py
[2023-11-05T18:41:17.690+0000] {logging_mixin.py:151} INFO - [2023-11-05T18:41:17.690+0000] {dag.py:2941} INFO - Sync 1 DAGs
[2023-11-05T18:41:17.699+0000] {logging_mixin.py:151} INFO - [2023-11-05T18:41:17.699+0000] {dag.py:3722} INFO - Setting next_dagrun for tutorial_taskflow_api to None, run_after=None
[2023-11-05T18:41:17.716+0000] {processor.py:179} INFO - Processing /home/airflow/.local/lib/python3.8/site-packages/airflow/example_dags/tutorial_taskflow_api.py took 0.062 seconds
[2023-11-05T18:41:47.976+0000] {processor.py:157} INFO - Started process (PID=675) to work on /home/airflow/.local/lib/python3.8/site-packages/airflow/example_dags/tutorial_taskflow_api.py
[2023-11-05T18:41:47.977+0000] {processor.py:829} INFO - Processing file /home/airflow/.local/lib/python3.8/site-packages/airflow/example_dags/tutorial_taskflow_api.py for tasks to queue
[2023-11-05T18:41:47.981+0000] {logging_mixin.py:151} INFO - [2023-11-05T18:41:47.981+0000] {dagbag.py:536} INFO - Filling up the DagBag from /home/airflow/.local/lib/python3.8/site-packages/airflow/example_dags/tutorial_taskflow_api.py
[2023-11-05T18:41:47.987+0000] {processor.py:839} INFO - DAG(s) dict_keys(['tutorial_taskflow_api']) retrieved from /home/airflow/.local/lib/python3.8/site-packages/airflow/example_dags/tutorial_taskflow_api.py
[2023-11-05T18:41:48.007+0000] {logging_mixin.py:151} INFO - [2023-11-05T18:41:48.006+0000] {dag.py:2941} INFO - Sync 1 DAGs
[2023-11-05T18:41:48.016+0000] {logging_mixin.py:151} INFO - [2023-11-05T18:41:48.016+0000] {dag.py:3722} INFO - Setting next_dagrun for tutorial_taskflow_api to None, run_after=None
[2023-11-05T18:41:48.037+0000] {processor.py:179} INFO - Processing /home/airflow/.local/lib/python3.8/site-packages/airflow/example_dags/tutorial_taskflow_api.py took 0.064 seconds
[2023-11-05T18:42:18.870+0000] {processor.py:157} INFO - Started process (PID=729) to work on /home/airflow/.local/lib/python3.8/site-packages/airflow/example_dags/tutorial_taskflow_api.py
[2023-11-05T18:42:18.872+0000] {processor.py:829} INFO - Processing file /home/airflow/.local/lib/python3.8/site-packages/airflow/example_dags/tutorial_taskflow_api.py for tasks to queue
[2023-11-05T18:42:18.874+0000] {logging_mixin.py:151} INFO - [2023-11-05T18:42:18.874+0000] {dagbag.py:536} INFO - Filling up the DagBag from /home/airflow/.local/lib/python3.8/site-packages/airflow/example_dags/tutorial_taskflow_api.py
[2023-11-05T18:42:18.880+0000] {processor.py:839} INFO - DAG(s) dict_keys(['tutorial_taskflow_api']) retrieved from /home/airflow/.local/lib/python3.8/site-packages/airflow/example_dags/tutorial_taskflow_api.py
[2023-11-05T18:42:18.901+0000] {logging_mixin.py:151} INFO - [2023-11-05T18:42:18.901+0000] {dag.py:2941} INFO - Sync 1 DAGs
[2023-11-05T18:42:18.919+0000] {logging_mixin.py:151} INFO - [2023-11-05T18:42:18.919+0000] {dag.py:3722} INFO - Setting next_dagrun for tutorial_taskflow_api to None, run_after=None
[2023-11-05T18:42:18.940+0000] {processor.py:179} INFO - Processing /home/airflow/.local/lib/python3.8/site-packages/airflow/example_dags/tutorial_taskflow_api.py took 0.072 seconds
[2023-11-05T18:42:49.807+0000] {processor.py:157} INFO - Started process (PID=783) to work on /home/airflow/.local/lib/python3.8/site-packages/airflow/example_dags/tutorial_taskflow_api.py
[2023-11-05T18:42:49.809+0000] {processor.py:829} INFO - Processing file /home/airflow/.local/lib/python3.8/site-packages/airflow/example_dags/tutorial_taskflow_api.py for tasks to queue
[2023-11-05T18:42:49.811+0000] {logging_mixin.py:151} INFO - [2023-11-05T18:42:49.811+0000] {dagbag.py:536} INFO - Filling up the DagBag from /home/airflow/.local/lib/python3.8/site-packages/airflow/example_dags/tutorial_taskflow_api.py
[2023-11-05T18:42:49.817+0000] {processor.py:839} INFO - DAG(s) dict_keys(['tutorial_taskflow_api']) retrieved from /home/airflow/.local/lib/python3.8/site-packages/airflow/example_dags/tutorial_taskflow_api.py
[2023-11-05T18:42:49.834+0000] {logging_mixin.py:151} INFO - [2023-11-05T18:42:49.834+0000] {dag.py:2941} INFO - Sync 1 DAGs
[2023-11-05T18:42:49.841+0000] {logging_mixin.py:151} INFO - [2023-11-05T18:42:49.841+0000] {dag.py:3722} INFO - Setting next_dagrun for tutorial_taskflow_api to None, run_after=None
[2023-11-05T18:42:49.858+0000] {processor.py:179} INFO - Processing /home/airflow/.local/lib/python3.8/site-packages/airflow/example_dags/tutorial_taskflow_api.py took 0.053 seconds
[2023-11-05T18:43:20.306+0000] {processor.py:157} INFO - Started process (PID=837) to work on /home/airflow/.local/lib/python3.8/site-packages/airflow/example_dags/tutorial_taskflow_api.py
[2023-11-05T18:43:20.307+0000] {processor.py:829} INFO - Processing file /home/airflow/.local/lib/python3.8/site-packages/airflow/example_dags/tutorial_taskflow_api.py for tasks to queue
[2023-11-05T18:43:20.310+0000] {logging_mixin.py:151} INFO - [2023-11-05T18:43:20.309+0000] {dagbag.py:536} INFO - Filling up the DagBag from /home/airflow/.local/lib/python3.8/site-packages/airflow/example_dags/tutorial_taskflow_api.py
[2023-11-05T18:43:20.315+0000] {processor.py:839} INFO - DAG(s) dict_keys(['tutorial_taskflow_api']) retrieved from /home/airflow/.local/lib/python3.8/site-packages/airflow/example_dags/tutorial_taskflow_api.py
[2023-11-05T18:43:20.335+0000] {logging_mixin.py:151} INFO - [2023-11-05T18:43:20.334+0000] {dag.py:2941} INFO - Sync 1 DAGs
[2023-11-05T18:43:20.343+0000] {logging_mixin.py:151} INFO - [2023-11-05T18:43:20.343+0000] {dag.py:3722} INFO - Setting next_dagrun for tutorial_taskflow_api to None, run_after=None
[2023-11-05T18:43:20.358+0000] {processor.py:179} INFO - Processing /home/airflow/.local/lib/python3.8/site-packages/airflow/example_dags/tutorial_taskflow_api.py took 0.055 seconds
[2023-11-05T18:43:51.271+0000] {processor.py:157} INFO - Started process (PID=891) to work on /home/airflow/.local/lib/python3.8/site-packages/airflow/example_dags/tutorial_taskflow_api.py
[2023-11-05T18:43:51.273+0000] {processor.py:829} INFO - Processing file /home/airflow/.local/lib/python3.8/site-packages/airflow/example_dags/tutorial_taskflow_api.py for tasks to queue
[2023-11-05T18:43:51.275+0000] {logging_mixin.py:151} INFO - [2023-11-05T18:43:51.275+0000] {dagbag.py:536} INFO - Filling up the DagBag from /home/airflow/.local/lib/python3.8/site-packages/airflow/example_dags/tutorial_taskflow_api.py
[2023-11-05T18:43:51.280+0000] {processor.py:839} INFO - DAG(s) dict_keys(['tutorial_taskflow_api']) retrieved from /home/airflow/.local/lib/python3.8/site-packages/airflow/example_dags/tutorial_taskflow_api.py
[2023-11-05T18:43:51.302+0000] {logging_mixin.py:151} INFO - [2023-11-05T18:43:51.302+0000] {dag.py:2941} INFO - Sync 1 DAGs
[2023-11-05T18:43:51.313+0000] {logging_mixin.py:151} INFO - [2023-11-05T18:43:51.313+0000] {dag.py:3722} INFO - Setting next_dagrun for tutorial_taskflow_api to None, run_after=None
[2023-11-05T18:43:51.378+0000] {processor.py:179} INFO - Processing /home/airflow/.local/lib/python3.8/site-packages/airflow/example_dags/tutorial_taskflow_api.py took 0.110 seconds
[2023-11-05T18:44:21.648+0000] {processor.py:157} INFO - Started process (PID=945) to work on /home/airflow/.local/lib/python3.8/site-packages/airflow/example_dags/tutorial_taskflow_api.py
[2023-11-05T18:44:21.649+0000] {processor.py:829} INFO - Processing file /home/airflow/.local/lib/python3.8/site-packages/airflow/example_dags/tutorial_taskflow_api.py for tasks to queue
[2023-11-05T18:44:21.652+0000] {logging_mixin.py:151} INFO - [2023-11-05T18:44:21.652+0000] {dagbag.py:536} INFO - Filling up the DagBag from /home/airflow/.local/lib/python3.8/site-packages/airflow/example_dags/tutorial_taskflow_api.py
[2023-11-05T18:44:21.657+0000] {processor.py:839} INFO - DAG(s) dict_keys(['tutorial_taskflow_api']) retrieved from /home/airflow/.local/lib/python3.8/site-packages/airflow/example_dags/tutorial_taskflow_api.py
[2023-11-05T18:44:21.675+0000] {logging_mixin.py:151} INFO - [2023-11-05T18:44:21.675+0000] {dag.py:2941} INFO - Sync 1 DAGs
[2023-11-05T18:44:21.688+0000] {logging_mixin.py:151} INFO - [2023-11-05T18:44:21.688+0000] {dag.py:3722} INFO - Setting next_dagrun for tutorial_taskflow_api to None, run_after=None
[2023-11-05T18:44:21.703+0000] {processor.py:179} INFO - Processing /home/airflow/.local/lib/python3.8/site-packages/airflow/example_dags/tutorial_taskflow_api.py took 0.057 seconds
[2023-11-05T18:44:52.246+0000] {processor.py:157} INFO - Started process (PID=998) to work on /home/airflow/.local/lib/python3.8/site-packages/airflow/example_dags/tutorial_taskflow_api.py
[2023-11-05T18:44:52.253+0000] {processor.py:829} INFO - Processing file /home/airflow/.local/lib/python3.8/site-packages/airflow/example_dags/tutorial_taskflow_api.py for tasks to queue
[2023-11-05T18:44:52.263+0000] {logging_mixin.py:151} INFO - [2023-11-05T18:44:52.262+0000] {dagbag.py:536} INFO - Filling up the DagBag from /home/airflow/.local/lib/python3.8/site-packages/airflow/example_dags/tutorial_taskflow_api.py
[2023-11-05T18:44:52.284+0000] {processor.py:839} INFO - DAG(s) dict_keys(['tutorial_taskflow_api']) retrieved from /home/airflow/.local/lib/python3.8/site-packages/airflow/example_dags/tutorial_taskflow_api.py
[2023-11-05T18:44:52.339+0000] {logging_mixin.py:151} INFO - [2023-11-05T18:44:52.339+0000] {dag.py:2941} INFO - Sync 1 DAGs
[2023-11-05T18:44:52.351+0000] {logging_mixin.py:151} INFO - [2023-11-05T18:44:52.350+0000] {dag.py:3722} INFO - Setting next_dagrun for tutorial_taskflow_api to None, run_after=None
[2023-11-05T18:44:52.427+0000] {processor.py:179} INFO - Processing /home/airflow/.local/lib/python3.8/site-packages/airflow/example_dags/tutorial_taskflow_api.py took 0.184 seconds
[2023-11-05T18:46:15.291+0000] {processor.py:157} INFO - Started process (PID=77) to work on /home/airflow/.local/lib/python3.8/site-packages/airflow/example_dags/tutorial_taskflow_api.py
[2023-11-05T18:46:15.300+0000] {processor.py:829} INFO - Processing file /home/airflow/.local/lib/python3.8/site-packages/airflow/example_dags/tutorial_taskflow_api.py for tasks to queue
[2023-11-05T18:46:15.306+0000] {logging_mixin.py:151} INFO - [2023-11-05T18:46:15.306+0000] {dagbag.py:536} INFO - Filling up the DagBag from /home/airflow/.local/lib/python3.8/site-packages/airflow/example_dags/tutorial_taskflow_api.py
[2023-11-05T18:46:15.319+0000] {processor.py:839} INFO - DAG(s) dict_keys(['tutorial_taskflow_api']) retrieved from /home/airflow/.local/lib/python3.8/site-packages/airflow/example_dags/tutorial_taskflow_api.py
[2023-11-05T18:46:15.390+0000] {logging_mixin.py:151} INFO - [2023-11-05T18:46:15.390+0000] {dag.py:2941} INFO - Sync 1 DAGs
[2023-11-05T18:46:15.423+0000] {logging_mixin.py:151} INFO - [2023-11-05T18:46:15.422+0000] {dag.py:3722} INFO - Setting next_dagrun for tutorial_taskflow_api to None, run_after=None
[2023-11-05T18:46:15.474+0000] {processor.py:179} INFO - Processing /home/airflow/.local/lib/python3.8/site-packages/airflow/example_dags/tutorial_taskflow_api.py took 0.186 seconds
[2023-11-05T18:46:45.567+0000] {processor.py:157} INFO - Started process (PID=131) to work on /home/airflow/.local/lib/python3.8/site-packages/airflow/example_dags/tutorial_taskflow_api.py
[2023-11-05T18:46:45.569+0000] {processor.py:829} INFO - Processing file /home/airflow/.local/lib/python3.8/site-packages/airflow/example_dags/tutorial_taskflow_api.py for tasks to queue
[2023-11-05T18:46:45.580+0000] {logging_mixin.py:151} INFO - [2023-11-05T18:46:45.579+0000] {dagbag.py:536} INFO - Filling up the DagBag from /home/airflow/.local/lib/python3.8/site-packages/airflow/example_dags/tutorial_taskflow_api.py
[2023-11-05T18:46:45.599+0000] {processor.py:839} INFO - DAG(s) dict_keys(['tutorial_taskflow_api']) retrieved from /home/airflow/.local/lib/python3.8/site-packages/airflow/example_dags/tutorial_taskflow_api.py
[2023-11-05T18:46:45.625+0000] {logging_mixin.py:151} INFO - [2023-11-05T18:46:45.625+0000] {dag.py:2941} INFO - Sync 1 DAGs
[2023-11-05T18:46:45.649+0000] {logging_mixin.py:151} INFO - [2023-11-05T18:46:45.648+0000] {dag.py:3722} INFO - Setting next_dagrun for tutorial_taskflow_api to None, run_after=None
[2023-11-05T18:46:45.768+0000] {processor.py:179} INFO - Processing /home/airflow/.local/lib/python3.8/site-packages/airflow/example_dags/tutorial_taskflow_api.py took 0.204 seconds
[2023-11-05T18:47:15.867+0000] {processor.py:157} INFO - Started process (PID=185) to work on /home/airflow/.local/lib/python3.8/site-packages/airflow/example_dags/tutorial_taskflow_api.py
[2023-11-05T18:47:15.869+0000] {processor.py:829} INFO - Processing file /home/airflow/.local/lib/python3.8/site-packages/airflow/example_dags/tutorial_taskflow_api.py for tasks to queue
[2023-11-05T18:47:15.873+0000] {logging_mixin.py:151} INFO - [2023-11-05T18:47:15.872+0000] {dagbag.py:536} INFO - Filling up the DagBag from /home/airflow/.local/lib/python3.8/site-packages/airflow/example_dags/tutorial_taskflow_api.py
[2023-11-05T18:47:15.878+0000] {processor.py:839} INFO - DAG(s) dict_keys(['tutorial_taskflow_api']) retrieved from /home/airflow/.local/lib/python3.8/site-packages/airflow/example_dags/tutorial_taskflow_api.py
[2023-11-05T18:47:15.935+0000] {logging_mixin.py:151} INFO - [2023-11-05T18:47:15.934+0000] {dag.py:2941} INFO - Sync 1 DAGs
[2023-11-05T18:47:15.955+0000] {logging_mixin.py:151} INFO - [2023-11-05T18:47:15.954+0000] {dag.py:3722} INFO - Setting next_dagrun for tutorial_taskflow_api to None, run_after=None
[2023-11-05T18:47:16.077+0000] {processor.py:179} INFO - Processing /home/airflow/.local/lib/python3.8/site-packages/airflow/example_dags/tutorial_taskflow_api.py took 0.212 seconds
[2023-11-05T18:47:46.249+0000] {processor.py:157} INFO - Started process (PID=239) to work on /home/airflow/.local/lib/python3.8/site-packages/airflow/example_dags/tutorial_taskflow_api.py
[2023-11-05T18:47:46.252+0000] {processor.py:829} INFO - Processing file /home/airflow/.local/lib/python3.8/site-packages/airflow/example_dags/tutorial_taskflow_api.py for tasks to queue
[2023-11-05T18:47:46.261+0000] {logging_mixin.py:151} INFO - [2023-11-05T18:47:46.261+0000] {dagbag.py:536} INFO - Filling up the DagBag from /home/airflow/.local/lib/python3.8/site-packages/airflow/example_dags/tutorial_taskflow_api.py
[2023-11-05T18:47:46.272+0000] {processor.py:839} INFO - DAG(s) dict_keys(['tutorial_taskflow_api']) retrieved from /home/airflow/.local/lib/python3.8/site-packages/airflow/example_dags/tutorial_taskflow_api.py
[2023-11-05T18:47:46.331+0000] {logging_mixin.py:151} INFO - [2023-11-05T18:47:46.331+0000] {dag.py:2941} INFO - Sync 1 DAGs
[2023-11-05T18:47:46.356+0000] {logging_mixin.py:151} INFO - [2023-11-05T18:47:46.356+0000] {dag.py:3722} INFO - Setting next_dagrun for tutorial_taskflow_api to None, run_after=None
[2023-11-05T18:47:46.448+0000] {processor.py:179} INFO - Processing /home/airflow/.local/lib/python3.8/site-packages/airflow/example_dags/tutorial_taskflow_api.py took 0.204 seconds
[2023-11-05T18:48:17.128+0000] {processor.py:157} INFO - Started process (PID=293) to work on /home/airflow/.local/lib/python3.8/site-packages/airflow/example_dags/tutorial_taskflow_api.py
[2023-11-05T18:48:17.131+0000] {processor.py:829} INFO - Processing file /home/airflow/.local/lib/python3.8/site-packages/airflow/example_dags/tutorial_taskflow_api.py for tasks to queue
[2023-11-05T18:48:17.134+0000] {logging_mixin.py:151} INFO - [2023-11-05T18:48:17.134+0000] {dagbag.py:536} INFO - Filling up the DagBag from /home/airflow/.local/lib/python3.8/site-packages/airflow/example_dags/tutorial_taskflow_api.py
[2023-11-05T18:48:17.144+0000] {processor.py:839} INFO - DAG(s) dict_keys(['tutorial_taskflow_api']) retrieved from /home/airflow/.local/lib/python3.8/site-packages/airflow/example_dags/tutorial_taskflow_api.py
[2023-11-05T18:48:17.177+0000] {logging_mixin.py:151} INFO - [2023-11-05T18:48:17.177+0000] {dag.py:2941} INFO - Sync 1 DAGs
[2023-11-05T18:48:17.195+0000] {logging_mixin.py:151} INFO - [2023-11-05T18:48:17.195+0000] {dag.py:3722} INFO - Setting next_dagrun for tutorial_taskflow_api to None, run_after=None
[2023-11-05T18:48:17.230+0000] {processor.py:179} INFO - Processing /home/airflow/.local/lib/python3.8/site-packages/airflow/example_dags/tutorial_taskflow_api.py took 0.108 seconds
[2023-11-05T18:48:47.935+0000] {processor.py:157} INFO - Started process (PID=347) to work on /home/airflow/.local/lib/python3.8/site-packages/airflow/example_dags/tutorial_taskflow_api.py
[2023-11-05T18:48:47.936+0000] {processor.py:829} INFO - Processing file /home/airflow/.local/lib/python3.8/site-packages/airflow/example_dags/tutorial_taskflow_api.py for tasks to queue
[2023-11-05T18:48:47.938+0000] {logging_mixin.py:151} INFO - [2023-11-05T18:48:47.938+0000] {dagbag.py:536} INFO - Filling up the DagBag from /home/airflow/.local/lib/python3.8/site-packages/airflow/example_dags/tutorial_taskflow_api.py
[2023-11-05T18:48:47.943+0000] {processor.py:839} INFO - DAG(s) dict_keys(['tutorial_taskflow_api']) retrieved from /home/airflow/.local/lib/python3.8/site-packages/airflow/example_dags/tutorial_taskflow_api.py
[2023-11-05T18:48:47.973+0000] {logging_mixin.py:151} INFO - [2023-11-05T18:48:47.973+0000] {dag.py:2941} INFO - Sync 1 DAGs
[2023-11-05T18:48:47.992+0000] {logging_mixin.py:151} INFO - [2023-11-05T18:48:47.992+0000] {dag.py:3722} INFO - Setting next_dagrun for tutorial_taskflow_api to None, run_after=None
[2023-11-05T18:48:48.019+0000] {processor.py:179} INFO - Processing /home/airflow/.local/lib/python3.8/site-packages/airflow/example_dags/tutorial_taskflow_api.py took 0.090 seconds
[2023-11-05T18:53:33.262+0000] {processor.py:157} INFO - Started process (PID=401) to work on /home/airflow/.local/lib/python3.8/site-packages/airflow/example_dags/tutorial_taskflow_api.py
[2023-11-05T18:53:33.271+0000] {processor.py:829} INFO - Processing file /home/airflow/.local/lib/python3.8/site-packages/airflow/example_dags/tutorial_taskflow_api.py for tasks to queue
[2023-11-05T18:53:33.275+0000] {logging_mixin.py:151} INFO - [2023-11-05T18:53:33.274+0000] {dagbag.py:536} INFO - Filling up the DagBag from /home/airflow/.local/lib/python3.8/site-packages/airflow/example_dags/tutorial_taskflow_api.py
[2023-11-05T18:53:33.279+0000] {processor.py:839} INFO - DAG(s) dict_keys(['tutorial_taskflow_api']) retrieved from /home/airflow/.local/lib/python3.8/site-packages/airflow/example_dags/tutorial_taskflow_api.py
[2023-11-05T18:53:33.297+0000] {logging_mixin.py:151} INFO - [2023-11-05T18:53:33.297+0000] {dag.py:2941} INFO - Sync 1 DAGs
[2023-11-05T18:53:33.313+0000] {logging_mixin.py:151} INFO - [2023-11-05T18:53:33.313+0000] {dag.py:3722} INFO - Setting next_dagrun for tutorial_taskflow_api to None, run_after=None
[2023-11-05T18:53:33.345+0000] {processor.py:179} INFO - Processing /home/airflow/.local/lib/python3.8/site-packages/airflow/example_dags/tutorial_taskflow_api.py took 0.085 seconds
[2023-11-05T18:54:07.683+0000] {processor.py:157} INFO - Started process (PID=455) to work on /home/airflow/.local/lib/python3.8/site-packages/airflow/example_dags/tutorial_taskflow_api.py
[2023-11-05T18:54:07.685+0000] {processor.py:829} INFO - Processing file /home/airflow/.local/lib/python3.8/site-packages/airflow/example_dags/tutorial_taskflow_api.py for tasks to queue
[2023-11-05T18:54:07.687+0000] {logging_mixin.py:151} INFO - [2023-11-05T18:54:07.686+0000] {dagbag.py:536} INFO - Filling up the DagBag from /home/airflow/.local/lib/python3.8/site-packages/airflow/example_dags/tutorial_taskflow_api.py
[2023-11-05T18:54:07.694+0000] {processor.py:839} INFO - DAG(s) dict_keys(['tutorial_taskflow_api']) retrieved from /home/airflow/.local/lib/python3.8/site-packages/airflow/example_dags/tutorial_taskflow_api.py
[2023-11-05T18:54:07.718+0000] {logging_mixin.py:151} INFO - [2023-11-05T18:54:07.717+0000] {dag.py:2941} INFO - Sync 1 DAGs
[2023-11-05T18:54:07.734+0000] {logging_mixin.py:151} INFO - [2023-11-05T18:54:07.734+0000] {dag.py:3722} INFO - Setting next_dagrun for tutorial_taskflow_api to None, run_after=None
[2023-11-05T18:54:07.759+0000] {processor.py:179} INFO - Processing /home/airflow/.local/lib/python3.8/site-packages/airflow/example_dags/tutorial_taskflow_api.py took 0.078 seconds
[2023-11-05T18:54:38.095+0000] {processor.py:157} INFO - Started process (PID=509) to work on /home/airflow/.local/lib/python3.8/site-packages/airflow/example_dags/tutorial_taskflow_api.py
[2023-11-05T18:54:38.104+0000] {processor.py:829} INFO - Processing file /home/airflow/.local/lib/python3.8/site-packages/airflow/example_dags/tutorial_taskflow_api.py for tasks to queue
[2023-11-05T18:54:38.112+0000] {logging_mixin.py:151} INFO - [2023-11-05T18:54:38.112+0000] {dagbag.py:536} INFO - Filling up the DagBag from /home/airflow/.local/lib/python3.8/site-packages/airflow/example_dags/tutorial_taskflow_api.py
[2023-11-05T18:54:38.124+0000] {processor.py:839} INFO - DAG(s) dict_keys(['tutorial_taskflow_api']) retrieved from /home/airflow/.local/lib/python3.8/site-packages/airflow/example_dags/tutorial_taskflow_api.py
[2023-11-05T18:54:38.173+0000] {logging_mixin.py:151} INFO - [2023-11-05T18:54:38.172+0000] {dag.py:2941} INFO - Sync 1 DAGs
[2023-11-05T18:54:38.187+0000] {logging_mixin.py:151} INFO - [2023-11-05T18:54:38.187+0000] {dag.py:3722} INFO - Setting next_dagrun for tutorial_taskflow_api to None, run_after=None
[2023-11-05T18:54:38.274+0000] {processor.py:179} INFO - Processing /home/airflow/.local/lib/python3.8/site-packages/airflow/example_dags/tutorial_taskflow_api.py took 0.181 seconds
