[0m07:28:49.340291 [debug] [MainThread]: Sending event: {'category': 'dbt', 'action': 'invocation', 'label': 'start', 'context': [<snowplow_tracker.self_describing_json.SelfDescribingJson object at 0x106c1ec50>, <snowplow_tracker.self_describing_json.SelfDescribingJson object at 0x106c66f10>, <snowplow_tracker.self_describing_json.SelfDescribingJson object at 0x106f6e390>]}


============================== 07:28:49.343251 | a84a3073-44d3-483a-8993-486d55a0dd70 ==============================
[0m07:28:49.343251 [info ] [MainThread]: Running with dbt=1.6.5
[0m07:28:49.343616 [debug] [MainThread]: running dbt with arguments {'printer_width': '80', 'indirect_selection': 'eager', 'write_json': 'True', 'log_cache_events': 'False', 'partial_parse': 'True', 'cache_selected_only': 'False', 'profiles_dir': '/Users/hossamtabana/.dbt', 'version_check': 'True', 'warn_error': 'None', 'log_path': 'logs', 'debug': 'False', 'fail_fast': 'False', 'use_colors': 'True', 'use_experimental_parser': 'False', 'no_print': 'None', 'quiet': 'False', 'warn_error_options': 'WarnErrorOptions(include=[], exclude=[])', 'static_parser': 'True', 'introspect': 'True', 'log_format': 'default', 'target_path': 'None', 'invocation_command': 'dbt init', 'send_anonymous_usage_stats': 'True'}
[0m07:29:38.084205 [debug] [MainThread]: Starter project path: /Users/hossamtabana/Library/Mobile Documents/com~apple~CloudDocs/Hossam_files/01_Developer/00_Vscode_2/08_DBT/01_DBT_Workspace/dbt_venv/lib/python3.11/site-packages/dbt/include/starter_project
[0m07:29:38.094117 [info ] [MainThread]: 
Your new dbt project "oms_dbt_proj" was created!

For more information on how to configure the profiles.yml file,
please consult the dbt documentation here:

  https://docs.getdbt.com/docs/configure-your-profile

One more thing:

Need help? Don't hesitate to reach out to us via GitHub issues or on Slack:

  https://community.getdbt.com/

Happy modeling!

[0m07:29:38.094478 [info ] [MainThread]: Setting up your profile.
[0m07:30:55.543815 [info ] [MainThread]: Profile oms_dbt_proj written to /Users/hossamtabana/.dbt/profiles.yml using target's profile_template.yml and your supplied values. Run 'dbt debug' to validate the connection.
[0m07:30:55.545362 [debug] [MainThread]: Command `dbt init` succeeded at 07:30:55.545188 after 126.22 seconds
[0m07:30:55.545699 [debug] [MainThread]: Sending event: {'category': 'dbt', 'action': 'invocation', 'label': 'end', 'context': [<snowplow_tracker.self_describing_json.SelfDescribingJson object at 0x106ce3850>, <snowplow_tracker.self_describing_json.SelfDescribingJson object at 0x1068c4050>, <snowplow_tracker.self_describing_json.SelfDescribingJson object at 0x1068dbf10>]}
[0m07:30:55.546034 [debug] [MainThread]: Flushing usage events
[0m08:16:09.479236 [debug] [MainThread]: Sending event: {'category': 'dbt', 'action': 'invocation', 'label': 'start', 'context': [<snowplow_tracker.self_describing_json.SelfDescribingJson object at 0x109f6fa10>, <snowplow_tracker.self_describing_json.SelfDescribingJson object at 0x108faeed0>, <snowplow_tracker.self_describing_json.SelfDescribingJson object at 0x109a3ca50>]}


============================== 08:16:09.482350 | 787f16bb-989c-4a23-826f-34dd5c1c85b9 ==============================
[0m08:16:09.482350 [info ] [MainThread]: Running with dbt=1.6.5
[0m08:16:09.482727 [debug] [MainThread]: running dbt with arguments {'printer_width': '80', 'indirect_selection': 'eager', 'log_cache_events': 'False', 'write_json': 'True', 'partial_parse': 'True', 'cache_selected_only': 'False', 'warn_error': 'None', 'debug': 'False', 'version_check': 'True', 'log_path': 'logs', 'fail_fast': 'False', 'profiles_dir': '/Users/hossamtabana/.dbt', 'use_colors': 'True', 'use_experimental_parser': 'False', 'no_print': 'None', 'quiet': 'False', 'warn_error_options': 'WarnErrorOptions(include=[], exclude=[])', 'introspect': 'True', 'log_format': 'default', 'invocation_command': 'dbt init', 'target_path': 'None', 'static_parser': 'True', 'send_anonymous_usage_stats': 'True'}
[0m08:16:20.658621 [debug] [MainThread]: Starter project path: /Users/hossamtabana/Library/Mobile Documents/com~apple~CloudDocs/Hossam_files/01_Developer/00_Vscode_2/08_DBT/01_DBT_Workspace/dbt_venv/lib/python3.11/site-packages/dbt/include/starter_project
[0m08:16:20.665068 [info ] [MainThread]: 
Your new dbt project "ib_my_proj" was created!

For more information on how to configure the profiles.yml file,
please consult the dbt documentation here:

  https://docs.getdbt.com/docs/configure-your-profile

One more thing:

Need help? Don't hesitate to reach out to us via GitHub issues or on Slack:

  https://community.getdbt.com/

Happy modeling!

[0m08:16:20.665501 [info ] [MainThread]: Setting up your profile.
[0m08:20:07.452855 [info ] [MainThread]: Profile ib_my_proj written to /Users/hossamtabana/.dbt/profiles.yml using target's profile_template.yml and your supplied values. Run 'dbt debug' to validate the connection.
[0m08:20:07.454985 [debug] [MainThread]: Command `dbt init` succeeded at 08:20:07.454663 after 238.00 seconds
[0m08:20:07.455589 [debug] [MainThread]: Sending event: {'category': 'dbt', 'action': 'invocation', 'label': 'end', 'context': [<snowplow_tracker.self_describing_json.SelfDescribingJson object at 0x109f6c910>, <snowplow_tracker.self_describing_json.SelfDescribingJson object at 0x1096aa350>, <snowplow_tracker.self_describing_json.SelfDescribingJson object at 0x109ae5e50>]}
[0m08:20:07.456108 [debug] [MainThread]: Flushing usage events
[0m08:20:17.891282 [debug] [MainThread]: Sending event: {'category': 'dbt', 'action': 'invocation', 'label': 'start', 'context': [<snowplow_tracker.self_describing_json.SelfDescribingJson object at 0x1137c5750>, <snowplow_tracker.self_describing_json.SelfDescribingJson object at 0x113b78a50>, <snowplow_tracker.self_describing_json.SelfDescribingJson object at 0x113b1e150>]}


============================== 08:20:17.894424 | bd285f63-6f17-44ef-b268-f15d757194b8 ==============================
[0m08:20:17.894424 [info ] [MainThread]: Running with dbt=1.6.5
[0m08:20:17.894799 [debug] [MainThread]: running dbt with arguments {'printer_width': '80', 'indirect_selection': 'eager', 'write_json': 'True', 'log_cache_events': 'False', 'partial_parse': 'True', 'cache_selected_only': 'False', 'profiles_dir': '/Users/hossamtabana/.dbt', 'fail_fast': 'False', 'debug': 'False', 'log_path': 'logs', 'version_check': 'True', 'warn_error': 'None', 'use_colors': 'True', 'use_experimental_parser': 'False', 'no_print': 'None', 'quiet': 'False', 'warn_error_options': 'WarnErrorOptions(include=[], exclude=[])', 'introspect': 'True', 'invocation_command': 'dbt debug', 'log_format': 'default', 'target_path': 'None', 'static_parser': 'True', 'send_anonymous_usage_stats': 'True'}
[0m08:20:17.895180 [info ] [MainThread]: dbt version: 1.6.5
[0m08:20:17.895379 [info ] [MainThread]: python version: 3.11.4
[0m08:20:17.895563 [info ] [MainThread]: python path: /Users/hossamtabana/Library/Mobile Documents/com~apple~CloudDocs/Hossam_files/01_Developer/00_Vscode_2/08_DBT/01_DBT_Workspace/dbt_venv/bin/python3.11
[0m08:20:17.895742 [info ] [MainThread]: os info: macOS-14.0-arm64-arm-64bit
[0m08:20:18.067512 [info ] [MainThread]: Using profiles dir at /Users/hossamtabana/.dbt
[0m08:20:18.067815 [info ] [MainThread]: Using profiles.yml file at /Users/hossamtabana/.dbt/profiles.yml
[0m08:20:18.067996 [info ] [MainThread]: Using dbt_project.yml file at /Users/hossamtabana/Library/Mobile Documents/com~apple~CloudDocs/Hossam_files/01_Developer/00_Vscode_2/08_DBT/01_DBT_Workspace/dbt_project.yml
[0m08:20:18.068220 [error] [MainThread]: Encountered an error:
Internal Error
  Profile should not be None if loading profile completed
[0m08:20:18.068540 [debug] [MainThread]: Command `dbt debug` failed at 08:20:18.068477 after 0.19 seconds
[0m08:20:18.068757 [debug] [MainThread]: Sending event: {'category': 'dbt', 'action': 'invocation', 'label': 'end', 'context': [<snowplow_tracker.self_describing_json.SelfDescribingJson object at 0x114066c10>, <snowplow_tracker.self_describing_json.SelfDescribingJson object at 0x114067e50>, <snowplow_tracker.self_describing_json.SelfDescribingJson object at 0x114066050>]}
[0m08:20:18.068994 [debug] [MainThread]: Flushing usage events
